#
# There is insufficient memory for the Java Runtime Environment to continue.
# Native memory allocation (malloc) failed to allocate 1790464 bytes for Chunk::new
# Possible reasons:
#   The system is out of physical RAM or swap space
#   The process is running with CompressedOops enabled, and the Java Heap may be blocking the growth of the native heap
# Possible solutions:
#   Reduce memory load on the system
#   Increase physical memory or swap space
#   Check if swap backing store is full
#   Decrease Java heap size (-Xmx/-Xms)
#   Decrease number of Java threads
#   Decrease Java thread stack sizes (-Xss)
#   Set larger code cache with -XX:ReservedCodeCacheSize=
#   JVM is running with Unscaled Compressed Oops mode in which the Java heap is
#     placed in the first 4GB address space. The Java Heap base address is the
#     maximum limit for the native heap growth. Please use -XX:HeapBaseMinAddress
#     to set the Java Heap base and to place the Java Heap above 4GB virtual address.
# This output file may be truncated or incomplete.
#
#  Out of Memory Error (arena.cpp:189), pid=16844, tid=21608
#
# JRE version: OpenJDK Runtime Environment (17.0.6) (build 17.0.6+0-b2043.56-10027231)
# Java VM: OpenJDK 64-Bit Server VM (17.0.6+0-b2043.56-10027231, mixed mode, tiered, compressed oops, compressed class ptrs, g1 gc, windows-amd64)
# No core dump will be written. Minidumps are not enabled by default on client versions of Windows
#

---------------  S U M M A R Y ------------

Command Line: --add-opens=java.base/java.util.concurrent.atomic=ALL-UNNAMED --add-opens=java.base/java.util=ALL-UNNAMED --add-opens=java.base/java.lang=ALL-UNNAMED --add-opens=java.base/java.lang.invoke=ALL-UNNAMED --add-opens=java.prefs/java.util.prefs=ALL-UNNAMED --add-opens=java.base/java.nio.charset=ALL-UNNAMED --add-opens=java.base/java.net=ALL-UNNAMED --add-opens=java.base/java.util.concurrent.atomic=ALL-UNNAMED -Xmx2048m -Dfile.encoding=UTF-8 -Duser.country=US -Duser.language=en -Duser.variant org.gradle.launcher.daemon.bootstrap.GradleDaemon 8.0

Host: AMD Ryzen 3 5300U with Radeon Graphics         , 8 cores, 7G,  Windows 11 , 64 bit Build 22621 (10.0.22621.3235)
Time: Mon Mar 25 12:10:04 2024 W. Central Africa Standard Time elapsed time: 18.763142 seconds (0d 0h 0m 18s)

---------------  T H R E A D  ---------------

Current thread (0x000001b57cc701a0):  JavaThread "C2 CompilerThread0" daemon [_thread_in_native, id=21608, stack(0x0000003000000000,0x0000003000100000)]


Current CompileTask:
C2:  18763 9163   !   4       java.net.URLClassLoader$1::run (81 bytes)

Stack: [0x0000003000000000,0x0000003000100000]
Native frames: (J=compiled Java code, j=interpreted, Vv=VM code, C=native code)
V  [jvm.dll+0x683c9a]
V  [jvm.dll+0x8427a4]
V  [jvm.dll+0x843f9e]
V  [jvm.dll+0x844603]
V  [jvm.dll+0x249b75]
V  [jvm.dll+0xabcac]
V  [jvm.dll+0xac27c]
V  [jvm.dll+0x368857]
V  [jvm.dll+0x1bced2]
V  [jvm.dll+0x21c359]
V  [jvm.dll+0x21b621]
V  [jvm.dll+0x1a4fdd]
V  [jvm.dll+0x22b098]
V  [jvm.dll+0x229159]
V  [jvm.dll+0x7f81ec]
V  [jvm.dll+0x7f274a]
V  [jvm.dll+0x682ad5]
C  [ucrtbase.dll+0x29363]
C  [KERNEL32.DLL+0x1257d]
C  [ntdll.dll+0x5aa58]


---------------  P R O C E S S  ---------------

Threads class SMR info:
_java_thread_list=0x000001b505f074e0, length=126, elements={
0x000001b562362870, 0x000001b57c089ef0, 0x000001b57cc17ee0, 0x000001b57cc5e2a0,
0x000001b57cc5ed60, 0x000001b57cc5f910, 0x000001b57cc622d0, 0x000001b57cc701a0,
0x000001b57cc71b60, 0x000001b57cc74880, 0x000001b57cdfede0, 0x000001b57ce16960,
0x000001b57e3698a0, 0x000001b57e2aa190, 0x000001b57e5f9350, 0x000001b57e52a910,
0x000001b57df8f930, 0x000001b57e42cbc0, 0x000001b57f215010, 0x000001b57e79ea20,
0x000001b57e7a10a0, 0x000001b57e7a0230, 0x000001b57e79eef0, 0x000001b57e79f3c0,
0x000001b57e7a0bd0, 0x000001b57e7a1a40, 0x000001b57e79e080, 0x000001b57e79f890,
0x000001b57e79e550, 0x000001b57e79fd60, 0x000001b57e7a0700, 0x000001b57f52b2c0,
0x000001b57f527dd0, 0x000001b57f529f80, 0x000001b57f52adf0, 0x000001b57f52b790,
0x000001b57f5248e0, 0x000001b57f528770, 0x000001b57f524410, 0x000001b57f525750,
0x000001b57f5265c0, 0x000001b57f526a90, 0x000001b57f5282a0, 0x000001b57f529110,
0x000001b57d305430, 0x000001b57d3040f0, 0x000001b57d307110, 0x000001b57d307ab0,
0x000001b57d3010d0, 0x000001b57d303750, 0x000001b57d300730, 0x000001b57d306770,
0x000001b57d3045c0, 0x000001b57d302410, 0x000001b57d3075e0, 0x000001b57d306c40,
0x000001b57d3015a0, 0x000001b57d302db0, 0x000001b57d300260, 0x000001b57d303c20,
0x000001b57d301a70, 0x000001b57d304a90, 0x000001b57d301f40, 0x000001b57d3028e0,
0x000001b57d305900, 0x000001b57d304f60, 0x000001b57d3062a0, 0x000001b57d305dd0,
0x000001b57d300c00, 0x000001b57d303280, 0x000001b57f764950, 0x000001b57f765c90,
0x000001b57f766b00, 0x000001b57f7674a0, 0x000001b57f769180, 0x000001b57f763ae0,
0x000001b57f766630, 0x000001b57f769650, 0x000001b57f767970, 0x000001b57f766fd0,
0x000001b57f7627a0, 0x000001b57f769b20, 0x000001b57f769ff0, 0x000001b57f762c70,
0x000001b57f763fb0, 0x000001b57f764480, 0x000001b57f767e40, 0x000001b57f768310,
0x000001b57f7687e0, 0x000001b57f763140, 0x000001b57f763610, 0x000001b57f7657c0,
0x000001b57f766160, 0x000001b57f764e20, 0x000001b57f7652f0, 0x000001b57f768cb0,
0x000001b57faaaff0, 0x000001b57faa84a0, 0x000001b57faab4c0, 0x000001b57faae010,
0x000001b57faae4e0, 0x000001b57faac330, 0x000001b57faac800, 0x000001b57faaa650,
0x000001b57faad670, 0x000001b57faaccd0, 0x000001b57faa8e40, 0x000001b57faa7fd0,
0x000001b57faa97e0, 0x000001b57faa6c90, 0x000001b57faa7160, 0x000001b57faa7630,
0x000001b57faa9310, 0x000001b57faa7b00, 0x000001b57faad1a0, 0x000001b57faaab20,
0x000001b57faaa180, 0x000001b57faadb40, 0x000001b57faa9cb0, 0x000001b57faa8970,
0x000001b57faab990, 0x000001b57faabe60, 0x000001b503c73a20, 0x000001b503c73ef0,
0x000001b503c73080, 0x000001b50467e3f0
}

Java Threads: ( => current thread )
  0x000001b562362870 JavaThread "main" [_thread_blocked, id=2032, stack(0x000000307f300000,0x000000307f400000)]
  0x000001b57c089ef0 JavaThread "Reference Handler" daemon [_thread_blocked, id=11140, stack(0x000000307fa00000,0x000000307fb00000)]
  0x000001b57cc17ee0 JavaThread "Finalizer" daemon [_thread_blocked, id=18152, stack(0x000000307fb00000,0x000000307fc00000)]
  0x000001b57cc5e2a0 JavaThread "Signal Dispatcher" daemon [_thread_blocked, id=14060, stack(0x000000307fc00000,0x000000307fd00000)]
  0x000001b57cc5ed60 JavaThread "Attach Listener" daemon [_thread_blocked, id=22384, stack(0x000000307fd00000,0x000000307fe00000)]
  0x000001b57cc5f910 JavaThread "Service Thread" daemon [_thread_blocked, id=11924, stack(0x000000307fe00000,0x000000307ff00000)]
  0x000001b57cc622d0 JavaThread "Monitor Deflation Thread" daemon [_thread_blocked, id=18544, stack(0x000000307ff00000,0x0000003080000000)]
=>0x000001b57cc701a0 JavaThread "C2 CompilerThread0" daemon [_thread_in_native, id=21608, stack(0x0000003000000000,0x0000003000100000)]
  0x000001b57cc71b60 JavaThread "C1 CompilerThread0" daemon [_thread_blocked, id=13976, stack(0x0000003000100000,0x0000003000200000)]
  0x000001b57cc74880 JavaThread "Sweeper thread" daemon [_thread_blocked, id=6768, stack(0x0000003000200000,0x0000003000300000)]
  0x000001b57cdfede0 JavaThread "Common-Cleaner" daemon [_thread_blocked, id=21960, stack(0x0000003000300000,0x0000003000400000)]
  0x000001b57ce16960 JavaThread "Notification Thread" daemon [_thread_blocked, id=21160, stack(0x0000003000400000,0x0000003000500000)]
  0x000001b57e3698a0 JavaThread "Daemon health stats" [_thread_blocked, id=3828, stack(0x0000003000a00000,0x0000003000b00000)]
  0x000001b57e2aa190 JavaThread "Incoming local TCP Connector on port 52088" [_thread_in_native, id=2456, stack(0x0000003000b00000,0x0000003000c00000)]
  0x000001b57e5f9350 JavaThread "Daemon periodic checks" [_thread_blocked, id=12152, stack(0x0000003000c00000,0x0000003000d00000)]
  0x000001b57e52a910 JavaThread "Daemon" [_thread_blocked, id=18260, stack(0x0000003000d00000,0x0000003000e00000)]
  0x000001b57df8f930 JavaThread "Handler for socket connection from /127.0.0.1:52088 to /127.0.0.1:52089" [_thread_in_native, id=4224, stack(0x0000003000e00000,0x0000003000f00000)]
  0x000001b57e42cbc0 JavaThread "Cancel handler" [_thread_blocked, id=4284, stack(0x0000003000f00000,0x0000003001000000)]
  0x000001b57f215010 JavaThread "Daemon worker" [_thread_in_vm, id=19036, stack(0x0000003001000000,0x0000003001100000)]
  0x000001b57e79ea20 JavaThread "Asynchronous log dispatcher for DefaultDaemonConnection: socket connection from /127.0.0.1:52088 to /127.0.0.1:52089" [_thread_blocked, id=5032, stack(0x0000003001100000,0x0000003001200000)]
  0x000001b57e7a10a0 JavaThread "Stdin handler" [_thread_blocked, id=7328, stack(0x0000003001200000,0x0000003001300000)]
  0x000001b57e7a0230 JavaThread "Daemon client event forwarder" [_thread_blocked, id=21984, stack(0x0000003001300000,0x0000003001400000)]
  0x000001b57e79eef0 JavaThread "Cache worker for journal cache (C:\Users\23480\.gradle\caches\journal-1)" [_thread_blocked, id=9400, stack(0x0000003001800000,0x0000003001900000)]
  0x000001b57e79f3c0 JavaThread "File lock request listener" [_thread_in_native, id=11028, stack(0x0000003001900000,0x0000003001a00000)]
  0x000001b57e7a0bd0 JavaThread "Cache worker for file hash cache (C:\Users\23480\.gradle\caches\8.0\fileHashes)" [_thread_blocked, id=19120, stack(0x0000003001a00000,0x0000003001b00000)]
  0x000001b57e7a1a40 JavaThread "File watcher server" daemon [_thread_in_native, id=7780, stack(0x0000003001b00000,0x0000003001c00000)]
  0x000001b57e79e080 JavaThread "File watcher consumer" daemon [_thread_blocked, id=6140, stack(0x0000003001c00000,0x0000003001d00000)]
  0x000001b57e79f890 JavaThread "jar transforms" [_thread_blocked, id=17548, stack(0x0000003001d00000,0x0000003001e00000)]
  0x000001b57e79e550 JavaThread "jar transforms Thread 2" [_thread_blocked, id=12800, stack(0x0000003001e00000,0x0000003001f00000)]
  0x000001b57e79fd60 JavaThread "jar transforms Thread 3" [_thread_blocked, id=1932, stack(0x0000003001f00000,0x0000003002000000)]
  0x000001b57e7a0700 JavaThread "jar transforms Thread 4" [_thread_blocked, id=18456, stack(0x0000003002000000,0x0000003002100000)]
  0x000001b57f52b2c0 JavaThread "jar transforms Thread 5" [_thread_blocked, id=712, stack(0x0000003002100000,0x0000003002200000)]
  0x000001b57f527dd0 JavaThread "jar transforms Thread 6" [_thread_blocked, id=12280, stack(0x0000003002200000,0x0000003002300000)]
  0x000001b57f529f80 JavaThread "jar transforms Thread 7" [_thread_blocked, id=19008, stack(0x0000003002300000,0x0000003002400000)]
  0x000001b57f52adf0 JavaThread "jar transforms Thread 8" [_thread_blocked, id=2660, stack(0x0000003002400000,0x0000003002500000)]
  0x000001b57f52b790 JavaThread "Cache worker for checksums cache (C:\Users\23480\Documents\androidproject\TaskApp\.gradle\8.0\checksums)" [_thread_blocked, id=4328, stack(0x0000003002500000,0x0000003002600000)]
  0x000001b57f5248e0 JavaThread "Cache worker for cache directory md-rule (C:\Users\23480\.gradle\caches\8.0\md-rule)" [_thread_blocked, id=21656, stack(0x0000003002600000,0x0000003002700000)]
  0x000001b57f528770 JavaThread "Cache worker for file content cache (C:\Users\23480\.gradle\caches\8.0\fileContent)" [_thread_blocked, id=5704, stack(0x0000003002700000,0x0000003002800000)]
  0x000001b57f524410 JavaThread "Cache worker for file hash cache (C:\Users\23480\Documents\androidproject\TaskApp\.gradle\8.0\fileHashes)" [_thread_blocked, id=9056, stack(0x0000003002800000,0x0000003002900000)]
  0x000001b57f525750 JavaThread "Cache worker for cache directory md-supplier (C:\Users\23480\.gradle\caches\8.0\md-supplier)" [_thread_blocked, id=8784, stack(0x0000003002900000,0x0000003002a00000)]
  0x000001b57f5265c0 JavaThread "Cache worker for execution history cache (C:\Users\23480\.gradle\caches\8.0\executionHistory)" [_thread_blocked, id=4456, stack(0x0000003002a00000,0x0000003002b00000)]
  0x000001b57f526a90 JavaThread "Cache worker for kotlin-dsl (C:\Users\23480\.gradle\caches\8.0\kotlin-dsl)" [_thread_blocked, id=22232, stack(0x0000003002b00000,0x0000003002c00000)]
  0x000001b57f5282a0 JavaThread "Cache worker for dependencies-accessors (C:\Users\23480\Documents\androidproject\TaskApp\.gradle\8.0\dependencies-accessors)" [_thread_blocked, id=2748, stack(0x0000003002c00000,0x0000003002d00000)]
  0x000001b57f529110 JavaThread "Cache worker for Build Output Cleanup Cache (C:\Users\23480\Documents\androidproject\TaskApp\.gradle\buildOutputCleanup)" [_thread_blocked, id=11424, stack(0x0000003002d00000,0x0000003002e00000)]
  0x000001b57d305430 JavaThread "Unconstrained build operations" [_thread_blocked, id=8492, stack(0x0000003002f00000,0x0000003003000000)]
  0x000001b57d3040f0 JavaThread "Unconstrained build operations Thread 2" [_thread_blocked, id=19900, stack(0x0000003003000000,0x0000003003100000)]
  0x000001b57d307110 JavaThread "Unconstrained build operations Thread 3" [_thread_blocked, id=19892, stack(0x0000003003100000,0x0000003003200000)]
  0x000001b57d307ab0 JavaThread "Unconstrained build operations Thread 4" [_thread_blocked, id=8896, stack(0x0000003003200000,0x0000003003300000)]
  0x000001b57d3010d0 JavaThread "Unconstrained build operations Thread 5" [_thread_blocked, id=11000, stack(0x0000003003300000,0x0000003003400000)]
  0x000001b57d303750 JavaThread "Unconstrained build operations Thread 6" [_thread_blocked, id=8456, stack(0x0000003003400000,0x0000003003500000)]
  0x000001b57d300730 JavaThread "Unconstrained build operations Thread 7" [_thread_blocked, id=11092, stack(0x0000003003500000,0x0000003003600000)]
  0x000001b57d306770 JavaThread "Unconstrained build operations Thread 8" [_thread_blocked, id=10312, stack(0x0000003003600000,0x0000003003700000)]
  0x000001b57d3045c0 JavaThread "Unconstrained build operations Thread 9" [_thread_blocked, id=16364, stack(0x0000003003700000,0x0000003003800000)]
  0x000001b57d302410 JavaThread "Unconstrained build operations Thread 10" [_thread_blocked, id=15520, stack(0x0000003003800000,0x0000003003900000)]
  0x000001b57d3075e0 JavaThread "Unconstrained build operations Thread 11" [_thread_blocked, id=21808, stack(0x0000003003900000,0x0000003003a00000)]
  0x000001b57d306c40 JavaThread "Unconstrained build operations Thread 12" [_thread_blocked, id=8840, stack(0x0000003003a00000,0x0000003003b00000)]
  0x000001b57d3015a0 JavaThread "Unconstrained build operations Thread 13" [_thread_blocked, id=14312, stack(0x0000003003b00000,0x0000003003c00000)]
  0x000001b57d302db0 JavaThread "Unconstrained build operations Thread 14" [_thread_blocked, id=2668, stack(0x0000003003c00000,0x0000003003d00000)]
  0x000001b57d300260 JavaThread "Unconstrained build operations Thread 15" [_thread_blocked, id=18000, stack(0x0000003003d00000,0x0000003003e00000)]
  0x000001b57d303c20 JavaThread "Unconstrained build operations Thread 16" [_thread_blocked, id=1688, stack(0x0000003003e00000,0x0000003003f00000)]
  0x000001b57d301a70 JavaThread "Unconstrained build operations Thread 17" [_thread_blocked, id=2520, stack(0x0000003003f00000,0x0000003004000000)]
  0x000001b57d304a90 JavaThread "Unconstrained build operations Thread 18" [_thread_blocked, id=20724, stack(0x0000003004000000,0x0000003004100000)]
  0x000001b57d301f40 JavaThread "Unconstrained build operations Thread 19" [_thread_blocked, id=15852, stack(0x0000003004100000,0x0000003004200000)]
  0x000001b57d3028e0 JavaThread "Unconstrained build operations Thread 20" [_thread_blocked, id=12896, stack(0x0000003004200000,0x0000003004300000)]
  0x000001b57d305900 JavaThread "Unconstrained build operations Thread 21" [_thread_blocked, id=1036, stack(0x0000003004300000,0x0000003004400000)]
  0x000001b57d304f60 JavaThread "Unconstrained build operations Thread 22" [_thread_blocked, id=12100, stack(0x0000003004400000,0x0000003004500000)]
  0x000001b57d3062a0 JavaThread "Unconstrained build operations Thread 23" [_thread_blocked, id=15828, stack(0x0000003004500000,0x0000003004600000)]
  0x000001b57d305dd0 JavaThread "Unconstrained build operations Thread 24" [_thread_blocked, id=20996, stack(0x0000003004600000,0x0000003004700000)]
  0x000001b57d300c00 JavaThread "Unconstrained build operations Thread 25" [_thread_blocked, id=2856, stack(0x0000003004700000,0x0000003004800000)]
  0x000001b57d303280 JavaThread "Unconstrained build operations Thread 26" [_thread_blocked, id=16232, stack(0x0000003004800000,0x0000003004900000)]
  0x000001b57f764950 JavaThread "Unconstrained build operations Thread 27" [_thread_blocked, id=21892, stack(0x0000003004900000,0x0000003004a00000)]
  0x000001b57f765c90 JavaThread "Unconstrained build operations Thread 28" [_thread_blocked, id=13444, stack(0x0000003004a00000,0x0000003004b00000)]
  0x000001b57f766b00 JavaThread "Unconstrained build operations Thread 29" [_thread_blocked, id=17520, stack(0x0000003004b00000,0x0000003004c00000)]
  0x000001b57f7674a0 JavaThread "Unconstrained build operations Thread 30" [_thread_blocked, id=20904, stack(0x0000003004c00000,0x0000003004d00000)]
  0x000001b57f769180 JavaThread "Unconstrained build operations Thread 31" [_thread_blocked, id=3824, stack(0x0000003004d00000,0x0000003004e00000)]
  0x000001b57f763ae0 JavaThread "Unconstrained build operations Thread 32" [_thread_blocked, id=16336, stack(0x0000003004e00000,0x0000003004f00000)]
  0x000001b57f766630 JavaThread "Unconstrained build operations Thread 33" [_thread_blocked, id=13692, stack(0x0000003004f00000,0x0000003005000000)]
  0x000001b57f769650 JavaThread "Unconstrained build operations Thread 34" [_thread_blocked, id=4172, stack(0x0000003005000000,0x0000003005100000)]
  0x000001b57f767970 JavaThread "Unconstrained build operations Thread 35" [_thread_blocked, id=12936, stack(0x0000003005100000,0x0000003005200000)]
  0x000001b57f766fd0 JavaThread "Unconstrained build operations Thread 36" [_thread_blocked, id=1904, stack(0x0000003005200000,0x0000003005300000)]
  0x000001b57f7627a0 JavaThread "Unconstrained build operations Thread 37" [_thread_blocked, id=8272, stack(0x0000003005300000,0x0000003005400000)]
  0x000001b57f769b20 JavaThread "Unconstrained build operations Thread 38" [_thread_blocked, id=12756, stack(0x0000003005400000,0x0000003005500000)]
  0x000001b57f769ff0 JavaThread "Unconstrained build operations Thread 39" [_thread_blocked, id=14584, stack(0x0000003005500000,0x0000003005600000)]
  0x000001b57f762c70 JavaThread "Unconstrained build operations Thread 40" [_thread_blocked, id=19292, stack(0x0000003005600000,0x0000003005700000)]
  0x000001b57f763fb0 JavaThread "Unconstrained build operations Thread 41" [_thread_blocked, id=1848, stack(0x0000003005700000,0x0000003005800000)]
  0x000001b57f764480 JavaThread "Unconstrained build operations Thread 42" [_thread_blocked, id=14304, stack(0x0000003005800000,0x0000003005900000)]
  0x000001b57f767e40 JavaThread "Unconstrained build operations Thread 43" [_thread_blocked, id=20248, stack(0x0000003005900000,0x0000003005a00000)]
  0x000001b57f768310 JavaThread "Unconstrained build operations Thread 44" [_thread_blocked, id=524, stack(0x0000003005a00000,0x0000003005b00000)]
  0x000001b57f7687e0 JavaThread "Unconstrained build operations Thread 45" [_thread_blocked, id=19588, stack(0x0000003005b00000,0x0000003005c00000)]
  0x000001b57f763140 JavaThread "Unconstrained build operations Thread 46" [_thread_blocked, id=1320, stack(0x0000003005c00000,0x0000003005d00000)]
  0x000001b57f763610 JavaThread "Unconstrained build operations Thread 47" [_thread_blocked, id=6732, stack(0x0000003005d00000,0x0000003005e00000)]
  0x000001b57f7657c0 JavaThread "Unconstrained build operations Thread 48" [_thread_blocked, id=10008, stack(0x0000003005e00000,0x0000003005f00000)]
  0x000001b57f766160 JavaThread "Unconstrained build operations Thread 49" [_thread_blocked, id=12140, stack(0x0000003005f00000,0x0000003006000000)]
  0x000001b57f764e20 JavaThread "Unconstrained build operations Thread 50" [_thread_blocked, id=17136, stack(0x0000003006000000,0x0000003006100000)]
  0x000001b57f7652f0 JavaThread "Unconstrained build operations Thread 51" [_thread_blocked, id=3628, stack(0x0000003006100000,0x0000003006200000)]
  0x000001b57f768cb0 JavaThread "Unconstrained build operations Thread 52" [_thread_blocked, id=4352, stack(0x0000003006200000,0x0000003006300000)]
  0x000001b57faaaff0 JavaThread "Unconstrained build operations Thread 53" [_thread_blocked, id=6868, stack(0x0000003006300000,0x0000003006400000)]
  0x000001b57faa84a0 JavaThread "Unconstrained build operations Thread 54" [_thread_blocked, id=7172, stack(0x0000003006400000,0x0000003006500000)]
  0x000001b57faab4c0 JavaThread "Unconstrained build operations Thread 55" [_thread_blocked, id=3760, stack(0x0000003006500000,0x0000003006600000)]
  0x000001b57faae010 JavaThread "Unconstrained build operations Thread 56" [_thread_blocked, id=19012, stack(0x0000003006600000,0x0000003006700000)]
  0x000001b57faae4e0 JavaThread "Unconstrained build operations Thread 57" [_thread_blocked, id=4964, stack(0x0000003006700000,0x0000003006800000)]
  0x000001b57faac330 JavaThread "Unconstrained build operations Thread 58" [_thread_blocked, id=21520, stack(0x0000003006800000,0x0000003006900000)]
  0x000001b57faac800 JavaThread "Unconstrained build operations Thread 59" [_thread_blocked, id=17888, stack(0x0000003006900000,0x0000003006a00000)]
  0x000001b57faaa650 JavaThread "Unconstrained build operations Thread 60" [_thread_blocked, id=5812, stack(0x0000003006a00000,0x0000003006b00000)]
  0x000001b57faad670 JavaThread "Unconstrained build operations Thread 61" [_thread_blocked, id=15396, stack(0x0000003006b00000,0x0000003006c00000)]
  0x000001b57faaccd0 JavaThread "Unconstrained build operations Thread 62" [_thread_blocked, id=19016, stack(0x0000003006c00000,0x0000003006d00000)]
  0x000001b57faa8e40 JavaThread "Unconstrained build operations Thread 63" [_thread_blocked, id=536, stack(0x0000003006d00000,0x0000003006e00000)]
  0x000001b57faa7fd0 JavaThread "Unconstrained build operations Thread 64" [_thread_blocked, id=16264, stack(0x0000003006e00000,0x0000003006f00000)]
  0x000001b57faa97e0 JavaThread "Unconstrained build operations Thread 65" [_thread_blocked, id=8588, stack(0x0000003006f00000,0x0000003007000000)]
  0x000001b57faa6c90 JavaThread "Unconstrained build operations Thread 66" [_thread_blocked, id=20160, stack(0x0000003007000000,0x0000003007100000)]
  0x000001b57faa7160 JavaThread "Unconstrained build operations Thread 67" [_thread_blocked, id=4972, stack(0x0000003007100000,0x0000003007200000)]
  0x000001b57faa7630 JavaThread "Unconstrained build operations Thread 68" [_thread_blocked, id=4052, stack(0x0000003007200000,0x0000003007300000)]
  0x000001b57faa9310 JavaThread "Unconstrained build operations Thread 69" [_thread_blocked, id=18564, stack(0x0000003007400000,0x0000003007500000)]
  0x000001b57faa7b00 JavaThread "Unconstrained build operations Thread 70" [_thread_blocked, id=20360, stack(0x0000003007500000,0x0000003007600000)]
  0x000001b57faad1a0 JavaThread "Unconstrained build operations Thread 71" [_thread_blocked, id=16748, stack(0x0000003007600000,0x0000003007700000)]
  0x000001b57faaab20 JavaThread "Unconstrained build operations Thread 72" [_thread_blocked, id=2268, stack(0x0000003007700000,0x0000003007800000)]
  0x000001b57faaa180 JavaThread "Unconstrained build operations Thread 73" [_thread_blocked, id=12700, stack(0x0000003007800000,0x0000003007900000)]
  0x000001b57faadb40 JavaThread "Unconstrained build operations Thread 74" [_thread_blocked, id=21008, stack(0x0000003007900000,0x0000003007a00000)]
  0x000001b57faa9cb0 JavaThread "Unconstrained build operations Thread 75" [_thread_blocked, id=21980, stack(0x0000003007a00000,0x0000003007b00000)]
  0x000001b57faa8970 JavaThread "Unconstrained build operations Thread 76" [_thread_blocked, id=13584, stack(0x0000003007b00000,0x0000003007c00000)]
  0x000001b57faab990 JavaThread "Unconstrained build operations Thread 77" [_thread_blocked, id=6736, stack(0x0000003007c00000,0x0000003007d00000)]
  0x000001b57faabe60 JavaThread "Unconstrained build operations Thread 78" [_thread_blocked, id=3892, stack(0x0000003007d00000,0x0000003007e00000)]
  0x000001b503c73a20 JavaThread "Unconstrained build operations Thread 79" [_thread_blocked, id=9332, stack(0x0000003007e00000,0x0000003007f00000)]
  0x000001b503c73ef0 JavaThread "Unconstrained build operations Thread 80" [_thread_blocked, id=22228, stack(0x0000003007f00000,0x0000003008000000)]
  0x000001b503c73080 JavaThread "Memory manager" [_thread_blocked, id=15692, stack(0x0000003008000000,0x0000003008100000)]
  0x000001b50467e3f0 JavaThread "pool-3-thread-1" [_thread_blocked, id=4676, stack(0x0000003007300000,0x0000003007400000)]

Other Threads:
  0x000001b57c089770 VMThread "VM Thread" [stack: 0x000000307f900000,0x000000307fa00000] [id=4752]
  0x000001b57ce1c690 WatcherThread [stack: 0x0000003000500000,0x0000003000600000] [id=10808]
  0x000001b5623c1350 GCTaskThread "GC Thread#0" [stack: 0x000000307f400000,0x000000307f500000] [id=11508]
  0x000001b57d357500 GCTaskThread "GC Thread#1" [stack: 0x0000003000600000,0x0000003000700000] [id=3956]
  0x000001b57dae2e10 GCTaskThread "GC Thread#2" [stack: 0x0000003000700000,0x0000003000800000] [id=856]
  0x000001b57dae74d0 GCTaskThread "GC Thread#3" [stack: 0x0000003000800000,0x0000003000900000] [id=1252]
  0x000001b57dad8030 GCTaskThread "GC Thread#4" [stack: 0x0000003000900000,0x0000003000a00000] [id=14148]
  0x000001b57e4fa1d0 GCTaskThread "GC Thread#5" [stack: 0x0000003001400000,0x0000003001500000] [id=18400]
  0x000001b57e4faf40 GCTaskThread "GC Thread#6" [stack: 0x0000003001500000,0x0000003001600000] [id=13128]
  0x000001b57e4fa9e0 GCTaskThread "GC Thread#7" [stack: 0x0000003001600000,0x0000003001700000] [id=16340]
  0x000001b5623d2290 ConcurrentGCThread "G1 Main Marker" [stack: 0x000000307f500000,0x000000307f600000] [id=14124]
  0x000001b5623d2ca0 ConcurrentGCThread "G1 Conc#0" [stack: 0x000000307f600000,0x000000307f700000] [id=2952]
  0x000001b57e4fb4a0 ConcurrentGCThread "G1 Conc#1" [stack: 0x0000003001700000,0x0000003001800000] [id=1808]
  0x000001b57bf34870 ConcurrentGCThread "G1 Refine#0" [stack: 0x000000307f700000,0x000000307f800000] [id=11208]
  0x000001b57bf35290 ConcurrentGCThread "G1 Service" [stack: 0x000000307f800000,0x000000307f900000] [id=18768]

Threads with active compile tasks:
C2 CompilerThread0    18812 9163   !   4       java.net.URLClassLoader$1::run (81 bytes)

VM state: not at safepoint (normal execution)

VM Mutex/Monitor currently owned by a thread: None

Heap address: 0x0000000080000000, size: 2048 MB, Compressed Oops mode: 32-bit

CDS archive(s) not mapped
Compressed class space mapped at: 0x0000000100000000-0x0000000140000000, reserved size: 1073741824
Narrow klass base: 0x0000000000000000, Narrow klass shift: 3, Narrow klass range: 0x140000000

GC Precious Log:
 CPUs: 8 total, 8 available
 Memory: 7502M
 Large Page Support: Disabled
 NUMA Support: Disabled
 Compressed Oops: Enabled (32-bit)
 Heap Region Size: 1M
 Heap Min Capacity: 8M
 Heap Initial Capacity: 118M
 Heap Max Capacity: 2G
 Pre-touch: Disabled
 Parallel Workers: 8
 Concurrent Workers: 2
 Concurrent Refinement Workers: 8
 Periodic GC: Disabled

Heap:
 garbage-first heap   total 223232K, used 129958K [0x0000000080000000, 0x0000000100000000)
  region size 1024K, 40 young (40960K), 6 survivors (6144K)
 Metaspace       used 97507K, committed 98240K, reserved 1138688K
  class space    used 13078K, committed 13440K, reserved 1048576K

Heap Regions: E=young(eden), S=young(survivor), O=old, HS=humongous(starts), HC=humongous(continues), CS=collection set, F=free, OA=open archive, CA=closed archive, TAMS=top-at-mark-start (previous, next)
|   0|0x0000000080000000, 0x0000000080100000, 0x0000000080100000|100%|HS|  |TAMS 0x0000000080100000, 0x0000000080000000| Complete 
|   1|0x0000000080100000, 0x0000000080200000, 0x0000000080200000|100%|HC|  |TAMS 0x0000000080200000, 0x0000000080100000| Complete 
|   2|0x0000000080200000, 0x0000000080300000, 0x0000000080300000|100%|HC|  |TAMS 0x0000000080300000, 0x0000000080200000| Complete 
|   3|0x0000000080300000, 0x0000000080400000, 0x0000000080400000|100%|HC|  |TAMS 0x0000000080400000, 0x0000000080300000| Complete 
|   4|0x0000000080400000, 0x0000000080500000, 0x0000000080500000|100%| O|  |TAMS 0x0000000080500000, 0x0000000080400000| Untracked 
|   5|0x0000000080500000, 0x0000000080600000, 0x0000000080600000|100%| O|  |TAMS 0x0000000080600000, 0x0000000080500000| Untracked 
|   6|0x0000000080600000, 0x0000000080700000, 0x0000000080700000|100%| O|  |TAMS 0x0000000080700000, 0x0000000080600000| Untracked 
|   7|0x0000000080700000, 0x0000000080800000, 0x0000000080800000|100%| O|  |TAMS 0x0000000080800000, 0x0000000080700000| Untracked 
|   8|0x0000000080800000, 0x0000000080900000, 0x0000000080900000|100%| O|  |TAMS 0x0000000080900000, 0x0000000080800000| Untracked 
|   9|0x0000000080900000, 0x0000000080a00000, 0x0000000080a00000|100%| O|  |TAMS 0x0000000080a00000, 0x0000000080900000| Untracked 
|  10|0x0000000080a00000, 0x0000000080b00000, 0x0000000080b00000|100%| O|  |TAMS 0x0000000080b00000, 0x0000000080a00000| Untracked 
|  11|0x0000000080b00000, 0x0000000080c00000, 0x0000000080c00000|100%| O|  |TAMS 0x0000000080c00000, 0x0000000080b00000| Untracked 
|  12|0x0000000080c00000, 0x0000000080d00000, 0x0000000080d00000|100%| O|  |TAMS 0x0000000080d00000, 0x0000000080c00000| Untracked 
|  13|0x0000000080d00000, 0x0000000080e00000, 0x0000000080e00000|100%| O|  |TAMS 0x0000000080e00000, 0x0000000080d00000| Untracked 
|  14|0x0000000080e00000, 0x0000000080f00000, 0x0000000080f00000|100%| O|  |TAMS 0x0000000080f00000, 0x0000000080e00000| Untracked 
|  15|0x0000000080f00000, 0x0000000081000000, 0x0000000081000000|100%| O|  |TAMS 0x0000000081000000, 0x0000000080f00000| Untracked 
|  16|0x0000000081000000, 0x0000000081100000, 0x0000000081100000|100%| O|  |TAMS 0x0000000081100000, 0x0000000081000000| Untracked 
|  17|0x0000000081100000, 0x0000000081200000, 0x0000000081200000|100%| O|  |TAMS 0x0000000081200000, 0x0000000081100000| Untracked 
|  18|0x0000000081200000, 0x0000000081300000, 0x0000000081300000|100%| O|  |TAMS 0x0000000081300000, 0x0000000081200000| Untracked 
|  19|0x0000000081300000, 0x0000000081400000, 0x0000000081400000|100%| O|  |TAMS 0x0000000081400000, 0x0000000081300000| Untracked 
|  20|0x0000000081400000, 0x0000000081500000, 0x0000000081500000|100%|HS|  |TAMS 0x0000000081400000, 0x0000000081400000| Complete 
|  21|0x0000000081500000, 0x0000000081600000, 0x0000000081600000|100%|HS|  |TAMS 0x0000000081600000, 0x0000000081500000| Complete 
|  22|0x0000000081600000, 0x0000000081700000, 0x0000000081700000|100%|HC|  |TAMS 0x0000000081700000, 0x0000000081600000| Complete 
|  23|0x0000000081700000, 0x0000000081800000, 0x0000000081800000|100%|HS|  |TAMS 0x0000000081800000, 0x0000000081700000| Complete 
|  24|0x0000000081800000, 0x0000000081900000, 0x0000000081900000|100%|HC|  |TAMS 0x0000000081900000, 0x0000000081800000| Complete 
|  25|0x0000000081900000, 0x0000000081a00000, 0x0000000081a00000|100%|HC|  |TAMS 0x0000000081a00000, 0x0000000081900000| Complete 
|  26|0x0000000081a00000, 0x0000000081b00000, 0x0000000081b00000|100%|HS|  |TAMS 0x0000000081b00000, 0x0000000081a00000| Complete 
|  27|0x0000000081b00000, 0x0000000081c00000, 0x0000000081c00000|100%|HC|  |TAMS 0x0000000081c00000, 0x0000000081b00000| Complete 
|  28|0x0000000081c00000, 0x0000000081d00000, 0x0000000081d00000|100%|HC|  |TAMS 0x0000000081d00000, 0x0000000081c00000| Complete 
|  29|0x0000000081d00000, 0x0000000081e00000, 0x0000000081e00000|100%| O|  |TAMS 0x0000000081e00000, 0x0000000081d00000| Untracked 
|  30|0x0000000081e00000, 0x0000000081f00000, 0x0000000081f00000|100%| O|  |TAMS 0x0000000081f00000, 0x0000000081e00000| Untracked 
|  31|0x0000000081f00000, 0x0000000082000000, 0x0000000082000000|100%| O|  |TAMS 0x0000000082000000, 0x0000000081f00000| Untracked 
|  32|0x0000000082000000, 0x0000000082100000, 0x0000000082100000|100%| O|  |TAMS 0x0000000082100000, 0x0000000082000000| Untracked 
|  33|0x0000000082100000, 0x0000000082200000, 0x0000000082200000|100%| O|  |TAMS 0x0000000082200000, 0x0000000082100000| Untracked 
|  34|0x0000000082200000, 0x0000000082300000, 0x0000000082300000|100%| O|  |TAMS 0x0000000082300000, 0x0000000082200000| Untracked 
|  35|0x0000000082300000, 0x0000000082400000, 0x0000000082400000|100%| O|  |TAMS 0x0000000082400000, 0x0000000082300000| Untracked 
|  36|0x0000000082400000, 0x0000000082500000, 0x0000000082500000|100%|HS|  |TAMS 0x0000000082500000, 0x0000000082400000| Complete 
|  37|0x0000000082500000, 0x0000000082600000, 0x0000000082600000|100%|HC|  |TAMS 0x0000000082600000, 0x0000000082500000| Complete 
|  38|0x0000000082600000, 0x0000000082700000, 0x0000000082700000|100%|HC|  |TAMS 0x0000000082700000, 0x0000000082600000| Complete 
|  39|0x0000000082700000, 0x0000000082800000, 0x0000000082800000|100%| O|  |TAMS 0x0000000082800000, 0x0000000082700000| Untracked 
|  40|0x0000000082800000, 0x0000000082900000, 0x0000000082900000|100%| O|  |TAMS 0x0000000082900000, 0x0000000082800000| Untracked 
|  41|0x0000000082900000, 0x0000000082a00000, 0x0000000082a00000|100%| O|  |TAMS 0x0000000082a00000, 0x0000000082900000| Untracked 
|  42|0x0000000082a00000, 0x0000000082b00000, 0x0000000082b00000|100%|HS|  |TAMS 0x0000000082b00000, 0x0000000082a00000| Complete 
|  43|0x0000000082b00000, 0x0000000082c00000, 0x0000000082c00000|100%|HC|  |TAMS 0x0000000082c00000, 0x0000000082b00000| Complete 
|  44|0x0000000082c00000, 0x0000000082d00000, 0x0000000082d00000|100%|HC|  |TAMS 0x0000000082d00000, 0x0000000082c00000| Complete 
|  45|0x0000000082d00000, 0x0000000082e00000, 0x0000000082e00000|100%| O|  |TAMS 0x0000000082e00000, 0x0000000082d00000| Untracked 
|  46|0x0000000082e00000, 0x0000000082f00000, 0x0000000082f00000|100%| O|  |TAMS 0x0000000082f00000, 0x0000000082e00000| Untracked 
|  47|0x0000000082f00000, 0x0000000083000000, 0x0000000083000000|100%| O|  |TAMS 0x0000000083000000, 0x0000000082f00000| Untracked 
|  48|0x0000000083000000, 0x0000000083100000, 0x0000000083100000|100%| O|  |TAMS 0x0000000083100000, 0x0000000083000000| Untracked 
|  49|0x0000000083100000, 0x0000000083200000, 0x0000000083200000|100%| O|  |TAMS 0x0000000083200000, 0x0000000083100000| Untracked 
|  50|0x0000000083200000, 0x0000000083300000, 0x0000000083300000|100%| O|  |TAMS 0x0000000083300000, 0x0000000083200000| Untracked 
|  51|0x0000000083300000, 0x0000000083400000, 0x0000000083400000|100%| O|  |TAMS 0x0000000083400000, 0x0000000083300000| Untracked 
|  52|0x0000000083400000, 0x0000000083500000, 0x0000000083500000|100%| O|  |TAMS 0x0000000083443000, 0x0000000083400000| Untracked 
|  53|0x0000000083500000, 0x0000000083600000, 0x0000000083600000|100%| O|  |TAMS 0x0000000083600000, 0x0000000083500000| Untracked 
|  54|0x0000000083600000, 0x0000000083700000, 0x0000000083700000|100%| O|  |TAMS 0x0000000083700000, 0x0000000083600000| Untracked 
|  55|0x0000000083700000, 0x0000000083800000, 0x0000000083800000|100%| O|  |TAMS 0x0000000083800000, 0x0000000083700000| Untracked 
|  56|0x0000000083800000, 0x0000000083900000, 0x0000000083900000|100%| O|  |TAMS 0x0000000083900000, 0x0000000083800000| Untracked 
|  57|0x0000000083900000, 0x0000000083a00000, 0x0000000083a00000|100%| O|  |TAMS 0x0000000083a00000, 0x0000000083900000| Untracked 
|  58|0x0000000083a00000, 0x0000000083b00000, 0x0000000083b00000|100%| O|  |TAMS 0x0000000083b00000, 0x0000000083a00000| Untracked 
|  59|0x0000000083b00000, 0x0000000083c00000, 0x0000000083c00000|100%| O|  |TAMS 0x0000000083b00000, 0x0000000083b00000| Untracked 
|  60|0x0000000083c00000, 0x0000000083d00000, 0x0000000083d00000|100%|HS|  |TAMS 0x0000000083d00000, 0x0000000083c00000| Complete 
|  61|0x0000000083d00000, 0x0000000083e00000, 0x0000000083e00000|100%|HS|  |TAMS 0x0000000083e00000, 0x0000000083d00000| Complete 
|  62|0x0000000083e00000, 0x0000000083f00000, 0x0000000083f00000|100%|HS|  |TAMS 0x0000000083f00000, 0x0000000083e00000| Complete 
|  63|0x0000000083f00000, 0x0000000084000000, 0x0000000084000000|100%|HC|  |TAMS 0x0000000084000000, 0x0000000083f00000| Complete 
|  64|0x0000000084000000, 0x0000000084100000, 0x0000000084100000|100%|HS|  |TAMS 0x0000000084100000, 0x0000000084000000| Complete 
|  65|0x0000000084100000, 0x0000000084200000, 0x0000000084200000|100%|HS|  |TAMS 0x0000000084200000, 0x0000000084100000| Complete 
|  66|0x0000000084200000, 0x0000000084300000, 0x0000000084300000|100%|HC|  |TAMS 0x0000000084300000, 0x0000000084200000| Complete 
|  67|0x0000000084300000, 0x0000000084400000, 0x0000000084400000|100%|HC|  |TAMS 0x0000000084400000, 0x0000000084300000| Complete 
|  68|0x0000000084400000, 0x0000000084500000, 0x0000000084500000|100%|HC|  |TAMS 0x0000000084500000, 0x0000000084400000| Complete 
|  69|0x0000000084500000, 0x0000000084600000, 0x0000000084600000|100%| O|  |TAMS 0x0000000084600000, 0x0000000084500000| Untracked 
|  70|0x0000000084600000, 0x0000000084700000, 0x0000000084700000|100%| O|  |TAMS 0x0000000084700000, 0x0000000084600000| Untracked 
|  71|0x0000000084700000, 0x0000000084800000, 0x0000000084800000|100%| O|  |TAMS 0x0000000084800000, 0x0000000084700000| Untracked 
|  72|0x0000000084800000, 0x0000000084900000, 0x0000000084900000|100%| O|  |TAMS 0x0000000084900000, 0x0000000084800000| Untracked 
|  73|0x0000000084900000, 0x0000000084a00000, 0x0000000084a00000|100%| O|  |TAMS 0x0000000084a00000, 0x0000000084900000| Untracked 
|  74|0x0000000084a00000, 0x0000000084b00000, 0x0000000084b00000|100%| O|  |TAMS 0x0000000084b00000, 0x0000000084a00000| Untracked 
|  75|0x0000000084b00000, 0x0000000084c00000, 0x0000000084c00000|100%| O|  |TAMS 0x0000000084c00000, 0x0000000084b00000| Untracked 
|  76|0x0000000084c00000, 0x0000000084d00000, 0x0000000084d00000|100%| O|  |TAMS 0x0000000084d00000, 0x0000000084c00000| Untracked 
|  77|0x0000000084d00000, 0x0000000084e00000, 0x0000000084e00000|100%| O|  |TAMS 0x0000000084d00000, 0x0000000084d00000| Untracked 
|  78|0x0000000084e00000, 0x0000000084f00000, 0x0000000084f00000|100%| O|  |TAMS 0x0000000084e00000, 0x0000000084e00000| Untracked 
|  79|0x0000000084f00000, 0x0000000085000000, 0x0000000085000000|100%| O|  |TAMS 0x0000000084f00000, 0x0000000084f00000| Untracked 
|  80|0x0000000085000000, 0x0000000085100000, 0x0000000085100000|100%| O|  |TAMS 0x0000000085000000, 0x0000000085000000| Untracked 
|  81|0x0000000085100000, 0x0000000085200000, 0x0000000085200000|100%| O|  |TAMS 0x0000000085100000, 0x0000000085100000| Untracked 
|  82|0x0000000085200000, 0x0000000085300000, 0x0000000085300000|100%| O|  |TAMS 0x0000000085200000, 0x0000000085200000| Untracked 
|  83|0x0000000085300000, 0x0000000085400000, 0x0000000085400000|100%| O|  |TAMS 0x0000000085300000, 0x0000000085300000| Untracked 
|  84|0x0000000085400000, 0x0000000085500000, 0x0000000085500000|100%| O|  |TAMS 0x0000000085400000, 0x0000000085400000| Untracked 
|  85|0x0000000085500000, 0x0000000085600000, 0x0000000085600000|100%| O|  |TAMS 0x0000000085500000, 0x0000000085500000| Untracked 
|  86|0x0000000085600000, 0x0000000085700000, 0x0000000085700000|100%| O|  |TAMS 0x0000000085600000, 0x0000000085600000| Untracked 
|  87|0x0000000085700000, 0x0000000085800000, 0x0000000085800000|100%| O|  |TAMS 0x0000000085700000, 0x0000000085700000| Untracked 
|  88|0x0000000085800000, 0x0000000085900000, 0x0000000085900000|100%| O|  |TAMS 0x0000000085800000, 0x0000000085800000| Untracked 
|  89|0x0000000085900000, 0x00000000859bde00, 0x0000000085a00000| 74%| O|  |TAMS 0x0000000085900000, 0x0000000085900000| Untracked 
|  90|0x0000000085a00000, 0x0000000085a00000, 0x0000000085b00000|  0%| F|  |TAMS 0x0000000085a00000, 0x0000000085a00000| Untracked 
|  91|0x0000000085b00000, 0x0000000085b00000, 0x0000000085c00000|  0%| F|  |TAMS 0x0000000085b00000, 0x0000000085b00000| Untracked 
|  92|0x0000000085c00000, 0x0000000085c00000, 0x0000000085d00000|  0%| F|  |TAMS 0x0000000085c00000, 0x0000000085c00000| Untracked 
|  93|0x0000000085d00000, 0x0000000085d00000, 0x0000000085e00000|  0%| F|  |TAMS 0x0000000085d00000, 0x0000000085d00000| Untracked 
|  94|0x0000000085e00000, 0x0000000085e00000, 0x0000000085f00000|  0%| F|  |TAMS 0x0000000085e00000, 0x0000000085e00000| Untracked 
|  95|0x0000000085f00000, 0x0000000085f00000, 0x0000000086000000|  0%| F|  |TAMS 0x0000000085f00000, 0x0000000085f00000| Untracked 
|  96|0x0000000086000000, 0x0000000086000000, 0x0000000086100000|  0%| F|  |TAMS 0x0000000086000000, 0x0000000086000000| Untracked 
|  97|0x0000000086100000, 0x0000000086100000, 0x0000000086200000|  0%| F|  |TAMS 0x0000000086100000, 0x0000000086100000| Untracked 
|  98|0x0000000086200000, 0x0000000086200000, 0x0000000086300000|  0%| F|  |TAMS 0x0000000086200000, 0x0000000086200000| Untracked 
|  99|0x0000000086300000, 0x0000000086300000, 0x0000000086400000|  0%| F|  |TAMS 0x0000000086300000, 0x0000000086300000| Untracked 
| 100|0x0000000086400000, 0x0000000086400000, 0x0000000086500000|  0%| F|  |TAMS 0x0000000086400000, 0x0000000086400000| Untracked 
| 101|0x0000000086500000, 0x0000000086500000, 0x0000000086600000|  0%| F|  |TAMS 0x0000000086500000, 0x0000000086500000| Untracked 
| 102|0x0000000086600000, 0x0000000086600000, 0x0000000086700000|  0%| F|  |TAMS 0x0000000086600000, 0x0000000086600000| Untracked 
| 103|0x0000000086700000, 0x0000000086700000, 0x0000000086800000|  0%| F|  |TAMS 0x0000000086700000, 0x0000000086700000| Untracked 
| 104|0x0000000086800000, 0x0000000086800000, 0x0000000086900000|  0%| F|  |TAMS 0x0000000086800000, 0x0000000086800000| Untracked 
| 105|0x0000000086900000, 0x0000000086900000, 0x0000000086a00000|  0%| F|  |TAMS 0x0000000086900000, 0x0000000086900000| Untracked 
| 106|0x0000000086a00000, 0x0000000086a00000, 0x0000000086b00000|  0%| F|  |TAMS 0x0000000086a00000, 0x0000000086a00000| Untracked 
| 107|0x0000000086b00000, 0x0000000086b00000, 0x0000000086c00000|  0%| F|  |TAMS 0x0000000086b00000, 0x0000000086b00000| Untracked 
| 108|0x0000000086c00000, 0x0000000086c00000, 0x0000000086d00000|  0%| F|  |TAMS 0x0000000086c00000, 0x0000000086c00000| Untracked 
| 109|0x0000000086d00000, 0x0000000086d00000, 0x0000000086e00000|  0%| F|  |TAMS 0x0000000086d00000, 0x0000000086d00000| Untracked 
| 110|0x0000000086e00000, 0x0000000086e00000, 0x0000000086f00000|  0%| F|  |TAMS 0x0000000086e00000, 0x0000000086e00000| Untracked 
| 111|0x0000000086f00000, 0x0000000086f00000, 0x0000000087000000|  0%| F|  |TAMS 0x0000000086f00000, 0x0000000086f00000| Untracked 
| 112|0x0000000087000000, 0x0000000087000000, 0x0000000087100000|  0%| F|  |TAMS 0x0000000087000000, 0x0000000087000000| Untracked 
| 113|0x0000000087100000, 0x0000000087100000, 0x0000000087200000|  0%| F|  |TAMS 0x0000000087100000, 0x0000000087100000| Untracked 
| 114|0x0000000087200000, 0x0000000087200000, 0x0000000087300000|  0%| F|  |TAMS 0x0000000087200000, 0x0000000087200000| Untracked 
| 115|0x0000000087300000, 0x0000000087300000, 0x0000000087400000|  0%| F|  |TAMS 0x0000000087300000, 0x0000000087300000| Untracked 
| 116|0x0000000087400000, 0x0000000087400000, 0x0000000087500000|  0%| F|  |TAMS 0x0000000087400000, 0x0000000087400000| Untracked 
| 117|0x0000000087500000, 0x0000000087500000, 0x0000000087600000|  0%| F|  |TAMS 0x0000000087500000, 0x0000000087500000| Untracked 
| 118|0x0000000087600000, 0x0000000087600000, 0x0000000087700000|  0%| F|  |TAMS 0x0000000087600000, 0x0000000087600000| Untracked 
| 119|0x0000000087700000, 0x0000000087700000, 0x0000000087800000|  0%| F|  |TAMS 0x0000000087700000, 0x0000000087700000| Untracked 
| 120|0x0000000087800000, 0x0000000087800000, 0x0000000087900000|  0%| F|  |TAMS 0x0000000087800000, 0x0000000087800000| Untracked 
| 121|0x0000000087900000, 0x0000000087900000, 0x0000000087a00000|  0%| F|  |TAMS 0x0000000087900000, 0x0000000087900000| Untracked 
| 122|0x0000000087a00000, 0x0000000087a00000, 0x0000000087b00000|  0%| F|  |TAMS 0x0000000087a00000, 0x0000000087a00000| Untracked 
| 123|0x0000000087b00000, 0x0000000087b00000, 0x0000000087c00000|  0%| F|  |TAMS 0x0000000087b00000, 0x0000000087b00000| Untracked 
| 124|0x0000000087c00000, 0x0000000087c2bcd0, 0x0000000087d00000| 17%| S|CS|TAMS 0x0000000087c00000, 0x0000000087c00000| Complete 
| 125|0x0000000087d00000, 0x0000000087e00000, 0x0000000087e00000|100%| S|CS|TAMS 0x0000000087d00000, 0x0000000087d00000| Complete 
| 126|0x0000000087e00000, 0x0000000087f00000, 0x0000000087f00000|100%| S|CS|TAMS 0x0000000087e00000, 0x0000000087e00000| Complete 
| 127|0x0000000087f00000, 0x0000000088000000, 0x0000000088000000|100%| S|CS|TAMS 0x0000000087f00000, 0x0000000087f00000| Complete 
| 128|0x0000000088000000, 0x0000000088100000, 0x0000000088100000|100%| S|CS|TAMS 0x0000000088000000, 0x0000000088000000| Complete 
| 129|0x0000000088100000, 0x0000000088200000, 0x0000000088200000|100%| S|CS|TAMS 0x0000000088100000, 0x0000000088100000| Complete 
| 130|0x0000000088200000, 0x0000000088200000, 0x0000000088300000|  0%| F|  |TAMS 0x0000000088200000, 0x0000000088200000| Untracked 
| 131|0x0000000088300000, 0x0000000088300000, 0x0000000088400000|  0%| F|  |TAMS 0x0000000088300000, 0x0000000088300000| Untracked 
| 132|0x0000000088400000, 0x0000000088400000, 0x0000000088500000|  0%| F|  |TAMS 0x0000000088400000, 0x0000000088400000| Untracked 
| 133|0x0000000088500000, 0x0000000088500000, 0x0000000088600000|  0%| F|  |TAMS 0x0000000088500000, 0x0000000088500000| Untracked 
| 134|0x0000000088600000, 0x0000000088600000, 0x0000000088700000|  0%| F|  |TAMS 0x0000000088600000, 0x0000000088600000| Untracked 
| 135|0x0000000088700000, 0x0000000088700000, 0x0000000088800000|  0%| F|  |TAMS 0x0000000088700000, 0x0000000088700000| Untracked 
| 136|0x0000000088800000, 0x0000000088800000, 0x0000000088900000|  0%| F|  |TAMS 0x0000000088800000, 0x0000000088800000| Untracked 
| 137|0x0000000088900000, 0x0000000088900000, 0x0000000088a00000|  0%| F|  |TAMS 0x0000000088900000, 0x0000000088900000| Untracked 
| 138|0x0000000088a00000, 0x0000000088a00000, 0x0000000088b00000|  0%| F|  |TAMS 0x0000000088a00000, 0x0000000088a00000| Untracked 
| 139|0x0000000088b00000, 0x0000000088b00000, 0x0000000088c00000|  0%| F|  |TAMS 0x0000000088b00000, 0x0000000088b00000| Untracked 
| 140|0x0000000088c00000, 0x0000000088c00000, 0x0000000088d00000|  0%| F|  |TAMS 0x0000000088c00000, 0x0000000088c00000| Untracked 
| 141|0x0000000088d00000, 0x0000000088d00000, 0x0000000088e00000|  0%| F|  |TAMS 0x0000000088d00000, 0x0000000088d00000| Untracked 
| 142|0x0000000088e00000, 0x0000000088e00000, 0x0000000088f00000|  0%| F|  |TAMS 0x0000000088e00000, 0x0000000088e00000| Untracked 
| 143|0x0000000088f00000, 0x0000000088f00000, 0x0000000089000000|  0%| F|  |TAMS 0x0000000088f00000, 0x0000000088f00000| Untracked 
| 144|0x0000000089000000, 0x0000000089000000, 0x0000000089100000|  0%| F|  |TAMS 0x0000000089000000, 0x0000000089000000| Untracked 
| 145|0x0000000089100000, 0x0000000089100000, 0x0000000089200000|  0%| F|  |TAMS 0x0000000089100000, 0x0000000089100000| Untracked 
| 146|0x0000000089200000, 0x0000000089200000, 0x0000000089300000|  0%| F|  |TAMS 0x0000000089200000, 0x0000000089200000| Untracked 
| 147|0x0000000089300000, 0x0000000089300000, 0x0000000089400000|  0%| F|  |TAMS 0x0000000089300000, 0x0000000089300000| Untracked 
| 148|0x0000000089400000, 0x0000000089400000, 0x0000000089500000|  0%| F|  |TAMS 0x0000000089400000, 0x0000000089400000| Untracked 
| 149|0x0000000089500000, 0x0000000089500000, 0x0000000089600000|  0%| F|  |TAMS 0x0000000089500000, 0x0000000089500000| Untracked 
| 150|0x0000000089600000, 0x0000000089600000, 0x0000000089700000|  0%| F|  |TAMS 0x0000000089600000, 0x0000000089600000| Untracked 
| 151|0x0000000089700000, 0x0000000089700000, 0x0000000089800000|  0%| F|  |TAMS 0x0000000089700000, 0x0000000089700000| Untracked 
| 152|0x0000000089800000, 0x0000000089800000, 0x0000000089900000|  0%| F|  |TAMS 0x0000000089800000, 0x0000000089800000| Untracked 
| 153|0x0000000089900000, 0x0000000089900000, 0x0000000089a00000|  0%| F|  |TAMS 0x0000000089900000, 0x0000000089900000| Untracked 
| 154|0x0000000089a00000, 0x0000000089a00000, 0x0000000089b00000|  0%| F|  |TAMS 0x0000000089a00000, 0x0000000089a00000| Untracked 
| 155|0x0000000089b00000, 0x0000000089b00000, 0x0000000089c00000|  0%| F|  |TAMS 0x0000000089b00000, 0x0000000089b00000| Untracked 
| 156|0x0000000089c00000, 0x0000000089c00000, 0x0000000089d00000|  0%| F|  |TAMS 0x0000000089c00000, 0x0000000089c00000| Untracked 
| 157|0x0000000089d00000, 0x0000000089d00000, 0x0000000089e00000|  0%| F|  |TAMS 0x0000000089d00000, 0x0000000089d00000| Untracked 
| 158|0x0000000089e00000, 0x0000000089e00000, 0x0000000089f00000|  0%| F|  |TAMS 0x0000000089e00000, 0x0000000089e00000| Untracked 
| 159|0x0000000089f00000, 0x0000000089f00000, 0x000000008a000000|  0%| F|  |TAMS 0x0000000089f00000, 0x0000000089f00000| Untracked 
| 160|0x000000008a000000, 0x000000008a000000, 0x000000008a100000|  0%| F|  |TAMS 0x000000008a000000, 0x000000008a000000| Untracked 
| 161|0x000000008a100000, 0x000000008a100000, 0x000000008a200000|  0%| F|  |TAMS 0x000000008a100000, 0x000000008a100000| Untracked 
| 162|0x000000008a200000, 0x000000008a200000, 0x000000008a300000|  0%| F|  |TAMS 0x000000008a200000, 0x000000008a200000| Untracked 
| 163|0x000000008a300000, 0x000000008a300000, 0x000000008a400000|  0%| F|  |TAMS 0x000000008a300000, 0x000000008a300000| Untracked 
| 164|0x000000008a400000, 0x000000008a400000, 0x000000008a500000|  0%| F|  |TAMS 0x000000008a400000, 0x000000008a400000| Untracked 
| 165|0x000000008a500000, 0x000000008a500000, 0x000000008a600000|  0%| F|  |TAMS 0x000000008a500000, 0x000000008a500000| Untracked 
| 166|0x000000008a600000, 0x000000008a600000, 0x000000008a700000|  0%| F|  |TAMS 0x000000008a600000, 0x000000008a600000| Untracked 
| 167|0x000000008a700000, 0x000000008a700000, 0x000000008a800000|  0%| F|  |TAMS 0x000000008a700000, 0x000000008a700000| Untracked 
| 168|0x000000008a800000, 0x000000008a800000, 0x000000008a900000|  0%| F|  |TAMS 0x000000008a800000, 0x000000008a800000| Untracked 
| 169|0x000000008a900000, 0x000000008a900000, 0x000000008aa00000|  0%| F|  |TAMS 0x000000008a900000, 0x000000008a900000| Untracked 
| 170|0x000000008aa00000, 0x000000008aa00000, 0x000000008ab00000|  0%| F|  |TAMS 0x000000008aa00000, 0x000000008aa00000| Untracked 
| 171|0x000000008ab00000, 0x000000008ab00000, 0x000000008ac00000|  0%| F|  |TAMS 0x000000008ab00000, 0x000000008ab00000| Untracked 
| 172|0x000000008ac00000, 0x000000008ac00000, 0x000000008ad00000|  0%| F|  |TAMS 0x000000008ac00000, 0x000000008ac00000| Untracked 
| 173|0x000000008ad00000, 0x000000008ad00000, 0x000000008ae00000|  0%| F|  |TAMS 0x000000008ad00000, 0x000000008ad00000| Untracked 
| 174|0x000000008ae00000, 0x000000008ae00000, 0x000000008af00000|  0%| F|  |TAMS 0x000000008ae00000, 0x000000008ae00000| Untracked 
| 175|0x000000008af00000, 0x000000008af00000, 0x000000008b000000|  0%| F|  |TAMS 0x000000008af00000, 0x000000008af00000| Untracked 
| 176|0x000000008b000000, 0x000000008b000000, 0x000000008b100000|  0%| F|  |TAMS 0x000000008b000000, 0x000000008b000000| Untracked 
| 177|0x000000008b100000, 0x000000008b100000, 0x000000008b200000|  0%| F|  |TAMS 0x000000008b100000, 0x000000008b100000| Untracked 
| 178|0x000000008b200000, 0x000000008b200000, 0x000000008b300000|  0%| F|  |TAMS 0x000000008b200000, 0x000000008b200000| Untracked 
| 179|0x000000008b300000, 0x000000008b300000, 0x000000008b400000|  0%| F|  |TAMS 0x000000008b300000, 0x000000008b300000| Untracked 
| 180|0x000000008b400000, 0x000000008b400000, 0x000000008b500000|  0%| F|  |TAMS 0x000000008b400000, 0x000000008b400000| Untracked 
| 181|0x000000008b500000, 0x000000008b500000, 0x000000008b600000|  0%| F|  |TAMS 0x000000008b500000, 0x000000008b500000| Untracked 
| 182|0x000000008b600000, 0x000000008b600000, 0x000000008b700000|  0%| F|  |TAMS 0x000000008b600000, 0x000000008b600000| Untracked 
| 183|0x000000008b700000, 0x000000008b700000, 0x000000008b800000|  0%| F|  |TAMS 0x000000008b700000, 0x000000008b700000| Untracked 
| 184|0x000000008b800000, 0x000000008b900000, 0x000000008b900000|100%| E|  |TAMS 0x000000008b800000, 0x000000008b800000| Complete 
| 185|0x000000008b900000, 0x000000008ba00000, 0x000000008ba00000|100%| E|CS|TAMS 0x000000008b900000, 0x000000008b900000| Complete 
| 186|0x000000008ba00000, 0x000000008bb00000, 0x000000008bb00000|100%| E|CS|TAMS 0x000000008ba00000, 0x000000008ba00000| Complete 
| 187|0x000000008bb00000, 0x000000008bc00000, 0x000000008bc00000|100%| E|CS|TAMS 0x000000008bb00000, 0x000000008bb00000| Complete 
| 188|0x000000008bc00000, 0x000000008bd00000, 0x000000008bd00000|100%| E|CS|TAMS 0x000000008bc00000, 0x000000008bc00000| Complete 
| 189|0x000000008bd00000, 0x000000008be00000, 0x000000008be00000|100%| E|CS|TAMS 0x000000008bd00000, 0x000000008bd00000| Complete 
| 190|0x000000008be00000, 0x000000008bf00000, 0x000000008bf00000|100%| E|CS|TAMS 0x000000008be00000, 0x000000008be00000| Complete 
| 191|0x000000008bf00000, 0x000000008c000000, 0x000000008c000000|100%| E|CS|TAMS 0x000000008bf00000, 0x000000008bf00000| Complete 
| 192|0x000000008c000000, 0x000000008c100000, 0x000000008c100000|100%| E|  |TAMS 0x000000008c000000, 0x000000008c000000| Complete 
| 193|0x000000008c100000, 0x000000008c200000, 0x000000008c200000|100%| E|CS|TAMS 0x000000008c100000, 0x000000008c100000| Complete 
| 194|0x000000008c200000, 0x000000008c300000, 0x000000008c300000|100%| E|CS|TAMS 0x000000008c200000, 0x000000008c200000| Complete 
| 195|0x000000008c300000, 0x000000008c400000, 0x000000008c400000|100%| E|CS|TAMS 0x000000008c300000, 0x000000008c300000| Complete 
| 196|0x000000008c400000, 0x000000008c500000, 0x000000008c500000|100%| E|CS|TAMS 0x000000008c400000, 0x000000008c400000| Complete 
| 197|0x000000008c500000, 0x000000008c600000, 0x000000008c600000|100%| E|CS|TAMS 0x000000008c500000, 0x000000008c500000| Complete 
| 198|0x000000008c600000, 0x000000008c700000, 0x000000008c700000|100%| E|CS|TAMS 0x000000008c600000, 0x000000008c600000| Complete 
| 199|0x000000008c700000, 0x000000008c800000, 0x000000008c800000|100%| E|CS|TAMS 0x000000008c700000, 0x000000008c700000| Complete 
| 200|0x000000008c800000, 0x000000008c900000, 0x000000008c900000|100%| E|CS|TAMS 0x000000008c800000, 0x000000008c800000| Complete 
| 201|0x000000008c900000, 0x000000008ca00000, 0x000000008ca00000|100%| E|CS|TAMS 0x000000008c900000, 0x000000008c900000| Complete 
| 202|0x000000008ca00000, 0x000000008cb00000, 0x000000008cb00000|100%| E|CS|TAMS 0x000000008ca00000, 0x000000008ca00000| Complete 
| 203|0x000000008cb00000, 0x000000008cc00000, 0x000000008cc00000|100%| E|CS|TAMS 0x000000008cb00000, 0x000000008cb00000| Complete 
| 204|0x000000008cc00000, 0x000000008cd00000, 0x000000008cd00000|100%| E|CS|TAMS 0x000000008cc00000, 0x000000008cc00000| Complete 
| 205|0x000000008cd00000, 0x000000008ce00000, 0x000000008ce00000|100%| E|CS|TAMS 0x000000008cd00000, 0x000000008cd00000| Complete 
| 206|0x000000008ce00000, 0x000000008cf00000, 0x000000008cf00000|100%| E|CS|TAMS 0x000000008ce00000, 0x000000008ce00000| Complete 
| 207|0x000000008cf00000, 0x000000008d000000, 0x000000008d000000|100%| E|CS|TAMS 0x000000008cf00000, 0x000000008cf00000| Complete 
| 208|0x000000008d000000, 0x000000008d100000, 0x000000008d100000|100%| E|CS|TAMS 0x000000008d000000, 0x000000008d000000| Complete 
| 209|0x000000008d100000, 0x000000008d200000, 0x000000008d200000|100%| E|CS|TAMS 0x000000008d100000, 0x000000008d100000| Complete 
| 210|0x000000008d200000, 0x000000008d300000, 0x000000008d300000|100%| E|CS|TAMS 0x000000008d200000, 0x000000008d200000| Complete 
| 211|0x000000008d300000, 0x000000008d400000, 0x000000008d400000|100%| E|CS|TAMS 0x000000008d300000, 0x000000008d300000| Complete 
| 212|0x000000008d400000, 0x000000008d500000, 0x000000008d500000|100%| E|CS|TAMS 0x000000008d400000, 0x000000008d400000| Complete 
| 213|0x000000008d500000, 0x000000008d600000, 0x000000008d600000|100%| E|CS|TAMS 0x000000008d500000, 0x000000008d500000| Complete 
| 214|0x000000008d600000, 0x000000008d700000, 0x000000008d700000|100%| E|CS|TAMS 0x000000008d600000, 0x000000008d600000| Complete 
| 215|0x000000008d700000, 0x000000008d800000, 0x000000008d800000|100%| E|CS|TAMS 0x000000008d700000, 0x000000008d700000| Complete 
| 216|0x000000008d800000, 0x000000008d900000, 0x000000008d900000|100%| E|CS|TAMS 0x000000008d800000, 0x000000008d800000| Complete 
| 217|0x000000008d900000, 0x000000008da00000, 0x000000008da00000|100%| E|CS|TAMS 0x000000008d900000, 0x000000008d900000| Complete 

Card table byte_map: [0x000001b574f50000,0x000001b575350000] _byte_map_base: 0x000001b574b50000

Marking Bits (Prev, Next): (CMBitMap*) 0x000001b5623c1960, (CMBitMap*) 0x000001b5623c19a0
 Prev Bits: [0x000001b575750000, 0x000001b577750000)
 Next Bits: [0x000001b577750000, 0x000001b579750000)

Polling page: 0x000001b560230000

Metaspace:

Usage:
  Non-class:     82.47 MB used.
      Class:     12.78 MB used.
       Both:     95.25 MB used.

Virtual space:
  Non-class space:       88.00 MB reserved,      82.81 MB ( 94%) committed,  11 nodes.
      Class space:        1.00 GB reserved,      13.12 MB (  1%) committed,  1 nodes.
             Both:        1.09 GB reserved,      95.94 MB (  9%) committed. 

Chunk freelists:
   Non-Class:  752.00 KB
       Class:  2.77 MB
        Both:  3.50 MB

MaxMetaspaceSize: unlimited
CompressedClassSpaceSize: 1.00 GB
Initial GC threshold: 21.00 MB
Current GC threshold: 120.56 MB
CDS: off
MetaspaceReclaimPolicy: balanced
 - commit_granule_bytes: 65536.
 - commit_granule_words: 8192.
 - virtual_space_node_default_size: 1048576.
 - enlarge_chunks_in_place: 1.
 - new_chunks_are_fully_committed: 0.
 - uncommit_free_chunks: 1.
 - use_allocation_guard: 0.
 - handle_deallocations: 1.


Internal statistics:

num_allocs_failed_limit: 3.
num_arena_births: 886.
num_arena_deaths: 0.
num_vsnodes_births: 12.
num_vsnodes_deaths: 0.
num_space_committed: 1534.
num_space_uncommitted: 0.
num_chunks_returned_to_freelist: 3.
num_chunks_taken_from_freelist: 4338.
num_chunk_merges: 3.
num_chunk_splits: 2912.
num_chunks_enlarged: 1977.
num_purges: 0.
num_inconsistent_stats: 0.

CodeHeap 'non-profiled nmethods': size=120000Kb used=4458Kb max_used=4458Kb free=115541Kb
 bounds [0x000001b56d2f0000, 0x000001b56d750000, 0x000001b574820000]
CodeHeap 'profiled nmethods': size=120000Kb used=16713Kb max_used=16713Kb free=103287Kb
 bounds [0x000001b565820000, 0x000001b566880000, 0x000001b56cd50000]
CodeHeap 'non-nmethods': size=5760Kb used=2433Kb max_used=2492Kb free=3327Kb
 bounds [0x000001b56cd50000, 0x000001b56cfe0000, 0x000001b56d2f0000]
 total_blobs=9536 nmethods=8567 adapters=879
 compilation: enabled
              stopped_count=0, restarted_count=0
 full_count=0

Compilation events (20 events):
Event: 18.694 Thread 0x000001b57cc71b60 9510       2       java.util.Collections$UnmodifiableSet::<init> (6 bytes)
Event: 18.695 Thread 0x000001b57cc71b60 nmethod 9510 0x000001b56686cf10 code [0x000001b56686d0c0, 0x000001b56686d2c8]
Event: 18.710 Thread 0x000001b57cc71b60 9518       2       java.util.concurrent.locks.ReentrantReadWriteLock$ReadLock::lock (9 bytes)
Event: 18.710 Thread 0x000001b57cc71b60 nmethod 9518 0x000001b56686d390 code [0x000001b56686d520, 0x000001b56686d648]
Event: 18.710 Thread 0x000001b57cc71b60 9519       2       java.util.concurrent.locks.AbstractQueuedSynchronizer::acquireShared (20 bytes)
Event: 18.711 Thread 0x000001b57cc71b60 nmethod 9519 0x000001b56686d710 code [0x000001b56686d8c0, 0x000001b56686da58]
Event: 18.711 Thread 0x000001b57cc71b60 9520       2       java.util.concurrent.locks.ReentrantReadWriteLock$Sync::tryAcquireShared (177 bytes)
Event: 18.712 Thread 0x000001b57cc71b60 nmethod 9520 0x000001b56686db10 code [0x000001b56686dd20, 0x000001b56686e248]
Event: 18.712 Thread 0x000001b57cc71b60 9521       2       java.util.concurrent.locks.ReentrantReadWriteLock$Sync::sharedCount (5 bytes)
Event: 18.712 Thread 0x000001b57cc71b60 nmethod 9521 0x000001b56686e510 code [0x000001b56686e6a0, 0x000001b56686e798]
Event: 18.712 Thread 0x000001b57cc71b60 9522       2       java.util.concurrent.locks.ReentrantReadWriteLock$ReadLock::unlock (10 bytes)
Event: 18.712 Thread 0x000001b57cc71b60 nmethod 9522 0x000001b56686e810 code [0x000001b56686e9c0, 0x000001b56686eb58]
Event: 18.712 Thread 0x000001b57cc71b60 9523       2       java.util.concurrent.locks.ReentrantReadWriteLock$Sync::tryReleaseShared (146 bytes)
Event: 18.713 Thread 0x000001b57cc71b60 nmethod 9523 0x000001b56686ec90 code [0x000001b56686ee80, 0x000001b56686f358]
Event: 18.716 Thread 0x000001b57cc71b60 9524       2       java.util.concurrent.locks.ReentrantReadWriteLock$NonfairSync::readerShouldBlock (5 bytes)
Event: 18.716 Thread 0x000001b57cc71b60 nmethod 9524 0x000001b56686f710 code [0x000001b56686f8a0, 0x000001b56686f9c8]
Event: 18.716 Thread 0x000001b57cc71b60 9525       2       java.util.concurrent.locks.AbstractQueuedSynchronizer::apparentlyFirstQueuedIsExclusive (38 bytes)
Event: 18.717 Thread 0x000001b57cc71b60 nmethod 9525 0x000001b56686fa90 code [0x000001b56686fc20, 0x000001b56686fdb8]
Event: 18.717 Thread 0x000001b57cc71b60 9526       1       java.util.concurrent.locks.ReentrantReadWriteLock::writeLock (5 bytes)
Event: 18.717 Thread 0x000001b57cc71b60 nmethod 9526 0x000001b56d74a790 code [0x000001b56d74a920, 0x000001b56d74a9f8]

GC Heap History (20 events):
Event: 13.217 GC heap before
{Heap before GC invocations=34 (full 0):
 garbage-first heap   total 109568K, used 79872K [0x0000000080000000, 0x0000000100000000)
  region size 1024K, 5 young (5120K), 3 survivors (3072K)
 Metaspace       used 64555K, committed 65152K, reserved 1105920K
  class space    used 8599K, committed 8896K, reserved 1048576K
}
Event: 13.221 GC heap after
{Heap after GC invocations=35 (full 0):
 garbage-first heap   total 109568K, used 77403K [0x0000000080000000, 0x0000000100000000)
  region size 1024K, 1 young (1024K), 1 survivors (1024K)
 Metaspace       used 64555K, committed 65152K, reserved 1105920K
  class space    used 8599K, committed 8896K, reserved 1048576K
}
Event: 13.602 GC heap before
{Heap before GC invocations=35 (full 0):
 garbage-first heap   total 109568K, used 87643K [0x0000000080000000, 0x0000000100000000)
  region size 1024K, 12 young (12288K), 1 survivors (1024K)
 Metaspace       used 66004K, committed 66624K, reserved 1114112K
  class space    used 8815K, committed 9088K, reserved 1048576K
}
Event: 13.605 GC heap after
{Heap after GC invocations=36 (full 0):
 garbage-first heap   total 109568K, used 77758K [0x0000000080000000, 0x0000000100000000)
  region size 1024K, 1 young (1024K), 1 survivors (1024K)
 Metaspace       used 66004K, committed 66624K, reserved 1114112K
  class space    used 8815K, committed 9088K, reserved 1048576K
}
Event: 13.982 GC heap before
{Heap before GC invocations=37 (full 0):
 garbage-first heap   total 133120K, used 90046K [0x0000000080000000, 0x0000000100000000)
  region size 1024K, 13 young (13312K), 1 survivors (1024K)
 Metaspace       used 68344K, committed 68992K, reserved 1114112K
  class space    used 9072K, committed 9344K, reserved 1048576K
}
Event: 13.984 GC heap after
{Heap after GC invocations=38 (full 0):
 garbage-first heap   total 133120K, used 78105K [0x0000000080000000, 0x0000000100000000)
  region size 1024K, 1 young (1024K), 1 survivors (1024K)
 Metaspace       used 68344K, committed 68992K, reserved 1114112K
  class space    used 9072K, committed 9344K, reserved 1048576K
}
Event: 14.115 GC heap before
{Heap before GC invocations=38 (full 0):
 garbage-first heap   total 133120K, used 83225K [0x0000000080000000, 0x0000000100000000)
  region size 1024K, 6 young (6144K), 1 survivors (1024K)
 Metaspace       used 69137K, committed 69824K, reserved 1114112K
  class space    used 9141K, committed 9472K, reserved 1048576K
}
Event: 14.118 GC heap after
{Heap after GC invocations=39 (full 0):
 garbage-first heap   total 133120K, used 77701K [0x0000000080000000, 0x0000000100000000)
  region size 1024K, 1 young (1024K), 1 survivors (1024K)
 Metaspace       used 69137K, committed 69824K, reserved 1114112K
  class space    used 9141K, committed 9472K, reserved 1048576K
}
Event: 14.696 GC heap before
{Heap before GC invocations=39 (full 0):
 garbage-first heap   total 133120K, used 102277K [0x0000000080000000, 0x0000000100000000)
  region size 1024K, 26 young (26624K), 1 survivors (1024K)
 Metaspace       used 73194K, committed 73856K, reserved 1114112K
  class space    used 9695K, committed 9984K, reserved 1048576K
}
Event: 14.702 GC heap after
{Heap after GC invocations=40 (full 0):
 garbage-first heap   total 133120K, used 79980K [0x0000000080000000, 0x0000000100000000)
  region size 1024K, 3 young (3072K), 3 survivors (3072K)
 Metaspace       used 73194K, committed 73856K, reserved 1114112K
  class space    used 9695K, committed 9984K, reserved 1048576K
}
Event: 15.000 GC heap before
{Heap before GC invocations=41 (full 0):
 garbage-first heap   total 138240K, used 111724K [0x0000000080000000, 0x0000000100000000)
  region size 1024K, 28 young (28672K), 3 survivors (3072K)
 Metaspace       used 74636K, committed 75264K, reserved 1122304K
  class space    used 9889K, committed 10176K, reserved 1048576K
}
Event: 15.005 GC heap after
{Heap after GC invocations=42 (full 0):
 garbage-first heap   total 138240K, used 82518K [0x0000000080000000, 0x0000000100000000)
  region size 1024K, 4 young (4096K), 4 survivors (4096K)
 Metaspace       used 74636K, committed 75264K, reserved 1122304K
  class space    used 9889K, committed 10176K, reserved 1048576K
}
Event: 15.036 GC heap before
{Heap before GC invocations=42 (full 0):
 garbage-first heap   total 138240K, used 84566K [0x0000000080000000, 0x0000000100000000)
  region size 1024K, 6 young (6144K), 4 survivors (4096K)
 Metaspace       used 74824K, committed 75456K, reserved 1122304K
  class space    used 9921K, committed 10240K, reserved 1048576K
}
Event: 15.041 GC heap after
{Heap after GC invocations=43 (full 0):
 garbage-first heap   total 138240K, used 82631K [0x0000000080000000, 0x0000000100000000)
  region size 1024K, 1 young (1024K), 1 survivors (1024K)
 Metaspace       used 74824K, committed 75456K, reserved 1122304K
  class space    used 9921K, committed 10240K, reserved 1048576K
}
Event: 15.458 GC heap before
{Heap before GC invocations=43 (full 0):
 garbage-first heap   total 138240K, used 109255K [0x0000000080000000, 0x0000000100000000)
  region size 1024K, 27 young (27648K), 1 survivors (1024K)
 Metaspace       used 77535K, committed 78208K, reserved 1122304K
  class space    used 10267K, committed 10560K, reserved 1048576K
}
Event: 15.461 GC heap after
{Heap after GC invocations=44 (full 0):
 garbage-first heap   total 223232K, used 83963K [0x0000000080000000, 0x0000000100000000)
  region size 1024K, 2 young (2048K), 2 survivors (2048K)
 Metaspace       used 77535K, committed 78208K, reserved 1122304K
  class space    used 10267K, committed 10560K, reserved 1048576K
}
Event: 16.790 GC heap before
{Heap before GC invocations=44 (full 0):
 garbage-first heap   total 223232K, used 162811K [0x0000000080000000, 0x0000000100000000)
  region size 1024K, 80 young (81920K), 2 survivors (2048K)
 Metaspace       used 84539K, committed 85184K, reserved 1130496K
  class space    used 11189K, committed 11520K, reserved 1048576K
}
Event: 16.799 GC heap after
{Heap after GC invocations=45 (full 0):
 garbage-first heap   total 223232K, used 91128K [0x0000000080000000, 0x0000000100000000)
  region size 1024K, 9 young (9216K), 9 survivors (9216K)
 Metaspace       used 84539K, committed 85184K, reserved 1130496K
  class space    used 11189K, committed 11520K, reserved 1048576K
}
Event: 18.167 GC heap before
{Heap before GC invocations=45 (full 0):
 garbage-first heap   total 223232K, used 173048K [0x0000000080000000, 0x0000000100000000)
  region size 1024K, 88 young (90112K), 9 survivors (9216K)
 Metaspace       used 93426K, committed 94144K, reserved 1130496K
  class space    used 12624K, committed 12928K, reserved 1048576K
}
Event: 18.178 GC heap after
{Heap after GC invocations=46 (full 0):
 garbage-first heap   total 223232K, used 96166K [0x0000000080000000, 0x0000000100000000)
  region size 1024K, 6 young (6144K), 6 survivors (6144K)
 Metaspace       used 93426K, committed 94144K, reserved 1130496K
  class space    used 12624K, committed 12928K, reserved 1048576K
}

Dll operation events (2 events):
Event: 0.013 Loaded shared library C:\Program Files\Android\Android Studio\jbr\bin\java.dll
Event: 0.533 Loaded shared library C:\Program Files\Android\Android Studio\jbr\bin\verify.dll

Deoptimization events (20 events):
Event: 18.100 Thread 0x000001b57f215010 DEOPT PACKING pc=0x000001b5666568f5 sp=0x00000030010f7990
Event: 18.100 Thread 0x000001b57f215010 DEOPT UNPACKING pc=0x000001b56cda7143 sp=0x00000030010f6e18 mode 0
Event: 18.259 Thread 0x000001b57f215010 DEOPT PACKING pc=0x000001b5666568f5 sp=0x00000030010f1b90
Event: 18.259 Thread 0x000001b57f215010 DEOPT UNPACKING pc=0x000001b56cda7143 sp=0x00000030010f1018 mode 0
Event: 18.320 Thread 0x000001b57f215010 DEOPT PACKING pc=0x000001b566712a64 sp=0x00000030010f8280
Event: 18.320 Thread 0x000001b57f215010 DEOPT UNPACKING pc=0x000001b56cda7143 sp=0x00000030010f7760 mode 0
Event: 18.426 Thread 0x000001b57f215010 DEOPT PACKING pc=0x000001b5666568f5 sp=0x00000030010f7820
Event: 18.426 Thread 0x000001b57f215010 DEOPT UNPACKING pc=0x000001b56cda7143 sp=0x00000030010f6ca8 mode 0
Event: 18.474 Thread 0x000001b57f215010 DEOPT PACKING pc=0x000001b5666568f5 sp=0x00000030010f7d50
Event: 18.474 Thread 0x000001b57f215010 DEOPT UNPACKING pc=0x000001b56cda7143 sp=0x00000030010f71d8 mode 0
Event: 18.678 Thread 0x000001b57f215010 Uncommon trap: trap_request=0xffffff45 fr.pc=0x000001b56d5749a8 relative=0x0000000000000c28
Event: 18.678 Thread 0x000001b57f215010 Uncommon trap: reason=unstable_if action=reinterpret pc=0x000001b56d5749a8 method=com.esotericsoftware.kryo.io.Input.readString()Ljava/lang/String; @ 28 c2
Event: 18.678 Thread 0x000001b57f215010 DEOPT PACKING pc=0x000001b56d5749a8 sp=0x00000030010f83e0
Event: 18.678 Thread 0x000001b57f215010 DEOPT UNPACKING pc=0x000001b56cda69a3 sp=0x00000030010f83b8 mode 2
Event: 18.693 Thread 0x000001b57f215010 Uncommon trap: trap_request=0xffffff45 fr.pc=0x000001b56d4492f0 relative=0x0000000000000070
Event: 18.693 Thread 0x000001b57f215010 Uncommon trap: reason=unstable_if action=reinterpret pc=0x000001b56d4492f0 method=com.google.common.cache.LocalCache.isExpired(Lcom/google/common/cache/ReferenceEntry;J)Z @ 9 c2
Event: 18.693 Thread 0x000001b57f215010 DEOPT PACKING pc=0x000001b56d4492f0 sp=0x00000030010f8570
Event: 18.693 Thread 0x000001b57f215010 DEOPT UNPACKING pc=0x000001b56cda69a3 sp=0x00000030010f8500 mode 2
Event: 18.753 Thread 0x000001b57f215010 DEOPT PACKING pc=0x000001b5666568f5 sp=0x00000030010f5830
Event: 18.753 Thread 0x000001b57f215010 DEOPT UNPACKING pc=0x000001b56cda7143 sp=0x00000030010f4cb8 mode 0

Classes unloaded (0 events):
No events

Classes redefined (0 events):
No events

Internal exceptions (20 events):
Event: 15.909 Thread 0x000001b57f215010 Exception <a 'java/lang/ClassNotFoundException'{0x000000008c129600}: org/jetbrains/kotlin/gradle/targets/js/npm/NpmDependencyExtensionKt$defaultNpmDependencyDelegate$1Customizer> (0x000000008c129600) 
thrown [s\src\hotspot\share\classfile\systemDictionary.cpp, line 256]
Event: 15.913 Thread 0x000001b57f215010 Exception <a 'java/lang/ClassNotFoundException'{0x000000008c15e998}: org/jetbrains/kotlin/gradle/targets/js/npm/DefaultDevNpmDependencyExtensionBeanInfo> (0x000000008c15e998) 
thrown [s\src\hotspot\share\classfile\systemDictionary.cpp, line 256]
Event: 15.913 Thread 0x000001b57f215010 Exception <a 'java/lang/ClassNotFoundException'{0x000000008c16a020}: org/jetbrains/kotlin/gradle/targets/js/npm/DefaultDevNpmDependencyExtensionCustomizer> (0x000000008c16a020) 
thrown [s\src\hotspot\share\classfile\systemDictionary.cpp, line 256]
Event: 15.917 Thread 0x000001b57f215010 Exception <a 'java/lang/ClassNotFoundException'{0x000000008c1a40f0}: org/jetbrains/kotlin/gradle/targets/js/npm/DefaultPeerNpmDependencyExtensionBeanInfo> (0x000000008c1a40f0) 
thrown [s\src\hotspot\share\classfile\systemDictionary.cpp, line 256]
Event: 15.917 Thread 0x000001b57f215010 Exception <a 'java/lang/ClassNotFoundException'{0x000000008c1af7a8}: org/jetbrains/kotlin/gradle/targets/js/npm/DefaultPeerNpmDependencyExtensionCustomizer> (0x000000008c1af7a8) 
thrown [s\src\hotspot\share\classfile\systemDictionary.cpp, line 256]
Event: 15.920 Thread 0x000001b57f215010 Exception <a 'java/lang/ClassNotFoundException'{0x000000008c1f0848}: org/jetbrains/kotlin/gradle/targets/js/npm/DefaultPeerNpmDependencyExtension$delegate$1BeanInfo> (0x000000008c1f0848) 
thrown [s\src\hotspot\share\classfile\systemDictionary.cpp, line 256]
Event: 15.920 Thread 0x000001b57f215010 Exception <a 'java/lang/ClassNotFoundException'{0x000000008c1fc0c8}: org/jetbrains/kotlin/gradle/targets/js/npm/DefaultPeerNpmDependencyExtension$delegate$1Customizer> (0x000000008c1fc0c8) 
thrown [s\src\hotspot\share\classfile\systemDictionary.cpp, line 256]
Event: 17.741 Thread 0x000001b57f215010 Exception <a 'java/lang/NoSuchMethodError'{0x000000008a874ee8}: 'int java.lang.invoke.DirectMethodHandle$Holder.invokeSpecialIFC(java.lang.Object, java.lang.Object, java.lang.Object, java.lang.Object, java.lang.Object)'> (0x000000008a874ee8) 
thrown [s\src\hotspot\share\interpreter\linkResolver.cpp, line 771]
Event: 17.911 Thread 0x000001b57f215010 Exception <a 'java/lang/ClassNotFoundException'{0x0000000089bbe388}: com/android/build/gradle/internal/api/ApkVariantOutputImpl_DecoratedBeanInfo> (0x0000000089bbe388) 
thrown [s\src\hotspot\share\classfile\systemDictionary.cpp, line 256]
Event: 17.911 Thread 0x000001b57f215010 Exception <a 'java/lang/ClassNotFoundException'{0x0000000089bcbd68}: com/android/build/gradle/internal/api/ApkVariantOutputImplBeanInfo> (0x0000000089bcbd68) 
thrown [s\src\hotspot\share\classfile\systemDictionary.cpp, line 256]
Event: 17.911 Thread 0x000001b57f215010 Exception <a 'java/lang/ClassNotFoundException'{0x0000000089bd9758}: com/android/build/gradle/internal/api/BaseVariantOutputImplBeanInfo> (0x0000000089bd9758) 
thrown [s\src\hotspot\share\classfile\systemDictionary.cpp, line 256]
Event: 17.912 Thread 0x000001b57f215010 Exception <a 'java/lang/ClassNotFoundException'{0x0000000089be7120}: com/android/build/gradle/internal/api/BaseVariantOutputImplCustomizer> (0x0000000089be7120) 
thrown [s\src\hotspot\share\classfile\systemDictionary.cpp, line 256]
Event: 17.912 Thread 0x000001b57f215010 Exception <a 'java/lang/ClassNotFoundException'{0x0000000089a07e80}: com/android/build/gradle/internal/api/ApkVariantOutputImplCustomizer> (0x0000000089a07e80) 
thrown [s\src\hotspot\share\classfile\systemDictionary.cpp, line 256]
Event: 17.913 Thread 0x000001b57f215010 Exception <a 'java/lang/ClassNotFoundException'{0x0000000089a23790}: com/android/build/gradle/internal/api/ApkVariantOutputImpl_DecoratedCustomizer> (0x0000000089a23790) 
thrown [s\src\hotspot\share\classfile\systemDictionary.cpp, line 256]
Event: 17.976 Thread 0x000001b57f215010 Exception <a 'java/lang/ClassNotFoundException'{0x00000000896a0470}: com/android/build/gradle/internal/api/ReadOnlyBuildTypeBeanInfo> (0x00000000896a0470) 
thrown [s\src\hotspot\share\classfile\systemDictionary.cpp, line 256]
Event: 17.976 Thread 0x000001b57f215010 Exception <a 'java/lang/ClassNotFoundException'{0x00000000896aeb40}: com/android/build/gradle/internal/api/ReadOnlyBaseConfigBeanInfo> (0x00000000896aeb40) 
thrown [s\src\hotspot\share\classfile\systemDictionary.cpp, line 256]
Event: 17.977 Thread 0x000001b57f215010 Exception <a 'java/lang/ClassNotFoundException'{0x00000000896bc790}: com/android/build/gradle/internal/api/ReadOnlyBaseConfigCustomizer> (0x00000000896bc790) 
thrown [s\src\hotspot\share\classfile\systemDictionary.cpp, line 256]
Event: 17.977 Thread 0x000001b57f215010 Exception <a 'java/lang/ClassNotFoundException'{0x00000000896dace0}: com/android/build/gradle/internal/api/ReadOnlyBuildTypeCustomizer> (0x00000000896dace0) 
thrown [s\src\hotspot\share\classfile\systemDictionary.cpp, line 256]
Event: 18.570 Thread 0x000001b57f215010 Exception <a 'java/lang/NoSuchMethodError'{0x000000008c1dba18}: static Lcom/android/build/gradle/internal/profile/ProjectData;.<clinit>()V> (0x000000008c1dba18) 
thrown [s\src\hotspot\share\prims\jni.cpp, line 1108]
Event: 18.604 Thread 0x000001b57f215010 Exception <a 'sun/nio/fs/WindowsException'{0x000000008bfed0a0}> (0x000000008bfed0a0) 
thrown [s\src\hotspot\share\prims\jni.cpp, line 517]

VM Operations (20 events):
Event: 15.921 Executing VM operation: ICBufferFull
Event: 15.921 Executing VM operation: ICBufferFull done
Event: 16.790 Executing VM operation: G1CollectForAllocation
Event: 16.799 Executing VM operation: G1CollectForAllocation done
Event: 16.923 Executing VM operation: HandshakeAllThreads
Event: 16.923 Executing VM operation: HandshakeAllThreads done
Event: 17.160 Executing VM operation: HandshakeAllThreads
Event: 17.160 Executing VM operation: HandshakeAllThreads done
Event: 17.699 Executing VM operation: ICBufferFull
Event: 17.699 Executing VM operation: ICBufferFull done
Event: 18.167 Executing VM operation: G1CollectForAllocation
Event: 18.178 Executing VM operation: G1CollectForAllocation done
Event: 18.261 Executing VM operation: HandshakeAllThreads
Event: 18.261 Executing VM operation: HandshakeAllThreads done
Event: 18.315 Executing VM operation: HandshakeAllThreads
Event: 18.316 Executing VM operation: HandshakeAllThreads done
Event: 18.681 Executing VM operation: ICBufferFull
Event: 18.681 Executing VM operation: ICBufferFull done
Event: 18.691 Executing VM operation: HandshakeAllThreads
Event: 18.691 Executing VM operation: HandshakeAllThreads done

Events (20 events):
Event: 18.478 loading class java/time/Month$1 done
Event: 18.478 loading class java/time/format/DateTimeFormatterBuilder$2
Event: 18.478 loading class java/time/format/DateTimeFormatterBuilder$2 done
Event: 18.478 loading class java/time/LocalTime$1
Event: 18.478 loading class java/time/LocalTime$1 done
Event: 18.481 loading class java/nio/channels/Channels$1
Event: 18.481 loading class java/nio/channels/Channels$1 done
Event: 18.568 loading class java/io/ObjectOutputStream$BlockDataOutputStream
Event: 18.569 loading class java/io/ObjectOutputStream$BlockDataOutputStream done
Event: 18.569 loading class java/io/ObjectOutputStream$HandleTable
Event: 18.569 loading class java/io/ObjectOutputStream$HandleTable done
Event: 18.569 loading class java/io/ObjectOutputStream$ReplaceTable
Event: 18.569 loading class java/io/ObjectOutputStream$ReplaceTable done
Event: 18.610 Thread 0x000001b50467e3f0 Thread added: 0x000001b50467e3f0
Event: 18.610 loading class java/util/concurrent/ConcurrentLinkedQueue$Itr
Event: 18.611 loading class java/util/concurrent/ConcurrentLinkedQueue$Itr done
Event: 18.690 loading class java/util/AbstractList$ListItr
Event: 18.690 loading class java/util/AbstractList$ListItr done
Event: 18.731 loading class java/io/NotSerializableException
Event: 18.731 loading class java/io/NotSerializableException done


Dynamic libraries:
0x00007ff7be870000 - 0x00007ff7be87a000 	C:\Program Files\Android\Android Studio\jbr\bin\java.exe
0x00007ff9850b0000 - 0x00007ff9852c6000 	C:\WINDOWS\SYSTEM32\ntdll.dll
0x00007ff9844b0000 - 0x00007ff984574000 	C:\WINDOWS\System32\KERNEL32.DLL
0x00007ff982a50000 - 0x00007ff982df6000 	C:\WINDOWS\System32\KERNELBASE.dll
0x00007ff9827c0000 - 0x00007ff9828d1000 	C:\WINDOWS\System32\ucrtbase.dll
0x00007ff969eb0000 - 0x00007ff969ec7000 	C:\Program Files\Android\Android Studio\jbr\bin\jli.dll
0x00007ff97d720000 - 0x00007ff97d73b000 	C:\Program Files\Android\Android Studio\jbr\bin\VCRUNTIME140.dll
0x00007ff9840a0000 - 0x00007ff98424d000 	C:\WINDOWS\System32\USER32.dll
0x00007ff982790000 - 0x00007ff9827b6000 	C:\WINDOWS\System32\win32u.dll
0x00007ff9787e0000 - 0x00007ff978a73000 	C:\WINDOWS\WinSxS\amd64_microsoft.windows.common-controls_6595b64144ccf1df_6.0.22621.3235_none_270f74e173860f98\COMCTL32.dll
0x00007ff982fe0000 - 0x00007ff983009000 	C:\WINDOWS\System32\GDI32.dll
0x00007ff982f30000 - 0x00007ff982fd7000 	C:\WINDOWS\System32\msvcrt.dll
0x00007ff982670000 - 0x00007ff982788000 	C:\WINDOWS\System32\gdi32full.dll
0x00007ff982550000 - 0x00007ff9825ea000 	C:\WINDOWS\System32\msvcp_win.dll
0x00007ff983010000 - 0x00007ff983041000 	C:\WINDOWS\System32\IMM32.DLL
0x00007ff97dd10000 - 0x00007ff97dd1c000 	C:\Program Files\Android\Android Studio\jbr\bin\vcruntime140_1.dll
0x00007ff948060000 - 0x00007ff9480ed000 	C:\Program Files\Android\Android Studio\jbr\bin\msvcp140.dll
0x00007ff8f2620000 - 0x00007ff8f328e000 	C:\Program Files\Android\Android Studio\jbr\bin\server\jvm.dll
0x00007ff984590000 - 0x00007ff984642000 	C:\WINDOWS\System32\ADVAPI32.dll
0x00007ff984fc0000 - 0x00007ff985068000 	C:\WINDOWS\System32\sechost.dll
0x00007ff982520000 - 0x00007ff982548000 	C:\WINDOWS\System32\bcrypt.dll
0x00007ff984ae0000 - 0x00007ff984bf5000 	C:\WINDOWS\System32\RPCRT4.dll
0x00007ff97b0a0000 - 0x00007ff97b0d4000 	C:\WINDOWS\SYSTEM32\WINMM.dll
0x00007ff9794f0000 - 0x00007ff9794fa000 	C:\WINDOWS\SYSTEM32\VERSION.dll
0x00007ff965ad0000 - 0x00007ff965ad9000 	C:\WINDOWS\SYSTEM32\WSOCK32.dll
0x00007ff983050000 - 0x00007ff9830c1000 	C:\WINDOWS\System32\WS2_32.dll
0x00007ff981430000 - 0x00007ff981448000 	C:\WINDOWS\SYSTEM32\kernel.appcore.dll
0x00007ff97dd00000 - 0x00007ff97dd0a000 	C:\Program Files\Android\Android Studio\jbr\bin\jimage.dll
0x00007ff971f00000 - 0x00007ff972133000 	C:\WINDOWS\SYSTEM32\DBGHELP.DLL
0x00007ff983290000 - 0x00007ff983618000 	C:\WINDOWS\System32\combase.dll
0x00007ff983f50000 - 0x00007ff984027000 	C:\WINDOWS\System32\OLEAUT32.dll
0x00007ff978bb0000 - 0x00007ff978be2000 	C:\WINDOWS\SYSTEM32\dbgcore.DLL
0x00007ff9825f0000 - 0x00007ff98266a000 	C:\WINDOWS\System32\bcryptPrimitives.dll
0x00007ff97dcd0000 - 0x00007ff97dcf5000 	C:\Program Files\Android\Android Studio\jbr\bin\java.dll
0x00007ff97dc10000 - 0x00007ff97dc28000 	C:\Program Files\Android\Android Studio\jbr\bin\zip.dll
0x00007ff9836f0000 - 0x00007ff983f4d000 	C:\WINDOWS\System32\SHELL32.dll
0x00007ff980350000 - 0x00007ff980c48000 	C:\WINDOWS\SYSTEM32\windows.storage.dll
0x00007ff980210000 - 0x00007ff98034e000 	C:\WINDOWS\SYSTEM32\wintypes.dll
0x00007ff9843b0000 - 0x00007ff9844a3000 	C:\WINDOWS\System32\SHCORE.dll
0x00007ff984040000 - 0x00007ff98409e000 	C:\WINDOWS\System32\shlwapi.dll
0x00007ff982320000 - 0x00007ff982346000 	C:\WINDOWS\SYSTEM32\profapi.dll
0x00007ff979740000 - 0x00007ff979759000 	C:\Program Files\Android\Android Studio\jbr\bin\net.dll
0x00007ff97ca30000 - 0x00007ff97cb67000 	C:\WINDOWS\SYSTEM32\WINHTTP.dll
0x00007ff981920000 - 0x00007ff981989000 	C:\WINDOWS\system32\mswsock.dll
0x00007ff96a110000 - 0x00007ff96a126000 	C:\Program Files\Android\Android Studio\jbr\bin\nio.dll
0x00007ff9716d0000 - 0x00007ff9716e0000 	C:\Program Files\Android\Android Studio\jbr\bin\verify.dll
0x00007ff9600d0000 - 0x00007ff9600f7000 	C:\Users\23480\.gradle\native\68d5fa5c4cc2d200863cafc0d521ce42e7d3e7ee720ec0a83991735586a16f82\windows-amd64\native-platform.dll
0x00007ff905f50000 - 0x00007ff906094000 	C:\Users\23480\.gradle\native\e376f236ea51e6404a007f0833ffe2c6e607c4080706a723a18a27aeea778392\windows-amd64\native-platform-file-events.dll
0x00007ff9698d0000 - 0x00007ff9698d9000 	C:\Program Files\Android\Android Studio\jbr\bin\management.dll
0x00007ff969840000 - 0x00007ff96984b000 	C:\Program Files\Android\Android Studio\jbr\bin\management_ext.dll
0x00007ff984da0000 - 0x00007ff984da8000 	C:\WINDOWS\System32\PSAPI.DLL
0x00007ff981b70000 - 0x00007ff981b8b000 	C:\WINDOWS\SYSTEM32\CRYPTSP.dll
0x00007ff981390000 - 0x00007ff9813c5000 	C:\WINDOWS\system32\rsaenh.dll
0x00007ff981a10000 - 0x00007ff981a3c000 	C:\WINDOWS\SYSTEM32\USERENV.dll
0x00007ff981b90000 - 0x00007ff981b9c000 	C:\WINDOWS\SYSTEM32\CRYPTBASE.dll
0x00007ff980eb0000 - 0x00007ff980edd000 	C:\WINDOWS\SYSTEM32\IPHLPAPI.DLL
0x00007ff984650000 - 0x00007ff984659000 	C:\WINDOWS\System32\NSI.dll
0x00007ff97ca10000 - 0x00007ff97ca29000 	C:\WINDOWS\SYSTEM32\dhcpcsvc6.DLL
0x00007ff97c9f0000 - 0x00007ff97ca0f000 	C:\WINDOWS\SYSTEM32\dhcpcsvc.DLL
0x00007ff980f20000 - 0x00007ff981019000 	C:\WINDOWS\SYSTEM32\DNSAPI.dll
0x00007ff923540000 - 0x00007ff923548000 	C:\WINDOWS\system32\wshunix.dll
0x0000000075570000 - 0x0000000075596000 	C:\Program Files\Bonjour\mdnsNSP.dll
0x00007ff979710000 - 0x00007ff97971a000 	C:\Windows\System32\rasadhlp.dll
0x00007ff97a820000 - 0x00007ff97a8a3000 	C:\WINDOWS\System32\fwpuclnt.dll
0x00007ff960980000 - 0x00007ff960997000 	C:\WINDOWS\system32\napinsp.dll
0x00007ff960910000 - 0x00007ff96092b000 	C:\WINDOWS\system32\pnrpnsp.dll
0x00007ff95fae0000 - 0x00007ff95faf1000 	C:\WINDOWS\System32\winrnr.dll
0x00007ff95e920000 - 0x00007ff95e935000 	C:\WINDOWS\system32\wshbth.dll
0x00007ff95e8f0000 - 0x00007ff95e911000 	C:\WINDOWS\system32\nlansp_c.dll

dbghelp: loaded successfully - version: 4.0.5 - missing functions: none
symbol engine: initialized successfully - sym options: 0x614 - pdb path: .;C:\Program Files\Android\Android Studio\jbr\bin;C:\WINDOWS\SYSTEM32;C:\WINDOWS\WinSxS\amd64_microsoft.windows.common-controls_6595b64144ccf1df_6.0.22621.3235_none_270f74e173860f98;C:\Program Files\Android\Android Studio\jbr\bin\server;C:\Users\23480\.gradle\native\68d5fa5c4cc2d200863cafc0d521ce42e7d3e7ee720ec0a83991735586a16f82\windows-amd64;C:\Users\23480\.gradle\native\e376f236ea51e6404a007f0833ffe2c6e607c4080706a723a18a27aeea778392\windows-amd64;C:\Program Files\Bonjour

VM Arguments:
jvm_args: --add-opens=java.base/java.util.concurrent.atomic=ALL-UNNAMED --add-opens=java.base/java.util=ALL-UNNAMED --add-opens=java.base/java.lang=ALL-UNNAMED --add-opens=java.base/java.lang.invoke=ALL-UNNAMED --add-opens=java.prefs/java.util.prefs=ALL-UNNAMED --add-opens=java.base/java.nio.charset=ALL-UNNAMED --add-opens=java.base/java.net=ALL-UNNAMED --add-opens=java.base/java.util.concurrent.atomic=ALL-UNNAMED -Xmx2048m -Dfile.encoding=UTF-8 -Duser.country=US -Duser.language=en -Duser.variant 
java_command: org.gradle.launcher.daemon.bootstrap.GradleDaemon 8.0
java_class_path (initial): C:\Users\23480\.gradle\wrapper\dists\gradle-8.0-bin\ca5e32bp14vu59qr306oxotwh\gradle-8.0\lib\gradle-launcher-8.0.jar
Launcher Type: SUN_STANDARD

[Global flags]
     intx CICompilerCount                          = 4                                         {product} {ergonomic}
     uint ConcGCThreads                            = 2                                         {product} {ergonomic}
     uint G1ConcRefinementThreads                  = 8                                         {product} {ergonomic}
   size_t G1HeapRegionSize                         = 1048576                                   {product} {ergonomic}
    uintx GCDrainStackTargetSize                   = 64                                        {product} {ergonomic}
   size_t InitialHeapSize                          = 123731968                                 {product} {ergonomic}
   size_t MarkStackSize                            = 4194304                                   {product} {ergonomic}
   size_t MaxHeapSize                              = 2147483648                                {product} {command line}
   size_t MaxNewSize                               = 1287651328                                {product} {ergonomic}
   size_t MinHeapDeltaBytes                        = 1048576                                   {product} {ergonomic}
   size_t MinHeapSize                              = 8388608                                   {product} {ergonomic}
    uintx NonNMethodCodeHeapSize                   = 5839372                                {pd product} {ergonomic}
    uintx NonProfiledCodeHeapSize                  = 122909434                              {pd product} {ergonomic}
    uintx ProfiledCodeHeapSize                     = 122909434                              {pd product} {ergonomic}
    uintx ReservedCodeCacheSize                    = 251658240                              {pd product} {ergonomic}
     bool SegmentedCodeCache                       = true                                      {product} {ergonomic}
   size_t SoftMaxHeapSize                          = 2147483648                             {manageable} {ergonomic}
     bool UseCompressedClassPointers               = true                           {product lp64_product} {ergonomic}
     bool UseCompressedOops                        = true                           {product lp64_product} {ergonomic}
     bool UseG1GC                                  = true                                      {product} {ergonomic}
     bool UseLargePagesIndividualAllocation        = false                                  {pd product} {ergonomic}

Logging:
Log output configuration:
 #0: stdout all=warning uptime,level,tags
 #1: stderr all=off uptime,level,tags

Environment Variables:
PATH=C:\WINDOWS\system32;C:\WINDOWS;C:\WINDOWS\System32\Wbem;C:\WINDOWS\System32\WindowsPowerShell\v1.0\;C:\WINDOWS\System32\OpenSSH\;C:\Program Files\nodejs\;C:\Program Files\Git\cmd;C:\Users\23480\AppData\Local\Programs\Python\Python311\Scripts\;C:\Users\23480\AppData\Local\Programs\Python\Python311\;C:\Users\23480\AppData\Local\Microsoft\WindowsApps;C:\Users\23480\AppData\Local\atom\bin;C:\Users\23480\AppData\Local\Programs\Microsoft VS Code\bin;C:\Users\23480\AppData\Local\Microsoft\WindowsApps;;C:\Program Files\JetBrains\IntelliJ IDEA Community Edition 2023.2.1\bin;;C:\Users\23480\AppData\Roaming\npm
USERNAME=23480
OS=Windows_NT
PROCESSOR_IDENTIFIER=AMD64 Family 23 Model 104 Stepping 1, AuthenticAMD
TMP=C:\Users\23480\AppData\Local\Temp
TEMP=C:\Users\23480\AppData\Local\Temp


JNI global refs:
JNI global refs: 26, weak refs: 20

JNI global refs memory usage: 843, weak refs: 841


---------------  S Y S T E M  ---------------

OS:
 Windows 11 , 64 bit Build 22621 (10.0.22621.3235)
OS uptime: 0 days 1:58 hours

CPU: total 8 (initial active 8) (8 cores per cpu, 2 threads per core) family 23 model 104 stepping 1 microcode 0x0, cx8, cmov, fxsr, ht, mmx, 3dnowpref, sse, sse2, sse3, ssse3, sse4a, sse4.1, sse4.2, popcnt, lzcnt, tsc, tscinvbit, avx, avx2, aes, clmul, bmi1, bmi2, adx, sha, fma, vzeroupper, clflush, clflushopt

Memory: 4k page, system-wide physical 7502M (321M free)
TotalPageFile size 11571M (AvailPageFile size 4M)
current process WorkingSet (physical memory assigned to process): 465M, peak: 467M
current process commit charge ("private bytes"): 511M, peak: 512M

vm_info: OpenJDK 64-Bit Server VM (17.0.6+0-b2043.56-10027231) for windows-amd64 JRE (17.0.6+0-b2043.56-10027231), built on Apr 28 2023 00:43:19 by "androidbuild" with MS VC++ 16.10 / 16.11 (VS2019)

END.
