#
# There is insufficient memory for the Java Runtime Environment to continue.
# Native memory allocation (malloc) failed to allocate 1092496 bytes for Chunk::new
# Possible reasons:
#   The system is out of physical RAM or swap space
#   The process is running with CompressedOops enabled, and the Java Heap may be blocking the growth of the native heap
# Possible solutions:
#   Reduce memory load on the system
#   Increase physical memory or swap space
#   Check if swap backing store is full
#   Decrease Java heap size (-Xmx/-Xms)
#   Decrease number of Java threads
#   Decrease Java thread stack sizes (-Xss)
#   Set larger code cache with -XX:ReservedCodeCacheSize=
#   JVM is running with Unscaled Compressed Oops mode in which the Java heap is
#     placed in the first 4GB address space. The Java Heap base address is the
#     maximum limit for the native heap growth. Please use -XX:HeapBaseMinAddress
#     to set the Java Heap base and to place the Java Heap above 4GB virtual address.
# This output file may be truncated or incomplete.
#
#  Out of Memory Error (arena.cpp:189), pid=14452, tid=3060
#
# JRE version: OpenJDK Runtime Environment (17.0.6) (build 17.0.6+0-b2043.56-10027231)
# Java VM: OpenJDK 64-Bit Server VM (17.0.6+0-b2043.56-10027231, mixed mode, tiered, compressed oops, compressed class ptrs, g1 gc, windows-amd64)
# No core dump will be written. Minidumps are not enabled by default on client versions of Windows
#

---------------  S U M M A R Y ------------

Command Line: --add-opens=java.base/java.util=ALL-UNNAMED --add-opens=java.base/java.lang=ALL-UNNAMED --add-opens=java.base/java.lang.invoke=ALL-UNNAMED --add-opens=java.prefs/java.util.prefs=ALL-UNNAMED --add-opens=java.base/java.nio.charset=ALL-UNNAMED --add-opens=java.base/java.net=ALL-UNNAMED --add-opens=java.base/java.util.concurrent.atomic=ALL-UNNAMED -Xmx2048m -Dfile.encoding=UTF-8 -Duser.country=US -Duser.language=en -Duser.variant org.gradle.launcher.daemon.bootstrap.GradleDaemon 8.0

Host: AMD Ryzen 3 5300U with Radeon Graphics         , 8 cores, 7G,  Windows 11 , 64 bit Build 22621 (10.0.22621.3235)
Time: Mon Mar 25 12:11:24 2024 W. Central Africa Standard Time elapsed time: 5.594685 seconds (0d 0h 0m 5s)

---------------  T H R E A D  ---------------

Current thread (0x000001d5d4040240):  JavaThread "C2 CompilerThread1" daemon [_thread_in_native, id=3060, stack(0x000000834ca00000,0x000000834cb00000)]


Current CompileTask:
C2:   5594 3929       4       org.objectweb.asm.Frame::execute (2318 bytes)

Stack: [0x000000834ca00000,0x000000834cb00000]
Native frames: (J=compiled Java code, j=interpreted, Vv=VM code, C=native code)
V  [jvm.dll+0x683c9a]
V  [jvm.dll+0x8427a4]
V  [jvm.dll+0x843f9e]
V  [jvm.dll+0x844603]
V  [jvm.dll+0x249b75]
V  [jvm.dll+0xabcac]
V  [jvm.dll+0xac27c]
V  [jvm.dll+0x2b0eef]
V  [jvm.dll+0x58a267]
V  [jvm.dll+0x2243b2]
V  [jvm.dll+0x22478f]
V  [jvm.dll+0x21e055]
V  [jvm.dll+0x21b51b]
V  [jvm.dll+0x1a4fdd]
V  [jvm.dll+0x22b098]
V  [jvm.dll+0x229159]
V  [jvm.dll+0x7f81ec]
V  [jvm.dll+0x7f274a]
V  [jvm.dll+0x682ad5]
C  [ucrtbase.dll+0x29363]
C  [KERNEL32.DLL+0x1257d]
C  [ntdll.dll+0x5aa58]


---------------  P R O C E S S  ---------------

Threads class SMR info:
_java_thread_list=0x000001d5d75e41e0, length=38, elements={
0x000001d5b83e0ac0, 0x000001d5d2249260, 0x000001d5d22045e0, 0x000001d5d221f340,
0x000001d5d2220f00, 0x000001d5d2221ab0, 0x000001d5d2222460, 0x000001d5d2223140,
0x000001d5d2c198e0, 0x000001d5d2c1c2e0, 0x000001d5d2dbe070, 0x000001d5d2dbe540,
0x000001d5d472db70, 0x000001d5d4702ee0, 0x000001d5d2f74070, 0x000001d5d4040240,
0x000001d5d535c100, 0x000001d5d47441c0, 0x000001d5d45639b0, 0x000001d5d4198f90,
0x000001d5d43060f0, 0x000001d5d43065c0, 0x000001d5d55e7030, 0x000001d5d5b10c90,
0x000001d5d5a34dd0, 0x000001d5d3c36e10, 0x000001d5d3c33920, 0x000001d5d3c342c0,
0x000001d5d3c34790, 0x000001d5d3c33df0, 0x000001d5d3c35130, 0x000001d5d3c35600,
0x000001d5d3c35fa0, 0x000001d5d3c36940, 0x000001d5d5e9b210, 0x000001d5d5e9b6e0,
0x000001d5d5e986c0, 0x000001d5d5e969e0
}

Java Threads: ( => current thread )
  0x000001d5b83e0ac0 JavaThread "main" [_thread_blocked, id=11592, stack(0x000000834b000000,0x000000834b100000)]
  0x000001d5d2249260 JavaThread "Reference Handler" daemon [_thread_blocked, id=15248, stack(0x000000834b700000,0x000000834b800000)]
  0x000001d5d22045e0 JavaThread "Finalizer" daemon [_thread_blocked, id=3560, stack(0x000000834b800000,0x000000834b900000)]
  0x000001d5d221f340 JavaThread "Signal Dispatcher" daemon [_thread_blocked, id=3028, stack(0x000000834b900000,0x000000834ba00000)]
  0x000001d5d2220f00 JavaThread "Attach Listener" daemon [_thread_blocked, id=21652, stack(0x000000834ba00000,0x000000834bb00000)]
  0x000001d5d2221ab0 JavaThread "Service Thread" daemon [_thread_blocked, id=18848, stack(0x000000834bb00000,0x000000834bc00000)]
  0x000001d5d2222460 JavaThread "Monitor Deflation Thread" daemon [_thread_blocked, id=14480, stack(0x000000834bc00000,0x000000834bd00000)]
  0x000001d5d2223140 JavaThread "C2 CompilerThread0" daemon [_thread_blocked, id=21812, stack(0x000000834bd00000,0x000000834be00000)]
  0x000001d5d2c198e0 JavaThread "C1 CompilerThread0" daemon [_thread_blocked, id=18464, stack(0x000000834be00000,0x000000834bf00000)]
  0x000001d5d2c1c2e0 JavaThread "Sweeper thread" daemon [_thread_blocked, id=21624, stack(0x000000834bf00000,0x000000834c000000)]
  0x000001d5d2dbe070 JavaThread "Common-Cleaner" daemon [_thread_blocked, id=20412, stack(0x000000834c000000,0x000000834c100000)]
  0x000001d5d2dbe540 JavaThread "Notification Thread" daemon [_thread_blocked, id=21648, stack(0x000000834c100000,0x000000834c200000)]
  0x000001d5d472db70 JavaThread "Daemon health stats" [_thread_blocked, id=12768, stack(0x000000834c900000,0x000000834ca00000)]
  0x000001d5d4702ee0 JavaThread "Incoming local TCP Connector on port 52129" [_thread_in_native, id=15816, stack(0x000000834c300000,0x000000834c400000)]
  0x000001d5d2f74070 JavaThread "Daemon periodic checks" [_thread_blocked, id=6100, stack(0x000000834c400000,0x000000834c500000)]
=>0x000001d5d4040240 JavaThread "C2 CompilerThread1" daemon [_thread_in_native, id=3060, stack(0x000000834ca00000,0x000000834cb00000)]
  0x000001d5d535c100 JavaThread "Daemon" [_thread_blocked, id=4788, stack(0x000000834cb00000,0x000000834cc00000)]
  0x000001d5d47441c0 JavaThread "Handler for socket connection from /127.0.0.1:52129 to /127.0.0.1:52130" [_thread_in_native, id=5952, stack(0x000000834cc00000,0x000000834cd00000)]
  0x000001d5d45639b0 JavaThread "Cancel handler" [_thread_blocked, id=18956, stack(0x000000834cd00000,0x000000834ce00000)]
  0x000001d5d4198f90 JavaThread "Daemon worker" [_thread_in_vm, id=15940, stack(0x000000834ce00000,0x000000834cf00000)]
  0x000001d5d43060f0 JavaThread "Asynchronous log dispatcher for DefaultDaemonConnection: socket connection from /127.0.0.1:52129 to /127.0.0.1:52130" [_thread_blocked, id=12920, stack(0x000000834cf00000,0x000000834d000000)]
  0x000001d5d43065c0 JavaThread "Stdin handler" [_thread_blocked, id=4520, stack(0x000000834d000000,0x000000834d100000)]
  0x000001d5d55e7030 JavaThread "Daemon client event forwarder" [_thread_blocked, id=11752, stack(0x000000834d100000,0x000000834d200000)]
  0x000001d5d5b10c90 JavaThread "Cache worker for journal cache (C:\Users\23480\.gradle\caches\journal-1)" [_thread_blocked, id=18708, stack(0x000000834d600000,0x000000834d700000)]
  0x000001d5d5a34dd0 JavaThread "File lock request listener" [_thread_in_native, id=22132, stack(0x000000834d700000,0x000000834d800000)]
  0x000001d5d3c36e10 JavaThread "Cache worker for file hash cache (C:\Users\23480\.gradle\caches\8.0\fileHashes)" [_thread_blocked, id=2448, stack(0x000000834d800000,0x000000834d900000)]
  0x000001d5d3c33920 JavaThread "File watcher server" daemon [_thread_in_native, id=5180, stack(0x000000834d900000,0x000000834da00000)]
  0x000001d5d3c342c0 JavaThread "File watcher consumer" daemon [_thread_blocked, id=21736, stack(0x000000834da00000,0x000000834db00000)]
  0x000001d5d3c34790 JavaThread "Cache worker for checksums cache (C:\Users\23480\Documents\androidproject\TaskApp\.gradle\8.0\checksums)" [_thread_blocked, id=3580, stack(0x000000834db00000,0x000000834dc00000)]
  0x000001d5d3c33df0 JavaThread "Cache worker for cache directory md-rule (C:\Users\23480\.gradle\caches\8.0\md-rule)" [_thread_blocked, id=19156, stack(0x000000834dc00000,0x000000834dd00000)]
  0x000001d5d3c35130 JavaThread "Cache worker for file content cache (C:\Users\23480\.gradle\caches\8.0\fileContent)" [_thread_blocked, id=20892, stack(0x000000834dd00000,0x000000834de00000)]
  0x000001d5d3c35600 JavaThread "Cache worker for file hash cache (C:\Users\23480\Documents\androidproject\TaskApp\.gradle\8.0\fileHashes)" [_thread_blocked, id=1144, stack(0x000000834de00000,0x000000834df00000)]
  0x000001d5d3c35fa0 JavaThread "Cache worker for cache directory md-supplier (C:\Users\23480\.gradle\caches\8.0\md-supplier)" [_thread_blocked, id=15444, stack(0x000000834df00000,0x000000834e000000)]
  0x000001d5d3c36940 JavaThread "Cache worker for execution history cache (C:\Users\23480\.gradle\caches\8.0\executionHistory)" [_thread_blocked, id=19316, stack(0x000000834e000000,0x000000834e100000)]
  0x000001d5d5e9b210 JavaThread "jar transforms" [_thread_blocked, id=19312, stack(0x000000834e100000,0x000000834e200000)]
  0x000001d5d5e9b6e0 JavaThread "jar transforms Thread 2" [_thread_blocked, id=19304, stack(0x000000834e200000,0x000000834e300000)]
  0x000001d5d5e986c0 JavaThread "Cache worker for kotlin-dsl (C:\Users\23480\.gradle\caches\8.0\kotlin-dsl)" [_thread_blocked, id=21720, stack(0x000000834e400000,0x000000834e500000)]
  0x000001d5d5e969e0 JavaThread "jar transforms Thread 3" [_thread_blocked, id=12960, stack(0x000000834e500000,0x000000834e600000)]

Other Threads:
  0x000001d5d2236a30 VMThread "VM Thread" [stack: 0x000000834b600000,0x000000834b700000] [id=2476]
  0x000001d5d2c08870 WatcherThread [stack: 0x000000834c200000,0x000000834c300000] [id=5776]
  0x000001d5b843bc40 GCTaskThread "GC Thread#0" [stack: 0x000000834b100000,0x000000834b200000] [id=20612]
  0x000001d5d3a9d5f0 GCTaskThread "GC Thread#1" [stack: 0x000000834c500000,0x000000834c600000] [id=18872]
  0x000001d5d4364c40 GCTaskThread "GC Thread#2" [stack: 0x000000834c600000,0x000000834c700000] [id=12124]
  0x000001d5d3b5c4c0 GCTaskThread "GC Thread#3" [stack: 0x000000834c700000,0x000000834c800000] [id=14100]
  0x000001d5d4472c10 GCTaskThread "GC Thread#4" [stack: 0x000000834c800000,0x000000834c900000] [id=13348]
  0x000001d5d54598e0 GCTaskThread "GC Thread#5" [stack: 0x000000834d200000,0x000000834d300000] [id=19368]
  0x000001d5d5459b90 GCTaskThread "GC Thread#6" [stack: 0x000000834d300000,0x000000834d400000] [id=11276]
  0x000001d5d533e120 GCTaskThread "GC Thread#7" [stack: 0x000000834d400000,0x000000834d500000] [id=14068]
  0x000001d5b844cb80 ConcurrentGCThread "G1 Main Marker" [stack: 0x000000834b200000,0x000000834b300000] [id=20648]
  0x000001d5b844d590 ConcurrentGCThread "G1 Conc#0" [stack: 0x000000834b300000,0x000000834b400000] [id=20096]
  0x000001d5d5e4bcc0 ConcurrentGCThread "G1 Conc#1" [stack: 0x000000834d500000,0x000000834d600000] [id=14328]
  0x000001d5d2079100 ConcurrentGCThread "G1 Refine#0" [stack: 0x000000834b400000,0x000000834b500000] [id=1780]
  0x000001d5d7619bc0 ConcurrentGCThread "G1 Refine#1" [stack: 0x000000834e300000,0x000000834e400000] [id=19308]
  0x000001d5d2079b20 ConcurrentGCThread "G1 Service" [stack: 0x000000834b500000,0x000000834b600000] [id=21804]

Threads with active compile tasks:
C2 CompilerThread1     5621 3929       4       org.objectweb.asm.Frame::execute (2318 bytes)

VM state: not at safepoint (normal execution)

VM Mutex/Monitor currently owned by a thread: None

Heap address: 0x0000000080000000, size: 2048 MB, Compressed Oops mode: 32-bit

CDS archive(s) not mapped
Compressed class space mapped at: 0x0000000100000000-0x0000000140000000, reserved size: 1073741824
Narrow klass base: 0x0000000000000000, Narrow klass shift: 3, Narrow klass range: 0x140000000

GC Precious Log:
 CPUs: 8 total, 8 available
 Memory: 7502M
 Large Page Support: Disabled
 NUMA Support: Disabled
 Compressed Oops: Enabled (32-bit)
 Heap Region Size: 1M
 Heap Min Capacity: 8M
 Heap Initial Capacity: 118M
 Heap Max Capacity: 2G
 Pre-touch: Disabled
 Parallel Workers: 8
 Concurrent Workers: 2
 Concurrent Refinement Workers: 8
 Periodic GC: Disabled

Heap:
 garbage-first heap   total 154624K, used 59187K [0x0000000080000000, 0x0000000100000000)
  region size 1024K, 32 young (32768K), 3 survivors (3072K)
 Metaspace       used 45992K, committed 46464K, reserved 1089536K
  class space    used 6040K, committed 6272K, reserved 1048576K

Heap Regions: E=young(eden), S=young(survivor), O=old, HS=humongous(starts), HC=humongous(continues), CS=collection set, F=free, OA=open archive, CA=closed archive, TAMS=top-at-mark-start (previous, next)
|   0|0x0000000080000000, 0x0000000080100000, 0x0000000080100000|100%|HS|  |TAMS 0x0000000080100000, 0x0000000080000000| Complete 
|   1|0x0000000080100000, 0x0000000080200000, 0x0000000080200000|100%|HC|  |TAMS 0x0000000080200000, 0x0000000080100000| Complete 
|   2|0x0000000080200000, 0x0000000080300000, 0x0000000080300000|100%|HC|  |TAMS 0x0000000080300000, 0x0000000080200000| Complete 
|   3|0x0000000080300000, 0x0000000080400000, 0x0000000080400000|100%|HC|  |TAMS 0x0000000080400000, 0x0000000080300000| Complete 
|   4|0x0000000080400000, 0x0000000080500000, 0x0000000080500000|100%| O|  |TAMS 0x0000000080500000, 0x0000000080400000| Untracked 
|   5|0x0000000080500000, 0x0000000080600000, 0x0000000080600000|100%| O|  |TAMS 0x0000000080600000, 0x0000000080500000| Untracked 
|   6|0x0000000080600000, 0x0000000080700000, 0x0000000080700000|100%| O|  |TAMS 0x0000000080700000, 0x0000000080600000| Untracked 
|   7|0x0000000080700000, 0x0000000080800000, 0x0000000080800000|100%| O|  |TAMS 0x0000000080800000, 0x0000000080700000| Untracked 
|   8|0x0000000080800000, 0x0000000080900000, 0x0000000080900000|100%| O|  |TAMS 0x0000000080900000, 0x0000000080800000| Untracked 
|   9|0x0000000080900000, 0x0000000080a00000, 0x0000000080a00000|100%| O|  |TAMS 0x0000000080a00000, 0x0000000080900000| Untracked 
|  10|0x0000000080a00000, 0x0000000080b00000, 0x0000000080b00000|100%| O|  |TAMS 0x0000000080b00000, 0x0000000080a00000| Untracked 
|  11|0x0000000080b00000, 0x0000000080c00000, 0x0000000080c00000|100%|HS|  |TAMS 0x0000000080b00000, 0x0000000080b00000| Complete 
|  12|0x0000000080c00000, 0x0000000080d00000, 0x0000000080d00000|100%| O|  |TAMS 0x0000000080d00000, 0x0000000080c00000| Untracked 
|  13|0x0000000080d00000, 0x0000000080e00000, 0x0000000080e00000|100%| O|  |TAMS 0x0000000080e00000, 0x0000000080d00000| Untracked 
|  14|0x0000000080e00000, 0x0000000080f00000, 0x0000000080f00000|100%| O|  |TAMS 0x0000000080f00000, 0x0000000080e00000| Untracked 
|  15|0x0000000080f00000, 0x0000000081000000, 0x0000000081000000|100%| O|  |TAMS 0x0000000081000000, 0x0000000080f00000| Untracked 
|  16|0x0000000081000000, 0x0000000081100000, 0x0000000081100000|100%| O|  |TAMS 0x0000000081100000, 0x0000000081000000| Untracked 
|  17|0x0000000081100000, 0x0000000081200000, 0x0000000081200000|100%| O|  |TAMS 0x0000000081200000, 0x0000000081100000| Untracked 
|  18|0x0000000081200000, 0x0000000081300000, 0x0000000081300000|100%| O|  |TAMS 0x0000000081300000, 0x0000000081200000| Untracked 
|  19|0x0000000081300000, 0x0000000081400000, 0x0000000081400000|100%| O|  |TAMS 0x0000000081400000, 0x0000000081300000| Untracked 
|  20|0x0000000081400000, 0x0000000081500000, 0x0000000081500000|100%| O|  |TAMS 0x0000000081400000, 0x0000000081400000| Untracked 
|  21|0x0000000081500000, 0x0000000081600000, 0x0000000081600000|100%| O|  |TAMS 0x0000000081500000, 0x0000000081500000| Untracked 
|  22|0x0000000081600000, 0x0000000081700000, 0x0000000081700000|100%| O|  |TAMS 0x0000000081600000, 0x0000000081600000| Untracked 
|  23|0x0000000081700000, 0x0000000081800000, 0x0000000081800000|100%| O|  |TAMS 0x0000000081751e00, 0x0000000081700000| Untracked 
|  24|0x0000000081800000, 0x0000000081900000, 0x0000000081900000|100%| O|  |TAMS 0x0000000081800000, 0x0000000081800000| Untracked 
|  25|0x0000000081900000, 0x0000000081a00000, 0x0000000081a00000|100%| O|  |TAMS 0x0000000081900000, 0x0000000081900000| Untracked 
|  26|0x0000000081a00000, 0x0000000081b00000, 0x0000000081b00000|100%| O|  |TAMS 0x0000000081a00000, 0x0000000081a00000| Untracked 
|  27|0x0000000081b00000, 0x0000000081c00000, 0x0000000081c00000|100%| O|  |TAMS 0x0000000081b00000, 0x0000000081b00000| Untracked 
|  28|0x0000000081c00000, 0x0000000081c68600, 0x0000000081d00000| 40%| O|  |TAMS 0x0000000081c00000, 0x0000000081c00000| Untracked 
|  29|0x0000000081d00000, 0x0000000081d00000, 0x0000000081e00000|  0%| F|  |TAMS 0x0000000081d00000, 0x0000000081d00000| Untracked 
|  30|0x0000000081e00000, 0x0000000081e00000, 0x0000000081f00000|  0%| F|  |TAMS 0x0000000081e00000, 0x0000000081e00000| Untracked 
|  31|0x0000000081f00000, 0x0000000081f00000, 0x0000000082000000|  0%| F|  |TAMS 0x0000000081f00000, 0x0000000081f00000| Untracked 
|  32|0x0000000082000000, 0x0000000082000000, 0x0000000082100000|  0%| F|  |TAMS 0x0000000082000000, 0x0000000082000000| Untracked 
|  33|0x0000000082100000, 0x0000000082100000, 0x0000000082200000|  0%| F|  |TAMS 0x0000000082100000, 0x0000000082100000| Untracked 
|  34|0x0000000082200000, 0x0000000082200000, 0x0000000082300000|  0%| F|  |TAMS 0x0000000082200000, 0x0000000082200000| Untracked 
|  35|0x0000000082300000, 0x0000000082300000, 0x0000000082400000|  0%| F|  |TAMS 0x0000000082300000, 0x0000000082300000| Untracked 
|  36|0x0000000082400000, 0x0000000082400000, 0x0000000082500000|  0%| F|  |TAMS 0x0000000082400000, 0x0000000082400000| Untracked 
|  37|0x0000000082500000, 0x0000000082500000, 0x0000000082600000|  0%| F|  |TAMS 0x0000000082500000, 0x0000000082500000| Untracked 
|  38|0x0000000082600000, 0x0000000082600000, 0x0000000082700000|  0%| F|  |TAMS 0x0000000082600000, 0x0000000082600000| Untracked 
|  39|0x0000000082700000, 0x0000000082700000, 0x0000000082800000|  0%| F|  |TAMS 0x0000000082700000, 0x0000000082700000| Untracked 
|  40|0x0000000082800000, 0x0000000082800000, 0x0000000082900000|  0%| F|  |TAMS 0x0000000082800000, 0x0000000082800000| Untracked 
|  41|0x0000000082900000, 0x00000000829646a0, 0x0000000082a00000| 39%| S|CS|TAMS 0x0000000082900000, 0x0000000082900000| Complete 
|  42|0x0000000082a00000, 0x0000000082b00000, 0x0000000082b00000|100%| S|CS|TAMS 0x0000000082a00000, 0x0000000082a00000| Complete 
|  43|0x0000000082b00000, 0x0000000082c00000, 0x0000000082c00000|100%| S|CS|TAMS 0x0000000082b00000, 0x0000000082b00000| Complete 
|  44|0x0000000082c00000, 0x0000000082c00000, 0x0000000082d00000|  0%| F|  |TAMS 0x0000000082c00000, 0x0000000082c00000| Untracked 
|  45|0x0000000082d00000, 0x0000000082d00000, 0x0000000082e00000|  0%| F|  |TAMS 0x0000000082d00000, 0x0000000082d00000| Untracked 
|  46|0x0000000082e00000, 0x0000000082e00000, 0x0000000082f00000|  0%| F|  |TAMS 0x0000000082e00000, 0x0000000082e00000| Untracked 
|  47|0x0000000082f00000, 0x0000000082f00000, 0x0000000083000000|  0%| F|  |TAMS 0x0000000082f00000, 0x0000000082f00000| Untracked 
|  48|0x0000000083000000, 0x0000000083000000, 0x0000000083100000|  0%| F|  |TAMS 0x0000000083000000, 0x0000000083000000| Untracked 
|  49|0x0000000083100000, 0x0000000083100000, 0x0000000083200000|  0%| F|  |TAMS 0x0000000083100000, 0x0000000083100000| Untracked 
|  50|0x0000000083200000, 0x0000000083200000, 0x0000000083300000|  0%| F|  |TAMS 0x0000000083200000, 0x0000000083200000| Untracked 
|  51|0x0000000083300000, 0x0000000083300000, 0x0000000083400000|  0%| F|  |TAMS 0x0000000083300000, 0x0000000083300000| Untracked 
|  52|0x0000000083400000, 0x0000000083400000, 0x0000000083500000|  0%| F|  |TAMS 0x0000000083400000, 0x0000000083400000| Untracked 
|  53|0x0000000083500000, 0x0000000083500000, 0x0000000083600000|  0%| F|  |TAMS 0x0000000083500000, 0x0000000083500000| Untracked 
|  54|0x0000000083600000, 0x0000000083600000, 0x0000000083700000|  0%| F|  |TAMS 0x0000000083600000, 0x0000000083600000| Untracked 
|  55|0x0000000083700000, 0x0000000083700000, 0x0000000083800000|  0%| F|  |TAMS 0x0000000083700000, 0x0000000083700000| Untracked 
|  56|0x0000000083800000, 0x0000000083800000, 0x0000000083900000|  0%| F|  |TAMS 0x0000000083800000, 0x0000000083800000| Untracked 
|  57|0x0000000083900000, 0x0000000083900000, 0x0000000083a00000|  0%| F|  |TAMS 0x0000000083900000, 0x0000000083900000| Untracked 
|  58|0x0000000083a00000, 0x0000000083a00000, 0x0000000083b00000|  0%| F|  |TAMS 0x0000000083a00000, 0x0000000083a00000| Untracked 
|  59|0x0000000083b00000, 0x0000000083b00000, 0x0000000083c00000|  0%| F|  |TAMS 0x0000000083b00000, 0x0000000083b00000| Untracked 
|  60|0x0000000083c00000, 0x0000000083c00000, 0x0000000083d00000|  0%| F|  |TAMS 0x0000000083c00000, 0x0000000083c00000| Untracked 
|  61|0x0000000083d00000, 0x0000000083d00000, 0x0000000083e00000|  0%| F|  |TAMS 0x0000000083d00000, 0x0000000083d00000| Untracked 
|  62|0x0000000083e00000, 0x0000000083e00000, 0x0000000083f00000|  0%| F|  |TAMS 0x0000000083e00000, 0x0000000083e00000| Untracked 
|  63|0x0000000083f00000, 0x0000000083f00000, 0x0000000084000000|  0%| F|  |TAMS 0x0000000083f00000, 0x0000000083f00000| Untracked 
|  64|0x0000000084000000, 0x0000000084000000, 0x0000000084100000|  0%| F|  |TAMS 0x0000000084000000, 0x0000000084000000| Untracked 
|  65|0x0000000084100000, 0x0000000084100000, 0x0000000084200000|  0%| F|  |TAMS 0x0000000084100000, 0x0000000084100000| Untracked 
|  66|0x0000000084200000, 0x0000000084200000, 0x0000000084300000|  0%| F|  |TAMS 0x0000000084200000, 0x0000000084200000| Untracked 
|  67|0x0000000084300000, 0x0000000084300000, 0x0000000084400000|  0%| F|  |TAMS 0x0000000084300000, 0x0000000084300000| Untracked 
|  68|0x0000000084400000, 0x0000000084400000, 0x0000000084500000|  0%| F|  |TAMS 0x0000000084400000, 0x0000000084400000| Untracked 
|  69|0x0000000084500000, 0x0000000084500000, 0x0000000084600000|  0%| F|  |TAMS 0x0000000084500000, 0x0000000084500000| Untracked 
|  70|0x0000000084600000, 0x0000000084600000, 0x0000000084700000|  0%| F|  |TAMS 0x0000000084600000, 0x0000000084600000| Untracked 
|  71|0x0000000084700000, 0x0000000084700000, 0x0000000084800000|  0%| F|  |TAMS 0x0000000084700000, 0x0000000084700000| Untracked 
|  72|0x0000000084800000, 0x0000000084800000, 0x0000000084900000|  0%| F|  |TAMS 0x0000000084800000, 0x0000000084800000| Untracked 
|  73|0x0000000084900000, 0x0000000084900000, 0x0000000084a00000|  0%| F|  |TAMS 0x0000000084900000, 0x0000000084900000| Untracked 
|  74|0x0000000084a00000, 0x0000000084a00000, 0x0000000084b00000|  0%| F|  |TAMS 0x0000000084a00000, 0x0000000084a00000| Untracked 
|  75|0x0000000084b00000, 0x0000000084b00000, 0x0000000084c00000|  0%| F|  |TAMS 0x0000000084b00000, 0x0000000084b00000| Untracked 
|  76|0x0000000084c00000, 0x0000000084c00000, 0x0000000084d00000|  0%| F|  |TAMS 0x0000000084c00000, 0x0000000084c00000| Untracked 
|  77|0x0000000084d00000, 0x0000000084d00000, 0x0000000084e00000|  0%| F|  |TAMS 0x0000000084d00000, 0x0000000084d00000| Untracked 
|  78|0x0000000084e00000, 0x0000000084e00000, 0x0000000084f00000|  0%| F|  |TAMS 0x0000000084e00000, 0x0000000084e00000| Untracked 
|  79|0x0000000084f00000, 0x0000000084f00000, 0x0000000085000000|  0%| F|  |TAMS 0x0000000084f00000, 0x0000000084f00000| Untracked 
|  80|0x0000000085000000, 0x0000000085000000, 0x0000000085100000|  0%| F|  |TAMS 0x0000000085000000, 0x0000000085000000| Untracked 
|  81|0x0000000085100000, 0x0000000085100000, 0x0000000085200000|  0%| F|  |TAMS 0x0000000085100000, 0x0000000085100000| Untracked 
|  82|0x0000000085200000, 0x0000000085200000, 0x0000000085300000|  0%| F|  |TAMS 0x0000000085200000, 0x0000000085200000| Untracked 
|  83|0x0000000085300000, 0x0000000085300000, 0x0000000085400000|  0%| F|  |TAMS 0x0000000085300000, 0x0000000085300000| Untracked 
|  84|0x0000000085400000, 0x0000000085400000, 0x0000000085500000|  0%| F|  |TAMS 0x0000000085400000, 0x0000000085400000| Untracked 
|  85|0x0000000085500000, 0x0000000085500000, 0x0000000085600000|  0%| F|  |TAMS 0x0000000085500000, 0x0000000085500000| Untracked 
|  86|0x0000000085600000, 0x0000000085600000, 0x0000000085700000|  0%| F|  |TAMS 0x0000000085600000, 0x0000000085600000| Untracked 
|  87|0x0000000085700000, 0x0000000085700000, 0x0000000085800000|  0%| F|  |TAMS 0x0000000085700000, 0x0000000085700000| Untracked 
|  88|0x0000000085800000, 0x0000000085800000, 0x0000000085900000|  0%| F|  |TAMS 0x0000000085800000, 0x0000000085800000| Untracked 
|  89|0x0000000085900000, 0x0000000085900000, 0x0000000085a00000|  0%| F|  |TAMS 0x0000000085900000, 0x0000000085900000| Untracked 
|  90|0x0000000085a00000, 0x0000000085a00000, 0x0000000085b00000|  0%| F|  |TAMS 0x0000000085a00000, 0x0000000085a00000| Untracked 
|  91|0x0000000085b00000, 0x0000000085b00000, 0x0000000085c00000|  0%| F|  |TAMS 0x0000000085b00000, 0x0000000085b00000| Untracked 
|  92|0x0000000085c00000, 0x0000000085c00000, 0x0000000085d00000|  0%| F|  |TAMS 0x0000000085c00000, 0x0000000085c00000| Untracked 
|  93|0x0000000085d00000, 0x0000000085d00000, 0x0000000085e00000|  0%| F|  |TAMS 0x0000000085d00000, 0x0000000085d00000| Untracked 
|  94|0x0000000085e00000, 0x0000000085e00000, 0x0000000085f00000|  0%| F|  |TAMS 0x0000000085e00000, 0x0000000085e00000| Untracked 
|  95|0x0000000085f00000, 0x0000000085f00000, 0x0000000086000000|  0%| F|  |TAMS 0x0000000085f00000, 0x0000000085f00000| Untracked 
|  96|0x0000000086000000, 0x0000000086000000, 0x0000000086100000|  0%| F|  |TAMS 0x0000000086000000, 0x0000000086000000| Untracked 
|  97|0x0000000086100000, 0x0000000086100000, 0x0000000086200000|  0%| F|  |TAMS 0x0000000086100000, 0x0000000086100000| Untracked 
|  98|0x0000000086200000, 0x0000000086200000, 0x0000000086300000|  0%| F|  |TAMS 0x0000000086200000, 0x0000000086200000| Untracked 
|  99|0x0000000086300000, 0x0000000086300000, 0x0000000086400000|  0%| F|  |TAMS 0x0000000086300000, 0x0000000086300000| Untracked 
| 100|0x0000000086400000, 0x0000000086400000, 0x0000000086500000|  0%| F|  |TAMS 0x0000000086400000, 0x0000000086400000| Untracked 
| 101|0x0000000086500000, 0x0000000086500000, 0x0000000086600000|  0%| F|  |TAMS 0x0000000086500000, 0x0000000086500000| Untracked 
| 102|0x0000000086600000, 0x0000000086600000, 0x0000000086700000|  0%| F|  |TAMS 0x0000000086600000, 0x0000000086600000| Untracked 
| 103|0x0000000086700000, 0x0000000086700000, 0x0000000086800000|  0%| F|  |TAMS 0x0000000086700000, 0x0000000086700000| Untracked 
| 104|0x0000000086800000, 0x0000000086800000, 0x0000000086900000|  0%| F|  |TAMS 0x0000000086800000, 0x0000000086800000| Untracked 
| 105|0x0000000086900000, 0x0000000086900000, 0x0000000086a00000|  0%| F|  |TAMS 0x0000000086900000, 0x0000000086900000| Untracked 
| 106|0x0000000086a00000, 0x0000000086a00000, 0x0000000086b00000|  0%| F|  |TAMS 0x0000000086a00000, 0x0000000086a00000| Untracked 
| 107|0x0000000086b00000, 0x0000000086b00000, 0x0000000086c00000|  0%| F|  |TAMS 0x0000000086b00000, 0x0000000086b00000| Untracked 
| 108|0x0000000086c00000, 0x0000000086c00000, 0x0000000086d00000|  0%| F|  |TAMS 0x0000000086c00000, 0x0000000086c00000| Untracked 
| 109|0x0000000086d00000, 0x0000000086d00000, 0x0000000086e00000|  0%| F|  |TAMS 0x0000000086d00000, 0x0000000086d00000| Untracked 
| 110|0x0000000086e00000, 0x0000000086e00000, 0x0000000086f00000|  0%| F|  |TAMS 0x0000000086e00000, 0x0000000086e00000| Untracked 
| 111|0x0000000086f00000, 0x0000000086f00000, 0x0000000087000000|  0%| F|  |TAMS 0x0000000086f00000, 0x0000000086f00000| Untracked 
| 112|0x0000000087000000, 0x0000000087000000, 0x0000000087100000|  0%| F|  |TAMS 0x0000000087000000, 0x0000000087000000| Untracked 
| 113|0x0000000087100000, 0x0000000087100000, 0x0000000087200000|  0%| F|  |TAMS 0x0000000087100000, 0x0000000087100000| Untracked 
| 114|0x0000000087200000, 0x0000000087200000, 0x0000000087300000|  0%| F|  |TAMS 0x0000000087200000, 0x0000000087200000| Untracked 
| 115|0x0000000087300000, 0x0000000087300000, 0x0000000087400000|  0%| F|  |TAMS 0x0000000087300000, 0x0000000087300000| Untracked 
| 116|0x0000000087400000, 0x0000000087400000, 0x0000000087500000|  0%| F|  |TAMS 0x0000000087400000, 0x0000000087400000| Untracked 
| 117|0x0000000087500000, 0x0000000087500000, 0x0000000087600000|  0%| F|  |TAMS 0x0000000087500000, 0x0000000087500000| Untracked 
| 118|0x0000000087600000, 0x0000000087600000, 0x0000000087700000|  0%| F|  |TAMS 0x0000000087600000, 0x0000000087600000| Untracked 
| 119|0x0000000087700000, 0x0000000087700000, 0x0000000087800000|  0%| F|  |TAMS 0x0000000087700000, 0x0000000087700000| Untracked 
| 120|0x0000000087800000, 0x0000000087800000, 0x0000000087900000|  0%| F|  |TAMS 0x0000000087800000, 0x0000000087800000| Untracked 
| 121|0x0000000087900000, 0x0000000087900000, 0x0000000087a00000|  0%| F|  |TAMS 0x0000000087900000, 0x0000000087900000| Untracked 
| 122|0x0000000087a00000, 0x0000000087b00000, 0x0000000087b00000|100%| E|  |TAMS 0x0000000087a00000, 0x0000000087a00000| Complete 
| 123|0x0000000087b00000, 0x0000000087c00000, 0x0000000087c00000|100%| E|CS|TAMS 0x0000000087b00000, 0x0000000087b00000| Complete 
| 124|0x0000000087c00000, 0x0000000087d00000, 0x0000000087d00000|100%| E|CS|TAMS 0x0000000087c00000, 0x0000000087c00000| Complete 
| 125|0x0000000087d00000, 0x0000000087e00000, 0x0000000087e00000|100%| E|CS|TAMS 0x0000000087d00000, 0x0000000087d00000| Complete 
| 126|0x0000000087e00000, 0x0000000087f00000, 0x0000000087f00000|100%| E|CS|TAMS 0x0000000087e00000, 0x0000000087e00000| Complete 
| 127|0x0000000087f00000, 0x0000000088000000, 0x0000000088000000|100%| E|CS|TAMS 0x0000000087f00000, 0x0000000087f00000| Complete 
| 128|0x0000000088000000, 0x0000000088100000, 0x0000000088100000|100%| E|CS|TAMS 0x0000000088000000, 0x0000000088000000| Complete 
| 129|0x0000000088100000, 0x0000000088200000, 0x0000000088200000|100%| E|CS|TAMS 0x0000000088100000, 0x0000000088100000| Complete 
| 130|0x0000000088200000, 0x0000000088300000, 0x0000000088300000|100%| E|CS|TAMS 0x0000000088200000, 0x0000000088200000| Complete 
| 131|0x0000000088300000, 0x0000000088400000, 0x0000000088400000|100%| E|CS|TAMS 0x0000000088300000, 0x0000000088300000| Complete 
| 132|0x0000000088400000, 0x0000000088500000, 0x0000000088500000|100%| E|CS|TAMS 0x0000000088400000, 0x0000000088400000| Complete 
| 133|0x0000000088500000, 0x0000000088600000, 0x0000000088600000|100%| E|CS|TAMS 0x0000000088500000, 0x0000000088500000| Complete 
| 134|0x0000000088600000, 0x0000000088700000, 0x0000000088700000|100%| E|CS|TAMS 0x0000000088600000, 0x0000000088600000| Complete 
| 135|0x0000000088700000, 0x0000000088800000, 0x0000000088800000|100%| E|CS|TAMS 0x0000000088700000, 0x0000000088700000| Complete 
| 136|0x0000000088800000, 0x0000000088900000, 0x0000000088900000|100%| E|CS|TAMS 0x0000000088800000, 0x0000000088800000| Complete 
| 137|0x0000000088900000, 0x0000000088a00000, 0x0000000088a00000|100%| E|  |TAMS 0x0000000088900000, 0x0000000088900000| Complete 
| 138|0x0000000088a00000, 0x0000000088b00000, 0x0000000088b00000|100%| E|CS|TAMS 0x0000000088a00000, 0x0000000088a00000| Complete 
| 139|0x0000000088b00000, 0x0000000088c00000, 0x0000000088c00000|100%| E|CS|TAMS 0x0000000088b00000, 0x0000000088b00000| Complete 
| 140|0x0000000088c00000, 0x0000000088d00000, 0x0000000088d00000|100%| E|CS|TAMS 0x0000000088c00000, 0x0000000088c00000| Complete 
| 141|0x0000000088d00000, 0x0000000088e00000, 0x0000000088e00000|100%| E|CS|TAMS 0x0000000088d00000, 0x0000000088d00000| Complete 
| 142|0x0000000088e00000, 0x0000000088f00000, 0x0000000088f00000|100%| E|CS|TAMS 0x0000000088e00000, 0x0000000088e00000| Complete 
| 143|0x0000000088f00000, 0x0000000089000000, 0x0000000089000000|100%| E|CS|TAMS 0x0000000088f00000, 0x0000000088f00000| Complete 
| 144|0x0000000089000000, 0x0000000089100000, 0x0000000089100000|100%| E|CS|TAMS 0x0000000089000000, 0x0000000089000000| Complete 
| 145|0x0000000089100000, 0x0000000089200000, 0x0000000089200000|100%| E|CS|TAMS 0x0000000089100000, 0x0000000089100000| Complete 
| 146|0x0000000089200000, 0x0000000089300000, 0x0000000089300000|100%| E|CS|TAMS 0x0000000089200000, 0x0000000089200000| Complete 
| 147|0x0000000089300000, 0x0000000089400000, 0x0000000089400000|100%| E|CS|TAMS 0x0000000089300000, 0x0000000089300000| Complete 
| 148|0x0000000089400000, 0x0000000089500000, 0x0000000089500000|100%| E|CS|TAMS 0x0000000089400000, 0x0000000089400000| Complete 
| 149|0x0000000089500000, 0x0000000089600000, 0x0000000089600000|100%| E|CS|TAMS 0x0000000089500000, 0x0000000089500000| Complete 
| 150|0x0000000089600000, 0x0000000089700000, 0x0000000089700000|100%| E|CS|TAMS 0x0000000089600000, 0x0000000089600000| Complete 

Card table byte_map: [0x000001d5cafd0000,0x000001d5cb3d0000] _byte_map_base: 0x000001d5cabd0000

Marking Bits (Prev, Next): (CMBitMap*) 0x000001d5b843c250, (CMBitMap*) 0x000001d5b843c290
 Prev Bits: [0x000001d5cb7d0000, 0x000001d5cd7d0000)
 Next Bits: [0x000001d5cd7d0000, 0x000001d5cf7d0000)

Polling page: 0x000001d5b6370000

Metaspace:

Usage:
  Non-class:     39.05 MB used.
      Class:      5.90 MB used.
       Both:     44.95 MB used.

Virtual space:
  Non-class space:       40.00 MB reserved,      39.31 MB ( 98%) committed,  5 nodes.
      Class space:        1.00 GB reserved,       6.12 MB ( <1%) committed,  1 nodes.
             Both:        1.04 GB reserved,      45.44 MB (  4%) committed. 

Chunk freelists:
   Non-Class:  144.00 KB
       Class:  1.85 MB
        Both:  1.99 MB

MaxMetaspaceSize: unlimited
CompressedClassSpaceSize: 1.00 GB
Initial GC threshold: 21.00 MB
Current GC threshold: 58.88 MB
CDS: off
MetaspaceReclaimPolicy: balanced
 - commit_granule_bytes: 65536.
 - commit_granule_words: 8192.
 - virtual_space_node_default_size: 1048576.
 - enlarge_chunks_in_place: 1.
 - new_chunks_are_fully_committed: 0.
 - uncommit_free_chunks: 1.
 - use_allocation_guard: 0.
 - handle_deallocations: 1.


Internal statistics:

num_allocs_failed_limit: 6.
num_arena_births: 464.
num_arena_deaths: 0.
num_vsnodes_births: 6.
num_vsnodes_deaths: 0.
num_space_committed: 727.
num_space_uncommitted: 0.
num_chunks_returned_to_freelist: 6.
num_chunks_taken_from_freelist: 1820.
num_chunk_merges: 6.
num_chunk_splits: 1215.
num_chunks_enlarged: 860.
num_purges: 0.
num_inconsistent_stats: 0.

CodeHeap 'non-profiled nmethods': size=120000Kb used=2218Kb max_used=2218Kb free=117781Kb
 bounds [0x000001d5c3370000, 0x000001d5c35e0000, 0x000001d5ca8a0000]
CodeHeap 'profiled nmethods': size=120000Kb used=8230Kb max_used=8230Kb free=111769Kb
 bounds [0x000001d5bb8a0000, 0x000001d5bc0b0000, 0x000001d5c2dd0000]
CodeHeap 'non-nmethods': size=5760Kb used=2287Kb max_used=2312Kb free=3472Kb
 bounds [0x000001d5c2dd0000, 0x000001d5c3040000, 0x000001d5c3370000]
 total_blobs=4816 nmethods=4020 adapters=708
 compilation: enabled
              stopped_count=0, restarted_count=0
 full_count=0

Compilation events (20 events):
Event: 5.536 Thread 0x000001d5d2c198e0 nmethod 3984 0x000001d5bc092090 code [0x000001d5bc092240, 0x000001d5bc0925a8]
Event: 5.536 Thread 0x000001d5d2c198e0 3985       3       org.objectweb.asm.FieldWriter::<init> (69 bytes)
Event: 5.536 Thread 0x000001d5d2c198e0 nmethod 3985 0x000001d5bc092710 code [0x000001d5bc092900, 0x000001d5bc092cc8]
Event: 5.536 Thread 0x000001d5d2c198e0 3986       3       org.objectweb.asm.FieldVisitor::<init> (7 bytes)
Event: 5.536 Thread 0x000001d5d2c198e0 nmethod 3986 0x000001d5bc092f10 code [0x000001d5bc0930c0, 0x000001d5bc093208]
Event: 5.536 Thread 0x000001d5d2c198e0 3987       3       org.objectweb.asm.FieldVisitor::<init> (94 bytes)
Event: 5.537 Thread 0x000001d5d2c198e0 nmethod 3987 0x000001d5bc093290 code [0x000001d5bc0934e0, 0x000001d5bc093de8]
Event: 5.540 Thread 0x000001d5d2c198e0 3990       3       java.lang.invoke.LambdaFormEditor::getInCache (165 bytes)
Event: 5.540 Thread 0x000001d5d2c198e0 nmethod 3990 0x000001d5bc094090 code [0x000001d5bc094300, 0x000001d5bc095178]
Event: 5.542 Thread 0x000001d5d2c198e0 3991       3       jdk.internal.jimage.BasicImageReader::verifyLocation (39 bytes)
Event: 5.542 Thread 0x000001d5d2c198e0 nmethod 3991 0x000001d5bc095510 code [0x000001d5bc0956e0, 0x000001d5bc0959a8]
Event: 5.544 Thread 0x000001d5d2c198e0 3992       3       java.util.Arrays::hashCode (56 bytes)
Event: 5.544 Thread 0x000001d5d2c198e0 nmethod 3992 0x000001d5bc095a90 code [0x000001d5bc095c40, 0x000001d5bc095fa8]
Event: 5.574 Thread 0x000001d5d2c198e0 3993       1       java.util.zip.ZipEntry::getName (5 bytes)
Event: 5.574 Thread 0x000001d5d2c198e0 nmethod 3993 0x000001d5c3592990 code [0x000001d5c3592b20, 0x000001d5c3592bf8]
Event: 5.580 Thread 0x000001d5d2223140 nmethod 3967 0x000001d5c3592c90 code [0x000001d5c3592f40, 0x000001d5c3595180]
Event: 5.580 Thread 0x000001d5d2223140 3989       4       org.objectweb.asm.SymbolTable::put (150 bytes)
Event: 5.588 Thread 0x000001d5d2223140 nmethod 3989 0x000001d5c3596890 code [0x000001d5c3596a20, 0x000001d5c3597258]
Event: 5.588 Thread 0x000001d5d2223140 3988       4       org.objectweb.asm.Frame::push (109 bytes)
Event: 5.592 Thread 0x000001d5d2223140 nmethod 3988 0x000001d5c3597590 code [0x000001d5c3597720, 0x000001d5c3597d38]

GC Heap History (18 events):
Event: 0.920 GC heap before
{Heap before GC invocations=0 (full 0):
 garbage-first heap   total 120832K, used 26624K [0x0000000080000000, 0x0000000100000000)
  region size 1024K, 23 young (23552K), 0 survivors (0K)
 Metaspace       used 10265K, committed 10432K, reserved 1064960K
  class space    used 1058K, committed 1152K, reserved 1048576K
}
Event: 0.927 GC heap after
{Heap after GC invocations=1 (full 0):
 garbage-first heap   total 120832K, used 10272K [0x0000000080000000, 0x0000000100000000)
  region size 1024K, 3 young (3072K), 3 survivors (3072K)
 Metaspace       used 10265K, committed 10432K, reserved 1064960K
  class space    used 1058K, committed 1152K, reserved 1048576K
}
Event: 1.432 GC heap before
{Heap before GC invocations=1 (full 0):
 garbage-first heap   total 120832K, used 39968K [0x0000000080000000, 0x0000000100000000)
  region size 1024K, 31 young (31744K), 3 survivors (3072K)
 Metaspace       used 11214K, committed 11456K, reserved 1064960K
  class space    used 1162K, committed 1280K, reserved 1048576K
}
Event: 1.440 GC heap after
{Heap after GC invocations=2 (full 0):
 garbage-first heap   total 120832K, used 14078K [0x0000000080000000, 0x0000000100000000)
  region size 1024K, 4 young (4096K), 4 survivors (4096K)
 Metaspace       used 11214K, committed 11456K, reserved 1064960K
  class space    used 1162K, committed 1280K, reserved 1048576K
}
Event: 2.641 GC heap before
{Heap before GC invocations=2 (full 0):
 garbage-first heap   total 120832K, used 51966K [0x0000000080000000, 0x0000000100000000)
  region size 1024K, 42 young (43008K), 4 survivors (4096K)
 Metaspace       used 21320K, committed 21504K, reserved 1073152K
  class space    used 2600K, committed 2688K, reserved 1048576K
}
Event: 2.647 GC heap after
{Heap after GC invocations=3 (full 0):
 garbage-first heap   total 120832K, used 18764K [0x0000000080000000, 0x0000000100000000)
  region size 1024K, 9 young (9216K), 9 survivors (9216K)
 Metaspace       used 21320K, committed 21504K, reserved 1073152K
  class space    used 2600K, committed 2688K, reserved 1048576K
}
Event: 3.395 GC heap before
{Heap before GC invocations=4 (full 0):
 garbage-first heap   total 68608K, used 53580K [0x0000000080000000, 0x0000000100000000)
  region size 1024K, 44 young (45056K), 9 survivors (9216K)
 Metaspace       used 26829K, committed 27136K, reserved 1073152K
  class space    used 3550K, committed 3712K, reserved 1048576K
}
Event: 3.401 GC heap after
{Heap after GC invocations=5 (full 0):
 garbage-first heap   total 68608K, used 20998K [0x0000000080000000, 0x0000000100000000)
  region size 1024K, 3 young (3072K), 3 survivors (3072K)
 Metaspace       used 26829K, committed 27136K, reserved 1073152K
  class space    used 3550K, committed 3712K, reserved 1048576K
}
Event: 3.857 GC heap before
{Heap before GC invocations=5 (full 0):
 garbage-first heap   total 68608K, used 47622K [0x0000000080000000, 0x0000000100000000)
  region size 1024K, 29 young (29696K), 3 survivors (3072K)
 Metaspace       used 30904K, committed 31232K, reserved 1081344K
  class space    used 4218K, committed 4352K, reserved 1048576K
}
Event: 3.860 GC heap after
{Heap after GC invocations=6 (full 0):
 garbage-first heap   total 68608K, used 22249K [0x0000000080000000, 0x0000000100000000)
  region size 1024K, 2 young (2048K), 2 survivors (2048K)
 Metaspace       used 30904K, committed 31232K, reserved 1081344K
  class space    used 4218K, committed 4352K, reserved 1048576K
}
Event: 4.335 GC heap before
{Heap before GC invocations=6 (full 0):
 garbage-first heap   total 68608K, used 46825K [0x0000000080000000, 0x0000000100000000)
  region size 1024K, 27 young (27648K), 2 survivors (2048K)
 Metaspace       used 35631K, committed 35968K, reserved 1081344K
  class space    used 4872K, committed 5056K, reserved 1048576K
}
Event: 4.339 GC heap after
{Heap after GC invocations=7 (full 0):
 garbage-first heap   total 68608K, used 24165K [0x0000000080000000, 0x0000000100000000)
  region size 1024K, 4 young (4096K), 4 survivors (4096K)
 Metaspace       used 35631K, committed 35968K, reserved 1081344K
  class space    used 4872K, committed 5056K, reserved 1048576K
}
Event: 4.722 GC heap before
{Heap before GC invocations=8 (full 0):
 garbage-first heap   total 68608K, used 48741K [0x0000000080000000, 0x0000000100000000)
  region size 1024K, 29 young (29696K), 4 survivors (4096K)
 Metaspace       used 40336K, committed 40704K, reserved 1089536K
  class space    used 5351K, committed 5504K, reserved 1048576K
}
Event: 4.727 GC heap after
{Heap after GC invocations=9 (full 0):
 garbage-first heap   total 68608K, used 28120K [0x0000000080000000, 0x0000000100000000)
  region size 1024K, 4 young (4096K), 4 survivors (4096K)
 Metaspace       used 40336K, committed 40704K, reserved 1089536K
  class space    used 5351K, committed 5504K, reserved 1048576K
}
Event: 4.729 GC heap before
{Heap before GC invocations=9 (full 0):
 garbage-first heap   total 68608K, used 29144K [0x0000000080000000, 0x0000000100000000)
  region size 1024K, 5 young (5120K), 4 survivors (4096K)
 Metaspace       used 40336K, committed 40704K, reserved 1089536K
  class space    used 5351K, committed 5504K, reserved 1048576K
}
Event: 4.733 GC heap after
{Heap after GC invocations=10 (full 0):
 garbage-first heap   total 68608K, used 28722K [0x0000000080000000, 0x0000000100000000)
  region size 1024K, 1 young (1024K), 1 survivors (1024K)
 Metaspace       used 40336K, committed 40704K, reserved 1089536K
  class space    used 5351K, committed 5504K, reserved 1048576K
}
Event: 5.122 GC heap before
{Heap before GC invocations=10 (full 0):
 garbage-first heap   total 68608K, used 54322K [0x0000000080000000, 0x0000000100000000)
  region size 1024K, 23 young (23552K), 1 survivors (1024K)
 Metaspace       used 43082K, committed 43456K, reserved 1089536K
  class space    used 5662K, committed 5824K, reserved 1048576K
}
Event: 5.125 GC heap after
{Heap after GC invocations=11 (full 0):
 garbage-first heap   total 154624K, used 30515K [0x0000000080000000, 0x0000000100000000)
  region size 1024K, 3 young (3072K), 3 survivors (3072K)
 Metaspace       used 43082K, committed 43456K, reserved 1089536K
  class space    used 5662K, committed 5824K, reserved 1048576K
}

Dll operation events (2 events):
Event: 0.010 Loaded shared library C:\Program Files\Android\Android Studio\jbr\bin\java.dll
Event: 0.498 Loaded shared library C:\Program Files\Android\Android Studio\jbr\bin\verify.dll

Deoptimization events (20 events):
Event: 5.228 Thread 0x000001d5d4198f90 DEOPT PACKING pc=0x000001d5c3550d10 sp=0x000000834cef8450
Event: 5.228 Thread 0x000001d5d4198f90 DEOPT UNPACKING pc=0x000001d5c2e269a3 sp=0x000000834cef8308 mode 2
Event: 5.233 Thread 0x000001d5d4198f90 Uncommon trap: trap_request=0xffffffc6 fr.pc=0x000001d5c3550d10 relative=0x0000000000000410
Event: 5.233 Thread 0x000001d5d4198f90 Uncommon trap: reason=bimorphic_or_optimized_type_check action=maybe_recompile pc=0x000001d5c3550d10 method=java.util.stream.AbstractPipeline.copyIntoWithCancel(Ljava/util/stream/Sink;Ljava/util/Spliterator;)Z @ 24 c2
Event: 5.233 Thread 0x000001d5d4198f90 DEOPT PACKING pc=0x000001d5c3550d10 sp=0x000000834cef80d0
Event: 5.233 Thread 0x000001d5d4198f90 DEOPT UNPACKING pc=0x000001d5c2e269a3 sp=0x000000834cef7f88 mode 2
Event: 5.277 Thread 0x000001d5d4198f90 Uncommon trap: trap_request=0xffffffc6 fr.pc=0x000001d5c3550d10 relative=0x0000000000000410
Event: 5.277 Thread 0x000001d5d4198f90 Uncommon trap: reason=bimorphic_or_optimized_type_check action=maybe_recompile pc=0x000001d5c3550d10 method=java.util.stream.AbstractPipeline.copyIntoWithCancel(Ljava/util/stream/Sink;Ljava/util/Spliterator;)Z @ 24 c2
Event: 5.277 Thread 0x000001d5d4198f90 DEOPT PACKING pc=0x000001d5c3550d10 sp=0x000000834cef7d70
Event: 5.278 Thread 0x000001d5d4198f90 DEOPT UNPACKING pc=0x000001d5c2e269a3 sp=0x000000834cef7c28 mode 2
Event: 5.426 Thread 0x000001d5d5e969e0 DEOPT PACKING pc=0x000001d5bbc95ad4 sp=0x000000834e5fe670
Event: 5.426 Thread 0x000001d5d5e969e0 DEOPT UNPACKING pc=0x000001d5c2e27143 sp=0x000000834e5fdbc8 mode 0
Event: 5.430 Thread 0x000001d5d4198f90 Uncommon trap: trap_request=0xffffffc6 fr.pc=0x000001d5c3551960 relative=0x0000000000000300
Event: 5.430 Thread 0x000001d5d4198f90 Uncommon trap: reason=bimorphic_or_optimized_type_check action=maybe_recompile pc=0x000001d5c3551960 method=java.util.stream.AbstractPipeline.copyIntoWithCancel(Ljava/util/stream/Sink;Ljava/util/Spliterator;)Z @ 24 c2
Event: 5.430 Thread 0x000001d5d4198f90 DEOPT PACKING pc=0x000001d5c3551960 sp=0x000000834cef8270
Event: 5.430 Thread 0x000001d5d4198f90 DEOPT UNPACKING pc=0x000001d5c2e269a3 sp=0x000000834cef81a0 mode 2
Event: 5.540 Thread 0x000001d5d4198f90 Uncommon trap: trap_request=0xffffff45 fr.pc=0x000001d5c35478b0 relative=0x0000000000000110
Event: 5.540 Thread 0x000001d5d4198f90 Uncommon trap: reason=unstable_if action=reinterpret pc=0x000001d5c35478b0 method=java.util.Arrays.hashCode([Ljava/lang/Object;)I @ 34 c2
Event: 5.540 Thread 0x000001d5d4198f90 DEOPT PACKING pc=0x000001d5c35478b0 sp=0x000000834cef9910
Event: 5.540 Thread 0x000001d5d4198f90 DEOPT UNPACKING pc=0x000001d5c2e269a3 sp=0x000000834cef9888 mode 2

Classes unloaded (0 events):
No events

Classes redefined (0 events):
No events

Internal exceptions (20 events):
Event: 4.986 Thread 0x000001d5d4198f90 Exception <a 'java/lang/ClassNotFoundException'{0x000000008325c518}: org/gradle/configuration/internal/DefaultListenerBuildOperationDecorator$BuildOperationEmittingClosureCustomizer> (0x000000008325c518) 
thrown [s\src\hotspot\share\classfile\systemDictionary.cpp, line 256]
Event: 5.009 Thread 0x000001d5d4198f90 Exception <a 'java/lang/NoSuchMethodError'{0x0000000083183dc8}: 'java.lang.Object java.lang.invoke.DirectMethodHandle$Holder.newInvokeSpecial(java.lang.Object, java.lang.Object, int, int)'> (0x0000000083183dc8) 
thrown [s\src\hotspot\share\interpreter\linkResolver.cpp, line 771]
Event: 5.034 Thread 0x000001d5d4198f90 Exception <a 'java/lang/NoSuchMethodError'{0x00000000830b2a58}: 'java.lang.Object java.lang.invoke.DirectMethodHandle$Holder.invokeSpecial(java.lang.Object, java.lang.Object, java.lang.Object, java.lang.Object, java.lang.Object, java.lang.Object, java.lang.Object, java.lang.Object, java.lang.Object, java.lang.Object)'> (0x00000000830b2a58) 
thrown [s\src\hotspot\share\interpreter\linkResolver.cpp, line 771]
Event: 5.034 Thread 0x000001d5d4198f90 Exception <a 'java/lang/NoSuchMethodError'{0x00000000830bb630}: 'java.lang.Object java.lang.invoke.Invokers$Holder.invoker(java.lang.Object, java.lang.Object, java.lang.Object, java.lang.Object, java.lang.Object, java.lang.Object, java.lang.Object, java.lang.Object, java.lang.Object)'> (0x00000000830bb630) 
thrown [s\src\hotspot\share\interpreter\linkResolver.cpp, line 771]
Event: 5.047 Thread 0x000001d5d4198f90 Exception <a 'java/lang/NoSuchMethodError'{0x0000000082f5ce00}: 'java.lang.Object java.lang.invoke.Invokers$Holder.invoker(java.lang.Object, java.lang.Object, java.lang.Object, java.lang.Object)'> (0x0000000082f5ce00) 
thrown [s\src\hotspot\share\interpreter\linkResolver.cpp, line 771]
Event: 5.064 Thread 0x000001d5d4198f90 Exception <a 'java/lang/NoSuchMethodError'{0x0000000082fff038}: 'java.lang.Object java.lang.invoke.DelegatingMethodHandle$Holder.reinvoke_L(java.lang.Object, java.lang.Object, java.lang.Object, java.lang.Object, java.lang.Object, java.lang.Object, java.lang.Object, java.lang.Object, java.lang.Object, java.lang.Object, java.lang.Object, java.lang.Object, java.lang.Object, java.lang.Object, java.lang.Object, java.lang.Object, java.lang.Object, java.lang.Object, java.lang.Object, java.lang.Object, java.lang.O
Event: 5.064 Thread 0x000001d5d4198f90 Exception <a 'java/lang/NoSuchMethodError'{0x0000000082e0b260}: 'java.lang.Object java.lang.invoke.Invokers$Holder.invoker(java.lang.Object, java.lang.Object, java.lang.Object, java.lang.Object, java.lang.Object, java.lang.Object, java.lang.Object, java.lang.Object, java.lang.Object, java.lang.Object, java.lang.Object, java.lang.Object, java.lang.Object, java.lang.Object, java.lang.Object, java.lang.Object, java.lang.Object, java.lang.Object, java.lang.Object, java.lang.Object, java.lang.Object)'> (0x00000
Event: 5.065 Thread 0x000001d5d4198f90 Exception <a 'java/lang/NoSuchMethodError'{0x0000000082e11c18}: 'java.lang.Object java.lang.invoke.DelegatingMethodHandle$Holder.delegate(java.lang.Object, java.lang.Object, java.lang.Object, java.lang.Object, java.lang.Object, java.lang.Object, java.lang.Object, java.lang.Object, java.lang.Object, java.lang.Object, java.lang.Object, java.lang.Object, java.lang.Object, java.lang.Object, java.lang.Object, java.lang.Object, java.lang.Object, java.lang.Object, java.lang.Object, java.lang.Object, java.lang.Obj
Event: 5.071 Thread 0x000001d5d4198f90 Exception <a 'java/lang/NoSuchMethodError'{0x0000000082e815e0}: 'java.lang.Object java.lang.invoke.DirectMethodHandle$Holder.invokeStatic(java.lang.Object, java.lang.Object, java.lang.Object, java.lang.Object, java.lang.Object, java.lang.Object, java.lang.Object, java.lang.Object, java.lang.Object, java.lang.Object, java.lang.Object, java.lang.Object, java.lang.Object, java.lang.Object, java.lang.Object, java.lang.Object, java.lang.Object)'> (0x0000000082e815e0) 
thrown [s\src\hotspot\share\interpreter\lin
Event: 5.073 Thread 0x000001d5d4198f90 Exception <a 'java/lang/NoSuchMethodError'{0x0000000082ea8f58}: 'java.lang.Object java.lang.invoke.DirectMethodHandle$Holder.invokeStatic(java.lang.Object, java.lang.Object, java.lang.Object, java.lang.Object, java.lang.Object, java.lang.Object, java.lang.Object, java.lang.Object, java.lang.Object, java.lang.Object, java.lang.Object, java.lang.Object, java.lang.Object, java.lang.Object, java.lang.Object, java.lang.Object, java.lang.Object, java.lang.Object)'> (0x0000000082ea8f58) 
thrown [s\src\hotspot\sha
Event: 5.076 Thread 0x000001d5d4198f90 Exception <a 'java/lang/NoSuchMethodError'{0x0000000082ed1540}: 'java.lang.Object java.lang.invoke.DirectMethodHandle$Holder.invokeStatic(java.lang.Object, java.lang.Object, java.lang.Object, java.lang.Object, java.lang.Object, java.lang.Object, java.lang.Object, java.lang.Object, java.lang.Object, java.lang.Object, java.lang.Object, java.lang.Object, java.lang.Object, java.lang.Object, java.lang.Object, java.lang.Object, java.lang.Object, java.lang.Object, java.lang.Object)'> (0x0000000082ed1540) 
thrown 
Event: 5.079 Thread 0x000001d5d4198f90 Exception <a 'java/lang/NoSuchMethodError'{0x0000000082efac00}: 'java.lang.Object java.lang.invoke.DirectMethodHandle$Holder.invokeStatic(java.lang.Object, java.lang.Object, java.lang.Object, java.lang.Object, java.lang.Object, java.lang.Object, java.lang.Object, java.lang.Object, java.lang.Object, java.lang.Object, java.lang.Object, java.lang.Object, java.lang.Object, java.lang.Object, java.lang.Object, java.lang.Object, java.lang.Object, java.lang.Object, java.lang.Object, java.lang.Object)'> (0x00000000
Event: 5.081 Thread 0x000001d5d4198f90 Exception <a 'java/lang/NoSuchMethodError'{0x0000000082d25c58}: 'java.lang.Object java.lang.invoke.DirectMethodHandle$Holder.invokeStatic(java.lang.Object, java.lang.Object, java.lang.Object, java.lang.Object, java.lang.Object, java.lang.Object, java.lang.Object, java.lang.Object, java.lang.Object, java.lang.Object, java.lang.Object, java.lang.Object, java.lang.Object, java.lang.Object, java.lang.Object, java.lang.Object, java.lang.Object, java.lang.Object, java.lang.Object, java.lang.Object, java.lang.Obj
Event: 5.084 Thread 0x000001d5d4198f90 Exception <a 'java/lang/NoSuchMethodError'{0x0000000082d50cb8}: 'java.lang.Object java.lang.invoke.DirectMethodHandle$Holder.invokeStatic(java.lang.Object, java.lang.Object, java.lang.Object, java.lang.Object, java.lang.Object, java.lang.Object, java.lang.Object, java.lang.Object, java.lang.Object, java.lang.Object, java.lang.Object, java.lang.Object, java.lang.Object, java.lang.Object, java.lang.Object, java.lang.Object, java.lang.Object, java.lang.Object, java.lang.Object, java.lang.Object, java.lang.Obj
Event: 5.088 Thread 0x000001d5d4198f90 Exception <a 'java/lang/NoSuchMethodError'{0x0000000082d7da20}: 'java.lang.Object java.lang.invoke.DirectMethodHandle$Holder.invokeStatic(java.lang.Object, java.lang.Object, java.lang.Object, java.lang.Object, java.lang.Object, java.lang.Object, java.lang.Object, java.lang.Object, java.lang.Object, java.lang.Object, java.lang.Object, java.lang.Object, java.lang.Object, java.lang.Object, java.lang.Object, java.lang.Object, java.lang.Object, java.lang.Object, java.lang.Object, java.lang.Object, java.lang.Obj
Event: 5.091 Thread 0x000001d5d4198f90 Exception <a 'java/lang/NoSuchMethodError'{0x0000000082dabdd0}: 'java.lang.Object java.lang.invoke.DirectMethodHandle$Holder.invokeStatic(java.lang.Object, java.lang.Object, java.lang.Object, java.lang.Object, java.lang.Object, java.lang.Object, java.lang.Object, java.lang.Object, java.lang.Object, java.lang.Object, java.lang.Object, java.lang.Object, java.lang.Object, java.lang.Object, java.lang.Object, java.lang.Object, java.lang.Object, java.lang.Object, java.lang.Object, java.lang.Object, java.lang.Obj
Event: 5.212 Thread 0x000001d5d4198f90 Exception <a 'java/lang/IncompatibleClassChangeError'{0x0000000088ce09f8}: Found class java.lang.Object, but interface was expected> (0x0000000088ce09f8) 
thrown [s\src\hotspot\share\interpreter\linkResolver.cpp, line 838]
Event: 5.363 Thread 0x000001d5d4198f90 Exception <a 'java/lang/IncompatibleClassChangeError'{0x000000008879f310}: Found class java.lang.Object, but interface was expected> (0x000000008879f310) 
thrown [s\src\hotspot\share\interpreter\linkResolver.cpp, line 838]
Event: 5.399 Thread 0x000001d5d4198f90 Exception <a 'java/lang/NoSuchMethodError'{0x0000000088509770}: 'int java.lang.invoke.DirectMethodHandle$Holder.invokeStaticInit(java.lang.Object, java.lang.Object, java.lang.Object, java.lang.Object, java.lang.Object)'> (0x0000000088509770) 
thrown [s\src\hotspot\share\interpreter\linkResolver.cpp, line 771]
Event: 5.540 Thread 0x000001d5d4198f90 Implicit null exception at 0x000001d5c35477ec to 0x000001d5c3547894

VM Operations (20 events):
Event: 4.623 Executing VM operation: HandshakeAllThreads
Event: 4.624 Executing VM operation: HandshakeAllThreads done
Event: 4.678 Executing VM operation: HandshakeAllThreads
Event: 4.679 Executing VM operation: HandshakeAllThreads done
Event: 4.722 Executing VM operation: G1CollectForAllocation
Event: 4.727 Executing VM operation: G1CollectForAllocation done
Event: 4.729 Executing VM operation: G1CollectForAllocation
Event: 4.733 Executing VM operation: G1CollectForAllocation done
Event: 5.047 Executing VM operation: ICBufferFull
Event: 5.047 Executing VM operation: ICBufferFull done
Event: 5.122 Executing VM operation: G1CollectForAllocation
Event: 5.125 Executing VM operation: G1CollectForAllocation done
Event: 5.216 Executing VM operation: HandshakeAllThreads
Event: 5.216 Executing VM operation: HandshakeAllThreads done
Event: 5.310 Executing VM operation: HandshakeAllThreads
Event: 5.310 Executing VM operation: HandshakeAllThreads done
Event: 5.371 Executing VM operation: HandshakeAllThreads
Event: 5.371 Executing VM operation: HandshakeAllThreads done
Event: 5.510 Executing VM operation: HandshakeAllThreads
Event: 5.510 Executing VM operation: HandshakeAllThreads done

Events (20 events):
Event: 5.087 loading class java/lang/invoke/BoundMethodHandle$Species_LLLLLLLLLLLLLLLLLLLL done
Event: 5.090 loading class java/lang/invoke/BoundMethodHandle$Species_LLLLLLLLLLLLLLLLLLLLL
Event: 5.090 loading class java/lang/invoke/BoundMethodHandle$Species_LLLLLLLLLLLLLLLLLLLLL done
Event: 5.340 loading class java/util/stream/ReferencePipeline$4
Event: 5.340 loading class java/util/stream/ReferencePipeline$4 done
Event: 5.340 loading class java/util/function/IntBinaryOperator
Event: 5.340 loading class java/util/function/IntBinaryOperator done
Event: 5.340 loading class java/util/stream/ReduceOps$6
Event: 5.341 loading class java/util/stream/ReduceOps$6 done
Event: 5.341 loading class java/util/stream/ReduceOps$5ReducingSink
Event: 5.341 loading class java/util/stream/ReduceOps$5ReducingSink done
Event: 5.341 loading class java/util/stream/ReferencePipeline$4$1
Event: 5.341 loading class java/util/stream/ReferencePipeline$4$1 done
Event: 5.425 Thread 0x000001d5d5e969e0 Thread added: 0x000001d5d5e969e0
Event: 5.587 loading class java/util/concurrent/atomic/AtomicReferenceFieldUpdater
Event: 5.587 loading class java/util/concurrent/atomic/AtomicReferenceFieldUpdater done
Event: 5.587 loading class java/util/concurrent/atomic/AtomicReferenceFieldUpdater$AtomicReferenceFieldUpdaterImpl
Event: 5.588 loading class java/util/concurrent/atomic/AtomicReferenceFieldUpdater$AtomicReferenceFieldUpdaterImpl done
Event: 5.588 loading class java/util/concurrent/atomic/AtomicReferenceFieldUpdater$AtomicReferenceFieldUpdaterImpl$1
Event: 5.588 loading class java/util/concurrent/atomic/AtomicReferenceFieldUpdater$AtomicReferenceFieldUpdaterImpl$1 done


Dynamic libraries:
0x00007ff7be870000 - 0x00007ff7be87a000 	C:\Program Files\Android\Android Studio\jbr\bin\java.exe
0x00007ff9850b0000 - 0x00007ff9852c6000 	C:\WINDOWS\SYSTEM32\ntdll.dll
0x00007ff9844b0000 - 0x00007ff984574000 	C:\WINDOWS\System32\KERNEL32.DLL
0x00007ff982a50000 - 0x00007ff982df6000 	C:\WINDOWS\System32\KERNELBASE.dll
0x00007ff9827c0000 - 0x00007ff9828d1000 	C:\WINDOWS\System32\ucrtbase.dll
0x00007ff97dd30000 - 0x00007ff97dd4b000 	C:\Program Files\Android\Android Studio\jbr\bin\VCRUNTIME140.dll
0x00007ff969eb0000 - 0x00007ff969ec7000 	C:\Program Files\Android\Android Studio\jbr\bin\jli.dll
0x00007ff9840a0000 - 0x00007ff98424d000 	C:\WINDOWS\System32\USER32.dll
0x00007ff982790000 - 0x00007ff9827b6000 	C:\WINDOWS\System32\win32u.dll
0x00007ff9787e0000 - 0x00007ff978a73000 	C:\WINDOWS\WinSxS\amd64_microsoft.windows.common-controls_6595b64144ccf1df_6.0.22621.3235_none_270f74e173860f98\COMCTL32.dll
0x00007ff982fe0000 - 0x00007ff983009000 	C:\WINDOWS\System32\GDI32.dll
0x00007ff982f30000 - 0x00007ff982fd7000 	C:\WINDOWS\System32\msvcrt.dll
0x00007ff982670000 - 0x00007ff982788000 	C:\WINDOWS\System32\gdi32full.dll
0x00007ff982550000 - 0x00007ff9825ea000 	C:\WINDOWS\System32\msvcp_win.dll
0x00007ff983010000 - 0x00007ff983041000 	C:\WINDOWS\System32\IMM32.DLL
0x00007ff97dd20000 - 0x00007ff97dd2c000 	C:\Program Files\Android\Android Studio\jbr\bin\vcruntime140_1.dll
0x00007ff948060000 - 0x00007ff9480ed000 	C:\Program Files\Android\Android Studio\jbr\bin\msvcp140.dll
0x00007ff8f2620000 - 0x00007ff8f328e000 	C:\Program Files\Android\Android Studio\jbr\bin\server\jvm.dll
0x00007ff984590000 - 0x00007ff984642000 	C:\WINDOWS\System32\ADVAPI32.dll
0x00007ff984fc0000 - 0x00007ff985068000 	C:\WINDOWS\System32\sechost.dll
0x00007ff982520000 - 0x00007ff982548000 	C:\WINDOWS\System32\bcrypt.dll
0x00007ff984ae0000 - 0x00007ff984bf5000 	C:\WINDOWS\System32\RPCRT4.dll
0x00007ff9794f0000 - 0x00007ff9794fa000 	C:\WINDOWS\SYSTEM32\VERSION.dll
0x00007ff97b0a0000 - 0x00007ff97b0d4000 	C:\WINDOWS\SYSTEM32\WINMM.dll
0x00007ff965ad0000 - 0x00007ff965ad9000 	C:\WINDOWS\SYSTEM32\WSOCK32.dll
0x00007ff983050000 - 0x00007ff9830c1000 	C:\WINDOWS\System32\WS2_32.dll
0x00007ff981430000 - 0x00007ff981448000 	C:\WINDOWS\SYSTEM32\kernel.appcore.dll
0x00007ff97dd00000 - 0x00007ff97dd0a000 	C:\Program Files\Android\Android Studio\jbr\bin\jimage.dll
0x00007ff971f00000 - 0x00007ff972133000 	C:\WINDOWS\SYSTEM32\DBGHELP.DLL
0x00007ff983290000 - 0x00007ff983618000 	C:\WINDOWS\System32\combase.dll
0x00007ff983f50000 - 0x00007ff984027000 	C:\WINDOWS\System32\OLEAUT32.dll
0x00007ff978bb0000 - 0x00007ff978be2000 	C:\WINDOWS\SYSTEM32\dbgcore.DLL
0x00007ff9825f0000 - 0x00007ff98266a000 	C:\WINDOWS\System32\bcryptPrimitives.dll
0x00007ff97dcd0000 - 0x00007ff97dcf5000 	C:\Program Files\Android\Android Studio\jbr\bin\java.dll
0x00007ff97dc10000 - 0x00007ff97dc28000 	C:\Program Files\Android\Android Studio\jbr\bin\zip.dll
0x00007ff9836f0000 - 0x00007ff983f4d000 	C:\WINDOWS\System32\SHELL32.dll
0x00007ff980350000 - 0x00007ff980c48000 	C:\WINDOWS\SYSTEM32\windows.storage.dll
0x00007ff980210000 - 0x00007ff98034e000 	C:\WINDOWS\SYSTEM32\wintypes.dll
0x00007ff9843b0000 - 0x00007ff9844a3000 	C:\WINDOWS\System32\SHCORE.dll
0x00007ff984040000 - 0x00007ff98409e000 	C:\WINDOWS\System32\shlwapi.dll
0x00007ff982320000 - 0x00007ff982346000 	C:\WINDOWS\SYSTEM32\profapi.dll
0x00007ff979740000 - 0x00007ff979759000 	C:\Program Files\Android\Android Studio\jbr\bin\net.dll
0x00007ff97ca30000 - 0x00007ff97cb67000 	C:\WINDOWS\SYSTEM32\WINHTTP.dll
0x00007ff981920000 - 0x00007ff981989000 	C:\WINDOWS\system32\mswsock.dll
0x00007ff96a110000 - 0x00007ff96a126000 	C:\Program Files\Android\Android Studio\jbr\bin\nio.dll
0x00007ff9716d0000 - 0x00007ff9716e0000 	C:\Program Files\Android\Android Studio\jbr\bin\verify.dll
0x00007ff9600d0000 - 0x00007ff9600f7000 	C:\Users\23480\.gradle\native\68d5fa5c4cc2d200863cafc0d521ce42e7d3e7ee720ec0a83991735586a16f82\windows-amd64\native-platform.dll
0x00007ff906290000 - 0x00007ff9063d4000 	C:\Users\23480\.gradle\native\e376f236ea51e6404a007f0833ffe2c6e607c4080706a723a18a27aeea778392\windows-amd64\native-platform-file-events.dll
0x00007ff9698d0000 - 0x00007ff9698d9000 	C:\Program Files\Android\Android Studio\jbr\bin\management.dll
0x00007ff969840000 - 0x00007ff96984b000 	C:\Program Files\Android\Android Studio\jbr\bin\management_ext.dll
0x00007ff984da0000 - 0x00007ff984da8000 	C:\WINDOWS\System32\PSAPI.DLL
0x00007ff981b70000 - 0x00007ff981b8b000 	C:\WINDOWS\SYSTEM32\CRYPTSP.dll
0x00007ff981390000 - 0x00007ff9813c5000 	C:\WINDOWS\system32\rsaenh.dll
0x00007ff981a10000 - 0x00007ff981a3c000 	C:\WINDOWS\SYSTEM32\USERENV.dll
0x00007ff981b90000 - 0x00007ff981b9c000 	C:\WINDOWS\SYSTEM32\CRYPTBASE.dll
0x00007ff980eb0000 - 0x00007ff980edd000 	C:\WINDOWS\SYSTEM32\IPHLPAPI.DLL
0x00007ff984650000 - 0x00007ff984659000 	C:\WINDOWS\System32\NSI.dll
0x00007ff97ca10000 - 0x00007ff97ca29000 	C:\WINDOWS\SYSTEM32\dhcpcsvc6.DLL
0x00007ff97c9f0000 - 0x00007ff97ca0f000 	C:\WINDOWS\SYSTEM32\dhcpcsvc.DLL
0x00007ff980f20000 - 0x00007ff981019000 	C:\WINDOWS\SYSTEM32\DNSAPI.dll
0x00007ff923540000 - 0x00007ff923548000 	C:\WINDOWS\system32\wshunix.dll

dbghelp: loaded successfully - version: 4.0.5 - missing functions: none
symbol engine: initialized successfully - sym options: 0x614 - pdb path: .;C:\Program Files\Android\Android Studio\jbr\bin;C:\WINDOWS\SYSTEM32;C:\WINDOWS\WinSxS\amd64_microsoft.windows.common-controls_6595b64144ccf1df_6.0.22621.3235_none_270f74e173860f98;C:\Program Files\Android\Android Studio\jbr\bin\server;C:\Users\23480\.gradle\native\68d5fa5c4cc2d200863cafc0d521ce42e7d3e7ee720ec0a83991735586a16f82\windows-amd64;C:\Users\23480\.gradle\native\e376f236ea51e6404a007f0833ffe2c6e607c4080706a723a18a27aeea778392\windows-amd64

VM Arguments:
jvm_args: --add-opens=java.base/java.util=ALL-UNNAMED --add-opens=java.base/java.lang=ALL-UNNAMED --add-opens=java.base/java.lang.invoke=ALL-UNNAMED --add-opens=java.prefs/java.util.prefs=ALL-UNNAMED --add-opens=java.base/java.nio.charset=ALL-UNNAMED --add-opens=java.base/java.net=ALL-UNNAMED --add-opens=java.base/java.util.concurrent.atomic=ALL-UNNAMED -Xmx2048m -Dfile.encoding=UTF-8 -Duser.country=US -Duser.language=en -Duser.variant 
java_command: org.gradle.launcher.daemon.bootstrap.GradleDaemon 8.0
java_class_path (initial): C:\Users\23480\.gradle\wrapper\dists\gradle-8.0-bin\ca5e32bp14vu59qr306oxotwh\gradle-8.0\lib\gradle-launcher-8.0.jar
Launcher Type: SUN_STANDARD

[Global flags]
     intx CICompilerCount                          = 4                                         {product} {ergonomic}
     uint ConcGCThreads                            = 2                                         {product} {ergonomic}
     uint G1ConcRefinementThreads                  = 8                                         {product} {ergonomic}
   size_t G1HeapRegionSize                         = 1048576                                   {product} {ergonomic}
    uintx GCDrainStackTargetSize                   = 64                                        {product} {ergonomic}
   size_t InitialHeapSize                          = 123731968                                 {product} {ergonomic}
   size_t MarkStackSize                            = 4194304                                   {product} {ergonomic}
   size_t MaxHeapSize                              = 2147483648                                {product} {command line}
   size_t MaxNewSize                               = 1287651328                                {product} {ergonomic}
   size_t MinHeapDeltaBytes                        = 1048576                                   {product} {ergonomic}
   size_t MinHeapSize                              = 8388608                                   {product} {ergonomic}
    uintx NonNMethodCodeHeapSize                   = 5839372                                {pd product} {ergonomic}
    uintx NonProfiledCodeHeapSize                  = 122909434                              {pd product} {ergonomic}
    uintx ProfiledCodeHeapSize                     = 122909434                              {pd product} {ergonomic}
    uintx ReservedCodeCacheSize                    = 251658240                              {pd product} {ergonomic}
     bool SegmentedCodeCache                       = true                                      {product} {ergonomic}
   size_t SoftMaxHeapSize                          = 2147483648                             {manageable} {ergonomic}
     bool UseCompressedClassPointers               = true                           {product lp64_product} {ergonomic}
     bool UseCompressedOops                        = true                           {product lp64_product} {ergonomic}
     bool UseG1GC                                  = true                                      {product} {ergonomic}
     bool UseLargePagesIndividualAllocation        = false                                  {pd product} {ergonomic}

Logging:
Log output configuration:
 #0: stdout all=warning uptime,level,tags
 #1: stderr all=off uptime,level,tags

Environment Variables:
PATH=C:\WINDOWS\system32;C:\WINDOWS;C:\WINDOWS\System32\Wbem;C:\WINDOWS\System32\WindowsPowerShell\v1.0\;C:\WINDOWS\System32\OpenSSH\;C:\Program Files\nodejs\;C:\Program Files\Git\cmd;C:\Users\23480\AppData\Local\Programs\Python\Python311\Scripts\;C:\Users\23480\AppData\Local\Programs\Python\Python311\;C:\Users\23480\AppData\Local\Microsoft\WindowsApps;C:\Users\23480\AppData\Local\atom\bin;C:\Users\23480\AppData\Local\Programs\Microsoft VS Code\bin;C:\Users\23480\AppData\Local\Microsoft\WindowsApps;;C:\Program Files\JetBrains\IntelliJ IDEA Community Edition 2023.2.1\bin;;C:\Users\23480\AppData\Roaming\npm
USERNAME=23480
OS=Windows_NT
PROCESSOR_IDENTIFIER=AMD64 Family 23 Model 104 Stepping 1, AuthenticAMD
TMP=C:\Users\23480\AppData\Local\Temp
TEMP=C:\Users\23480\AppData\Local\Temp


JNI global refs:
JNI global refs: 24, weak refs: 0

JNI global refs memory usage: 843, weak refs: 841


---------------  S Y S T E M  ---------------

OS:
 Windows 11 , 64 bit Build 22621 (10.0.22621.3235)
OS uptime: 0 days 1:59 hours

CPU: total 8 (initial active 8) (8 cores per cpu, 2 threads per core) family 23 model 104 stepping 1 microcode 0x0, cx8, cmov, fxsr, ht, mmx, 3dnowpref, sse, sse2, sse3, ssse3, sse4a, sse4.1, sse4.2, popcnt, lzcnt, tsc, tscinvbit, avx, avx2, aes, clmul, bmi1, bmi2, adx, sha, fma, vzeroupper, clflush, clflushopt

Memory: 4k page, system-wide physical 7502M (359M free)
TotalPageFile size 11571M (AvailPageFile size 5M)
current process WorkingSet (physical memory assigned to process): 242M, peak: 242M
current process commit charge ("private bytes"): 332M, peak: 339M

vm_info: OpenJDK 64-Bit Server VM (17.0.6+0-b2043.56-10027231) for windows-amd64 JRE (17.0.6+0-b2043.56-10027231), built on Apr 28 2023 00:43:19 by "androidbuild" with MS VC++ 16.10 / 16.11 (VS2019)

END.
