#
# There is insufficient memory for the Java Runtime Environment to continue.
# Native memory allocation (mmap) failed to map 204472320 bytes for G1 virtual space
# Possible reasons:
#   The system is out of physical RAM or swap space
#   The process is running with CompressedOops enabled, and the Java Heap may be blocking the growth of the native heap
# Possible solutions:
#   Reduce memory load on the system
#   Increase physical memory or swap space
#   Check if swap backing store is full
#   Decrease Java heap size (-Xmx/-Xms)
#   Decrease number of Java threads
#   Decrease Java thread stack sizes (-Xss)
#   Set larger code cache with -XX:ReservedCodeCacheSize=
#   JVM is running with Unscaled Compressed Oops mode in which the Java heap is
#     placed in the first 4GB address space. The Java Heap base address is the
#     maximum limit for the native heap growth. Please use -XX:HeapBaseMinAddress
#     to set the Java Heap base and to place the Java Heap above 4GB virtual address.
# This output file may be truncated or incomplete.
#
#  Out of Memory Error (os_windows.cpp:3769), pid=11508, tid=3296
#
# JRE version: OpenJDK Runtime Environment (17.0.6) (build 17.0.6+0-b2043.56-10027231)
# Java VM: OpenJDK 64-Bit Server VM (17.0.6+0-b2043.56-10027231, mixed mode, tiered, compressed oops, compressed class ptrs, g1 gc, windows-amd64)
# No core dump will be written. Minidumps are not enabled by default on client versions of Windows
#

---------------  S U M M A R Y ------------

Command Line: --add-opens=java.base/java.util=ALL-UNNAMED --add-opens=java.base/java.lang=ALL-UNNAMED --add-opens=java.base/java.lang.invoke=ALL-UNNAMED --add-opens=java.prefs/java.util.prefs=ALL-UNNAMED --add-opens=java.base/java.nio.charset=ALL-UNNAMED --add-opens=java.base/java.net=ALL-UNNAMED --add-opens=java.base/java.util.concurrent.atomic=ALL-UNNAMED -Xmx2048m -Dfile.encoding=UTF-8 -Duser.country=US -Duser.language=en -Duser.variant org.gradle.launcher.daemon.bootstrap.GradleDaemon 8.0

Host: AMD Ryzen 3 5300U with Radeon Graphics         , 8 cores, 7G,  Windows 11 , 64 bit Build 22621 (10.0.22621.3235)
Time: Mon Mar 25 12:17:20 2024 W. Central Africa Standard Time elapsed time: 20.283570 seconds (0d 0h 0m 20s)

---------------  T H R E A D  ---------------

Current thread (0x0000029fbf117960):  VMThread "VM Thread" [stack: 0x000000f5adb00000,0x000000f5adc00000] [id=3296]

Stack: [0x000000f5adb00000,0x000000f5adc00000]
Native frames: (J=compiled Java code, j=interpreted, Vv=VM code, C=native code)
V  [jvm.dll+0x683c9a]
V  [jvm.dll+0x8427a4]
V  [jvm.dll+0x843f9e]
V  [jvm.dll+0x844603]
V  [jvm.dll+0x249b75]
V  [jvm.dll+0x680b69]
V  [jvm.dll+0x67505a]
V  [jvm.dll+0x309acb]
V  [jvm.dll+0x310f86]
V  [jvm.dll+0x3608ee]
V  [jvm.dll+0x360b1f]
V  [jvm.dll+0x2dfbf8]
V  [jvm.dll+0x2ddec4]
V  [jvm.dll+0x2dd4cc]
V  [jvm.dll+0x321f3b]
V  [jvm.dll+0x848ccb]
V  [jvm.dll+0x849a04]
V  [jvm.dll+0x849f1d]
V  [jvm.dll+0x84a2f4]
V  [jvm.dll+0x84a3c0]
V  [jvm.dll+0x7f274a]
V  [jvm.dll+0x682ad5]
C  [ucrtbase.dll+0x29363]
C  [KERNEL32.DLL+0x1257d]
C  [ntdll.dll+0x5aa58]

VM_Operation (0x000000f5af2f6d40): G1CollectForAllocation, mode: safepoint, requested by thread 0x0000029fc14e3ab0


---------------  P R O C E S S  ---------------

Threads class SMR info:
_java_thread_list=0x0000029fc76e87a0, length=45, elements={
0x0000029fa32dd220, 0x0000029fbf119570, 0x0000029fbf11a3e0, 0x0000029fbfc414c0,
0x0000029fbfc43480, 0x0000029fbfc44030, 0x0000029fbfc46e00, 0x0000029fbfc47b90,
0x0000029fbfc48630, 0x0000029fbfc54050, 0x0000029fbfdd50c0, 0x0000029fbfdd95f0,
0x0000029fc162c500, 0x0000029fc0c1f500, 0x0000029fc1732020, 0x0000029fc21e6590,
0x0000029fc14e3ab0, 0x0000029fc14888f0, 0x0000029fc148a5d0, 0x0000029fc148a100,
0x0000029fc1489290, 0x0000029fc1489760, 0x0000029fc2f2bf10, 0x0000029fc2f33290,
0x0000029fc2f2fda0, 0x0000029fc2f2e590, 0x0000029fc2f328f0, 0x0000029fc2f31a80,
0x0000029fc2f30740, 0x0000029fc2f30c10, 0x0000029fc2349f40, 0x0000029fc2347d90,
0x0000029fc2348260, 0x0000029fc29a2550, 0x0000029fc29a2ef0, 0x0000029fc29a7bf0,
0x0000029fc234ddd0, 0x0000029fc23495a0, 0x0000029fc234adb0, 0x0000029fc234ca90,
0x0000029fc2346f20, 0x0000029fc2349a70, 0x0000029fc2346a50, 0x0000029fc2348c00,
0x0000029fc234cf60
}

Java Threads: ( => current thread )
  0x0000029fa32dd220 JavaThread "main" [_thread_blocked, id=20984, stack(0x000000f5ad500000,0x000000f5ad600000)]
  0x0000029fbf119570 JavaThread "Reference Handler" daemon [_thread_blocked, id=7284, stack(0x000000f5adc00000,0x000000f5add00000)]
  0x0000029fbf11a3e0 JavaThread "Finalizer" daemon [_thread_blocked, id=2544, stack(0x000000f5add00000,0x000000f5ade00000)]
  0x0000029fbfc414c0 JavaThread "Signal Dispatcher" daemon [_thread_blocked, id=6816, stack(0x000000f5ade00000,0x000000f5adf00000)]
  0x0000029fbfc43480 JavaThread "Attach Listener" daemon [_thread_blocked, id=10448, stack(0x000000f5adf00000,0x000000f5ae000000)]
  0x0000029fbfc44030 JavaThread "Service Thread" daemon [_thread_blocked, id=8756, stack(0x000000f5ae000000,0x000000f5ae100000)]
  0x0000029fbfc46e00 JavaThread "Monitor Deflation Thread" daemon [_thread_blocked, id=6004, stack(0x000000f5ae100000,0x000000f5ae200000)]
  0x0000029fbfc47b90 JavaThread "C2 CompilerThread0" daemon [_thread_blocked, id=11240, stack(0x000000f5ae200000,0x000000f5ae300000)]
  0x0000029fbfc48630 JavaThread "C1 CompilerThread0" daemon [_thread_blocked, id=3908, stack(0x000000f5ae300000,0x000000f5ae400000)]
  0x0000029fbfc54050 JavaThread "Sweeper thread" daemon [_thread_blocked, id=14148, stack(0x000000f5ae400000,0x000000f5ae500000)]
  0x0000029fbfdd50c0 JavaThread "Common-Cleaner" daemon [_thread_blocked, id=8816, stack(0x000000f5ae500000,0x000000f5ae600000)]
  0x0000029fbfdd95f0 JavaThread "Notification Thread" daemon [_thread_blocked, id=16132, stack(0x000000f5ae600000,0x000000f5ae700000)]
  0x0000029fc162c500 JavaThread "Daemon health stats" [_thread_blocked, id=10416, stack(0x000000f5aec00000,0x000000f5aed00000)]
  0x0000029fc0c1f500 JavaThread "Incoming local TCP Connector on port 52584" [_thread_in_native, id=15552, stack(0x000000f5aed00000,0x000000f5aee00000)]
  0x0000029fc1732020 JavaThread "Daemon periodic checks" [_thread_blocked, id=4484, stack(0x000000f5aee00000,0x000000f5aef00000)]
  0x0000029fc21e6590 JavaThread "Daemon" [_thread_blocked, id=5168, stack(0x000000f5aef00000,0x000000f5af000000)]
  0x0000029fc14e3ab0 JavaThread "Daemon worker" [_thread_blocked, id=15152, stack(0x000000f5af200000,0x000000f5af300000)]
  0x0000029fc14888f0 JavaThread "Cache worker for journal cache (C:\Users\23480\.gradle\caches\journal-1)" [_thread_blocked, id=13560, stack(0x000000f5afa00000,0x000000f5afb00000)]
  0x0000029fc148a5d0 JavaThread "File lock request listener" [_thread_in_native, id=10788, stack(0x000000f5afb00000,0x000000f5afc00000)]
  0x0000029fc148a100 JavaThread "Cache worker for file hash cache (C:\Users\23480\.gradle\caches\8.0\fileHashes)" [_thread_blocked, id=18604, stack(0x000000f5afc00000,0x000000f5afd00000)]
  0x0000029fc1489290 JavaThread "File watcher server" daemon [_thread_in_native, id=692, stack(0x000000f5afd00000,0x000000f5afe00000)]
  0x0000029fc1489760 JavaThread "File watcher consumer" daemon [_thread_blocked, id=3224, stack(0x000000f5afe00000,0x000000f5aff00000)]
  0x0000029fc2f2bf10 JavaThread "Cache worker for file content cache (C:\Users\23480\.gradle\caches\8.0\fileContent)" [_thread_blocked, id=17956, stack(0x000000f5b0100000,0x000000f5b0200000)]
  0x0000029fc2f33290 JavaThread "Cache worker for execution history cache (C:\Users\23480\.gradle\caches\8.0\executionHistory)" [_thread_blocked, id=11184, stack(0x000000f5b0400000,0x000000f5b0500000)]
  0x0000029fc2f2fda0 JavaThread "jar transforms" [_thread_blocked, id=21208, stack(0x000000f5b0500000,0x000000f5b0600000)]
  0x0000029fc2f2e590 JavaThread "jar transforms Thread 2" [_thread_blocked, id=10160, stack(0x000000f5b0600000,0x000000f5b0700000)]
  0x0000029fc2f328f0 JavaThread "Cache worker for kotlin-dsl (C:\Users\23480\.gradle\caches\8.0\kotlin-dsl)" [_thread_blocked, id=19856, stack(0x000000f5b0700000,0x000000f5b0800000)]
  0x0000029fc2f31a80 JavaThread "jar transforms Thread 3" [_thread_blocked, id=16304, stack(0x000000f5b0800000,0x000000f5b0900000)]
  0x0000029fc2f30740 JavaThread "jar transforms Thread 4" [_thread_blocked, id=18864, stack(0x000000f5b0900000,0x000000f5b0a00000)]
  0x0000029fc2f30c10 JavaThread "jar transforms Thread 5" [_thread_blocked, id=8896, stack(0x000000f5b0c00000,0x000000f5b0d00000)]
  0x0000029fc2349f40 JavaThread "jar transforms Thread 6" [_thread_blocked, id=13348, stack(0x000000f5b5d00000,0x000000f5b5e00000)]
  0x0000029fc2347d90 JavaThread "jar transforms Thread 7" [_thread_blocked, id=14068, stack(0x000000f5b5e00000,0x000000f5b5f00000)]
  0x0000029fc2348260 JavaThread "jar transforms Thread 8" [_thread_blocked, id=21124, stack(0x000000f5b5f00000,0x000000f5b6000000)]
  0x0000029fc29a2550 JavaThread "Memory manager" [_thread_blocked, id=7360, stack(0x000000f5b6100000,0x000000f5b6200000)]
  0x0000029fc29a2ef0 JavaThread "pool-3-thread-1" [_thread_blocked, id=17736, stack(0x000000f5b6200000,0x000000f5b6300000)]
  0x0000029fc29a7bf0 JavaThread "included builds" [_thread_blocked, id=13432, stack(0x000000f5b6400000,0x000000f5b6500000)]
  0x0000029fc234ddd0 JavaThread "Handler for socket connection from /127.0.0.1:52584 to /127.0.0.1:52587" [_thread_in_native, id=11464, stack(0x000000f5af000000,0x000000f5af100000)]
  0x0000029fc23495a0 JavaThread "Cancel handler" [_thread_blocked, id=14484, stack(0x000000f5af100000,0x000000f5af200000)]
  0x0000029fc234adb0 JavaThread "Asynchronous log dispatcher for DefaultDaemonConnection: socket connection from /127.0.0.1:52584 to /127.0.0.1:52587" [_thread_blocked, id=14464, stack(0x000000f5af300000,0x000000f5af400000)]
  0x0000029fc234ca90 JavaThread "Stdin handler" [_thread_blocked, id=18608, stack(0x000000f5af400000,0x000000f5af500000)]
  0x0000029fc2346f20 JavaThread "Daemon client event forwarder" [_thread_blocked, id=11764, stack(0x000000f5af500000,0x000000f5af600000)]
  0x0000029fc2349a70 JavaThread "Cache worker for checksums cache (C:\Users\23480\Documents\androidproject\TaskApp\.gradle\8.0\checksums)" [_thread_blocked, id=10320, stack(0x000000f5aff00000,0x000000f5b0000000)]
  0x0000029fc2346a50 JavaThread "Cache worker for cache directory md-rule (C:\Users\23480\.gradle\caches\8.0\md-rule)" [_thread_blocked, id=19084, stack(0x000000f5b0000000,0x000000f5b0100000)]
  0x0000029fc2348c00 JavaThread "Cache worker for file hash cache (C:\Users\23480\Documents\androidproject\TaskApp\.gradle\8.0\fileHashes)" [_thread_blocked, id=14408, stack(0x000000f5b0200000,0x000000f5b0300000)]
  0x0000029fc234cf60 JavaThread "Cache worker for cache directory md-supplier (C:\Users\23480\.gradle\caches\8.0\md-supplier)" [_thread_blocked, id=2220, stack(0x000000f5b0300000,0x000000f5b0400000)]

Other Threads:
=>0x0000029fbf117960 VMThread "VM Thread" [stack: 0x000000f5adb00000,0x000000f5adc00000] [id=3296]
  0x0000029fa3398380 WatcherThread [stack: 0x000000f5ae700000,0x000000f5ae800000] [id=2824]
  0x0000029fa333a2d0 GCTaskThread "GC Thread#0" [stack: 0x000000f5ad600000,0x000000f5ad700000] [id=13920]
  0x0000029fc0895200 GCTaskThread "GC Thread#1" [stack: 0x000000f5ae800000,0x000000f5ae900000] [id=12280]
  0x0000029fc012b430 GCTaskThread "GC Thread#2" [stack: 0x000000f5ae900000,0x000000f5aea00000] [id=13076]
  0x0000029fc0973fe0 GCTaskThread "GC Thread#3" [stack: 0x000000f5aea00000,0x000000f5aeb00000] [id=14020]
  0x0000029fc13ea900 GCTaskThread "GC Thread#4" [stack: 0x000000f5aeb00000,0x000000f5aec00000] [id=14732]
  0x0000029fc0ff2760 GCTaskThread "GC Thread#5" [stack: 0x000000f5af600000,0x000000f5af700000] [id=17556]
  0x0000029fc0ff2a10 GCTaskThread "GC Thread#6" [stack: 0x000000f5af700000,0x000000f5af800000] [id=8028]
  0x0000029fc0ff2200 GCTaskThread "GC Thread#7" [stack: 0x000000f5af800000,0x000000f5af900000] [id=8128]
  0x0000029fa334b210 ConcurrentGCThread "G1 Main Marker" [stack: 0x000000f5ad700000,0x000000f5ad800000] [id=7480]
  0x0000029fa334bc20 ConcurrentGCThread "G1 Conc#0" [stack: 0x000000f5ad800000,0x000000f5ad900000] [id=13068]
  0x0000029fc0ff2cc0 ConcurrentGCThread "G1 Conc#1" [stack: 0x000000f5af900000,0x000000f5afa00000] [id=12884]
  0x0000029fbef6c9c0 ConcurrentGCThread "G1 Refine#0" [stack: 0x000000f5ad900000,0x000000f5ada00000] [id=10796]
  0x0000029fbef6d3e0 ConcurrentGCThread "G1 Service" [stack: 0x000000f5ada00000,0x000000f5adb00000] [id=11792]

Threads with active compile tasks:
C2 CompilerThread0    20315 9461       4       org.codehaus.groovy.reflection.CachedMethod::compareTo (25 bytes)

VM state: at safepoint (normal execution)

VM Mutex/Monitor currently owned by a thread:  ([mutex/lock_event])
[0x0000029fa32d9020] Threads_lock - owner thread: 0x0000029fbf117960
[0x0000029fa32d8de0] Heap_lock - owner thread: 0x0000029fc14e3ab0

Heap address: 0x0000000080000000, size: 2048 MB, Compressed Oops mode: 32-bit

CDS archive(s) not mapped
Compressed class space mapped at: 0x0000000100000000-0x0000000140000000, reserved size: 1073741824
Narrow klass base: 0x0000000000000000, Narrow klass shift: 3, Narrow klass range: 0x140000000

GC Precious Log:
 CPUs: 8 total, 8 available
 Memory: 7502M
 Large Page Support: Disabled
 NUMA Support: Disabled
 Compressed Oops: Enabled (32-bit)
 Heap Region Size: 1M
 Heap Min Capacity: 8M
 Heap Initial Capacity: 118M
 Heap Max Capacity: 2G
 Pre-touch: Disabled
 Parallel Workers: 8
 Concurrent Workers: 2
 Concurrent Refinement Workers: 8
 Periodic GC: Disabled

Heap:
 garbage-first heap   total 199680K, used 115268K [0x0000000080000000, 0x0000000100000000)
  region size 1024K, 1 young (1024K), 1 survivors (1024K)
 Metaspace       used 97542K, committed 98304K, reserved 1138688K
  class space    used 13013K, committed 13440K, reserved 1048576K

Heap Regions: E=young(eden), S=young(survivor), O=old, HS=humongous(starts), HC=humongous(continues), CS=collection set, F=free, OA=open archive, CA=closed archive, TAMS=top-at-mark-start (previous, next)
|   0|0x0000000080000000, 0x0000000080100000, 0x0000000080100000|100%|HS|  |TAMS 0x0000000080100000, 0x0000000080000000| Complete 
|   1|0x0000000080100000, 0x0000000080200000, 0x0000000080200000|100%|HC|  |TAMS 0x0000000080200000, 0x0000000080100000| Complete 
|   2|0x0000000080200000, 0x0000000080300000, 0x0000000080300000|100%|HC|  |TAMS 0x0000000080300000, 0x0000000080200000| Complete 
|   3|0x0000000080300000, 0x0000000080400000, 0x0000000080400000|100%|HC|  |TAMS 0x0000000080400000, 0x0000000080300000| Complete 
|   4|0x0000000080400000, 0x0000000080500000, 0x0000000080500000|100%| O|  |TAMS 0x0000000080500000, 0x0000000080400000| Untracked 
|   5|0x0000000080500000, 0x0000000080600000, 0x0000000080600000|100%| O|  |TAMS 0x0000000080600000, 0x0000000080500000| Untracked 
|   6|0x0000000080600000, 0x0000000080700000, 0x0000000080700000|100%| O|  |TAMS 0x0000000080700000, 0x0000000080600000| Untracked 
|   7|0x0000000080700000, 0x0000000080800000, 0x0000000080800000|100%| O|  |TAMS 0x0000000080800000, 0x0000000080700000| Untracked 
|   8|0x0000000080800000, 0x0000000080900000, 0x0000000080900000|100%| O|  |TAMS 0x0000000080900000, 0x0000000080800000| Untracked 
|   9|0x0000000080900000, 0x0000000080a00000, 0x0000000080a00000|100%| O|  |TAMS 0x0000000080a00000, 0x0000000080900000| Untracked 
|  10|0x0000000080a00000, 0x0000000080b00000, 0x0000000080b00000|100%| O|  |TAMS 0x0000000080b00000, 0x0000000080a00000| Untracked 
|  11|0x0000000080b00000, 0x0000000080c00000, 0x0000000080c00000|100%| O|  |TAMS 0x0000000080c00000, 0x0000000080b00000| Untracked 
|  12|0x0000000080c00000, 0x0000000080d00000, 0x0000000080d00000|100%| O|  |TAMS 0x0000000080d00000, 0x0000000080c00000| Untracked 
|  13|0x0000000080d00000, 0x0000000080e00000, 0x0000000080e00000|100%| O|  |TAMS 0x0000000080e00000, 0x0000000080d00000| Untracked 
|  14|0x0000000080e00000, 0x0000000080f00000, 0x0000000080f00000|100%| O|  |TAMS 0x0000000080f00000, 0x0000000080e00000| Untracked 
|  15|0x0000000080f00000, 0x0000000081000000, 0x0000000081000000|100%| O|  |TAMS 0x0000000081000000, 0x0000000080f00000| Untracked 
|  16|0x0000000081000000, 0x0000000081100000, 0x0000000081100000|100%| O|  |TAMS 0x0000000081100000, 0x0000000081000000| Untracked 
|  17|0x0000000081100000, 0x0000000081200000, 0x0000000081200000|100%| O|  |TAMS 0x0000000081200000, 0x0000000081100000| Untracked 
|  18|0x0000000081200000, 0x0000000081300000, 0x0000000081300000|100%| O|  |TAMS 0x0000000081300000, 0x0000000081200000| Untracked 
|  19|0x0000000081300000, 0x0000000081400000, 0x0000000081400000|100%| O|  |TAMS 0x0000000081400000, 0x0000000081300000| Untracked 
|  20|0x0000000081400000, 0x0000000081500000, 0x0000000081500000|100%| O|  |TAMS 0x0000000081500000, 0x0000000081400000| Untracked 
|  21|0x0000000081500000, 0x0000000081600000, 0x0000000081600000|100%| O|  |TAMS 0x0000000081600000, 0x0000000081500000| Untracked 
|  22|0x0000000081600000, 0x0000000081700000, 0x0000000081700000|100%| O|  |TAMS 0x0000000081700000, 0x0000000081600000| Untracked 
|  23|0x0000000081700000, 0x0000000081800000, 0x0000000081800000|100%| O|  |TAMS 0x0000000081800000, 0x0000000081700000| Untracked 
|  24|0x0000000081800000, 0x0000000081900000, 0x0000000081900000|100%| O|  |TAMS 0x0000000081900000, 0x0000000081800000| Untracked 
|  25|0x0000000081900000, 0x0000000081a00000, 0x0000000081a00000|100%| O|  |TAMS 0x0000000081a00000, 0x0000000081900000| Untracked 
|  26|0x0000000081a00000, 0x0000000081b00000, 0x0000000081b00000|100%| O|  |TAMS 0x0000000081b00000, 0x0000000081a00000| Untracked 
|  27|0x0000000081b00000, 0x0000000081c00000, 0x0000000081c00000|100%| O|  |TAMS 0x0000000081c00000, 0x0000000081b00000| Untracked 
|  28|0x0000000081c00000, 0x0000000081d00000, 0x0000000081d00000|100%| O|  |TAMS 0x0000000081d00000, 0x0000000081c00000| Untracked 
|  29|0x0000000081d00000, 0x0000000081e00000, 0x0000000081e00000|100%| O|  |TAMS 0x0000000081e00000, 0x0000000081d00000| Untracked 
|  30|0x0000000081e00000, 0x0000000081f00000, 0x0000000081f00000|100%|HS|  |TAMS 0x0000000081f00000, 0x0000000081e00000| Complete 
|  31|0x0000000081f00000, 0x0000000082000000, 0x0000000082000000|100%|HS|  |TAMS 0x0000000082000000, 0x0000000081f00000| Complete 
|  32|0x0000000082000000, 0x0000000082100000, 0x0000000082100000|100%|HS|  |TAMS 0x0000000082100000, 0x0000000082000000| Complete 
|  33|0x0000000082100000, 0x0000000082200000, 0x0000000082200000|100%|HC|  |TAMS 0x0000000082200000, 0x0000000082100000| Complete 
|  34|0x0000000082200000, 0x0000000082300000, 0x0000000082300000|100%|HS|  |TAMS 0x0000000082300000, 0x0000000082200000| Complete 
|  35|0x0000000082300000, 0x0000000082400000, 0x0000000082400000|100%|HS|  |TAMS 0x0000000082400000, 0x0000000082300000| Complete 
|  36|0x0000000082400000, 0x0000000082500000, 0x0000000082500000|100%|HC|  |TAMS 0x0000000082500000, 0x0000000082400000| Complete 
|  37|0x0000000082500000, 0x0000000082600000, 0x0000000082600000|100%|HC|  |TAMS 0x0000000082600000, 0x0000000082500000| Complete 
|  38|0x0000000082600000, 0x0000000082700000, 0x0000000082700000|100%|HC|  |TAMS 0x0000000082700000, 0x0000000082600000| Complete 
|  39|0x0000000082700000, 0x0000000082800000, 0x0000000082800000|100%| O|  |TAMS 0x0000000082800000, 0x0000000082700000| Untracked 
|  40|0x0000000082800000, 0x0000000082900000, 0x0000000082900000|100%| O|  |TAMS 0x0000000082900000, 0x0000000082800000| Untracked 
|  41|0x0000000082900000, 0x0000000082a00000, 0x0000000082a00000|100%| O|  |TAMS 0x0000000082a00000, 0x0000000082900000| Untracked 
|  42|0x0000000082a00000, 0x0000000082b00000, 0x0000000082b00000|100%| O|  |TAMS 0x0000000082b00000, 0x0000000082a00000| Untracked 
|  43|0x0000000082b00000, 0x0000000082c00000, 0x0000000082c00000|100%| O|  |TAMS 0x0000000082b00000, 0x0000000082b00000| Untracked 
|  44|0x0000000082c00000, 0x0000000082c00000, 0x0000000082d00000|  0%| F|  |TAMS 0x0000000082c00000, 0x0000000082c00000| Untracked 
|  45|0x0000000082d00000, 0x0000000082e00000, 0x0000000082e00000|100%| O|  |TAMS 0x0000000082e00000, 0x0000000082d00000| Untracked 
|  46|0x0000000082e00000, 0x0000000082f00000, 0x0000000082f00000|100%| O|  |TAMS 0x0000000082f00000, 0x0000000082e00000| Untracked 
|  47|0x0000000082f00000, 0x0000000083000000, 0x0000000083000000|100%| O|  |TAMS 0x0000000083000000, 0x0000000082f00000| Untracked 
|  48|0x0000000083000000, 0x0000000083100000, 0x0000000083100000|100%| O|  |TAMS 0x0000000083100000, 0x0000000083000000| Untracked 
|  49|0x0000000083100000, 0x0000000083200000, 0x0000000083200000|100%| O|  |TAMS 0x0000000083200000, 0x0000000083100000| Untracked 
|  50|0x0000000083200000, 0x0000000083300000, 0x0000000083300000|100%| O|  |TAMS 0x0000000083300000, 0x0000000083200000| Untracked 
|  51|0x0000000083300000, 0x0000000083400000, 0x0000000083400000|100%| O|  |TAMS 0x0000000083400000, 0x0000000083300000| Untracked 
|  52|0x0000000083400000, 0x0000000083500000, 0x0000000083500000|100%| O|  |TAMS 0x0000000083500000, 0x0000000083400000| Untracked 
|  53|0x0000000083500000, 0x0000000083600000, 0x0000000083600000|100%| O|  |TAMS 0x0000000083600000, 0x0000000083500000| Untracked 
|  54|0x0000000083600000, 0x0000000083700000, 0x0000000083700000|100%| O|  |TAMS 0x0000000083700000, 0x0000000083600000| Untracked 
|  55|0x0000000083700000, 0x0000000083800000, 0x0000000083800000|100%| O|  |TAMS 0x0000000083800000, 0x0000000083700000| Untracked 
|  56|0x0000000083800000, 0x0000000083900000, 0x0000000083900000|100%| O|  |TAMS 0x0000000083900000, 0x0000000083800000| Untracked 
|  57|0x0000000083900000, 0x0000000083a00000, 0x0000000083a00000|100%| O|  |TAMS 0x0000000083a00000, 0x0000000083900000| Untracked 
|  58|0x0000000083a00000, 0x0000000083b00000, 0x0000000083b00000|100%| O|  |TAMS 0x0000000083b00000, 0x0000000083a00000| Untracked 
|  59|0x0000000083b00000, 0x0000000083c00000, 0x0000000083c00000|100%| O|  |TAMS 0x0000000083c00000, 0x0000000083b00000| Untracked 
|  60|0x0000000083c00000, 0x0000000083d00000, 0x0000000083d00000|100%| O|  |TAMS 0x0000000083d00000, 0x0000000083c00000| Untracked 
|  61|0x0000000083d00000, 0x0000000083e00000, 0x0000000083e00000|100%| O|  |TAMS 0x0000000083e00000, 0x0000000083d00000| Untracked 
|  62|0x0000000083e00000, 0x0000000083f00000, 0x0000000083f00000|100%| O|  |TAMS 0x0000000083f00000, 0x0000000083e00000| Untracked 
|  63|0x0000000083f00000, 0x0000000084000000, 0x0000000084000000|100%| O|  |TAMS 0x0000000084000000, 0x0000000083f00000| Untracked 
|  64|0x0000000084000000, 0x0000000084100000, 0x0000000084100000|100%| O|  |TAMS 0x0000000084100000, 0x0000000084000000| Untracked 
|  65|0x0000000084100000, 0x0000000084200000, 0x0000000084200000|100%| O|  |TAMS 0x0000000084200000, 0x0000000084100000| Untracked 
|  66|0x0000000084200000, 0x0000000084300000, 0x0000000084300000|100%| O|  |TAMS 0x0000000084300000, 0x0000000084200000| Untracked 
|  67|0x0000000084300000, 0x0000000084400000, 0x0000000084400000|100%| O|  |TAMS 0x0000000084400000, 0x0000000084300000| Untracked 
|  68|0x0000000084400000, 0x0000000084400000, 0x0000000084500000|  0%| F|  |TAMS 0x0000000084400000, 0x0000000084400000| Untracked 
|  69|0x0000000084500000, 0x0000000084600000, 0x0000000084600000|100%| O|  |TAMS 0x0000000084600000, 0x0000000084500000| Untracked 
|  70|0x0000000084600000, 0x0000000084700000, 0x0000000084700000|100%| O|  |TAMS 0x0000000084700000, 0x0000000084600000| Untracked 
|  71|0x0000000084700000, 0x0000000084800000, 0x0000000084800000|100%| O|  |TAMS 0x0000000084800000, 0x0000000084700000| Untracked 
|  72|0x0000000084800000, 0x0000000084900000, 0x0000000084900000|100%| O|  |TAMS 0x0000000084900000, 0x0000000084800000| Untracked 
|  73|0x0000000084900000, 0x0000000084a00000, 0x0000000084a00000|100%| O|  |TAMS 0x0000000084a00000, 0x0000000084900000| Untracked 
|  74|0x0000000084a00000, 0x0000000084b00000, 0x0000000084b00000|100%| O|  |TAMS 0x0000000084b00000, 0x0000000084a00000| Untracked 
|  75|0x0000000084b00000, 0x0000000084c00000, 0x0000000084c00000|100%| O|  |TAMS 0x0000000084c00000, 0x0000000084b00000| Untracked 
|  76|0x0000000084c00000, 0x0000000084d00000, 0x0000000084d00000|100%| O|  |TAMS 0x0000000084c33200, 0x0000000084c00000| Untracked 
|  77|0x0000000084d00000, 0x0000000084e00000, 0x0000000084e00000|100%|HS|  |TAMS 0x0000000084e00000, 0x0000000084d00000| Complete 
|  78|0x0000000084e00000, 0x0000000084f00000, 0x0000000084f00000|100%|HC|  |TAMS 0x0000000084f00000, 0x0000000084e00000| Complete 
|  79|0x0000000084f00000, 0x0000000085000000, 0x0000000085000000|100%|HS|  |TAMS 0x0000000085000000, 0x0000000084f00000| Complete 
|  80|0x0000000085000000, 0x0000000085100000, 0x0000000085100000|100%|HC|  |TAMS 0x0000000085100000, 0x0000000085000000| Complete 
|  81|0x0000000085100000, 0x0000000085200000, 0x0000000085200000|100%|HC|  |TAMS 0x0000000085200000, 0x0000000085100000| Complete 
|  82|0x0000000085200000, 0x0000000085300000, 0x0000000085300000|100%|HS|  |TAMS 0x0000000085300000, 0x0000000085200000| Complete 
|  83|0x0000000085300000, 0x0000000085400000, 0x0000000085400000|100%|HC|  |TAMS 0x0000000085400000, 0x0000000085300000| Complete 
|  84|0x0000000085400000, 0x0000000085500000, 0x0000000085500000|100%|HC|  |TAMS 0x0000000085500000, 0x0000000085400000| Complete 
|  85|0x0000000085500000, 0x0000000085600000, 0x0000000085600000|100%|HS|  |TAMS 0x0000000085600000, 0x0000000085500000| Complete 
|  86|0x0000000085600000, 0x0000000085700000, 0x0000000085700000|100%|HC|  |TAMS 0x0000000085700000, 0x0000000085600000| Complete 
|  87|0x0000000085700000, 0x0000000085800000, 0x0000000085800000|100%|HC|  |TAMS 0x0000000085800000, 0x0000000085700000| Complete 
|  88|0x0000000085800000, 0x0000000085900000, 0x0000000085900000|100%|HC|  |TAMS 0x0000000085900000, 0x0000000085800000| Complete 
|  89|0x0000000085900000, 0x0000000085a00000, 0x0000000085a00000|100%|HC|  |TAMS 0x0000000085a00000, 0x0000000085900000| Complete 
|  90|0x0000000085a00000, 0x0000000085b00000, 0x0000000085b00000|100%|HC|  |TAMS 0x0000000085b00000, 0x0000000085a00000| Complete 
|  91|0x0000000085b00000, 0x0000000085c00000, 0x0000000085c00000|100%|HC|  |TAMS 0x0000000085c00000, 0x0000000085b00000| Complete 
|  92|0x0000000085c00000, 0x0000000085d00000, 0x0000000085d00000|100%|HC|  |TAMS 0x0000000085d00000, 0x0000000085c00000| Complete 
|  93|0x0000000085d00000, 0x0000000085e00000, 0x0000000085e00000|100%|HC|  |TAMS 0x0000000085e00000, 0x0000000085d00000| Complete 
|  94|0x0000000085e00000, 0x0000000085f00000, 0x0000000085f00000|100%|HC|  |TAMS 0x0000000085f00000, 0x0000000085e00000| Complete 
|  95|0x0000000085f00000, 0x0000000086000000, 0x0000000086000000|100%|HC|  |TAMS 0x0000000086000000, 0x0000000085f00000| Complete 
|  96|0x0000000086000000, 0x0000000086100000, 0x0000000086100000|100%|HC|  |TAMS 0x0000000086100000, 0x0000000086000000| Complete 
|  97|0x0000000086100000, 0x0000000086200000, 0x0000000086200000|100%|HS|  |TAMS 0x0000000086200000, 0x0000000086100000| Complete 
|  98|0x0000000086200000, 0x0000000086300000, 0x0000000086300000|100%|HC|  |TAMS 0x0000000086300000, 0x0000000086200000| Complete 
|  99|0x0000000086300000, 0x0000000086400000, 0x0000000086400000|100%|HS|  |TAMS 0x0000000086400000, 0x0000000086300000| Complete 
| 100|0x0000000086400000, 0x0000000086500000, 0x0000000086500000|100%|HC|  |TAMS 0x0000000086500000, 0x0000000086400000| Complete 
| 101|0x0000000086500000, 0x0000000086600000, 0x0000000086600000|100%|HC|  |TAMS 0x0000000086600000, 0x0000000086500000| Complete 
| 102|0x0000000086600000, 0x0000000086700000, 0x0000000086700000|100%| O|  |TAMS 0x0000000086600000, 0x0000000086600000| Untracked 
| 103|0x0000000086700000, 0x0000000086800000, 0x0000000086800000|100%| O|  |TAMS 0x0000000086700000, 0x0000000086700000| Untracked 
| 104|0x0000000086800000, 0x000000008686b800, 0x0000000086900000| 41%| O|  |TAMS 0x0000000086800000, 0x0000000086800000| Untracked 
| 105|0x0000000086900000, 0x0000000086900000, 0x0000000086a00000|  0%| F|  |TAMS 0x0000000086900000, 0x0000000086900000| Untracked 
| 106|0x0000000086a00000, 0x0000000086a00000, 0x0000000086b00000|  0%| F|  |TAMS 0x0000000086a00000, 0x0000000086a00000| Untracked 
| 107|0x0000000086b00000, 0x0000000086c00000, 0x0000000086c00000|100%|HS|  |TAMS 0x0000000086b00000, 0x0000000086b00000| Complete 
| 108|0x0000000086c00000, 0x0000000086d00000, 0x0000000086d00000|100%|HC|  |TAMS 0x0000000086c00000, 0x0000000086c00000| Complete 
| 109|0x0000000086d00000, 0x0000000086e00000, 0x0000000086e00000|100%|HC|  |TAMS 0x0000000086d00000, 0x0000000086d00000| Complete 
| 110|0x0000000086e00000, 0x0000000086f00000, 0x0000000086f00000|100%| O|  |TAMS 0x0000000086e00000, 0x0000000086e00000| Untracked 
| 111|0x0000000086f00000, 0x0000000087000000, 0x0000000087000000|100%| O|  |TAMS 0x0000000086f00000, 0x0000000086f00000| Untracked 
| 112|0x0000000087000000, 0x0000000087100000, 0x0000000087100000|100%| O|  |TAMS 0x0000000087000000, 0x0000000087000000| Untracked 
| 113|0x0000000087100000, 0x0000000087200000, 0x0000000087200000|100%| O|  |TAMS 0x0000000087100000, 0x0000000087100000| Untracked 
| 114|0x0000000087200000, 0x0000000087300000, 0x0000000087300000|100%| O|  |TAMS 0x0000000087200000, 0x0000000087200000| Untracked 
| 115|0x0000000087300000, 0x0000000087300000, 0x0000000087400000|  0%| F|  |TAMS 0x0000000087300000, 0x0000000087300000| Untracked 
| 116|0x0000000087400000, 0x0000000087400000, 0x0000000087500000|  0%| F|  |TAMS 0x0000000087400000, 0x0000000087400000| Untracked 
| 117|0x0000000087500000, 0x0000000087500000, 0x0000000087600000|  0%| F|  |TAMS 0x0000000087500000, 0x0000000087500000| Untracked 
| 118|0x0000000087600000, 0x0000000087600000, 0x0000000087700000|  0%| F|  |TAMS 0x0000000087600000, 0x0000000087600000| Untracked 
| 119|0x0000000087700000, 0x0000000087700000, 0x0000000087800000|  0%| F|  |TAMS 0x0000000087700000, 0x0000000087700000| Untracked 
| 120|0x0000000087800000, 0x0000000087800000, 0x0000000087900000|  0%| F|  |TAMS 0x0000000087800000, 0x0000000087800000| Untracked 
| 121|0x0000000087900000, 0x0000000087900000, 0x0000000087a00000|  0%| F|  |TAMS 0x0000000087900000, 0x0000000087900000| Untracked 
| 122|0x0000000087a00000, 0x0000000087a00000, 0x0000000087b00000|  0%| F|  |TAMS 0x0000000087a00000, 0x0000000087a00000| Untracked 
| 123|0x0000000087b00000, 0x0000000087b00000, 0x0000000087c00000|  0%| F|  |TAMS 0x0000000087b00000, 0x0000000087b00000| Untracked 
| 124|0x0000000087c00000, 0x0000000087c00000, 0x0000000087d00000|  0%| F|  |TAMS 0x0000000087c00000, 0x0000000087c00000| Untracked 
| 125|0x0000000087d00000, 0x0000000087d00000, 0x0000000087e00000|  0%| F|  |TAMS 0x0000000087d00000, 0x0000000087d00000| Untracked 
| 126|0x0000000087e00000, 0x0000000087e00000, 0x0000000087f00000|  0%| F|  |TAMS 0x0000000087e00000, 0x0000000087e00000| Untracked 
| 127|0x0000000087f00000, 0x0000000087f00000, 0x0000000088000000|  0%| F|  |TAMS 0x0000000087f00000, 0x0000000087f00000| Untracked 
| 128|0x0000000088000000, 0x0000000088000000, 0x0000000088100000|  0%| F|  |TAMS 0x0000000088000000, 0x0000000088000000| Untracked 
| 129|0x0000000088100000, 0x0000000088100000, 0x0000000088200000|  0%| F|  |TAMS 0x0000000088100000, 0x0000000088100000| Untracked 
| 130|0x0000000088200000, 0x0000000088200000, 0x0000000088300000|  0%| F|  |TAMS 0x0000000088200000, 0x0000000088200000| Untracked 
| 131|0x0000000088300000, 0x0000000088300000, 0x0000000088400000|  0%| F|  |TAMS 0x0000000088300000, 0x0000000088300000| Untracked 
| 132|0x0000000088400000, 0x0000000088400000, 0x0000000088500000|  0%| F|  |TAMS 0x0000000088400000, 0x0000000088400000| Untracked 
| 133|0x0000000088500000, 0x0000000088500000, 0x0000000088600000|  0%| F|  |TAMS 0x0000000088500000, 0x0000000088500000| Untracked 
| 134|0x0000000088600000, 0x0000000088600000, 0x0000000088700000|  0%| F|  |TAMS 0x0000000088600000, 0x0000000088600000| Untracked 
| 135|0x0000000088700000, 0x0000000088700000, 0x0000000088800000|  0%| F|  |TAMS 0x0000000088700000, 0x0000000088700000| Untracked 
| 136|0x0000000088800000, 0x0000000088800000, 0x0000000088900000|  0%| F|  |TAMS 0x0000000088800000, 0x0000000088800000| Untracked 
| 137|0x0000000088900000, 0x0000000088900000, 0x0000000088a00000|  0%| F|  |TAMS 0x0000000088900000, 0x0000000088900000| Untracked 
| 138|0x0000000088a00000, 0x0000000088a00000, 0x0000000088b00000|  0%| F|  |TAMS 0x0000000088a00000, 0x0000000088a00000| Untracked 
| 139|0x0000000088b00000, 0x0000000088b00000, 0x0000000088c00000|  0%| F|  |TAMS 0x0000000088b00000, 0x0000000088b00000| Untracked 
| 140|0x0000000088c00000, 0x0000000088c00000, 0x0000000088d00000|  0%| F|  |TAMS 0x0000000088c00000, 0x0000000088c00000| Untracked 
| 141|0x0000000088d00000, 0x0000000088d00000, 0x0000000088e00000|  0%| F|  |TAMS 0x0000000088d00000, 0x0000000088d00000| Untracked 
| 142|0x0000000088e00000, 0x0000000088e00000, 0x0000000088f00000|  0%| F|  |TAMS 0x0000000088e00000, 0x0000000088e00000| Untracked 
| 143|0x0000000088f00000, 0x0000000088f00000, 0x0000000089000000|  0%| F|  |TAMS 0x0000000088f00000, 0x0000000088f00000| Untracked 
| 144|0x0000000089000000, 0x0000000089000000, 0x0000000089100000|  0%| F|  |TAMS 0x0000000089000000, 0x0000000089000000| Untracked 
| 145|0x0000000089100000, 0x0000000089100000, 0x0000000089200000|  0%| F|  |TAMS 0x0000000089100000, 0x0000000089100000| Untracked 
| 146|0x0000000089200000, 0x0000000089200000, 0x0000000089300000|  0%| F|  |TAMS 0x0000000089200000, 0x0000000089200000| Untracked 
| 147|0x0000000089300000, 0x0000000089300000, 0x0000000089400000|  0%| F|  |TAMS 0x0000000089300000, 0x0000000089300000| Untracked 
| 148|0x0000000089400000, 0x0000000089400000, 0x0000000089500000|  0%| F|  |TAMS 0x0000000089400000, 0x0000000089400000| Untracked 
| 149|0x0000000089500000, 0x0000000089500000, 0x0000000089600000|  0%| F|  |TAMS 0x0000000089500000, 0x0000000089500000| Untracked 
| 150|0x0000000089600000, 0x0000000089600000, 0x0000000089700000|  0%| F|  |TAMS 0x0000000089600000, 0x0000000089600000| Untracked 
| 151|0x0000000089700000, 0x0000000089700000, 0x0000000089800000|  0%| F|  |TAMS 0x0000000089700000, 0x0000000089700000| Untracked 
| 152|0x0000000089800000, 0x0000000089800000, 0x0000000089900000|  0%| F|  |TAMS 0x0000000089800000, 0x0000000089800000| Untracked 
| 153|0x0000000089900000, 0x0000000089900000, 0x0000000089a00000|  0%| F|  |TAMS 0x0000000089900000, 0x0000000089900000| Untracked 
| 154|0x0000000089a00000, 0x0000000089a00000, 0x0000000089b00000|  0%| F|  |TAMS 0x0000000089a00000, 0x0000000089a00000| Untracked 
| 155|0x0000000089b00000, 0x0000000089b00000, 0x0000000089c00000|  0%| F|  |TAMS 0x0000000089b00000, 0x0000000089b00000| Untracked 
| 156|0x0000000089c00000, 0x0000000089c00000, 0x0000000089d00000|  0%| F|  |TAMS 0x0000000089c00000, 0x0000000089c00000| Untracked 
| 157|0x0000000089d00000, 0x0000000089d00000, 0x0000000089e00000|  0%| F|  |TAMS 0x0000000089d00000, 0x0000000089d00000| Untracked 
| 158|0x0000000089e00000, 0x0000000089e00000, 0x0000000089f00000|  0%| F|  |TAMS 0x0000000089e00000, 0x0000000089e00000| Untracked 
| 159|0x0000000089f00000, 0x0000000089f00000, 0x000000008a000000|  0%| F|  |TAMS 0x0000000089f00000, 0x0000000089f00000| Untracked 
| 160|0x000000008a000000, 0x000000008a000000, 0x000000008a100000|  0%| F|  |TAMS 0x000000008a000000, 0x000000008a000000| Untracked 
| 161|0x000000008a100000, 0x000000008a100000, 0x000000008a200000|  0%| F|  |TAMS 0x000000008a100000, 0x000000008a100000| Untracked 
| 162|0x000000008a200000, 0x000000008a200000, 0x000000008a300000|  0%| F|  |TAMS 0x000000008a200000, 0x000000008a200000| Untracked 
| 163|0x000000008a300000, 0x000000008a300000, 0x000000008a400000|  0%| F|  |TAMS 0x000000008a300000, 0x000000008a300000| Untracked 
| 164|0x000000008a400000, 0x000000008a400000, 0x000000008a500000|  0%| F|  |TAMS 0x000000008a400000, 0x000000008a400000| Untracked 
| 165|0x000000008a500000, 0x000000008a500000, 0x000000008a600000|  0%| F|  |TAMS 0x000000008a500000, 0x000000008a500000| Untracked 
| 166|0x000000008a600000, 0x000000008a600000, 0x000000008a700000|  0%| F|  |TAMS 0x000000008a600000, 0x000000008a600000| Untracked 
| 167|0x000000008a700000, 0x000000008a700000, 0x000000008a800000|  0%| F|  |TAMS 0x000000008a700000, 0x000000008a700000| Untracked 
| 168|0x000000008a800000, 0x000000008a800000, 0x000000008a900000|  0%| F|  |TAMS 0x000000008a800000, 0x000000008a800000| Untracked 
| 169|0x000000008a900000, 0x000000008a900000, 0x000000008aa00000|  0%| F|  |TAMS 0x000000008a900000, 0x000000008a900000| Untracked 
| 170|0x000000008aa00000, 0x000000008aa00000, 0x000000008ab00000|  0%| F|  |TAMS 0x000000008aa00000, 0x000000008aa00000| Untracked 
| 171|0x000000008ab00000, 0x000000008ab00000, 0x000000008ac00000|  0%| F|  |TAMS 0x000000008ab00000, 0x000000008ab00000| Untracked 
| 172|0x000000008ac00000, 0x000000008ac00000, 0x000000008ad00000|  0%| F|  |TAMS 0x000000008ac00000, 0x000000008ac00000| Untracked 
| 173|0x000000008ad00000, 0x000000008ad00000, 0x000000008ae00000|  0%| F|  |TAMS 0x000000008ad00000, 0x000000008ad00000| Untracked 
| 174|0x000000008ae00000, 0x000000008ae00000, 0x000000008af00000|  0%| F|  |TAMS 0x000000008ae00000, 0x000000008ae00000| Untracked 
| 175|0x000000008af00000, 0x000000008af00000, 0x000000008b000000|  0%| F|  |TAMS 0x000000008af00000, 0x000000008af00000| Untracked 
| 176|0x000000008b000000, 0x000000008b000000, 0x000000008b100000|  0%| F|  |TAMS 0x000000008b000000, 0x000000008b000000| Untracked 
| 177|0x000000008b100000, 0x000000008b100000, 0x000000008b200000|  0%| F|  |TAMS 0x000000008b100000, 0x000000008b100000| Untracked 
| 178|0x000000008b200000, 0x000000008b200000, 0x000000008b300000|  0%| F|  |TAMS 0x000000008b200000, 0x000000008b200000| Untracked 
| 179|0x000000008b300000, 0x000000008b300000, 0x000000008b400000|  0%| F|  |TAMS 0x000000008b300000, 0x000000008b300000| Untracked 
| 180|0x000000008b400000, 0x000000008b400000, 0x000000008b500000|  0%| F|  |TAMS 0x000000008b400000, 0x000000008b400000| Untracked 
| 181|0x000000008b500000, 0x000000008b500000, 0x000000008b600000|  0%| F|  |TAMS 0x000000008b500000, 0x000000008b500000| Untracked 
| 182|0x000000008b600000, 0x000000008b600000, 0x000000008b700000|  0%| F|  |TAMS 0x000000008b600000, 0x000000008b600000| Untracked 
| 183|0x000000008b700000, 0x000000008b7258a0, 0x000000008b800000| 14%| S|CS|TAMS 0x000000008b700000, 0x000000008b700000| Complete 
| 184|0x000000008b800000, 0x000000008b800000, 0x000000008b900000|  0%| F|  |TAMS 0x000000008b800000, 0x000000008b800000| Untracked 
| 185|0x000000008b900000, 0x000000008b900000, 0x000000008ba00000|  0%| F|  |TAMS 0x000000008b900000, 0x000000008b900000| Untracked 
| 186|0x000000008ba00000, 0x000000008ba00000, 0x000000008bb00000|  0%| F|  |TAMS 0x000000008ba00000, 0x000000008ba00000| Untracked 
| 187|0x000000008bb00000, 0x000000008bb00000, 0x000000008bc00000|  0%| F|  |TAMS 0x000000008bb00000, 0x000000008bb00000| Untracked 
| 188|0x000000008bc00000, 0x000000008bc00000, 0x000000008bd00000|  0%| F|  |TAMS 0x000000008bc00000, 0x000000008bc00000| Untracked 
| 189|0x000000008bd00000, 0x000000008bd00000, 0x000000008be00000|  0%| F|  |TAMS 0x000000008bd00000, 0x000000008bd00000| Untracked 
| 190|0x000000008be00000, 0x000000008be00000, 0x000000008bf00000|  0%| F|  |TAMS 0x000000008be00000, 0x000000008be00000| Untracked 
|2044|0x00000000ffc00000, 0x00000000ffd00000, 0x00000000ffd00000|100%| O|  |TAMS 0x00000000ffc00000, 0x00000000ffc00000| Untracked 
|2045|0x00000000ffd00000, 0x00000000ffe00000, 0x00000000ffe00000|100%| O|  |TAMS 0x00000000ffe00000, 0x00000000ffd00000| Untracked 
|2046|0x00000000ffe00000, 0x00000000ffe00000, 0x00000000fff00000|  0%| F|  |TAMS 0x00000000ffe00000, 0x00000000ffe00000| Untracked 
|2047|0x00000000fff00000, 0x00000000fff00000, 0x0000000100000000|  0%| F|  |TAMS 0x00000000fff00000, 0x00000000fff00000| Untracked 

Card table byte_map: [0x0000029fb7e00000,0x0000029fb8200000] _byte_map_base: 0x0000029fb7a00000

Marking Bits (Prev, Next): (CMBitMap*) 0x0000029fa333a920, (CMBitMap*) 0x0000029fa333a8e0
 Prev Bits: [0x0000029fba600000, 0x0000029fbc600000)
 Next Bits: [0x0000029fb8600000, 0x0000029fba600000)

Polling page: 0x0000029fa33a0000

Metaspace:

Usage:
  Non-class:     82.55 MB used.
      Class:     12.71 MB used.
       Both:     95.26 MB used.

Virtual space:
  Non-class space:       88.00 MB reserved,      82.88 MB ( 94%) committed,  11 nodes.
      Class space:        1.00 GB reserved,      13.12 MB (  1%) committed,  1 nodes.
             Both:        1.09 GB reserved,      96.00 MB (  9%) committed. 

Chunk freelists:
   Non-Class:  781.00 KB
       Class:  2.81 MB
        Both:  3.57 MB

MaxMetaspaceSize: unlimited
CompressedClassSpaceSize: 1.00 GB
Initial GC threshold: 21.00 MB
Current GC threshold: 158.69 MB
CDS: off
MetaspaceReclaimPolicy: balanced
 - commit_granule_bytes: 65536.
 - commit_granule_words: 8192.
 - virtual_space_node_default_size: 1048576.
 - enlarge_chunks_in_place: 1.
 - new_chunks_are_fully_committed: 0.
 - uncommit_free_chunks: 1.
 - use_allocation_guard: 0.
 - handle_deallocations: 1.


Internal statistics:

num_allocs_failed_limit: 6.
num_arena_births: 982.
num_arena_deaths: 0.
num_vsnodes_births: 12.
num_vsnodes_deaths: 0.
num_space_committed: 1534.
num_space_uncommitted: 0.
num_chunks_returned_to_freelist: 6.
num_chunks_taken_from_freelist: 4582.
num_chunk_merges: 6.
num_chunk_splits: 3067.
num_chunks_enlarged: 2085.
num_purges: 0.
num_inconsistent_stats: 0.

CodeHeap 'non-profiled nmethods': size=120000Kb used=4059Kb max_used=4059Kb free=115941Kb
 bounds [0x0000029fafa70000, 0x0000029fafe70000, 0x0000029fb6fa0000]
CodeHeap 'profiled nmethods': size=120000Kb used=16835Kb max_used=16835Kb free=103164Kb
 bounds [0x0000029fa7fa0000, 0x0000029fa9020000, 0x0000029faf4d0000]
CodeHeap 'non-nmethods': size=5760Kb used=2389Kb max_used=2425Kb free=3371Kb
 bounds [0x0000029faf4d0000, 0x0000029faf740000, 0x0000029fafa70000]
 total_blobs=9505 nmethods=8581 adapters=836
 compilation: enabled
              stopped_count=0, restarted_count=0
 full_count=0

Compilation events (20 events):
Event: 20.255 Thread 0x0000029fbfc47b90 9461       4       org.codehaus.groovy.reflection.CachedMethod::compareTo (25 bytes)
Event: 20.255 Thread 0x0000029fbfc48630 nmethod 9476 0x0000029fa900c210 code [0x0000029fa900c3e0, 0x0000029fa900c988]
Event: 20.255 Thread 0x0000029fbfc48630 9478   !   3       java.lang.invoke.BoundMethodHandle$Species_L::copyWithExtendL (31 bytes)
Event: 20.256 Thread 0x0000029fbfc48630 nmethod 9478 0x0000029fa900cb10 code [0x0000029fa900cd40, 0x0000029fa900d808]
Event: 20.256 Thread 0x0000029fbfc48630 9479       3       java.lang.invoke.ClassSpecializer$SpeciesData::getterFunction (78 bytes)
Event: 20.256 Thread 0x0000029fbfc48630 nmethod 9479 0x0000029fa900db10 code [0x0000029fa900dcc0, 0x0000029fa900dfa8]
Event: 20.256 Thread 0x0000029fbfc48630 9477       3       org.gradle.api.internal.provider.AbstractProperty$NonFinalizedValue::applyConvention (16 bytes)
Event: 20.256 Thread 0x0000029fbfc48630 nmethod 9477 0x0000029fa900e090 code [0x0000029fa900e220, 0x0000029fa900e3f8]
Event: 20.256 Thread 0x0000029fbfc48630 9480       3       java.io.FileInputStream::read (8 bytes)
Event: 20.256 Thread 0x0000029fbfc48630 nmethod 9480 0x0000029fa900e490 code [0x0000029fa900e620, 0x0000029fa900e768]
Event: 20.257 Thread 0x0000029fbfc48630 9482       3       org.gradle.util.internal.SimpleMapInterner::intern (40 bytes)
Event: 20.257 Thread 0x0000029fbfc48630 nmethod 9482 0x0000029fa900e810 code [0x0000029fa900e9e0, 0x0000029fa900ee58]
Event: 20.257 Thread 0x0000029fbfc48630 9484       3       com.google.common.base.Strings::nullToEmpty (5 bytes)
Event: 20.258 Thread 0x0000029fbfc48630 nmethod 9484 0x0000029fa900ef90 code [0x0000029fa900f120, 0x0000029fa900f2b8]
Event: 20.258 Thread 0x0000029fbfc48630 9483       3       org.gradle.api.internal.provider.Collectors$SingleElement::<init> (10 bytes)
Event: 20.258 Thread 0x0000029fbfc48630 nmethod 9483 0x0000029fa900f390 code [0x0000029fa900f520, 0x0000029fa900f6d8]
Event: 20.258 Thread 0x0000029fbfc48630 9485       3       jdk.internal.reflect.AccessorGenerator::isPrimitive (20 bytes)
Event: 20.258 Thread 0x0000029fbfc48630 nmethod 9485 0x0000029fa900f790 code [0x0000029fa900f920, 0x0000029fa900fad8]
Event: 20.259 Thread 0x0000029fbfc48630 9486       3       java.lang.ThreadLocal$ThreadLocalMap::set (133 bytes)
Event: 20.260 Thread 0x0000029fbfc48630 nmethod 9486 0x0000029fa900fb90 code [0x0000029fa900fe20, 0x0000029fa9010ae8]

GC Heap History (20 events):
Event: 8.097 GC heap after
{Heap after GC invocations=22 (full 0):
 garbage-first heap   total 146432K, used 62506K [0x0000000080000000, 0x0000000100000000)
  region size 1024K, 5 young (5120K), 5 survivors (5120K)
 Metaspace       used 69115K, committed 69696K, reserved 1114112K
  class space    used 9128K, committed 9408K, reserved 1048576K
}
Event: 8.854 GC heap before
{Heap before GC invocations=23 (full 0):
 garbage-first heap   total 146432K, used 107562K [0x0000000080000000, 0x0000000100000000)
  region size 1024K, 49 young (50176K), 5 survivors (5120K)
 Metaspace       used 74476K, committed 75008K, reserved 1114112K
  class space    used 9843K, committed 10112K, reserved 1048576K
}
Event: 8.858 GC heap after
{Heap after GC invocations=24 (full 0):
 garbage-first heap   total 146432K, used 65310K [0x0000000080000000, 0x0000000100000000)
  region size 1024K, 6 young (6144K), 6 survivors (6144K)
 Metaspace       used 74476K, committed 75008K, reserved 1114112K
  class space    used 9843K, committed 10112K, reserved 1048576K
}
Event: 8.873 GC heap before
{Heap before GC invocations=24 (full 0):
 garbage-first heap   total 146432K, used 66334K [0x0000000080000000, 0x0000000100000000)
  region size 1024K, 7 young (7168K), 6 survivors (6144K)
 Metaspace       used 74590K, committed 75136K, reserved 1114112K
  class space    used 9855K, committed 10112K, reserved 1048576K
}
Event: 8.877 GC heap after
{Heap after GC invocations=25 (full 0):
 garbage-first heap   total 146432K, used 65536K [0x0000000080000000, 0x0000000100000000)
  region size 1024K, 1 young (1024K), 1 survivors (1024K)
 Metaspace       used 74590K, committed 75136K, reserved 1114112K
  class space    used 9855K, committed 10112K, reserved 1048576K
}
Event: 9.526 GC heap before
{Heap before GC invocations=25 (full 0):
 garbage-first heap   total 146432K, used 112640K [0x0000000080000000, 0x0000000100000000)
  region size 1024K, 47 young (48128K), 1 survivors (1024K)
 Metaspace       used 77877K, committed 78464K, reserved 1122304K
  class space    used 10275K, committed 10560K, reserved 1048576K
}
Event: 9.531 GC heap after
{Heap after GC invocations=26 (full 0):
 garbage-first heap   total 146432K, used 69966K [0x0000000080000000, 0x0000000100000000)
  region size 1024K, 6 young (6144K), 6 survivors (6144K)
 Metaspace       used 77877K, committed 78464K, reserved 1122304K
  class space    used 10275K, committed 10560K, reserved 1048576K
}
Event: 10.268 GC heap before
{Heap before GC invocations=26 (full 0):
 garbage-first heap   total 146432K, used 112974K [0x0000000080000000, 0x0000000100000000)
  region size 1024K, 48 young (49152K), 6 survivors (6144K)
 Metaspace       used 82903K, committed 83520K, reserved 1122304K
  class space    used 11173K, committed 11456K, reserved 1048576K
}
Event: 10.273 GC heap after
{Heap after GC invocations=27 (full 0):
 garbage-first heap   total 146432K, used 72614K [0x0000000080000000, 0x0000000100000000)
  region size 1024K, 3 young (3072K), 3 survivors (3072K)
 Metaspace       used 82903K, committed 83520K, reserved 1122304K
  class space    used 11173K, committed 11456K, reserved 1048576K
}
Event: 10.997 GC heap before
{Heap before GC invocations=27 (full 0):
 garbage-first heap   total 146432K, used 115622K [0x0000000080000000, 0x0000000100000000)
  region size 1024K, 45 young (46080K), 3 survivors (3072K)
 Metaspace       used 87292K, committed 87872K, reserved 1130496K
  class space    used 11822K, committed 12096K, reserved 1048576K
}
Event: 11.003 GC heap after
{Heap after GC invocations=28 (full 0):
 garbage-first heap   total 146432K, used 75693K [0x0000000080000000, 0x0000000100000000)
  region size 1024K, 6 young (6144K), 6 survivors (6144K)
 Metaspace       used 87292K, committed 87872K, reserved 1130496K
  class space    used 11822K, committed 12096K, reserved 1048576K
}
Event: 11.626 GC heap before
{Heap before GC invocations=29 (full 0):
 garbage-first heap   total 146432K, used 116653K [0x0000000080000000, 0x0000000100000000)
  region size 1024K, 46 young (47104K), 6 survivors (6144K)
 Metaspace       used 92053K, committed 92736K, reserved 1130496K
  class space    used 12427K, committed 12736K, reserved 1048576K
}
Event: 11.637 GC heap after
{Heap after GC invocations=30 (full 0):
 garbage-first heap   total 146432K, used 81076K [0x0000000080000000, 0x0000000100000000)
  region size 1024K, 6 young (6144K), 6 survivors (6144K)
 Metaspace       used 92053K, committed 92736K, reserved 1130496K
  class space    used 12427K, committed 12736K, reserved 1048576K
}
Event: 11.658 GC heap before
{Heap before GC invocations=30 (full 0):
 garbage-first heap   total 146432K, used 82100K [0x0000000080000000, 0x0000000100000000)
  region size 1024K, 7 young (7168K), 6 survivors (6144K)
 Metaspace       used 92318K, committed 92928K, reserved 1130496K
  class space    used 12458K, committed 12736K, reserved 1048576K
}
Event: 11.662 GC heap after
{Heap after GC invocations=31 (full 0):
 garbage-first heap   total 146432K, used 80940K [0x0000000080000000, 0x0000000100000000)
  region size 1024K, 1 young (1024K), 1 survivors (1024K)
 Metaspace       used 92318K, committed 92928K, reserved 1130496K
  class space    used 12458K, committed 12736K, reserved 1048576K
}
Event: 20.012 GC heap before
{Heap before GC invocations=31 (full 0):
 garbage-first heap   total 146432K, used 137260K [0x0000000080000000, 0x0000000100000000)
  region size 1024K, 33 young (33792K), 1 survivors (1024K)
 Metaspace       used 96693K, committed 97408K, reserved 1138688K
  class space    used 12903K, committed 13312K, reserved 1048576K
}
Event: 20.017 GC heap after
{Heap after GC invocations=32 (full 0):
 garbage-first heap   total 147456K, used 113403K [0x0000000080000000, 0x0000000100000000)
  region size 1024K, 5 young (5120K), 5 survivors (5120K)
 Metaspace       used 96693K, committed 97408K, reserved 1138688K
  class space    used 12903K, committed 13312K, reserved 1048576K
}
Event: 20.261 GC heap before
{Heap before GC invocations=33 (full 0):
 garbage-first heap   total 199680K, used 129787K [0x0000000080000000, 0x0000000100000000)
  region size 1024K, 18 young (18432K), 5 survivors (5120K)
 Metaspace       used 97542K, committed 98304K, reserved 1138688K
  class space    used 13013K, committed 13440K, reserved 1048576K
}
Event: 20.265 GC heap after
{Heap after GC invocations=34 (full 0):
 garbage-first heap   total 199680K, used 117756K [0x0000000080000000, 0x0000000100000000)
  region size 1024K, 2 young (2048K), 2 survivors (2048K)
 Metaspace       used 97542K, committed 98304K, reserved 1138688K
  class space    used 13013K, committed 13440K, reserved 1048576K
}
Event: 20.276 GC heap before
{Heap before GC invocations=34 (full 0):
 garbage-first heap   total 199680K, used 124924K [0x0000000080000000, 0x0000000100000000)
  region size 1024K, 9 young (9216K), 2 survivors (2048K)
 Metaspace       used 97542K, committed 98304K, reserved 1138688K
  class space    used 13013K, committed 13440K, reserved 1048576K
}

Dll operation events (2 events):
Event: 0.010 Loaded shared library C:\Program Files\Android\Android Studio\jbr\bin\java.dll
Event: 0.447 Loaded shared library C:\Program Files\Android\Android Studio\jbr\bin\verify.dll

Deoptimization events (20 events):
Event: 19.843 Thread 0x0000029fc2f30740 Uncommon trap: trap_request=0xffffff45 fr.pc=0x0000029fafb0cf30 relative=0x0000000000000730
Event: 19.843 Thread 0x0000029fc2f30740 Uncommon trap: reason=unstable_if action=reinterpret pc=0x0000029fafb0cf30 method=org.objectweb.asm.MethodWriter.visitMethodInsn(ILjava/lang/String;Ljava/lang/String;Ljava/lang/String;Z)V @ 89 c2
Event: 19.843 Thread 0x0000029fc2f30740 DEOPT PACKING pc=0x0000029fafb0cf30 sp=0x000000f5b09fdcd0
Event: 19.843 Thread 0x0000029fc2f30740 DEOPT UNPACKING pc=0x0000029faf5269a3 sp=0x000000f5b09fdc00 mode 2
Event: 19.843 Thread 0x0000029fc2f30740 Uncommon trap: trap_request=0xffffff45 fr.pc=0x0000029fafd775d0 relative=0x0000000000000390
Event: 19.843 Thread 0x0000029fc2f30740 Uncommon trap: reason=unstable_if action=reinterpret pc=0x0000029fafd775d0 method=org.objectweb.asm.MethodWriter.visitVarInsn(II)V @ 116 c2
Event: 19.843 Thread 0x0000029fc2f30740 DEOPT PACKING pc=0x0000029fafd775d0 sp=0x000000f5b09fde70
Event: 19.843 Thread 0x0000029fc2f30740 DEOPT UNPACKING pc=0x0000029faf5269a3 sp=0x000000f5b09fde18 mode 2
Event: 19.843 Thread 0x0000029fc2f30740 Uncommon trap: trap_request=0xffffff45 fr.pc=0x0000029fafc332fc relative=0x000000000000069c
Event: 19.843 Thread 0x0000029fc2f30740 Uncommon trap: reason=unstable_if action=reinterpret pc=0x0000029fafc332fc method=org.objectweb.asm.MethodWriter.visitMethodInsn(ILjava/lang/String;Ljava/lang/String;Ljava/lang/String;Z)V @ 89 c2
Event: 19.843 Thread 0x0000029fc2f30740 DEOPT PACKING pc=0x0000029fafc332fc sp=0x000000f5b09fdc50
Event: 19.843 Thread 0x0000029fc2f30740 DEOPT UNPACKING pc=0x0000029faf5269a3 sp=0x000000f5b09fdc08 mode 2
Event: 20.005 Thread 0x0000029fc14e3ab0 DEOPT PACKING pc=0x0000029fa8f551d1 sp=0x000000f5af2f84f0
Event: 20.005 Thread 0x0000029fc14e3ab0 DEOPT UNPACKING pc=0x0000029faf527143 sp=0x000000f5af2f7a70 mode 0
Event: 20.024 Thread 0x0000029fc14e3ab0 DEOPT PACKING pc=0x0000029fa8f551d1 sp=0x000000f5af2f84f0
Event: 20.024 Thread 0x0000029fc14e3ab0 DEOPT UNPACKING pc=0x0000029faf527143 sp=0x000000f5af2f7a70 mode 0
Event: 20.026 Thread 0x0000029fc14e3ab0 Uncommon trap: trap_request=0xffffff45 fr.pc=0x0000029fafac3d78 relative=0x0000000000000338
Event: 20.026 Thread 0x0000029fc14e3ab0 Uncommon trap: reason=unstable_if action=reinterpret pc=0x0000029fafac3d78 method=java.lang.StringLatin1.regionMatchesCI([BI[BII)Z @ 72 c2
Event: 20.026 Thread 0x0000029fc14e3ab0 DEOPT PACKING pc=0x0000029fafac3d78 sp=0x000000f5af2f8cd0
Event: 20.026 Thread 0x0000029fc14e3ab0 DEOPT UNPACKING pc=0x0000029faf5269a3 sp=0x000000f5af2f8b20 mode 2

Classes unloaded (0 events):
No events

Classes redefined (0 events):
No events

Internal exceptions (20 events):
Event: 20.199 Thread 0x0000029fc14e3ab0 Exception <a 'java/lang/ClassNotFoundException'{0x000000008b9c0de8}: org/jetbrains/plugins/gradle/tooling/builder/ScalaModelBuilderImplBeanInfo> (0x000000008b9c0de8) 
thrown [s\src\hotspot\share\classfile\systemDictionary.cpp, line 256]
Event: 20.199 Thread 0x0000029fc14e3ab0 Exception <a 'java/lang/ClassNotFoundException'{0x000000008b9cc268}: org/jetbrains/plugins/gradle/tooling/builder/ScalaModelBuilderImplCustomizer> (0x000000008b9cc268) 
thrown [s\src\hotspot\share\classfile\systemDictionary.cpp, line 256]
Event: 20.203 Thread 0x0000029fc14e3ab0 Exception <a 'java/lang/ClassNotFoundException'{0x000000008b823178}: org/jetbrains/plugins/gradle/tooling/builder/ExternalProjectBuilderImpl$1BeanInfo> (0x000000008b823178) 
thrown [s\src\hotspot\share\classfile\systemDictionary.cpp, line 256]
Event: 20.204 Thread 0x0000029fc14e3ab0 Exception <a 'java/lang/ClassNotFoundException'{0x000000008b82e678}: org/jetbrains/plugins/gradle/tooling/builder/ExternalProjectBuilderImpl$1Customizer> (0x000000008b82e678) 
thrown [s\src\hotspot\share\classfile\systemDictionary.cpp, line 256]
Event: 20.210 Thread 0x0000029fc14e3ab0 Exception <a 'java/lang/ClassNotFoundException'{0x000000008b88b760}: org/jetbrains/plugins/gradle/tooling/builder/ExternalProjectBuilderImplBeanInfo> (0x000000008b88b760) 
thrown [s\src\hotspot\share\classfile\systemDictionary.cpp, line 256]
Event: 20.210 Thread 0x0000029fc14e3ab0 Exception <a 'java/lang/ClassNotFoundException'{0x000000008b896c48}: org/jetbrains/plugins/gradle/tooling/builder/ExternalProjectBuilderImplCustomizer> (0x000000008b896c48) 
thrown [s\src\hotspot\share\classfile\systemDictionary.cpp, line 256]
Event: 20.218 Thread 0x0000029fc14e3ab0 Exception <a 'java/lang/ClassNotFoundException'{0x000000008b72dda8}: org/jetbrains/plugins/gradle/tooling/tasks/DependenciesReport$ReportGeneratorBeanInfo> (0x000000008b72dda8) 
thrown [s\src\hotspot\share\classfile\systemDictionary.cpp, line 256]
Event: 20.218 Thread 0x0000029fc14e3ab0 Exception <a 'java/lang/ClassNotFoundException'{0x000000008b739528}: org/jetbrains/plugins/gradle/tooling/tasks/DependenciesReport$ReportGeneratorCustomizer> (0x000000008b739528) 
thrown [s\src\hotspot\share\classfile\systemDictionary.cpp, line 256]
Event: 20.220 Thread 0x0000029fc14e3ab0 Exception <a 'java/lang/ClassNotFoundException'{0x000000008b768ab8}: org/jetbrains/plugins/gradle/tooling/builder/DependencyGraphModelBuilderImplBeanInfo> (0x000000008b768ab8) 
thrown [s\src\hotspot\share\classfile\systemDictionary.cpp, line 256]
Event: 20.220 Thread 0x0000029fc14e3ab0 Exception <a 'java/lang/ClassNotFoundException'{0x000000008b7742d0}: org/jetbrains/plugins/gradle/tooling/builder/DependencyGraphModelBuilderImplCustomizer> (0x000000008b7742d0) 
thrown [s\src\hotspot\share\classfile\systemDictionary.cpp, line 256]
Event: 20.224 Thread 0x0000029fc14e3ab0 Exception <a 'java/lang/ClassNotFoundException'{0x000000008b7b0860}: org/jetbrains/plugins/gradle/tooling/builder/ExternalTestsModelBuilderImplBeanInfo> (0x000000008b7b0860) 
thrown [s\src\hotspot\share\classfile\systemDictionary.cpp, line 256]
Event: 20.224 Thread 0x0000029fc14e3ab0 Exception <a 'java/lang/ClassNotFoundException'{0x000000008b7bbd68}: org/jetbrains/plugins/gradle/tooling/builder/ExternalTestsModelBuilderImplCustomizer> (0x000000008b7bbd68) 
thrown [s\src\hotspot\share\classfile\systemDictionary.cpp, line 256]
Event: 20.232 Thread 0x0000029fc14e3ab0 Exception <a 'java/lang/ClassNotFoundException'{0x000000008b652918}: org/jetbrains/plugins/gradle/tooling/builder/ProjectExtensionsDataBuilderImplBeanInfo> (0x000000008b652918) 
thrown [s\src\hotspot\share\classfile\systemDictionary.cpp, line 256]
Event: 20.232 Thread 0x0000029fc14e3ab0 Exception <a 'java/lang/ClassNotFoundException'{0x000000008b65de28}: org/jetbrains/plugins/gradle/tooling/builder/ProjectExtensionsDataBuilderImplCustomizer> (0x000000008b65de28) 
thrown [s\src\hotspot\share\classfile\systemDictionary.cpp, line 256]
Event: 20.234 Thread 0x0000029fc14e3ab0 Exception <a 'java/lang/ClassNotFoundException'{0x000000008b688958}: org/jetbrains/plugins/gradle/tooling/builder/IntelliJSettingsBuilderBeanInfo> (0x000000008b688958) 
thrown [s\src\hotspot\share\classfile\systemDictionary.cpp, line 256]
Event: 20.234 Thread 0x0000029fc14e3ab0 Exception <a 'java/lang/ClassNotFoundException'{0x000000008b693de0}: org/jetbrains/plugins/gradle/tooling/builder/IntelliJSettingsBuilderCustomizer> (0x000000008b693de0) 
thrown [s\src\hotspot\share\classfile\systemDictionary.cpp, line 256]
Event: 20.236 Thread 0x0000029fc14e3ab0 Exception <a 'java/lang/ClassNotFoundException'{0x000000008b6be5e8}: org/jetbrains/plugins/gradle/tooling/builder/IntelliJProjectSettingsBuilderBeanInfo> (0x000000008b6be5e8) 
thrown [s\src\hotspot\share\classfile\systemDictionary.cpp, line 256]
Event: 20.237 Thread 0x0000029fc14e3ab0 Exception <a 'java/lang/ClassNotFoundException'{0x000000008b6c9af0}: org/jetbrains/plugins/gradle/tooling/builder/IntelliJProjectSettingsBuilderCustomizer> (0x000000008b6c9af0) 
thrown [s\src\hotspot\share\classfile\systemDictionary.cpp, line 256]
Event: 20.239 Thread 0x0000029fc14e3ab0 Exception <a 'java/lang/ClassNotFoundException'{0x000000008b6f5890}: org/jetbrains/plugins/gradle/tooling/builder/DependencyAccessorsModelBuilderBeanInfo> (0x000000008b6f5890) 
thrown [s\src\hotspot\share\classfile\systemDictionary.cpp, line 256]
Event: 20.240 Thread 0x0000029fc14e3ab0 Exception <a 'java/lang/ClassNotFoundException'{0x000000008b5012a8}: org/jetbrains/plugins/gradle/tooling/builder/DependencyAccessorsModelBuilderCustomizer> (0x000000008b5012a8) 
thrown [s\src\hotspot\share\classfile\systemDictionary.cpp, line 256]

VM Operations (20 events):
Event: 15.322 Executing VM operation: Cleanup done
Event: 16.327 Executing VM operation: Cleanup
Event: 16.327 Executing VM operation: Cleanup done
Event: 19.816 Executing VM operation: HandshakeAllThreads
Event: 19.816 Executing VM operation: HandshakeAllThreads done
Event: 19.816 Executing VM operation: Cleanup
Event: 19.816 Executing VM operation: Cleanup done
Event: 19.818 Executing VM operation: HandshakeAllThreads
Event: 19.818 Executing VM operation: HandshakeAllThreads done
Event: 19.848 Executing VM operation: HandshakeAllThreads
Event: 19.848 Executing VM operation: HandshakeAllThreads done
Event: 20.012 Executing VM operation: G1CollectForAllocation
Event: 20.017 Executing VM operation: G1CollectForAllocation done
Event: 20.072 Executing VM operation: G1Concurrent
Event: 20.076 Executing VM operation: G1Concurrent done
Event: 20.098 Executing VM operation: G1Concurrent
Event: 20.098 Executing VM operation: G1Concurrent done
Event: 20.261 Executing VM operation: G1CollectForAllocation
Event: 20.265 Executing VM operation: G1CollectForAllocation done
Event: 20.276 Executing VM operation: G1CollectForAllocation

Events (20 events):
Event: 20.104 loading class java/security/SecureClassLoaderBeanInfo
Event: 20.104 loading class java/security/SecureClassLoaderBeanInfo done
Event: 20.104 loading class java/lang/ClassLoaderBeanInfo
Event: 20.104 loading class java/lang/ClassLoaderBeanInfo done
Event: 20.104 loading class java/lang/ClassLoaderBeanInfo
Event: 20.104 loading class java/lang/ClassLoaderBeanInfo done
Event: 20.104 loading class java/lang/ClassLoaderCustomizer
Event: 20.104 loading class java/lang/ClassLoaderCustomizer done
Event: 20.105 loading class java/lang/ClassLoaderCustomizer
Event: 20.105 loading class java/lang/ClassLoaderCustomizer done
Event: 20.106 loading class java/security/SecureClassLoaderCustomizer
Event: 20.106 loading class java/security/SecureClassLoaderCustomizer done
Event: 20.106 loading class java/security/SecureClassLoaderCustomizer
Event: 20.106 loading class java/security/SecureClassLoaderCustomizer done
Event: 20.106 loading class java/net/URLClassLoaderCustomizer
Event: 20.106 loading class java/net/URLClassLoaderCustomizer done
Event: 20.107 loading class java/net/URLClassLoaderCustomizer
Event: 20.107 loading class java/net/URLClassLoaderCustomizer done
Event: 20.238 loading class java/net/UnknownServiceException
Event: 20.238 loading class java/net/UnknownServiceException done


Dynamic libraries:
0x00007ff61a430000 - 0x00007ff61a43a000 	C:\Program Files\Android\Android Studio\jbr\bin\java.exe
0x00007ff9850b0000 - 0x00007ff9852c6000 	C:\WINDOWS\SYSTEM32\ntdll.dll
0x00007ff9844b0000 - 0x00007ff984574000 	C:\WINDOWS\System32\KERNEL32.DLL
0x00007ff982a50000 - 0x00007ff982df6000 	C:\WINDOWS\System32\KERNELBASE.dll
0x00007ff9827c0000 - 0x00007ff9828d1000 	C:\WINDOWS\System32\ucrtbase.dll
0x00007ff9656f0000 - 0x00007ff96570b000 	C:\Program Files\Android\Android Studio\jbr\bin\VCRUNTIME140.dll
0x00007ff979740000 - 0x00007ff979757000 	C:\Program Files\Android\Android Studio\jbr\bin\jli.dll
0x00007ff9840a0000 - 0x00007ff98424d000 	C:\WINDOWS\System32\USER32.dll
0x00007ff982790000 - 0x00007ff9827b6000 	C:\WINDOWS\System32\win32u.dll
0x00007ff9787e0000 - 0x00007ff978a73000 	C:\WINDOWS\WinSxS\amd64_microsoft.windows.common-controls_6595b64144ccf1df_6.0.22621.3235_none_270f74e173860f98\COMCTL32.dll
0x00007ff982fe0000 - 0x00007ff983009000 	C:\WINDOWS\System32\GDI32.dll
0x00007ff982f30000 - 0x00007ff982fd7000 	C:\WINDOWS\System32\msvcrt.dll
0x00007ff982670000 - 0x00007ff982788000 	C:\WINDOWS\System32\gdi32full.dll
0x00007ff982550000 - 0x00007ff9825ea000 	C:\WINDOWS\System32\msvcp_win.dll
0x00007ff983010000 - 0x00007ff983041000 	C:\WINDOWS\System32\IMM32.DLL
0x00007ff9716d0000 - 0x00007ff9716dc000 	C:\Program Files\Android\Android Studio\jbr\bin\vcruntime140_1.dll
0x00007ff945c90000 - 0x00007ff945d1d000 	C:\Program Files\Android\Android Studio\jbr\bin\msvcp140.dll
0x00007ff8fcc30000 - 0x00007ff8fd89e000 	C:\Program Files\Android\Android Studio\jbr\bin\server\jvm.dll
0x00007ff984590000 - 0x00007ff984642000 	C:\WINDOWS\System32\ADVAPI32.dll
0x00007ff984fc0000 - 0x00007ff985068000 	C:\WINDOWS\System32\sechost.dll
0x00007ff982520000 - 0x00007ff982548000 	C:\WINDOWS\System32\bcrypt.dll
0x00007ff984ae0000 - 0x00007ff984bf5000 	C:\WINDOWS\System32\RPCRT4.dll
0x00007ff9794f0000 - 0x00007ff9794fa000 	C:\WINDOWS\SYSTEM32\VERSION.dll
0x00007ff97b0a0000 - 0x00007ff97b0d4000 	C:\WINDOWS\SYSTEM32\WINMM.dll
0x00007ff965ad0000 - 0x00007ff965ad9000 	C:\WINDOWS\SYSTEM32\WSOCK32.dll
0x00007ff983050000 - 0x00007ff9830c1000 	C:\WINDOWS\System32\WS2_32.dll
0x00007ff981430000 - 0x00007ff981448000 	C:\WINDOWS\SYSTEM32\kernel.appcore.dll
0x00007ff97dd80000 - 0x00007ff97dd8a000 	C:\Program Files\Android\Android Studio\jbr\bin\jimage.dll
0x00007ff971f00000 - 0x00007ff972133000 	C:\WINDOWS\SYSTEM32\DBGHELP.DLL
0x00007ff983290000 - 0x00007ff983618000 	C:\WINDOWS\System32\combase.dll
0x00007ff983f50000 - 0x00007ff984027000 	C:\WINDOWS\System32\OLEAUT32.dll
0x00007ff978bb0000 - 0x00007ff978be2000 	C:\WINDOWS\SYSTEM32\dbgcore.DLL
0x00007ff9825f0000 - 0x00007ff98266a000 	C:\WINDOWS\System32\bcryptPrimitives.dll
0x00007ff97dc10000 - 0x00007ff97dc35000 	C:\Program Files\Android\Android Studio\jbr\bin\java.dll
0x00007ff97dcd0000 - 0x00007ff97dce8000 	C:\Program Files\Android\Android Studio\jbr\bin\zip.dll
0x00007ff9836f0000 - 0x00007ff983f4d000 	C:\WINDOWS\System32\SHELL32.dll
0x00007ff980350000 - 0x00007ff980c48000 	C:\WINDOWS\SYSTEM32\windows.storage.dll
0x00007ff980210000 - 0x00007ff98034e000 	C:\WINDOWS\SYSTEM32\wintypes.dll
0x00007ff9843b0000 - 0x00007ff9844a3000 	C:\WINDOWS\System32\SHCORE.dll
0x00007ff984040000 - 0x00007ff98409e000 	C:\WINDOWS\System32\shlwapi.dll
0x00007ff982320000 - 0x00007ff982346000 	C:\WINDOWS\SYSTEM32\profapi.dll
0x00007ff97d720000 - 0x00007ff97d739000 	C:\Program Files\Android\Android Studio\jbr\bin\net.dll
0x00007ff97ca30000 - 0x00007ff97cb67000 	C:\WINDOWS\SYSTEM32\WINHTTP.dll
0x00007ff981920000 - 0x00007ff981989000 	C:\WINDOWS\system32\mswsock.dll
0x00007ff97d270000 - 0x00007ff97d286000 	C:\Program Files\Android\Android Studio\jbr\bin\nio.dll
0x00007ff97dd60000 - 0x00007ff97dd70000 	C:\Program Files\Android\Android Studio\jbr\bin\verify.dll
0x00007ff9575e0000 - 0x00007ff957607000 	C:\Users\23480\.gradle\native\68d5fa5c4cc2d200863cafc0d521ce42e7d3e7ee720ec0a83991735586a16f82\windows-amd64\native-platform.dll
0x00007ff905280000 - 0x00007ff9053c4000 	C:\Users\23480\.gradle\native\e376f236ea51e6404a007f0833ffe2c6e607c4080706a723a18a27aeea778392\windows-amd64\native-platform-file-events.dll
0x00007ff978b60000 - 0x00007ff978b69000 	C:\Program Files\Android\Android Studio\jbr\bin\management.dll
0x00007ff978b50000 - 0x00007ff978b5b000 	C:\Program Files\Android\Android Studio\jbr\bin\management_ext.dll
0x00007ff984da0000 - 0x00007ff984da8000 	C:\WINDOWS\System32\PSAPI.DLL
0x00007ff981b70000 - 0x00007ff981b8b000 	C:\WINDOWS\SYSTEM32\CRYPTSP.dll
0x00007ff981390000 - 0x00007ff9813c5000 	C:\WINDOWS\system32\rsaenh.dll
0x00007ff981a10000 - 0x00007ff981a3c000 	C:\WINDOWS\SYSTEM32\USERENV.dll
0x00007ff981b90000 - 0x00007ff981b9c000 	C:\WINDOWS\SYSTEM32\CRYPTBASE.dll
0x00007ff980eb0000 - 0x00007ff980edd000 	C:\WINDOWS\SYSTEM32\IPHLPAPI.DLL
0x00007ff984650000 - 0x00007ff984659000 	C:\WINDOWS\System32\NSI.dll
0x00007ff97ca10000 - 0x00007ff97ca29000 	C:\WINDOWS\SYSTEM32\dhcpcsvc6.DLL
0x00007ff97c9f0000 - 0x00007ff97ca0f000 	C:\WINDOWS\SYSTEM32\dhcpcsvc.DLL
0x00007ff980f20000 - 0x00007ff981019000 	C:\WINDOWS\SYSTEM32\DNSAPI.dll
0x00007ff923540000 - 0x00007ff923548000 	C:\WINDOWS\system32\wshunix.dll
0x00007ff960980000 - 0x00007ff960997000 	C:\WINDOWS\system32\napinsp.dll
0x00007ff960910000 - 0x00007ff96092b000 	C:\WINDOWS\system32\pnrpnsp.dll
0x00007ff95fae0000 - 0x00007ff95faf1000 	C:\WINDOWS\System32\winrnr.dll
0x00007ff95e920000 - 0x00007ff95e935000 	C:\WINDOWS\system32\wshbth.dll
0x00007ff95e8f0000 - 0x00007ff95e911000 	C:\WINDOWS\system32\nlansp_c.dll
0x0000000075570000 - 0x0000000075596000 	C:\Program Files\Bonjour\mdnsNSP.dll
0x00007ff979710000 - 0x00007ff97971a000 	C:\Windows\System32\rasadhlp.dll
0x00007ff97a820000 - 0x00007ff97a8a3000 	C:\WINDOWS\System32\fwpuclnt.dll

dbghelp: loaded successfully - version: 4.0.5 - missing functions: none
symbol engine: initialized successfully - sym options: 0x614 - pdb path: .;C:\Program Files\Android\Android Studio\jbr\bin;C:\WINDOWS\SYSTEM32;C:\WINDOWS\WinSxS\amd64_microsoft.windows.common-controls_6595b64144ccf1df_6.0.22621.3235_none_270f74e173860f98;C:\Program Files\Android\Android Studio\jbr\bin\server;C:\Users\23480\.gradle\native\68d5fa5c4cc2d200863cafc0d521ce42e7d3e7ee720ec0a83991735586a16f82\windows-amd64;C:\Users\23480\.gradle\native\e376f236ea51e6404a007f0833ffe2c6e607c4080706a723a18a27aeea778392\windows-amd64;C:\Program Files\Bonjour

VM Arguments:
jvm_args: --add-opens=java.base/java.util=ALL-UNNAMED --add-opens=java.base/java.lang=ALL-UNNAMED --add-opens=java.base/java.lang.invoke=ALL-UNNAMED --add-opens=java.prefs/java.util.prefs=ALL-UNNAMED --add-opens=java.base/java.nio.charset=ALL-UNNAMED --add-opens=java.base/java.net=ALL-UNNAMED --add-opens=java.base/java.util.concurrent.atomic=ALL-UNNAMED -Xmx2048m -Dfile.encoding=UTF-8 -Duser.country=US -Duser.language=en -Duser.variant 
java_command: org.gradle.launcher.daemon.bootstrap.GradleDaemon 8.0
java_class_path (initial): C:\Users\23480\.gradle\wrapper\dists\gradle-8.0-bin\ca5e32bp14vu59qr306oxotwh\gradle-8.0\lib\gradle-launcher-8.0.jar
Launcher Type: SUN_STANDARD

[Global flags]
     intx CICompilerCount                          = 4                                         {product} {ergonomic}
     uint ConcGCThreads                            = 2                                         {product} {ergonomic}
     uint G1ConcRefinementThreads                  = 8                                         {product} {ergonomic}
   size_t G1HeapRegionSize                         = 1048576                                   {product} {ergonomic}
    uintx GCDrainStackTargetSize                   = 64                                        {product} {ergonomic}
   size_t InitialHeapSize                          = 123731968                                 {product} {ergonomic}
   size_t MarkStackSize                            = 4194304                                   {product} {ergonomic}
   size_t MaxHeapSize                              = 2147483648                                {product} {command line}
   size_t MaxNewSize                               = 1287651328                                {product} {ergonomic}
   size_t MinHeapDeltaBytes                        = 1048576                                   {product} {ergonomic}
   size_t MinHeapSize                              = 8388608                                   {product} {ergonomic}
    uintx NonNMethodCodeHeapSize                   = 5839372                                {pd product} {ergonomic}
    uintx NonProfiledCodeHeapSize                  = 122909434                              {pd product} {ergonomic}
    uintx ProfiledCodeHeapSize                     = 122909434                              {pd product} {ergonomic}
    uintx ReservedCodeCacheSize                    = 251658240                              {pd product} {ergonomic}
     bool SegmentedCodeCache                       = true                                      {product} {ergonomic}
   size_t SoftMaxHeapSize                          = 2147483648                             {manageable} {ergonomic}
     bool UseCompressedClassPointers               = true                           {product lp64_product} {ergonomic}
     bool UseCompressedOops                        = true                           {product lp64_product} {ergonomic}
     bool UseG1GC                                  = true                                      {product} {ergonomic}
     bool UseLargePagesIndividualAllocation        = false                                  {pd product} {ergonomic}

Logging:
Log output configuration:
 #0: stdout all=warning uptime,level,tags
 #1: stderr all=off uptime,level,tags

Environment Variables:
PATH=C:\WINDOWS\system32;C:\WINDOWS;C:\WINDOWS\System32\Wbem;C:\WINDOWS\System32\WindowsPowerShell\v1.0\;C:\WINDOWS\System32\OpenSSH\;C:\Program Files\nodejs\;C:\Program Files\Git\cmd;C:\Users\23480\AppData\Local\Programs\Python\Python311\Scripts\;C:\Users\23480\AppData\Local\Programs\Python\Python311\;C:\Users\23480\AppData\Local\Microsoft\WindowsApps;C:\Users\23480\AppData\Local\atom\bin;C:\Users\23480\AppData\Local\Programs\Microsoft VS Code\bin;C:\Users\23480\AppData\Local\Microsoft\WindowsApps;;C:\Program Files\JetBrains\IntelliJ IDEA Community Edition 2023.2.1\bin;;C:\Users\23480\AppData\Roaming\npm
USERNAME=23480
OS=Windows_NT
PROCESSOR_IDENTIFIER=AMD64 Family 23 Model 104 Stepping 1, AuthenticAMD
TMP=C:\Users\23480\AppData\Local\Temp
TEMP=C:\Users\23480\AppData\Local\Temp


JNI global refs:
JNI global refs: 26, weak refs: 2

JNI global refs memory usage: 843, weak refs: 841


---------------  S Y S T E M  ---------------

OS:
 Windows 11 , 64 bit Build 22621 (10.0.22621.3235)
OS uptime: 0 days 2:05 hours

CPU: total 8 (initial active 8) (8 cores per cpu, 2 threads per core) family 23 model 104 stepping 1 microcode 0x0, cx8, cmov, fxsr, ht, mmx, 3dnowpref, sse, sse2, sse3, ssse3, sse4a, sse4.1, sse4.2, popcnt, lzcnt, tsc, tscinvbit, avx, avx2, aes, clmul, bmi1, bmi2, adx, sha, fma, vzeroupper, clflush, clflushopt

Memory: 4k page, system-wide physical 7502M (194M free)
TotalPageFile size 11571M (AvailPageFile size 134M)
current process WorkingSet (physical memory assigned to process): 387M, peak: 387M
current process commit charge ("private bytes"): 461M, peak: 656M

vm_info: OpenJDK 64-Bit Server VM (17.0.6+0-b2043.56-10027231) for windows-amd64 JRE (17.0.6+0-b2043.56-10027231), built on Apr 28 2023 00:43:19 by "androidbuild" with MS VC++ 16.10 / 16.11 (VS2019)

END.
