#
# There is insufficient memory for the Java Runtime Environment to continue.
# Native memory allocation (malloc) failed to allocate 1424656 bytes for Chunk::new
# Possible reasons:
#   The system is out of physical RAM or swap space
#   The process is running with CompressedOops enabled, and the Java Heap may be blocking the growth of the native heap
# Possible solutions:
#   Reduce memory load on the system
#   Increase physical memory or swap space
#   Check if swap backing store is full
#   Decrease Java heap size (-Xmx/-Xms)
#   Decrease number of Java threads
#   Decrease Java thread stack sizes (-Xss)
#   Set larger code cache with -XX:ReservedCodeCacheSize=
#   JVM is running with Unscaled Compressed Oops mode in which the Java heap is
#     placed in the first 4GB address space. The Java Heap base address is the
#     maximum limit for the native heap growth. Please use -XX:HeapBaseMinAddress
#     to set the Java Heap base and to place the Java Heap above 4GB virtual address.
# This output file may be truncated or incomplete.
#
#  Out of Memory Error (arena.cpp:189), pid=17856, tid=4144
#
# JRE version: OpenJDK Runtime Environment (17.0.6) (build 17.0.6+0-b2043.56-10027231)
# Java VM: OpenJDK 64-Bit Server VM (17.0.6+0-b2043.56-10027231, mixed mode, tiered, compressed oops, compressed class ptrs, g1 gc, windows-amd64)
# No core dump will be written. Minidumps are not enabled by default on client versions of Windows
#

---------------  S U M M A R Y ------------

Command Line: --add-opens=java.base/java.util=ALL-UNNAMED --add-opens=java.base/java.lang=ALL-UNNAMED --add-opens=java.base/java.lang.invoke=ALL-UNNAMED --add-opens=java.prefs/java.util.prefs=ALL-UNNAMED --add-opens=java.base/java.nio.charset=ALL-UNNAMED --add-opens=java.base/java.net=ALL-UNNAMED --add-opens=java.base/java.util.concurrent.atomic=ALL-UNNAMED -Xmx2048m -Dfile.encoding=UTF-8 -Duser.country=US -Duser.language=en -Duser.variant org.gradle.launcher.daemon.bootstrap.GradleDaemon 8.0

Host: AMD Ryzen 3 5300U with Radeon Graphics         , 8 cores, 7G,  Windows 11 , 64 bit Build 22621 (10.0.22621.3235)
Time: Mon Mar 25 12:10:41 2024 W. Central Africa Standard Time elapsed time: 13.406457 seconds (0d 0h 0m 13s)

---------------  T H R E A D  ---------------

Current thread (0x0000020b2784b920):  JavaThread "C2 CompilerThread0" daemon [_thread_in_native, id=4144, stack(0x000000afc8c00000,0x000000afc8d00000)]


Current CompileTask:
C2:  13406 8051       4       jdk.internal.loader.URLClassPath::getResource (74 bytes)

Stack: [0x000000afc8c00000,0x000000afc8d00000]
Native frames: (J=compiled Java code, j=interpreted, Vv=VM code, C=native code)
V  [jvm.dll+0x683c9a]
V  [jvm.dll+0x8427a4]
V  [jvm.dll+0x843f9e]
V  [jvm.dll+0x844603]
V  [jvm.dll+0x249b75]
V  [jvm.dll+0xabcac]
V  [jvm.dll+0xac27c]
V  [jvm.dll+0x368802]
V  [jvm.dll+0x332f31]
V  [jvm.dll+0x3323da]
V  [jvm.dll+0x21c201]
V  [jvm.dll+0x21b621]
V  [jvm.dll+0x1a4fdd]
V  [jvm.dll+0x22b098]
V  [jvm.dll+0x229159]
V  [jvm.dll+0x7f81ec]
V  [jvm.dll+0x7f274a]
V  [jvm.dll+0x682ad5]
C  [ucrtbase.dll+0x29363]
C  [KERNEL32.DLL+0x1257d]
C  [ntdll.dll+0x5aa58]


---------------  P R O C E S S  ---------------

Threads class SMR info:
_java_thread_list=0x0000020b2b2ab100, length=125, elements={
0x0000020b0b15f4f0, 0x0000020b2782a660, 0x0000020b2782c730, 0x0000020b27845010,
0x0000020b278458d0, 0x0000020b27846190, 0x0000020b2784aa70, 0x0000020b2784b920,
0x0000020b2784f7d0, 0x0000020b278500d0, 0x0000020b279cacb0, 0x0000020b279cb590,
0x0000020b2a9fe6c0, 0x0000020b2aa87830, 0x0000020b2a687370, 0x0000020b291ad890,
0x0000020b2a8829f0, 0x0000020b2a20bef0, 0x0000020b2a8cd830, 0x0000020b286ffd20,
0x0000020b28702870, 0x0000020b28701060, 0x0000020b28701ed0, 0x0000020b28702d40,
0x0000020b287001f0, 0x0000020b28701530, 0x0000020b28701a00, 0x0000020b28700b90,
0x0000020b287023a0, 0x0000020b2a71da40, 0x0000020b2a7196e0, 0x0000020b2a71d570,
0x0000020b2a71e3e0, 0x0000020b2a717ed0, 0x0000020b2a71a550, 0x0000020b2a71d0a0,
0x0000020b2a719bb0, 0x0000020b2a71bd60, 0x0000020b2a71e8b0, 0x0000020b2a71b3c0,
0x0000020b2a71aa20, 0x0000020b2a71c230, 0x0000020b2a71aef0, 0x0000020b2a7183a0,
0x0000020b2a71b890, 0x0000020b2a718870, 0x0000020b2a719210, 0x0000020b2d523e70,
0x0000020b2d524340, 0x0000020b2d522660, 0x0000020b2d524ce0, 0x0000020b2d51fb10,
0x0000020b2d520e50, 0x0000020b2d524810, 0x0000020b2d521cc0, 0x0000020b2d51ffe0,
0x0000020b2d521320, 0x0000020b2d51e300, 0x0000020b2d51e7d0, 0x0000020b2d5204b0,
0x0000020b2d51eca0, 0x0000020b2d5251b0, 0x0000020b2d520980, 0x0000020b2d51f170,
0x0000020b2d525680, 0x0000020b2d51f640, 0x0000020b2d5217f0, 0x0000020b2d51de30,
0x0000020b2d522190, 0x0000020b2d522b30, 0x0000020b2d523000, 0x0000020b2d5234d0,
0x0000020b2d5239a0, 0x0000020b2d399340, 0x0000020b2d399ce0, 0x0000020b2d397190,
0x0000020b2d398000, 0x0000020b2d39db70, 0x0000020b2d39a680, 0x0000020b2d3984d0,
0x0000020b2d39e040, 0x0000020b2d39e510, 0x0000020b2d396cc0, 0x0000020b2d399810,
0x0000020b2d397660, 0x0000020b2d39a1b0, 0x0000020b2d3989a0, 0x0000020b2d398e70,
0x0000020b2d39ab50, 0x0000020b2d397b30, 0x0000020b2d39d1d0, 0x0000020b2d39b020,
0x0000020b2d39d6a0, 0x0000020b2d39b4f0, 0x0000020b2d39b9c0, 0x0000020b2d39be90,
0x0000020b2d39c360, 0x0000020b2d39c830, 0x0000020b2d39cd00, 0x0000020b2bf7a590,
0x0000020b2bf7df50, 0x0000020b2bf7c740, 0x0000020b2bf7af30, 0x0000020b2bf7c270,
0x0000020b2bf7cc10, 0x0000020b2bf7a0c0, 0x0000020b2bf7aa60, 0x0000020b2bf7d0e0,
0x0000020b2bf7f760, 0x0000020b2bf7da80, 0x0000020b2bf7fc30, 0x0000020b2bf7b400,
0x0000020b2bf7d5b0, 0x0000020b2bf80100, 0x0000020b2bf7e420, 0x0000020b2bf79720,
0x0000020b2bf7e8f0, 0x0000020b2bf7b8d0, 0x0000020b2bf7edc0, 0x0000020b2bf7bda0,
0x0000020b2bf7f290, 0x0000020b2bf788b0, 0x0000020b2bf78d80, 0x0000020b2bf79250,
0x0000020b2893dbd0
}

Java Threads: ( => current thread )
  0x0000020b0b15f4f0 JavaThread "main" [_thread_blocked, id=3224, stack(0x000000afc7f00000,0x000000afc8000000)]
  0x0000020b2782a660 JavaThread "Reference Handler" daemon [_thread_blocked, id=5216, stack(0x000000afc8600000,0x000000afc8700000)]
  0x0000020b2782c730 JavaThread "Finalizer" daemon [_thread_blocked, id=19408, stack(0x000000afc8700000,0x000000afc8800000)]
  0x0000020b27845010 JavaThread "Signal Dispatcher" daemon [_thread_blocked, id=1944, stack(0x000000afc8800000,0x000000afc8900000)]
  0x0000020b278458d0 JavaThread "Attach Listener" daemon [_thread_blocked, id=11660, stack(0x000000afc8900000,0x000000afc8a00000)]
  0x0000020b27846190 JavaThread "Service Thread" daemon [_thread_blocked, id=11632, stack(0x000000afc8a00000,0x000000afc8b00000)]
  0x0000020b2784aa70 JavaThread "Monitor Deflation Thread" daemon [_thread_blocked, id=18816, stack(0x000000afc8b00000,0x000000afc8c00000)]
=>0x0000020b2784b920 JavaThread "C2 CompilerThread0" daemon [_thread_in_native, id=4144, stack(0x000000afc8c00000,0x000000afc8d00000)]
  0x0000020b2784f7d0 JavaThread "C1 CompilerThread0" daemon [_thread_in_vm, id=11596, stack(0x000000afc8d00000,0x000000afc8e00000)]
  0x0000020b278500d0 JavaThread "Sweeper thread" daemon [_thread_blocked, id=2148, stack(0x000000afc8e00000,0x000000afc8f00000)]
  0x0000020b279cacb0 JavaThread "Common-Cleaner" daemon [_thread_blocked, id=13636, stack(0x000000afc8f00000,0x000000afc9000000)]
  0x0000020b279cb590 JavaThread "Notification Thread" daemon [_thread_blocked, id=16736, stack(0x000000afc9000000,0x000000afc9100000)]
  0x0000020b2a9fe6c0 JavaThread "Daemon health stats" [_thread_blocked, id=10336, stack(0x000000afc9700000,0x000000afc9800000)]
  0x0000020b2aa87830 JavaThread "Incoming local TCP Connector on port 52114" [_thread_in_native, id=5112, stack(0x000000afc9800000,0x000000afc9900000)]
  0x0000020b2a687370 JavaThread "Daemon periodic checks" [_thread_blocked, id=9156, stack(0x000000afc9900000,0x000000afc9a00000)]
  0x0000020b291ad890 JavaThread "Daemon" [_thread_blocked, id=11684, stack(0x000000afc9a00000,0x000000afc9b00000)]
  0x0000020b2a8829f0 JavaThread "Handler for socket connection from /127.0.0.1:52114 to /127.0.0.1:52115" [_thread_in_native, id=3308, stack(0x000000afc9b00000,0x000000afc9c00000)]
  0x0000020b2a20bef0 JavaThread "Cancel handler" [_thread_blocked, id=18896, stack(0x000000afc9c00000,0x000000afc9d00000)]
  0x0000020b2a8cd830 JavaThread "Daemon worker" [_thread_in_Java, id=21716, stack(0x000000afc9d00000,0x000000afc9e00000)]
  0x0000020b286ffd20 JavaThread "Asynchronous log dispatcher for DefaultDaemonConnection: socket connection from /127.0.0.1:52114 to /127.0.0.1:52115" [_thread_blocked, id=10936, stack(0x000000afc9e00000,0x000000afc9f00000)]
  0x0000020b28702870 JavaThread "Stdin handler" [_thread_blocked, id=19656, stack(0x000000afc9f00000,0x000000afca000000)]
  0x0000020b28701060 JavaThread "Daemon client event forwarder" [_thread_blocked, id=19732, stack(0x000000afca000000,0x000000afca100000)]
  0x0000020b28701ed0 JavaThread "Cache worker for journal cache (C:\Users\23480\.gradle\caches\journal-1)" [_thread_blocked, id=13012, stack(0x000000afca500000,0x000000afca600000)]
  0x0000020b28702d40 JavaThread "File lock request listener" [_thread_in_native, id=864, stack(0x000000afca600000,0x000000afca700000)]
  0x0000020b287001f0 JavaThread "Cache worker for file hash cache (C:\Users\23480\.gradle\caches\8.0\fileHashes)" [_thread_blocked, id=19576, stack(0x000000afca700000,0x000000afca800000)]
  0x0000020b28701530 JavaThread "File watcher server" daemon [_thread_in_native, id=11088, stack(0x000000afca800000,0x000000afca900000)]
  0x0000020b28701a00 JavaThread "File watcher consumer" daemon [_thread_blocked, id=1348, stack(0x000000afca900000,0x000000afcaa00000)]
  0x0000020b28700b90 JavaThread "jar transforms" [_thread_blocked, id=15544, stack(0x000000afc9200000,0x000000afc9300000)]
  0x0000020b287023a0 JavaThread "jar transforms Thread 2" [_thread_blocked, id=7640, stack(0x000000afcaa00000,0x000000afcab00000)]
  0x0000020b2a71da40 JavaThread "jar transforms Thread 3" [_thread_blocked, id=8040, stack(0x000000afcab00000,0x000000afcac00000)]
  0x0000020b2a7196e0 JavaThread "jar transforms Thread 4" [_thread_blocked, id=3700, stack(0x000000afcac00000,0x000000afcad00000)]
  0x0000020b2a71d570 JavaThread "jar transforms Thread 5" [_thread_blocked, id=2528, stack(0x000000afcad00000,0x000000afcae00000)]
  0x0000020b2a71e3e0 JavaThread "jar transforms Thread 6" [_thread_blocked, id=4028, stack(0x000000afcae00000,0x000000afcaf00000)]
  0x0000020b2a717ed0 JavaThread "jar transforms Thread 7" [_thread_blocked, id=9512, stack(0x000000afcaf00000,0x000000afcb000000)]
  0x0000020b2a71a550 JavaThread "jar transforms Thread 8" [_thread_blocked, id=4892, stack(0x000000afcb000000,0x000000afcb100000)]
  0x0000020b2a71d0a0 JavaThread "Cache worker for checksums cache (C:\Users\23480\Documents\androidproject\TaskApp\.gradle\8.0\checksums)" [_thread_blocked, id=19020, stack(0x000000afcb100000,0x000000afcb200000)]
  0x0000020b2a719bb0 JavaThread "Cache worker for cache directory md-rule (C:\Users\23480\.gradle\caches\8.0\md-rule)" [_thread_blocked, id=15004, stack(0x000000afcb200000,0x000000afcb300000)]
  0x0000020b2a71bd60 JavaThread "Cache worker for file content cache (C:\Users\23480\.gradle\caches\8.0\fileContent)" [_thread_blocked, id=5660, stack(0x000000afcb300000,0x000000afcb400000)]
  0x0000020b2a71e8b0 JavaThread "Cache worker for file hash cache (C:\Users\23480\Documents\androidproject\TaskApp\.gradle\8.0\fileHashes)" [_thread_blocked, id=9892, stack(0x000000afcb500000,0x000000afcb600000)]
  0x0000020b2a71b3c0 JavaThread "Cache worker for cache directory md-supplier (C:\Users\23480\.gradle\caches\8.0\md-supplier)" [_thread_blocked, id=8172, stack(0x000000afcb600000,0x000000afcb700000)]
  0x0000020b2a71aa20 JavaThread "Cache worker for execution history cache (C:\Users\23480\.gradle\caches\8.0\executionHistory)" [_thread_blocked, id=11644, stack(0x000000afcb700000,0x000000afcb800000)]
  0x0000020b2a71c230 JavaThread "Cache worker for kotlin-dsl (C:\Users\23480\.gradle\caches\8.0\kotlin-dsl)" [_thread_blocked, id=12864, stack(0x000000afcb800000,0x000000afcb900000)]
  0x0000020b2a71aef0 JavaThread "Cache worker for dependencies-accessors (C:\Users\23480\Documents\androidproject\TaskApp\.gradle\8.0\dependencies-accessors)" [_thread_blocked, id=3932, stack(0x000000afcb900000,0x000000afcba00000)]
  0x0000020b2a7183a0 JavaThread "Cache worker for Build Output Cleanup Cache (C:\Users\23480\Documents\androidproject\TaskApp\.gradle\buildOutputCleanup)" [_thread_blocked, id=14308, stack(0x000000afcba00000,0x000000afcbb00000)]
  0x0000020b2a71b890 JavaThread "Unconstrained build operations" [_thread_blocked, id=8892, stack(0x000000afcbb00000,0x000000afcbc00000)]
  0x0000020b2a718870 JavaThread "Unconstrained build operations Thread 2" [_thread_blocked, id=6000, stack(0x000000afcbc00000,0x000000afcbd00000)]
  0x0000020b2a719210 JavaThread "Unconstrained build operations Thread 3" [_thread_blocked, id=10408, stack(0x000000afcbd00000,0x000000afcbe00000)]
  0x0000020b2d523e70 JavaThread "Unconstrained build operations Thread 4" [_thread_blocked, id=6776, stack(0x000000afcbe00000,0x000000afcbf00000)]
  0x0000020b2d524340 JavaThread "Unconstrained build operations Thread 5" [_thread_blocked, id=7204, stack(0x000000afcbf00000,0x000000afcc000000)]
  0x0000020b2d522660 JavaThread "Unconstrained build operations Thread 6" [_thread_blocked, id=15364, stack(0x000000afcc000000,0x000000afcc100000)]
  0x0000020b2d524ce0 JavaThread "Unconstrained build operations Thread 7" [_thread_blocked, id=7480, stack(0x000000afcc100000,0x000000afcc200000)]
  0x0000020b2d51fb10 JavaThread "Unconstrained build operations Thread 8" [_thread_blocked, id=20320, stack(0x000000afcc200000,0x000000afcc300000)]
  0x0000020b2d520e50 JavaThread "Unconstrained build operations Thread 9" [_thread_blocked, id=3812, stack(0x000000afcc300000,0x000000afcc400000)]
  0x0000020b2d524810 JavaThread "Unconstrained build operations Thread 10" [_thread_blocked, id=8336, stack(0x000000afcc400000,0x000000afcc500000)]
  0x0000020b2d521cc0 JavaThread "Unconstrained build operations Thread 11" [_thread_blocked, id=22368, stack(0x000000afcc500000,0x000000afcc600000)]
  0x0000020b2d51ffe0 JavaThread "Unconstrained build operations Thread 12" [_thread_blocked, id=21256, stack(0x000000afcc600000,0x000000afcc700000)]
  0x0000020b2d521320 JavaThread "Unconstrained build operations Thread 13" [_thread_blocked, id=9780, stack(0x000000afcc700000,0x000000afcc800000)]
  0x0000020b2d51e300 JavaThread "Unconstrained build operations Thread 14" [_thread_blocked, id=18404, stack(0x000000afcc800000,0x000000afcc900000)]
  0x0000020b2d51e7d0 JavaThread "Unconstrained build operations Thread 15" [_thread_blocked, id=2788, stack(0x000000afcc900000,0x000000afcca00000)]
  0x0000020b2d5204b0 JavaThread "Unconstrained build operations Thread 16" [_thread_blocked, id=5300, stack(0x000000afcca00000,0x000000afccb00000)]
  0x0000020b2d51eca0 JavaThread "Unconstrained build operations Thread 17" [_thread_blocked, id=20844, stack(0x000000afccb00000,0x000000afccc00000)]
  0x0000020b2d5251b0 JavaThread "Unconstrained build operations Thread 18" [_thread_blocked, id=14680, stack(0x000000afccc00000,0x000000afccd00000)]
  0x0000020b2d520980 JavaThread "Unconstrained build operations Thread 19" [_thread_blocked, id=16076, stack(0x000000afccd00000,0x000000afcce00000)]
  0x0000020b2d51f170 JavaThread "Unconstrained build operations Thread 20" [_thread_blocked, id=19484, stack(0x000000afcce00000,0x000000afccf00000)]
  0x0000020b2d525680 JavaThread "Unconstrained build operations Thread 21" [_thread_blocked, id=22376, stack(0x000000afccf00000,0x000000afcd000000)]
  0x0000020b2d51f640 JavaThread "Unconstrained build operations Thread 22" [_thread_blocked, id=11188, stack(0x000000afcd000000,0x000000afcd100000)]
  0x0000020b2d5217f0 JavaThread "Unconstrained build operations Thread 23" [_thread_blocked, id=21872, stack(0x000000afcd100000,0x000000afcd200000)]
  0x0000020b2d51de30 JavaThread "Unconstrained build operations Thread 24" [_thread_blocked, id=15304, stack(0x000000afcd200000,0x000000afcd300000)]
  0x0000020b2d522190 JavaThread "Unconstrained build operations Thread 25" [_thread_blocked, id=3912, stack(0x000000afcd300000,0x000000afcd400000)]
  0x0000020b2d522b30 JavaThread "Unconstrained build operations Thread 26" [_thread_blocked, id=10276, stack(0x000000afcd400000,0x000000afcd500000)]
  0x0000020b2d523000 JavaThread "Unconstrained build operations Thread 27" [_thread_blocked, id=19104, stack(0x000000afcd500000,0x000000afcd600000)]
  0x0000020b2d5234d0 JavaThread "Unconstrained build operations Thread 28" [_thread_blocked, id=6804, stack(0x000000afcd600000,0x000000afcd700000)]
  0x0000020b2d5239a0 JavaThread "Unconstrained build operations Thread 29" [_thread_blocked, id=9628, stack(0x000000afcd700000,0x000000afcd800000)]
  0x0000020b2d399340 JavaThread "Unconstrained build operations Thread 30" [_thread_blocked, id=11504, stack(0x000000afcd800000,0x000000afcd900000)]
  0x0000020b2d399ce0 JavaThread "Unconstrained build operations Thread 31" [_thread_blocked, id=13724, stack(0x000000afcd900000,0x000000afcda00000)]
  0x0000020b2d397190 JavaThread "Unconstrained build operations Thread 32" [_thread_blocked, id=9316, stack(0x000000afcda00000,0x000000afcdb00000)]
  0x0000020b2d398000 JavaThread "Unconstrained build operations Thread 33" [_thread_blocked, id=18800, stack(0x000000afcdb00000,0x000000afcdc00000)]
  0x0000020b2d39db70 JavaThread "Unconstrained build operations Thread 34" [_thread_blocked, id=13684, stack(0x000000afcdc00000,0x000000afcdd00000)]
  0x0000020b2d39a680 JavaThread "Unconstrained build operations Thread 35" [_thread_blocked, id=12764, stack(0x000000afcdd00000,0x000000afcde00000)]
  0x0000020b2d3984d0 JavaThread "Unconstrained build operations Thread 36" [_thread_blocked, id=21244, stack(0x000000afcde00000,0x000000afcdf00000)]
  0x0000020b2d39e040 JavaThread "Unconstrained build operations Thread 37" [_thread_blocked, id=21068, stack(0x000000afcdf00000,0x000000afce000000)]
  0x0000020b2d39e510 JavaThread "Unconstrained build operations Thread 38" [_thread_blocked, id=4716, stack(0x000000afce000000,0x000000afce100000)]
  0x0000020b2d396cc0 JavaThread "Unconstrained build operations Thread 39" [_thread_blocked, id=3524, stack(0x000000afce100000,0x000000afce200000)]
  0x0000020b2d399810 JavaThread "Unconstrained build operations Thread 40" [_thread_blocked, id=20932, stack(0x000000afce200000,0x000000afce300000)]
  0x0000020b2d397660 JavaThread "Unconstrained build operations Thread 41" [_thread_blocked, id=9320, stack(0x000000afce300000,0x000000afce400000)]
  0x0000020b2d39a1b0 JavaThread "Unconstrained build operations Thread 42" [_thread_blocked, id=6572, stack(0x000000afce400000,0x000000afce500000)]
  0x0000020b2d3989a0 JavaThread "Unconstrained build operations Thread 43" [_thread_blocked, id=13680, stack(0x000000afce500000,0x000000afce600000)]
  0x0000020b2d398e70 JavaThread "Unconstrained build operations Thread 44" [_thread_blocked, id=19076, stack(0x000000afce600000,0x000000afce700000)]
  0x0000020b2d39ab50 JavaThread "Unconstrained build operations Thread 45" [_thread_blocked, id=21276, stack(0x000000afce700000,0x000000afce800000)]
  0x0000020b2d397b30 JavaThread "Unconstrained build operations Thread 46" [_thread_blocked, id=21832, stack(0x000000afce800000,0x000000afce900000)]
  0x0000020b2d39d1d0 JavaThread "Unconstrained build operations Thread 47" [_thread_blocked, id=4376, stack(0x000000afce900000,0x000000afcea00000)]
  0x0000020b2d39b020 JavaThread "Unconstrained build operations Thread 48" [_thread_blocked, id=18648, stack(0x000000afcea00000,0x000000afceb00000)]
  0x0000020b2d39d6a0 JavaThread "Unconstrained build operations Thread 49" [_thread_blocked, id=18656, stack(0x000000afceb00000,0x000000afcec00000)]
  0x0000020b2d39b4f0 JavaThread "Unconstrained build operations Thread 50" [_thread_blocked, id=22216, stack(0x000000afcec00000,0x000000afced00000)]
  0x0000020b2d39b9c0 JavaThread "Unconstrained build operations Thread 51" [_thread_blocked, id=12400, stack(0x000000afced00000,0x000000afcee00000)]
  0x0000020b2d39be90 JavaThread "Unconstrained build operations Thread 52" [_thread_blocked, id=21168, stack(0x000000afcee00000,0x000000afcef00000)]
  0x0000020b2d39c360 JavaThread "Unconstrained build operations Thread 53" [_thread_blocked, id=14136, stack(0x000000afcef00000,0x000000afcf000000)]
  0x0000020b2d39c830 JavaThread "Unconstrained build operations Thread 54" [_thread_blocked, id=8732, stack(0x000000afcf000000,0x000000afcf100000)]
  0x0000020b2d39cd00 JavaThread "Unconstrained build operations Thread 55" [_thread_blocked, id=12128, stack(0x000000afcf100000,0x000000afcf200000)]
  0x0000020b2bf7a590 JavaThread "Unconstrained build operations Thread 56" [_thread_blocked, id=4632, stack(0x000000afcf200000,0x000000afcf300000)]
  0x0000020b2bf7df50 JavaThread "Unconstrained build operations Thread 57" [_thread_blocked, id=21764, stack(0x000000afcf300000,0x000000afcf400000)]
  0x0000020b2bf7c740 JavaThread "Unconstrained build operations Thread 58" [_thread_blocked, id=16884, stack(0x000000afcf400000,0x000000afcf500000)]
  0x0000020b2bf7af30 JavaThread "Unconstrained build operations Thread 59" [_thread_blocked, id=17584, stack(0x000000afcf500000,0x000000afcf600000)]
  0x0000020b2bf7c270 JavaThread "Unconstrained build operations Thread 60" [_thread_blocked, id=19224, stack(0x000000afcf600000,0x000000afcf700000)]
  0x0000020b2bf7cc10 JavaThread "Unconstrained build operations Thread 61" [_thread_blocked, id=19868, stack(0x000000afcf700000,0x000000afcf800000)]
  0x0000020b2bf7a0c0 JavaThread "Unconstrained build operations Thread 62" [_thread_blocked, id=17624, stack(0x000000afcf800000,0x000000afcf900000)]
  0x0000020b2bf7aa60 JavaThread "Unconstrained build operations Thread 63" [_thread_blocked, id=7180, stack(0x000000afcf900000,0x000000afcfa00000)]
  0x0000020b2bf7d0e0 JavaThread "Unconstrained build operations Thread 64" [_thread_blocked, id=9956, stack(0x000000afcfa00000,0x000000afcfb00000)]
  0x0000020b2bf7f760 JavaThread "Unconstrained build operations Thread 65" [_thread_blocked, id=11380, stack(0x000000afcfb00000,0x000000afcfc00000)]
  0x0000020b2bf7da80 JavaThread "Unconstrained build operations Thread 66" [_thread_blocked, id=22120, stack(0x000000afcfc00000,0x000000afcfd00000)]
  0x0000020b2bf7fc30 JavaThread "Unconstrained build operations Thread 67" [_thread_blocked, id=18740, stack(0x000000afcfd00000,0x000000afcfe00000)]
  0x0000020b2bf7b400 JavaThread "Unconstrained build operations Thread 68" [_thread_blocked, id=18828, stack(0x000000afcfe00000,0x000000afcff00000)]
  0x0000020b2bf7d5b0 JavaThread "Unconstrained build operations Thread 69" [_thread_blocked, id=5436, stack(0x000000afcff00000,0x000000afd0000000)]
  0x0000020b2bf80100 JavaThread "Unconstrained build operations Thread 70" [_thread_blocked, id=15968, stack(0x000000afd0000000,0x000000afd0100000)]
  0x0000020b2bf7e420 JavaThread "Unconstrained build operations Thread 71" [_thread_blocked, id=18480, stack(0x000000afd0100000,0x000000afd0200000)]
  0x0000020b2bf79720 JavaThread "Unconstrained build operations Thread 72" [_thread_blocked, id=13752, stack(0x000000afd0200000,0x000000afd0300000)]
  0x0000020b2bf7e8f0 JavaThread "Unconstrained build operations Thread 73" [_thread_blocked, id=19468, stack(0x000000afd0300000,0x000000afd0400000)]
  0x0000020b2bf7b8d0 JavaThread "Unconstrained build operations Thread 74" [_thread_blocked, id=5556, stack(0x000000afd0400000,0x000000afd0500000)]
  0x0000020b2bf7edc0 JavaThread "Unconstrained build operations Thread 75" [_thread_blocked, id=11872, stack(0x000000afd0500000,0x000000afd0600000)]
  0x0000020b2bf7bda0 JavaThread "Unconstrained build operations Thread 76" [_thread_blocked, id=21360, stack(0x000000afd0600000,0x000000afd0700000)]
  0x0000020b2bf7f290 JavaThread "Unconstrained build operations Thread 77" [_thread_blocked, id=21824, stack(0x000000afd0700000,0x000000afd0800000)]
  0x0000020b2bf788b0 JavaThread "Unconstrained build operations Thread 78" [_thread_blocked, id=15308, stack(0x000000afd0800000,0x000000afd0900000)]
  0x0000020b2bf78d80 JavaThread "Unconstrained build operations Thread 79" [_thread_blocked, id=6136, stack(0x000000afd0900000,0x000000afd0a00000)]
  0x0000020b2bf79250 JavaThread "Unconstrained build operations Thread 80" [_thread_blocked, id=20940, stack(0x000000afd0a00000,0x000000afd0b00000)]
  0x0000020b2893dbd0 JavaThread "Memory manager" [_thread_blocked, id=19524, stack(0x000000afd0b00000,0x000000afd0c00000)]

Other Threads:
  0x0000020b26f8fa30 VMThread "VM Thread" [stack: 0x000000afc8500000,0x000000afc8600000] [id=20900]
  0x0000020b279cfa80 WatcherThread [stack: 0x000000afc9100000,0x000000afc9200000] [id=19032]
  0x0000020b0b1bd1e0 GCTaskThread "GC Thread#0" [stack: 0x000000afc8000000,0x000000afc8100000] [id=8284]
  0x0000020b283dbd80 GCTaskThread "GC Thread#1" [stack: 0x000000afc9300000,0x000000afc9400000] [id=11540]
  0x0000020b28436860 GCTaskThread "GC Thread#2" [stack: 0x000000afc9400000,0x000000afc9500000] [id=12996]
  0x0000020b28c41f50 GCTaskThread "GC Thread#3" [stack: 0x000000afc9500000,0x000000afc9600000] [id=11332]
  0x0000020b290b40c0 GCTaskThread "GC Thread#4" [stack: 0x000000afc9600000,0x000000afc9700000] [id=7324]
  0x0000020b290b4370 GCTaskThread "GC Thread#5" [stack: 0x000000afca100000,0x000000afca200000] [id=5068]
  0x0000020b290b30a0 GCTaskThread "GC Thread#6" [stack: 0x000000afca200000,0x000000afca300000] [id=20716]
  0x0000020b290b38b0 GCTaskThread "GC Thread#7" [stack: 0x000000afca300000,0x000000afca400000] [id=13964]
  0x0000020b0b1cf040 ConcurrentGCThread "G1 Main Marker" [stack: 0x000000afc8100000,0x000000afc8200000] [id=15504]
  0x0000020b0b1cfb70 ConcurrentGCThread "G1 Conc#0" [stack: 0x000000afc8200000,0x000000afc8300000] [id=13612]
  0x0000020b290b3b60 ConcurrentGCThread "G1 Conc#1" [stack: 0x000000afca400000,0x000000afca500000] [id=20172]
  0x0000020b26def680 ConcurrentGCThread "G1 Refine#0" [stack: 0x000000afc8300000,0x000000afc8400000] [id=12708]
  0x0000020b2d4ed580 ConcurrentGCThread "G1 Refine#1" [stack: 0x000000afcb400000,0x000000afcb500000] [id=3852]
  0x0000020b26deffb0 ConcurrentGCThread "G1 Service" [stack: 0x000000afc8400000,0x000000afc8500000] [id=13024]

Threads with active compile tasks:
C2 CompilerThread0    13437 8051       4       jdk.internal.loader.URLClassPath::getResource (74 bytes)

VM state: not at safepoint (normal execution)

VM Mutex/Monitor currently owned by a thread: None

Heap address: 0x0000000080000000, size: 2048 MB, Compressed Oops mode: 32-bit

CDS archive(s) not mapped
Compressed class space mapped at: 0x0000000100000000-0x0000000140000000, reserved size: 1073741824
Narrow klass base: 0x0000000000000000, Narrow klass shift: 3, Narrow klass range: 0x140000000

GC Precious Log:
 CPUs: 8 total, 8 available
 Memory: 7502M
 Large Page Support: Disabled
 NUMA Support: Disabled
 Compressed Oops: Enabled (32-bit)
 Heap Region Size: 1M
 Heap Min Capacity: 8M
 Heap Initial Capacity: 118M
 Heap Max Capacity: 2G
 Pre-touch: Disabled
 Parallel Workers: 8
 Concurrent Workers: 2
 Concurrent Refinement Workers: 8
 Periodic GC: Disabled

Heap:
 garbage-first heap   total 191488K, used 117490K [0x0000000080000000, 0x0000000100000000)
  region size 1024K, 19 young (19456K), 7 survivors (7168K)
 Metaspace       used 80954K, committed 81664K, reserved 1122304K
  class space    used 10751K, committed 11072K, reserved 1048576K

Heap Regions: E=young(eden), S=young(survivor), O=old, HS=humongous(starts), HC=humongous(continues), CS=collection set, F=free, OA=open archive, CA=closed archive, TAMS=top-at-mark-start (previous, next)
|   0|0x0000000080000000, 0x0000000080100000, 0x0000000080100000|100%|HS|  |TAMS 0x0000000080100000, 0x0000000080000000| Complete 
|   1|0x0000000080100000, 0x0000000080200000, 0x0000000080200000|100%|HC|  |TAMS 0x0000000080200000, 0x0000000080100000| Complete 
|   2|0x0000000080200000, 0x0000000080300000, 0x0000000080300000|100%|HC|  |TAMS 0x0000000080300000, 0x0000000080200000| Complete 
|   3|0x0000000080300000, 0x0000000080400000, 0x0000000080400000|100%|HC|  |TAMS 0x0000000080400000, 0x0000000080300000| Complete 
|   4|0x0000000080400000, 0x0000000080500000, 0x0000000080500000|100%| O|  |TAMS 0x0000000080500000, 0x0000000080400000| Untracked 
|   5|0x0000000080500000, 0x0000000080600000, 0x0000000080600000|100%| O|  |TAMS 0x0000000080600000, 0x0000000080500000| Untracked 
|   6|0x0000000080600000, 0x0000000080700000, 0x0000000080700000|100%| O|  |TAMS 0x0000000080700000, 0x0000000080600000| Untracked 
|   7|0x0000000080700000, 0x0000000080800000, 0x0000000080800000|100%| O|  |TAMS 0x0000000080800000, 0x0000000080700000| Untracked 
|   8|0x0000000080800000, 0x0000000080900000, 0x0000000080900000|100%| O|  |TAMS 0x0000000080900000, 0x0000000080800000| Untracked 
|   9|0x0000000080900000, 0x0000000080a00000, 0x0000000080a00000|100%| O|  |TAMS 0x0000000080a00000, 0x0000000080900000| Untracked 
|  10|0x0000000080a00000, 0x0000000080b00000, 0x0000000080b00000|100%| O|  |TAMS 0x0000000080b00000, 0x0000000080a00000| Untracked 
|  11|0x0000000080b00000, 0x0000000080c00000, 0x0000000080c00000|100%| O|  |TAMS 0x0000000080c00000, 0x0000000080b00000| Untracked 
|  12|0x0000000080c00000, 0x0000000080d00000, 0x0000000080d00000|100%| O|  |TAMS 0x0000000080d00000, 0x0000000080c00000| Untracked 
|  13|0x0000000080d00000, 0x0000000080e00000, 0x0000000080e00000|100%| O|  |TAMS 0x0000000080e00000, 0x0000000080d00000| Untracked 
|  14|0x0000000080e00000, 0x0000000080f00000, 0x0000000080f00000|100%| O|  |TAMS 0x0000000080f00000, 0x0000000080e00000| Untracked 
|  15|0x0000000080f00000, 0x0000000081000000, 0x0000000081000000|100%| O|  |TAMS 0x0000000081000000, 0x0000000080f00000| Untracked 
|  16|0x0000000081000000, 0x0000000081100000, 0x0000000081100000|100%| O|  |TAMS 0x0000000081100000, 0x0000000081000000| Untracked 
|  17|0x0000000081100000, 0x0000000081200000, 0x0000000081200000|100%| O|  |TAMS 0x0000000081200000, 0x0000000081100000| Untracked 
|  18|0x0000000081200000, 0x0000000081300000, 0x0000000081300000|100%| O|  |TAMS 0x0000000081300000, 0x0000000081200000| Untracked 
|  19|0x0000000081300000, 0x0000000081400000, 0x0000000081400000|100%|HS|  |TAMS 0x0000000081400000, 0x0000000081300000| Complete 
|  20|0x0000000081400000, 0x0000000081500000, 0x0000000081500000|100%|HC|  |TAMS 0x0000000081500000, 0x0000000081400000| Complete 
|  21|0x0000000081500000, 0x0000000081600000, 0x0000000081600000|100%|HS|  |TAMS 0x0000000081600000, 0x0000000081500000| Complete 
|  22|0x0000000081600000, 0x0000000081700000, 0x0000000081700000|100%|HC|  |TAMS 0x0000000081700000, 0x0000000081600000| Complete 
|  23|0x0000000081700000, 0x0000000081800000, 0x0000000081800000|100%|HC|  |TAMS 0x0000000081800000, 0x0000000081700000| Complete 
|  24|0x0000000081800000, 0x0000000081900000, 0x0000000081900000|100%| O|  |TAMS 0x0000000081900000, 0x0000000081800000| Untracked 
|  25|0x0000000081900000, 0x0000000081a00000, 0x0000000081a00000|100%| O|  |TAMS 0x0000000081a00000, 0x0000000081900000| Untracked 
|  26|0x0000000081a00000, 0x0000000081b00000, 0x0000000081b00000|100%| O|  |TAMS 0x0000000081b00000, 0x0000000081a00000| Untracked 
|  27|0x0000000081b00000, 0x0000000081c00000, 0x0000000081c00000|100%|HS|  |TAMS 0x0000000081c00000, 0x0000000081b00000| Complete 
|  28|0x0000000081c00000, 0x0000000081d00000, 0x0000000081d00000|100%|HC|  |TAMS 0x0000000081d00000, 0x0000000081c00000| Complete 
|  29|0x0000000081d00000, 0x0000000081e00000, 0x0000000081e00000|100%|HC|  |TAMS 0x0000000081e00000, 0x0000000081d00000| Complete 
|  30|0x0000000081e00000, 0x0000000081f00000, 0x0000000081f00000|100%| O|  |TAMS 0x0000000081f00000, 0x0000000081e00000| Untracked 
|  31|0x0000000081f00000, 0x0000000082000000, 0x0000000082000000|100%| O|  |TAMS 0x0000000082000000, 0x0000000081f00000| Untracked 
|  32|0x0000000082000000, 0x0000000082100000, 0x0000000082100000|100%| O|  |TAMS 0x0000000082100000, 0x0000000082000000| Untracked 
|  33|0x0000000082100000, 0x0000000082200000, 0x0000000082200000|100%| O|  |TAMS 0x0000000082200000, 0x0000000082100000| Untracked 
|  34|0x0000000082200000, 0x0000000082300000, 0x0000000082300000|100%|HS|  |TAMS 0x0000000082300000, 0x0000000082200000| Complete 
|  35|0x0000000082300000, 0x0000000082400000, 0x0000000082400000|100%|HC|  |TAMS 0x0000000082400000, 0x0000000082300000| Complete 
|  36|0x0000000082400000, 0x0000000082500000, 0x0000000082500000|100%| O|  |TAMS 0x0000000082500000, 0x0000000082400000| Untracked 
|  37|0x0000000082500000, 0x0000000082600000, 0x0000000082600000|100%| O|  |TAMS 0x0000000082600000, 0x0000000082500000| Untracked 
|  38|0x0000000082600000, 0x0000000082700000, 0x0000000082700000|100%| O|  |TAMS 0x0000000082700000, 0x0000000082600000| Untracked 
|  39|0x0000000082700000, 0x0000000082800000, 0x0000000082800000|100%| O|  |TAMS 0x0000000082800000, 0x0000000082700000| Untracked 
|  40|0x0000000082800000, 0x0000000082900000, 0x0000000082900000|100%| O|  |TAMS 0x0000000082900000, 0x0000000082800000| Untracked 
|  41|0x0000000082900000, 0x0000000082a00000, 0x0000000082a00000|100%| O|  |TAMS 0x0000000082a00000, 0x0000000082900000| Untracked 
|  42|0x0000000082a00000, 0x0000000082b00000, 0x0000000082b00000|100%| O|  |TAMS 0x0000000082b00000, 0x0000000082a00000| Untracked 
|  43|0x0000000082b00000, 0x0000000082c00000, 0x0000000082c00000|100%| O|  |TAMS 0x0000000082c00000, 0x0000000082b00000| Untracked 
|  44|0x0000000082c00000, 0x0000000082d00000, 0x0000000082d00000|100%| O|  |TAMS 0x0000000082c00000, 0x0000000082c00000| Untracked 
|  45|0x0000000082d00000, 0x0000000082e00000, 0x0000000082e00000|100%| O|  |TAMS 0x0000000082e00000, 0x0000000082d00000| Untracked 
|  46|0x0000000082e00000, 0x0000000082f00000, 0x0000000082f00000|100%|HS|  |TAMS 0x0000000082f00000, 0x0000000082e00000| Complete 
|  47|0x0000000082f00000, 0x0000000083000000, 0x0000000083000000|100%|HC|  |TAMS 0x0000000083000000, 0x0000000082f00000| Complete 
|  48|0x0000000083000000, 0x0000000083100000, 0x0000000083100000|100%|HC|  |TAMS 0x0000000083100000, 0x0000000083000000| Complete 
|  49|0x0000000083100000, 0x0000000083200000, 0x0000000083200000|100%|HC|  |TAMS 0x0000000083200000, 0x0000000083100000| Complete 
|  50|0x0000000083200000, 0x0000000083300000, 0x0000000083300000|100%|HC|  |TAMS 0x0000000083300000, 0x0000000083200000| Complete 
|  51|0x0000000083300000, 0x0000000083400000, 0x0000000083400000|100%|HC|  |TAMS 0x0000000083400000, 0x0000000083300000| Complete 
|  52|0x0000000083400000, 0x0000000083500000, 0x0000000083500000|100%|HC|  |TAMS 0x0000000083500000, 0x0000000083400000| Complete 
|  53|0x0000000083500000, 0x0000000083600000, 0x0000000083600000|100%|HC|  |TAMS 0x0000000083600000, 0x0000000083500000| Complete 
|  54|0x0000000083600000, 0x0000000083700000, 0x0000000083700000|100%|HC|  |TAMS 0x0000000083700000, 0x0000000083600000| Complete 
|  55|0x0000000083700000, 0x0000000083800000, 0x0000000083800000|100%|HC|  |TAMS 0x0000000083800000, 0x0000000083700000| Complete 
|  56|0x0000000083800000, 0x0000000083900000, 0x0000000083900000|100%|HC|  |TAMS 0x0000000083900000, 0x0000000083800000| Complete 
|  57|0x0000000083900000, 0x0000000083a00000, 0x0000000083a00000|100%|HC|  |TAMS 0x0000000083a00000, 0x0000000083900000| Complete 
|  58|0x0000000083a00000, 0x0000000083b00000, 0x0000000083b00000|100%| O|  |TAMS 0x0000000083b00000, 0x0000000083a00000| Untracked 
|  59|0x0000000083b00000, 0x0000000083c00000, 0x0000000083c00000|100%| O|  |TAMS 0x0000000083c00000, 0x0000000083b00000| Untracked 
|  60|0x0000000083c00000, 0x0000000083d00000, 0x0000000083d00000|100%|HS|  |TAMS 0x0000000083d00000, 0x0000000083c00000| Complete 
|  61|0x0000000083d00000, 0x0000000083e00000, 0x0000000083e00000|100%|HC|  |TAMS 0x0000000083e00000, 0x0000000083d00000| Complete 
|  62|0x0000000083e00000, 0x0000000083f00000, 0x0000000083f00000|100%|HC|  |TAMS 0x0000000083f00000, 0x0000000083e00000| Complete 
|  63|0x0000000083f00000, 0x0000000084000000, 0x0000000084000000|100%|HS|  |TAMS 0x0000000084000000, 0x0000000083f00000| Complete 
|  64|0x0000000084000000, 0x0000000084100000, 0x0000000084100000|100%|HC|  |TAMS 0x0000000084100000, 0x0000000084000000| Complete 
|  65|0x0000000084100000, 0x0000000084200000, 0x0000000084200000|100%|HC|  |TAMS 0x0000000084200000, 0x0000000084100000| Complete 
|  66|0x0000000084200000, 0x0000000084300000, 0x0000000084300000|100%| O|  |TAMS 0x0000000084300000, 0x0000000084200000| Untracked 
|  67|0x0000000084300000, 0x0000000084400000, 0x0000000084400000|100%| O|  |TAMS 0x0000000084400000, 0x0000000084300000| Untracked 
|  68|0x0000000084400000, 0x0000000084500000, 0x0000000084500000|100%| O|  |TAMS 0x0000000084500000, 0x0000000084400000| Untracked 
|  69|0x0000000084500000, 0x0000000084600000, 0x0000000084600000|100%| O|  |TAMS 0x0000000084600000, 0x0000000084500000| Untracked 
|  70|0x0000000084600000, 0x0000000084700000, 0x0000000084700000|100%| O|  |TAMS 0x0000000084700000, 0x0000000084600000| Untracked 
|  71|0x0000000084700000, 0x0000000084800000, 0x0000000084800000|100%| O|  |TAMS 0x0000000084800000, 0x0000000084700000| Untracked 
|  72|0x0000000084800000, 0x0000000084900000, 0x0000000084900000|100%| O|  |TAMS 0x0000000084900000, 0x0000000084800000| Untracked 
|  73|0x0000000084900000, 0x0000000084a00000, 0x0000000084a00000|100%| O|  |TAMS 0x0000000084a00000, 0x0000000084900000| Untracked 
|  74|0x0000000084a00000, 0x0000000084abc800, 0x0000000084b00000| 73%| O|  |TAMS 0x0000000084a00000, 0x0000000084a00000| Untracked 
|  75|0x0000000084b00000, 0x0000000084c00000, 0x0000000084c00000|100%|HS|  |TAMS 0x0000000084c00000, 0x0000000084b00000| Complete 
|  76|0x0000000084c00000, 0x0000000084d00000, 0x0000000084d00000|100%|HS|  |TAMS 0x0000000084d00000, 0x0000000084c00000| Complete 
|  77|0x0000000084d00000, 0x0000000084e00000, 0x0000000084e00000|100%|HS|  |TAMS 0x0000000084e00000, 0x0000000084d00000| Complete 
|  78|0x0000000084e00000, 0x0000000084f00000, 0x0000000084f00000|100%|HC|  |TAMS 0x0000000084f00000, 0x0000000084e00000| Complete 
|  79|0x0000000084f00000, 0x0000000085000000, 0x0000000085000000|100%|HS|  |TAMS 0x0000000085000000, 0x0000000084f00000| Complete 
|  80|0x0000000085000000, 0x0000000085100000, 0x0000000085100000|100%|HS|  |TAMS 0x0000000085100000, 0x0000000085000000| Complete 
|  81|0x0000000085100000, 0x0000000085200000, 0x0000000085200000|100%|HC|  |TAMS 0x0000000085200000, 0x0000000085100000| Complete 
|  82|0x0000000085200000, 0x0000000085300000, 0x0000000085300000|100%|HC|  |TAMS 0x0000000085300000, 0x0000000085200000| Complete 
|  83|0x0000000085300000, 0x0000000085400000, 0x0000000085400000|100%|HC|  |TAMS 0x0000000085400000, 0x0000000085300000| Complete 
|  84|0x0000000085400000, 0x0000000085500000, 0x0000000085500000|100%| O|  |TAMS 0x0000000085500000, 0x0000000085400000| Untracked 
|  85|0x0000000085500000, 0x0000000085600000, 0x0000000085600000|100%| O|  |TAMS 0x0000000085600000, 0x0000000085500000| Untracked 
|  86|0x0000000085600000, 0x0000000085700000, 0x0000000085700000|100%| O|  |TAMS 0x0000000085700000, 0x0000000085600000| Untracked 
|  87|0x0000000085700000, 0x0000000085800000, 0x0000000085800000|100%| O|  |TAMS 0x0000000085800000, 0x0000000085700000| Untracked 
|  88|0x0000000085800000, 0x0000000085900000, 0x0000000085900000|100%| O|  |TAMS 0x0000000085900000, 0x0000000085800000| Untracked 
|  89|0x0000000085900000, 0x0000000085a00000, 0x0000000085a00000|100%| O|  |TAMS 0x0000000085a00000, 0x0000000085900000| Untracked 
|  90|0x0000000085a00000, 0x0000000085b00000, 0x0000000085b00000|100%| O|  |TAMS 0x0000000085b00000, 0x0000000085a00000| Untracked 
|  91|0x0000000085b00000, 0x0000000085c00000, 0x0000000085c00000|100%| O|  |TAMS 0x0000000085ba7800, 0x0000000085b00000| Untracked 
|  92|0x0000000085c00000, 0x0000000085d00000, 0x0000000085d00000|100%| O|  |TAMS 0x0000000085c00000, 0x0000000085c00000| Untracked 
|  93|0x0000000085d00000, 0x0000000085e00000, 0x0000000085e00000|100%| O|  |TAMS 0x0000000085d00000, 0x0000000085d00000| Untracked 
|  94|0x0000000085e00000, 0x0000000085f00000, 0x0000000085f00000|100%| O|  |TAMS 0x0000000085e00000, 0x0000000085e00000| Untracked 
|  95|0x0000000085f00000, 0x0000000086000000, 0x0000000086000000|100%| O|  |TAMS 0x0000000085f00000, 0x0000000085f00000| Untracked 
|  96|0x0000000086000000, 0x0000000086100000, 0x0000000086100000|100%| O|  |TAMS 0x0000000086000000, 0x0000000086000000| Untracked 
|  97|0x0000000086100000, 0x0000000086100000, 0x0000000086200000|  0%| F|  |TAMS 0x0000000086100000, 0x0000000086100000| Untracked 
|  98|0x0000000086200000, 0x0000000086200000, 0x0000000086300000|  0%| F|  |TAMS 0x0000000086200000, 0x0000000086200000| Untracked 
|  99|0x0000000086300000, 0x0000000086300000, 0x0000000086400000|  0%| F|  |TAMS 0x0000000086300000, 0x0000000086300000| Untracked 
| 100|0x0000000086400000, 0x0000000086400000, 0x0000000086500000|  0%| F|  |TAMS 0x0000000086400000, 0x0000000086400000| Untracked 
| 101|0x0000000086500000, 0x0000000086500000, 0x0000000086600000|  0%| F|  |TAMS 0x0000000086500000, 0x0000000086500000| Untracked 
| 102|0x0000000086600000, 0x0000000086600000, 0x0000000086700000|  0%| F|  |TAMS 0x0000000086600000, 0x0000000086600000| Untracked 
| 103|0x0000000086700000, 0x0000000086700000, 0x0000000086800000|  0%| F|  |TAMS 0x0000000086700000, 0x0000000086700000| Untracked 
| 104|0x0000000086800000, 0x0000000086800000, 0x0000000086900000|  0%| F|  |TAMS 0x0000000086800000, 0x0000000086800000| Untracked 
| 105|0x0000000086900000, 0x0000000086900000, 0x0000000086a00000|  0%| F|  |TAMS 0x0000000086900000, 0x0000000086900000| Untracked 
| 106|0x0000000086a00000, 0x0000000086a00000, 0x0000000086b00000|  0%| F|  |TAMS 0x0000000086a00000, 0x0000000086a00000| Untracked 
| 107|0x0000000086b00000, 0x0000000086b00000, 0x0000000086c00000|  0%| F|  |TAMS 0x0000000086b00000, 0x0000000086b00000| Untracked 
| 108|0x0000000086c00000, 0x0000000086c00000, 0x0000000086d00000|  0%| F|  |TAMS 0x0000000086c00000, 0x0000000086c00000| Untracked 
| 109|0x0000000086d00000, 0x0000000086d00000, 0x0000000086e00000|  0%| F|  |TAMS 0x0000000086d00000, 0x0000000086d00000| Untracked 
| 110|0x0000000086e00000, 0x0000000086e00000, 0x0000000086f00000|  0%| F|  |TAMS 0x0000000086e00000, 0x0000000086e00000| Untracked 
| 111|0x0000000086f00000, 0x0000000086f00000, 0x0000000087000000|  0%| F|  |TAMS 0x0000000086f00000, 0x0000000086f00000| Untracked 
| 112|0x0000000087000000, 0x0000000087000000, 0x0000000087100000|  0%| F|  |TAMS 0x0000000087000000, 0x0000000087000000| Untracked 
| 113|0x0000000087100000, 0x0000000087100000, 0x0000000087200000|  0%| F|  |TAMS 0x0000000087100000, 0x0000000087100000| Untracked 
| 114|0x0000000087200000, 0x0000000087200000, 0x0000000087300000|  0%| F|  |TAMS 0x0000000087200000, 0x0000000087200000| Untracked 
| 115|0x0000000087300000, 0x0000000087300000, 0x0000000087400000|  0%| F|  |TAMS 0x0000000087300000, 0x0000000087300000| Untracked 
| 116|0x0000000087400000, 0x0000000087400000, 0x0000000087500000|  0%| F|  |TAMS 0x0000000087400000, 0x0000000087400000| Untracked 
| 117|0x0000000087500000, 0x0000000087500000, 0x0000000087600000|  0%| F|  |TAMS 0x0000000087500000, 0x0000000087500000| Untracked 
| 118|0x0000000087600000, 0x0000000087600000, 0x0000000087700000|  0%| F|  |TAMS 0x0000000087600000, 0x0000000087600000| Untracked 
| 119|0x0000000087700000, 0x0000000087700000, 0x0000000087800000|  0%| F|  |TAMS 0x0000000087700000, 0x0000000087700000| Untracked 
| 120|0x0000000087800000, 0x0000000087800000, 0x0000000087900000|  0%| F|  |TAMS 0x0000000087800000, 0x0000000087800000| Untracked 
| 121|0x0000000087900000, 0x0000000087900000, 0x0000000087a00000|  0%| F|  |TAMS 0x0000000087900000, 0x0000000087900000| Untracked 
| 122|0x0000000087a00000, 0x0000000087a00000, 0x0000000087b00000|  0%| F|  |TAMS 0x0000000087a00000, 0x0000000087a00000| Untracked 
| 123|0x0000000087b00000, 0x0000000087b00000, 0x0000000087c00000|  0%| F|  |TAMS 0x0000000087b00000, 0x0000000087b00000| Untracked 
| 124|0x0000000087c00000, 0x0000000087c00000, 0x0000000087d00000|  0%| F|  |TAMS 0x0000000087c00000, 0x0000000087c00000| Untracked 
| 125|0x0000000087d00000, 0x0000000087d00000, 0x0000000087e00000|  0%| F|  |TAMS 0x0000000087d00000, 0x0000000087d00000| Untracked 
| 126|0x0000000087e00000, 0x0000000087e00000, 0x0000000087f00000|  0%| F|  |TAMS 0x0000000087e00000, 0x0000000087e00000| Untracked 
| 127|0x0000000087f00000, 0x0000000087f00000, 0x0000000088000000|  0%| F|  |TAMS 0x0000000087f00000, 0x0000000087f00000| Untracked 
| 128|0x0000000088000000, 0x0000000088100000, 0x0000000088100000|100%| S|CS|TAMS 0x0000000088000000, 0x0000000088000000| Complete 
| 129|0x0000000088100000, 0x0000000088200000, 0x0000000088200000|100%| S|CS|TAMS 0x0000000088100000, 0x0000000088100000| Complete 
| 130|0x0000000088200000, 0x0000000088300000, 0x0000000088300000|100%| S|CS|TAMS 0x0000000088200000, 0x0000000088200000| Complete 
| 131|0x0000000088300000, 0x0000000088400000, 0x0000000088400000|100%| S|CS|TAMS 0x0000000088300000, 0x0000000088300000| Complete 
| 132|0x0000000088400000, 0x0000000088500000, 0x0000000088500000|100%| S|CS|TAMS 0x0000000088400000, 0x0000000088400000| Complete 
| 133|0x0000000088500000, 0x0000000088600000, 0x0000000088600000|100%| S|CS|TAMS 0x0000000088500000, 0x0000000088500000| Complete 
| 134|0x0000000088600000, 0x0000000088600000, 0x0000000088700000|  0%| F|  |TAMS 0x0000000088600000, 0x0000000088600000| Untracked 
| 135|0x0000000088700000, 0x0000000088700000, 0x0000000088800000|  0%| F|  |TAMS 0x0000000088700000, 0x0000000088700000| Untracked 
| 136|0x0000000088800000, 0x0000000088800000, 0x0000000088900000|  0%| F|  |TAMS 0x0000000088800000, 0x0000000088800000| Untracked 
| 137|0x0000000088900000, 0x0000000088900000, 0x0000000088a00000|  0%| F|  |TAMS 0x0000000088900000, 0x0000000088900000| Untracked 
| 138|0x0000000088a00000, 0x0000000088b00000, 0x0000000088b00000|100%| S|CS|TAMS 0x0000000088a00000, 0x0000000088a00000| Complete 
| 139|0x0000000088b00000, 0x0000000088b00000, 0x0000000088c00000|  0%| F|  |TAMS 0x0000000088b00000, 0x0000000088b00000| Untracked 
| 140|0x0000000088c00000, 0x0000000088c00000, 0x0000000088d00000|  0%| F|  |TAMS 0x0000000088c00000, 0x0000000088c00000| Untracked 
| 141|0x0000000088d00000, 0x0000000088d00000, 0x0000000088e00000|  0%| F|  |TAMS 0x0000000088d00000, 0x0000000088d00000| Untracked 
| 142|0x0000000088e00000, 0x0000000088e00000, 0x0000000088f00000|  0%| F|  |TAMS 0x0000000088e00000, 0x0000000088e00000| Untracked 
| 143|0x0000000088f00000, 0x0000000088f00000, 0x0000000089000000|  0%| F|  |TAMS 0x0000000088f00000, 0x0000000088f00000| Untracked 
| 144|0x0000000089000000, 0x0000000089000000, 0x0000000089100000|  0%| F|  |TAMS 0x0000000089000000, 0x0000000089000000| Untracked 
| 145|0x0000000089100000, 0x0000000089100000, 0x0000000089200000|  0%| F|  |TAMS 0x0000000089100000, 0x0000000089100000| Untracked 
| 146|0x0000000089200000, 0x0000000089200000, 0x0000000089300000|  0%| F|  |TAMS 0x0000000089200000, 0x0000000089200000| Untracked 
| 147|0x0000000089300000, 0x0000000089300000, 0x0000000089400000|  0%| F|  |TAMS 0x0000000089300000, 0x0000000089300000| Untracked 
| 148|0x0000000089400000, 0x0000000089400000, 0x0000000089500000|  0%| F|  |TAMS 0x0000000089400000, 0x0000000089400000| Untracked 
| 149|0x0000000089500000, 0x0000000089500000, 0x0000000089600000|  0%| F|  |TAMS 0x0000000089500000, 0x0000000089500000| Untracked 
| 150|0x0000000089600000, 0x0000000089600000, 0x0000000089700000|  0%| F|  |TAMS 0x0000000089600000, 0x0000000089600000| Untracked 
| 151|0x0000000089700000, 0x0000000089700000, 0x0000000089800000|  0%| F|  |TAMS 0x0000000089700000, 0x0000000089700000| Untracked 
| 152|0x0000000089800000, 0x0000000089800000, 0x0000000089900000|  0%| F|  |TAMS 0x0000000089800000, 0x0000000089800000| Untracked 
| 153|0x0000000089900000, 0x0000000089900000, 0x0000000089a00000|  0%| F|  |TAMS 0x0000000089900000, 0x0000000089900000| Untracked 
| 154|0x0000000089a00000, 0x0000000089a00000, 0x0000000089b00000|  0%| F|  |TAMS 0x0000000089a00000, 0x0000000089a00000| Untracked 
| 155|0x0000000089b00000, 0x0000000089b00000, 0x0000000089c00000|  0%| F|  |TAMS 0x0000000089b00000, 0x0000000089b00000| Untracked 
| 156|0x0000000089c00000, 0x0000000089c00000, 0x0000000089d00000|  0%| F|  |TAMS 0x0000000089c00000, 0x0000000089c00000| Untracked 
| 157|0x0000000089d00000, 0x0000000089d00000, 0x0000000089e00000|  0%| F|  |TAMS 0x0000000089d00000, 0x0000000089d00000| Untracked 
| 158|0x0000000089e00000, 0x0000000089e00000, 0x0000000089f00000|  0%| F|  |TAMS 0x0000000089e00000, 0x0000000089e00000| Untracked 
| 159|0x0000000089f00000, 0x0000000089f00000, 0x000000008a000000|  0%| F|  |TAMS 0x0000000089f00000, 0x0000000089f00000| Untracked 
| 160|0x000000008a000000, 0x000000008a000000, 0x000000008a100000|  0%| F|  |TAMS 0x000000008a000000, 0x000000008a000000| Untracked 
| 161|0x000000008a100000, 0x000000008a100000, 0x000000008a200000|  0%| F|  |TAMS 0x000000008a100000, 0x000000008a100000| Untracked 
| 162|0x000000008a200000, 0x000000008a200000, 0x000000008a300000|  0%| F|  |TAMS 0x000000008a200000, 0x000000008a200000| Untracked 
| 163|0x000000008a300000, 0x000000008a300000, 0x000000008a400000|  0%| F|  |TAMS 0x000000008a300000, 0x000000008a300000| Untracked 
| 164|0x000000008a400000, 0x000000008a400000, 0x000000008a500000|  0%| F|  |TAMS 0x000000008a400000, 0x000000008a400000| Untracked 
| 165|0x000000008a500000, 0x000000008a500000, 0x000000008a600000|  0%| F|  |TAMS 0x000000008a500000, 0x000000008a500000| Untracked 
| 166|0x000000008a600000, 0x000000008a600000, 0x000000008a700000|  0%| F|  |TAMS 0x000000008a600000, 0x000000008a600000| Untracked 
| 167|0x000000008a700000, 0x000000008a700000, 0x000000008a800000|  0%| F|  |TAMS 0x000000008a700000, 0x000000008a700000| Untracked 
| 168|0x000000008a800000, 0x000000008a800000, 0x000000008a900000|  0%| F|  |TAMS 0x000000008a800000, 0x000000008a800000| Untracked 
| 169|0x000000008a900000, 0x000000008a900000, 0x000000008aa00000|  0%| F|  |TAMS 0x000000008a900000, 0x000000008a900000| Untracked 
| 170|0x000000008aa00000, 0x000000008aa00000, 0x000000008ab00000|  0%| F|  |TAMS 0x000000008aa00000, 0x000000008aa00000| Untracked 
| 171|0x000000008ab00000, 0x000000008ab00000, 0x000000008ac00000|  0%| F|  |TAMS 0x000000008ab00000, 0x000000008ab00000| Untracked 
| 172|0x000000008ac00000, 0x000000008ac00000, 0x000000008ad00000|  0%| F|  |TAMS 0x000000008ac00000, 0x000000008ac00000| Untracked 
| 173|0x000000008ad00000, 0x000000008ad00000, 0x000000008ae00000|  0%| F|  |TAMS 0x000000008ad00000, 0x000000008ad00000| Untracked 
| 174|0x000000008ae00000, 0x000000008ae00000, 0x000000008af00000|  0%| F|  |TAMS 0x000000008ae00000, 0x000000008ae00000| Untracked 
| 175|0x000000008af00000, 0x000000008b000000, 0x000000008b000000|100%| E|  |TAMS 0x000000008af00000, 0x000000008af00000| Complete 
| 176|0x000000008b000000, 0x000000008b100000, 0x000000008b100000|100%| E|CS|TAMS 0x000000008b000000, 0x000000008b000000| Complete 
| 177|0x000000008b100000, 0x000000008b200000, 0x000000008b200000|100%| E|CS|TAMS 0x000000008b100000, 0x000000008b100000| Complete 
| 178|0x000000008b200000, 0x000000008b300000, 0x000000008b300000|100%| E|CS|TAMS 0x000000008b200000, 0x000000008b200000| Complete 
| 179|0x000000008b300000, 0x000000008b400000, 0x000000008b400000|100%| E|CS|TAMS 0x000000008b300000, 0x000000008b300000| Complete 
| 180|0x000000008b400000, 0x000000008b500000, 0x000000008b500000|100%| E|CS|TAMS 0x000000008b400000, 0x000000008b400000| Complete 
| 181|0x000000008b500000, 0x000000008b600000, 0x000000008b600000|100%| E|CS|TAMS 0x000000008b500000, 0x000000008b500000| Complete 
| 182|0x000000008b600000, 0x000000008b700000, 0x000000008b700000|100%| E|CS|TAMS 0x000000008b600000, 0x000000008b600000| Complete 
| 183|0x000000008b700000, 0x000000008b800000, 0x000000008b800000|100%| E|CS|TAMS 0x000000008b700000, 0x000000008b700000| Complete 
| 184|0x000000008b800000, 0x000000008b900000, 0x000000008b900000|100%| E|CS|TAMS 0x000000008b800000, 0x000000008b800000| Complete 
| 185|0x000000008b900000, 0x000000008ba00000, 0x000000008ba00000|100%| E|CS|TAMS 0x000000008b900000, 0x000000008b900000| Complete 
| 186|0x000000008ba00000, 0x000000008bb00000, 0x000000008bb00000|100%| E|CS|TAMS 0x000000008ba00000, 0x000000008ba00000| Complete 

Card table byte_map: [0x0000020b1fc70000,0x0000020b20070000] _byte_map_base: 0x0000020b1f870000

Marking Bits (Prev, Next): (CMBitMap*) 0x0000020b0b1bd740, (CMBitMap*) 0x0000020b0b1bd700
 Prev Bits: [0x0000020b22470000, 0x0000020b24470000)
 Next Bits: [0x0000020b20470000, 0x0000020b22470000)

Polling page: 0x0000020b0b220000

Metaspace:

Usage:
  Non-class:     68.61 MB used.
      Class:     10.51 MB used.
       Both:     79.12 MB used.

Virtual space:
  Non-class space:       72.00 MB reserved,      69.00 MB ( 96%) committed,  9 nodes.
      Class space:        1.00 GB reserved,      10.81 MB (  1%) committed,  1 nodes.
             Both:        1.07 GB reserved,      79.81 MB (  7%) committed. 

Chunk freelists:
   Non-Class:  2.86 MB
       Class:  1.14 MB
        Both:  4.00 MB

MaxMetaspaceSize: unlimited
CompressedClassSpaceSize: 1.00 GB
Initial GC threshold: 21.00 MB
Current GC threshold: 111.69 MB
CDS: off
MetaspaceReclaimPolicy: balanced
 - commit_granule_bytes: 65536.
 - commit_granule_words: 8192.
 - virtual_space_node_default_size: 1048576.
 - enlarge_chunks_in_place: 1.
 - new_chunks_are_fully_committed: 0.
 - uncommit_free_chunks: 1.
 - use_allocation_guard: 0.
 - handle_deallocations: 1.


Internal statistics:

num_allocs_failed_limit: 3.
num_arena_births: 844.
num_arena_deaths: 0.
num_vsnodes_births: 10.
num_vsnodes_deaths: 0.
num_space_committed: 1277.
num_space_uncommitted: 0.
num_chunks_returned_to_freelist: 3.
num_chunks_taken_from_freelist: 3676.
num_chunk_merges: 3.
num_chunk_splits: 2480.
num_chunks_enlarged: 1716.
num_purges: 0.
num_inconsistent_stats: 0.

CodeHeap 'non-profiled nmethods': size=120000Kb used=4062Kb max_used=4062Kb free=115937Kb
 bounds [0x0000020b178c0000, 0x0000020b17cc0000, 0x0000020b1edf0000]
CodeHeap 'profiled nmethods': size=120000Kb used=13966Kb max_used=13966Kb free=106033Kb
 bounds [0x0000020b0fdf0000, 0x0000020b10ba0000, 0x0000020b17320000]
CodeHeap 'non-nmethods': size=5760Kb used=2373Kb max_used=2406Kb free=3386Kb
 bounds [0x0000020b17320000, 0x0000020b17590000, 0x0000020b178c0000]
 total_blobs=8166 nmethods=7259 adapters=819
 compilation: enabled
              stopped_count=0, restarted_count=0
 full_count=0

Compilation events (20 events):
Event: 13.237 Thread 0x0000020b2784f7d0 8076       3       org.gradle.api.internal.plugins.DefaultPluginRegistry$PluginIdLookupCacheKey::equals (63 bytes)
Event: 13.237 Thread 0x0000020b2784f7d0 nmethod 8076 0x0000020b10b85a10 code [0x0000020b10b85c00, 0x0000020b10b86178]
Event: 13.294 Thread 0x0000020b2784b920 nmethod 8001 0x0000020b17caee10 code [0x0000020b17caf320, 0x0000020b17cb3ee8]
Event: 13.294 Thread 0x0000020b2784b920 8051       4       jdk.internal.loader.URLClassPath::getResource (74 bytes)
Event: 13.316 Thread 0x0000020b2784f7d0 8077       3       java.util.regex.Matcher::appendTail (19 bytes)
Event: 13.316 Thread 0x0000020b2784f7d0 nmethod 8077 0x0000020b10b86310 code [0x0000020b10b864e0, 0x0000020b10b867d8]
Event: 13.325 Thread 0x0000020b2784f7d0 8078       3       com.google.common.cache.LocalCache::createSegment (13 bytes)
Event: 13.325 Thread 0x0000020b2784f7d0 nmethod 8078 0x0000020b10b86990 code [0x0000020b10b86b40, 0x0000020b10b86d08]
Event: 13.325 Thread 0x0000020b2784f7d0 8079       3       com.google.common.cache.LocalCache$Segment::<init> (163 bytes)
Event: 13.326 Thread 0x0000020b2784f7d0 nmethod 8079 0x0000020b10b86e10 code [0x0000020b10b87240, 0x0000020b10b89888]
Event: 13.326 Thread 0x0000020b2784f7d0 8080       3       java.lang.invoke.StringConcatFactory::parseRecipe (198 bytes)
Event: 13.329 Thread 0x0000020b2784f7d0 nmethod 8080 0x0000020b10b8a310 code [0x0000020b10b8a7a0, 0x0000020b10b8cb18]
Event: 13.331 Thread 0x0000020b2784f7d0 8081       3       java.lang.invoke.BoundMethodHandle$Species_L::speciesData (4 bytes)
Event: 13.331 Thread 0x0000020b2784f7d0 nmethod 8081 0x0000020b10b8d990 code [0x0000020b10b8db20, 0x0000020b10b8dc38]
Event: 13.353 Thread 0x0000020b2784f7d0 8082       3       kotlin.collections.SetsKt__SetsKt::emptySet (7 bytes)
Event: 13.353 Thread 0x0000020b2784f7d0 nmethod 8082 0x0000020b10b8dd10 code [0x0000020b10b8dea0, 0x0000020b10b8df98]
Event: 13.389 Thread 0x0000020b2784f7d0 8083       3       org.gradle.internal.instantiation.generator.AbstractClassGenerator$ExtensibleTypePropertyHandler::applyTo (228 bytes)
Event: 13.391 Thread 0x0000020b2784f7d0 nmethod 8083 0x0000020b10b8e010 code [0x0000020b10b8e3e0, 0x0000020b10b90098]
Event: 13.392 Thread 0x0000020b2784f7d0 8084       3       org.gradle.api.internal.provider.DefaultProvider::<init> (10 bytes)
Event: 13.392 Thread 0x0000020b2784f7d0 nmethod 8084 0x0000020b10b90910 code [0x0000020b10b90ac0, 0x0000020b10b90cd8]

GC Heap History (20 events):
Event: 8.577 GC heap before
{Heap before GC invocations=25 (full 0):
 garbage-first heap   total 161792K, used 76154K [0x0000000080000000, 0x0000000100000000)
  region size 1024K, 7 young (7168K), 3 survivors (3072K)
 Metaspace       used 54015K, committed 54656K, reserved 1097728K
  class space    used 7267K, committed 7552K, reserved 1048576K
}
Event: 8.581 GC heap after
{Heap after GC invocations=26 (full 0):
 garbage-first heap   total 161792K, used 71933K [0x0000000080000000, 0x0000000100000000)
  region size 1024K, 1 young (1024K), 1 survivors (1024K)
 Metaspace       used 54015K, committed 54656K, reserved 1097728K
  class space    used 7267K, committed 7552K, reserved 1048576K
}
Event: 9.745 GC heap before
{Heap before GC invocations=26 (full 0):
 garbage-first heap   total 161792K, used 120061K [0x0000000080000000, 0x0000000100000000)
  region size 1024K, 49 young (50176K), 1 survivors (1024K)
 Metaspace       used 56405K, committed 57024K, reserved 1105920K
  class space    used 7573K, committed 7872K, reserved 1048576K
}
Event: 9.750 GC heap after
{Heap after GC invocations=27 (full 0):
 garbage-first heap   total 161792K, used 76007K [0x0000000080000000, 0x0000000100000000)
  region size 1024K, 5 young (5120K), 5 survivors (5120K)
 Metaspace       used 56405K, committed 57024K, reserved 1105920K
  class space    used 7573K, committed 7872K, reserved 1048576K
}
Event: 9.763 GC heap before
{Heap before GC invocations=27 (full 0):
 garbage-first heap   total 161792K, used 77031K [0x0000000080000000, 0x0000000100000000)
  region size 1024K, 7 young (7168K), 5 survivors (5120K)
 Metaspace       used 56420K, committed 57088K, reserved 1105920K
  class space    used 7574K, committed 7872K, reserved 1048576K
}
Event: 9.766 GC heap after
{Heap after GC invocations=28 (full 0):
 garbage-first heap   total 161792K, used 76603K [0x0000000080000000, 0x0000000100000000)
  region size 1024K, 1 young (1024K), 1 survivors (1024K)
 Metaspace       used 56420K, committed 57088K, reserved 1105920K
  class space    used 7574K, committed 7872K, reserved 1048576K
}
Event: 10.675 GC heap before
{Heap before GC invocations=29 (full 0):
 garbage-first heap   total 161792K, used 138043K [0x0000000080000000, 0x0000000100000000)
  region size 1024K, 51 young (52224K), 1 survivors (1024K)
 Metaspace       used 62964K, committed 63616K, reserved 1105920K
  class space    used 8362K, committed 8640K, reserved 1048576K
}
Event: 10.679 GC heap after
{Heap after GC invocations=30 (full 0):
 garbage-first heap   total 161792K, used 92974K [0x0000000080000000, 0x0000000100000000)
  region size 1024K, 7 young (7168K), 7 survivors (7168K)
 Metaspace       used 62964K, committed 63616K, reserved 1105920K
  class space    used 8362K, committed 8640K, reserved 1048576K
}
Event: 10.703 GC heap before
{Heap before GC invocations=30 (full 0):
 garbage-first heap   total 161792K, used 93998K [0x0000000080000000, 0x0000000100000000)
  region size 1024K, 8 young (8192K), 7 survivors (7168K)
 Metaspace       used 63113K, committed 63744K, reserved 1105920K
  class space    used 8378K, committed 8640K, reserved 1048576K
}
Event: 10.707 GC heap after
{Heap after GC invocations=31 (full 0):
 garbage-first heap   total 161792K, used 93163K [0x0000000080000000, 0x0000000100000000)
  region size 1024K, 1 young (1024K), 1 survivors (1024K)
 Metaspace       used 63113K, committed 63744K, reserved 1105920K
  class space    used 8378K, committed 8640K, reserved 1048576K
}
Event: 11.267 GC heap before
{Heap before GC invocations=31 (full 0):
 garbage-first heap   total 161792K, used 117739K [0x0000000080000000, 0x0000000100000000)
  region size 1024K, 26 young (26624K), 1 survivors (1024K)
 Metaspace       used 67862K, committed 68544K, reserved 1114112K
  class space    used 9011K, committed 9344K, reserved 1048576K
}
Event: 11.270 GC heap after
{Heap after GC invocations=32 (full 0):
 garbage-first heap   total 161792K, used 95274K [0x0000000080000000, 0x0000000100000000)
  region size 1024K, 3 young (3072K), 3 survivors (3072K)
 Metaspace       used 67862K, committed 68544K, reserved 1114112K
  class space    used 9011K, committed 9344K, reserved 1048576K
}
Event: 11.686 GC heap before
{Heap before GC invocations=33 (full 0):
 garbage-first heap   total 191488K, used 137258K [0x0000000080000000, 0x0000000100000000)
  region size 1024K, 38 young (38912K), 3 survivors (3072K)
 Metaspace       used 70151K, committed 70784K, reserved 1114112K
  class space    used 9319K, committed 9600K, reserved 1048576K
}
Event: 11.691 GC heap after
{Heap after GC invocations=34 (full 0):
 garbage-first heap   total 191488K, used 98239K [0x0000000080000000, 0x0000000100000000)
  region size 1024K, 5 young (5120K), 5 survivors (5120K)
 Metaspace       used 70151K, committed 70784K, reserved 1114112K
  class space    used 9319K, committed 9600K, reserved 1048576K
}
Event: 11.732 GC heap before
{Heap before GC invocations=34 (full 0):
 garbage-first heap   total 191488K, used 102335K [0x0000000080000000, 0x0000000100000000)
  region size 1024K, 9 young (9216K), 5 survivors (5120K)
 Metaspace       used 70457K, committed 71104K, reserved 1114112K
  class space    used 9356K, committed 9664K, reserved 1048576K
}
Event: 11.736 GC heap after
{Heap after GC invocations=35 (full 0):
 garbage-first heap   total 191488K, used 98743K [0x0000000080000000, 0x0000000100000000)
  region size 1024K, 1 young (1024K), 1 survivors (1024K)
 Metaspace       used 70457K, committed 71104K, reserved 1114112K
  class space    used 9356K, committed 9664K, reserved 1048576K
}
Event: 12.647 GC heap before
{Heap before GC invocations=35 (full 0):
 garbage-first heap   total 191488K, used 147895K [0x0000000080000000, 0x0000000100000000)
  region size 1024K, 49 young (50176K), 1 survivors (1024K)
 Metaspace       used 76000K, committed 76736K, reserved 1122304K
  class space    used 10107K, committed 10432K, reserved 1048576K
}
Event: 12.652 GC heap after
{Heap after GC invocations=36 (full 0):
 garbage-first heap   total 191488K, used 101212K [0x0000000080000000, 0x0000000100000000)
  region size 1024K, 4 young (4096K), 4 survivors (4096K)
 Metaspace       used 76000K, committed 76736K, reserved 1122304K
  class space    used 10107K, committed 10432K, reserved 1048576K
}
Event: 13.266 GC heap before
{Heap before GC invocations=36 (full 0):
 garbage-first heap   total 191488K, used 149340K [0x0000000080000000, 0x0000000100000000)
  region size 1024K, 52 young (53248K), 4 survivors (4096K)
 Metaspace       used 79624K, committed 80320K, reserved 1122304K
  class space    used 10565K, committed 10880K, reserved 1048576K
}
Event: 13.273 GC heap after
{Heap after GC invocations=37 (full 0):
 garbage-first heap   total 191488K, used 106226K [0x0000000080000000, 0x0000000100000000)
  region size 1024K, 7 young (7168K), 7 survivors (7168K)
 Metaspace       used 79624K, committed 80320K, reserved 1122304K
  class space    used 10565K, committed 10880K, reserved 1048576K
}

Dll operation events (2 events):
Event: 0.009 Loaded shared library C:\Program Files\Android\Android Studio\jbr\bin\java.dll
Event: 0.411 Loaded shared library C:\Program Files\Android\Android Studio\jbr\bin\verify.dll

Deoptimization events (20 events):
Event: 13.183 Thread 0x0000020b2a8cd830 Uncommon trap: trap_request=0xffffff45 fr.pc=0x0000020b179a9ff4 relative=0x0000000000000634
Event: 13.183 Thread 0x0000020b2a8cd830 Uncommon trap: reason=unstable_if action=reinterpret pc=0x0000020b179a9ff4 method=java.lang.String.regionMatches(ZILjava/lang/String;II)Z @ 36 c2
Event: 13.183 Thread 0x0000020b2a8cd830 DEOPT PACKING pc=0x0000020b179a9ff4 sp=0x000000afc9df7b50
Event: 13.183 Thread 0x0000020b2a8cd830 DEOPT UNPACKING pc=0x0000020b173769a3 sp=0x000000afc9df7ac8 mode 2
Event: 13.190 Thread 0x0000020b2a8cd830 Uncommon trap: trap_request=0xffffffde fr.pc=0x0000020b17a89e58 relative=0x0000000000005398
Event: 13.190 Thread 0x0000020b2a8cd830 Uncommon trap: reason=class_check action=maybe_recompile pc=0x0000020b17a89e58 method=jdk.internal.loader.URLClassPath.getLoader(I)Ljdk/internal/loader/URLClassPath$Loader; @ 190 c2
Event: 13.190 Thread 0x0000020b2a8cd830 DEOPT PACKING pc=0x0000020b17a89e58 sp=0x000000afc9df7e80
Event: 13.190 Thread 0x0000020b2a8cd830 DEOPT UNPACKING pc=0x0000020b173769a3 sp=0x000000afc9df7ea0 mode 2
Event: 13.190 Thread 0x0000020b2a8cd830 Uncommon trap: trap_request=0xffffffde fr.pc=0x0000020b17ab5880 relative=0x00000000000005a0
Event: 13.190 Thread 0x0000020b2a8cd830 Uncommon trap: reason=class_check action=maybe_recompile pc=0x0000020b17ab5880 method=jdk.internal.loader.URLClassPath.getResource(Ljava/lang/String;Z)Ljdk/internal/loader/Resource; @ 53 c2
Event: 13.190 Thread 0x0000020b2a8cd830 DEOPT PACKING pc=0x0000020b17ab5880 sp=0x000000afc9df7f70
Event: 13.190 Thread 0x0000020b2a8cd830 DEOPT UNPACKING pc=0x0000020b173769a3 sp=0x000000afc9df7f30 mode 2
Event: 13.193 Thread 0x0000020b2a8cd830 Uncommon trap: trap_request=0xffffffde fr.pc=0x0000020b17a89e58 relative=0x0000000000005398
Event: 13.193 Thread 0x0000020b2a8cd830 Uncommon trap: reason=class_check action=maybe_recompile pc=0x0000020b17a89e58 method=jdk.internal.loader.URLClassPath.getLoader(I)Ljdk/internal/loader/URLClassPath$Loader; @ 190 c2
Event: 13.193 Thread 0x0000020b2a8cd830 DEOPT PACKING pc=0x0000020b17a89e58 sp=0x000000afc9df7e80
Event: 13.193 Thread 0x0000020b2a8cd830 DEOPT UNPACKING pc=0x0000020b173769a3 sp=0x000000afc9df7ea0 mode 2
Event: 13.193 Thread 0x0000020b2a8cd830 Uncommon trap: trap_request=0xffffffde fr.pc=0x0000020b17ab5880 relative=0x00000000000005a0
Event: 13.193 Thread 0x0000020b2a8cd830 Uncommon trap: reason=class_check action=maybe_recompile pc=0x0000020b17ab5880 method=jdk.internal.loader.URLClassPath.getResource(Ljava/lang/String;Z)Ljdk/internal/loader/Resource; @ 53 c2
Event: 13.193 Thread 0x0000020b2a8cd830 DEOPT PACKING pc=0x0000020b17ab5880 sp=0x000000afc9df7f70
Event: 13.193 Thread 0x0000020b2a8cd830 DEOPT UNPACKING pc=0x0000020b173769a3 sp=0x000000afc9df7f30 mode 2

Classes unloaded (0 events):
No events

Classes redefined (0 events):
No events

Internal exceptions (20 events):
Event: 12.112 Thread 0x0000020b2a8cd830 Exception <a 'java/lang/ClassNotFoundException'{0x000000008a4c5898}: org/gradle/api/plugins/internal/DefaultBasePluginConventionCustomizer> (0x000000008a4c5898) 
thrown [s\src\hotspot\share\classfile\systemDictionary.cpp, line 256]
Event: 12.114 Thread 0x0000020b2a8cd830 Exception <a 'java/lang/ClassNotFoundException'{0x000000008a4ee528}: org/gradle/api/plugins/internal/DefaultBasePluginConvention_DecoratedCustomizer> (0x000000008a4ee528) 
thrown [s\src\hotspot\share\classfile\systemDictionary.cpp, line 256]
Event: 12.118 Thread 0x0000020b2a8cd830 Exception <a 'java/lang/ClassNotFoundException'{0x000000008a35c950}: org/gradle/api/plugins/internal/DefaultJavaPluginConvention_DecoratedBeanInfo> (0x000000008a35c950) 
thrown [s\src\hotspot\share\classfile\systemDictionary.cpp, line 256]
Event: 12.119 Thread 0x0000020b2a8cd830 Exception <a 'java/lang/ClassNotFoundException'{0x000000008a3740a8}: org/gradle/api/plugins/internal/DefaultJavaPluginConventionBeanInfo> (0x000000008a3740a8) 
thrown [s\src\hotspot\share\classfile\systemDictionary.cpp, line 256]
Event: 12.120 Thread 0x0000020b2a8cd830 Exception <a 'java/lang/ClassNotFoundException'{0x000000008a38bb78}: org/gradle/api/plugins/JavaPluginConventionBeanInfo> (0x000000008a38bb78) 
thrown [s\src\hotspot\share\classfile\systemDictionary.cpp, line 256]
Event: 12.121 Thread 0x0000020b2a8cd830 Exception <a 'java/lang/ClassNotFoundException'{0x000000008a3a2bc0}: org/gradle/api/plugins/JavaPluginConventionCustomizer> (0x000000008a3a2bc0) 
thrown [s\src\hotspot\share\classfile\systemDictionary.cpp, line 256]
Event: 12.122 Thread 0x0000020b2a8cd830 Exception <a 'java/lang/ClassNotFoundException'{0x000000008a3cdb48}: org/gradle/api/plugins/internal/DefaultJavaPluginConventionCustomizer> (0x000000008a3cdb48) 
thrown [s\src\hotspot\share\classfile\systemDictionary.cpp, line 256]
Event: 12.123 Thread 0x0000020b2a8cd830 Exception <a 'java/lang/ClassNotFoundException'{0x000000008a20ae68}: org/gradle/api/plugins/internal/DefaultJavaPluginConvention_DecoratedCustomizer> (0x000000008a20ae68) 
thrown [s\src\hotspot\share\classfile\systemDictionary.cpp, line 256]
Event: 12.398 Thread 0x0000020b2a8cd830 Exception <a 'java/lang/ClassNotFoundException'{0x00000000896c5c10}: org/jetbrains/kotlin/gradle/targets/js/npm/DefaultNpmDependencyExtensionBeanInfo> (0x00000000896c5c10) 
thrown [s\src\hotspot\share\classfile\systemDictionary.cpp, line 256]
Event: 12.399 Thread 0x0000020b2a8cd830 Exception <a 'java/lang/ClassNotFoundException'{0x00000000896d1280}: org/jetbrains/kotlin/gradle/targets/js/npm/DefaultNpmDependencyExtensionCustomizer> (0x00000000896d1280) 
thrown [s\src\hotspot\share\classfile\systemDictionary.cpp, line 256]
Event: 12.405 Thread 0x0000020b2a8cd830 Exception <a 'java/lang/ClassNotFoundException'{0x000000008953ae68}: org/jetbrains/kotlin/gradle/targets/js/npm/NpmDependencyExtensionKt$defaultNpmDependencyDelegate$1BeanInfo> (0x000000008953ae68) 
thrown [s\src\hotspot\share\classfile\systemDictionary.cpp, line 256]
Event: 12.405 Thread 0x0000020b2a8cd830 Exception <a 'java/lang/ClassNotFoundException'{0x0000000089546520}: org/jetbrains/kotlin/gradle/targets/js/npm/NpmDependencyExtensionDelegateBeanInfo> (0x0000000089546520) 
thrown [s\src\hotspot\share\classfile\systemDictionary.cpp, line 256]
Event: 12.405 Thread 0x0000020b2a8cd830 Exception <a 'java/lang/ClassNotFoundException'{0x0000000089551ba0}: org/jetbrains/kotlin/gradle/targets/js/npm/NpmDependencyExtensionDelegateCustomizer> (0x0000000089551ba0) 
thrown [s\src\hotspot\share\classfile\systemDictionary.cpp, line 256]
Event: 12.407 Thread 0x0000020b2a8cd830 Exception <a 'java/lang/ClassNotFoundException'{0x0000000089574f18}: org/jetbrains/kotlin/gradle/targets/js/npm/NpmDependencyExtensionKt$defaultNpmDependencyDelegate$1Customizer> (0x0000000089574f18) 
thrown [s\src\hotspot\share\classfile\systemDictionary.cpp, line 256]
Event: 12.410 Thread 0x0000020b2a8cd830 Exception <a 'java/lang/ClassNotFoundException'{0x00000000895a90e8}: org/jetbrains/kotlin/gradle/targets/js/npm/DefaultDevNpmDependencyExtensionBeanInfo> (0x00000000895a90e8) 
thrown [s\src\hotspot\share\classfile\systemDictionary.cpp, line 256]
Event: 12.410 Thread 0x0000020b2a8cd830 Exception <a 'java/lang/ClassNotFoundException'{0x00000000895b4770}: org/jetbrains/kotlin/gradle/targets/js/npm/DefaultDevNpmDependencyExtensionCustomizer> (0x00000000895b4770) 
thrown [s\src\hotspot\share\classfile\systemDictionary.cpp, line 256]
Event: 12.415 Thread 0x0000020b2a8cd830 Exception <a 'java/lang/ClassNotFoundException'{0x00000000895ed1d8}: org/jetbrains/kotlin/gradle/targets/js/npm/DefaultPeerNpmDependencyExtensionBeanInfo> (0x00000000895ed1d8) 
thrown [s\src\hotspot\share\classfile\systemDictionary.cpp, line 256]
Event: 12.415 Thread 0x0000020b2a8cd830 Exception <a 'java/lang/ClassNotFoundException'{0x00000000895f8890}: org/jetbrains/kotlin/gradle/targets/js/npm/DefaultPeerNpmDependencyExtensionCustomizer> (0x00000000895f8890) 
thrown [s\src\hotspot\share\classfile\systemDictionary.cpp, line 256]
Event: 12.419 Thread 0x0000020b2a8cd830 Exception <a 'java/lang/ClassNotFoundException'{0x00000000894376b0}: org/jetbrains/kotlin/gradle/targets/js/npm/DefaultPeerNpmDependencyExtension$delegate$1BeanInfo> (0x00000000894376b0) 
thrown [s\src\hotspot\share\classfile\systemDictionary.cpp, line 256]
Event: 12.419 Thread 0x0000020b2a8cd830 Exception <a 'java/lang/ClassNotFoundException'{0x0000000089442f30}: org/jetbrains/kotlin/gradle/targets/js/npm/DefaultPeerNpmDependencyExtension$delegate$1Customizer> (0x0000000089442f30) 
thrown [s\src\hotspot\share\classfile\systemDictionary.cpp, line 256]

VM Operations (20 events):
Event: 11.325 Executing VM operation: G1Concurrent
Event: 11.325 Executing VM operation: G1Concurrent done
Event: 11.686 Executing VM operation: G1CollectForAllocation
Event: 11.691 Executing VM operation: G1CollectForAllocation done
Event: 11.732 Executing VM operation: G1CollectForAllocation
Event: 11.736 Executing VM operation: G1CollectForAllocation done
Event: 11.916 Executing VM operation: HandshakeAllThreads
Event: 11.916 Executing VM operation: HandshakeAllThreads done
Event: 12.003 Executing VM operation: HandshakeAllThreads
Event: 12.003 Executing VM operation: HandshakeAllThreads done
Event: 12.102 Executing VM operation: HandshakeAllThreads
Event: 12.102 Executing VM operation: HandshakeAllThreads done
Event: 12.105 Executing VM operation: ICBufferFull
Event: 12.106 Executing VM operation: ICBufferFull done
Event: 12.647 Executing VM operation: G1CollectForAllocation
Event: 12.652 Executing VM operation: G1CollectForAllocation done
Event: 13.245 Executing VM operation: HandshakeAllThreads
Event: 13.245 Executing VM operation: HandshakeAllThreads done
Event: 13.266 Executing VM operation: G1CollectForAllocation
Event: 13.273 Executing VM operation: G1CollectForAllocation done

Events (20 events):
Event: 11.951 loading class java/text/ParsePosition done
Event: 11.957 loading class java/text/CharacterIterator
Event: 11.958 loading class java/text/CharacterIterator done
Event: 11.992 loading class java/util/concurrent/LinkedBlockingDeque$Itr
Event: 11.993 loading class java/util/concurrent/LinkedBlockingDeque$AbstractItr
Event: 11.993 loading class java/util/concurrent/LinkedBlockingDeque$AbstractItr done
Event: 11.993 loading class java/util/concurrent/LinkedBlockingDeque$Itr done
Event: 12.005 loading class java/time/format/DateTimeFormatterBuilder$WeekBasedFieldPrinterParser
Event: 12.005 loading class java/time/format/DateTimeFormatterBuilder$WeekBasedFieldPrinterParser done
Event: 12.015 loading class com/sun/jmx/mbeanserver/StandardMBeanSupport
Event: 12.016 loading class com/sun/jmx/mbeanserver/StandardMBeanSupport done
Event: 12.016 loading class com/sun/jmx/mbeanserver/StandardMBeanIntrospector
Event: 12.016 loading class com/sun/jmx/mbeanserver/StandardMBeanIntrospector done
Event: 12.597 Thread 0x0000020b2ad573d0 Thread exited: 0x0000020b2ad573d0
Event: 12.888 loading class java/util/ArrayList$SubList$1
Event: 12.888 loading class java/util/ArrayList$SubList$1 done
Event: 13.174 loading class jdk/internal/loader/URLClassPath$FileLoader
Event: 13.174 loading class jdk/internal/loader/URLClassPath$FileLoader done
Event: 13.175 loading class jdk/internal/loader/URLClassPath$FileLoader$1
Event: 13.175 loading class jdk/internal/loader/URLClassPath$FileLoader$1 done


Dynamic libraries:
0x00007ff7be870000 - 0x00007ff7be87a000 	C:\Program Files\Android\Android Studio\jbr\bin\java.exe
0x00007ff9850b0000 - 0x00007ff9852c6000 	C:\WINDOWS\SYSTEM32\ntdll.dll
0x00007ff9844b0000 - 0x00007ff984574000 	C:\WINDOWS\System32\KERNEL32.DLL
0x00007ff982a50000 - 0x00007ff982df6000 	C:\WINDOWS\System32\KERNELBASE.dll
0x00007ff9827c0000 - 0x00007ff9828d1000 	C:\WINDOWS\System32\ucrtbase.dll
0x00007ff97dd30000 - 0x00007ff97dd4b000 	C:\Program Files\Android\Android Studio\jbr\bin\VCRUNTIME140.dll
0x00007ff969eb0000 - 0x00007ff969ec7000 	C:\Program Files\Android\Android Studio\jbr\bin\jli.dll
0x00007ff9840a0000 - 0x00007ff98424d000 	C:\WINDOWS\System32\USER32.dll
0x00007ff982790000 - 0x00007ff9827b6000 	C:\WINDOWS\System32\win32u.dll
0x00007ff9787e0000 - 0x00007ff978a73000 	C:\WINDOWS\WinSxS\amd64_microsoft.windows.common-controls_6595b64144ccf1df_6.0.22621.3235_none_270f74e173860f98\COMCTL32.dll
0x00007ff982fe0000 - 0x00007ff983009000 	C:\WINDOWS\System32\GDI32.dll
0x00007ff982f30000 - 0x00007ff982fd7000 	C:\WINDOWS\System32\msvcrt.dll
0x00007ff982670000 - 0x00007ff982788000 	C:\WINDOWS\System32\gdi32full.dll
0x00007ff982550000 - 0x00007ff9825ea000 	C:\WINDOWS\System32\msvcp_win.dll
0x00007ff983010000 - 0x00007ff983041000 	C:\WINDOWS\System32\IMM32.DLL
0x00007ff97dd20000 - 0x00007ff97dd2c000 	C:\Program Files\Android\Android Studio\jbr\bin\vcruntime140_1.dll
0x00007ff948060000 - 0x00007ff9480ed000 	C:\Program Files\Android\Android Studio\jbr\bin\msvcp140.dll
0x00007ff8f2620000 - 0x00007ff8f328e000 	C:\Program Files\Android\Android Studio\jbr\bin\server\jvm.dll
0x00007ff984590000 - 0x00007ff984642000 	C:\WINDOWS\System32\ADVAPI32.dll
0x00007ff984fc0000 - 0x00007ff985068000 	C:\WINDOWS\System32\sechost.dll
0x00007ff982520000 - 0x00007ff982548000 	C:\WINDOWS\System32\bcrypt.dll
0x00007ff984ae0000 - 0x00007ff984bf5000 	C:\WINDOWS\System32\RPCRT4.dll
0x00007ff97b0a0000 - 0x00007ff97b0d4000 	C:\WINDOWS\SYSTEM32\WINMM.dll
0x00007ff965ad0000 - 0x00007ff965ad9000 	C:\WINDOWS\SYSTEM32\WSOCK32.dll
0x00007ff9794f0000 - 0x00007ff9794fa000 	C:\WINDOWS\SYSTEM32\VERSION.dll
0x00007ff983050000 - 0x00007ff9830c1000 	C:\WINDOWS\System32\WS2_32.dll
0x00007ff981430000 - 0x00007ff981448000 	C:\WINDOWS\SYSTEM32\kernel.appcore.dll
0x00007ff97dd00000 - 0x00007ff97dd0a000 	C:\Program Files\Android\Android Studio\jbr\bin\jimage.dll
0x00007ff971f00000 - 0x00007ff972133000 	C:\WINDOWS\SYSTEM32\DBGHELP.DLL
0x00007ff983290000 - 0x00007ff983618000 	C:\WINDOWS\System32\combase.dll
0x00007ff983f50000 - 0x00007ff984027000 	C:\WINDOWS\System32\OLEAUT32.dll
0x00007ff978bb0000 - 0x00007ff978be2000 	C:\WINDOWS\SYSTEM32\dbgcore.DLL
0x00007ff9825f0000 - 0x00007ff98266a000 	C:\WINDOWS\System32\bcryptPrimitives.dll
0x00007ff97dcd0000 - 0x00007ff97dcf5000 	C:\Program Files\Android\Android Studio\jbr\bin\java.dll
0x00007ff97dc10000 - 0x00007ff97dc28000 	C:\Program Files\Android\Android Studio\jbr\bin\zip.dll
0x00007ff9836f0000 - 0x00007ff983f4d000 	C:\WINDOWS\System32\SHELL32.dll
0x00007ff980350000 - 0x00007ff980c48000 	C:\WINDOWS\SYSTEM32\windows.storage.dll
0x00007ff980210000 - 0x00007ff98034e000 	C:\WINDOWS\SYSTEM32\wintypes.dll
0x00007ff9843b0000 - 0x00007ff9844a3000 	C:\WINDOWS\System32\SHCORE.dll
0x00007ff984040000 - 0x00007ff98409e000 	C:\WINDOWS\System32\shlwapi.dll
0x00007ff982320000 - 0x00007ff982346000 	C:\WINDOWS\SYSTEM32\profapi.dll
0x00007ff979740000 - 0x00007ff979759000 	C:\Program Files\Android\Android Studio\jbr\bin\net.dll
0x00007ff97ca30000 - 0x00007ff97cb67000 	C:\WINDOWS\SYSTEM32\WINHTTP.dll
0x00007ff981920000 - 0x00007ff981989000 	C:\WINDOWS\system32\mswsock.dll
0x00007ff96a110000 - 0x00007ff96a126000 	C:\Program Files\Android\Android Studio\jbr\bin\nio.dll
0x00007ff9716d0000 - 0x00007ff9716e0000 	C:\Program Files\Android\Android Studio\jbr\bin\verify.dll
0x00007ff9600d0000 - 0x00007ff9600f7000 	C:\Users\23480\.gradle\native\68d5fa5c4cc2d200863cafc0d521ce42e7d3e7ee720ec0a83991735586a16f82\windows-amd64\native-platform.dll
0x00007ff906290000 - 0x00007ff9063d4000 	C:\Users\23480\.gradle\native\e376f236ea51e6404a007f0833ffe2c6e607c4080706a723a18a27aeea778392\windows-amd64\native-platform-file-events.dll
0x00007ff9698d0000 - 0x00007ff9698d9000 	C:\Program Files\Android\Android Studio\jbr\bin\management.dll
0x00007ff969840000 - 0x00007ff96984b000 	C:\Program Files\Android\Android Studio\jbr\bin\management_ext.dll
0x00007ff984da0000 - 0x00007ff984da8000 	C:\WINDOWS\System32\PSAPI.DLL
0x00007ff981b70000 - 0x00007ff981b8b000 	C:\WINDOWS\SYSTEM32\CRYPTSP.dll
0x00007ff981390000 - 0x00007ff9813c5000 	C:\WINDOWS\system32\rsaenh.dll
0x00007ff981a10000 - 0x00007ff981a3c000 	C:\WINDOWS\SYSTEM32\USERENV.dll
0x00007ff981b90000 - 0x00007ff981b9c000 	C:\WINDOWS\SYSTEM32\CRYPTBASE.dll
0x00007ff980eb0000 - 0x00007ff980edd000 	C:\WINDOWS\SYSTEM32\IPHLPAPI.DLL
0x00007ff984650000 - 0x00007ff984659000 	C:\WINDOWS\System32\NSI.dll
0x00007ff97ca10000 - 0x00007ff97ca29000 	C:\WINDOWS\SYSTEM32\dhcpcsvc6.DLL
0x00007ff97c9f0000 - 0x00007ff97ca0f000 	C:\WINDOWS\SYSTEM32\dhcpcsvc.DLL
0x00007ff980f20000 - 0x00007ff981019000 	C:\WINDOWS\SYSTEM32\DNSAPI.dll
0x00007ff923540000 - 0x00007ff923548000 	C:\WINDOWS\system32\wshunix.dll

dbghelp: loaded successfully - version: 4.0.5 - missing functions: none
symbol engine: initialized successfully - sym options: 0x614 - pdb path: .;C:\Program Files\Android\Android Studio\jbr\bin;C:\WINDOWS\SYSTEM32;C:\WINDOWS\WinSxS\amd64_microsoft.windows.common-controls_6595b64144ccf1df_6.0.22621.3235_none_270f74e173860f98;C:\Program Files\Android\Android Studio\jbr\bin\server;C:\Users\23480\.gradle\native\68d5fa5c4cc2d200863cafc0d521ce42e7d3e7ee720ec0a83991735586a16f82\windows-amd64;C:\Users\23480\.gradle\native\e376f236ea51e6404a007f0833ffe2c6e607c4080706a723a18a27aeea778392\windows-amd64

VM Arguments:
jvm_args: --add-opens=java.base/java.util=ALL-UNNAMED --add-opens=java.base/java.lang=ALL-UNNAMED --add-opens=java.base/java.lang.invoke=ALL-UNNAMED --add-opens=java.prefs/java.util.prefs=ALL-UNNAMED --add-opens=java.base/java.nio.charset=ALL-UNNAMED --add-opens=java.base/java.net=ALL-UNNAMED --add-opens=java.base/java.util.concurrent.atomic=ALL-UNNAMED -Xmx2048m -Dfile.encoding=UTF-8 -Duser.country=US -Duser.language=en -Duser.variant 
java_command: org.gradle.launcher.daemon.bootstrap.GradleDaemon 8.0
java_class_path (initial): C:\Users\23480\.gradle\wrapper\dists\gradle-8.0-bin\ca5e32bp14vu59qr306oxotwh\gradle-8.0\lib\gradle-launcher-8.0.jar
Launcher Type: SUN_STANDARD

[Global flags]
     intx CICompilerCount                          = 4                                         {product} {ergonomic}
     uint ConcGCThreads                            = 2                                         {product} {ergonomic}
     uint G1ConcRefinementThreads                  = 8                                         {product} {ergonomic}
   size_t G1HeapRegionSize                         = 1048576                                   {product} {ergonomic}
    uintx GCDrainStackTargetSize                   = 64                                        {product} {ergonomic}
   size_t InitialHeapSize                          = 123731968                                 {product} {ergonomic}
   size_t MarkStackSize                            = 4194304                                   {product} {ergonomic}
   size_t MaxHeapSize                              = 2147483648                                {product} {command line}
   size_t MaxNewSize                               = 1287651328                                {product} {ergonomic}
   size_t MinHeapDeltaBytes                        = 1048576                                   {product} {ergonomic}
   size_t MinHeapSize                              = 8388608                                   {product} {ergonomic}
    uintx NonNMethodCodeHeapSize                   = 5839372                                {pd product} {ergonomic}
    uintx NonProfiledCodeHeapSize                  = 122909434                              {pd product} {ergonomic}
    uintx ProfiledCodeHeapSize                     = 122909434                              {pd product} {ergonomic}
    uintx ReservedCodeCacheSize                    = 251658240                              {pd product} {ergonomic}
     bool SegmentedCodeCache                       = true                                      {product} {ergonomic}
   size_t SoftMaxHeapSize                          = 2147483648                             {manageable} {ergonomic}
     bool UseCompressedClassPointers               = true                           {product lp64_product} {ergonomic}
     bool UseCompressedOops                        = true                           {product lp64_product} {ergonomic}
     bool UseG1GC                                  = true                                      {product} {ergonomic}
     bool UseLargePagesIndividualAllocation        = false                                  {pd product} {ergonomic}

Logging:
Log output configuration:
 #0: stdout all=warning uptime,level,tags
 #1: stderr all=off uptime,level,tags

Environment Variables:
PATH=C:\WINDOWS\system32;C:\WINDOWS;C:\WINDOWS\System32\Wbem;C:\WINDOWS\System32\WindowsPowerShell\v1.0\;C:\WINDOWS\System32\OpenSSH\;C:\Program Files\nodejs\;C:\Program Files\Git\cmd;C:\Users\23480\AppData\Local\Programs\Python\Python311\Scripts\;C:\Users\23480\AppData\Local\Programs\Python\Python311\;C:\Users\23480\AppData\Local\Microsoft\WindowsApps;C:\Users\23480\AppData\Local\atom\bin;C:\Users\23480\AppData\Local\Programs\Microsoft VS Code\bin;C:\Users\23480\AppData\Local\Microsoft\WindowsApps;;C:\Program Files\JetBrains\IntelliJ IDEA Community Edition 2023.2.1\bin;;C:\Users\23480\AppData\Roaming\npm
USERNAME=23480
OS=Windows_NT
PROCESSOR_IDENTIFIER=AMD64 Family 23 Model 104 Stepping 1, AuthenticAMD
TMP=C:\Users\23480\AppData\Local\Temp
TEMP=C:\Users\23480\AppData\Local\Temp


JNI global refs:
JNI global refs: 25, weak refs: 7

JNI global refs memory usage: 843, weak refs: 841


---------------  S Y S T E M  ---------------

OS:
 Windows 11 , 64 bit Build 22621 (10.0.22621.3235)
OS uptime: 0 days 1:58 hours

CPU: total 8 (initial active 8) (8 cores per cpu, 2 threads per core) family 23 model 104 stepping 1 microcode 0x0, cx8, cmov, fxsr, ht, mmx, 3dnowpref, sse, sse2, sse3, ssse3, sse4a, sse4.1, sse4.2, popcnt, lzcnt, tsc, tscinvbit, avx, avx2, aes, clmul, bmi1, bmi2, adx, sha, fma, vzeroupper, clflush, clflushopt

Memory: 4k page, system-wide physical 7502M (311M free)
TotalPageFile size 11571M (AvailPageFile size 3M)
current process WorkingSet (physical memory assigned to process): 413M, peak: 413M
current process commit charge ("private bytes"): 450M, peak: 451M

vm_info: OpenJDK 64-Bit Server VM (17.0.6+0-b2043.56-10027231) for windows-amd64 JRE (17.0.6+0-b2043.56-10027231), built on Apr 28 2023 00:43:19 by "androidbuild" with MS VC++ 16.10 / 16.11 (VS2019)

END.
