#
# There is insufficient memory for the Java Runtime Environment to continue.
# Native memory allocation (mmap) failed to map 314572800 bytes for G1 virtual space
# Possible reasons:
#   The system is out of physical RAM or swap space
#   The process is running with CompressedOops enabled, and the Java Heap may be blocking the growth of the native heap
# Possible solutions:
#   Reduce memory load on the system
#   Increase physical memory or swap space
#   Check if swap backing store is full
#   Decrease Java heap size (-Xmx/-Xms)
#   Decrease number of Java threads
#   Decrease Java thread stack sizes (-Xss)
#   Set larger code cache with -XX:ReservedCodeCacheSize=
#   JVM is running with Unscaled Compressed Oops mode in which the Java heap is
#     placed in the first 4GB address space. The Java Heap base address is the
#     maximum limit for the native heap growth. Please use -XX:HeapBaseMinAddress
#     to set the Java Heap base and to place the Java Heap above 4GB virtual address.
# This output file may be truncated or incomplete.
#
#  Out of Memory Error (os_windows.cpp:3769), pid=21688, tid=2880
#
# JRE version: OpenJDK Runtime Environment (17.0.6) (build 17.0.6+0-b2043.56-10027231)
# Java VM: OpenJDK 64-Bit Server VM (17.0.6+0-b2043.56-10027231, mixed mode, tiered, compressed oops, compressed class ptrs, g1 gc, windows-amd64)
# No core dump will be written. Minidumps are not enabled by default on client versions of Windows
#

---------------  S U M M A R Y ------------

Command Line: --add-opens=java.base/java.util.concurrent.atomic=ALL-UNNAMED --add-opens=java.base/java.util=ALL-UNNAMED --add-opens=java.base/java.lang=ALL-UNNAMED --add-opens=java.base/java.lang.invoke=ALL-UNNAMED --add-opens=java.prefs/java.util.prefs=ALL-UNNAMED --add-opens=java.base/java.nio.charset=ALL-UNNAMED --add-opens=java.base/java.net=ALL-UNNAMED --add-opens=java.base/java.util.concurrent.atomic=ALL-UNNAMED -Xmx2048m -Dfile.encoding=UTF-8 -Duser.country=US -Duser.language=en -Duser.variant org.gradle.launcher.daemon.bootstrap.GradleDaemon 8.0

Host: AMD Ryzen 3 5300U with Radeon Graphics         , 8 cores, 7G,  Windows 11 , 64 bit Build 22621 (10.0.22621.3235)
Time: Fri Mar 22 11:42:35 2024 W. Central Africa Standard Time elapsed time: 28.720067 seconds (0d 0h 0m 28s)

---------------  T H R E A D  ---------------

Current thread (0x000001a3bce33c60):  VMThread "VM Thread" [stack: 0x0000007c1ac00000,0x0000007c1ad00000] [id=2880]

Stack: [0x0000007c1ac00000,0x0000007c1ad00000]
Native frames: (J=compiled Java code, j=interpreted, Vv=VM code, C=native code)
V  [jvm.dll+0x683c9a]
V  [jvm.dll+0x8427a4]
V  [jvm.dll+0x843f9e]
V  [jvm.dll+0x844603]
V  [jvm.dll+0x249b75]
V  [jvm.dll+0x680b69]
V  [jvm.dll+0x67505a]
V  [jvm.dll+0x309acb]
V  [jvm.dll+0x310f86]
V  [jvm.dll+0x3608ee]
V  [jvm.dll+0x360b1f]
V  [jvm.dll+0x2dfbf8]
V  [jvm.dll+0x2ddec4]
V  [jvm.dll+0x2dd4cc]
V  [jvm.dll+0x321f3b]
V  [jvm.dll+0x848ccb]
V  [jvm.dll+0x849a04]
V  [jvm.dll+0x849f1d]
V  [jvm.dll+0x84a2f4]
V  [jvm.dll+0x84a3c0]
V  [jvm.dll+0x7f274a]
V  [jvm.dll+0x682ad5]
C  [ucrtbase.dll+0x29363]
C  [KERNEL32.DLL+0x1257d]
C  [ntdll.dll+0x5aa58]

VM_Operation (0x0000007c1cefdf10): G1CollectForAllocation, mode: safepoint, requested by thread 0x000001a3c0b5fbb0


---------------  P R O C E S S  ---------------

Threads class SMR info:
_java_thread_list=0x000001a3c162ae60, length=135, elements={
0x000001a3a100eb00, 0x000001a3bce56030, 0x000001a3bce56ea0, 0x000001a3bce40f70,
0x000001a3bce58210, 0x000001a3bd826010, 0x000001a3bd8288e0, 0x000001a3bd82c9d0,
0x000001a3bd836ce0, 0x000001a3bd8484a0, 0x000001a3bd9ac610, 0x000001a3bd9ad500,
0x000001a3be9a3c60, 0x000001a3c006d6e0, 0x000001a3beffc600, 0x000001a3bfc73570,
0x000001a3bea8a070, 0x000001a3c0b5da00, 0x000001a3c0b5f210, 0x000001a3c0b5e870,
0x000001a3c0b5ded0, 0x000001a3c0b5e3a0, 0x000001a3c0b5ed40, 0x000001a3c0b5f6e0,
0x000001a3c0b5fbb0, 0x000001a3c0b60080, 0x000001a3c0b5cb90, 0x000001a3c0b5c6c0,
0x000001a3c0b5d060, 0x000001a3c0b5d530, 0x000001a3c1881670, 0x000001a3c187ce40,
0x000001a3c187f4c0, 0x000001a3c187d310, 0x000001a3c187eb20, 0x000001a3c187e180,
0x000001a3c187d7e0, 0x000001a3c187a7c0, 0x000001a3c187ac90, 0x000001a3c187bb00,
0x000001a3c187c4a0, 0x000001a3c187c970, 0x000001a3c1880330, 0x000001a3c1880800,
0x000001a3c18811a0, 0x000001a3c1881b40, 0x000001a3c187b160, 0x000001a3c187b630,
0x000001a3c3427710, 0x000001a3c3423d50, 0x000001a3c3428580, 0x000001a3c3427be0,
0x000001a3c34293f0, 0x000001a3c3422ee0, 0x000001a3c3424bc0, 0x000001a3c34280b0,
0x000001a3c3427240, 0x000001a3c3425090, 0x000001a3c34298c0, 0x000001a3c3428a50,
0x000001a3c3428f20, 0x000001a3c3422070, 0x000001a3c3426d70, 0x000001a3c3425f00,
0x000001a3c3425560, 0x000001a3c3422540, 0x000001a3c34233b0, 0x000001a3c3422a10,
0x000001a3c3423880, 0x000001a3c3424220, 0x000001a3c34246f0, 0x000001a3c3425a30,
0x000001a3c34263d0, 0x000001a3c34268a0, 0x000001a3c1c9c3e0, 0x000001a3c1c9dbf0,
0x000001a3c1c9cd80, 0x000001a3c1c9ef30, 0x000001a3c1ca3c30, 0x000001a3c1ca2420,
0x000001a3c1c9c8b0, 0x000001a3c1c9d250, 0x000001a3c1ca28f0, 0x000001a3c1c9d720,
0x000001a3c1ca15b0, 0x000001a3c1ca0c10, 0x000001a3c1c9e0c0, 0x000001a3c1ca0270,
0x000001a3c1c9e590, 0x000001a3c1ca0740, 0x000001a3c1c9f400, 0x000001a3c1c9f8d0,
0x000001a3c1c9fda0, 0x000001a3c1ca10e0, 0x000001a3c1ca1a80, 0x000001a3c1c9ea60,
0x000001a3c1ca2dc0, 0x000001a3c1ca1f50, 0x000001a3c1ca3290, 0x000001a3c1ca3760,
0x000001a3be6b0ad0, 0x000001a3be6b0130, 0x000001a3be6b0600, 0x000001a3be6b0fa0,
0x000001a3be6b1470, 0x000001a3be6b27b0, 0x000001a3be6b4490, 0x000001a3be6af2c0,
0x000001a3be6b6b10, 0x000001a3be6b4e30, 0x000001a3be6b3af0, 0x000001a3be6b1940,
0x000001a3be6b3fc0, 0x000001a3be6af790, 0x000001a3be6b6640, 0x000001a3be6afc60,
0x000001a3be6b4960, 0x000001a3be6b2c80, 0x000001a3be6b5300, 0x000001a3be6b57d0,
0x000001a3be6b1e10, 0x000001a3be6b22e0, 0x000001a3be6b3150, 0x000001a3be6b3620,
0x000001a3be6b5ca0, 0x000001a3c3e8e3e0, 0x000001a3c3e8b890, 0x000001a3c3e88d40,
0x000001a3c3e8aa20, 0x000001a3c3e8da40, 0x000001a3c3e8aef0, 0x000001a3c3e8b3c0,
0x000001a3c3e8e8b0, 0x000001a3c3e88870, 0x000001a3c3e89210
}

Java Threads: ( => current thread )
  0x000001a3a100eb00 JavaThread "main" [_thread_blocked, id=3012, stack(0x0000007c1a600000,0x0000007c1a700000)]
  0x000001a3bce56030 JavaThread "Reference Handler" daemon [_thread_blocked, id=7872, stack(0x0000007c1ad00000,0x0000007c1ae00000)]
  0x000001a3bce56ea0 JavaThread "Finalizer" daemon [_thread_blocked, id=2340, stack(0x0000007c1ae00000,0x0000007c1af00000)]
  0x000001a3bce40f70 JavaThread "Signal Dispatcher" daemon [_thread_blocked, id=19752, stack(0x0000007c1af00000,0x0000007c1b000000)]
  0x000001a3bce58210 JavaThread "Attach Listener" daemon [_thread_blocked, id=13972, stack(0x0000007c1b000000,0x0000007c1b100000)]
  0x000001a3bd826010 JavaThread "Service Thread" daemon [_thread_blocked, id=2456, stack(0x0000007c1b100000,0x0000007c1b200000)]
  0x000001a3bd8288e0 JavaThread "Monitor Deflation Thread" daemon [_thread_blocked, id=21864, stack(0x0000007c1b200000,0x0000007c1b300000)]
  0x000001a3bd82c9d0 JavaThread "C2 CompilerThread0" daemon [_thread_blocked, id=18564, stack(0x0000007c1b300000,0x0000007c1b400000)]
  0x000001a3bd836ce0 JavaThread "C1 CompilerThread0" daemon [_thread_blocked, id=8460, stack(0x0000007c1b400000,0x0000007c1b500000)]
  0x000001a3bd8484a0 JavaThread "Sweeper thread" daemon [_thread_blocked, id=7632, stack(0x0000007c1b500000,0x0000007c1b600000)]
  0x000001a3bd9ac610 JavaThread "Common-Cleaner" daemon [_thread_blocked, id=6752, stack(0x0000007c1b600000,0x0000007c1b700000)]
  0x000001a3bd9ad500 JavaThread "Notification Thread" daemon [_thread_blocked, id=16616, stack(0x0000007c1b700000,0x0000007c1b800000)]
  0x000001a3be9a3c60 JavaThread "Daemon health stats" [_thread_blocked, id=15808, stack(0x0000007c1be00000,0x0000007c1bf00000)]
  0x000001a3c006d6e0 JavaThread "Incoming local TCP Connector on port 52061" [_thread_in_native, id=17584, stack(0x0000007c1b900000,0x0000007c1ba00000)]
  0x000001a3beffc600 JavaThread "Daemon periodic checks" [_thread_blocked, id=20116, stack(0x0000007c1bf00000,0x0000007c1c000000)]
  0x000001a3bfc73570 JavaThread "Daemon" [_thread_blocked, id=4836, stack(0x0000007c1c000000,0x0000007c1c100000)]
  0x000001a3bea8a070 JavaThread "Handler for socket connection from /127.0.0.1:52061 to /127.0.0.1:52062" [_thread_in_native, id=15692, stack(0x0000007c1c100000,0x0000007c1c200000)]
  0x000001a3c0b5da00 JavaThread "Cancel handler" [_thread_blocked, id=6076, stack(0x0000007c1c200000,0x0000007c1c300000)]
  0x000001a3c0b5f210 JavaThread "Daemon worker" [_thread_blocked, id=15700, stack(0x0000007c1c300000,0x0000007c1c400000)]
  0x000001a3c0b5e870 JavaThread "Asynchronous log dispatcher for DefaultDaemonConnection: socket connection from /127.0.0.1:52061 to /127.0.0.1:52062" [_thread_blocked, id=14720, stack(0x0000007c1c400000,0x0000007c1c500000)]
  0x000001a3c0b5ded0 JavaThread "Stdin handler" [_thread_blocked, id=4984, stack(0x0000007c1c500000,0x0000007c1c600000)]
  0x000001a3c0b5e3a0 JavaThread "Daemon client event forwarder" [_thread_blocked, id=9268, stack(0x0000007c1c600000,0x0000007c1c700000)]
  0x000001a3c0b5ed40 JavaThread "Cache worker for journal cache (C:\Users\23480\.gradle\caches\journal-1)" [_thread_blocked, id=4436, stack(0x0000007c1cb00000,0x0000007c1cc00000)]
  0x000001a3c0b5f6e0 JavaThread "File lock request listener" [_thread_in_native, id=13968, stack(0x0000007c1cc00000,0x0000007c1cd00000)]
  0x000001a3c0b5fbb0 JavaThread "Cache worker for file hash cache (C:\Users\23480\.gradle\caches\8.0\fileHashes)" [_thread_blocked, id=17728, stack(0x0000007c1ce00000,0x0000007c1cf00000)]
  0x000001a3c0b60080 JavaThread "File watcher server" daemon [_thread_in_native, id=19948, stack(0x0000007c1cd00000,0x0000007c1ce00000)]
  0x000001a3c0b5cb90 JavaThread "File watcher consumer" daemon [_thread_blocked, id=11860, stack(0x0000007c1cf00000,0x0000007c1d000000)]
  0x000001a3c0b5c6c0 JavaThread "jar transforms" [_thread_blocked, id=22400, stack(0x0000007c1d000000,0x0000007c1d100000)]
  0x000001a3c0b5d060 JavaThread "jar transforms Thread 2" [_thread_blocked, id=11092, stack(0x0000007c1d100000,0x0000007c1d200000)]
  0x000001a3c0b5d530 JavaThread "jar transforms Thread 3" [_thread_blocked, id=18560, stack(0x0000007c1d200000,0x0000007c1d300000)]
  0x000001a3c1881670 JavaThread "jar transforms Thread 4" [_thread_blocked, id=21060, stack(0x0000007c1d300000,0x0000007c1d400000)]
  0x000001a3c187ce40 JavaThread "jar transforms Thread 5" [_thread_blocked, id=12168, stack(0x0000007c1d400000,0x0000007c1d500000)]
  0x000001a3c187f4c0 JavaThread "jar transforms Thread 6" [_thread_blocked, id=22344, stack(0x0000007c1d500000,0x0000007c1d600000)]
  0x000001a3c187d310 JavaThread "jar transforms Thread 7" [_thread_blocked, id=20568, stack(0x0000007c1d600000,0x0000007c1d700000)]
  0x000001a3c187eb20 JavaThread "jar transforms Thread 8" [_thread_blocked, id=4000, stack(0x0000007c1d700000,0x0000007c1d800000)]
  0x000001a3c187e180 JavaThread "Cache worker for checksums cache (C:\Users\23480\Documents\androidproject\TaskApp\.gradle\8.0\checksums)" [_thread_blocked, id=16600, stack(0x0000007c1d800000,0x0000007c1d900000)]
  0x000001a3c187d7e0 JavaThread "Cache worker for cache directory md-rule (C:\Users\23480\.gradle\caches\8.0\md-rule)" [_thread_blocked, id=1404, stack(0x0000007c1d900000,0x0000007c1da00000)]
  0x000001a3c187a7c0 JavaThread "Cache worker for file content cache (C:\Users\23480\.gradle\caches\8.0\fileContent)" [_thread_blocked, id=2296, stack(0x0000007c1da00000,0x0000007c1db00000)]
  0x000001a3c187ac90 JavaThread "Cache worker for file hash cache (C:\Users\23480\Documents\androidproject\TaskApp\.gradle\8.0\fileHashes)" [_thread_blocked, id=14588, stack(0x0000007c1db00000,0x0000007c1dc00000)]
  0x000001a3c187bb00 JavaThread "Cache worker for cache directory md-supplier (C:\Users\23480\.gradle\caches\8.0\md-supplier)" [_thread_blocked, id=9696, stack(0x0000007c1dc00000,0x0000007c1dd00000)]
  0x000001a3c187c4a0 JavaThread "Cache worker for execution history cache (C:\Users\23480\.gradle\caches\8.0\executionHistory)" [_thread_blocked, id=2260, stack(0x0000007c1dd00000,0x0000007c1de00000)]
  0x000001a3c187c970 JavaThread "Cache worker for kotlin-dsl (C:\Users\23480\.gradle\caches\8.0\kotlin-dsl)" [_thread_blocked, id=6780, stack(0x0000007c1de00000,0x0000007c1df00000)]
  0x000001a3c1880330 JavaThread "Cache worker for dependencies-accessors (C:\Users\23480\Documents\androidproject\TaskApp\.gradle\8.0\dependencies-accessors)" [_thread_blocked, id=17504, stack(0x0000007c1df00000,0x0000007c1e000000)]
  0x000001a3c1880800 JavaThread "Cache worker for Build Output Cleanup Cache (C:\Users\23480\Documents\androidproject\TaskApp\.gradle\buildOutputCleanup)" [_thread_blocked, id=22376, stack(0x0000007c1e000000,0x0000007c1e100000)]
  0x000001a3c18811a0 JavaThread "Unconstrained build operations" [_thread_blocked, id=6856, stack(0x0000007c1e100000,0x0000007c1e200000)]
  0x000001a3c1881b40 JavaThread "Unconstrained build operations Thread 2" [_thread_blocked, id=15552, stack(0x0000007c1e200000,0x0000007c1e300000)]
  0x000001a3c187b160 JavaThread "Unconstrained build operations Thread 3" [_thread_blocked, id=2136, stack(0x0000007c1e300000,0x0000007c1e400000)]
  0x000001a3c187b630 JavaThread "Unconstrained build operations Thread 4" [_thread_blocked, id=21564, stack(0x0000007c1e400000,0x0000007c1e500000)]
  0x000001a3c3427710 JavaThread "Unconstrained build operations Thread 5" [_thread_blocked, id=20276, stack(0x0000007c1e500000,0x0000007c1e600000)]
  0x000001a3c3423d50 JavaThread "Unconstrained build operations Thread 6" [_thread_blocked, id=7160, stack(0x0000007c1e600000,0x0000007c1e700000)]
  0x000001a3c3428580 JavaThread "Unconstrained build operations Thread 7" [_thread_blocked, id=18880, stack(0x0000007c1e700000,0x0000007c1e800000)]
  0x000001a3c3427be0 JavaThread "Unconstrained build operations Thread 8" [_thread_blocked, id=5772, stack(0x0000007c1e800000,0x0000007c1e900000)]
  0x000001a3c34293f0 JavaThread "Unconstrained build operations Thread 9" [_thread_blocked, id=952, stack(0x0000007c1e900000,0x0000007c1ea00000)]
  0x000001a3c3422ee0 JavaThread "Unconstrained build operations Thread 10" [_thread_blocked, id=2432, stack(0x0000007c1ea00000,0x0000007c1eb00000)]
  0x000001a3c3424bc0 JavaThread "Unconstrained build operations Thread 11" [_thread_blocked, id=13752, stack(0x0000007c1eb00000,0x0000007c1ec00000)]
  0x000001a3c34280b0 JavaThread "Unconstrained build operations Thread 12" [_thread_blocked, id=6760, stack(0x0000007c1ec00000,0x0000007c1ed00000)]
  0x000001a3c3427240 JavaThread "Unconstrained build operations Thread 13" [_thread_blocked, id=21248, stack(0x0000007c1ed00000,0x0000007c1ee00000)]
  0x000001a3c3425090 JavaThread "Unconstrained build operations Thread 14" [_thread_blocked, id=18168, stack(0x0000007c1ee00000,0x0000007c1ef00000)]
  0x000001a3c34298c0 JavaThread "Unconstrained build operations Thread 15" [_thread_blocked, id=1496, stack(0x0000007c1ef00000,0x0000007c1f000000)]
  0x000001a3c3428a50 JavaThread "Unconstrained build operations Thread 16" [_thread_blocked, id=11284, stack(0x0000007c1f000000,0x0000007c1f100000)]
  0x000001a3c3428f20 JavaThread "Unconstrained build operations Thread 17" [_thread_blocked, id=14888, stack(0x0000007c1f100000,0x0000007c1f200000)]
  0x000001a3c3422070 JavaThread "Unconstrained build operations Thread 18" [_thread_blocked, id=10332, stack(0x0000007c1f200000,0x0000007c1f300000)]
  0x000001a3c3426d70 JavaThread "Unconstrained build operations Thread 19" [_thread_blocked, id=848, stack(0x0000007c1f300000,0x0000007c1f400000)]
  0x000001a3c3425f00 JavaThread "Unconstrained build operations Thread 20" [_thread_blocked, id=6284, stack(0x0000007c1f400000,0x0000007c1f500000)]
  0x000001a3c3425560 JavaThread "Unconstrained build operations Thread 21" [_thread_blocked, id=2696, stack(0x0000007c1f500000,0x0000007c1f600000)]
  0x000001a3c3422540 JavaThread "Unconstrained build operations Thread 22" [_thread_blocked, id=11600, stack(0x0000007c1f600000,0x0000007c1f700000)]
  0x000001a3c34233b0 JavaThread "Unconstrained build operations Thread 23" [_thread_blocked, id=10212, stack(0x0000007c1f700000,0x0000007c1f800000)]
  0x000001a3c3422a10 JavaThread "Unconstrained build operations Thread 24" [_thread_blocked, id=4740, stack(0x0000007c1f800000,0x0000007c1f900000)]
  0x000001a3c3423880 JavaThread "Unconstrained build operations Thread 25" [_thread_blocked, id=10280, stack(0x0000007c1f900000,0x0000007c1fa00000)]
  0x000001a3c3424220 JavaThread "Unconstrained build operations Thread 26" [_thread_blocked, id=21616, stack(0x0000007c1fa00000,0x0000007c1fb00000)]
  0x000001a3c34246f0 JavaThread "Unconstrained build operations Thread 27" [_thread_blocked, id=20688, stack(0x0000007c1fb00000,0x0000007c1fc00000)]
  0x000001a3c3425a30 JavaThread "Unconstrained build operations Thread 28" [_thread_blocked, id=17360, stack(0x0000007c1fc00000,0x0000007c1fd00000)]
  0x000001a3c34263d0 JavaThread "Unconstrained build operations Thread 29" [_thread_blocked, id=19592, stack(0x0000007c1fd00000,0x0000007c1fe00000)]
  0x000001a3c34268a0 JavaThread "Unconstrained build operations Thread 30" [_thread_blocked, id=22524, stack(0x0000007c1fe00000,0x0000007c1ff00000)]
  0x000001a3c1c9c3e0 JavaThread "Unconstrained build operations Thread 31" [_thread_blocked, id=17468, stack(0x0000007c1ff00000,0x0000007c20000000)]
  0x000001a3c1c9dbf0 JavaThread "Unconstrained build operations Thread 32" [_thread_blocked, id=10512, stack(0x0000007c20000000,0x0000007c20100000)]
  0x000001a3c1c9cd80 JavaThread "Unconstrained build operations Thread 33" [_thread_blocked, id=20740, stack(0x0000007c20100000,0x0000007c20200000)]
  0x000001a3c1c9ef30 JavaThread "Unconstrained build operations Thread 34" [_thread_blocked, id=2488, stack(0x0000007c20200000,0x0000007c20300000)]
  0x000001a3c1ca3c30 JavaThread "Unconstrained build operations Thread 35" [_thread_blocked, id=2212, stack(0x0000007c20300000,0x0000007c20400000)]
  0x000001a3c1ca2420 JavaThread "Unconstrained build operations Thread 36" [_thread_blocked, id=20316, stack(0x0000007c20400000,0x0000007c20500000)]
  0x000001a3c1c9c8b0 JavaThread "Unconstrained build operations Thread 37" [_thread_blocked, id=19448, stack(0x0000007c20500000,0x0000007c20600000)]
  0x000001a3c1c9d250 JavaThread "Unconstrained build operations Thread 38" [_thread_blocked, id=20088, stack(0x0000007c20600000,0x0000007c20700000)]
  0x000001a3c1ca28f0 JavaThread "Unconstrained build operations Thread 39" [_thread_blocked, id=12956, stack(0x0000007c20700000,0x0000007c20800000)]
  0x000001a3c1c9d720 JavaThread "Unconstrained build operations Thread 40" [_thread_blocked, id=9296, stack(0x0000007c20800000,0x0000007c20900000)]
  0x000001a3c1ca15b0 JavaThread "Unconstrained build operations Thread 41" [_thread_blocked, id=21932, stack(0x0000007c20900000,0x0000007c20a00000)]
  0x000001a3c1ca0c10 JavaThread "Unconstrained build operations Thread 42" [_thread_blocked, id=14628, stack(0x0000007c20a00000,0x0000007c20b00000)]
  0x000001a3c1c9e0c0 JavaThread "Unconstrained build operations Thread 43" [_thread_blocked, id=22148, stack(0x0000007c20b00000,0x0000007c20c00000)]
  0x000001a3c1ca0270 JavaThread "Unconstrained build operations Thread 44" [_thread_blocked, id=1260, stack(0x0000007c20c00000,0x0000007c20d00000)]
  0x000001a3c1c9e590 JavaThread "Unconstrained build operations Thread 45" [_thread_blocked, id=2856, stack(0x0000007c20d00000,0x0000007c20e00000)]
  0x000001a3c1ca0740 JavaThread "Unconstrained build operations Thread 46" [_thread_blocked, id=2408, stack(0x0000007c20e00000,0x0000007c20f00000)]
  0x000001a3c1c9f400 JavaThread "Unconstrained build operations Thread 47" [_thread_blocked, id=17960, stack(0x0000007c20f00000,0x0000007c21000000)]
  0x000001a3c1c9f8d0 JavaThread "Unconstrained build operations Thread 48" [_thread_blocked, id=22496, stack(0x0000007c21000000,0x0000007c21100000)]
  0x000001a3c1c9fda0 JavaThread "Unconstrained build operations Thread 49" [_thread_blocked, id=10728, stack(0x0000007c21100000,0x0000007c21200000)]
  0x000001a3c1ca10e0 JavaThread "Unconstrained build operations Thread 50" [_thread_blocked, id=22184, stack(0x0000007c21200000,0x0000007c21300000)]
  0x000001a3c1ca1a80 JavaThread "Unconstrained build operations Thread 51" [_thread_blocked, id=16412, stack(0x0000007c21300000,0x0000007c21400000)]
  0x000001a3c1c9ea60 JavaThread "Unconstrained build operations Thread 52" [_thread_blocked, id=12944, stack(0x0000007c21400000,0x0000007c21500000)]
  0x000001a3c1ca2dc0 JavaThread "Unconstrained build operations Thread 53" [_thread_blocked, id=14188, stack(0x0000007c21500000,0x0000007c21600000)]
  0x000001a3c1ca1f50 JavaThread "Unconstrained build operations Thread 54" [_thread_blocked, id=20236, stack(0x0000007c21600000,0x0000007c21700000)]
  0x000001a3c1ca3290 JavaThread "Unconstrained build operations Thread 55" [_thread_blocked, id=21824, stack(0x0000007c21700000,0x0000007c21800000)]
  0x000001a3c1ca3760 JavaThread "Unconstrained build operations Thread 56" [_thread_blocked, id=11432, stack(0x0000007c21800000,0x0000007c21900000)]
  0x000001a3be6b0ad0 JavaThread "Unconstrained build operations Thread 57" [_thread_blocked, id=21996, stack(0x0000007c21900000,0x0000007c21a00000)]
  0x000001a3be6b0130 JavaThread "Unconstrained build operations Thread 58" [_thread_blocked, id=2824, stack(0x0000007c21a00000,0x0000007c21b00000)]
  0x000001a3be6b0600 JavaThread "Unconstrained build operations Thread 59" [_thread_blocked, id=7728, stack(0x0000007c21b00000,0x0000007c21c00000)]
  0x000001a3be6b0fa0 JavaThread "Unconstrained build operations Thread 60" [_thread_blocked, id=14812, stack(0x0000007c21c00000,0x0000007c21d00000)]
  0x000001a3be6b1470 JavaThread "Unconstrained build operations Thread 61" [_thread_blocked, id=10352, stack(0x0000007c21d00000,0x0000007c21e00000)]
  0x000001a3be6b27b0 JavaThread "Unconstrained build operations Thread 62" [_thread_blocked, id=2668, stack(0x0000007c21e00000,0x0000007c21f00000)]
  0x000001a3be6b4490 JavaThread "Unconstrained build operations Thread 63" [_thread_blocked, id=21512, stack(0x0000007c21f00000,0x0000007c22000000)]
  0x000001a3be6af2c0 JavaThread "Unconstrained build operations Thread 64" [_thread_blocked, id=132, stack(0x0000007c22000000,0x0000007c22100000)]
  0x000001a3be6b6b10 JavaThread "Unconstrained build operations Thread 65" [_thread_blocked, id=1008, stack(0x0000007c22100000,0x0000007c22200000)]
  0x000001a3be6b4e30 JavaThread "Unconstrained build operations Thread 66" [_thread_blocked, id=21712, stack(0x0000007c22200000,0x0000007c22300000)]
  0x000001a3be6b3af0 JavaThread "Unconstrained build operations Thread 67" [_thread_blocked, id=20988, stack(0x0000007c22300000,0x0000007c22400000)]
  0x000001a3be6b1940 JavaThread "Unconstrained build operations Thread 68" [_thread_blocked, id=8892, stack(0x0000007c22400000,0x0000007c22500000)]
  0x000001a3be6b3fc0 JavaThread "Unconstrained build operations Thread 69" [_thread_blocked, id=21216, stack(0x0000007c22500000,0x0000007c22600000)]
  0x000001a3be6af790 JavaThread "Unconstrained build operations Thread 70" [_thread_blocked, id=1696, stack(0x0000007c22600000,0x0000007c22700000)]
  0x000001a3be6b6640 JavaThread "Unconstrained build operations Thread 71" [_thread_blocked, id=14892, stack(0x0000007c22700000,0x0000007c22800000)]
  0x000001a3be6afc60 JavaThread "Unconstrained build operations Thread 72" [_thread_blocked, id=13564, stack(0x0000007c22800000,0x0000007c22900000)]
  0x000001a3be6b4960 JavaThread "Unconstrained build operations Thread 73" [_thread_blocked, id=14376, stack(0x0000007c22900000,0x0000007c22a00000)]
  0x000001a3be6b2c80 JavaThread "Unconstrained build operations Thread 74" [_thread_blocked, id=8560, stack(0x0000007c22a00000,0x0000007c22b00000)]
  0x000001a3be6b5300 JavaThread "Unconstrained build operations Thread 75" [_thread_blocked, id=12176, stack(0x0000007c22b00000,0x0000007c22c00000)]
  0x000001a3be6b57d0 JavaThread "Unconstrained build operations Thread 76" [_thread_blocked, id=20704, stack(0x0000007c22c00000,0x0000007c22d00000)]
  0x000001a3be6b1e10 JavaThread "Unconstrained build operations Thread 77" [_thread_blocked, id=15564, stack(0x0000007c22d00000,0x0000007c22e00000)]
  0x000001a3be6b22e0 JavaThread "Unconstrained build operations Thread 78" [_thread_blocked, id=7600, stack(0x0000007c22e00000,0x0000007c22f00000)]
  0x000001a3be6b3150 JavaThread "Unconstrained build operations Thread 79" [_thread_blocked, id=11532, stack(0x0000007c22f00000,0x0000007c23000000)]
  0x000001a3be6b3620 JavaThread "Unconstrained build operations Thread 80" [_thread_blocked, id=10696, stack(0x0000007c23000000,0x0000007c23100000)]
  0x000001a3be6b5ca0 JavaThread "Memory manager" [_thread_blocked, id=18276, stack(0x0000007c23100000,0x0000007c23200000)]
  0x000001a3c3e8e3e0 JavaThread "pool-3-thread-1" [_thread_blocked, id=9440, stack(0x0000007c23200000,0x0000007c23300000)]
  0x000001a3c3e8b890 JavaThread "included builds" [_thread_blocked, id=5024, stack(0x0000007c23300000,0x0000007c23400000)]
  0x000001a3c3e88d40 JavaThread "Execution worker" [_thread_blocked, id=6452, stack(0x0000007c23400000,0x0000007c23500000)]
  0x000001a3c3e8aa20 JavaThread "Execution worker Thread 2" [_thread_blocked, id=19440, stack(0x0000007c23500000,0x0000007c23600000)]
  0x000001a3c3e8da40 JavaThread "Execution worker Thread 3" [_thread_blocked, id=14788, stack(0x0000007c23600000,0x0000007c23700000)]
  0x000001a3c3e8aef0 JavaThread "Execution worker Thread 4" [_thread_blocked, id=17484, stack(0x0000007c23700000,0x0000007c23800000)]
  0x000001a3c3e8b3c0 JavaThread "Execution worker Thread 5" [_thread_blocked, id=15992, stack(0x0000007c23800000,0x0000007c23900000)]
  0x000001a3c3e8e8b0 JavaThread "Execution worker Thread 6" [_thread_blocked, id=10276, stack(0x0000007c23900000,0x0000007c23a00000)]
  0x000001a3c3e88870 JavaThread "Execution worker Thread 7" [_thread_blocked, id=16936, stack(0x0000007c23a00000,0x0000007c23b00000)]
  0x000001a3c3e89210 JavaThread "Cache worker for execution history cache (C:\Users\23480\Documents\androidproject\TaskApp\.gradle\8.0\executionHistory)" [_thread_blocked, id=8512, stack(0x0000007c23b00000,0x0000007c23c00000)]

Other Threads:
=>0x000001a3bce33c60 VMThread "VM Thread" [stack: 0x0000007c1ac00000,0x0000007c1ad00000] [id=2880]
  0x000001a3a1084260 WatcherThread [stack: 0x0000007c1b800000,0x0000007c1b900000] [id=5652]
  0x000001a3a1069c90 GCTaskThread "GC Thread#0" [stack: 0x0000007c1a700000,0x0000007c1a800000] [id=2876]
  0x000001a3bdc58520 GCTaskThread "GC Thread#1" [stack: 0x0000007c1ba00000,0x0000007c1bb00000] [id=6812]
  0x000001a3be573700 GCTaskThread "GC Thread#2" [stack: 0x0000007c1bb00000,0x0000007c1bc00000] [id=19628]
  0x000001a3be531370 GCTaskThread "GC Thread#3" [stack: 0x0000007c1bc00000,0x0000007c1bd00000] [id=22416]
  0x000001a3bfcef5f0 GCTaskThread "GC Thread#4" [stack: 0x0000007c1bd00000,0x0000007c1be00000] [id=14832]
  0x000001a3bede83f0 GCTaskThread "GC Thread#5" [stack: 0x0000007c1c700000,0x0000007c1c800000] [id=6960]
  0x000001a3bdef7910 GCTaskThread "GC Thread#6" [stack: 0x0000007c1c800000,0x0000007c1c900000] [id=18056]
  0x000001a3bf3ccb80 GCTaskThread "GC Thread#7" [stack: 0x0000007c1c900000,0x0000007c1ca00000] [id=14464]
  0x000001a3a107b3e0 ConcurrentGCThread "G1 Main Marker" [stack: 0x0000007c1a800000,0x0000007c1a900000] [id=10404]
  0x000001a3a107c590 ConcurrentGCThread "G1 Conc#0" [stack: 0x0000007c1a900000,0x0000007c1aa00000] [id=4276]
  0x000001a3bede58d0 ConcurrentGCThread "G1 Conc#1" [stack: 0x0000007c1ca00000,0x0000007c1cb00000] [id=784]
  0x000001a3bcc864d0 ConcurrentGCThread "G1 Refine#0" [stack: 0x0000007c1aa00000,0x0000007c1ab00000] [id=11500]
  0x000001a3bcc86e00 ConcurrentGCThread "G1 Service" [stack: 0x0000007c1ab00000,0x0000007c1ac00000] [id=8976]

Threads with active compile tasks:
C2 CompilerThread0    28808 9566       4       org.gradle.cache.internal.btree.CachingBlockStore::read (56 bytes)

VM state: at safepoint (normal execution)

VM Mutex/Monitor currently owned by a thread:  ([mutex/lock_event])
[0x000001a3a10095a0] Threads_lock - owner thread: 0x000001a3bce33c60
[0x000001a3a1009510] Heap_lock - owner thread: 0x000001a3c0b5fbb0

Heap address: 0x0000000080000000, size: 2048 MB, Compressed Oops mode: 32-bit

CDS archive(s) not mapped
Compressed class space mapped at: 0x0000000100000000-0x0000000140000000, reserved size: 1073741824
Narrow klass base: 0x0000000000000000, Narrow klass shift: 3, Narrow klass range: 0x140000000

GC Precious Log:
 CPUs: 8 total, 8 available
 Memory: 7502M
 Large Page Support: Disabled
 NUMA Support: Disabled
 Compressed Oops: Enabled (32-bit)
 Heap Region Size: 1M
 Heap Min Capacity: 8M
 Heap Initial Capacity: 118M
 Heap Max Capacity: 2G
 Pre-touch: Disabled
 Parallel Workers: 8
 Concurrent Workers: 2
 Concurrent Refinement Workers: 8
 Periodic GC: Disabled

Heap:
 garbage-first heap   total 209920K, used 134657K [0x0000000080000000, 0x0000000100000000)
  region size 1024K, 5 young (5120K), 5 survivors (5120K)
 Metaspace       used 93897K, committed 94656K, reserved 1138688K
  class space    used 12670K, committed 13056K, reserved 1048576K

Heap Regions: E=young(eden), S=young(survivor), O=old, HS=humongous(starts), HC=humongous(continues), CS=collection set, F=free, OA=open archive, CA=closed archive, TAMS=top-at-mark-start (previous, next)
|   0|0x0000000080000000, 0x0000000080100000, 0x0000000080100000|100%|HS|  |TAMS 0x0000000080100000, 0x0000000080000000| Complete 
|   1|0x0000000080100000, 0x0000000080200000, 0x0000000080200000|100%|HC|  |TAMS 0x0000000080200000, 0x0000000080100000| Complete 
|   2|0x0000000080200000, 0x0000000080300000, 0x0000000080300000|100%|HC|  |TAMS 0x0000000080300000, 0x0000000080200000| Complete 
|   3|0x0000000080300000, 0x0000000080400000, 0x0000000080400000|100%|HC|  |TAMS 0x0000000080400000, 0x0000000080300000| Complete 
|   4|0x0000000080400000, 0x0000000080500000, 0x0000000080500000|100%| O|  |TAMS 0x0000000080500000, 0x0000000080400000| Untracked 
|   5|0x0000000080500000, 0x0000000080600000, 0x0000000080600000|100%| O|  |TAMS 0x0000000080600000, 0x0000000080500000| Untracked 
|   6|0x0000000080600000, 0x0000000080700000, 0x0000000080700000|100%| O|  |TAMS 0x0000000080700000, 0x0000000080600000| Untracked 
|   7|0x0000000080700000, 0x0000000080800000, 0x0000000080800000|100%| O|  |TAMS 0x0000000080800000, 0x0000000080700000| Untracked 
|   8|0x0000000080800000, 0x0000000080900000, 0x0000000080900000|100%| O|  |TAMS 0x0000000080900000, 0x0000000080800000| Untracked 
|   9|0x0000000080900000, 0x0000000080a00000, 0x0000000080a00000|100%| O|  |TAMS 0x0000000080a00000, 0x0000000080900000| Untracked 
|  10|0x0000000080a00000, 0x0000000080b00000, 0x0000000080b00000|100%| O|  |TAMS 0x0000000080b00000, 0x0000000080a00000| Untracked 
|  11|0x0000000080b00000, 0x0000000080c00000, 0x0000000080c00000|100%| O|  |TAMS 0x0000000080c00000, 0x0000000080b00000| Untracked 
|  12|0x0000000080c00000, 0x0000000080d00000, 0x0000000080d00000|100%| O|  |TAMS 0x0000000080d00000, 0x0000000080c00000| Untracked 
|  13|0x0000000080d00000, 0x0000000080e00000, 0x0000000080e00000|100%| O|  |TAMS 0x0000000080e00000, 0x0000000080d00000| Untracked 
|  14|0x0000000080e00000, 0x0000000080f00000, 0x0000000080f00000|100%| O|  |TAMS 0x0000000080f00000, 0x0000000080e00000| Untracked 
|  15|0x0000000080f00000, 0x0000000081000000, 0x0000000081000000|100%| O|  |TAMS 0x0000000081000000, 0x0000000080f00000| Untracked 
|  16|0x0000000081000000, 0x0000000081100000, 0x0000000081100000|100%| O|  |TAMS 0x0000000081100000, 0x0000000081000000| Untracked 
|  17|0x0000000081100000, 0x0000000081200000, 0x0000000081200000|100%| O|  |TAMS 0x0000000081200000, 0x0000000081100000| Untracked 
|  18|0x0000000081200000, 0x0000000081300000, 0x0000000081300000|100%| O|  |TAMS 0x0000000081300000, 0x0000000081200000| Untracked 
|  19|0x0000000081300000, 0x0000000081400000, 0x0000000081400000|100%|HS|  |TAMS 0x0000000081400000, 0x0000000081300000| Complete 
|  20|0x0000000081400000, 0x0000000081500000, 0x0000000081500000|100%|HC|  |TAMS 0x0000000081500000, 0x0000000081400000| Complete 
|  21|0x0000000081500000, 0x0000000081600000, 0x0000000081600000|100%|HS|  |TAMS 0x0000000081600000, 0x0000000081500000| Complete 
|  22|0x0000000081600000, 0x0000000081700000, 0x0000000081700000|100%|HC|  |TAMS 0x0000000081700000, 0x0000000081600000| Complete 
|  23|0x0000000081700000, 0x0000000081800000, 0x0000000081800000|100%|HC|  |TAMS 0x0000000081800000, 0x0000000081700000| Complete 
|  24|0x0000000081800000, 0x0000000081900000, 0x0000000081900000|100%| O|  |TAMS 0x0000000081900000, 0x0000000081800000| Untracked 
|  25|0x0000000081900000, 0x0000000081a00000, 0x0000000081a00000|100%| O|  |TAMS 0x0000000081a00000, 0x0000000081900000| Untracked 
|  26|0x0000000081a00000, 0x0000000081b00000, 0x0000000081b00000|100%| O|  |TAMS 0x0000000081b00000, 0x0000000081a00000| Untracked 
|  27|0x0000000081b00000, 0x0000000081c00000, 0x0000000081c00000|100%| O|  |TAMS 0x0000000081c00000, 0x0000000081b00000| Untracked 
|  28|0x0000000081c00000, 0x0000000081d00000, 0x0000000081d00000|100%|HS|  |TAMS 0x0000000081d00000, 0x0000000081c00000| Complete 
|  29|0x0000000081d00000, 0x0000000081e00000, 0x0000000081e00000|100%|HC|  |TAMS 0x0000000081e00000, 0x0000000081d00000| Complete 
|  30|0x0000000081e00000, 0x0000000081f00000, 0x0000000081f00000|100%|HC|  |TAMS 0x0000000081f00000, 0x0000000081e00000| Complete 
|  31|0x0000000081f00000, 0x0000000082000000, 0x0000000082000000|100%| O|  |TAMS 0x0000000082000000, 0x0000000081f00000| Untracked 
|  32|0x0000000082000000, 0x0000000082100000, 0x0000000082100000|100%| O|  |TAMS 0x0000000082100000, 0x0000000082000000| Untracked 
|  33|0x0000000082100000, 0x0000000082200000, 0x0000000082200000|100%| O|  |TAMS 0x0000000082200000, 0x0000000082100000| Untracked 
|  34|0x0000000082200000, 0x0000000082300000, 0x0000000082300000|100%| O|  |TAMS 0x0000000082300000, 0x0000000082200000| Untracked 
|  35|0x0000000082300000, 0x0000000082400000, 0x0000000082400000|100%| O|  |TAMS 0x0000000082400000, 0x0000000082300000| Untracked 
|  36|0x0000000082400000, 0x0000000082500000, 0x0000000082500000|100%| O|  |TAMS 0x0000000082500000, 0x0000000082400000| Untracked 
|  37|0x0000000082500000, 0x0000000082600000, 0x0000000082600000|100%| O|  |TAMS 0x0000000082600000, 0x0000000082500000| Untracked 
|  38|0x0000000082600000, 0x0000000082700000, 0x0000000082700000|100%| O|  |TAMS 0x0000000082700000, 0x0000000082600000| Untracked 
|  39|0x0000000082700000, 0x0000000082800000, 0x0000000082800000|100%| O|  |TAMS 0x0000000082800000, 0x0000000082700000| Untracked 
|  40|0x0000000082800000, 0x0000000082900000, 0x0000000082900000|100%| O|  |TAMS 0x0000000082900000, 0x0000000082800000| Untracked 
|  41|0x0000000082900000, 0x0000000082a00000, 0x0000000082a00000|100%| O|  |TAMS 0x0000000082a00000, 0x0000000082900000| Untracked 
|  42|0x0000000082a00000, 0x0000000082b00000, 0x0000000082b00000|100%|HS|  |TAMS 0x0000000082b00000, 0x0000000082a00000| Complete 
|  43|0x0000000082b00000, 0x0000000082c00000, 0x0000000082c00000|100%|HC|  |TAMS 0x0000000082c00000, 0x0000000082b00000| Complete 
|  44|0x0000000082c00000, 0x0000000082d00000, 0x0000000082d00000|100%|HC|  |TAMS 0x0000000082d00000, 0x0000000082c00000| Complete 
|  45|0x0000000082d00000, 0x0000000082e00000, 0x0000000082e00000|100%|HS|  |TAMS 0x0000000082e00000, 0x0000000082d00000| Complete 
|  46|0x0000000082e00000, 0x0000000082f00000, 0x0000000082f00000|100%|HC|  |TAMS 0x0000000082f00000, 0x0000000082e00000| Complete 
|  47|0x0000000082f00000, 0x0000000083000000, 0x0000000083000000|100%|HC|  |TAMS 0x0000000083000000, 0x0000000082f00000| Complete 
|  48|0x0000000083000000, 0x0000000083100000, 0x0000000083100000|100%| O|  |TAMS 0x0000000083100000, 0x0000000083000000| Untracked 
|  49|0x0000000083100000, 0x0000000083200000, 0x0000000083200000|100%| O|  |TAMS 0x0000000083200000, 0x0000000083100000| Untracked 
|  50|0x0000000083200000, 0x0000000083300000, 0x0000000083300000|100%| O|  |TAMS 0x0000000083300000, 0x0000000083200000| Untracked 
|  51|0x0000000083300000, 0x0000000083400000, 0x0000000083400000|100%| O|  |TAMS 0x0000000083400000, 0x0000000083300000| Untracked 
|  52|0x0000000083400000, 0x0000000083500000, 0x0000000083500000|100%| O|  |TAMS 0x0000000083500000, 0x0000000083400000| Untracked 
|  53|0x0000000083500000, 0x0000000083600000, 0x0000000083600000|100%| O|  |TAMS 0x0000000083600000, 0x0000000083500000| Untracked 
|  54|0x0000000083600000, 0x0000000083700000, 0x0000000083700000|100%| O|  |TAMS 0x0000000083700000, 0x0000000083600000| Untracked 
|  55|0x0000000083700000, 0x0000000083800000, 0x0000000083800000|100%| O|  |TAMS 0x0000000083800000, 0x0000000083700000| Untracked 
|  56|0x0000000083800000, 0x0000000083900000, 0x0000000083900000|100%| O|  |TAMS 0x0000000083800000, 0x0000000083800000| Untracked 
|  57|0x0000000083900000, 0x0000000083a00000, 0x0000000083a00000|100%|HS|  |TAMS 0x0000000083a00000, 0x0000000083900000| Complete 
|  58|0x0000000083a00000, 0x0000000083b00000, 0x0000000083b00000|100%|HS|  |TAMS 0x0000000083b00000, 0x0000000083a00000| Complete 
|  59|0x0000000083b00000, 0x0000000083c00000, 0x0000000083c00000|100%|HS|  |TAMS 0x0000000083c00000, 0x0000000083b00000| Complete 
|  60|0x0000000083c00000, 0x0000000083d00000, 0x0000000083d00000|100%|HC|  |TAMS 0x0000000083d00000, 0x0000000083c00000| Complete 
|  61|0x0000000083d00000, 0x0000000083e00000, 0x0000000083e00000|100%|HS|  |TAMS 0x0000000083e00000, 0x0000000083d00000| Complete 
|  62|0x0000000083e00000, 0x0000000083f00000, 0x0000000083f00000|100%|HS|  |TAMS 0x0000000083f00000, 0x0000000083e00000| Complete 
|  63|0x0000000083f00000, 0x0000000084000000, 0x0000000084000000|100%|HC|  |TAMS 0x0000000084000000, 0x0000000083f00000| Complete 
|  64|0x0000000084000000, 0x0000000084100000, 0x0000000084100000|100%|HC|  |TAMS 0x0000000084100000, 0x0000000084000000| Complete 
|  65|0x0000000084100000, 0x0000000084200000, 0x0000000084200000|100%|HC|  |TAMS 0x0000000084200000, 0x0000000084100000| Complete 
|  66|0x0000000084200000, 0x0000000084300000, 0x0000000084300000|100%| O|  |TAMS 0x0000000084300000, 0x0000000084200000| Untracked 
|  67|0x0000000084300000, 0x0000000084400000, 0x0000000084400000|100%| O|  |TAMS 0x0000000084300000, 0x0000000084300000| Untracked 
|  68|0x0000000084400000, 0x0000000084500000, 0x0000000084500000|100%| O|  |TAMS 0x0000000084500000, 0x0000000084400000| Untracked 
|  69|0x0000000084500000, 0x0000000084600000, 0x0000000084600000|100%| O|  |TAMS 0x0000000084600000, 0x0000000084500000| Untracked 
|  70|0x0000000084600000, 0x0000000084700000, 0x0000000084700000|100%| O|  |TAMS 0x0000000084700000, 0x0000000084600000| Untracked 
|  71|0x0000000084700000, 0x0000000084800000, 0x0000000084800000|100%| O|  |TAMS 0x0000000084800000, 0x0000000084700000| Untracked 
|  72|0x0000000084800000, 0x0000000084900000, 0x0000000084900000|100%| O|  |TAMS 0x0000000084900000, 0x0000000084800000| Untracked 
|  73|0x0000000084900000, 0x0000000084a00000, 0x0000000084a00000|100%| O|  |TAMS 0x0000000084900000, 0x0000000084900000| Untracked 
|  74|0x0000000084a00000, 0x0000000084b00000, 0x0000000084b00000|100%| O|  |TAMS 0x0000000084b00000, 0x0000000084a00000| Untracked 
|  75|0x0000000084b00000, 0x0000000084c00000, 0x0000000084c00000|100%| O|  |TAMS 0x0000000084c00000, 0x0000000084b00000| Untracked 
|  76|0x0000000084c00000, 0x0000000084d00000, 0x0000000084d00000|100%| O|  |TAMS 0x0000000084d00000, 0x0000000084c00000| Untracked 
|  77|0x0000000084d00000, 0x0000000084e00000, 0x0000000084e00000|100%| O|  |TAMS 0x0000000084e00000, 0x0000000084d00000| Untracked 
|  78|0x0000000084e00000, 0x0000000084f00000, 0x0000000084f00000|100%| O|  |TAMS 0x0000000084f00000, 0x0000000084e00000| Untracked 
|  79|0x0000000084f00000, 0x0000000085000000, 0x0000000085000000|100%| O|  |TAMS 0x0000000085000000, 0x0000000084f00000| Untracked 
|  80|0x0000000085000000, 0x0000000085100000, 0x0000000085100000|100%| O|  |TAMS 0x0000000085100000, 0x0000000085000000| Untracked 
|  81|0x0000000085100000, 0x0000000085200000, 0x0000000085200000|100%| O|  |TAMS 0x0000000085200000, 0x0000000085100000| Untracked 
|  82|0x0000000085200000, 0x0000000085300000, 0x0000000085300000|100%| O|  |TAMS 0x0000000085300000, 0x0000000085200000| Untracked 
|  83|0x0000000085300000, 0x0000000085400000, 0x0000000085400000|100%| O|  |TAMS 0x0000000085400000, 0x0000000085300000| Untracked 
|  84|0x0000000085400000, 0x0000000085500000, 0x0000000085500000|100%| O|  |TAMS 0x0000000085500000, 0x0000000085400000| Untracked 
|  85|0x0000000085500000, 0x0000000085600000, 0x0000000085600000|100%| O|  |TAMS 0x0000000085600000, 0x0000000085500000| Untracked 
|  86|0x0000000085600000, 0x0000000085700000, 0x0000000085700000|100%| O|  |TAMS 0x0000000085700000, 0x0000000085600000| Untracked 
|  87|0x0000000085700000, 0x0000000085800000, 0x0000000085800000|100%| O|  |TAMS 0x0000000085800000, 0x0000000085700000| Untracked 
|  88|0x0000000085800000, 0x0000000085900000, 0x0000000085900000|100%| O|  |TAMS 0x0000000085900000, 0x0000000085800000| Untracked 
|  89|0x0000000085900000, 0x0000000085a00000, 0x0000000085a00000|100%| O|  |TAMS 0x0000000085a00000, 0x0000000085900000| Untracked 
|  90|0x0000000085a00000, 0x0000000085b00000, 0x0000000085b00000|100%| O|  |TAMS 0x0000000085a9d800, 0x0000000085a00000| Untracked 
|  91|0x0000000085b00000, 0x0000000085c00000, 0x0000000085c00000|100%|HS|  |TAMS 0x0000000085c00000, 0x0000000085b00000| Complete 
|  92|0x0000000085c00000, 0x0000000085d00000, 0x0000000085d00000|100%|HC|  |TAMS 0x0000000085d00000, 0x0000000085c00000| Complete 
|  93|0x0000000085d00000, 0x0000000085e00000, 0x0000000085e00000|100%|HS|  |TAMS 0x0000000085e00000, 0x0000000085d00000| Complete 
|  94|0x0000000085e00000, 0x0000000085f00000, 0x0000000085f00000|100%|HC|  |TAMS 0x0000000085f00000, 0x0000000085e00000| Complete 
|  95|0x0000000085f00000, 0x0000000086000000, 0x0000000086000000|100%|HC|  |TAMS 0x0000000086000000, 0x0000000085f00000| Complete 
|  96|0x0000000086000000, 0x0000000086100000, 0x0000000086100000|100%|HS|  |TAMS 0x0000000086100000, 0x0000000086000000| Complete 
|  97|0x0000000086100000, 0x0000000086200000, 0x0000000086200000|100%|HC|  |TAMS 0x0000000086200000, 0x0000000086100000| Complete 
|  98|0x0000000086200000, 0x0000000086300000, 0x0000000086300000|100%|HC|  |TAMS 0x0000000086300000, 0x0000000086200000| Complete 
|  99|0x0000000086300000, 0x0000000086400000, 0x0000000086400000|100%|HS|  |TAMS 0x0000000086400000, 0x0000000086300000| Complete 
| 100|0x0000000086400000, 0x0000000086500000, 0x0000000086500000|100%|HC|  |TAMS 0x0000000086500000, 0x0000000086400000| Complete 
| 101|0x0000000086500000, 0x0000000086600000, 0x0000000086600000|100%| O|  |TAMS 0x0000000086500000, 0x0000000086500000| Untracked 
| 102|0x0000000086600000, 0x0000000086700000, 0x0000000086700000|100%| O|  |TAMS 0x0000000086600000, 0x0000000086600000| Untracked 
| 103|0x0000000086700000, 0x0000000086800000, 0x0000000086800000|100%| O|  |TAMS 0x0000000086700000, 0x0000000086700000| Untracked 
| 104|0x0000000086800000, 0x0000000086900000, 0x0000000086900000|100%| O|  |TAMS 0x0000000086800000, 0x0000000086800000| Untracked 
| 105|0x0000000086900000, 0x0000000086a00000, 0x0000000086a00000|100%| O|  |TAMS 0x0000000086900000, 0x0000000086900000| Untracked 
| 106|0x0000000086a00000, 0x0000000086b00000, 0x0000000086b00000|100%|HS|  |TAMS 0x0000000086a00000, 0x0000000086a00000| Complete 
| 107|0x0000000086b00000, 0x0000000086c00000, 0x0000000086c00000|100%|HC|  |TAMS 0x0000000086b00000, 0x0000000086b00000| Complete 
| 108|0x0000000086c00000, 0x0000000086d00000, 0x0000000086d00000|100%| O|  |TAMS 0x0000000086c00000, 0x0000000086c00000| Untracked 
| 109|0x0000000086d00000, 0x0000000086e00000, 0x0000000086e00000|100%| O|  |TAMS 0x0000000086d00000, 0x0000000086d00000| Untracked 
| 110|0x0000000086e00000, 0x0000000086f00000, 0x0000000086f00000|100%| O|  |TAMS 0x0000000086e00000, 0x0000000086e00000| Untracked 
| 111|0x0000000086f00000, 0x0000000087000000, 0x0000000087000000|100%| O|  |TAMS 0x0000000086f00000, 0x0000000086f00000| Untracked 
| 112|0x0000000087000000, 0x0000000087100000, 0x0000000087100000|100%| O|  |TAMS 0x0000000087000000, 0x0000000087000000| Untracked 
| 113|0x0000000087100000, 0x0000000087200000, 0x0000000087200000|100%| O|  |TAMS 0x0000000087100000, 0x0000000087100000| Untracked 
| 114|0x0000000087200000, 0x0000000087300000, 0x0000000087300000|100%| O|  |TAMS 0x0000000087200000, 0x0000000087200000| Untracked 
| 115|0x0000000087300000, 0x0000000087400000, 0x0000000087400000|100%| O|  |TAMS 0x0000000087300000, 0x0000000087300000| Untracked 
| 116|0x0000000087400000, 0x0000000087500000, 0x0000000087500000|100%| O|  |TAMS 0x0000000087400000, 0x0000000087400000| Untracked 
| 117|0x0000000087500000, 0x0000000087600000, 0x0000000087600000|100%| O|  |TAMS 0x0000000087500000, 0x0000000087500000| Untracked 
| 118|0x0000000087600000, 0x0000000087700000, 0x0000000087700000|100%| O|  |TAMS 0x0000000087600000, 0x0000000087600000| Untracked 
| 119|0x0000000087700000, 0x0000000087800000, 0x0000000087800000|100%| O|  |TAMS 0x0000000087700000, 0x0000000087700000| Untracked 
| 120|0x0000000087800000, 0x0000000087900000, 0x0000000087900000|100%| O|  |TAMS 0x0000000087800000, 0x0000000087800000| Untracked 
| 121|0x0000000087900000, 0x0000000087a00000, 0x0000000087a00000|100%| O|  |TAMS 0x0000000087900000, 0x0000000087900000| Untracked 
| 122|0x0000000087a00000, 0x0000000087b00000, 0x0000000087b00000|100%| O|  |TAMS 0x0000000087a00000, 0x0000000087a00000| Untracked 
| 123|0x0000000087b00000, 0x0000000087c00000, 0x0000000087c00000|100%| O|  |TAMS 0x0000000087b00000, 0x0000000087b00000| Untracked 
| 124|0x0000000087c00000, 0x0000000087d00000, 0x0000000087d00000|100%| O|  |TAMS 0x0000000087c00000, 0x0000000087c00000| Untracked 
| 125|0x0000000087d00000, 0x0000000087e00000, 0x0000000087e00000|100%| O|  |TAMS 0x0000000087d00000, 0x0000000087d00000| Untracked 
| 126|0x0000000087e00000, 0x0000000087e80600, 0x0000000087f00000| 50%| O|  |TAMS 0x0000000087e00000, 0x0000000087e00000| Untracked 
| 127|0x0000000087f00000, 0x0000000087f00000, 0x0000000088000000|  0%| F|  |TAMS 0x0000000087f00000, 0x0000000087f00000| Untracked 
| 128|0x0000000088000000, 0x0000000088000000, 0x0000000088100000|  0%| F|  |TAMS 0x0000000088000000, 0x0000000088000000| Untracked 
| 129|0x0000000088100000, 0x0000000088100000, 0x0000000088200000|  0%| F|  |TAMS 0x0000000088100000, 0x0000000088100000| Untracked 
| 130|0x0000000088200000, 0x0000000088200000, 0x0000000088300000|  0%| F|  |TAMS 0x0000000088200000, 0x0000000088200000| Untracked 
| 131|0x0000000088300000, 0x0000000088300000, 0x0000000088400000|  0%| F|  |TAMS 0x0000000088300000, 0x0000000088300000| Untracked 
| 132|0x0000000088400000, 0x0000000088400000, 0x0000000088500000|  0%| F|  |TAMS 0x0000000088400000, 0x0000000088400000| Untracked 
| 133|0x0000000088500000, 0x0000000088500000, 0x0000000088600000|  0%| F|  |TAMS 0x0000000088500000, 0x0000000088500000| Untracked 
| 134|0x0000000088600000, 0x0000000088600000, 0x0000000088700000|  0%| F|  |TAMS 0x0000000088600000, 0x0000000088600000| Untracked 
| 135|0x0000000088700000, 0x0000000088700000, 0x0000000088800000|  0%| F|  |TAMS 0x0000000088700000, 0x0000000088700000| Untracked 
| 136|0x0000000088800000, 0x0000000088800000, 0x0000000088900000|  0%| F|  |TAMS 0x0000000088800000, 0x0000000088800000| Untracked 
| 137|0x0000000088900000, 0x0000000088900000, 0x0000000088a00000|  0%| F|  |TAMS 0x0000000088900000, 0x0000000088900000| Untracked 
| 138|0x0000000088a00000, 0x0000000088a00000, 0x0000000088b00000|  0%| F|  |TAMS 0x0000000088a00000, 0x0000000088a00000| Untracked 
| 139|0x0000000088b00000, 0x0000000088b00000, 0x0000000088c00000|  0%| F|  |TAMS 0x0000000088b00000, 0x0000000088b00000| Untracked 
| 140|0x0000000088c00000, 0x0000000088c00000, 0x0000000088d00000|  0%| F|  |TAMS 0x0000000088c00000, 0x0000000088c00000| Untracked 
| 141|0x0000000088d00000, 0x0000000088d00000, 0x0000000088e00000|  0%| F|  |TAMS 0x0000000088d00000, 0x0000000088d00000| Untracked 
| 142|0x0000000088e00000, 0x0000000088e00000, 0x0000000088f00000|  0%| F|  |TAMS 0x0000000088e00000, 0x0000000088e00000| Untracked 
| 143|0x0000000088f00000, 0x0000000088f00000, 0x0000000089000000|  0%| F|  |TAMS 0x0000000088f00000, 0x0000000088f00000| Untracked 
| 144|0x0000000089000000, 0x0000000089000000, 0x0000000089100000|  0%| F|  |TAMS 0x0000000089000000, 0x0000000089000000| Untracked 
| 145|0x0000000089100000, 0x0000000089100000, 0x0000000089200000|  0%| F|  |TAMS 0x0000000089100000, 0x0000000089100000| Untracked 
| 146|0x0000000089200000, 0x0000000089200000, 0x0000000089300000|  0%| F|  |TAMS 0x0000000089200000, 0x0000000089200000| Untracked 
| 147|0x0000000089300000, 0x0000000089300000, 0x0000000089400000|  0%| F|  |TAMS 0x0000000089300000, 0x0000000089300000| Untracked 
| 148|0x0000000089400000, 0x0000000089400000, 0x0000000089500000|  0%| F|  |TAMS 0x0000000089400000, 0x0000000089400000| Untracked 
| 149|0x0000000089500000, 0x0000000089500000, 0x0000000089600000|  0%| F|  |TAMS 0x0000000089500000, 0x0000000089500000| Untracked 
| 150|0x0000000089600000, 0x0000000089600000, 0x0000000089700000|  0%| F|  |TAMS 0x0000000089600000, 0x0000000089600000| Untracked 
| 151|0x0000000089700000, 0x0000000089700000, 0x0000000089800000|  0%| F|  |TAMS 0x0000000089700000, 0x0000000089700000| Untracked 
| 152|0x0000000089800000, 0x0000000089800000, 0x0000000089900000|  0%| F|  |TAMS 0x0000000089800000, 0x0000000089800000| Untracked 
| 153|0x0000000089900000, 0x0000000089900000, 0x0000000089a00000|  0%| F|  |TAMS 0x0000000089900000, 0x0000000089900000| Untracked 
| 154|0x0000000089a00000, 0x0000000089a00000, 0x0000000089b00000|  0%| F|  |TAMS 0x0000000089a00000, 0x0000000089a00000| Untracked 
| 155|0x0000000089b00000, 0x0000000089b00000, 0x0000000089c00000|  0%| F|  |TAMS 0x0000000089b00000, 0x0000000089b00000| Untracked 
| 156|0x0000000089c00000, 0x0000000089c00000, 0x0000000089d00000|  0%| F|  |TAMS 0x0000000089c00000, 0x0000000089c00000| Untracked 
| 157|0x0000000089d00000, 0x0000000089d00000, 0x0000000089e00000|  0%| F|  |TAMS 0x0000000089d00000, 0x0000000089d00000| Untracked 
| 158|0x0000000089e00000, 0x0000000089e00000, 0x0000000089f00000|  0%| F|  |TAMS 0x0000000089e00000, 0x0000000089e00000| Untracked 
| 159|0x0000000089f00000, 0x0000000089f00000, 0x000000008a000000|  0%| F|  |TAMS 0x0000000089f00000, 0x0000000089f00000| Untracked 
| 160|0x000000008a000000, 0x000000008a100000, 0x000000008a100000|100%| S|CS|TAMS 0x000000008a000000, 0x000000008a000000| Complete 
| 161|0x000000008a100000, 0x000000008a200000, 0x000000008a200000|100%| S|CS|TAMS 0x000000008a100000, 0x000000008a100000| Complete 
| 162|0x000000008a200000, 0x000000008a300000, 0x000000008a300000|100%| S|CS|TAMS 0x000000008a200000, 0x000000008a200000| Complete 
| 163|0x000000008a300000, 0x000000008a400000, 0x000000008a400000|100%| S|CS|TAMS 0x000000008a300000, 0x000000008a300000| Complete 
| 164|0x000000008a400000, 0x000000008a500000, 0x000000008a500000|100%| S|CS|TAMS 0x000000008a400000, 0x000000008a400000| Complete 
| 165|0x000000008a500000, 0x000000008a500000, 0x000000008a600000|  0%| F|  |TAMS 0x000000008a500000, 0x000000008a500000| Untracked 
| 166|0x000000008a600000, 0x000000008a600000, 0x000000008a700000|  0%| F|  |TAMS 0x000000008a600000, 0x000000008a600000| Untracked 
| 167|0x000000008a700000, 0x000000008a700000, 0x000000008a800000|  0%| F|  |TAMS 0x000000008a700000, 0x000000008a700000| Untracked 
| 168|0x000000008a800000, 0x000000008a800000, 0x000000008a900000|  0%| F|  |TAMS 0x000000008a800000, 0x000000008a800000| Untracked 
| 169|0x000000008a900000, 0x000000008a900000, 0x000000008aa00000|  0%| F|  |TAMS 0x000000008a900000, 0x000000008a900000| Untracked 
| 170|0x000000008aa00000, 0x000000008aa00000, 0x000000008ab00000|  0%| F|  |TAMS 0x000000008aa00000, 0x000000008aa00000| Untracked 
| 171|0x000000008ab00000, 0x000000008ab00000, 0x000000008ac00000|  0%| F|  |TAMS 0x000000008ab00000, 0x000000008ab00000| Untracked 
| 172|0x000000008ac00000, 0x000000008ac00000, 0x000000008ad00000|  0%| F|  |TAMS 0x000000008ac00000, 0x000000008ac00000| Untracked 
| 173|0x000000008ad00000, 0x000000008ad00000, 0x000000008ae00000|  0%| F|  |TAMS 0x000000008ad00000, 0x000000008ad00000| Untracked 
| 174|0x000000008ae00000, 0x000000008ae00000, 0x000000008af00000|  0%| F|  |TAMS 0x000000008ae00000, 0x000000008ae00000| Untracked 
| 175|0x000000008af00000, 0x000000008af00000, 0x000000008b000000|  0%| F|  |TAMS 0x000000008af00000, 0x000000008af00000| Untracked 
| 176|0x000000008b000000, 0x000000008b000000, 0x000000008b100000|  0%| F|  |TAMS 0x000000008b000000, 0x000000008b000000| Untracked 
| 177|0x000000008b100000, 0x000000008b100000, 0x000000008b200000|  0%| F|  |TAMS 0x000000008b100000, 0x000000008b100000| Untracked 
| 178|0x000000008b200000, 0x000000008b200000, 0x000000008b300000|  0%| F|  |TAMS 0x000000008b200000, 0x000000008b200000| Untracked 
| 179|0x000000008b300000, 0x000000008b300000, 0x000000008b400000|  0%| F|  |TAMS 0x000000008b300000, 0x000000008b300000| Untracked 
| 180|0x000000008b400000, 0x000000008b400000, 0x000000008b500000|  0%| F|  |TAMS 0x000000008b400000, 0x000000008b400000| Untracked 
| 181|0x000000008b500000, 0x000000008b500000, 0x000000008b600000|  0%| F|  |TAMS 0x000000008b500000, 0x000000008b500000| Untracked 
| 182|0x000000008b600000, 0x000000008b600000, 0x000000008b700000|  0%| F|  |TAMS 0x000000008b600000, 0x000000008b600000| Untracked 
| 183|0x000000008b700000, 0x000000008b700000, 0x000000008b800000|  0%| F|  |TAMS 0x000000008b700000, 0x000000008b700000| Untracked 
| 184|0x000000008b800000, 0x000000008b800000, 0x000000008b900000|  0%| F|  |TAMS 0x000000008b800000, 0x000000008b800000| Untracked 
| 185|0x000000008b900000, 0x000000008b900000, 0x000000008ba00000|  0%| F|  |TAMS 0x000000008b900000, 0x000000008b900000| Untracked 
| 186|0x000000008ba00000, 0x000000008ba00000, 0x000000008bb00000|  0%| F|  |TAMS 0x000000008ba00000, 0x000000008ba00000| Untracked 
| 187|0x000000008bb00000, 0x000000008bb00000, 0x000000008bc00000|  0%| F|  |TAMS 0x000000008bb00000, 0x000000008bb00000| Untracked 
| 188|0x000000008bc00000, 0x000000008bc00000, 0x000000008bd00000|  0%| F|  |TAMS 0x000000008bc00000, 0x000000008bc00000| Untracked 
| 189|0x000000008bd00000, 0x000000008bd00000, 0x000000008be00000|  0%| F|  |TAMS 0x000000008bd00000, 0x000000008bd00000| Untracked 
| 190|0x000000008be00000, 0x000000008be00000, 0x000000008bf00000|  0%| F|  |TAMS 0x000000008be00000, 0x000000008be00000| Untracked 
| 191|0x000000008bf00000, 0x000000008bf00000, 0x000000008c000000|  0%| F|  |TAMS 0x000000008bf00000, 0x000000008bf00000| Untracked 
| 192|0x000000008c000000, 0x000000008c000000, 0x000000008c100000|  0%| F|  |TAMS 0x000000008c000000, 0x000000008c000000| Untracked 
| 193|0x000000008c100000, 0x000000008c100000, 0x000000008c200000|  0%| F|  |TAMS 0x000000008c100000, 0x000000008c100000| Untracked 
| 194|0x000000008c200000, 0x000000008c200000, 0x000000008c300000|  0%| F|  |TAMS 0x000000008c200000, 0x000000008c200000| Untracked 
| 195|0x000000008c300000, 0x000000008c300000, 0x000000008c400000|  0%| F|  |TAMS 0x000000008c300000, 0x000000008c300000| Untracked 
| 196|0x000000008c400000, 0x000000008c400000, 0x000000008c500000|  0%| F|  |TAMS 0x000000008c400000, 0x000000008c400000| Untracked 
| 197|0x000000008c500000, 0x000000008c500000, 0x000000008c600000|  0%| F|  |TAMS 0x000000008c500000, 0x000000008c500000| Untracked 
| 198|0x000000008c600000, 0x000000008c600000, 0x000000008c700000|  0%| F|  |TAMS 0x000000008c600000, 0x000000008c600000| Untracked 
| 199|0x000000008c700000, 0x000000008c700000, 0x000000008c800000|  0%| F|  |TAMS 0x000000008c700000, 0x000000008c700000| Untracked 
| 200|0x000000008c800000, 0x000000008c800000, 0x000000008c900000|  0%| F|  |TAMS 0x000000008c800000, 0x000000008c800000| Untracked 
| 201|0x000000008c900000, 0x000000008c900000, 0x000000008ca00000|  0%| F|  |TAMS 0x000000008c900000, 0x000000008c900000| Untracked 
| 202|0x000000008ca00000, 0x000000008ca00000, 0x000000008cb00000|  0%| F|  |TAMS 0x000000008ca00000, 0x000000008ca00000| Untracked 
| 203|0x000000008cb00000, 0x000000008cb00000, 0x000000008cc00000|  0%| F|  |TAMS 0x000000008cb00000, 0x000000008cb00000| Untracked 
| 204|0x000000008cc00000, 0x000000008cc00000, 0x000000008cd00000|  0%| F|  |TAMS 0x000000008cc00000, 0x000000008cc00000| Untracked 

Card table byte_map: [0x000001a3b5b30000,0x000001a3b5f30000] _byte_map_base: 0x000001a3b5730000

Marking Bits (Prev, Next): (CMBitMap*) 0x000001a3a106a2a0, (CMBitMap*) 0x000001a3a106a2e0
 Prev Bits: [0x000001a3b6330000, 0x000001a3b8330000)
 Next Bits: [0x000001a3b8330000, 0x000001a3ba330000)

Polling page: 0x000001a3a10d0000

Metaspace:

Usage:
  Non-class:     79.32 MB used.
      Class:     12.37 MB used.
       Both:     91.70 MB used.

Virtual space:
  Non-class space:       88.00 MB reserved,      79.69 MB ( 91%) committed,  11 nodes.
      Class space:        1.00 GB reserved,      12.75 MB (  1%) committed,  1 nodes.
             Both:        1.09 GB reserved,      92.44 MB (  8%) committed. 

Chunk freelists:
   Non-Class:  3.47 MB
       Class:  3.11 MB
        Both:  6.58 MB

MaxMetaspaceSize: unlimited
CompressedClassSpaceSize: 1.00 GB
Initial GC threshold: 21.00 MB
Current GC threshold: 154.06 MB
CDS: off
MetaspaceReclaimPolicy: balanced
 - commit_granule_bytes: 65536.
 - commit_granule_words: 8192.
 - virtual_space_node_default_size: 1048576.
 - enlarge_chunks_in_place: 1.
 - new_chunks_are_fully_committed: 0.
 - uncommit_free_chunks: 1.
 - use_allocation_guard: 0.
 - handle_deallocations: 1.


Internal statistics:

num_allocs_failed_limit: 6.
num_arena_births: 928.
num_arena_deaths: 0.
num_vsnodes_births: 12.
num_vsnodes_deaths: 0.
num_space_committed: 1478.
num_space_uncommitted: 0.
num_chunks_returned_to_freelist: 6.
num_chunks_taken_from_freelist: 4363.
num_chunk_merges: 6.
num_chunk_splits: 2950.
num_chunks_enlarged: 2010.
num_purges: 0.
num_inconsistent_stats: 0.

CodeHeap 'non-profiled nmethods': size=120000Kb used=4267Kb max_used=4267Kb free=115733Kb
 bounds [0x000001a3ad7a0000, 0x000001a3adbd0000, 0x000001a3b4cd0000]
CodeHeap 'profiled nmethods': size=120000Kb used=16972Kb max_used=16972Kb free=103027Kb
 bounds [0x000001a3a5cd0000, 0x000001a3a6d70000, 0x000001a3ad200000]
CodeHeap 'non-nmethods': size=5760Kb used=2389Kb max_used=2425Kb free=3370Kb
 bounds [0x000001a3ad200000, 0x000001a3ad470000, 0x000001a3ad7a0000]
 total_blobs=9491 nmethods=8567 adapters=836
 compilation: enabled
              stopped_count=0, restarted_count=0
 full_count=0

Compilation events (20 events):
Event: 28.649 Thread 0x000001a3bd836ce0 9561       3       jdk.internal.misc.Unsafe::alignToHeapWordSize (29 bytes)
Event: 28.649 Thread 0x000001a3bd836ce0 nmethod 9561 0x000001a3a6d62110 code [0x000001a3a6d622c0, 0x000001a3a6d62548]
Event: 28.655 Thread 0x000001a3bd82c9d0 nmethod 9553 0x000001a3adbc6290 code [0x000001a3adbc64a0, 0x000001a3adbc7b48]
Event: 28.655 Thread 0x000001a3bd82c9d0 9562       4       java.util.ArrayList$ArrayListSpliterator::estimateSize (11 bytes)
Event: 28.656 Thread 0x000001a3bd82c9d0 nmethod 9562 0x000001a3adbc8d10 code [0x000001a3adbc8e80, 0x000001a3adbc8f38]
Event: 28.656 Thread 0x000001a3bd82c9d0 9554       4       org.gradle.cache.internal.btree.BTreePersistentIndexedCache::access$1200 (10 bytes)
Event: 28.660 Thread 0x000001a3bd82c9d0 nmethod 9554 0x000001a3adbc9010 code [0x000001a3adbc91a0, 0x000001a3adbc94b8]
Event: 28.660 Thread 0x000001a3bd82c9d0 9557       4       java.lang.Math::addExact (32 bytes)
Event: 28.660 Thread 0x000001a3bd82c9d0 nmethod 9557 0x000001a3adbc9710 code [0x000001a3adbc9880, 0x000001a3adbc9918]
Event: 28.660 Thread 0x000001a3bd82c9d0 9558       4       java.lang.Math::multiplyExact (74 bytes)
Event: 28.662 Thread 0x000001a3bd82c9d0 nmethod 9558 0x000001a3adbc9a10 code [0x000001a3adbc9b80, 0x000001a3adbc9cd8]
Event: 28.667 Thread 0x000001a3bd82c9d0 9563       4       java.util.concurrent.locks.AbstractQueuedSynchronizer$ConditionObject::enableWait (84 bytes)
Event: 28.668 Thread 0x000001a3bd836ce0 9565       3       sun.nio.fs.NativeBuffer$Deallocator::<init> (10 bytes)
Event: 28.668 Thread 0x000001a3bd836ce0 nmethod 9565 0x000001a3a6d62690 code [0x000001a3a6d62820, 0x000001a3a6d62998]
Event: 28.678 Thread 0x000001a3bd82c9d0 nmethod 9563 0x000001a3adbc9d90 code [0x000001a3adbc9f40, 0x000001a3adbca608]
Event: 28.678 Thread 0x000001a3bd82c9d0 9564       4       com.google.common.base.Ticker$1::read (4 bytes)
Event: 28.678 Thread 0x000001a3bd82c9d0 nmethod 9564 0x000001a3adbca910 code [0x000001a3adbcaa80, 0x000001a3adbcab18]
Event: 28.678 Thread 0x000001a3bd82c9d0 9566       4       org.gradle.cache.internal.btree.CachingBlockStore::read (56 bytes)
Event: 28.686 Thread 0x000001a3bd836ce0 9567       3       sun.nio.fs.NativeBuffer::<init> (44 bytes)
Event: 28.687 Thread 0x000001a3bd836ce0 nmethod 9567 0x000001a3a6d62a90 code [0x000001a3a6d62c60, 0x000001a3a6d63038]

GC Heap History (20 events):
Event: 20.255 GC heap after
{Heap after GC invocations=36 (full 0):
 garbage-first heap   total 159744K, used 82444K [0x0000000080000000, 0x0000000100000000)
  region size 1024K, 1 young (1024K), 1 survivors (1024K)
 Metaspace       used 70890K, committed 71552K, reserved 1114112K
  class space    used 9384K, committed 9664K, reserved 1048576K
}
Event: 21.577 GC heap before
{Heap before GC invocations=36 (full 0):
 garbage-first heap   total 159744K, used 124428K [0x0000000080000000, 0x0000000100000000)
  region size 1024K, 42 young (43008K), 1 survivors (1024K)
 Metaspace       used 75402K, committed 76096K, reserved 1122304K
  class space    used 10000K, committed 10304K, reserved 1048576K
}
Event: 21.583 GC heap after
{Heap after GC invocations=37 (full 0):
 garbage-first heap   total 159744K, used 84376K [0x0000000080000000, 0x0000000100000000)
  region size 1024K, 3 young (3072K), 3 survivors (3072K)
 Metaspace       used 75402K, committed 76096K, reserved 1122304K
  class space    used 10000K, committed 10304K, reserved 1048576K
}
Event: 22.898 GC heap before
{Heap before GC invocations=38 (full 0):
 garbage-first heap   total 159744K, used 126360K [0x0000000080000000, 0x0000000100000000)
  region size 1024K, 44 young (45056K), 3 survivors (3072K)
 Metaspace       used 78945K, committed 79616K, reserved 1122304K
  class space    used 10451K, committed 10816K, reserved 1048576K
}
Event: 22.909 GC heap after
{Heap after GC invocations=39 (full 0):
 garbage-first heap   total 159744K, used 89072K [0x0000000080000000, 0x0000000100000000)
  region size 1024K, 6 young (6144K), 6 survivors (6144K)
 Metaspace       used 78945K, committed 79616K, reserved 1122304K
  class space    used 10451K, committed 10816K, reserved 1048576K
}
Event: 22.930 GC heap before
{Heap before GC invocations=39 (full 0):
 garbage-first heap   total 159744K, used 89072K [0x0000000080000000, 0x0000000100000000)
  region size 1024K, 7 young (7168K), 6 survivors (6144K)
 Metaspace       used 78952K, committed 79616K, reserved 1122304K
  class space    used 10451K, committed 10816K, reserved 1048576K
}
Event: 22.938 GC heap after
{Heap after GC invocations=40 (full 0):
 garbage-first heap   total 159744K, used 89906K [0x0000000080000000, 0x0000000100000000)
  region size 1024K, 1 young (1024K), 1 survivors (1024K)
 Metaspace       used 78952K, committed 79616K, reserved 1122304K
  class space    used 10451K, committed 10816K, reserved 1048576K
}
Event: 23.916 GC heap before
{Heap before GC invocations=40 (full 0):
 garbage-first heap   total 159744K, used 129842K [0x0000000080000000, 0x0000000100000000)
  region size 1024K, 39 young (39936K), 1 survivors (1024K)
 Metaspace       used 82723K, committed 83392K, reserved 1122304K
  class space    used 11014K, committed 11328K, reserved 1048576K
}
Event: 23.920 GC heap after
{Heap after GC invocations=41 (full 0):
 garbage-first heap   total 159744K, used 90675K [0x0000000080000000, 0x0000000100000000)
  region size 1024K, 2 young (2048K), 2 survivors (2048K)
 Metaspace       used 82723K, committed 83392K, reserved 1122304K
  class space    used 11014K, committed 11328K, reserved 1048576K
}
Event: 25.306 GC heap before
{Heap before GC invocations=41 (full 0):
 garbage-first heap   total 159744K, used 130611K [0x0000000080000000, 0x0000000100000000)
  region size 1024K, 41 young (41984K), 2 survivors (2048K)
 Metaspace       used 87207K, committed 87936K, reserved 1130496K
  class space    used 11773K, committed 12096K, reserved 1048576K
}
Event: 25.312 GC heap after
{Heap after GC invocations=42 (full 0):
 garbage-first heap   total 159744K, used 93317K [0x0000000080000000, 0x0000000100000000)
  region size 1024K, 5 young (5120K), 5 survivors (5120K)
 Metaspace       used 87207K, committed 87936K, reserved 1130496K
  class space    used 11773K, committed 12096K, reserved 1048576K
}
Event: 26.515 GC heap before
{Heap before GC invocations=42 (full 0):
 garbage-first heap   total 159744K, used 131205K [0x0000000080000000, 0x0000000100000000)
  region size 1024K, 42 young (43008K), 5 survivors (5120K)
 Metaspace       used 91343K, committed 92032K, reserved 1130496K
  class space    used 12262K, committed 12608K, reserved 1048576K
}
Event: 26.527 GC heap after
{Heap after GC invocations=43 (full 0):
 garbage-first heap   total 159744K, used 97910K [0x0000000080000000, 0x0000000100000000)
  region size 1024K, 6 young (6144K), 6 survivors (6144K)
 Metaspace       used 91343K, committed 92032K, reserved 1130496K
  class space    used 12262K, committed 12608K, reserved 1048576K
}
Event: 27.385 GC heap before
{Heap before GC invocations=43 (full 0):
 garbage-first heap   total 159744K, used 131702K [0x0000000080000000, 0x0000000100000000)
  region size 1024K, 30 young (30720K), 6 survivors (6144K)
 Metaspace       used 93872K, committed 94656K, reserved 1138688K
  class space    used 12668K, committed 13056K, reserved 1048576K
}
Event: 27.394 GC heap after
{Heap after GC invocations=44 (full 0):
 garbage-first heap   total 159744K, used 111923K [0x0000000080000000, 0x0000000100000000)
  region size 1024K, 4 young (4096K), 4 survivors (4096K)
 Metaspace       used 93872K, committed 94656K, reserved 1138688K
  class space    used 12668K, committed 13056K, reserved 1048576K
}
Event: 27.603 GC heap before
{Heap before GC invocations=45 (full 0):
 garbage-first heap   total 209920K, used 134451K [0x0000000080000000, 0x0000000100000000)
  region size 1024K, 25 young (25600K), 4 survivors (4096K)
 Metaspace       used 93877K, committed 94656K, reserved 1138688K
  class space    used 12669K, committed 13056K, reserved 1048576K
}
Event: 27.613 GC heap after
{Heap after GC invocations=46 (full 0):
 garbage-first heap   total 209920K, used 121980K [0x0000000080000000, 0x0000000100000000)
  region size 1024K, 4 young (4096K), 4 survivors (4096K)
 Metaspace       used 93877K, committed 94656K, reserved 1138688K
  class space    used 12669K, committed 13056K, reserved 1048576K
}
Event: 27.652 GC heap before
{Heap before GC invocations=46 (full 0):
 garbage-first heap   total 209920K, used 128124K [0x0000000080000000, 0x0000000100000000)
  region size 1024K, 10 young (10240K), 4 survivors (4096K)
 Metaspace       used 93877K, committed 94656K, reserved 1138688K
  class space    used 12669K, committed 13056K, reserved 1048576K
}
Event: 27.660 GC heap after
{Heap after GC invocations=47 (full 0):
 garbage-first heap   total 209920K, used 123569K [0x0000000080000000, 0x0000000100000000)
  region size 1024K, 2 young (2048K), 2 survivors (2048K)
 Metaspace       used 93877K, committed 94656K, reserved 1138688K
  class space    used 12669K, committed 13056K, reserved 1048576K
}
Event: 28.701 GC heap before
{Heap before GC invocations=47 (full 0):
 garbage-first heap   total 209920K, used 161457K [0x0000000080000000, 0x0000000100000000)
  region size 1024K, 40 young (40960K), 2 survivors (2048K)
 Metaspace       used 93897K, committed 94656K, reserved 1138688K
  class space    used 12670K, committed 13056K, reserved 1048576K
}

Dll operation events (2 events):
Event: 0.019 Loaded shared library C:\Program Files\Android\Android Studio\jbr\bin\java.dll
Event: 0.912 Loaded shared library C:\Program Files\Android\Android Studio\jbr\bin\verify.dll

Deoptimization events (20 events):
Event: 27.396 Thread 0x000001a3c187c4a0 DEOPT PACKING pc=0x000001a3ad8c7dd4 sp=0x0000007c1ddfe410
Event: 27.396 Thread 0x000001a3c187c4a0 DEOPT UNPACKING pc=0x000001a3ad2569a3 sp=0x0000007c1ddfe3c0 mode 2
Event: 27.396 Thread 0x000001a3c187c4a0 Uncommon trap: trap_request=0xffffff45 fr.pc=0x000001a3ad925e40 relative=0x0000000000002980
Event: 27.396 Thread 0x000001a3c187c4a0 Uncommon trap: reason=unstable_if action=reinterpret pc=0x000001a3ad925e40 method=com.google.common.collect.MapMakerInternalMap$Segment.drainKeyReferenceQueue(Ljava/lang/ref/ReferenceQueue;)V @ 8 c2
Event: 27.396 Thread 0x000001a3c187c4a0 DEOPT PACKING pc=0x000001a3ad925e40 sp=0x0000007c1ddfe3d0
Event: 27.396 Thread 0x000001a3c187c4a0 DEOPT UNPACKING pc=0x000001a3ad2569a3 sp=0x0000007c1ddfe030 mode 2
Event: 27.845 Thread 0x000001a3c1c9ea60 Uncommon trap: trap_request=0xffffff45 fr.pc=0x000001a3ad9c0ef8 relative=0x0000000000000538
Event: 27.845 Thread 0x000001a3c1c9ea60 Uncommon trap: reason=unstable_if action=reinterpret pc=0x000001a3ad9c0ef8 method=java.lang.StringLatin1.compareToCI([B[B)I @ 68 c2
Event: 27.845 Thread 0x000001a3c1c9ea60 DEOPT PACKING pc=0x000001a3ad9c0ef8 sp=0x0000007c214fb890
Event: 27.845 Thread 0x000001a3c1c9ea60 DEOPT UNPACKING pc=0x000001a3ad2569a3 sp=0x0000007c214fb780 mode 2
Event: 27.845 Thread 0x000001a3c1c9ea60 Uncommon trap: trap_request=0xffffff45 fr.pc=0x000001a3ad928a1c relative=0x00000000000004dc
Event: 27.845 Thread 0x000001a3c1c9ea60 Uncommon trap: reason=unstable_if action=reinterpret pc=0x000001a3ad928a1c method=java.lang.StringLatin1.compareToCI([B[B)I @ 68 c2
Event: 27.845 Thread 0x000001a3c1c9ea60 DEOPT PACKING pc=0x000001a3ad928a1c sp=0x0000007c214fb7f0
Event: 27.845 Thread 0x000001a3c1c9ea60 DEOPT UNPACKING pc=0x000001a3ad2569a3 sp=0x0000007c214fb778 mode 2
Event: 28.255 Thread 0x000001a3be9a3c60 Uncommon trap: trap_request=0xffffffc6 fr.pc=0x000001a3adbb44bc relative=0x000000000000093c
Event: 28.255 Thread 0x000001a3be9a3c60 Uncommon trap: reason=bimorphic_or_optimized_type_check action=maybe_recompile pc=0x000001a3adbb44bc method=java.util.stream.ReduceOps$ReduceOp.evaluateSequential(Ljava/util/stream/PipelineHelper;Ljava/util/Spliterator;)Ljava/lang/Object; @ 6 c2
Event: 28.255 Thread 0x000001a3be9a3c60 DEOPT PACKING pc=0x000001a3adbb44bc sp=0x0000007c1befeff0
Event: 28.255 Thread 0x000001a3be9a3c60 DEOPT UNPACKING pc=0x000001a3ad2569a3 sp=0x0000007c1befef98 mode 2
Event: 28.568 Thread 0x000001a3c1c9ea60 DEOPT PACKING pc=0x000001a3a6d3f717 sp=0x0000007c214fb690
Event: 28.568 Thread 0x000001a3c1c9ea60 DEOPT UNPACKING pc=0x000001a3ad257143 sp=0x0000007c214fab58 mode 0

Classes unloaded (0 events):
No events

Classes redefined (0 events):
No events

Internal exceptions (20 events):
Event: 26.995 Thread 0x000001a3c0b5f210 Exception <a 'java/lang/ClassNotFoundException'{0x0000000088f7fd18}: com/google/common/collect/SingletonImmutableListCustomizer> (0x0000000088f7fd18) 
thrown [s\src\hotspot\share\classfile\systemDictionary.cpp, line 256]
Event: 27.005 Thread 0x000001a3c0b5f210 Exception <a 'java/lang/ClassNotFoundException'{0x0000000088fe7458}: org/gradle/api/DefaultTask_DecoratedBeanInfo> (0x0000000088fe7458) 
thrown [s\src\hotspot\share\classfile\systemDictionary.cpp, line 256]
Event: 27.006 Thread 0x000001a3c0b5f210 Exception <a 'java/lang/ClassNotFoundException'{0x0000000088ff1c60}: org/gradle/api/DefaultTaskBeanInfo> (0x0000000088ff1c60) 
thrown [s\src\hotspot\share\classfile\systemDictionary.cpp, line 256]
Event: 27.007 Thread 0x000001a3c0b5f210 Exception <a 'java/lang/ClassNotFoundException'{0x0000000088ffd690}: org/gradle/api/internal/AbstractTaskBeanInfo> (0x0000000088ffd690) 
thrown [s\src\hotspot\share\classfile\systemDictionary.cpp, line 256]
Event: 27.008 Thread 0x000001a3c0b5f210 Exception <a 'java/lang/ClassNotFoundException'{0x0000000088e08ae8}: org/gradle/api/internal/AbstractTaskCustomizer> (0x0000000088e08ae8) 
thrown [s\src\hotspot\share\classfile\systemDictionary.cpp, line 256]
Event: 27.013 Thread 0x000001a3c0b5f210 Exception <a 'java/lang/ClassNotFoundException'{0x0000000088e638d8}: org/gradle/api/DefaultTaskCustomizer> (0x0000000088e638d8) 
thrown [s\src\hotspot\share\classfile\systemDictionary.cpp, line 256]
Event: 27.021 Thread 0x000001a3c0b5f210 Exception <a 'java/lang/ClassNotFoundException'{0x0000000088ecaae8}: org/gradle/api/DefaultTask_DecoratedCustomizer> (0x0000000088ecaae8) 
thrown [s\src\hotspot\share\classfile\systemDictionary.cpp, line 256]
Event: 27.030 Thread 0x000001a3c0b5f210 Exception <a 'java/lang/ClassNotFoundException'{0x0000000088d12668}: org/gradle/api/tasks/testing/AbstractTestTaskBeanInfo> (0x0000000088d12668) 
thrown [s\src\hotspot\share\classfile\systemDictionary.cpp, line 256]
Event: 27.030 Thread 0x000001a3c0b5f210 Exception <a 'java/lang/ClassNotFoundException'{0x0000000088d1d0a8}: org/gradle/api/internal/ConventionTaskBeanInfo> (0x0000000088d1d0a8) 
thrown [s\src\hotspot\share\classfile\systemDictionary.cpp, line 256]
Event: 27.031 Thread 0x000001a3c0b5f210 Exception <a 'java/lang/ClassNotFoundException'{0x0000000088d27b38}: org/gradle/api/internal/ConventionTaskCustomizer> (0x0000000088d27b38) 
thrown [s\src\hotspot\share\classfile\systemDictionary.cpp, line 256]
Event: 27.033 Thread 0x000001a3c0b5f210 Exception <a 'java/lang/ClassNotFoundException'{0x0000000088d448a8}: org/gradle/api/tasks/testing/AbstractTestTaskCustomizer> (0x0000000088d448a8) 
thrown [s\src\hotspot\share\classfile\systemDictionary.cpp, line 256]
Event: 27.170 Thread 0x000001a3c0b5e3a0 Exception <a 'java/lang/NoSuchMethodError'{0x000000008892db48}: static Lorg/gradle/internal/build/event/types/DefaultTaskStartedProgressEvent;.<clinit>()V> (0x000000008892db48) 
thrown [s\src\hotspot\share\prims\jni.cpp, line 1108]
Event: 27.170 Thread 0x000001a3c0b5e3a0 Exception <a 'java/lang/NoSuchMethodError'{0x000000008892f7f0}: static Lorg/gradle/internal/build/event/types/AbstractProgressEvent;.<clinit>()V> (0x000000008892f7f0) 
thrown [s\src\hotspot\share\prims\jni.cpp, line 1108]
Event: 27.172 Thread 0x000001a3c0b5e3a0 Exception <a 'java/lang/NoSuchMethodError'{0x00000000889580b8}: static Lorg/gradle/internal/build/event/types/DefaultTaskDescriptor;.<clinit>()V> (0x00000000889580b8) 
thrown [s\src\hotspot\share\prims\jni.cpp, line 1108]
Event: 27.177 Thread 0x000001a3c0b5e3a0 Exception <a 'java/lang/NoSuchMethodError'{0x0000000088964b08}: static Lorg/gradle/internal/operations/OperationIdentifier;.<clinit>()V> (0x0000000088964b08) 
thrown [s\src\hotspot\share\prims\jni.cpp, line 1108]
Event: 27.179 Thread 0x000001a3c0b5e3a0 Exception <a 'java/lang/NoSuchMethodError'{0x000000008896f208}: static Lorg/gradle/internal/build/event/types/DefaultTaskFinishedProgressEvent;.<clinit>()V> (0x000000008896f208) 
thrown [s\src\hotspot\share\prims\jni.cpp, line 1108]
Event: 27.182 Thread 0x000001a3c0b5e3a0 Exception <a 'java/lang/NoSuchMethodError'{0x00000000889a9f38}: static Lorg/gradle/internal/build/event/types/DefaultTaskSuccessResult;.<clinit>()V> (0x00000000889a9f38) 
thrown [s\src\hotspot\share\prims\jni.cpp, line 1108]
Event: 27.182 Thread 0x000001a3c0b5e3a0 Exception <a 'java/lang/NoSuchMethodError'{0x00000000889ab630}: static Lorg/gradle/internal/build/event/types/AbstractTaskResult;.<clinit>()V> (0x00000000889ab630) 
thrown [s\src\hotspot\share\prims\jni.cpp, line 1108]
Event: 27.183 Thread 0x000001a3c0b5e3a0 Exception <a 'java/lang/NoSuchMethodError'{0x00000000889ad3f0}: static Lorg/gradle/internal/build/event/types/AbstractResult;.<clinit>()V> (0x00000000889ad3f0) 
thrown [s\src\hotspot\share\prims\jni.cpp, line 1108]
Event: 27.370 Thread 0x000001a3c1c9ea60 Exception <a 'java/lang/NoSuchMethodError'{0x0000000088426080}: 'java.lang.Object java.lang.invoke.DirectMethodHandle$Holder.invokeSpecialIFC(java.lang.Object, java.lang.Object, java.lang.Object)'> (0x0000000088426080) 
thrown [s\src\hotspot\share\interpreter\linkResolver.cpp, line 771]

VM Operations (20 events):
Event: 27.166 Executing VM operation: HandshakeAllThreads done
Event: 27.173 Executing VM operation: HandshakeAllThreads
Event: 27.174 Executing VM operation: HandshakeAllThreads done
Event: 27.319 Executing VM operation: HandshakeAllThreads
Event: 27.320 Executing VM operation: HandshakeAllThreads done
Event: 27.324 Executing VM operation: ICBufferFull
Event: 27.324 Executing VM operation: ICBufferFull done
Event: 27.385 Executing VM operation: G1TryInitiateConcMark
Event: 27.394 Executing VM operation: G1TryInitiateConcMark done
Event: 27.501 Executing VM operation: G1Concurrent
Event: 27.508 Executing VM operation: G1Concurrent done
Event: 27.555 Executing VM operation: G1Concurrent
Event: 27.555 Executing VM operation: G1Concurrent done
Event: 27.603 Executing VM operation: G1CollectForAllocation
Event: 27.613 Executing VM operation: G1CollectForAllocation done
Event: 27.652 Executing VM operation: G1CollectForAllocation
Event: 27.660 Executing VM operation: G1CollectForAllocation done
Event: 28.663 Executing VM operation: Cleanup
Event: 28.664 Executing VM operation: Cleanup done
Event: 28.701 Executing VM operation: G1CollectForAllocation

Events (20 events):
Event: 26.815 loading class java/io/ObjectOutputStream$PutFieldImpl done
Event: 26.985 loading class java/util/AbstractCollectionBeanInfo
Event: 26.985 loading class java/util/AbstractCollectionBeanInfo done
Event: 26.985 loading class java/util/AbstractCollectionBeanInfo
Event: 26.985 loading class java/util/AbstractCollectionBeanInfo done
Event: 26.985 loading class java/util/AbstractCollectionCustomizer
Event: 26.985 loading class java/util/AbstractCollectionCustomizer done
Event: 26.986 loading class java/util/AbstractCollectionCustomizer
Event: 26.986 loading class java/util/AbstractCollectionCustomizer done
Event: 27.059 Thread 0x000001a3c3e8b890 Thread added: 0x000001a3c3e8b890
Event: 27.075 Thread 0x000001a3c3e88d40 Thread added: 0x000001a3c3e88d40
Event: 27.075 Thread 0x000001a3c3e8aa20 Thread added: 0x000001a3c3e8aa20
Event: 27.076 Thread 0x000001a3c3e8da40 Thread added: 0x000001a3c3e8da40
Event: 27.076 Thread 0x000001a3c3e8aef0 Thread added: 0x000001a3c3e8aef0
Event: 27.076 Thread 0x000001a3c3e8b3c0 Thread added: 0x000001a3c3e8b3c0
Event: 27.076 Thread 0x000001a3c3e8e8b0 Thread added: 0x000001a3c3e8e8b0
Event: 27.076 Thread 0x000001a3c3e88870 Thread added: 0x000001a3c3e88870
Event: 27.127 Thread 0x000001a3c3e89210 Thread added: 0x000001a3c3e89210
Event: 27.159 loading class java/util/TreeMap$KeySpliterator
Event: 27.160 loading class java/util/TreeMap$KeySpliterator done


Dynamic libraries:
0x00007ff664d50000 - 0x00007ff664d5a000 	C:\Program Files\Android\Android Studio\jbr\bin\java.exe
0x00007ffe669d0000 - 0x00007ffe66be6000 	C:\WINDOWS\SYSTEM32\ntdll.dll
0x00007ffe659c0000 - 0x00007ffe65a84000 	C:\WINDOWS\System32\KERNEL32.DLL
0x00007ffe63fa0000 - 0x00007ffe64346000 	C:\WINDOWS\System32\KERNELBASE.dll
0x00007ffe63d10000 - 0x00007ffe63e21000 	C:\WINDOWS\System32\ucrtbase.dll
0x00007ffe58370000 - 0x00007ffe5838b000 	C:\Program Files\Android\Android Studio\jbr\bin\VCRUNTIME140.dll
0x00007ffe52bd0000 - 0x00007ffe52be7000 	C:\Program Files\Android\Android Studio\jbr\bin\jli.dll
0x00007ffe65430000 - 0x00007ffe655dd000 	C:\WINDOWS\System32\USER32.dll
0x00007ffe63ed0000 - 0x00007ffe63ef6000 	C:\WINDOWS\System32\win32u.dll
0x00007ffe5a150000 - 0x00007ffe5a3e3000 	C:\WINDOWS\WinSxS\amd64_microsoft.windows.common-controls_6595b64144ccf1df_6.0.22621.3235_none_270f74e173860f98\COMCTL32.dll
0x00007ffe64940000 - 0x00007ffe64969000 	C:\WINDOWS\System32\GDI32.dll
0x00007ffe655e0000 - 0x00007ffe65687000 	C:\WINDOWS\System32\msvcrt.dll
0x00007ffe64540000 - 0x00007ffe64658000 	C:\WINDOWS\System32\gdi32full.dll
0x00007ffe63e30000 - 0x00007ffe63eca000 	C:\WINDOWS\System32\msvcp_win.dll
0x00007ffe665d0000 - 0x00007ffe66601000 	C:\WINDOWS\System32\IMM32.DLL
0x00007ffe5ea40000 - 0x00007ffe5ea4c000 	C:\Program Files\Android\Android Studio\jbr\bin\vcruntime140_1.dll
0x00007ffe33f30000 - 0x00007ffe33fbd000 	C:\Program Files\Android\Android Studio\jbr\bin\msvcp140.dll
0x00007ffe07ce0000 - 0x00007ffe0894e000 	C:\Program Files\Android\Android Studio\jbr\bin\server\jvm.dll
0x00007ffe668d0000 - 0x00007ffe66982000 	C:\WINDOWS\System32\ADVAPI32.dll
0x00007ffe658b0000 - 0x00007ffe65958000 	C:\WINDOWS\System32\sechost.dll
0x00007ffe63f00000 - 0x00007ffe63f28000 	C:\WINDOWS\System32\bcrypt.dll
0x00007ffe65ca0000 - 0x00007ffe65db5000 	C:\WINDOWS\System32\RPCRT4.dll
0x00007ffe5c060000 - 0x00007ffe5c094000 	C:\WINDOWS\SYSTEM32\WINMM.dll
0x00007ffe613f0000 - 0x00007ffe613fa000 	C:\WINDOWS\SYSTEM32\VERSION.dll
0x00007ffe47e90000 - 0x00007ffe47e99000 	C:\WINDOWS\SYSTEM32\WSOCK32.dll
0x00007ffe64970000 - 0x00007ffe649e1000 	C:\WINDOWS\System32\WS2_32.dll
0x00007ffe62d50000 - 0x00007ffe62d68000 	C:\WINDOWS\SYSTEM32\kernel.appcore.dll
0x00007ffe5f170000 - 0x00007ffe5f17a000 	C:\Program Files\Android\Android Studio\jbr\bin\jimage.dll
0x00007ffe57810000 - 0x00007ffe57a43000 	C:\WINDOWS\SYSTEM32\DBGHELP.DLL
0x00007ffe66240000 - 0x00007ffe665c8000 	C:\WINDOWS\System32\combase.dll
0x00007ffe64790000 - 0x00007ffe64867000 	C:\WINDOWS\System32\OLEAUT32.dll
0x00007ffe58390000 - 0x00007ffe583c2000 	C:\WINDOWS\SYSTEM32\dbgcore.DLL
0x00007ffe644c0000 - 0x00007ffe6453a000 	C:\WINDOWS\System32\bcryptPrimitives.dll
0x00007ffe5be40000 - 0x00007ffe5be65000 	C:\Program Files\Android\Android Studio\jbr\bin\java.dll
0x00007ffe5f140000 - 0x00007ffe5f158000 	C:\Program Files\Android\Android Studio\jbr\bin\zip.dll
0x00007ffe649f0000 - 0x00007ffe6524d000 	C:\WINDOWS\System32\SHELL32.dll
0x00007ffe61c70000 - 0x00007ffe62568000 	C:\WINDOWS\SYSTEM32\windows.storage.dll
0x00007ffe61b30000 - 0x00007ffe61c6e000 	C:\WINDOWS\SYSTEM32\wintypes.dll
0x00007ffe66610000 - 0x00007ffe66703000 	C:\WINDOWS\System32\SHCORE.dll
0x00007ffe65960000 - 0x00007ffe659be000 	C:\WINDOWS\System32\shlwapi.dll
0x00007ffe63c40000 - 0x00007ffe63c66000 	C:\WINDOWS\SYSTEM32\profapi.dll
0x00007ffe5e150000 - 0x00007ffe5e169000 	C:\Program Files\Android\Android Studio\jbr\bin\net.dll
0x00007ffe5e170000 - 0x00007ffe5e2a7000 	C:\WINDOWS\SYSTEM32\WINHTTP.dll
0x00007ffe63230000 - 0x00007ffe63299000 	C:\WINDOWS\system32\mswsock.dll
0x00007ffe5bd10000 - 0x00007ffe5bd26000 	C:\Program Files\Android\Android Studio\jbr\bin\nio.dll
0x00007ffe5f110000 - 0x00007ffe5f120000 	C:\Program Files\Android\Android Studio\jbr\bin\verify.dll
0x00007ffe340e0000 - 0x00007ffe34107000 	C:\Users\23480\.gradle\native\68d5fa5c4cc2d200863cafc0d521ce42e7d3e7ee720ec0a83991735586a16f82\windows-amd64\native-platform.dll
0x00007ffe11de0000 - 0x00007ffe11f24000 	C:\Users\23480\.gradle\native\e376f236ea51e6404a007f0833ffe2c6e607c4080706a723a18a27aeea778392\windows-amd64\native-platform-file-events.dll
0x00007ffe5da30000 - 0x00007ffe5da39000 	C:\Program Files\Android\Android Studio\jbr\bin\management.dll
0x00007ffe5be30000 - 0x00007ffe5be3b000 	C:\Program Files\Android\Android Studio\jbr\bin\management_ext.dll
0x00007ffe64720000 - 0x00007ffe64728000 	C:\WINDOWS\System32\PSAPI.DLL
0x00007ffe63480000 - 0x00007ffe6349b000 	C:\WINDOWS\SYSTEM32\CRYPTSP.dll
0x00007ffe62cb0000 - 0x00007ffe62ce5000 	C:\WINDOWS\system32\rsaenh.dll
0x00007ffe63320000 - 0x00007ffe6334c000 	C:\WINDOWS\SYSTEM32\USERENV.dll
0x00007ffe634a0000 - 0x00007ffe634ac000 	C:\WINDOWS\SYSTEM32\CRYPTBASE.dll
0x00007ffe627c0000 - 0x00007ffe627ed000 	C:\WINDOWS\SYSTEM32\IPHLPAPI.DLL
0x00007ffe65690000 - 0x00007ffe65699000 	C:\WINDOWS\System32\NSI.dll
0x00007ffe5e080000 - 0x00007ffe5e099000 	C:\WINDOWS\SYSTEM32\dhcpcsvc6.DLL
0x00007ffe5e060000 - 0x00007ffe5e07f000 	C:\WINDOWS\SYSTEM32\dhcpcsvc.DLL
0x00007ffe627f0000 - 0x00007ffe628e9000 	C:\WINDOWS\SYSTEM32\DNSAPI.dll
0x00007ffe5bd00000 - 0x00007ffe5bd08000 	C:\WINDOWS\system32\wshunix.dll
0x00007ffdd3880000 - 0x00007ffdd3897000 	C:\WINDOWS\system32\napinsp.dll
0x00007ffdd3840000 - 0x00007ffdd385b000 	C:\WINDOWS\system32\pnrpnsp.dll
0x00007ffdd3860000 - 0x00007ffdd3871000 	C:\WINDOWS\System32\winrnr.dll
0x00007ffe37c80000 - 0x00007ffe37c95000 	C:\WINDOWS\system32\wshbth.dll
0x00007ffdfcdf0000 - 0x00007ffdfce11000 	C:\WINDOWS\system32\nlansp_c.dll
0x00000000674b0000 - 0x00000000674d6000 	C:\Program Files\Bonjour\mdnsNSP.dll
0x00007ffe5abc0000 - 0x00007ffe5abca000 	C:\Windows\System32\rasadhlp.dll
0x00007ffe5ae10000 - 0x00007ffe5ae93000 	C:\WINDOWS\System32\fwpuclnt.dll

dbghelp: loaded successfully - version: 4.0.5 - missing functions: none
symbol engine: initialized successfully - sym options: 0x614 - pdb path: .;C:\Program Files\Android\Android Studio\jbr\bin;C:\WINDOWS\SYSTEM32;C:\WINDOWS\WinSxS\amd64_microsoft.windows.common-controls_6595b64144ccf1df_6.0.22621.3235_none_270f74e173860f98;C:\Program Files\Android\Android Studio\jbr\bin\server;C:\Users\23480\.gradle\native\68d5fa5c4cc2d200863cafc0d521ce42e7d3e7ee720ec0a83991735586a16f82\windows-amd64;C:\Users\23480\.gradle\native\e376f236ea51e6404a007f0833ffe2c6e607c4080706a723a18a27aeea778392\windows-amd64;C:\Program Files\Bonjour

VM Arguments:
jvm_args: --add-opens=java.base/java.util.concurrent.atomic=ALL-UNNAMED --add-opens=java.base/java.util=ALL-UNNAMED --add-opens=java.base/java.lang=ALL-UNNAMED --add-opens=java.base/java.lang.invoke=ALL-UNNAMED --add-opens=java.prefs/java.util.prefs=ALL-UNNAMED --add-opens=java.base/java.nio.charset=ALL-UNNAMED --add-opens=java.base/java.net=ALL-UNNAMED --add-opens=java.base/java.util.concurrent.atomic=ALL-UNNAMED -Xmx2048m -Dfile.encoding=UTF-8 -Duser.country=US -Duser.language=en -Duser.variant 
java_command: org.gradle.launcher.daemon.bootstrap.GradleDaemon 8.0
java_class_path (initial): C:\Users\23480\.gradle\wrapper\dists\gradle-8.0-bin\ca5e32bp14vu59qr306oxotwh\gradle-8.0\lib\gradle-launcher-8.0.jar
Launcher Type: SUN_STANDARD

[Global flags]
     intx CICompilerCount                          = 4                                         {product} {ergonomic}
     uint ConcGCThreads                            = 2                                         {product} {ergonomic}
     uint G1ConcRefinementThreads                  = 8                                         {product} {ergonomic}
   size_t G1HeapRegionSize                         = 1048576                                   {product} {ergonomic}
    uintx GCDrainStackTargetSize                   = 64                                        {product} {ergonomic}
   size_t InitialHeapSize                          = 123731968                                 {product} {ergonomic}
   size_t MarkStackSize                            = 4194304                                   {product} {ergonomic}
   size_t MaxHeapSize                              = 2147483648                                {product} {command line}
   size_t MaxNewSize                               = 1287651328                                {product} {ergonomic}
   size_t MinHeapDeltaBytes                        = 1048576                                   {product} {ergonomic}
   size_t MinHeapSize                              = 8388608                                   {product} {ergonomic}
    uintx NonNMethodCodeHeapSize                   = 5839372                                {pd product} {ergonomic}
    uintx NonProfiledCodeHeapSize                  = 122909434                              {pd product} {ergonomic}
    uintx ProfiledCodeHeapSize                     = 122909434                              {pd product} {ergonomic}
    uintx ReservedCodeCacheSize                    = 251658240                              {pd product} {ergonomic}
     bool SegmentedCodeCache                       = true                                      {product} {ergonomic}
   size_t SoftMaxHeapSize                          = 2147483648                             {manageable} {ergonomic}
     bool UseCompressedClassPointers               = true                           {product lp64_product} {ergonomic}
     bool UseCompressedOops                        = true                           {product lp64_product} {ergonomic}
     bool UseG1GC                                  = true                                      {product} {ergonomic}
     bool UseLargePagesIndividualAllocation        = false                                  {pd product} {ergonomic}

Logging:
Log output configuration:
 #0: stdout all=warning uptime,level,tags
 #1: stderr all=off uptime,level,tags

Environment Variables:
PATH=C:\WINDOWS\system32;C:\WINDOWS;C:\WINDOWS\System32\Wbem;C:\WINDOWS\System32\WindowsPowerShell\v1.0\;C:\WINDOWS\System32\OpenSSH\;C:\Program Files\nodejs\;C:\Program Files\Git\cmd;C:\Users\23480\AppData\Local\Programs\Python\Python311\Scripts\;C:\Users\23480\AppData\Local\Programs\Python\Python311\;C:\Users\23480\AppData\Local\Microsoft\WindowsApps;C:\Users\23480\AppData\Local\atom\bin;C:\Users\23480\AppData\Local\Programs\Microsoft VS Code\bin;C:\Users\23480\AppData\Local\Microsoft\WindowsApps;;C:\Program Files\JetBrains\IntelliJ IDEA Community Edition 2023.2.1\bin;;C:\Users\23480\AppData\Roaming\npm
USERNAME=23480
OS=Windows_NT
PROCESSOR_IDENTIFIER=AMD64 Family 23 Model 104 Stepping 1, AuthenticAMD
TMP=C:\Users\23480\AppData\Local\Temp
TEMP=C:\Users\23480\AppData\Local\Temp


JNI global refs:
JNI global refs: 26, weak refs: 0

JNI global refs memory usage: 843, weak refs: 841


---------------  S Y S T E M  ---------------

OS:
 Windows 11 , 64 bit Build 22621 (10.0.22621.3235)
OS uptime: 0 days 20:54 hours

CPU: total 8 (initial active 8) (8 cores per cpu, 2 threads per core) family 23 model 104 stepping 1 microcode 0x0, cx8, cmov, fxsr, ht, mmx, 3dnowpref, sse, sse2, sse3, ssse3, sse4a, sse4.1, sse4.2, popcnt, lzcnt, tsc, tscinvbit, avx, avx2, aes, clmul, bmi1, bmi2, adx, sha, fma, vzeroupper, clflush, clflushopt

Memory: 4k page, system-wide physical 7502M (353M free)
TotalPageFile size 11571M (AvailPageFile size 150M)
current process WorkingSet (physical memory assigned to process): 435M, peak: 435M
current process commit charge ("private bytes"): 476M, peak: 776M

vm_info: OpenJDK 64-Bit Server VM (17.0.6+0-b2043.56-10027231) for windows-amd64 JRE (17.0.6+0-b2043.56-10027231), built on Apr 28 2023 00:43:19 by "androidbuild" with MS VC++ 16.10 / 16.11 (VS2019)

END.
