#
# There is insufficient memory for the Java Runtime Environment to continue.
# Native memory allocation (mmap) failed to map 235929600 bytes for G1 virtual space
# Possible reasons:
#   The system is out of physical RAM or swap space
#   The process is running with CompressedOops enabled, and the Java Heap may be blocking the growth of the native heap
# Possible solutions:
#   Reduce memory load on the system
#   Increase physical memory or swap space
#   Check if swap backing store is full
#   Decrease Java heap size (-Xmx/-Xms)
#   Decrease number of Java threads
#   Decrease Java thread stack sizes (-Xss)
#   Set larger code cache with -XX:ReservedCodeCacheSize=
#   JVM is running with Unscaled Compressed Oops mode in which the Java heap is
#     placed in the first 4GB address space. The Java Heap base address is the
#     maximum limit for the native heap growth. Please use -XX:HeapBaseMinAddress
#     to set the Java Heap base and to place the Java Heap above 4GB virtual address.
# This output file may be truncated or incomplete.
#
#  Out of Memory Error (os_windows.cpp:3769), pid=312, tid=21684
#
# JRE version: OpenJDK Runtime Environment (17.0.6) (build 17.0.6+0-b2043.56-10027231)
# Java VM: OpenJDK 64-Bit Server VM (17.0.6+0-b2043.56-10027231, mixed mode, tiered, compressed oops, compressed class ptrs, g1 gc, windows-amd64)
# No core dump will be written. Minidumps are not enabled by default on client versions of Windows
#

---------------  S U M M A R Y ------------

Command Line: --add-opens=java.base/java.util.concurrent.atomic=ALL-UNNAMED --add-opens=java.base/java.util=ALL-UNNAMED --add-opens=java.base/java.lang=ALL-UNNAMED --add-opens=java.base/java.lang.invoke=ALL-UNNAMED --add-opens=java.prefs/java.util.prefs=ALL-UNNAMED --add-opens=java.base/java.nio.charset=ALL-UNNAMED --add-opens=java.base/java.net=ALL-UNNAMED --add-opens=java.base/java.util.concurrent.atomic=ALL-UNNAMED -Xmx2048m -Dfile.encoding=UTF-8 -Duser.country=US -Duser.language=en -Duser.variant org.gradle.launcher.daemon.bootstrap.GradleDaemon 8.0

Host: AMD Ryzen 3 5300U with Radeon Graphics         , 8 cores, 7G,  Windows 11 , 64 bit Build 22621 (10.0.22621.3235)
Time: Tue Mar 26 12:07:27 2024 W. Central Africa Standard Time elapsed time: 24.656449 seconds (0d 0h 0m 24s)

---------------  T H R E A D  ---------------

Current thread (0x00000175c2a44d10):  VMThread "VM Thread" [stack: 0x00000064fdc00000,0x00000064fdd00000] [id=21684]

Stack: [0x00000064fdc00000,0x00000064fdd00000]
Native frames: (J=compiled Java code, j=interpreted, Vv=VM code, C=native code)
V  [jvm.dll+0x683c9a]
V  [jvm.dll+0x8427a4]
V  [jvm.dll+0x843f9e]
V  [jvm.dll+0x844603]
V  [jvm.dll+0x249b75]
V  [jvm.dll+0x680b69]
V  [jvm.dll+0x67505a]
V  [jvm.dll+0x309acb]
V  [jvm.dll+0x310f86]
V  [jvm.dll+0x3608ee]
V  [jvm.dll+0x360b1f]
V  [jvm.dll+0x2dfbf8]
V  [jvm.dll+0x2ddec4]
V  [jvm.dll+0x2dd4cc]
V  [jvm.dll+0x321f3b]
V  [jvm.dll+0x848ccb]
V  [jvm.dll+0x849a04]
V  [jvm.dll+0x849f1d]
V  [jvm.dll+0x84a2f4]
V  [jvm.dll+0x84a3c0]
V  [jvm.dll+0x7f274a]
V  [jvm.dll+0x682ad5]
C  [ucrtbase.dll+0x29363]
C  [KERNEL32.DLL+0x1257d]
C  [ntdll.dll+0x5aa58]

VM_Operation (0x0000006482afa820): G1CollectForAllocation, mode: safepoint, requested by thread 0x00000175c3b0cd60


---------------  P R O C E S S  ---------------

Threads class SMR info:
_java_thread_list=0x00000175c5a0ce50, length=135, elements={
0x00000175a8be0a40, 0x00000175c2a57020, 0x00000175c2a0f4e0, 0x00000175c2a59610,
0x00000175c2a2d380, 0x00000175c2a2e6d0, 0x00000175c3432020, 0x00000175c3447fe0,
0x00000175c3449170, 0x00000175c344c310, 0x00000175c35bcfe0, 0x00000175c35bd4b0,
0x00000175c35ba490, 0x00000175c35bc170, 0x00000175c35bbca0, 0x00000175c35bae30,
0x00000175c35bd980, 0x00000175c35bde50, 0x00000175c35ba960, 0x00000175c35bb300,
0x00000175c35bb7d0, 0x00000175c35bcb10, 0x00000175c4b9c530, 0x00000175c4b9f080,
0x00000175c4b9f550, 0x00000175c4b9dd40, 0x00000175c4b9c060, 0x00000175c4b9ca00,
0x00000175c4b9ced0, 0x00000175c4b9e210, 0x00000175c4b9e6e0, 0x00000175c4b9ebb0,
0x00000175c4b9fa20, 0x00000175c4b9d3a0, 0x00000175c4b9d870, 0x00000175c3961750,
0x00000175c395ff40, 0x00000175c395cf20, 0x00000175c3963900, 0x00000175c395d3f0,
0x00000175c39620f0, 0x00000175c395dd90, 0x00000175c3961280, 0x00000175c395fa70,
0x00000175c3961c20, 0x00000175c3962f60, 0x00000175c395e260, 0x00000175c395e730,
0x00000175c3960410, 0x00000175c395ec00, 0x00000175c395f0d0, 0x00000175c395f5a0,
0x00000175c39608e0, 0x00000175c3962a90, 0x00000175c395ca50, 0x00000175c3963430,
0x00000175c3960db0, 0x00000175c395c0b0, 0x00000175c395c580, 0x00000175c3b0d230,
0x00000175c3b0abb0, 0x00000175c3b0a6e0, 0x00000175c3b0dbd0, 0x00000175c3b0e570,
0x00000175c3b0ea40, 0x00000175c3b093a0, 0x00000175c3b09d40, 0x00000175c3b0c890,
0x00000175c3b10250, 0x00000175c3b0cd60, 0x00000175c3b0d700, 0x00000175c3b0ef10,
0x00000175c3b0f8b0, 0x00000175c3b0b080, 0x00000175c3b08a00, 0x00000175c3b0b550,
0x00000175c3b0f3e0, 0x00000175c3b0a210, 0x00000175c3b0ba20, 0x00000175c3b0bef0,
0x00000175c3b0e0a0, 0x00000175c3b0c3c0, 0x00000175c3b0fd80, 0x00000175c3b08ed0,
0x00000175c3b09870, 0x00000175c8069710, 0x00000175c8065d50, 0x00000175c806af20,
0x00000175c8064a10, 0x00000175c8067560, 0x00000175c8068d70, 0x00000175c8069240,
0x00000175c8064070, 0x00000175c80666f0, 0x00000175c8069be0, 0x00000175c8066220,
0x00000175c8064ee0, 0x00000175c806a0b0, 0x00000175c8066bc0, 0x00000175c8067a30,
0x00000175c806a580, 0x00000175c8067f00, 0x00000175c806b3f0, 0x00000175c80683d0,
0x00000175c80653b0, 0x00000175c806aa50, 0x00000175c8067090, 0x00000175c8065880,
0x00000175c80688a0, 0x00000175c806b8c0, 0x00000175c8064540, 0x00000175c838dec0,
0x00000175c838fba0, 0x00000175c838e390, 0x00000175c8391880, 0x00000175c838b370,
0x00000175c8390a10, 0x00000175c838f6d0, 0x00000175c8391d50, 0x00000175c838c1e0,
0x00000175c838e860, 0x00000175c8390070, 0x00000175c838f200, 0x00000175c8390ee0,
0x00000175c838c6b0, 0x00000175c838aea0, 0x00000175c8390540, 0x00000175c83913b0,
0x00000175c838ed30, 0x00000175c8392220, 0x00000175c838d050, 0x00000175c838bd10,
0x00000175c83926f0, 0x00000175c838b840, 0x00000175c838cb80
}

Java Threads: ( => current thread )
  0x00000175a8be0a40 JavaThread "main" [_thread_blocked, id=20248, stack(0x00000064fd600000,0x00000064fd700000)]
  0x00000175c2a57020 JavaThread "Reference Handler" daemon [_thread_blocked, id=19564, stack(0x00000064fdd00000,0x00000064fde00000)]
  0x00000175c2a0f4e0 JavaThread "Finalizer" daemon [_thread_blocked, id=16596, stack(0x00000064fde00000,0x00000064fdf00000)]
  0x00000175c2a59610 JavaThread "Signal Dispatcher" daemon [_thread_blocked, id=22408, stack(0x00000064fdf00000,0x00000064fe000000)]
  0x00000175c2a2d380 JavaThread "Attach Listener" daemon [_thread_blocked, id=5812, stack(0x00000064fe000000,0x00000064fe100000)]
  0x00000175c2a2e6d0 JavaThread "Service Thread" daemon [_thread_blocked, id=19436, stack(0x00000064fe100000,0x00000064fe200000)]
  0x00000175c3432020 JavaThread "Monitor Deflation Thread" daemon [_thread_blocked, id=15284, stack(0x00000064fe200000,0x00000064fe300000)]
  0x00000175c3447fe0 JavaThread "C2 CompilerThread0" daemon [_thread_blocked, id=14456, stack(0x00000064fe300000,0x00000064fe400000)]
  0x00000175c3449170 JavaThread "C1 CompilerThread0" daemon [_thread_blocked, id=3180, stack(0x00000064fe400000,0x00000064fe500000)]
  0x00000175c344c310 JavaThread "Sweeper thread" daemon [_thread_blocked, id=8588, stack(0x00000064fe500000,0x00000064fe600000)]
  0x00000175c35bcfe0 JavaThread "Common-Cleaner" daemon [_thread_blocked, id=21876, stack(0x00000064fe600000,0x00000064fe700000)]
  0x00000175c35bd4b0 JavaThread "Notification Thread" daemon [_thread_blocked, id=8740, stack(0x00000064fe700000,0x00000064fe800000)]
  0x00000175c35ba490 JavaThread "Daemon health stats" [_thread_blocked, id=12720, stack(0x00000064fed00000,0x00000064fee00000)]
  0x00000175c35bc170 JavaThread "Incoming local TCP Connector on port 52324" [_thread_in_native, id=1504, stack(0x00000064fee00000,0x00000064fef00000)]
  0x00000175c35bbca0 JavaThread "Daemon periodic checks" [_thread_blocked, id=18716, stack(0x00000064fef00000,0x00000064ff000000)]
  0x00000175c35bae30 JavaThread "Daemon" [_thread_blocked, id=13284, stack(0x00000064ff000000,0x00000064ff100000)]
  0x00000175c35bd980 JavaThread "Handler for socket connection from /127.0.0.1:52324 to /127.0.0.1:52325" [_thread_in_native, id=22116, stack(0x00000064ff100000,0x00000064ff200000)]
  0x00000175c35bde50 JavaThread "Cancel handler" [_thread_blocked, id=11272, stack(0x00000064ff200000,0x00000064ff300000)]
  0x00000175c35ba960 JavaThread "Daemon worker" [_thread_blocked, id=20460, stack(0x00000064ff300000,0x00000064ff400000)]
  0x00000175c35bb300 JavaThread "Asynchronous log dispatcher for DefaultDaemonConnection: socket connection from /127.0.0.1:52324 to /127.0.0.1:52325" [_thread_blocked, id=3268, stack(0x00000064ff400000,0x00000064ff500000)]
  0x00000175c35bb7d0 JavaThread "Stdin handler" [_thread_blocked, id=4904, stack(0x00000064ff500000,0x00000064ff600000)]
  0x00000175c35bcb10 JavaThread "Daemon client event forwarder" [_thread_blocked, id=21588, stack(0x00000064ff600000,0x00000064ff700000)]
  0x00000175c4b9c530 JavaThread "Cache worker for journal cache (C:\Users\23480\.gradle\caches\journal-1)" [_thread_blocked, id=17444, stack(0x00000064ffb00000,0x00000064ffc00000)]
  0x00000175c4b9f080 JavaThread "File lock request listener" [_thread_in_native, id=21636, stack(0x00000064ffc00000,0x00000064ffd00000)]
  0x00000175c4b9f550 JavaThread "Cache worker for file hash cache (C:\Users\23480\.gradle\caches\8.0\fileHashes)" [_thread_blocked, id=22520, stack(0x00000064ffd00000,0x00000064ffe00000)]
  0x00000175c4b9dd40 JavaThread "File watcher server" daemon [_thread_in_native, id=4640, stack(0x00000064ffe00000,0x00000064fff00000)]
  0x00000175c4b9c060 JavaThread "File watcher consumer" daemon [_thread_blocked, id=5096, stack(0x00000064fff00000,0x0000006500000000)]
  0x00000175c4b9ca00 JavaThread "jar transforms" [_thread_blocked, id=4064, stack(0x0000006480000000,0x0000006480100000)]
  0x00000175c4b9ced0 JavaThread "jar transforms Thread 2" [_thread_blocked, id=7276, stack(0x0000006480100000,0x0000006480200000)]
  0x00000175c4b9e210 JavaThread "jar transforms Thread 3" [_thread_blocked, id=10700, stack(0x0000006480200000,0x0000006480300000)]
  0x00000175c4b9e6e0 JavaThread "jar transforms Thread 4" [_thread_blocked, id=15136, stack(0x0000006480300000,0x0000006480400000)]
  0x00000175c4b9ebb0 JavaThread "jar transforms Thread 5" [_thread_blocked, id=2516, stack(0x0000006480400000,0x0000006480500000)]
  0x00000175c4b9fa20 JavaThread "jar transforms Thread 6" [_thread_blocked, id=9532, stack(0x0000006480500000,0x0000006480600000)]
  0x00000175c4b9d3a0 JavaThread "jar transforms Thread 7" [_thread_blocked, id=10952, stack(0x0000006480600000,0x0000006480700000)]
  0x00000175c4b9d870 JavaThread "jar transforms Thread 8" [_thread_blocked, id=22508, stack(0x0000006480700000,0x0000006480800000)]
  0x00000175c3961750 JavaThread "Cache worker for checksums cache (C:\Users\23480\Documents\androidproject\TaskApp\.gradle\8.0\checksums)" [_thread_blocked, id=5944, stack(0x0000006480800000,0x0000006480900000)]
  0x00000175c395ff40 JavaThread "Cache worker for cache directory md-rule (C:\Users\23480\.gradle\caches\8.0\md-rule)" [_thread_blocked, id=15208, stack(0x0000006480900000,0x0000006480a00000)]
  0x00000175c395cf20 JavaThread "Cache worker for file content cache (C:\Users\23480\.gradle\caches\8.0\fileContent)" [_thread_blocked, id=1364, stack(0x0000006480a00000,0x0000006480b00000)]
  0x00000175c3963900 JavaThread "Cache worker for file hash cache (C:\Users\23480\Documents\androidproject\TaskApp\.gradle\8.0\fileHashes)" [_thread_blocked, id=19752, stack(0x0000006480b00000,0x0000006480c00000)]
  0x00000175c395d3f0 JavaThread "Cache worker for cache directory md-supplier (C:\Users\23480\.gradle\caches\8.0\md-supplier)" [_thread_blocked, id=12832, stack(0x0000006480c00000,0x0000006480d00000)]
  0x00000175c39620f0 JavaThread "Cache worker for execution history cache (C:\Users\23480\.gradle\caches\8.0\executionHistory)" [_thread_blocked, id=22512, stack(0x0000006480d00000,0x0000006480e00000)]
  0x00000175c395dd90 JavaThread "Cache worker for kotlin-dsl (C:\Users\23480\.gradle\caches\8.0\kotlin-dsl)" [_thread_blocked, id=4512, stack(0x0000006480e00000,0x0000006480f00000)]
  0x00000175c3961280 JavaThread "Cache worker for dependencies-accessors (C:\Users\23480\Documents\androidproject\TaskApp\.gradle\8.0\dependencies-accessors)" [_thread_blocked, id=8524, stack(0x0000006480f00000,0x0000006481000000)]
  0x00000175c395fa70 JavaThread "Cache worker for Build Output Cleanup Cache (C:\Users\23480\Documents\androidproject\TaskApp\.gradle\buildOutputCleanup)" [_thread_blocked, id=2860, stack(0x0000006481000000,0x0000006481100000)]
  0x00000175c3961c20 JavaThread "Unconstrained build operations" [_thread_blocked, id=3852, stack(0x0000006481100000,0x0000006481200000)]
  0x00000175c3962f60 JavaThread "Unconstrained build operations Thread 2" [_thread_blocked, id=20836, stack(0x0000006481200000,0x0000006481300000)]
  0x00000175c395e260 JavaThread "Unconstrained build operations Thread 3" [_thread_blocked, id=12824, stack(0x0000006481300000,0x0000006481400000)]
  0x00000175c395e730 JavaThread "Unconstrained build operations Thread 4" [_thread_blocked, id=13488, stack(0x0000006481400000,0x0000006481500000)]
  0x00000175c3960410 JavaThread "Unconstrained build operations Thread 5" [_thread_blocked, id=17108, stack(0x0000006481500000,0x0000006481600000)]
  0x00000175c395ec00 JavaThread "Unconstrained build operations Thread 6" [_thread_blocked, id=21344, stack(0x0000006481600000,0x0000006481700000)]
  0x00000175c395f0d0 JavaThread "Unconstrained build operations Thread 7" [_thread_blocked, id=2884, stack(0x0000006481700000,0x0000006481800000)]
  0x00000175c395f5a0 JavaThread "Unconstrained build operations Thread 8" [_thread_blocked, id=17184, stack(0x0000006481800000,0x0000006481900000)]
  0x00000175c39608e0 JavaThread "Unconstrained build operations Thread 9" [_thread_blocked, id=12992, stack(0x0000006481900000,0x0000006481a00000)]
  0x00000175c3962a90 JavaThread "Unconstrained build operations Thread 10" [_thread_blocked, id=20060, stack(0x0000006481a00000,0x0000006481b00000)]
  0x00000175c395ca50 JavaThread "Unconstrained build operations Thread 11" [_thread_blocked, id=10576, stack(0x0000006481b00000,0x0000006481c00000)]
  0x00000175c3963430 JavaThread "Unconstrained build operations Thread 12" [_thread_blocked, id=7204, stack(0x0000006481c00000,0x0000006481d00000)]
  0x00000175c3960db0 JavaThread "Unconstrained build operations Thread 13" [_thread_blocked, id=14780, stack(0x0000006481d00000,0x0000006481e00000)]
  0x00000175c395c0b0 JavaThread "Unconstrained build operations Thread 14" [_thread_blocked, id=11648, stack(0x0000006481e00000,0x0000006481f00000)]
  0x00000175c395c580 JavaThread "Unconstrained build operations Thread 15" [_thread_blocked, id=18040, stack(0x0000006481f00000,0x0000006482000000)]
  0x00000175c3b0d230 JavaThread "Unconstrained build operations Thread 16" [_thread_blocked, id=12892, stack(0x0000006482000000,0x0000006482100000)]
  0x00000175c3b0abb0 JavaThread "Unconstrained build operations Thread 17" [_thread_blocked, id=18632, stack(0x0000006482100000,0x0000006482200000)]
  0x00000175c3b0a6e0 JavaThread "Unconstrained build operations Thread 18" [_thread_blocked, id=21748, stack(0x0000006482200000,0x0000006482300000)]
  0x00000175c3b0dbd0 JavaThread "Unconstrained build operations Thread 19" [_thread_blocked, id=3108, stack(0x0000006482300000,0x0000006482400000)]
  0x00000175c3b0e570 JavaThread "Unconstrained build operations Thread 20" [_thread_blocked, id=3100, stack(0x0000006482400000,0x0000006482500000)]
  0x00000175c3b0ea40 JavaThread "Unconstrained build operations Thread 21" [_thread_blocked, id=21828, stack(0x0000006482500000,0x0000006482600000)]
  0x00000175c3b093a0 JavaThread "Unconstrained build operations Thread 22" [_thread_blocked, id=3192, stack(0x0000006482600000,0x0000006482700000)]
  0x00000175c3b09d40 JavaThread "Unconstrained build operations Thread 23" [_thread_blocked, id=18412, stack(0x0000006482700000,0x0000006482800000)]
  0x00000175c3b0c890 JavaThread "Unconstrained build operations Thread 24" [_thread_blocked, id=16108, stack(0x0000006482800000,0x0000006482900000)]
  0x00000175c3b10250 JavaThread "Unconstrained build operations Thread 25" [_thread_blocked, id=18700, stack(0x0000006482900000,0x0000006482a00000)]
  0x00000175c3b0cd60 JavaThread "Unconstrained build operations Thread 26" [_thread_blocked, id=7300, stack(0x0000006482a00000,0x0000006482b00000)]
  0x00000175c3b0d700 JavaThread "Unconstrained build operations Thread 27" [_thread_blocked, id=12424, stack(0x0000006482b00000,0x0000006482c00000)]
  0x00000175c3b0ef10 JavaThread "Unconstrained build operations Thread 28" [_thread_blocked, id=4464, stack(0x0000006482c00000,0x0000006482d00000)]
  0x00000175c3b0f8b0 JavaThread "Unconstrained build operations Thread 29" [_thread_blocked, id=1728, stack(0x0000006482d00000,0x0000006482e00000)]
  0x00000175c3b0b080 JavaThread "Unconstrained build operations Thread 30" [_thread_blocked, id=19864, stack(0x0000006482e00000,0x0000006482f00000)]
  0x00000175c3b08a00 JavaThread "Unconstrained build operations Thread 31" [_thread_blocked, id=17840, stack(0x0000006482f00000,0x0000006483000000)]
  0x00000175c3b0b550 JavaThread "Unconstrained build operations Thread 32" [_thread_blocked, id=10996, stack(0x0000006483000000,0x0000006483100000)]
  0x00000175c3b0f3e0 JavaThread "Unconstrained build operations Thread 33" [_thread_blocked, id=20688, stack(0x0000006483100000,0x0000006483200000)]
  0x00000175c3b0a210 JavaThread "Unconstrained build operations Thread 34" [_thread_blocked, id=18068, stack(0x0000006483200000,0x0000006483300000)]
  0x00000175c3b0ba20 JavaThread "Unconstrained build operations Thread 35" [_thread_blocked, id=14932, stack(0x0000006483300000,0x0000006483400000)]
  0x00000175c3b0bef0 JavaThread "Unconstrained build operations Thread 36" [_thread_blocked, id=5840, stack(0x0000006483400000,0x0000006483500000)]
  0x00000175c3b0e0a0 JavaThread "Unconstrained build operations Thread 37" [_thread_blocked, id=8124, stack(0x0000006483500000,0x0000006483600000)]
  0x00000175c3b0c3c0 JavaThread "Unconstrained build operations Thread 38" [_thread_blocked, id=7216, stack(0x0000006483600000,0x0000006483700000)]
  0x00000175c3b0fd80 JavaThread "Unconstrained build operations Thread 39" [_thread_blocked, id=12248, stack(0x0000006483700000,0x0000006483800000)]
  0x00000175c3b08ed0 JavaThread "Unconstrained build operations Thread 40" [_thread_blocked, id=9848, stack(0x0000006483800000,0x0000006483900000)]
  0x00000175c3b09870 JavaThread "Unconstrained build operations Thread 41" [_thread_blocked, id=9316, stack(0x0000006483900000,0x0000006483a00000)]
  0x00000175c8069710 JavaThread "Unconstrained build operations Thread 42" [_thread_blocked, id=2404, stack(0x0000006483a00000,0x0000006483b00000)]
  0x00000175c8065d50 JavaThread "Unconstrained build operations Thread 43" [_thread_blocked, id=20852, stack(0x0000006483b00000,0x0000006483c00000)]
  0x00000175c806af20 JavaThread "Unconstrained build operations Thread 44" [_thread_blocked, id=14476, stack(0x0000006483c00000,0x0000006483d00000)]
  0x00000175c8064a10 JavaThread "Unconstrained build operations Thread 45" [_thread_blocked, id=19488, stack(0x0000006483d00000,0x0000006483e00000)]
  0x00000175c8067560 JavaThread "Unconstrained build operations Thread 46" [_thread_blocked, id=18904, stack(0x0000006483e00000,0x0000006483f00000)]
  0x00000175c8068d70 JavaThread "Unconstrained build operations Thread 47" [_thread_blocked, id=5980, stack(0x0000006483f00000,0x0000006484000000)]
  0x00000175c8069240 JavaThread "Unconstrained build operations Thread 48" [_thread_blocked, id=19380, stack(0x0000006484000000,0x0000006484100000)]
  0x00000175c8064070 JavaThread "Unconstrained build operations Thread 49" [_thread_blocked, id=13232, stack(0x0000006484100000,0x0000006484200000)]
  0x00000175c80666f0 JavaThread "Unconstrained build operations Thread 50" [_thread_blocked, id=300, stack(0x0000006484200000,0x0000006484300000)]
  0x00000175c8069be0 JavaThread "Unconstrained build operations Thread 51" [_thread_blocked, id=1940, stack(0x0000006484300000,0x0000006484400000)]
  0x00000175c8066220 JavaThread "Unconstrained build operations Thread 52" [_thread_blocked, id=13064, stack(0x0000006484400000,0x0000006484500000)]
  0x00000175c8064ee0 JavaThread "Unconstrained build operations Thread 53" [_thread_blocked, id=7304, stack(0x0000006484500000,0x0000006484600000)]
  0x00000175c806a0b0 JavaThread "Unconstrained build operations Thread 54" [_thread_blocked, id=21644, stack(0x0000006484600000,0x0000006484700000)]
  0x00000175c8066bc0 JavaThread "Unconstrained build operations Thread 55" [_thread_blocked, id=9528, stack(0x0000006484700000,0x0000006484800000)]
  0x00000175c8067a30 JavaThread "Unconstrained build operations Thread 56" [_thread_blocked, id=17188, stack(0x0000006484800000,0x0000006484900000)]
  0x00000175c806a580 JavaThread "Unconstrained build operations Thread 57" [_thread_blocked, id=2972, stack(0x0000006484900000,0x0000006484a00000)]
  0x00000175c8067f00 JavaThread "Unconstrained build operations Thread 58" [_thread_blocked, id=13176, stack(0x0000006484a00000,0x0000006484b00000)]
  0x00000175c806b3f0 JavaThread "Unconstrained build operations Thread 59" [_thread_blocked, id=2744, stack(0x0000006484b00000,0x0000006484c00000)]
  0x00000175c80683d0 JavaThread "Unconstrained build operations Thread 60" [_thread_blocked, id=14768, stack(0x0000006484c00000,0x0000006484d00000)]
  0x00000175c80653b0 JavaThread "Unconstrained build operations Thread 61" [_thread_blocked, id=18884, stack(0x0000006484d00000,0x0000006484e00000)]
  0x00000175c806aa50 JavaThread "Unconstrained build operations Thread 62" [_thread_blocked, id=21784, stack(0x0000006484e00000,0x0000006484f00000)]
  0x00000175c8067090 JavaThread "Unconstrained build operations Thread 63" [_thread_blocked, id=17940, stack(0x0000006484f00000,0x0000006485000000)]
  0x00000175c8065880 JavaThread "Unconstrained build operations Thread 64" [_thread_blocked, id=17796, stack(0x0000006485000000,0x0000006485100000)]
  0x00000175c80688a0 JavaThread "Unconstrained build operations Thread 65" [_thread_blocked, id=19496, stack(0x0000006485100000,0x0000006485200000)]
  0x00000175c806b8c0 JavaThread "Unconstrained build operations Thread 66" [_thread_blocked, id=20804, stack(0x0000006485200000,0x0000006485300000)]
  0x00000175c8064540 JavaThread "Unconstrained build operations Thread 67" [_thread_blocked, id=11044, stack(0x0000006485300000,0x0000006485400000)]
  0x00000175c838dec0 JavaThread "Unconstrained build operations Thread 68" [_thread_blocked, id=10908, stack(0x0000006485400000,0x0000006485500000)]
  0x00000175c838fba0 JavaThread "Unconstrained build operations Thread 69" [_thread_blocked, id=20912, stack(0x0000006485500000,0x0000006485600000)]
  0x00000175c838e390 JavaThread "Unconstrained build operations Thread 70" [_thread_blocked, id=5932, stack(0x0000006485600000,0x0000006485700000)]
  0x00000175c8391880 JavaThread "Unconstrained build operations Thread 71" [_thread_blocked, id=11780, stack(0x0000006485700000,0x0000006485800000)]
  0x00000175c838b370 JavaThread "Unconstrained build operations Thread 72" [_thread_blocked, id=6624, stack(0x0000006485800000,0x0000006485900000)]
  0x00000175c8390a10 JavaThread "Unconstrained build operations Thread 73" [_thread_blocked, id=16112, stack(0x0000006485900000,0x0000006485a00000)]
  0x00000175c838f6d0 JavaThread "Unconstrained build operations Thread 74" [_thread_blocked, id=12136, stack(0x0000006485a00000,0x0000006485b00000)]
  0x00000175c8391d50 JavaThread "Unconstrained build operations Thread 75" [_thread_blocked, id=8556, stack(0x0000006485b00000,0x0000006485c00000)]
  0x00000175c838c1e0 JavaThread "Unconstrained build operations Thread 76" [_thread_blocked, id=12308, stack(0x0000006485c00000,0x0000006485d00000)]
  0x00000175c838e860 JavaThread "Unconstrained build operations Thread 77" [_thread_blocked, id=2004, stack(0x0000006485d00000,0x0000006485e00000)]
  0x00000175c8390070 JavaThread "Unconstrained build operations Thread 78" [_thread_blocked, id=4268, stack(0x0000006485e00000,0x0000006485f00000)]
  0x00000175c838f200 JavaThread "Unconstrained build operations Thread 79" [_thread_blocked, id=5380, stack(0x0000006485f00000,0x0000006486000000)]
  0x00000175c8390ee0 JavaThread "Unconstrained build operations Thread 80" [_thread_blocked, id=18724, stack(0x0000006486000000,0x0000006486100000)]
  0x00000175c838c6b0 JavaThread "Memory manager" [_thread_blocked, id=4184, stack(0x0000006486100000,0x0000006486200000)]
  0x00000175c838aea0 JavaThread "pool-3-thread-1" [_thread_blocked, id=17748, stack(0x0000006486200000,0x0000006486300000)]
  0x00000175c8390540 JavaThread "included builds" [_thread_blocked, id=2000, stack(0x0000006486300000,0x0000006486400000)]
  0x00000175c83913b0 JavaThread "Execution worker" [_thread_blocked, id=11756, stack(0x0000006486400000,0x0000006486500000)]
  0x00000175c838ed30 JavaThread "Execution worker Thread 2" [_thread_blocked, id=8608, stack(0x0000006486500000,0x0000006486600000)]
  0x00000175c8392220 JavaThread "Execution worker Thread 3" [_thread_blocked, id=21412, stack(0x0000006486600000,0x0000006486700000)]
  0x00000175c838d050 JavaThread "Execution worker Thread 4" [_thread_blocked, id=17764, stack(0x0000006486700000,0x0000006486800000)]
  0x00000175c838bd10 JavaThread "Execution worker Thread 5" [_thread_blocked, id=6136, stack(0x0000006486800000,0x0000006486900000)]
  0x00000175c83926f0 JavaThread "Execution worker Thread 6" [_thread_blocked, id=16880, stack(0x0000006486900000,0x0000006486a00000)]
  0x00000175c838b840 JavaThread "Execution worker Thread 7" [_thread_blocked, id=9692, stack(0x0000006486a00000,0x0000006486b00000)]
  0x00000175c838cb80 JavaThread "Cache worker for execution history cache (C:\Users\23480\Documents\androidproject\TaskApp\.gradle\8.0\executionHistory)" [_thread_blocked, id=21196, stack(0x0000006486b00000,0x0000006486c00000)]

Other Threads:
=>0x00000175c2a44d10 VMThread "VM Thread" [stack: 0x00000064fdc00000,0x00000064fdd00000] [id=21684]
  0x00000175c3594a00 WatcherThread [stack: 0x00000064fe800000,0x00000064fe900000] [id=17316]
  0x00000175a8c3b5b0 GCTaskThread "GC Thread#0" [stack: 0x00000064fd700000,0x00000064fd800000] [id=15952]
  0x00000175c4292e10 GCTaskThread "GC Thread#1" [stack: 0x00000064fea00000,0x00000064feb00000] [id=16764]
  0x00000175c4431fd0 GCTaskThread "GC Thread#2" [stack: 0x00000064feb00000,0x00000064fec00000] [id=7272]
  0x00000175c4219030 GCTaskThread "GC Thread#3" [stack: 0x00000064fec00000,0x00000064fed00000] [id=19928]
  0x00000175c48c0910 GCTaskThread "GC Thread#4" [stack: 0x00000064fe900000,0x00000064fea00000] [id=12316]
  0x00000175c4c8ad60 GCTaskThread "GC Thread#5" [stack: 0x00000064ff700000,0x00000064ff800000] [id=19556]
  0x00000175c471a8c0 GCTaskThread "GC Thread#6" [stack: 0x00000064ff800000,0x00000064ff900000] [id=812]
  0x00000175c5b27030 GCTaskThread "GC Thread#7" [stack: 0x00000064ff900000,0x00000064ffa00000] [id=18872]
  0x00000175a8c4c4f0 ConcurrentGCThread "G1 Main Marker" [stack: 0x00000064fd800000,0x00000064fd900000] [id=3936]
  0x00000175a8c4cf00 ConcurrentGCThread "G1 Conc#0" [stack: 0x00000064fd900000,0x00000064fda00000] [id=8784]
  0x00000175c5b27af0 ConcurrentGCThread "G1 Conc#1" [stack: 0x00000064ffa00000,0x00000064ffb00000] [id=4584]
  0x00000175c28860d0 ConcurrentGCThread "G1 Refine#0" [stack: 0x00000064fda00000,0x00000064fdb00000] [id=6944]
  0x00000175c8407900 ConcurrentGCThread "G1 Refine#1" [stack: 0x0000006486c00000,0x0000006486d00000] [id=11820]
  0x00000175c8408480 ConcurrentGCThread "G1 Refine#2" [stack: 0x0000006486d00000,0x0000006486e00000] [id=17944]
  0x00000175c8407be0 ConcurrentGCThread "G1 Refine#3" [stack: 0x0000006486e00000,0x0000006486f00000] [id=4580]
  0x00000175c2886a00 ConcurrentGCThread "G1 Service" [stack: 0x00000064fdb00000,0x00000064fdc00000] [id=22432]

Threads with active compile tasks:

VM state: at safepoint (normal execution)

VM Mutex/Monitor currently owned by a thread:  ([mutex/lock_event])
[0x00000175a8bdb400] Threads_lock - owner thread: 0x00000175c2a44d10
[0x00000175a8bdb6d0] Heap_lock - owner thread: 0x00000175c3b0cd60

Heap address: 0x0000000080000000, size: 2048 MB, Compressed Oops mode: 32-bit

CDS archive(s) not mapped
Compressed class space mapped at: 0x0000000100000000-0x0000000140000000, reserved size: 1073741824
Narrow klass base: 0x0000000000000000, Narrow klass shift: 3, Narrow klass range: 0x140000000

GC Precious Log:
 CPUs: 8 total, 8 available
 Memory: 7502M
 Large Page Support: Disabled
 NUMA Support: Disabled
 Compressed Oops: Enabled (32-bit)
 Heap Region Size: 1M
 Heap Min Capacity: 8M
 Heap Initial Capacity: 118M
 Heap Max Capacity: 2G
 Pre-touch: Disabled
 Parallel Workers: 8
 Concurrent Workers: 2
 Concurrent Refinement Workers: 8
 Periodic GC: Disabled

Heap:
 garbage-first heap   total 230400K, used 135018K [0x0000000080000000, 0x0000000100000000)
  region size 1024K, 5 young (5120K), 5 survivors (5120K)
 Metaspace       used 93929K, committed 94656K, reserved 1138688K
  class space    used 12689K, committed 12992K, reserved 1048576K

Heap Regions: E=young(eden), S=young(survivor), O=old, HS=humongous(starts), HC=humongous(continues), CS=collection set, F=free, OA=open archive, CA=closed archive, TAMS=top-at-mark-start (previous, next)
|   0|0x0000000080000000, 0x0000000080100000, 0x0000000080100000|100%|HS|  |TAMS 0x0000000080100000, 0x0000000080000000| Complete 
|   1|0x0000000080100000, 0x0000000080200000, 0x0000000080200000|100%|HC|  |TAMS 0x0000000080200000, 0x0000000080100000| Complete 
|   2|0x0000000080200000, 0x0000000080300000, 0x0000000080300000|100%|HC|  |TAMS 0x0000000080300000, 0x0000000080200000| Complete 
|   3|0x0000000080300000, 0x0000000080400000, 0x0000000080400000|100%|HC|  |TAMS 0x0000000080400000, 0x0000000080300000| Complete 
|   4|0x0000000080400000, 0x0000000080500000, 0x0000000080500000|100%| O|  |TAMS 0x0000000080500000, 0x0000000080400000| Untracked 
|   5|0x0000000080500000, 0x0000000080600000, 0x0000000080600000|100%| O|  |TAMS 0x0000000080600000, 0x0000000080500000| Untracked 
|   6|0x0000000080600000, 0x0000000080700000, 0x0000000080700000|100%| O|  |TAMS 0x0000000080700000, 0x0000000080600000| Untracked 
|   7|0x0000000080700000, 0x0000000080800000, 0x0000000080800000|100%| O|  |TAMS 0x0000000080800000, 0x0000000080700000| Untracked 
|   8|0x0000000080800000, 0x0000000080900000, 0x0000000080900000|100%| O|  |TAMS 0x0000000080900000, 0x0000000080800000| Untracked 
|   9|0x0000000080900000, 0x0000000080a00000, 0x0000000080a00000|100%| O|  |TAMS 0x0000000080a00000, 0x0000000080900000| Untracked 
|  10|0x0000000080a00000, 0x0000000080b00000, 0x0000000080b00000|100%| O|  |TAMS 0x0000000080b00000, 0x0000000080a00000| Untracked 
|  11|0x0000000080b00000, 0x0000000080c00000, 0x0000000080c00000|100%| O|  |TAMS 0x0000000080c00000, 0x0000000080b00000| Untracked 
|  12|0x0000000080c00000, 0x0000000080d00000, 0x0000000080d00000|100%| O|  |TAMS 0x0000000080d00000, 0x0000000080c00000| Untracked 
|  13|0x0000000080d00000, 0x0000000080e00000, 0x0000000080e00000|100%| O|  |TAMS 0x0000000080e00000, 0x0000000080d00000| Untracked 
|  14|0x0000000080e00000, 0x0000000080f00000, 0x0000000080f00000|100%| O|  |TAMS 0x0000000080f00000, 0x0000000080e00000| Untracked 
|  15|0x0000000080f00000, 0x0000000081000000, 0x0000000081000000|100%| O|  |TAMS 0x0000000081000000, 0x0000000080f00000| Untracked 
|  16|0x0000000081000000, 0x0000000081100000, 0x0000000081100000|100%| O|  |TAMS 0x0000000081100000, 0x0000000081000000| Untracked 
|  17|0x0000000081100000, 0x0000000081200000, 0x0000000081200000|100%| O|  |TAMS 0x0000000081200000, 0x0000000081100000| Untracked 
|  18|0x0000000081200000, 0x0000000081300000, 0x0000000081300000|100%| O|  |TAMS 0x0000000081300000, 0x0000000081200000| Untracked 
|  19|0x0000000081300000, 0x0000000081400000, 0x0000000081400000|100%|HS|  |TAMS 0x0000000081400000, 0x0000000081300000| Complete 
|  20|0x0000000081400000, 0x0000000081500000, 0x0000000081500000|100%|HC|  |TAMS 0x0000000081500000, 0x0000000081400000| Complete 
|  21|0x0000000081500000, 0x0000000081600000, 0x0000000081600000|100%|HS|  |TAMS 0x0000000081600000, 0x0000000081500000| Complete 
|  22|0x0000000081600000, 0x0000000081700000, 0x0000000081700000|100%|HC|  |TAMS 0x0000000081700000, 0x0000000081600000| Complete 
|  23|0x0000000081700000, 0x0000000081800000, 0x0000000081800000|100%|HC|  |TAMS 0x0000000081800000, 0x0000000081700000| Complete 
|  24|0x0000000081800000, 0x0000000081900000, 0x0000000081900000|100%| O|  |TAMS 0x0000000081900000, 0x0000000081800000| Untracked 
|  25|0x0000000081900000, 0x0000000081a00000, 0x0000000081a00000|100%| O|  |TAMS 0x0000000081a00000, 0x0000000081900000| Untracked 
|  26|0x0000000081a00000, 0x0000000081b00000, 0x0000000081b00000|100%| O|  |TAMS 0x0000000081b00000, 0x0000000081a00000| Untracked 
|  27|0x0000000081b00000, 0x0000000081c00000, 0x0000000081c00000|100%|HS|  |TAMS 0x0000000081c00000, 0x0000000081b00000| Complete 
|  28|0x0000000081c00000, 0x0000000081d00000, 0x0000000081d00000|100%|HC|  |TAMS 0x0000000081d00000, 0x0000000081c00000| Complete 
|  29|0x0000000081d00000, 0x0000000081e00000, 0x0000000081e00000|100%|HC|  |TAMS 0x0000000081e00000, 0x0000000081d00000| Complete 
|  30|0x0000000081e00000, 0x0000000081f00000, 0x0000000081f00000|100%| O|  |TAMS 0x0000000081f00000, 0x0000000081e00000| Untracked 
|  31|0x0000000081f00000, 0x0000000082000000, 0x0000000082000000|100%| O|  |TAMS 0x0000000082000000, 0x0000000081f00000| Untracked 
|  32|0x0000000082000000, 0x0000000082100000, 0x0000000082100000|100%| O|  |TAMS 0x0000000082100000, 0x0000000082000000| Untracked 
|  33|0x0000000082100000, 0x0000000082200000, 0x0000000082200000|100%| O|  |TAMS 0x0000000082200000, 0x0000000082100000| Untracked 
|  34|0x0000000082200000, 0x0000000082300000, 0x0000000082300000|100%| O|  |TAMS 0x0000000082300000, 0x0000000082200000| Untracked 
|  35|0x0000000082300000, 0x0000000082400000, 0x0000000082400000|100%| O|  |TAMS 0x0000000082400000, 0x0000000082300000| Untracked 
|  36|0x0000000082400000, 0x0000000082500000, 0x0000000082500000|100%| O|  |TAMS 0x0000000082500000, 0x0000000082400000| Untracked 
|  37|0x0000000082500000, 0x0000000082600000, 0x0000000082600000|100%|HS|  |TAMS 0x0000000082600000, 0x0000000082500000| Complete 
|  38|0x0000000082600000, 0x0000000082700000, 0x0000000082700000|100%|HC|  |TAMS 0x0000000082700000, 0x0000000082600000| Complete 
|  39|0x0000000082700000, 0x0000000082800000, 0x0000000082800000|100%|HC|  |TAMS 0x0000000082800000, 0x0000000082700000| Complete 
|  40|0x0000000082800000, 0x0000000082900000, 0x0000000082900000|100%| O|  |TAMS 0x0000000082900000, 0x0000000082800000| Untracked 
|  41|0x0000000082900000, 0x0000000082a00000, 0x0000000082a00000|100%| O|  |TAMS 0x0000000082a00000, 0x0000000082900000| Untracked 
|  42|0x0000000082a00000, 0x0000000082b00000, 0x0000000082b00000|100%|HS|  |TAMS 0x0000000082b00000, 0x0000000082a00000| Complete 
|  43|0x0000000082b00000, 0x0000000082c00000, 0x0000000082c00000|100%|HC|  |TAMS 0x0000000082c00000, 0x0000000082b00000| Complete 
|  44|0x0000000082c00000, 0x0000000082d00000, 0x0000000082d00000|100%|HC|  |TAMS 0x0000000082d00000, 0x0000000082c00000| Complete 
|  45|0x0000000082d00000, 0x0000000082e00000, 0x0000000082e00000|100%| O|  |TAMS 0x0000000082e00000, 0x0000000082d00000| Untracked 
|  46|0x0000000082e00000, 0x0000000082f00000, 0x0000000082f00000|100%| O|  |TAMS 0x0000000082f00000, 0x0000000082e00000| Untracked 
|  47|0x0000000082f00000, 0x0000000083000000, 0x0000000083000000|100%| O|  |TAMS 0x0000000083000000, 0x0000000082f00000| Untracked 
|  48|0x0000000083000000, 0x0000000083100000, 0x0000000083100000|100%| O|  |TAMS 0x0000000083100000, 0x0000000083000000| Untracked 
|  49|0x0000000083100000, 0x0000000083200000, 0x0000000083200000|100%| O|  |TAMS 0x0000000083200000, 0x0000000083100000| Untracked 
|  50|0x0000000083200000, 0x0000000083300000, 0x0000000083300000|100%| O|  |TAMS 0x0000000083300000, 0x0000000083200000| Untracked 
|  51|0x0000000083300000, 0x0000000083400000, 0x0000000083400000|100%| O|  |TAMS 0x0000000083400000, 0x0000000083300000| Untracked 
|  52|0x0000000083400000, 0x0000000083500000, 0x0000000083500000|100%| O|  |TAMS 0x0000000083500000, 0x0000000083400000| Untracked 
|  53|0x0000000083500000, 0x0000000083600000, 0x0000000083600000|100%| O|  |TAMS 0x0000000083600000, 0x0000000083500000| Untracked 
|  54|0x0000000083600000, 0x0000000083700000, 0x0000000083700000|100%| O|  |TAMS 0x0000000083700000, 0x0000000083600000| Untracked 
|  55|0x0000000083700000, 0x0000000083800000, 0x0000000083800000|100%| O|  |TAMS 0x0000000083800000, 0x0000000083700000| Untracked 
|  56|0x0000000083800000, 0x0000000083800000, 0x0000000083900000|  0%| F|  |TAMS 0x0000000083800000, 0x0000000083800000| Untracked 
|  57|0x0000000083900000, 0x0000000083a00000, 0x0000000083a00000|100%|HS|  |TAMS 0x0000000083a00000, 0x0000000083900000| Complete 
|  58|0x0000000083a00000, 0x0000000083b00000, 0x0000000083b00000|100%|HS|  |TAMS 0x0000000083b00000, 0x0000000083a00000| Complete 
|  59|0x0000000083b00000, 0x0000000083c00000, 0x0000000083c00000|100%|HS|  |TAMS 0x0000000083c00000, 0x0000000083b00000| Complete 
|  60|0x0000000083c00000, 0x0000000083d00000, 0x0000000083d00000|100%|HC|  |TAMS 0x0000000083d00000, 0x0000000083c00000| Complete 
|  61|0x0000000083d00000, 0x0000000083e00000, 0x0000000083e00000|100%|HS|  |TAMS 0x0000000083e00000, 0x0000000083d00000| Complete 
|  62|0x0000000083e00000, 0x0000000083f00000, 0x0000000083f00000|100%|HS|  |TAMS 0x0000000083f00000, 0x0000000083e00000| Complete 
|  63|0x0000000083f00000, 0x0000000084000000, 0x0000000084000000|100%|HC|  |TAMS 0x0000000084000000, 0x0000000083f00000| Complete 
|  64|0x0000000084000000, 0x0000000084100000, 0x0000000084100000|100%|HC|  |TAMS 0x0000000084100000, 0x0000000084000000| Complete 
|  65|0x0000000084100000, 0x0000000084200000, 0x0000000084200000|100%|HC|  |TAMS 0x0000000084200000, 0x0000000084100000| Complete 
|  66|0x0000000084200000, 0x0000000084300000, 0x0000000084300000|100%| O|  |TAMS 0x0000000084300000, 0x0000000084200000| Untracked 
|  67|0x0000000084300000, 0x0000000084400000, 0x0000000084400000|100%| O|  |TAMS 0x0000000084400000, 0x0000000084300000| Untracked 
|  68|0x0000000084400000, 0x0000000084500000, 0x0000000084500000|100%| O|  |TAMS 0x0000000084500000, 0x0000000084400000| Untracked 
|  69|0x0000000084500000, 0x0000000084600000, 0x0000000084600000|100%| O|  |TAMS 0x0000000084600000, 0x0000000084500000| Untracked 
|  70|0x0000000084600000, 0x0000000084700000, 0x0000000084700000|100%| O|  |TAMS 0x0000000084700000, 0x0000000084600000| Untracked 
|  71|0x0000000084700000, 0x0000000084800000, 0x0000000084800000|100%| O|  |TAMS 0x0000000084800000, 0x0000000084700000| Untracked 
|  72|0x0000000084800000, 0x0000000084900000, 0x0000000084900000|100%| O|  |TAMS 0x0000000084900000, 0x0000000084800000| Untracked 
|  73|0x0000000084900000, 0x0000000084a00000, 0x0000000084a00000|100%| O|  |TAMS 0x0000000084a00000, 0x0000000084900000| Untracked 
|  74|0x0000000084a00000, 0x0000000084b00000, 0x0000000084b00000|100%| O|  |TAMS 0x0000000084b00000, 0x0000000084a00000| Untracked 
|  75|0x0000000084b00000, 0x0000000084c00000, 0x0000000084c00000|100%| O|  |TAMS 0x0000000084c00000, 0x0000000084b00000| Untracked 
|  76|0x0000000084c00000, 0x0000000084d00000, 0x0000000084d00000|100%| O|  |TAMS 0x0000000084d00000, 0x0000000084c00000| Untracked 
|  77|0x0000000084d00000, 0x0000000084e00000, 0x0000000084e00000|100%| O|  |TAMS 0x0000000084e00000, 0x0000000084d00000| Untracked 
|  78|0x0000000084e00000, 0x0000000084f00000, 0x0000000084f00000|100%| O|  |TAMS 0x0000000084f00000, 0x0000000084e00000| Untracked 
|  79|0x0000000084f00000, 0x0000000085000000, 0x0000000085000000|100%| O|  |TAMS 0x0000000085000000, 0x0000000084f00000| Untracked 
|  80|0x0000000085000000, 0x0000000085100000, 0x0000000085100000|100%| O|  |TAMS 0x0000000085100000, 0x0000000085000000| Untracked 
|  81|0x0000000085100000, 0x0000000085200000, 0x0000000085200000|100%| O|  |TAMS 0x0000000085200000, 0x0000000085100000| Untracked 
|  82|0x0000000085200000, 0x0000000085300000, 0x0000000085300000|100%| O|  |TAMS 0x0000000085300000, 0x0000000085200000| Untracked 
|  83|0x0000000085300000, 0x0000000085400000, 0x0000000085400000|100%| O|  |TAMS 0x0000000085400000, 0x0000000085300000| Untracked 
|  84|0x0000000085400000, 0x0000000085500000, 0x0000000085500000|100%| O|  |TAMS 0x0000000085500000, 0x0000000085400000| Untracked 
|  85|0x0000000085500000, 0x0000000085500000, 0x0000000085600000|  0%| F|  |TAMS 0x0000000085500000, 0x0000000085500000| Untracked 
|  86|0x0000000085600000, 0x0000000085700000, 0x0000000085700000|100%| O|  |TAMS 0x0000000085700000, 0x0000000085600000| Untracked 
|  87|0x0000000085700000, 0x0000000085800000, 0x0000000085800000|100%| O|  |TAMS 0x0000000085800000, 0x0000000085700000| Untracked 
|  88|0x0000000085800000, 0x0000000085900000, 0x0000000085900000|100%| O|  |TAMS 0x0000000085900000, 0x0000000085800000| Untracked 
|  89|0x0000000085900000, 0x0000000085a00000, 0x0000000085a00000|100%| O|  |TAMS 0x0000000085a00000, 0x0000000085900000| Untracked 
|  90|0x0000000085a00000, 0x0000000085b00000, 0x0000000085b00000|100%| O|  |TAMS 0x0000000085b00000, 0x0000000085a00000| Untracked 
|  91|0x0000000085b00000, 0x0000000085c00000, 0x0000000085c00000|100%|HS|  |TAMS 0x0000000085c00000, 0x0000000085b00000| Complete 
|  92|0x0000000085c00000, 0x0000000085d00000, 0x0000000085d00000|100%|HC|  |TAMS 0x0000000085d00000, 0x0000000085c00000| Complete 
|  93|0x0000000085d00000, 0x0000000085e00000, 0x0000000085e00000|100%|HS|  |TAMS 0x0000000085e00000, 0x0000000085d00000| Complete 
|  94|0x0000000085e00000, 0x0000000085f00000, 0x0000000085f00000|100%|HC|  |TAMS 0x0000000085f00000, 0x0000000085e00000| Complete 
|  95|0x0000000085f00000, 0x0000000086000000, 0x0000000086000000|100%|HC|  |TAMS 0x0000000086000000, 0x0000000085f00000| Complete 
|  96|0x0000000086000000, 0x0000000086100000, 0x0000000086100000|100%|HS|  |TAMS 0x0000000086100000, 0x0000000086000000| Complete 
|  97|0x0000000086100000, 0x0000000086200000, 0x0000000086200000|100%|HC|  |TAMS 0x0000000086200000, 0x0000000086100000| Complete 
|  98|0x0000000086200000, 0x0000000086300000, 0x0000000086300000|100%|HC|  |TAMS 0x0000000086300000, 0x0000000086200000| Complete 
|  99|0x0000000086300000, 0x0000000086400000, 0x0000000086400000|100%| O|  |TAMS 0x0000000086300000, 0x0000000086300000| Untracked 
| 100|0x0000000086400000, 0x0000000086500000, 0x0000000086500000|100%| O|  |TAMS 0x0000000086400000, 0x0000000086400000| Untracked 
| 101|0x0000000086500000, 0x0000000086600000, 0x0000000086600000|100%| O|  |TAMS 0x0000000086500000, 0x0000000086500000| Untracked 
| 102|0x0000000086600000, 0x00000000866cd000, 0x0000000086700000| 80%| O|  |TAMS 0x0000000086600000, 0x0000000086600000| Untracked 
| 103|0x0000000086700000, 0x0000000086800000, 0x0000000086800000|100%| O|  |TAMS 0x0000000086800000, 0x0000000086700000| Untracked 
| 104|0x0000000086800000, 0x0000000086900000, 0x0000000086900000|100%| O|  |TAMS 0x0000000086900000, 0x0000000086800000| Untracked 
| 105|0x0000000086900000, 0x0000000086a00000, 0x0000000086a00000|100%| O|  |TAMS 0x0000000086a00000, 0x0000000086900000| Untracked 
| 106|0x0000000086a00000, 0x0000000086b00000, 0x0000000086b00000|100%| O|  |TAMS 0x0000000086b00000, 0x0000000086a00000| Untracked 
| 107|0x0000000086b00000, 0x0000000086c00000, 0x0000000086c00000|100%| O|  |TAMS 0x0000000086c00000, 0x0000000086b00000| Untracked 
| 108|0x0000000086c00000, 0x0000000086d00000, 0x0000000086d00000|100%| O|  |TAMS 0x0000000086d00000, 0x0000000086c00000| Untracked 
| 109|0x0000000086d00000, 0x0000000086e00000, 0x0000000086e00000|100%| O|  |TAMS 0x0000000086e00000, 0x0000000086d00000| Untracked 
| 110|0x0000000086e00000, 0x0000000086f00000, 0x0000000086f00000|100%| O|  |TAMS 0x0000000086f00000, 0x0000000086e00000| Untracked 
| 111|0x0000000086f00000, 0x0000000087000000, 0x0000000087000000|100%| O|  |TAMS 0x0000000087000000, 0x0000000086f00000| Untracked 
| 112|0x0000000087000000, 0x0000000087100000, 0x0000000087100000|100%| O|  |TAMS 0x0000000087100000, 0x0000000087000000| Untracked 
| 113|0x0000000087100000, 0x0000000087200000, 0x0000000087200000|100%| O|  |TAMS 0x0000000087200000, 0x0000000087100000| Untracked 
| 114|0x0000000087200000, 0x0000000087300000, 0x0000000087300000|100%| O|  |TAMS 0x0000000087300000, 0x0000000087200000| Untracked 
| 115|0x0000000087300000, 0x0000000087400000, 0x0000000087400000|100%| O|  |TAMS 0x0000000087400000, 0x0000000087300000| Untracked 
| 116|0x0000000087400000, 0x0000000087500000, 0x0000000087500000|100%| O|  |TAMS 0x0000000087500000, 0x0000000087400000| Untracked 
| 117|0x0000000087500000, 0x0000000087600000, 0x0000000087600000|100%| O|  |TAMS 0x0000000087600000, 0x0000000087500000| Untracked 
| 118|0x0000000087600000, 0x0000000087700000, 0x0000000087700000|100%| O|  |TAMS 0x0000000087700000, 0x0000000087600000| Untracked 
| 119|0x0000000087700000, 0x0000000087800000, 0x0000000087800000|100%| O|  |TAMS 0x0000000087800000, 0x0000000087700000| Untracked 
| 120|0x0000000087800000, 0x0000000087900000, 0x0000000087900000|100%| O|  |TAMS 0x0000000087900000, 0x0000000087800000| Untracked 
| 121|0x0000000087900000, 0x0000000087a00000, 0x0000000087a00000|100%| O|  |TAMS 0x0000000087a00000, 0x0000000087900000| Untracked 
| 122|0x0000000087a00000, 0x0000000087b00000, 0x0000000087b00000|100%| O|  |TAMS 0x0000000087b00000, 0x0000000087a00000| Untracked 
| 123|0x0000000087b00000, 0x0000000087c00000, 0x0000000087c00000|100%| O|  |TAMS 0x0000000087c00000, 0x0000000087b00000| Untracked 
| 124|0x0000000087c00000, 0x0000000087c00000, 0x0000000087d00000|  0%| F|  |TAMS 0x0000000087c00000, 0x0000000087c00000| Untracked 
| 125|0x0000000087d00000, 0x0000000087e00000, 0x0000000087e00000|100%| O|  |TAMS 0x0000000087e00000, 0x0000000087d00000| Untracked 
| 126|0x0000000087e00000, 0x0000000087f00000, 0x0000000087f00000|100%| O|  |TAMS 0x0000000087f00000, 0x0000000087e00000| Untracked 
| 127|0x0000000087f00000, 0x0000000088000000, 0x0000000088000000|100%| O|  |TAMS 0x0000000088000000, 0x0000000087f00000| Untracked 
| 128|0x0000000088000000, 0x0000000088100000, 0x0000000088100000|100%| O|  |TAMS 0x0000000088100000, 0x0000000088000000| Untracked 
| 129|0x0000000088100000, 0x0000000088200000, 0x0000000088200000|100%| O|  |TAMS 0x000000008816ea00, 0x0000000088100000| Untracked 
| 130|0x0000000088200000, 0x0000000088300000, 0x0000000088300000|100%| O|  |TAMS 0x0000000088200000, 0x0000000088200000| Untracked 
| 131|0x0000000088300000, 0x0000000088300000, 0x0000000088400000|  0%| F|  |TAMS 0x0000000088300000, 0x0000000088300000| Untracked 
| 132|0x0000000088400000, 0x0000000088400000, 0x0000000088500000|  0%| F|  |TAMS 0x0000000088400000, 0x0000000088400000| Untracked 
| 133|0x0000000088500000, 0x0000000088500000, 0x0000000088600000|  0%| F|  |TAMS 0x0000000088500000, 0x0000000088500000| Untracked 
| 134|0x0000000088600000, 0x0000000088600000, 0x0000000088700000|  0%| F|  |TAMS 0x0000000088600000, 0x0000000088600000| Untracked 
| 135|0x0000000088700000, 0x0000000088700000, 0x0000000088800000|  0%| F|  |TAMS 0x0000000088700000, 0x0000000088700000| Untracked 
| 136|0x0000000088800000, 0x0000000088800000, 0x0000000088900000|  0%| F|  |TAMS 0x0000000088800000, 0x0000000088800000| Untracked 
| 137|0x0000000088900000, 0x0000000088900000, 0x0000000088a00000|  0%| F|  |TAMS 0x0000000088900000, 0x0000000088900000| Untracked 
| 138|0x0000000088a00000, 0x0000000088a00000, 0x0000000088b00000|  0%| F|  |TAMS 0x0000000088a00000, 0x0000000088a00000| Untracked 
| 139|0x0000000088b00000, 0x0000000088b00000, 0x0000000088c00000|  0%| F|  |TAMS 0x0000000088b00000, 0x0000000088b00000| Untracked 
| 140|0x0000000088c00000, 0x0000000088c00000, 0x0000000088d00000|  0%| F|  |TAMS 0x0000000088c00000, 0x0000000088c00000| Untracked 
| 141|0x0000000088d00000, 0x0000000088d00000, 0x0000000088e00000|  0%| F|  |TAMS 0x0000000088d00000, 0x0000000088d00000| Untracked 
| 142|0x0000000088e00000, 0x0000000088e00000, 0x0000000088f00000|  0%| F|  |TAMS 0x0000000088e00000, 0x0000000088e00000| Untracked 
| 143|0x0000000088f00000, 0x0000000088f00000, 0x0000000089000000|  0%| F|  |TAMS 0x0000000088f00000, 0x0000000088f00000| Untracked 
| 144|0x0000000089000000, 0x0000000089000000, 0x0000000089100000|  0%| F|  |TAMS 0x0000000089000000, 0x0000000089000000| Untracked 
| 145|0x0000000089100000, 0x0000000089100000, 0x0000000089200000|  0%| F|  |TAMS 0x0000000089100000, 0x0000000089100000| Untracked 
| 146|0x0000000089200000, 0x0000000089200000, 0x0000000089300000|  0%| F|  |TAMS 0x0000000089200000, 0x0000000089200000| Untracked 
| 147|0x0000000089300000, 0x0000000089300000, 0x0000000089400000|  0%| F|  |TAMS 0x0000000089300000, 0x0000000089300000| Untracked 
| 148|0x0000000089400000, 0x0000000089400000, 0x0000000089500000|  0%| F|  |TAMS 0x0000000089400000, 0x0000000089400000| Untracked 
| 149|0x0000000089500000, 0x0000000089500000, 0x0000000089600000|  0%| F|  |TAMS 0x0000000089500000, 0x0000000089500000| Untracked 
| 150|0x0000000089600000, 0x0000000089600000, 0x0000000089700000|  0%| F|  |TAMS 0x0000000089600000, 0x0000000089600000| Untracked 
| 151|0x0000000089700000, 0x0000000089700000, 0x0000000089800000|  0%| F|  |TAMS 0x0000000089700000, 0x0000000089700000| Untracked 
| 152|0x0000000089800000, 0x0000000089800000, 0x0000000089900000|  0%| F|  |TAMS 0x0000000089800000, 0x0000000089800000| Untracked 
| 153|0x0000000089900000, 0x0000000089900000, 0x0000000089a00000|  0%| F|  |TAMS 0x0000000089900000, 0x0000000089900000| Untracked 
| 154|0x0000000089a00000, 0x0000000089a00000, 0x0000000089b00000|  0%| F|  |TAMS 0x0000000089a00000, 0x0000000089a00000| Untracked 
| 155|0x0000000089b00000, 0x0000000089b00000, 0x0000000089c00000|  0%| F|  |TAMS 0x0000000089b00000, 0x0000000089b00000| Untracked 
| 156|0x0000000089c00000, 0x0000000089c00000, 0x0000000089d00000|  0%| F|  |TAMS 0x0000000089c00000, 0x0000000089c00000| Untracked 
| 157|0x0000000089d00000, 0x0000000089d00000, 0x0000000089e00000|  0%| F|  |TAMS 0x0000000089d00000, 0x0000000089d00000| Untracked 
| 158|0x0000000089e00000, 0x0000000089e00000, 0x0000000089f00000|  0%| F|  |TAMS 0x0000000089e00000, 0x0000000089e00000| Untracked 
| 159|0x0000000089f00000, 0x0000000089f00000, 0x000000008a000000|  0%| F|  |TAMS 0x0000000089f00000, 0x0000000089f00000| Untracked 
| 160|0x000000008a000000, 0x000000008a000000, 0x000000008a100000|  0%| F|  |TAMS 0x000000008a000000, 0x000000008a000000| Untracked 
| 161|0x000000008a100000, 0x000000008a100000, 0x000000008a200000|  0%| F|  |TAMS 0x000000008a100000, 0x000000008a100000| Untracked 
| 162|0x000000008a200000, 0x000000008a200000, 0x000000008a300000|  0%| F|  |TAMS 0x000000008a200000, 0x000000008a200000| Untracked 
| 163|0x000000008a300000, 0x000000008a300000, 0x000000008a400000|  0%| F|  |TAMS 0x000000008a300000, 0x000000008a300000| Untracked 
| 164|0x000000008a400000, 0x000000008a400000, 0x000000008a500000|  0%| F|  |TAMS 0x000000008a400000, 0x000000008a400000| Untracked 
| 165|0x000000008a500000, 0x000000008a500000, 0x000000008a600000|  0%| F|  |TAMS 0x000000008a500000, 0x000000008a500000| Untracked 
| 166|0x000000008a600000, 0x000000008a600000, 0x000000008a700000|  0%| F|  |TAMS 0x000000008a600000, 0x000000008a600000| Untracked 
| 167|0x000000008a700000, 0x000000008a700000, 0x000000008a800000|  0%| F|  |TAMS 0x000000008a700000, 0x000000008a700000| Untracked 
| 168|0x000000008a800000, 0x000000008a80d8b0, 0x000000008a900000|  5%| S|CS|TAMS 0x000000008a800000, 0x000000008a800000| Complete 
| 169|0x000000008a900000, 0x000000008aa00000, 0x000000008aa00000|100%| S|CS|TAMS 0x000000008a900000, 0x000000008a900000| Complete 
| 170|0x000000008aa00000, 0x000000008ab00000, 0x000000008ab00000|100%| S|CS|TAMS 0x000000008aa00000, 0x000000008aa00000| Complete 
| 171|0x000000008ab00000, 0x000000008ac00000, 0x000000008ac00000|100%| S|CS|TAMS 0x000000008ab00000, 0x000000008ab00000| Complete 
| 172|0x000000008ac00000, 0x000000008ad00000, 0x000000008ad00000|100%| S|CS|TAMS 0x000000008ac00000, 0x000000008ac00000| Complete 
| 173|0x000000008ad00000, 0x000000008ad00000, 0x000000008ae00000|  0%| F|  |TAMS 0x000000008ad00000, 0x000000008ad00000| Untracked 
| 174|0x000000008ae00000, 0x000000008ae00000, 0x000000008af00000|  0%| F|  |TAMS 0x000000008ae00000, 0x000000008ae00000| Untracked 
| 175|0x000000008af00000, 0x000000008af00000, 0x000000008b000000|  0%| F|  |TAMS 0x000000008af00000, 0x000000008af00000| Untracked 
| 176|0x000000008b000000, 0x000000008b000000, 0x000000008b100000|  0%| F|  |TAMS 0x000000008b000000, 0x000000008b000000| Untracked 
| 177|0x000000008b100000, 0x000000008b100000, 0x000000008b200000|  0%| F|  |TAMS 0x000000008b100000, 0x000000008b100000| Untracked 
| 178|0x000000008b200000, 0x000000008b200000, 0x000000008b300000|  0%| F|  |TAMS 0x000000008b200000, 0x000000008b200000| Untracked 
| 179|0x000000008b300000, 0x000000008b300000, 0x000000008b400000|  0%| F|  |TAMS 0x000000008b300000, 0x000000008b300000| Untracked 
| 180|0x000000008b400000, 0x000000008b400000, 0x000000008b500000|  0%| F|  |TAMS 0x000000008b400000, 0x000000008b400000| Untracked 
| 181|0x000000008b500000, 0x000000008b500000, 0x000000008b600000|  0%| F|  |TAMS 0x000000008b500000, 0x000000008b500000| Untracked 
| 182|0x000000008b600000, 0x000000008b600000, 0x000000008b700000|  0%| F|  |TAMS 0x000000008b600000, 0x000000008b600000| Untracked 
| 183|0x000000008b700000, 0x000000008b700000, 0x000000008b800000|  0%| F|  |TAMS 0x000000008b700000, 0x000000008b700000| Untracked 
| 184|0x000000008b800000, 0x000000008b800000, 0x000000008b900000|  0%| F|  |TAMS 0x000000008b800000, 0x000000008b800000| Untracked 
| 185|0x000000008b900000, 0x000000008b900000, 0x000000008ba00000|  0%| F|  |TAMS 0x000000008b900000, 0x000000008b900000| Untracked 
| 186|0x000000008ba00000, 0x000000008ba00000, 0x000000008bb00000|  0%| F|  |TAMS 0x000000008ba00000, 0x000000008ba00000| Untracked 
| 187|0x000000008bb00000, 0x000000008bb00000, 0x000000008bc00000|  0%| F|  |TAMS 0x000000008bb00000, 0x000000008bb00000| Untracked 
| 188|0x000000008bc00000, 0x000000008bc00000, 0x000000008bd00000|  0%| F|  |TAMS 0x000000008bc00000, 0x000000008bc00000| Untracked 
| 189|0x000000008bd00000, 0x000000008bd00000, 0x000000008be00000|  0%| F|  |TAMS 0x000000008bd00000, 0x000000008bd00000| Untracked 
| 190|0x000000008be00000, 0x000000008be00000, 0x000000008bf00000|  0%| F|  |TAMS 0x000000008be00000, 0x000000008be00000| Untracked 
| 191|0x000000008bf00000, 0x000000008bf00000, 0x000000008c000000|  0%| F|  |TAMS 0x000000008bf00000, 0x000000008bf00000| Untracked 
| 192|0x000000008c000000, 0x000000008c000000, 0x000000008c100000|  0%| F|  |TAMS 0x000000008c000000, 0x000000008c000000| Untracked 
| 193|0x000000008c100000, 0x000000008c100000, 0x000000008c200000|  0%| F|  |TAMS 0x000000008c100000, 0x000000008c100000| Untracked 
| 194|0x000000008c200000, 0x000000008c200000, 0x000000008c300000|  0%| F|  |TAMS 0x000000008c200000, 0x000000008c200000| Untracked 
| 195|0x000000008c300000, 0x000000008c300000, 0x000000008c400000|  0%| F|  |TAMS 0x000000008c300000, 0x000000008c300000| Untracked 
| 196|0x000000008c400000, 0x000000008c400000, 0x000000008c500000|  0%| F|  |TAMS 0x000000008c400000, 0x000000008c400000| Untracked 
| 197|0x000000008c500000, 0x000000008c500000, 0x000000008c600000|  0%| F|  |TAMS 0x000000008c500000, 0x000000008c500000| Untracked 
| 198|0x000000008c600000, 0x000000008c600000, 0x000000008c700000|  0%| F|  |TAMS 0x000000008c600000, 0x000000008c600000| Untracked 
| 199|0x000000008c700000, 0x000000008c700000, 0x000000008c800000|  0%| F|  |TAMS 0x000000008c700000, 0x000000008c700000| Untracked 
| 200|0x000000008c800000, 0x000000008c800000, 0x000000008c900000|  0%| F|  |TAMS 0x000000008c800000, 0x000000008c800000| Untracked 
| 201|0x000000008c900000, 0x000000008c900000, 0x000000008ca00000|  0%| F|  |TAMS 0x000000008c900000, 0x000000008c900000| Untracked 
| 202|0x000000008ca00000, 0x000000008ca00000, 0x000000008cb00000|  0%| F|  |TAMS 0x000000008ca00000, 0x000000008ca00000| Untracked 
| 203|0x000000008cb00000, 0x000000008cb00000, 0x000000008cc00000|  0%| F|  |TAMS 0x000000008cb00000, 0x000000008cb00000| Untracked 
| 204|0x000000008cc00000, 0x000000008cc00000, 0x000000008cd00000|  0%| F|  |TAMS 0x000000008cc00000, 0x000000008cc00000| Untracked 
| 205|0x000000008cd00000, 0x000000008cd00000, 0x000000008ce00000|  0%| F|  |TAMS 0x000000008cd00000, 0x000000008cd00000| Untracked 
| 206|0x000000008ce00000, 0x000000008ce00000, 0x000000008cf00000|  0%| F|  |TAMS 0x000000008ce00000, 0x000000008ce00000| Untracked 
| 207|0x000000008cf00000, 0x000000008cf00000, 0x000000008d000000|  0%| F|  |TAMS 0x000000008cf00000, 0x000000008cf00000| Untracked 
| 208|0x000000008d000000, 0x000000008d000000, 0x000000008d100000|  0%| F|  |TAMS 0x000000008d000000, 0x000000008d000000| Untracked 
| 209|0x000000008d100000, 0x000000008d100000, 0x000000008d200000|  0%| F|  |TAMS 0x000000008d100000, 0x000000008d100000| Untracked 
| 210|0x000000008d200000, 0x000000008d200000, 0x000000008d300000|  0%| F|  |TAMS 0x000000008d200000, 0x000000008d200000| Untracked 
| 211|0x000000008d300000, 0x000000008d300000, 0x000000008d400000|  0%| F|  |TAMS 0x000000008d300000, 0x000000008d300000| Untracked 
| 212|0x000000008d400000, 0x000000008d400000, 0x000000008d500000|  0%| F|  |TAMS 0x000000008d400000, 0x000000008d400000| Untracked 
| 213|0x000000008d500000, 0x000000008d500000, 0x000000008d600000|  0%| F|  |TAMS 0x000000008d500000, 0x000000008d500000| Untracked 
| 214|0x000000008d600000, 0x000000008d600000, 0x000000008d700000|  0%| F|  |TAMS 0x000000008d600000, 0x000000008d600000| Untracked 
| 215|0x000000008d700000, 0x000000008d700000, 0x000000008d800000|  0%| F|  |TAMS 0x000000008d700000, 0x000000008d700000| Untracked 
| 216|0x000000008d800000, 0x000000008d800000, 0x000000008d900000|  0%| F|  |TAMS 0x000000008d800000, 0x000000008d800000| Untracked 
| 217|0x000000008d900000, 0x000000008d900000, 0x000000008da00000|  0%| F|  |TAMS 0x000000008d900000, 0x000000008d900000| Untracked 
| 218|0x000000008da00000, 0x000000008da00000, 0x000000008db00000|  0%| F|  |TAMS 0x000000008da00000, 0x000000008da00000| Untracked 
| 219|0x000000008db00000, 0x000000008db00000, 0x000000008dc00000|  0%| F|  |TAMS 0x000000008db00000, 0x000000008db00000| Untracked 
| 220|0x000000008dc00000, 0x000000008dc00000, 0x000000008dd00000|  0%| F|  |TAMS 0x000000008dc00000, 0x000000008dc00000| Untracked 
| 221|0x000000008dd00000, 0x000000008dd00000, 0x000000008de00000|  0%| F|  |TAMS 0x000000008dd00000, 0x000000008dd00000| Untracked 
| 222|0x000000008de00000, 0x000000008de00000, 0x000000008df00000|  0%| F|  |TAMS 0x000000008de00000, 0x000000008de00000| Untracked 
| 223|0x000000008df00000, 0x000000008df00000, 0x000000008e000000|  0%| F|  |TAMS 0x000000008df00000, 0x000000008df00000| Untracked 
| 224|0x000000008e000000, 0x000000008e000000, 0x000000008e100000|  0%| F|  |TAMS 0x000000008e000000, 0x000000008e000000| Untracked 

Card table byte_map: [0x00000175bb7e0000,0x00000175bbbe0000] _byte_map_base: 0x00000175bb3e0000

Marking Bits (Prev, Next): (CMBitMap*) 0x00000175a8c3bbc0, (CMBitMap*) 0x00000175a8c3bc00
 Prev Bits: [0x00000175bbfe0000, 0x00000175bdfe0000)
 Next Bits: [0x00000175bdfe0000, 0x00000175bffe0000)

Polling page: 0x00000175a6b00000

Metaspace:

Usage:
  Non-class:     79.34 MB used.
      Class:     12.39 MB used.
       Both:     91.73 MB used.

Virtual space:
  Non-class space:       88.00 MB reserved,      79.75 MB ( 91%) committed,  11 nodes.
      Class space:        1.00 GB reserved,      12.69 MB (  1%) committed,  1 nodes.
             Both:        1.09 GB reserved,      92.44 MB (  8%) committed. 

Chunk freelists:
   Non-Class:  3.47 MB
       Class:  3.12 MB
        Both:  6.60 MB

MaxMetaspaceSize: unlimited
CompressedClassSpaceSize: 1.00 GB
Initial GC threshold: 21.00 MB
Current GC threshold: 154.06 MB
CDS: off
MetaspaceReclaimPolicy: balanced
 - commit_granule_bytes: 65536.
 - commit_granule_words: 8192.
 - virtual_space_node_default_size: 1048576.
 - enlarge_chunks_in_place: 1.
 - new_chunks_are_fully_committed: 0.
 - uncommit_free_chunks: 1.
 - use_allocation_guard: 0.
 - handle_deallocations: 1.


Internal statistics:

num_allocs_failed_limit: 6.
num_arena_births: 934.
num_arena_deaths: 0.
num_vsnodes_births: 12.
num_vsnodes_deaths: 0.
num_space_committed: 1478.
num_space_uncommitted: 0.
num_chunks_returned_to_freelist: 6.
num_chunks_taken_from_freelist: 4342.
num_chunk_merges: 6.
num_chunk_splits: 2938.
num_chunks_enlarged: 2017.
num_purges: 0.
num_inconsistent_stats: 0.

CodeHeap 'non-profiled nmethods': size=120000Kb used=4225Kb max_used=4225Kb free=115775Kb
 bounds [0x00000175b3b70000, 0x00000175b3fa0000, 0x00000175bb0a0000]
CodeHeap 'profiled nmethods': size=120000Kb used=15256Kb max_used=15256Kb free=104743Kb
 bounds [0x00000175ac0a0000, 0x00000175acf90000, 0x00000175b35d0000]
CodeHeap 'non-nmethods': size=5760Kb used=2393Kb max_used=2440Kb free=3366Kb
 bounds [0x00000175b35d0000, 0x00000175b3840000, 0x00000175b3b70000]
 total_blobs=9489 nmethods=8563 adapters=838
 compilation: enabled
              stopped_count=0, restarted_count=0
 full_count=0

Compilation events (20 events):
Event: 24.094 Thread 0x00000175c3447fe0 9574       4       java.util.ArrayDeque::removeLast (19 bytes)
Event: 24.096 Thread 0x00000175c3447fe0 nmethod 9574 0x00000175b3f8d690 code [0x00000175b3f8d800, 0x00000175b3f8d918]
Event: 24.134 Thread 0x00000175c3447fe0 9575       4       java.nio.HeapByteBuffer::<init> (21 bytes)
Event: 24.140 Thread 0x00000175c3447fe0 nmethod 9575 0x00000175b3f8da10 code [0x00000175b3f8dba0, 0x00000175b3f8dfd8]
Event: 24.152 Thread 0x00000175c3447fe0 9576       4       jdk.internal.misc.Unsafe::checkNativeAddress (28 bytes)
Event: 24.153 Thread 0x00000175c3447fe0 nmethod 9576 0x00000175b3f8e290 code [0x00000175b3f8e400, 0x00000175b3f8e478]
Event: 24.190 Thread 0x00000175c3447fe0 9577       4       org.gradle.internal.time.DefaultCountdownTimer::hasExpired (15 bytes)
Event: 24.192 Thread 0x00000175c3447fe0 nmethod 9577 0x00000175b3f8e590 code [0x00000175b3f8e720, 0x00000175b3f8e938]
Event: 24.214 Thread 0x00000175c3447fe0 9578       4       com.google.common.cache.AbstractCache$SimpleStatsCounter::recordMisses (12 bytes)
Event: 24.216 Thread 0x00000175c3447fe0 nmethod 9578 0x00000175b3f8eb90 code [0x00000175b3f8ed20, 0x00000175b3f8ee18]
Event: 24.248 Thread 0x00000175c3447fe0 9579       4       jdk.internal.misc.Unsafe::checkSize (32 bytes)
Event: 24.249 Thread 0x00000175c3447fe0 nmethod 9579 0x00000175b3f8ef90 code [0x00000175b3f8f100, 0x00000175b3f8f198]
Event: 24.261 Thread 0x00000175c3449170 9580       3       sun.nio.fs.WindowsPath::addPrefixIfNeeded (72 bytes)
Event: 24.262 Thread 0x00000175c3449170 nmethod 9580 0x00000175acf84d90 code [0x00000175acf85080, 0x00000175acf85d58]
Event: 24.428 Thread 0x00000175c3447fe0 9581       4       java.util.RegularEnumSet::contains (57 bytes)
Event: 24.429 Thread 0x00000175c3447fe0 nmethod 9581 0x00000175b3f8f290 code [0x00000175b3f8f420, 0x00000175b3f8f518]
Event: 24.473 Thread 0x00000175c3447fe0 9582       4       jdk.internal.ref.PhantomCleanable::clean (16 bytes)
Event: 24.480 Thread 0x00000175c3447fe0 nmethod 9582 0x00000175b3f8f610 code [0x00000175b3f8f7a0, 0x00000175b3f8fd08]
Event: 24.618 Thread 0x00000175c3447fe0 9583       4       java.util.ArrayDeque::addFirst (51 bytes)
Event: 24.621 Thread 0x00000175c3447fe0 nmethod 9583 0x00000175b3f8ff10 code [0x00000175b3f900a0, 0x00000175b3f902a8]

GC Heap History (20 events):
Event: 17.949 GC heap after
{Heap after GC invocations=43 (full 0):
 garbage-first heap   total 163840K, used 90769K [0x0000000080000000, 0x0000000100000000)
  region size 1024K, 2 young (2048K), 2 survivors (2048K)
 Metaspace       used 83276K, committed 84032K, reserved 1122304K
  class space    used 11151K, committed 11520K, reserved 1048576K
}
Event: 18.955 GC heap before
{Heap before GC invocations=43 (full 0):
 garbage-first heap   total 163840K, used 132753K [0x0000000080000000, 0x0000000100000000)
  region size 1024K, 43 young (44032K), 2 survivors (2048K)
 Metaspace       used 87814K, committed 88512K, reserved 1130496K
  class space    used 11895K, committed 12224K, reserved 1048576K
}
Event: 18.963 GC heap after
{Heap after GC invocations=44 (full 0):
 garbage-first heap   total 163840K, used 93695K [0x0000000080000000, 0x0000000100000000)
  region size 1024K, 5 young (5120K), 5 survivors (5120K)
 Metaspace       used 87814K, committed 88512K, reserved 1130496K
  class space    used 11895K, committed 12224K, reserved 1048576K
}
Event: 19.594 GC heap before
{Heap before GC invocations=44 (full 0):
 garbage-first heap   total 163840K, used 119295K [0x0000000080000000, 0x0000000100000000)
  region size 1024K, 32 young (32768K), 5 survivors (5120K)
 Metaspace       used 90551K, committed 91264K, reserved 1130496K
  class space    used 12256K, committed 12608K, reserved 1048576K
}
Event: 19.605 GC heap after
{Heap after GC invocations=45 (full 0):
 garbage-first heap   total 163840K, used 97761K [0x0000000080000000, 0x0000000100000000)
  region size 1024K, 6 young (6144K), 6 survivors (6144K)
 Metaspace       used 90551K, committed 91264K, reserved 1130496K
  class space    used 12256K, committed 12608K, reserved 1048576K
}
Event: 20.412 GC heap before
{Heap before GC invocations=46 (full 0):
 garbage-first heap   total 171008K, used 146913K [0x0000000080000000, 0x0000000100000000)
  region size 1024K, 41 young (41984K), 6 survivors (6144K)
 Metaspace       used 93899K, committed 94592K, reserved 1138688K
  class space    used 12688K, committed 12992K, reserved 1048576K
}
Event: 20.426 GC heap after
{Heap after GC invocations=47 (full 0):
 garbage-first heap   total 171008K, used 116515K [0x0000000080000000, 0x0000000100000000)
  region size 1024K, 6 young (6144K), 6 survivors (6144K)
 Metaspace       used 93899K, committed 94592K, reserved 1138688K
  class space    used 12688K, committed 12992K, reserved 1048576K
}
Event: 20.437 GC heap before
{Heap before GC invocations=47 (full 0):
 garbage-first heap   total 171008K, used 118563K [0x0000000080000000, 0x0000000100000000)
  region size 1024K, 8 young (8192K), 6 survivors (6144K)
 Metaspace       used 93899K, committed 94592K, reserved 1138688K
  class space    used 12688K, committed 12992K, reserved 1048576K
}
Event: 20.444 GC heap after
{Heap after GC invocations=48 (full 0):
 garbage-first heap   total 205824K, used 117502K [0x0000000080000000, 0x0000000100000000)
  region size 1024K, 1 young (1024K), 1 survivors (1024K)
 Metaspace       used 93899K, committed 94592K, reserved 1138688K
  class space    used 12688K, committed 12992K, reserved 1048576K
}
Event: 21.138 GC heap before
{Heap before GC invocations=48 (full 0):
 garbage-first heap   total 205824K, used 164606K [0x0000000080000000, 0x0000000100000000)
  region size 1024K, 47 young (48128K), 1 survivors (1024K)
 Metaspace       used 93919K, committed 94656K, reserved 1138688K
  class space    used 12688K, committed 12992K, reserved 1048576K
}
Event: 21.151 GC heap after
{Heap after GC invocations=49 (full 0):
 garbage-first heap   total 205824K, used 133757K [0x0000000080000000, 0x0000000100000000)
  region size 1024K, 6 young (6144K), 6 survivors (6144K)
 Metaspace       used 93919K, committed 94656K, reserved 1138688K
  class space    used 12688K, committed 12992K, reserved 1048576K
}
Event: 21.971 GC heap before
{Heap before GC invocations=49 (full 0):
 garbage-first heap   total 205824K, used 164477K [0x0000000080000000, 0x0000000100000000)
  region size 1024K, 36 young (36864K), 6 survivors (6144K)
 Metaspace       used 93927K, committed 94656K, reserved 1138688K
  class space    used 12689K, committed 12992K, reserved 1048576K
}
Event: 21.980 GC heap after
{Heap after GC invocations=50 (full 0):
 garbage-first heap   total 205824K, used 136107K [0x0000000080000000, 0x0000000100000000)
  region size 1024K, 4 young (4096K), 4 survivors (4096K)
 Metaspace       used 93927K, committed 94656K, reserved 1138688K
  class space    used 12689K, committed 12992K, reserved 1048576K
}
Event: 22.486 GC heap before
{Heap before GC invocations=50 (full 0):
 garbage-first heap   total 205824K, used 165803K [0x0000000080000000, 0x0000000100000000)
  region size 1024K, 33 young (33792K), 4 survivors (4096K)
 Metaspace       used 93927K, committed 94656K, reserved 1138688K
  class space    used 12689K, committed 12992K, reserved 1048576K
}
Event: 22.490 GC heap after
{Heap after GC invocations=51 (full 0):
 garbage-first heap   total 205824K, used 137347K [0x0000000080000000, 0x0000000100000000)
  region size 1024K, 4 young (4096K), 4 survivors (4096K)
 Metaspace       used 93927K, committed 94656K, reserved 1138688K
  class space    used 12689K, committed 12992K, reserved 1048576K
}
Event: 23.034 GC heap before
{Heap before GC invocations=52 (full 0):
 garbage-first heap   total 230400K, used 163971K [0x0000000080000000, 0x0000000100000000)
  region size 1024K, 34 young (34816K), 4 survivors (4096K)
 Metaspace       used 93927K, committed 94656K, reserved 1138688K
  class space    used 12689K, committed 12992K, reserved 1048576K
}
Event: 23.041 GC heap after
{Heap after GC invocations=53 (full 0):
 garbage-first heap   total 230400K, used 134148K [0x0000000080000000, 0x0000000100000000)
  region size 1024K, 4 young (4096K), 4 survivors (4096K)
 Metaspace       used 93927K, committed 94656K, reserved 1138688K
  class space    used 12689K, committed 12992K, reserved 1048576K
}
Event: 23.139 GC heap before
{Heap before GC invocations=53 (full 0):
 garbage-first heap   total 230400K, used 141316K [0x0000000080000000, 0x0000000100000000)
  region size 1024K, 11 young (11264K), 4 survivors (4096K)
 Metaspace       used 93927K, committed 94656K, reserved 1138688K
  class space    used 12689K, committed 12992K, reserved 1048576K
}
Event: 23.149 GC heap after
{Heap after GC invocations=54 (full 0):
 garbage-first heap   total 230400K, used 132878K [0x0000000080000000, 0x0000000100000000)
  region size 1024K, 2 young (2048K), 2 survivors (2048K)
 Metaspace       used 93927K, committed 94656K, reserved 1138688K
  class space    used 12689K, committed 12992K, reserved 1048576K
}
Event: 24.644 GC heap before
{Heap before GC invocations=54 (full 0):
 garbage-first heap   total 230400K, used 184078K [0x0000000080000000, 0x0000000100000000)
  region size 1024K, 52 young (53248K), 2 survivors (2048K)
 Metaspace       used 93929K, committed 94656K, reserved 1138688K
  class space    used 12689K, committed 12992K, reserved 1048576K
}

Dll operation events (2 events):
Event: 0.014 Loaded shared library C:\Program Files\Android\Android Studio\jbr\bin\java.dll
Event: 0.739 Loaded shared library C:\Program Files\Android\Android Studio\jbr\bin\verify.dll

Deoptimization events (20 events):
Event: 20.718 Thread 0x00000175c3b0cd60 DEOPT PACKING pc=0x00000175b3d77080 sp=0x0000006482afb980
Event: 20.718 Thread 0x00000175c3b0cd60 DEOPT UNPACKING pc=0x00000175b36269a3 sp=0x0000006482afb870 mode 2
Event: 20.718 Thread 0x00000175c3b0cd60 Uncommon trap: trap_request=0xffffff45 fr.pc=0x00000175b3cc4c9c relative=0x00000000000004dc
Event: 20.718 Thread 0x00000175c3b0cd60 Uncommon trap: reason=unstable_if action=reinterpret pc=0x00000175b3cc4c9c method=java.lang.StringLatin1.compareToCI([B[B)I @ 68 c2
Event: 20.718 Thread 0x00000175c3b0cd60 DEOPT PACKING pc=0x00000175b3cc4c9c sp=0x0000006482afb8e0
Event: 20.718 Thread 0x00000175c3b0cd60 DEOPT UNPACKING pc=0x00000175b36269a3 sp=0x0000006482afb868 mode 2
Event: 20.878 Thread 0x00000175c4b9f550 DEOPT PACKING pc=0x00000175ac71d720 sp=0x00000064ffdfe220
Event: 20.878 Thread 0x00000175c4b9f550 DEOPT UNPACKING pc=0x00000175b3627143 sp=0x00000064ffdfd6e0 mode 0
Event: 21.233 Thread 0x00000175c3b0cd60 DEOPT PACKING pc=0x00000175acf08697 sp=0x0000006482afb8b0
Event: 21.233 Thread 0x00000175c3b0cd60 DEOPT UNPACKING pc=0x00000175b3627143 sp=0x0000006482afad78 mode 0
Event: 21.711 Thread 0x00000175c4b9f550 DEOPT PACKING pc=0x00000175aca97616 sp=0x00000064ffdfe580
Event: 21.711 Thread 0x00000175c4b9f550 DEOPT UNPACKING pc=0x00000175b3627143 sp=0x00000064ffdfd9f0 mode 0
Event: 21.933 Thread 0x00000175c3b0cd60 DEOPT PACKING pc=0x00000175acf08697 sp=0x0000006482afb780
Event: 21.933 Thread 0x00000175c3b0cd60 DEOPT UNPACKING pc=0x00000175b3627143 sp=0x0000006482afac48 mode 0
Event: 22.455 Thread 0x00000175c3b0cd60 DEOPT PACKING pc=0x00000175acf08697 sp=0x0000006482afb780
Event: 22.455 Thread 0x00000175c3b0cd60 DEOPT UNPACKING pc=0x00000175b3627143 sp=0x0000006482afac48 mode 0
Event: 23.498 Thread 0x00000175c3b0cd60 Uncommon trap: trap_request=0xffffff45 fr.pc=0x00000175b3f5287c relative=0x000000000000301c
Event: 23.498 Thread 0x00000175c3b0cd60 Uncommon trap: reason=unstable_if action=reinterpret pc=0x00000175b3f5287c method=java.util.concurrent.locks.ReentrantLock$FairSync.initialTryLock()Z @ 10 c2
Event: 23.498 Thread 0x00000175c3b0cd60 DEOPT PACKING pc=0x00000175b3f5287c sp=0x0000006482afbbd0
Event: 23.498 Thread 0x00000175c3b0cd60 DEOPT UNPACKING pc=0x00000175b36269a3 sp=0x0000006482afb638 mode 2

Classes unloaded (0 events):
No events

Classes redefined (0 events):
No events

Internal exceptions (20 events):
Event: 20.084 Thread 0x00000175c35ba960 Exception <a 'java/lang/ClassNotFoundException'{0x0000000089631cd0}: com/google/common/collect/SingletonImmutableListCustomizer> (0x0000000089631cd0) 
thrown [s\src\hotspot\share\classfile\systemDictionary.cpp, line 256]
Event: 20.089 Thread 0x00000175c35ba960 Exception <a 'java/lang/ClassNotFoundException'{0x000000008969c168}: org/gradle/api/DefaultTask_DecoratedBeanInfo> (0x000000008969c168) 
thrown [s\src\hotspot\share\classfile\systemDictionary.cpp, line 256]
Event: 20.090 Thread 0x00000175c35ba960 Exception <a 'java/lang/ClassNotFoundException'{0x00000000896a6910}: org/gradle/api/DefaultTaskBeanInfo> (0x00000000896a6910) 
thrown [s\src\hotspot\share\classfile\systemDictionary.cpp, line 256]
Event: 20.090 Thread 0x00000175c35ba960 Exception <a 'java/lang/ClassNotFoundException'{0x00000000896b22e0}: org/gradle/api/internal/AbstractTaskBeanInfo> (0x00000000896b22e0) 
thrown [s\src\hotspot\share\classfile\systemDictionary.cpp, line 256]
Event: 20.091 Thread 0x00000175c35ba960 Exception <a 'java/lang/ClassNotFoundException'{0x00000000896bd1e0}: org/gradle/api/internal/AbstractTaskCustomizer> (0x00000000896bd1e0) 
thrown [s\src\hotspot\share\classfile\systemDictionary.cpp, line 256]
Event: 20.093 Thread 0x00000175c35ba960 Exception <a 'java/lang/ClassNotFoundException'{0x00000000895183e0}: org/gradle/api/DefaultTaskCustomizer> (0x00000000895183e0) 
thrown [s\src\hotspot\share\classfile\systemDictionary.cpp, line 256]
Event: 20.096 Thread 0x00000175c35ba960 Exception <a 'java/lang/ClassNotFoundException'{0x000000008957f408}: org/gradle/api/DefaultTask_DecoratedCustomizer> (0x000000008957f408) 
thrown [s\src\hotspot\share\classfile\systemDictionary.cpp, line 256]
Event: 20.100 Thread 0x00000175c35ba960 Exception <a 'java/lang/ClassNotFoundException'{0x00000000895c7a00}: org/gradle/api/tasks/testing/AbstractTestTaskBeanInfo> (0x00000000895c7a00) 
thrown [s\src\hotspot\share\classfile\systemDictionary.cpp, line 256]
Event: 20.101 Thread 0x00000175c35ba960 Exception <a 'java/lang/ClassNotFoundException'{0x00000000895d23e0}: org/gradle/api/internal/ConventionTaskBeanInfo> (0x00000000895d23e0) 
thrown [s\src\hotspot\share\classfile\systemDictionary.cpp, line 256]
Event: 20.102 Thread 0x00000175c35ba960 Exception <a 'java/lang/ClassNotFoundException'{0x00000000895dce10}: org/gradle/api/internal/ConventionTaskCustomizer> (0x00000000895dce10) 
thrown [s\src\hotspot\share\classfile\systemDictionary.cpp, line 256]
Event: 20.103 Thread 0x00000175c35ba960 Exception <a 'java/lang/ClassNotFoundException'{0x00000000895f9b08}: org/gradle/api/tasks/testing/AbstractTestTaskCustomizer> (0x00000000895f9b08) 
thrown [s\src\hotspot\share\classfile\systemDictionary.cpp, line 256]
Event: 20.195 Thread 0x00000175c35bcb10 Exception <a 'java/lang/NoSuchMethodError'{0x0000000089059898}: static Lorg/gradle/internal/build/event/types/DefaultTaskStartedProgressEvent;.<clinit>()V> (0x0000000089059898) 
thrown [s\src\hotspot\share\prims\jni.cpp, line 1108]
Event: 20.196 Thread 0x00000175c35bcb10 Exception <a 'java/lang/NoSuchMethodError'{0x000000008905b540}: static Lorg/gradle/internal/build/event/types/AbstractProgressEvent;.<clinit>()V> (0x000000008905b540) 
thrown [s\src\hotspot\share\prims\jni.cpp, line 1108]
Event: 20.197 Thread 0x00000175c35bcb10 Exception <a 'java/lang/NoSuchMethodError'{0x0000000089067a40}: static Lorg/gradle/internal/build/event/types/DefaultTaskDescriptor;.<clinit>()V> (0x0000000089067a40) 
thrown [s\src\hotspot\share\prims\jni.cpp, line 1108]
Event: 20.198 Thread 0x00000175c35bcb10 Exception <a 'java/lang/NoSuchMethodError'{0x00000000890746f8}: static Lorg/gradle/internal/operations/OperationIdentifier;.<clinit>()V> (0x00000000890746f8) 
thrown [s\src\hotspot\share\prims\jni.cpp, line 1108]
Event: 20.202 Thread 0x00000175c35bcb10 Exception <a 'java/lang/NoSuchMethodError'{0x000000008907eb78}: static Lorg/gradle/internal/build/event/types/DefaultTaskFinishedProgressEvent;.<clinit>()V> (0x000000008907eb78) 
thrown [s\src\hotspot\share\prims\jni.cpp, line 1108]
Event: 20.206 Thread 0x00000175c35bcb10 Exception <a 'java/lang/NoSuchMethodError'{0x00000000890c0a30}: static Lorg/gradle/internal/build/event/types/DefaultTaskSuccessResult;.<clinit>()V> (0x00000000890c0a30) 
thrown [s\src\hotspot\share\prims\jni.cpp, line 1108]
Event: 20.206 Thread 0x00000175c35bcb10 Exception <a 'java/lang/NoSuchMethodError'{0x00000000890c2128}: static Lorg/gradle/internal/build/event/types/AbstractTaskResult;.<clinit>()V> (0x00000000890c2128) 
thrown [s\src\hotspot\share\prims\jni.cpp, line 1108]
Event: 20.206 Thread 0x00000175c35bcb10 Exception <a 'java/lang/NoSuchMethodError'{0x00000000890c3ee8}: static Lorg/gradle/internal/build/event/types/AbstractResult;.<clinit>()V> (0x00000000890c3ee8) 
thrown [s\src\hotspot\share\prims\jni.cpp, line 1108]
Event: 20.338 Thread 0x00000175c3b0cd60 Exception <a 'java/lang/NoSuchMethodError'{0x0000000088b2c350}: 'java.lang.Object java.lang.invoke.DirectMethodHandle$Holder.invokeSpecialIFC(java.lang.Object, java.lang.Object, java.lang.Object)'> (0x0000000088b2c350) 
thrown [s\src\hotspot\share\interpreter\linkResolver.cpp, line 771]

VM Operations (20 events):
Event: 20.444 Executing VM operation: G1CollectForAllocation done
Event: 21.138 Executing VM operation: G1CollectForAllocation
Event: 21.151 Executing VM operation: G1CollectForAllocation done
Event: 21.971 Executing VM operation: G1CollectForAllocation
Event: 21.980 Executing VM operation: G1CollectForAllocation done
Event: 21.989 Executing VM operation: HandshakeAllThreads
Event: 21.989 Executing VM operation: HandshakeAllThreads done
Event: 22.485 Executing VM operation: G1CollectForAllocation
Event: 22.490 Executing VM operation: G1CollectForAllocation done
Event: 22.616 Executing VM operation: G1Concurrent
Event: 22.622 Executing VM operation: G1Concurrent done
Event: 22.676 Executing VM operation: G1Concurrent
Event: 22.677 Executing VM operation: G1Concurrent done
Event: 23.034 Executing VM operation: G1CollectForAllocation
Event: 23.041 Executing VM operation: G1CollectForAllocation done
Event: 23.138 Executing VM operation: G1CollectForAllocation
Event: 23.149 Executing VM operation: G1CollectForAllocation done
Event: 24.158 Executing VM operation: Cleanup
Event: 24.158 Executing VM operation: Cleanup done
Event: 24.644 Executing VM operation: G1CollectForAllocation

Events (20 events):
Event: 20.078 loading class java/util/AbstractCollectionBeanInfo
Event: 20.078 loading class java/util/AbstractCollectionBeanInfo done
Event: 20.078 loading class java/util/AbstractCollectionBeanInfo
Event: 20.078 loading class java/util/AbstractCollectionBeanInfo done
Event: 20.079 loading class java/util/AbstractCollectionCustomizer
Event: 20.079 loading class java/util/AbstractCollectionCustomizer done
Event: 20.079 loading class java/util/AbstractCollectionCustomizer
Event: 20.079 loading class java/util/AbstractCollectionCustomizer done
Event: 20.125 Thread 0x00000175c8390540 Thread added: 0x00000175c8390540
Event: 20.135 Thread 0x00000175c83913b0 Thread added: 0x00000175c83913b0
Event: 20.136 Thread 0x00000175c838ed30 Thread added: 0x00000175c838ed30
Event: 20.136 Thread 0x00000175c8392220 Thread added: 0x00000175c8392220
Event: 20.136 Thread 0x00000175c838d050 Thread added: 0x00000175c838d050
Event: 20.136 Thread 0x00000175c838bd10 Thread added: 0x00000175c838bd10
Event: 20.136 Thread 0x00000175c83926f0 Thread added: 0x00000175c83926f0
Event: 20.137 Thread 0x00000175c838b840 Thread added: 0x00000175c838b840
Event: 20.167 Thread 0x00000175c838cb80 Thread added: 0x00000175c838cb80
Event: 20.188 loading class java/util/TreeMap$KeySpliterator
Event: 20.189 loading class java/util/TreeMap$KeySpliterator done
Event: 21.996 Thread 0x00000175c344c310 flushing nmethod 0x00000175ac60be10


Dynamic libraries:
0x00007ff7491a0000 - 0x00007ff7491aa000 	C:\Program Files\Android\Android Studio\jbr\bin\java.exe
0x00007ff84aa30000 - 0x00007ff84ac46000 	C:\WINDOWS\SYSTEM32\ntdll.dll
0x00007ff849620000 - 0x00007ff8496e4000 	C:\WINDOWS\System32\KERNEL32.DLL
0x00007ff847f30000 - 0x00007ff8482d6000 	C:\WINDOWS\System32\KERNELBASE.dll
0x00007ff848480000 - 0x00007ff848591000 	C:\WINDOWS\System32\ucrtbase.dll
0x00007ff835b20000 - 0x00007ff835b37000 	C:\Program Files\Android\Android Studio\jbr\bin\jli.dll
0x00007ff835870000 - 0x00007ff83588b000 	C:\Program Files\Android\Android Studio\jbr\bin\VCRUNTIME140.dll
0x00007ff849300000 - 0x00007ff8494ad000 	C:\WINDOWS\System32\USER32.dll
0x00007ff847d70000 - 0x00007ff847d96000 	C:\WINDOWS\System32\win32u.dll
0x00007ff8495f0000 - 0x00007ff849619000 	C:\WINDOWS\System32\GDI32.dll
0x00007ff848660000 - 0x00007ff848778000 	C:\WINDOWS\System32\gdi32full.dll
0x00007ff83b7d0000 - 0x00007ff83ba63000 	C:\WINDOWS\WinSxS\amd64_microsoft.windows.common-controls_6595b64144ccf1df_6.0.22621.3235_none_270f74e173860f98\COMCTL32.dll
0x00007ff847e90000 - 0x00007ff847f2a000 	C:\WINDOWS\System32\msvcp_win.dll
0x00007ff84a310000 - 0x00007ff84a3b7000 	C:\WINDOWS\System32\msvcrt.dll
0x00007ff8494b0000 - 0x00007ff8494e1000 	C:\WINDOWS\System32\IMM32.DLL
0x00007ff83c3e0000 - 0x00007ff83c3ec000 	C:\Program Files\Android\Android Studio\jbr\bin\vcruntime140_1.dll
0x00007ff81c5f0000 - 0x00007ff81c67d000 	C:\Program Files\Android\Android Studio\jbr\bin\msvcp140.dll
0x00007ffff4ba0000 - 0x00007ffff580e000 	C:\Program Files\Android\Android Studio\jbr\bin\server\jvm.dll
0x00007ff849cc0000 - 0x00007ff849d72000 	C:\WINDOWS\System32\ADVAPI32.dll
0x00007ff8489e0000 - 0x00007ff848a88000 	C:\WINDOWS\System32\sechost.dll
0x00007ff848450000 - 0x00007ff848478000 	C:\WINDOWS\System32\bcrypt.dll
0x00007ff8488c0000 - 0x00007ff8489d5000 	C:\WINDOWS\System32\RPCRT4.dll
0x00007ff83f4b0000 - 0x00007ff83f4e4000 	C:\WINDOWS\SYSTEM32\WINMM.dll
0x00007ff845860000 - 0x00007ff84586a000 	C:\WINDOWS\SYSTEM32\VERSION.dll
0x00007ff82faf0000 - 0x00007ff82faf9000 	C:\WINDOWS\SYSTEM32\WSOCK32.dll
0x00007ff849a20000 - 0x00007ff849a91000 	C:\WINDOWS\System32\WS2_32.dll
0x00007ff846db0000 - 0x00007ff846dc8000 	C:\WINDOWS\SYSTEM32\kernel.appcore.dll
0x00007ff842940000 - 0x00007ff84294a000 	C:\Program Files\Android\Android Studio\jbr\bin\jimage.dll
0x00007ff835f30000 - 0x00007ff836163000 	C:\WINDOWS\SYSTEM32\DBGHELP.DLL
0x00007ff84a660000 - 0x00007ff84a9e8000 	C:\WINDOWS\System32\combase.dll
0x00007ff8498e0000 - 0x00007ff8499b7000 	C:\WINDOWS\System32\OLEAUT32.dll
0x00007ff83c740000 - 0x00007ff83c772000 	C:\WINDOWS\SYSTEM32\dbgcore.DLL
0x00007ff847e10000 - 0x00007ff847e8a000 	C:\WINDOWS\System32\bcryptPrimitives.dll
0x00007ff835f00000 - 0x00007ff835f25000 	C:\Program Files\Android\Android Studio\jbr\bin\java.dll
0x00007ff83dc00000 - 0x00007ff83dc18000 	C:\Program Files\Android\Android Studio\jbr\bin\zip.dll
0x00007ff848a90000 - 0x00007ff8492ed000 	C:\WINDOWS\System32\SHELL32.dll
0x00007ff845cd0000 - 0x00007ff8465c8000 	C:\WINDOWS\SYSTEM32\windows.storage.dll
0x00007ff845b90000 - 0x00007ff845cce000 	C:\WINDOWS\SYSTEM32\wintypes.dll
0x00007ff84a210000 - 0x00007ff84a303000 	C:\WINDOWS\System32\SHCORE.dll
0x00007ff8499c0000 - 0x00007ff849a1e000 	C:\WINDOWS\System32\shlwapi.dll
0x00007ff847ca0000 - 0x00007ff847cc6000 	C:\WINDOWS\SYSTEM32\profapi.dll
0x00007ff83c4b0000 - 0x00007ff83c4c9000 	C:\Program Files\Android\Android Studio\jbr\bin\net.dll
0x00007ff841840000 - 0x00007ff841977000 	C:\WINDOWS\SYSTEM32\WINHTTP.dll
0x00007ff8472a0000 - 0x00007ff847309000 	C:\WINDOWS\system32\mswsock.dll
0x00007ff835ee0000 - 0x00007ff835ef6000 	C:\Program Files\Android\Android Studio\jbr\bin\nio.dll
0x00007ff842930000 - 0x00007ff842940000 	C:\Program Files\Android\Android Studio\jbr\bin\verify.dll
0x00007ff835890000 - 0x00007ff8358b7000 	C:\Users\23480\.gradle\native\68d5fa5c4cc2d200863cafc0d521ce42e7d3e7ee720ec0a83991735586a16f82\windows-amd64\native-platform.dll
0x00007ff81acd0000 - 0x00007ff81ae14000 	C:\Users\23480\.gradle\native\e376f236ea51e6404a007f0833ffe2c6e607c4080706a723a18a27aeea778392\windows-amd64\native-platform-file-events.dll
0x00007ff83d700000 - 0x00007ff83d709000 	C:\Program Files\Android\Android Studio\jbr\bin\management.dll
0x00007ff83c340000 - 0x00007ff83c34b000 	C:\Program Files\Android\Android Studio\jbr\bin\management_ext.dll
0x00007ff849d80000 - 0x00007ff849d88000 	C:\WINDOWS\System32\PSAPI.DLL
0x00007ff8474f0000 - 0x00007ff84750b000 	C:\WINDOWS\SYSTEM32\CRYPTSP.dll
0x00007ff846d10000 - 0x00007ff846d45000 	C:\WINDOWS\system32\rsaenh.dll
0x00007ff847390000 - 0x00007ff8473bc000 	C:\WINDOWS\SYSTEM32\USERENV.dll
0x00007ff847510000 - 0x00007ff84751c000 	C:\WINDOWS\SYSTEM32\CRYPTBASE.dll
0x00007ff846830000 - 0x00007ff84685d000 	C:\WINDOWS\SYSTEM32\IPHLPAPI.DLL
0x00007ff8492f0000 - 0x00007ff8492f9000 	C:\WINDOWS\System32\NSI.dll
0x00007ff841750000 - 0x00007ff841769000 	C:\WINDOWS\SYSTEM32\dhcpcsvc6.DLL
0x00007ff841610000 - 0x00007ff84162f000 	C:\WINDOWS\SYSTEM32\dhcpcsvc.DLL
0x00007ff846860000 - 0x00007ff846959000 	C:\WINDOWS\SYSTEM32\DNSAPI.dll
0x00007fffc1a60000 - 0x00007fffc1a68000 	C:\WINDOWS\system32\wshunix.dll
0x00007fffaaef0000 - 0x00007fffaaf07000 	C:\WINDOWS\system32\napinsp.dll
0x00007fffaac50000 - 0x00007fffaac6b000 	C:\WINDOWS\system32\pnrpnsp.dll
0x00007fffaac70000 - 0x00007fffaac81000 	C:\WINDOWS\System32\winrnr.dll
0x00007ff83dec0000 - 0x00007ff83ded5000 	C:\WINDOWS\system32\wshbth.dll
0x00007fffe1820000 - 0x00007fffe1841000 	C:\WINDOWS\system32\nlansp_c.dll
0x0000000060760000 - 0x0000000060786000 	C:\Program Files\Bonjour\mdnsNSP.dll
0x00007ff83f210000 - 0x00007ff83f21a000 	C:\Windows\System32\rasadhlp.dll
0x00007ff83e3e0000 - 0x00007ff83e463000 	C:\WINDOWS\System32\fwpuclnt.dll

dbghelp: loaded successfully - version: 4.0.5 - missing functions: none
symbol engine: initialized successfully - sym options: 0x614 - pdb path: .;C:\Program Files\Android\Android Studio\jbr\bin;C:\WINDOWS\SYSTEM32;C:\WINDOWS\WinSxS\amd64_microsoft.windows.common-controls_6595b64144ccf1df_6.0.22621.3235_none_270f74e173860f98;C:\Program Files\Android\Android Studio\jbr\bin\server;C:\Users\23480\.gradle\native\68d5fa5c4cc2d200863cafc0d521ce42e7d3e7ee720ec0a83991735586a16f82\windows-amd64;C:\Users\23480\.gradle\native\e376f236ea51e6404a007f0833ffe2c6e607c4080706a723a18a27aeea778392\windows-amd64;C:\Program Files\Bonjour

VM Arguments:
jvm_args: --add-opens=java.base/java.util.concurrent.atomic=ALL-UNNAMED --add-opens=java.base/java.util=ALL-UNNAMED --add-opens=java.base/java.lang=ALL-UNNAMED --add-opens=java.base/java.lang.invoke=ALL-UNNAMED --add-opens=java.prefs/java.util.prefs=ALL-UNNAMED --add-opens=java.base/java.nio.charset=ALL-UNNAMED --add-opens=java.base/java.net=ALL-UNNAMED --add-opens=java.base/java.util.concurrent.atomic=ALL-UNNAMED -Xmx2048m -Dfile.encoding=UTF-8 -Duser.country=US -Duser.language=en -Duser.variant 
java_command: org.gradle.launcher.daemon.bootstrap.GradleDaemon 8.0
java_class_path (initial): C:\Users\23480\.gradle\wrapper\dists\gradle-8.0-bin\ca5e32bp14vu59qr306oxotwh\gradle-8.0\lib\gradle-launcher-8.0.jar
Launcher Type: SUN_STANDARD

[Global flags]
     intx CICompilerCount                          = 4                                         {product} {ergonomic}
     uint ConcGCThreads                            = 2                                         {product} {ergonomic}
     uint G1ConcRefinementThreads                  = 8                                         {product} {ergonomic}
   size_t G1HeapRegionSize                         = 1048576                                   {product} {ergonomic}
    uintx GCDrainStackTargetSize                   = 64                                        {product} {ergonomic}
   size_t InitialHeapSize                          = 123731968                                 {product} {ergonomic}
   size_t MarkStackSize                            = 4194304                                   {product} {ergonomic}
   size_t MaxHeapSize                              = 2147483648                                {product} {command line}
   size_t MaxNewSize                               = 1287651328                                {product} {ergonomic}
   size_t MinHeapDeltaBytes                        = 1048576                                   {product} {ergonomic}
   size_t MinHeapSize                              = 8388608                                   {product} {ergonomic}
    uintx NonNMethodCodeHeapSize                   = 5839372                                {pd product} {ergonomic}
    uintx NonProfiledCodeHeapSize                  = 122909434                              {pd product} {ergonomic}
    uintx ProfiledCodeHeapSize                     = 122909434                              {pd product} {ergonomic}
    uintx ReservedCodeCacheSize                    = 251658240                              {pd product} {ergonomic}
     bool SegmentedCodeCache                       = true                                      {product} {ergonomic}
   size_t SoftMaxHeapSize                          = 2147483648                             {manageable} {ergonomic}
     bool UseCompressedClassPointers               = true                           {product lp64_product} {ergonomic}
     bool UseCompressedOops                        = true                           {product lp64_product} {ergonomic}
     bool UseG1GC                                  = true                                      {product} {ergonomic}
     bool UseLargePagesIndividualAllocation        = false                                  {pd product} {ergonomic}

Logging:
Log output configuration:
 #0: stdout all=warning uptime,level,tags
 #1: stderr all=off uptime,level,tags

Environment Variables:
PATH=C:\WINDOWS\system32;C:\WINDOWS;C:\WINDOWS\System32\Wbem;C:\WINDOWS\System32\WindowsPowerShell\v1.0\;C:\WINDOWS\System32\OpenSSH\;C:\Program Files\nodejs\;C:\Program Files\Git\cmd;C:\Users\23480\AppData\Local\Programs\Python\Python311\Scripts\;C:\Users\23480\AppData\Local\Programs\Python\Python311\;C:\Users\23480\AppData\Local\Microsoft\WindowsApps;C:\Users\23480\AppData\Local\atom\bin;C:\Users\23480\AppData\Local\Programs\Microsoft VS Code\bin;C:\Users\23480\AppData\Local\Microsoft\WindowsApps;;C:\Program Files\JetBrains\IntelliJ IDEA Community Edition 2023.2.1\bin;;C:\Users\23480\AppData\Roaming\npm
USERNAME=23480
OS=Windows_NT
PROCESSOR_IDENTIFIER=AMD64 Family 23 Model 104 Stepping 1, AuthenticAMD
TMP=C:\Users\23480\AppData\Local\Temp
TEMP=C:\Users\23480\AppData\Local\Temp


JNI global refs:
JNI global refs: 25, weak refs: 0

JNI global refs memory usage: 843, weak refs: 841


---------------  S Y S T E M  ---------------

OS:
 Windows 11 , 64 bit Build 22621 (10.0.22621.3235)
OS uptime: 0 days 1:00 hours

CPU: total 8 (initial active 8) (8 cores per cpu, 2 threads per core) family 23 model 104 stepping 1 microcode 0x0, cx8, cmov, fxsr, ht, mmx, 3dnowpref, sse, sse2, sse3, ssse3, sse4a, sse4.1, sse4.2, popcnt, lzcnt, tsc, tscinvbit, avx, avx2, aes, clmul, bmi1, bmi2, adx, sha, fma, vzeroupper, clflush, clflushopt

Memory: 4k page, system-wide physical 7502M (210M free)
TotalPageFile size 11571M (AvailPageFile size 157M)
current process WorkingSet (physical memory assigned to process): 462M, peak: 462M
current process commit charge ("private bytes"): 499M, peak: 724M

vm_info: OpenJDK 64-Bit Server VM (17.0.6+0-b2043.56-10027231) for windows-amd64 JRE (17.0.6+0-b2043.56-10027231), built on Apr 28 2023 00:43:19 by "androidbuild" with MS VC++ 16.10 / 16.11 (VS2019)

END.
