#
# There is insufficient memory for the Java Runtime Environment to continue.
# Native memory allocation (mmap) failed to map 136314880 bytes for G1 virtual space
# Possible reasons:
#   The system is out of physical RAM or swap space
#   The process is running with CompressedOops enabled, and the Java Heap may be blocking the growth of the native heap
# Possible solutions:
#   Reduce memory load on the system
#   Increase physical memory or swap space
#   Check if swap backing store is full
#   Decrease Java heap size (-Xmx/-Xms)
#   Decrease number of Java threads
#   Decrease Java thread stack sizes (-Xss)
#   Set larger code cache with -XX:ReservedCodeCacheSize=
#   JVM is running with Unscaled Compressed Oops mode in which the Java heap is
#     placed in the first 4GB address space. The Java Heap base address is the
#     maximum limit for the native heap growth. Please use -XX:HeapBaseMinAddress
#     to set the Java Heap base and to place the Java Heap above 4GB virtual address.
# This output file may be truncated or incomplete.
#
#  Out of Memory Error (os_windows.cpp:3769), pid=14908, tid=5028
#
# JRE version: OpenJDK Runtime Environment (17.0.6) (build 17.0.6+0-b2043.56-10027231)
# Java VM: OpenJDK 64-Bit Server VM (17.0.6+0-b2043.56-10027231, mixed mode, tiered, compressed oops, compressed class ptrs, g1 gc, windows-amd64)
# No core dump will be written. Minidumps are not enabled by default on client versions of Windows
#

---------------  S U M M A R Y ------------

Command Line: --add-opens=java.base/java.util=ALL-UNNAMED --add-opens=java.base/java.lang=ALL-UNNAMED --add-opens=java.base/java.lang.invoke=ALL-UNNAMED --add-opens=java.prefs/java.util.prefs=ALL-UNNAMED --add-opens=java.base/java.nio.charset=ALL-UNNAMED --add-opens=java.base/java.net=ALL-UNNAMED --add-opens=java.base/java.util.concurrent.atomic=ALL-UNNAMED -Xmx2048m -Dfile.encoding=UTF-8 -Duser.country=US -Duser.language=en -Duser.variant org.gradle.launcher.daemon.bootstrap.GradleDaemon 8.0

Host: AMD Ryzen 3 5300U with Radeon Graphics         , 8 cores, 7G,  Windows 11 , 64 bit Build 22621 (10.0.22621.3235)
Time: Thu Mar 28 13:53:49 2024 W. Central Africa Standard Time elapsed time: 15.069361 seconds (0d 0h 0m 15s)

---------------  T H R E A D  ---------------

Current thread (0x000002c3d599f940):  VMThread "VM Thread" [stack: 0x000000ef3c100000,0x000000ef3c200000] [id=5028]

Stack: [0x000000ef3c100000,0x000000ef3c200000]
Native frames: (J=compiled Java code, j=interpreted, Vv=VM code, C=native code)
V  [jvm.dll+0x683c9a]
V  [jvm.dll+0x8427a4]
V  [jvm.dll+0x843f9e]
V  [jvm.dll+0x844603]
V  [jvm.dll+0x249b75]
V  [jvm.dll+0x680b69]
V  [jvm.dll+0x67505a]
V  [jvm.dll+0x309acb]
V  [jvm.dll+0x310f86]
V  [jvm.dll+0x3608ee]
V  [jvm.dll+0x360b1f]
V  [jvm.dll+0x2dfbf8]
V  [jvm.dll+0x2ddec4]
V  [jvm.dll+0x2dd4cc]
V  [jvm.dll+0x321f3b]
V  [jvm.dll+0x848ccb]
V  [jvm.dll+0x849a04]
V  [jvm.dll+0x849f1d]
V  [jvm.dll+0x84a2f4]
V  [jvm.dll+0x84a3c0]
V  [jvm.dll+0x7f274a]
V  [jvm.dll+0x682ad5]
C  [ucrtbase.dll+0x29363]
C  [KERNEL32.DLL+0x1257d]
C  [ntdll.dll+0x5aa58]

VM_Operation (0x000000ef44cf87c0): G1CollectForAllocation, mode: safepoint, requested by thread 0x000002c3de9dacd0


---------------  P R O C E S S  ---------------

Threads class SMR info:
_java_thread_list=0x000002c3df1a2830, length=138, elements={
0x000002c3bbb4c6a0, 0x000002c3d59c4a80, 0x000002c3d59c58f0, 0x000002c3d59acb60,
0x000002c3d59ad710, 0x000002c3d6424000, 0x000002c3d64286f0, 0x000002c3d643bf40,
0x000002c3d643c9e0, 0x000002c3d643f3e0, 0x000002c3d6426ee0, 0x000002c3d6427d50,
0x000002c3d6428220, 0x000002c3d6429f00, 0x000002c3d6429090, 0x000002c3d6427880,
0x000002c3d64273b0, 0x000002c3d6428bc0, 0x000002c3d6429560, 0x000002c3d642a3d0,
0x000002c3d6426a10, 0x000002c3d7569a40, 0x000002c3d756c590, 0x000002c3d7569f10,
0x000002c3d7568700, 0x000002c3d756f0e0, 0x000002c3d756dda0, 0x000002c3d756cf30,
0x000002c3d756d400, 0x000002c3d756f5b0, 0x000002c3d756d8d0, 0x000002c3d756e270,
0x000002c3d756ad80, 0x000002c3d7568bd0, 0x000002c3d756e740, 0x000002c3d756a8b0,
0x000002c3d756b250, 0x000002c3d7567d60, 0x000002c3d7568230, 0x000002c3d75690a0,
0x000002c3d756bbf0, 0x000002c3dd6a35a0, 0x000002c3dd69fbe0, 0x000002c3dd6a0a50,
0x000002c3dd6a4410, 0x000002c3dd6a3a70, 0x000002c3dd6a65c0, 0x000002c3dd6a13f0,
0x000002c3dd6a5750, 0x000002c3dd6a3f40, 0x000002c3dd6a4db0, 0x000002c3dd6a5c20,
0x000002c3dd6a0580, 0x000002c3dd6a60f0, 0x000002c3dd6a6a90, 0x000002c3dd6a6f60,
0x000002c3dd6a18c0, 0x000002c3dd69f710, 0x000002c3dd6a0f20, 0x000002c3dd6a1d90,
0x000002c3dd6a2260, 0x000002c3dd6a2730, 0x000002c3dd6a2c00, 0x000002c3dd6a30d0,
0x000002c3de62d5e0, 0x000002c3de6275a0, 0x000002c3de627f40, 0x000002c3de62af60,
0x000002c3de6288e0, 0x000002c3de628410, 0x000002c3de62c770, 0x000002c3de62bdd0,
0x000002c3de628db0, 0x000002c3de62d110, 0x000002c3de627a70, 0x000002c3de625d90,
0x000002c3de62c2a0, 0x000002c3de629750, 0x000002c3de626260, 0x000002c3de626730,
0x000002c3de626c00, 0x000002c3de6270d0, 0x000002c3de629280, 0x000002c3de629c20,
0x000002c3de62a0f0, 0x000002c3de62a5c0, 0x000002c3de62aa90, 0x000002c3de62b430,
0x000002c3de62b900, 0x000002c3de62cc40, 0x000002c3dcd02770, 0x000002c3dcd052c0,
0x000002c3dccff750, 0x000002c3dcd000f0, 0x000002c3dccff280, 0x000002c3dcd05c60,
0x000002c3dcd04920, 0x000002c3dcd03f80, 0x000002c3dcd03ab0, 0x000002c3dcd04450,
0x000002c3dcd04df0, 0x000002c3dccffc20, 0x000002c3dcd01900, 0x000002c3dcd05790,
0x000002c3dcd005c0, 0x000002c3dcd06130, 0x000002c3dccfe8e0, 0x000002c3dccfedb0,
0x000002c3dcd022a0, 0x000002c3dcd00a90, 0x000002c3dcd02c40, 0x000002c3dcd03110,
0x000002c3dcd00f60, 0x000002c3dcd01dd0, 0x000002c3dcd01430, 0x000002c3dcd035e0,
0x000002c3d8fd13c0, 0x000002c3d8fd1890, 0x000002c3d8fd2bd0, 0x000002c3d8fd1d60,
0x000002c3d8fd30a0, 0x000002c3d8fd2230, 0x000002c3d8fd3570, 0x000002c3d8fd0a20,
0x000002c3d8fd0550, 0x000002c3d6429a30, 0x000002c3de9d8b20, 0x000002c3de9dc9b0,
0x000002c3de9dacd0, 0x000002c3de9db1a0, 0x000002c3de9d6e40, 0x000002c3de9dc010,
0x000002c3de9dce80, 0x000002c3de9d94c0, 0x000002c3de9dc4e0, 0x000002c3de9dd350,
0x000002c3de9dd820, 0x000002c3df1ba640
}

Java Threads: ( => current thread )
  0x000002c3bbb4c6a0 JavaThread "main" [_thread_blocked, id=19124, stack(0x000000ef3bb00000,0x000000ef3bc00000)]
  0x000002c3d59c4a80 JavaThread "Reference Handler" daemon [_thread_blocked, id=14784, stack(0x000000ef3c200000,0x000000ef3c300000)]
  0x000002c3d59c58f0 JavaThread "Finalizer" daemon [_thread_blocked, id=5132, stack(0x000000ef3c300000,0x000000ef3c400000)]
  0x000002c3d59acb60 JavaThread "Signal Dispatcher" daemon [_thread_blocked, id=12532, stack(0x000000ef3c400000,0x000000ef3c500000)]
  0x000002c3d59ad710 JavaThread "Attach Listener" daemon [_thread_blocked, id=1760, stack(0x000000ef3c500000,0x000000ef3c600000)]
  0x000002c3d6424000 JavaThread "Service Thread" daemon [_thread_blocked, id=12484, stack(0x000000ef3c600000,0x000000ef3c700000)]
  0x000002c3d64286f0 JavaThread "Monitor Deflation Thread" daemon [_thread_blocked, id=7440, stack(0x000000ef3c700000,0x000000ef3c800000)]
  0x000002c3d643bf40 JavaThread "C2 CompilerThread0" daemon [_thread_blocked, id=19348, stack(0x000000ef3c800000,0x000000ef3c900000)]
  0x000002c3d643c9e0 JavaThread "C1 CompilerThread0" daemon [_thread_blocked, id=15392, stack(0x000000ef3c900000,0x000000ef3ca00000)]
  0x000002c3d643f3e0 JavaThread "Sweeper thread" daemon [_thread_blocked, id=15672, stack(0x000000ef3ca00000,0x000000ef3cb00000)]
  0x000002c3d6426ee0 JavaThread "Common-Cleaner" daemon [_thread_blocked, id=20492, stack(0x000000ef3cb00000,0x000000ef3cc00000)]
  0x000002c3d6427d50 JavaThread "Notification Thread" daemon [_thread_blocked, id=20500, stack(0x000000ef3cc00000,0x000000ef3cd00000)]
  0x000002c3d6428220 JavaThread "Daemon health stats" [_thread_blocked, id=20700, stack(0x000000ef3d200000,0x000000ef3d300000)]
  0x000002c3d6429f00 JavaThread "Incoming local TCP Connector on port 53055" [_thread_in_native, id=20704, stack(0x000000ef3d300000,0x000000ef3d400000)]
  0x000002c3d6429090 JavaThread "Daemon periodic checks" [_thread_blocked, id=20708, stack(0x000000ef3d400000,0x000000ef3d500000)]
  0x000002c3d6427880 JavaThread "Daemon" [_thread_blocked, id=20720, stack(0x000000ef3d500000,0x000000ef3d600000)]
  0x000002c3d64273b0 JavaThread "Handler for socket connection from /127.0.0.1:53055 to /127.0.0.1:53056" [_thread_in_native, id=20724, stack(0x000000ef3d600000,0x000000ef3d700000)]
  0x000002c3d6428bc0 JavaThread "Cancel handler" [_thread_blocked, id=20728, stack(0x000000ef3d700000,0x000000ef3d800000)]
  0x000002c3d6429560 JavaThread "Daemon worker" [_thread_blocked, id=20732, stack(0x000000ef3d800000,0x000000ef3d900000)]
  0x000002c3d642a3d0 JavaThread "Asynchronous log dispatcher for DefaultDaemonConnection: socket connection from /127.0.0.1:53055 to /127.0.0.1:53056" [_thread_blocked, id=20744, stack(0x000000ef3d900000,0x000000ef3da00000)]
  0x000002c3d6426a10 JavaThread "Stdin handler" [_thread_blocked, id=20748, stack(0x000000ef3da00000,0x000000ef3db00000)]
  0x000002c3d7569a40 JavaThread "Daemon client event forwarder" [_thread_blocked, id=20752, stack(0x000000ef3db00000,0x000000ef3dc00000)]
  0x000002c3d756c590 JavaThread "Cache worker for journal cache (C:\Users\23480\.gradle\caches\journal-1)" [_thread_blocked, id=20772, stack(0x000000ef3e000000,0x000000ef3e100000)]
  0x000002c3d7569f10 JavaThread "File lock request listener" [_thread_in_native, id=20784, stack(0x000000ef3e100000,0x000000ef3e200000)]
  0x000002c3d7568700 JavaThread "Cache worker for file hash cache (C:\Users\23480\.gradle\caches\8.0\fileHashes)" [_thread_blocked, id=20788, stack(0x000000ef3e200000,0x000000ef3e300000)]
  0x000002c3d756f0e0 JavaThread "File watcher server" daemon [_thread_blocked, id=20808, stack(0x000000ef3e300000,0x000000ef3e400000)]
  0x000002c3d756dda0 JavaThread "File watcher consumer" daemon [_thread_blocked, id=20812, stack(0x000000ef3e400000,0x000000ef3e500000)]
  0x000002c3d756cf30 JavaThread "Cache worker for checksums cache (C:\Users\23480\Documents\androidproject\TaskApp\.gradle\8.0\checksums)" [_thread_blocked, id=20816, stack(0x000000ef3e500000,0x000000ef3e600000)]
  0x000002c3d756d400 JavaThread "Cache worker for cache directory md-rule (C:\Users\23480\.gradle\caches\8.0\md-rule)" [_thread_blocked, id=20820, stack(0x000000ef3e600000,0x000000ef3e700000)]
  0x000002c3d756f5b0 JavaThread "Cache worker for file content cache (C:\Users\23480\.gradle\caches\8.0\fileContent)" [_thread_blocked, id=20824, stack(0x000000ef3e700000,0x000000ef3e800000)]
  0x000002c3d756d8d0 JavaThread "Cache worker for file hash cache (C:\Users\23480\Documents\androidproject\TaskApp\.gradle\8.0\fileHashes)" [_thread_blocked, id=20832, stack(0x000000ef3e800000,0x000000ef3e900000)]
  0x000002c3d756e270 JavaThread "Cache worker for cache directory md-supplier (C:\Users\23480\.gradle\caches\8.0\md-supplier)" [_thread_blocked, id=20836, stack(0x000000ef3e900000,0x000000ef3ea00000)]
  0x000002c3d756ad80 JavaThread "Cache worker for execution history cache (C:\Users\23480\.gradle\caches\8.0\executionHistory)" [_thread_blocked, id=20844, stack(0x000000ef3ea00000,0x000000ef3eb00000)]
  0x000002c3d7568bd0 JavaThread "jar transforms" [_thread_blocked, id=20856, stack(0x000000ef3ec00000,0x000000ef3ed00000)]
  0x000002c3d756e740 JavaThread "jar transforms Thread 2" [_thread_blocked, id=20860, stack(0x000000ef3ed00000,0x000000ef3ee00000)]
  0x000002c3d756a8b0 JavaThread "Cache worker for kotlin-dsl (C:\Users\23480\.gradle\caches\8.0\kotlin-dsl)" [_thread_blocked, id=20876, stack(0x000000ef3ef00000,0x000000ef3f000000)]
  0x000002c3d756b250 JavaThread "jar transforms Thread 3" [_thread_blocked, id=20880, stack(0x000000ef3f000000,0x000000ef3f100000)]
  0x000002c3d7567d60 JavaThread "jar transforms Thread 4" [_thread_blocked, id=20884, stack(0x000000ef3f100000,0x000000ef3f200000)]
  0x000002c3d7568230 JavaThread "Cache worker for dependencies-accessors (C:\Users\23480\Documents\androidproject\TaskApp\.gradle\8.0\dependencies-accessors)" [_thread_blocked, id=20888, stack(0x000000ef3f200000,0x000000ef3f300000)]
  0x000002c3d75690a0 JavaThread "Cache worker for Build Output Cleanup Cache (C:\Users\23480\Documents\androidproject\TaskApp\.gradle\buildOutputCleanup)" [_thread_blocked, id=20892, stack(0x000000ef3f300000,0x000000ef3f400000)]
  0x000002c3d756bbf0 JavaThread "jar transforms Thread 5" [_thread_blocked, id=20896, stack(0x000000ef3f400000,0x000000ef3f500000)]
  0x000002c3dd6a35a0 JavaThread "Unconstrained build operations" [_thread_blocked, id=20924, stack(0x000000ef3f500000,0x000000ef3f600000)]
  0x000002c3dd69fbe0 JavaThread "Unconstrained build operations Thread 2" [_thread_blocked, id=20928, stack(0x000000ef3f600000,0x000000ef3f700000)]
  0x000002c3dd6a0a50 JavaThread "Unconstrained build operations Thread 3" [_thread_blocked, id=20932, stack(0x000000ef3f700000,0x000000ef3f800000)]
  0x000002c3dd6a4410 JavaThread "Unconstrained build operations Thread 4" [_thread_blocked, id=20936, stack(0x000000ef3f800000,0x000000ef3f900000)]
  0x000002c3dd6a3a70 JavaThread "Unconstrained build operations Thread 5" [_thread_blocked, id=20940, stack(0x000000ef3f900000,0x000000ef3fa00000)]
  0x000002c3dd6a65c0 JavaThread "Unconstrained build operations Thread 6" [_thread_blocked, id=20944, stack(0x000000ef3fa00000,0x000000ef3fb00000)]
  0x000002c3dd6a13f0 JavaThread "Unconstrained build operations Thread 7" [_thread_blocked, id=20948, stack(0x000000ef3fb00000,0x000000ef3fc00000)]
  0x000002c3dd6a5750 JavaThread "Unconstrained build operations Thread 8" [_thread_blocked, id=20952, stack(0x000000ef3fc00000,0x000000ef3fd00000)]
  0x000002c3dd6a3f40 JavaThread "Unconstrained build operations Thread 9" [_thread_blocked, id=20956, stack(0x000000ef3fd00000,0x000000ef3fe00000)]
  0x000002c3dd6a4db0 JavaThread "Unconstrained build operations Thread 10" [_thread_blocked, id=20960, stack(0x000000ef3fe00000,0x000000ef3ff00000)]
  0x000002c3dd6a5c20 JavaThread "Unconstrained build operations Thread 11" [_thread_blocked, id=20964, stack(0x000000ef3ff00000,0x000000ef40000000)]
  0x000002c3dd6a0580 JavaThread "Unconstrained build operations Thread 12" [_thread_blocked, id=20968, stack(0x000000ef40000000,0x000000ef40100000)]
  0x000002c3dd6a60f0 JavaThread "Unconstrained build operations Thread 13" [_thread_blocked, id=20972, stack(0x000000ef40100000,0x000000ef40200000)]
  0x000002c3dd6a6a90 JavaThread "Unconstrained build operations Thread 14" [_thread_blocked, id=20976, stack(0x000000ef40200000,0x000000ef40300000)]
  0x000002c3dd6a6f60 JavaThread "Unconstrained build operations Thread 15" [_thread_blocked, id=20980, stack(0x000000ef40300000,0x000000ef40400000)]
  0x000002c3dd6a18c0 JavaThread "Unconstrained build operations Thread 16" [_thread_blocked, id=20984, stack(0x000000ef40400000,0x000000ef40500000)]
  0x000002c3dd69f710 JavaThread "Unconstrained build operations Thread 17" [_thread_blocked, id=20988, stack(0x000000ef40500000,0x000000ef40600000)]
  0x000002c3dd6a0f20 JavaThread "Unconstrained build operations Thread 18" [_thread_blocked, id=20992, stack(0x000000ef40600000,0x000000ef40700000)]
  0x000002c3dd6a1d90 JavaThread "Unconstrained build operations Thread 19" [_thread_blocked, id=20996, stack(0x000000ef40700000,0x000000ef40800000)]
  0x000002c3dd6a2260 JavaThread "Unconstrained build operations Thread 20" [_thread_blocked, id=21000, stack(0x000000ef40800000,0x000000ef40900000)]
  0x000002c3dd6a2730 JavaThread "Unconstrained build operations Thread 21" [_thread_blocked, id=21004, stack(0x000000ef40900000,0x000000ef40a00000)]
  0x000002c3dd6a2c00 JavaThread "Unconstrained build operations Thread 22" [_thread_blocked, id=21008, stack(0x000000ef40a00000,0x000000ef40b00000)]
  0x000002c3dd6a30d0 JavaThread "Unconstrained build operations Thread 23" [_thread_blocked, id=21012, stack(0x000000ef40b00000,0x000000ef40c00000)]
  0x000002c3de62d5e0 JavaThread "Unconstrained build operations Thread 24" [_thread_blocked, id=21016, stack(0x000000ef40c00000,0x000000ef40d00000)]
  0x000002c3de6275a0 JavaThread "Unconstrained build operations Thread 25" [_thread_blocked, id=21020, stack(0x000000ef40d00000,0x000000ef40e00000)]
  0x000002c3de627f40 JavaThread "Unconstrained build operations Thread 26" [_thread_blocked, id=21024, stack(0x000000ef40e00000,0x000000ef40f00000)]
  0x000002c3de62af60 JavaThread "Unconstrained build operations Thread 27" [_thread_blocked, id=21028, stack(0x000000ef40f00000,0x000000ef41000000)]
  0x000002c3de6288e0 JavaThread "Unconstrained build operations Thread 28" [_thread_blocked, id=21032, stack(0x000000ef41000000,0x000000ef41100000)]
  0x000002c3de628410 JavaThread "Unconstrained build operations Thread 29" [_thread_blocked, id=21036, stack(0x000000ef41100000,0x000000ef41200000)]
  0x000002c3de62c770 JavaThread "Unconstrained build operations Thread 30" [_thread_blocked, id=21040, stack(0x000000ef41200000,0x000000ef41300000)]
  0x000002c3de62bdd0 JavaThread "Unconstrained build operations Thread 31" [_thread_blocked, id=21044, stack(0x000000ef41300000,0x000000ef41400000)]
  0x000002c3de628db0 JavaThread "Unconstrained build operations Thread 32" [_thread_blocked, id=21048, stack(0x000000ef41400000,0x000000ef41500000)]
  0x000002c3de62d110 JavaThread "Unconstrained build operations Thread 33" [_thread_blocked, id=21052, stack(0x000000ef41500000,0x000000ef41600000)]
  0x000002c3de627a70 JavaThread "Unconstrained build operations Thread 34" [_thread_blocked, id=21056, stack(0x000000ef41600000,0x000000ef41700000)]
  0x000002c3de625d90 JavaThread "Unconstrained build operations Thread 35" [_thread_blocked, id=21060, stack(0x000000ef41700000,0x000000ef41800000)]
  0x000002c3de62c2a0 JavaThread "Unconstrained build operations Thread 36" [_thread_blocked, id=21064, stack(0x000000ef41800000,0x000000ef41900000)]
  0x000002c3de629750 JavaThread "Unconstrained build operations Thread 37" [_thread_blocked, id=21068, stack(0x000000ef41900000,0x000000ef41a00000)]
  0x000002c3de626260 JavaThread "Unconstrained build operations Thread 38" [_thread_blocked, id=21072, stack(0x000000ef41a00000,0x000000ef41b00000)]
  0x000002c3de626730 JavaThread "Unconstrained build operations Thread 39" [_thread_blocked, id=21076, stack(0x000000ef41b00000,0x000000ef41c00000)]
  0x000002c3de626c00 JavaThread "Unconstrained build operations Thread 40" [_thread_blocked, id=21080, stack(0x000000ef41c00000,0x000000ef41d00000)]
  0x000002c3de6270d0 JavaThread "Unconstrained build operations Thread 41" [_thread_blocked, id=21084, stack(0x000000ef41d00000,0x000000ef41e00000)]
  0x000002c3de629280 JavaThread "Unconstrained build operations Thread 42" [_thread_blocked, id=21088, stack(0x000000ef41e00000,0x000000ef41f00000)]
  0x000002c3de629c20 JavaThread "Unconstrained build operations Thread 43" [_thread_blocked, id=21092, stack(0x000000ef41f00000,0x000000ef42000000)]
  0x000002c3de62a0f0 JavaThread "Unconstrained build operations Thread 44" [_thread_blocked, id=21096, stack(0x000000ef42000000,0x000000ef42100000)]
  0x000002c3de62a5c0 JavaThread "Unconstrained build operations Thread 45" [_thread_blocked, id=21100, stack(0x000000ef42100000,0x000000ef42200000)]
  0x000002c3de62aa90 JavaThread "Unconstrained build operations Thread 46" [_thread_blocked, id=21104, stack(0x000000ef42200000,0x000000ef42300000)]
  0x000002c3de62b430 JavaThread "Unconstrained build operations Thread 47" [_thread_blocked, id=21108, stack(0x000000ef42300000,0x000000ef42400000)]
  0x000002c3de62b900 JavaThread "Unconstrained build operations Thread 48" [_thread_blocked, id=21112, stack(0x000000ef42400000,0x000000ef42500000)]
  0x000002c3de62cc40 JavaThread "Unconstrained build operations Thread 49" [_thread_blocked, id=21116, stack(0x000000ef42500000,0x000000ef42600000)]
  0x000002c3dcd02770 JavaThread "Unconstrained build operations Thread 50" [_thread_blocked, id=21120, stack(0x000000ef42600000,0x000000ef42700000)]
  0x000002c3dcd052c0 JavaThread "Unconstrained build operations Thread 51" [_thread_blocked, id=21124, stack(0x000000ef42700000,0x000000ef42800000)]
  0x000002c3dccff750 JavaThread "Unconstrained build operations Thread 52" [_thread_blocked, id=21128, stack(0x000000ef42800000,0x000000ef42900000)]
  0x000002c3dcd000f0 JavaThread "Unconstrained build operations Thread 53" [_thread_blocked, id=21132, stack(0x000000ef42900000,0x000000ef42a00000)]
  0x000002c3dccff280 JavaThread "Unconstrained build operations Thread 54" [_thread_blocked, id=21136, stack(0x000000ef42a00000,0x000000ef42b00000)]
  0x000002c3dcd05c60 JavaThread "Unconstrained build operations Thread 55" [_thread_blocked, id=21140, stack(0x000000ef42b00000,0x000000ef42c00000)]
  0x000002c3dcd04920 JavaThread "Unconstrained build operations Thread 56" [_thread_blocked, id=21144, stack(0x000000ef42c00000,0x000000ef42d00000)]
  0x000002c3dcd03f80 JavaThread "Unconstrained build operations Thread 57" [_thread_blocked, id=21148, stack(0x000000ef42d00000,0x000000ef42e00000)]
  0x000002c3dcd03ab0 JavaThread "Unconstrained build operations Thread 58" [_thread_blocked, id=21152, stack(0x000000ef42e00000,0x000000ef42f00000)]
  0x000002c3dcd04450 JavaThread "Unconstrained build operations Thread 59" [_thread_blocked, id=21156, stack(0x000000ef42f00000,0x000000ef43000000)]
  0x000002c3dcd04df0 JavaThread "Unconstrained build operations Thread 60" [_thread_blocked, id=21160, stack(0x000000ef43000000,0x000000ef43100000)]
  0x000002c3dccffc20 JavaThread "Unconstrained build operations Thread 61" [_thread_blocked, id=21164, stack(0x000000ef43100000,0x000000ef43200000)]
  0x000002c3dcd01900 JavaThread "Unconstrained build operations Thread 62" [_thread_blocked, id=21168, stack(0x000000ef43200000,0x000000ef43300000)]
  0x000002c3dcd05790 JavaThread "Unconstrained build operations Thread 63" [_thread_blocked, id=21172, stack(0x000000ef43300000,0x000000ef43400000)]
  0x000002c3dcd005c0 JavaThread "Unconstrained build operations Thread 64" [_thread_blocked, id=21176, stack(0x000000ef43400000,0x000000ef43500000)]
  0x000002c3dcd06130 JavaThread "Unconstrained build operations Thread 65" [_thread_blocked, id=21180, stack(0x000000ef43500000,0x000000ef43600000)]
  0x000002c3dccfe8e0 JavaThread "Unconstrained build operations Thread 66" [_thread_blocked, id=21184, stack(0x000000ef43600000,0x000000ef43700000)]
  0x000002c3dccfedb0 JavaThread "Unconstrained build operations Thread 67" [_thread_blocked, id=21188, stack(0x000000ef43700000,0x000000ef43800000)]
  0x000002c3dcd022a0 JavaThread "Unconstrained build operations Thread 68" [_thread_blocked, id=21192, stack(0x000000ef43800000,0x000000ef43900000)]
  0x000002c3dcd00a90 JavaThread "Unconstrained build operations Thread 69" [_thread_blocked, id=21196, stack(0x000000ef43900000,0x000000ef43a00000)]
  0x000002c3dcd02c40 JavaThread "Unconstrained build operations Thread 70" [_thread_blocked, id=21200, stack(0x000000ef43a00000,0x000000ef43b00000)]
  0x000002c3dcd03110 JavaThread "Unconstrained build operations Thread 71" [_thread_blocked, id=21204, stack(0x000000ef43b00000,0x000000ef43c00000)]
  0x000002c3dcd00f60 JavaThread "Unconstrained build operations Thread 72" [_thread_blocked, id=21208, stack(0x000000ef43c00000,0x000000ef43d00000)]
  0x000002c3dcd01dd0 JavaThread "Unconstrained build operations Thread 73" [_thread_blocked, id=21212, stack(0x000000ef43d00000,0x000000ef43e00000)]
  0x000002c3dcd01430 JavaThread "Unconstrained build operations Thread 74" [_thread_blocked, id=21216, stack(0x000000ef43e00000,0x000000ef43f00000)]
  0x000002c3dcd035e0 JavaThread "Unconstrained build operations Thread 75" [_thread_blocked, id=21220, stack(0x000000ef43f00000,0x000000ef44000000)]
  0x000002c3d8fd13c0 JavaThread "Unconstrained build operations Thread 76" [_thread_blocked, id=21224, stack(0x000000ef44000000,0x000000ef44100000)]
  0x000002c3d8fd1890 JavaThread "Unconstrained build operations Thread 77" [_thread_blocked, id=21228, stack(0x000000ef44100000,0x000000ef44200000)]
  0x000002c3d8fd2bd0 JavaThread "Unconstrained build operations Thread 78" [_thread_blocked, id=21232, stack(0x000000ef44200000,0x000000ef44300000)]
  0x000002c3d8fd1d60 JavaThread "Unconstrained build operations Thread 79" [_thread_blocked, id=21236, stack(0x000000ef44300000,0x000000ef44400000)]
  0x000002c3d8fd30a0 JavaThread "Unconstrained build operations Thread 80" [_thread_blocked, id=21240, stack(0x000000ef44400000,0x000000ef44500000)]
  0x000002c3d8fd2230 JavaThread "jar transforms Thread 6" [_thread_blocked, id=21272, stack(0x000000ef44500000,0x000000ef44600000)]
  0x000002c3d8fd3570 JavaThread "jar transforms Thread 7" [_thread_blocked, id=21276, stack(0x000000ef44600000,0x000000ef44700000)]
  0x000002c3d8fd0a20 JavaThread "jar transforms Thread 8" [_thread_blocked, id=21280, stack(0x000000ef44700000,0x000000ef44800000)]
  0x000002c3d8fd0550 JavaThread "build event listener" [_thread_blocked, id=21288, stack(0x000000ef44800000,0x000000ef44900000)]
  0x000002c3d6429a30 JavaThread "Memory manager" [_thread_blocked, id=21308, stack(0x000000ef44900000,0x000000ef44a00000)]
  0x000002c3de9d8b20 JavaThread "pool-3-thread-1" [_thread_blocked, id=20628, stack(0x000000ef44a00000,0x000000ef44b00000)]
  0x000002c3de9dc9b0 JavaThread "build event listener" [_thread_blocked, id=20616, stack(0x000000ef44b00000,0x000000ef44c00000)]
  0x000002c3de9dacd0 JavaThread "included builds" [_thread_blocked, id=20620, stack(0x000000ef44c00000,0x000000ef44d00000)]
  0x000002c3de9db1a0 JavaThread "Execution worker" [_thread_blocked, id=20736, stack(0x000000ef44d00000,0x000000ef44e00000)]
  0x000002c3de9d6e40 JavaThread "Execution worker Thread 2" [_thread_blocked, id=4800, stack(0x000000ef44e00000,0x000000ef44f00000)]
  0x000002c3de9dc010 JavaThread "Execution worker Thread 3" [_thread_blocked, id=9660, stack(0x000000ef44f00000,0x000000ef45000000)]
  0x000002c3de9dce80 JavaThread "Execution worker Thread 4" [_thread_blocked, id=19468, stack(0x000000ef45000000,0x000000ef45100000)]
  0x000002c3de9d94c0 JavaThread "Execution worker Thread 5" [_thread_blocked, id=19344, stack(0x000000ef45100000,0x000000ef45200000)]
  0x000002c3de9dc4e0 JavaThread "Execution worker Thread 6" [_thread_blocked, id=2112, stack(0x000000ef45200000,0x000000ef45300000)]
  0x000002c3de9dd350 JavaThread "Execution worker Thread 7" [_thread_blocked, id=14772, stack(0x000000ef45300000,0x000000ef45400000)]
  0x000002c3de9dd820 JavaThread "Cache worker for execution history cache (C:\Users\23480\Documents\androidproject\TaskApp\.gradle\8.0\executionHistory)" [_thread_blocked, id=10764, stack(0x000000ef45400000,0x000000ef45500000)]
  0x000002c3df1ba640 JavaThread "WorkerExecutor Queue" [_thread_blocked, id=11420, stack(0x000000ef3eb00000,0x000000ef3ec00000)]

Other Threads:
=>0x000002c3d599f940 VMThread "VM Thread" [stack: 0x000000ef3c100000,0x000000ef3c200000] [id=5028]
  0x000002c3bbbc5fc0 WatcherThread [stack: 0x000000ef3cd00000,0x000000ef3ce00000] [id=20504]
  0x000002c3bbba98c0 GCTaskThread "GC Thread#0" [stack: 0x000000ef3bc00000,0x000000ef3bd00000] [id=14080]
  0x000002c3d7052040 GCTaskThread "GC Thread#1" [stack: 0x000000ef3ce00000,0x000000ef3cf00000] [id=20664]
  0x000002c3d6e15730 GCTaskThread "GC Thread#2" [stack: 0x000000ef3cf00000,0x000000ef3d000000] [id=20668]
  0x000002c3d6ffec40 GCTaskThread "GC Thread#3" [stack: 0x000000ef3d000000,0x000000ef3d100000] [id=20672]
  0x000002c3d681a450 GCTaskThread "GC Thread#4" [stack: 0x000000ef3d100000,0x000000ef3d200000] [id=20692]
  0x000002c3d8831220 GCTaskThread "GC Thread#5" [stack: 0x000000ef3dc00000,0x000000ef3dd00000] [id=20756]
  0x000002c3d8b3b780 GCTaskThread "GC Thread#6" [stack: 0x000000ef3dd00000,0x000000ef3de00000] [id=20760]
  0x000002c3d89ceee0 GCTaskThread "GC Thread#7" [stack: 0x000000ef3de00000,0x000000ef3df00000] [id=20764]
  0x000002c3bbbba800 ConcurrentGCThread "G1 Main Marker" [stack: 0x000000ef3bd00000,0x000000ef3be00000] [id=8480]
  0x000002c3bbbbb210 ConcurrentGCThread "G1 Conc#0" [stack: 0x000000ef3be00000,0x000000ef3bf00000] [id=13400]
  0x000002c3d89c3ac0 ConcurrentGCThread "G1 Conc#1" [stack: 0x000000ef3df00000,0x000000ef3e000000] [id=20768]
  0x000002c3bbc0e010 ConcurrentGCThread "G1 Refine#0" [stack: 0x000000ef3bf00000,0x000000ef3c000000] [id=10264]
  0x000002c3d95efaa0 ConcurrentGCThread "G1 Refine#1" [stack: 0x000000ef3ee00000,0x000000ef3ef00000] [id=20872]
  0x000002c3bbc0ea30 ConcurrentGCThread "G1 Service" [stack: 0x000000ef3c000000,0x000000ef3c100000] [id=19004]

Threads with active compile tasks:

VM state: at safepoint (normal execution)

VM Mutex/Monitor currently owned by a thread:  ([mutex/lock_event])
[0x000002c3bbb49300] Threads_lock - owner thread: 0x000002c3d599f940
[0x000002c3bbb49390] Heap_lock - owner thread: 0x000002c3de9dacd0

Heap address: 0x0000000080000000, size: 2048 MB, Compressed Oops mode: 32-bit

CDS archive(s) not mapped
Compressed class space mapped at: 0x0000000100000000-0x0000000140000000, reserved size: 1073741824
Narrow klass base: 0x0000000000000000, Narrow klass shift: 3, Narrow klass range: 0x140000000

GC Precious Log:
 CPUs: 8 total, 8 available
 Memory: 7502M
 Large Page Support: Disabled
 NUMA Support: Disabled
 Compressed Oops: Enabled (32-bit)
 Heap Region Size: 1M
 Heap Min Capacity: 8M
 Heap Initial Capacity: 118M
 Heap Max Capacity: 2G
 Pre-touch: Disabled
 Parallel Workers: 8
 Concurrent Workers: 2
 Concurrent Refinement Workers: 8
 Periodic GC: Disabled

Heap:
 garbage-first heap   total 163840K, used 106849K [0x0000000080000000, 0x0000000100000000)
  region size 1024K, 3 young (3072K), 3 survivors (3072K)
 Metaspace       used 102631K, committed 103360K, reserved 1138688K
  class space    used 13898K, committed 14272K, reserved 1048576K

Heap Regions: E=young(eden), S=young(survivor), O=old, HS=humongous(starts), HC=humongous(continues), CS=collection set, F=free, OA=open archive, CA=closed archive, TAMS=top-at-mark-start (previous, next)
|   0|0x0000000080000000, 0x0000000080100000, 0x0000000080100000|100%|HS|  |TAMS 0x0000000080100000, 0x0000000080000000| Complete 
|   1|0x0000000080100000, 0x0000000080200000, 0x0000000080200000|100%|HC|  |TAMS 0x0000000080200000, 0x0000000080100000| Complete 
|   2|0x0000000080200000, 0x0000000080300000, 0x0000000080300000|100%|HC|  |TAMS 0x0000000080300000, 0x0000000080200000| Complete 
|   3|0x0000000080300000, 0x0000000080400000, 0x0000000080400000|100%|HC|  |TAMS 0x0000000080400000, 0x0000000080300000| Complete 
|   4|0x0000000080400000, 0x0000000080500000, 0x0000000080500000|100%| O|  |TAMS 0x0000000080500000, 0x0000000080400000| Untracked 
|   5|0x0000000080500000, 0x0000000080600000, 0x0000000080600000|100%| O|  |TAMS 0x0000000080600000, 0x0000000080500000| Untracked 
|   6|0x0000000080600000, 0x0000000080700000, 0x0000000080700000|100%| O|  |TAMS 0x0000000080700000, 0x0000000080600000| Untracked 
|   7|0x0000000080700000, 0x0000000080800000, 0x0000000080800000|100%| O|  |TAMS 0x0000000080800000, 0x0000000080700000| Untracked 
|   8|0x0000000080800000, 0x0000000080900000, 0x0000000080900000|100%| O|  |TAMS 0x0000000080900000, 0x0000000080800000| Untracked 
|   9|0x0000000080900000, 0x0000000080a00000, 0x0000000080a00000|100%| O|  |TAMS 0x0000000080a00000, 0x0000000080900000| Untracked 
|  10|0x0000000080a00000, 0x0000000080b00000, 0x0000000080b00000|100%| O|  |TAMS 0x0000000080b00000, 0x0000000080a00000| Untracked 
|  11|0x0000000080b00000, 0x0000000080c00000, 0x0000000080c00000|100%| O|  |TAMS 0x0000000080be3800, 0x0000000080b00000| Untracked 
|  12|0x0000000080c00000, 0x0000000080d00000, 0x0000000080d00000|100%| O|  |TAMS 0x0000000080d00000, 0x0000000080c00000| Untracked 
|  13|0x0000000080d00000, 0x0000000080e00000, 0x0000000080e00000|100%| O|  |TAMS 0x0000000080e00000, 0x0000000080d00000| Untracked 
|  14|0x0000000080e00000, 0x0000000080f00000, 0x0000000080f00000|100%| O|  |TAMS 0x0000000080f00000, 0x0000000080e00000| Untracked 
|  15|0x0000000080f00000, 0x0000000081000000, 0x0000000081000000|100%| O|  |TAMS 0x0000000081000000, 0x0000000080f00000| Untracked 
|  16|0x0000000081000000, 0x0000000081100000, 0x0000000081100000|100%| O|  |TAMS 0x0000000081100000, 0x0000000081000000| Untracked 
|  17|0x0000000081100000, 0x0000000081200000, 0x0000000081200000|100%| O|  |TAMS 0x0000000081200000, 0x0000000081100000| Untracked 
|  18|0x0000000081200000, 0x0000000081300000, 0x0000000081300000|100%| O|  |TAMS 0x0000000081300000, 0x0000000081200000| Untracked 
|  19|0x0000000081300000, 0x0000000081400000, 0x0000000081400000|100%| O|  |TAMS 0x0000000081400000, 0x0000000081300000| Untracked 
|  20|0x0000000081400000, 0x0000000081500000, 0x0000000081500000|100%| O|  |TAMS 0x0000000081500000, 0x0000000081400000| Untracked 
|  21|0x0000000081500000, 0x0000000081600000, 0x0000000081600000|100%| O|  |TAMS 0x0000000081600000, 0x0000000081500000| Untracked 
|  22|0x0000000081600000, 0x0000000081700000, 0x0000000081700000|100%| O|  |TAMS 0x0000000081700000, 0x0000000081600000| Untracked 
|  23|0x0000000081700000, 0x0000000081800000, 0x0000000081800000|100%| O|  |TAMS 0x0000000081800000, 0x0000000081700000| Untracked 
|  24|0x0000000081800000, 0x0000000081900000, 0x0000000081900000|100%| O|  |TAMS 0x0000000081800000, 0x0000000081800000| Untracked 
|  25|0x0000000081900000, 0x0000000081a00000, 0x0000000081a00000|100%| O|  |TAMS 0x0000000081a00000, 0x0000000081900000| Untracked 
|  26|0x0000000081a00000, 0x0000000081b00000, 0x0000000081b00000|100%| O|  |TAMS 0x0000000081b00000, 0x0000000081a00000| Untracked 
|  27|0x0000000081b00000, 0x0000000081c00000, 0x0000000081c00000|100%| O|  |TAMS 0x0000000081c00000, 0x0000000081b00000| Untracked 
|  28|0x0000000081c00000, 0x0000000081d00000, 0x0000000081d00000|100%| O|  |TAMS 0x0000000081d00000, 0x0000000081c00000| Untracked 
|  29|0x0000000081d00000, 0x0000000081e00000, 0x0000000081e00000|100%| O|  |TAMS 0x0000000081e00000, 0x0000000081d00000| Untracked 
|  30|0x0000000081e00000, 0x0000000081f00000, 0x0000000081f00000|100%| O|  |TAMS 0x0000000081e00000, 0x0000000081e00000| Untracked 
|  31|0x0000000081f00000, 0x0000000082000000, 0x0000000082000000|100%| O|  |TAMS 0x0000000082000000, 0x0000000081f00000| Untracked 
|  32|0x0000000082000000, 0x0000000082100000, 0x0000000082100000|100%| O|  |TAMS 0x0000000082100000, 0x0000000082000000| Untracked 
|  33|0x0000000082100000, 0x0000000082200000, 0x0000000082200000|100%| O|  |TAMS 0x0000000082200000, 0x0000000082100000| Untracked 
|  34|0x0000000082200000, 0x0000000082300000, 0x0000000082300000|100%|HS|  |TAMS 0x0000000082300000, 0x0000000082200000| Complete 
|  35|0x0000000082300000, 0x0000000082400000, 0x0000000082400000|100%|HS|  |TAMS 0x0000000082400000, 0x0000000082300000| Complete 
|  36|0x0000000082400000, 0x0000000082500000, 0x0000000082500000|100%|HS|  |TAMS 0x0000000082500000, 0x0000000082400000| Complete 
|  37|0x0000000082500000, 0x0000000082600000, 0x0000000082600000|100%|HC|  |TAMS 0x0000000082600000, 0x0000000082500000| Complete 
|  38|0x0000000082600000, 0x0000000082700000, 0x0000000082700000|100%| O|  |TAMS 0x0000000082700000, 0x0000000082600000| Untracked 
|  39|0x0000000082700000, 0x0000000082800000, 0x0000000082800000|100%| O|  |TAMS 0x0000000082800000, 0x0000000082700000| Untracked 
|  40|0x0000000082800000, 0x0000000082900000, 0x0000000082900000|100%| O|  |TAMS 0x0000000082900000, 0x0000000082800000| Untracked 
|  41|0x0000000082900000, 0x0000000082a00000, 0x0000000082a00000|100%| O|  |TAMS 0x0000000082a00000, 0x0000000082900000| Untracked 
|  42|0x0000000082a00000, 0x0000000082b00000, 0x0000000082b00000|100%|HS|  |TAMS 0x0000000082b00000, 0x0000000082a00000| Complete 
|  43|0x0000000082b00000, 0x0000000082c00000, 0x0000000082c00000|100%|HS|  |TAMS 0x0000000082c00000, 0x0000000082b00000| Complete 
|  44|0x0000000082c00000, 0x0000000082d00000, 0x0000000082d00000|100%|HC|  |TAMS 0x0000000082d00000, 0x0000000082c00000| Complete 
|  45|0x0000000082d00000, 0x0000000082e00000, 0x0000000082e00000|100%|HC|  |TAMS 0x0000000082e00000, 0x0000000082d00000| Complete 
|  46|0x0000000082e00000, 0x0000000082f00000, 0x0000000082f00000|100%|HC|  |TAMS 0x0000000082f00000, 0x0000000082e00000| Complete 
|  47|0x0000000082f00000, 0x0000000083000000, 0x0000000083000000|100%| O|  |TAMS 0x0000000083000000, 0x0000000082f00000| Untracked 
|  48|0x0000000083000000, 0x0000000083100000, 0x0000000083100000|100%| O|  |TAMS 0x0000000083100000, 0x0000000083000000| Untracked 
|  49|0x0000000083100000, 0x0000000083200000, 0x0000000083200000|100%| O|  |TAMS 0x0000000083200000, 0x0000000083100000| Untracked 
|  50|0x0000000083200000, 0x0000000083300000, 0x0000000083300000|100%| O|  |TAMS 0x0000000083300000, 0x0000000083200000| Untracked 
|  51|0x0000000083300000, 0x0000000083400000, 0x0000000083400000|100%| O|  |TAMS 0x0000000083400000, 0x0000000083300000| Untracked 
|  52|0x0000000083400000, 0x0000000083500000, 0x0000000083500000|100%| O|  |TAMS 0x0000000083500000, 0x0000000083400000| Untracked 
|  53|0x0000000083500000, 0x0000000083600000, 0x0000000083600000|100%| O|  |TAMS 0x0000000083600000, 0x0000000083500000| Untracked 
|  54|0x0000000083600000, 0x0000000083700000, 0x0000000083700000|100%| O|  |TAMS 0x0000000083700000, 0x0000000083600000| Untracked 
|  55|0x0000000083700000, 0x0000000083800000, 0x0000000083800000|100%| O|  |TAMS 0x0000000083700000, 0x0000000083700000| Untracked 
|  56|0x0000000083800000, 0x0000000083900000, 0x0000000083900000|100%| O|  |TAMS 0x0000000083800000, 0x0000000083800000| Untracked 
|  57|0x0000000083900000, 0x0000000083a00000, 0x0000000083a00000|100%| O|  |TAMS 0x0000000083900000, 0x0000000083900000| Untracked 
|  58|0x0000000083a00000, 0x0000000083b00000, 0x0000000083b00000|100%| O|  |TAMS 0x0000000083a00000, 0x0000000083a00000| Untracked 
|  59|0x0000000083b00000, 0x0000000083c00000, 0x0000000083c00000|100%| O|  |TAMS 0x0000000083c00000, 0x0000000083b00000| Untracked 
|  60|0x0000000083c00000, 0x0000000083d00000, 0x0000000083d00000|100%| O|  |TAMS 0x0000000083c00000, 0x0000000083c00000| Untracked 
|  61|0x0000000083d00000, 0x0000000083e00000, 0x0000000083e00000|100%| O|  |TAMS 0x0000000083d00000, 0x0000000083d00000| Untracked 
|  62|0x0000000083e00000, 0x0000000083f00000, 0x0000000083f00000|100%| O|  |TAMS 0x0000000083e00000, 0x0000000083e00000| Untracked 
|  63|0x0000000083f00000, 0x0000000084000000, 0x0000000084000000|100%| O|  |TAMS 0x0000000083f00000, 0x0000000083f00000| Untracked 
|  64|0x0000000084000000, 0x0000000084100000, 0x0000000084100000|100%| O|  |TAMS 0x0000000084000000, 0x0000000084000000| Untracked 
|  65|0x0000000084100000, 0x0000000084200000, 0x0000000084200000|100%| O|  |TAMS 0x0000000084100000, 0x0000000084100000| Untracked 
|  66|0x0000000084200000, 0x0000000084300000, 0x0000000084300000|100%| O|  |TAMS 0x0000000084200000, 0x0000000084200000| Untracked 
|  67|0x0000000084300000, 0x0000000084400000, 0x0000000084400000|100%| O|  |TAMS 0x0000000084300000, 0x0000000084300000| Untracked 
|  68|0x0000000084400000, 0x0000000084500000, 0x0000000084500000|100%| O|  |TAMS 0x0000000084400000, 0x0000000084400000| Untracked 
|  69|0x0000000084500000, 0x0000000084600000, 0x0000000084600000|100%| O|  |TAMS 0x0000000084500000, 0x0000000084500000| Untracked 
|  70|0x0000000084600000, 0x0000000084700000, 0x0000000084700000|100%| O|  |TAMS 0x0000000084600000, 0x0000000084600000| Untracked 
|  71|0x0000000084700000, 0x0000000084800000, 0x0000000084800000|100%| O|  |TAMS 0x0000000084700000, 0x0000000084700000| Untracked 
|  72|0x0000000084800000, 0x0000000084900000, 0x0000000084900000|100%| O|  |TAMS 0x0000000084800000, 0x0000000084800000| Untracked 
|  73|0x0000000084900000, 0x0000000084a00000, 0x0000000084a00000|100%| O|  |TAMS 0x0000000084900000, 0x0000000084900000| Untracked 
|  74|0x0000000084a00000, 0x0000000084b00000, 0x0000000084b00000|100%| O|  |TAMS 0x0000000084a00000, 0x0000000084a00000| Untracked 
|  75|0x0000000084b00000, 0x0000000084c00000, 0x0000000084c00000|100%| O|  |TAMS 0x0000000084b00000, 0x0000000084b00000| Untracked 
|  76|0x0000000084c00000, 0x0000000084d00000, 0x0000000084d00000|100%| O|  |TAMS 0x0000000084c00000, 0x0000000084c00000| Untracked 
|  77|0x0000000084d00000, 0x0000000084e00000, 0x0000000084e00000|100%| O|  |TAMS 0x0000000084d00000, 0x0000000084d00000| Untracked 
|  78|0x0000000084e00000, 0x0000000084f00000, 0x0000000084f00000|100%| O|  |TAMS 0x0000000084e00000, 0x0000000084e00000| Untracked 
|  79|0x0000000084f00000, 0x0000000085000000, 0x0000000085000000|100%| O|  |TAMS 0x0000000084f00000, 0x0000000084f00000| Untracked 
|  80|0x0000000085000000, 0x0000000085100000, 0x0000000085100000|100%| O|  |TAMS 0x0000000085000000, 0x0000000085000000| Untracked 
|  81|0x0000000085100000, 0x0000000085200000, 0x0000000085200000|100%| O|  |TAMS 0x0000000085100000, 0x0000000085100000| Untracked 
|  82|0x0000000085200000, 0x0000000085300000, 0x0000000085300000|100%| O|  |TAMS 0x0000000085200000, 0x0000000085200000| Untracked 
|  83|0x0000000085300000, 0x0000000085400000, 0x0000000085400000|100%| O|  |TAMS 0x0000000085300000, 0x0000000085300000| Untracked 
|  84|0x0000000085400000, 0x0000000085500000, 0x0000000085500000|100%| O|  |TAMS 0x0000000085400000, 0x0000000085400000| Untracked 
|  85|0x0000000085500000, 0x0000000085600000, 0x0000000085600000|100%| O|  |TAMS 0x0000000085500000, 0x0000000085500000| Untracked 
|  86|0x0000000085600000, 0x0000000085700000, 0x0000000085700000|100%| O|  |TAMS 0x0000000085600000, 0x0000000085600000| Untracked 
|  87|0x0000000085700000, 0x0000000085800000, 0x0000000085800000|100%| O|  |TAMS 0x0000000085700000, 0x0000000085700000| Untracked 
|  88|0x0000000085800000, 0x0000000085900000, 0x0000000085900000|100%| O|  |TAMS 0x0000000085800000, 0x0000000085800000| Untracked 
|  89|0x0000000085900000, 0x0000000085a00000, 0x0000000085a00000|100%| O|  |TAMS 0x0000000085900000, 0x0000000085900000| Untracked 
|  90|0x0000000085a00000, 0x0000000085b00000, 0x0000000085b00000|100%| O|  |TAMS 0x0000000085a00000, 0x0000000085a00000| Untracked 
|  91|0x0000000085b00000, 0x0000000085c00000, 0x0000000085c00000|100%| O|  |TAMS 0x0000000085b00000, 0x0000000085b00000| Untracked 
|  92|0x0000000085c00000, 0x0000000085d00000, 0x0000000085d00000|100%| O|  |TAMS 0x0000000085c00000, 0x0000000085c00000| Untracked 
|  93|0x0000000085d00000, 0x0000000085e00000, 0x0000000085e00000|100%| O|  |TAMS 0x0000000085d00000, 0x0000000085d00000| Untracked 
|  94|0x0000000085e00000, 0x0000000085f00000, 0x0000000085f00000|100%| O|  |TAMS 0x0000000085e00000, 0x0000000085e00000| Untracked 
|  95|0x0000000085f00000, 0x0000000086000000, 0x0000000086000000|100%| O|  |TAMS 0x0000000085f00000, 0x0000000085f00000| Untracked 
|  96|0x0000000086000000, 0x0000000086100000, 0x0000000086100000|100%| O|  |TAMS 0x0000000086000000, 0x0000000086000000| Untracked 
|  97|0x0000000086100000, 0x0000000086200000, 0x0000000086200000|100%| O|  |TAMS 0x0000000086100000, 0x0000000086100000| Untracked 
|  98|0x0000000086200000, 0x0000000086300000, 0x0000000086300000|100%| O|  |TAMS 0x0000000086200000, 0x0000000086200000| Untracked 
|  99|0x0000000086300000, 0x0000000086400000, 0x0000000086400000|100%| O|  |TAMS 0x0000000086300000, 0x0000000086300000| Untracked 
| 100|0x0000000086400000, 0x0000000086500000, 0x0000000086500000|100%| O|  |TAMS 0x0000000086400000, 0x0000000086400000| Untracked 
| 101|0x0000000086500000, 0x000000008656ae00, 0x0000000086600000| 41%| O|  |TAMS 0x0000000086500000, 0x0000000086500000| Untracked 
| 102|0x0000000086600000, 0x0000000086600000, 0x0000000086700000|  0%| F|  |TAMS 0x0000000086600000, 0x0000000086600000| Untracked 
| 103|0x0000000086700000, 0x0000000086700000, 0x0000000086800000|  0%| F|  |TAMS 0x0000000086700000, 0x0000000086700000| Untracked 
| 104|0x0000000086800000, 0x0000000086800000, 0x0000000086900000|  0%| F|  |TAMS 0x0000000086800000, 0x0000000086800000| Untracked 
| 105|0x0000000086900000, 0x0000000086900000, 0x0000000086a00000|  0%| F|  |TAMS 0x0000000086900000, 0x0000000086900000| Untracked 
| 106|0x0000000086a00000, 0x0000000086a00000, 0x0000000086b00000|  0%| F|  |TAMS 0x0000000086a00000, 0x0000000086a00000| Untracked 
| 107|0x0000000086b00000, 0x0000000086b00000, 0x0000000086c00000|  0%| F|  |TAMS 0x0000000086b00000, 0x0000000086b00000| Untracked 
| 108|0x0000000086c00000, 0x0000000086c00000, 0x0000000086d00000|  0%| F|  |TAMS 0x0000000086c00000, 0x0000000086c00000| Untracked 
| 109|0x0000000086d00000, 0x0000000086d00000, 0x0000000086e00000|  0%| F|  |TAMS 0x0000000086d00000, 0x0000000086d00000| Untracked 
| 110|0x0000000086e00000, 0x0000000086e00000, 0x0000000086f00000|  0%| F|  |TAMS 0x0000000086e00000, 0x0000000086e00000| Untracked 
| 111|0x0000000086f00000, 0x0000000086f00000, 0x0000000087000000|  0%| F|  |TAMS 0x0000000086f00000, 0x0000000086f00000| Untracked 
| 112|0x0000000087000000, 0x0000000087000000, 0x0000000087100000|  0%| F|  |TAMS 0x0000000087000000, 0x0000000087000000| Untracked 
| 113|0x0000000087100000, 0x0000000087100000, 0x0000000087200000|  0%| F|  |TAMS 0x0000000087100000, 0x0000000087100000| Untracked 
| 114|0x0000000087200000, 0x0000000087200000, 0x0000000087300000|  0%| F|  |TAMS 0x0000000087200000, 0x0000000087200000| Untracked 
| 115|0x0000000087300000, 0x0000000087300000, 0x0000000087400000|  0%| F|  |TAMS 0x0000000087300000, 0x0000000087300000| Untracked 
| 116|0x0000000087400000, 0x0000000087400000, 0x0000000087500000|  0%| F|  |TAMS 0x0000000087400000, 0x0000000087400000| Untracked 
| 117|0x0000000087500000, 0x0000000087500000, 0x0000000087600000|  0%| F|  |TAMS 0x0000000087500000, 0x0000000087500000| Untracked 
| 118|0x0000000087600000, 0x0000000087600000, 0x0000000087700000|  0%| F|  |TAMS 0x0000000087600000, 0x0000000087600000| Untracked 
| 119|0x0000000087700000, 0x0000000087700000, 0x0000000087800000|  0%| F|  |TAMS 0x0000000087700000, 0x0000000087700000| Untracked 
| 120|0x0000000087800000, 0x0000000087800000, 0x0000000087900000|  0%| F|  |TAMS 0x0000000087800000, 0x0000000087800000| Untracked 
| 121|0x0000000087900000, 0x0000000087900000, 0x0000000087a00000|  0%| F|  |TAMS 0x0000000087900000, 0x0000000087900000| Untracked 
| 122|0x0000000087a00000, 0x0000000087a00000, 0x0000000087b00000|  0%| F|  |TAMS 0x0000000087a00000, 0x0000000087a00000| Untracked 
| 123|0x0000000087b00000, 0x0000000087bed9f0, 0x0000000087c00000| 92%| S|CS|TAMS 0x0000000087b00000, 0x0000000087b00000| Complete 
| 124|0x0000000087c00000, 0x0000000087c00000, 0x0000000087d00000|  0%| F|  |TAMS 0x0000000087c00000, 0x0000000087c00000| Untracked 
| 125|0x0000000087d00000, 0x0000000087d00000, 0x0000000087e00000|  0%| F|  |TAMS 0x0000000087d00000, 0x0000000087d00000| Untracked 
| 126|0x0000000087e00000, 0x0000000087e00000, 0x0000000087f00000|  0%| F|  |TAMS 0x0000000087e00000, 0x0000000087e00000| Untracked 
| 127|0x0000000087f00000, 0x0000000087f00000, 0x0000000088000000|  0%| F|  |TAMS 0x0000000087f00000, 0x0000000087f00000| Untracked 
| 128|0x0000000088000000, 0x0000000088000000, 0x0000000088100000|  0%| F|  |TAMS 0x0000000088000000, 0x0000000088000000| Untracked 
| 129|0x0000000088100000, 0x0000000088200000, 0x0000000088200000|100%| S|CS|TAMS 0x0000000088100000, 0x0000000088100000| Complete 
| 130|0x0000000088200000, 0x0000000088300000, 0x0000000088300000|100%| S|CS|TAMS 0x0000000088200000, 0x0000000088200000| Complete 
| 131|0x0000000088300000, 0x0000000088300000, 0x0000000088400000|  0%| F|  |TAMS 0x0000000088300000, 0x0000000088300000| Untracked 
| 132|0x0000000088400000, 0x0000000088400000, 0x0000000088500000|  0%| F|  |TAMS 0x0000000088400000, 0x0000000088400000| Untracked 
| 133|0x0000000088500000, 0x0000000088500000, 0x0000000088600000|  0%| F|  |TAMS 0x0000000088500000, 0x0000000088500000| Untracked 
| 134|0x0000000088600000, 0x0000000088600000, 0x0000000088700000|  0%| F|  |TAMS 0x0000000088600000, 0x0000000088600000| Untracked 
| 135|0x0000000088700000, 0x0000000088700000, 0x0000000088800000|  0%| F|  |TAMS 0x0000000088700000, 0x0000000088700000| Untracked 
| 136|0x0000000088800000, 0x0000000088800000, 0x0000000088900000|  0%| F|  |TAMS 0x0000000088800000, 0x0000000088800000| Untracked 
| 137|0x0000000088900000, 0x0000000088900000, 0x0000000088a00000|  0%| F|  |TAMS 0x0000000088900000, 0x0000000088900000| Untracked 
| 138|0x0000000088a00000, 0x0000000088a00000, 0x0000000088b00000|  0%| F|  |TAMS 0x0000000088a00000, 0x0000000088a00000| Untracked 
| 139|0x0000000088b00000, 0x0000000088b00000, 0x0000000088c00000|  0%| F|  |TAMS 0x0000000088b00000, 0x0000000088b00000| Untracked 
| 140|0x0000000088c00000, 0x0000000088c00000, 0x0000000088d00000|  0%| F|  |TAMS 0x0000000088c00000, 0x0000000088c00000| Untracked 
| 141|0x0000000088d00000, 0x0000000088d00000, 0x0000000088e00000|  0%| F|  |TAMS 0x0000000088d00000, 0x0000000088d00000| Untracked 
| 142|0x0000000088e00000, 0x0000000088e00000, 0x0000000088f00000|  0%| F|  |TAMS 0x0000000088e00000, 0x0000000088e00000| Untracked 
| 143|0x0000000088f00000, 0x0000000088f00000, 0x0000000089000000|  0%| F|  |TAMS 0x0000000088f00000, 0x0000000088f00000| Untracked 
| 144|0x0000000089000000, 0x0000000089000000, 0x0000000089100000|  0%| F|  |TAMS 0x0000000089000000, 0x0000000089000000| Untracked 
| 145|0x0000000089100000, 0x0000000089100000, 0x0000000089200000|  0%| F|  |TAMS 0x0000000089100000, 0x0000000089100000| Untracked 
| 146|0x0000000089200000, 0x0000000089200000, 0x0000000089300000|  0%| F|  |TAMS 0x0000000089200000, 0x0000000089200000| Untracked 
| 147|0x0000000089300000, 0x0000000089300000, 0x0000000089400000|  0%| F|  |TAMS 0x0000000089300000, 0x0000000089300000| Untracked 
| 148|0x0000000089400000, 0x0000000089400000, 0x0000000089500000|  0%| F|  |TAMS 0x0000000089400000, 0x0000000089400000| Untracked 
| 149|0x0000000089500000, 0x0000000089500000, 0x0000000089600000|  0%| F|  |TAMS 0x0000000089500000, 0x0000000089500000| Untracked 
| 150|0x0000000089600000, 0x0000000089600000, 0x0000000089700000|  0%| F|  |TAMS 0x0000000089600000, 0x0000000089600000| Untracked 
| 151|0x0000000089700000, 0x0000000089700000, 0x0000000089800000|  0%| F|  |TAMS 0x0000000089700000, 0x0000000089700000| Untracked 
| 152|0x0000000089800000, 0x0000000089800000, 0x0000000089900000|  0%| F|  |TAMS 0x0000000089800000, 0x0000000089800000| Untracked 
| 153|0x0000000089900000, 0x0000000089900000, 0x0000000089a00000|  0%| F|  |TAMS 0x0000000089900000, 0x0000000089900000| Untracked 
| 154|0x0000000089a00000, 0x0000000089a00000, 0x0000000089b00000|  0%| F|  |TAMS 0x0000000089a00000, 0x0000000089a00000| Untracked 
| 155|0x0000000089b00000, 0x0000000089b00000, 0x0000000089c00000|  0%| F|  |TAMS 0x0000000089b00000, 0x0000000089b00000| Untracked 
| 156|0x0000000089c00000, 0x0000000089c00000, 0x0000000089d00000|  0%| F|  |TAMS 0x0000000089c00000, 0x0000000089c00000| Untracked 
| 157|0x0000000089d00000, 0x0000000089d00000, 0x0000000089e00000|  0%| F|  |TAMS 0x0000000089d00000, 0x0000000089d00000| Untracked 
| 158|0x0000000089e00000, 0x0000000089e00000, 0x0000000089f00000|  0%| F|  |TAMS 0x0000000089e00000, 0x0000000089e00000| Untracked 
| 159|0x0000000089f00000, 0x0000000089f00000, 0x000000008a000000|  0%| F|  |TAMS 0x0000000089f00000, 0x0000000089f00000| Untracked 

Card table byte_map: [0x000002c3ce740000,0x000002c3ceb40000] _byte_map_base: 0x000002c3ce340000

Marking Bits (Prev, Next): (CMBitMap*) 0x000002c3bbba9f10, (CMBitMap*) 0x000002c3bbba9ed0
 Prev Bits: [0x000002c3d0f40000, 0x000002c3d2f40000)
 Next Bits: [0x000002c3cef40000, 0x000002c3d0f40000)

Polling page: 0x000002c3bb310000

Metaspace:

Usage:
  Non-class:     86.65 MB used.
      Class:     13.57 MB used.
       Both:    100.23 MB used.

Virtual space:
  Non-class space:       88.00 MB reserved,      87.00 MB ( 99%) committed,  11 nodes.
      Class space:        1.00 GB reserved,      13.94 MB (  1%) committed,  1 nodes.
             Both:        1.09 GB reserved,     100.94 MB (  9%) committed. 

Chunk freelists:
   Non-Class:  912.00 KB
       Class:  2.08 MB
        Both:  2.97 MB

MaxMetaspaceSize: unlimited
CompressedClassSpaceSize: 1.00 GB
Initial GC threshold: 21.00 MB
Current GC threshold: 106.88 MB
CDS: off
MetaspaceReclaimPolicy: balanced
 - commit_granule_bytes: 65536.
 - commit_granule_words: 8192.
 - virtual_space_node_default_size: 1048576.
 - enlarge_chunks_in_place: 1.
 - new_chunks_are_fully_committed: 0.
 - uncommit_free_chunks: 1.
 - use_allocation_guard: 0.
 - handle_deallocations: 1.


Internal statistics:

num_allocs_failed_limit: 6.
num_arena_births: 1086.
num_arena_deaths: 0.
num_vsnodes_births: 12.
num_vsnodes_deaths: 0.
num_space_committed: 1614.
num_space_uncommitted: 0.
num_chunks_returned_to_freelist: 6.
num_chunks_taken_from_freelist: 4943.
num_chunk_merges: 6.
num_chunk_splits: 3275.
num_chunks_enlarged: 2195.
num_purges: 0.
num_inconsistent_stats: 0.

CodeHeap 'non-profiled nmethods': size=120000Kb used=5409Kb max_used=5633Kb free=114590Kb
 bounds [0x000002c3c6ae0000, 0x000002c3c7070000, 0x000002c3ce010000]
CodeHeap 'profiled nmethods': size=120000Kb used=19162Kb max_used=19162Kb free=100837Kb
 bounds [0x000002c3bf010000, 0x000002c3c02d0000, 0x000002c3c6540000]
CodeHeap 'non-nmethods': size=5760Kb used=2392Kb max_used=2446Kb free=3367Kb
 bounds [0x000002c3c6540000, 0x000002c3c67b0000, 0x000002c3c6ae0000]
 total_blobs=10891 nmethods=9964 adapters=839
 compilation: enabled
              stopped_count=0, restarted_count=0
 full_count=0

Compilation events (20 events):
Event: 15.057 Thread 0x000002c3d643c9e0 nmethod 11581 0x000002c3c02c4490 code [0x000002c3c02c4620, 0x000002c3c02c4768]
Event: 15.057 Thread 0x000002c3d643c9e0 11585       1       com.android.ide.common.resources.DataItem::setSourceFile (6 bytes)
Event: 15.057 Thread 0x000002c3d643bf40 nmethod 11578 0x000002c3c6df5490 code [0x000002c3c6df5600, 0x000002c3c6df56b8]
Event: 15.057 Thread 0x000002c3d643c9e0 nmethod 11585 0x000002c3c6df5190 code [0x000002c3c6df5320, 0x000002c3c6df5438]
Event: 15.058 Thread 0x000002c3d643c9e0 11587       3       org.apache.xerces.util.XMLStringBuffer::<init> (7 bytes)
Event: 15.058 Thread 0x000002c3d643c9e0 nmethod 11587 0x000002c3c02c4810 code [0x000002c3c02c49c0, 0x000002c3c02c4cd8]
Event: 15.058 Thread 0x000002c3d643c9e0 11588       3       java.lang.StringBuffer::<init> (7 bytes)
Event: 15.058 Thread 0x000002c3d643c9e0 nmethod 11588 0x000002c3c02c4e10 code [0x000002c3c02c4fa0, 0x000002c3c02c50e8]
Event: 15.059 Thread 0x000002c3d643c9e0 11589       3       org.apache.xerces.impl.XMLEntityScanner::scanContent (702 bytes)
Event: 15.060 Thread 0x000002c3d643c9e0 nmethod 11589 0x000002c3c02c5190 code [0x000002c3c02c5420, 0x000002c3c02c64f8]
Event: 15.060 Thread 0x000002c3d643c9e0 11592       3       org.apache.xerces.impl.XMLScanner::isUnchangedByNormalization (50 bytes)
Event: 15.060 Thread 0x000002c3d643c9e0 nmethod 11592 0x000002c3c02c6b10 code [0x000002c3c02c6cc0, 0x000002c3c02c6f38]
Event: 15.060 Thread 0x000002c3d643c9e0 11591       3       org.apache.xerces.dom.NodeImpl::isNormalized (56 bytes)
Event: 15.060 Thread 0x000002c3d643c9e0 nmethod 11591 0x000002c3c02c7090 code [0x000002c3c02c7240, 0x000002c3c02c75a8]
Event: 15.060 Thread 0x000002c3d643c9e0 11590       3       org.apache.xerces.impl.XMLScanner::isValidNameStartChar (5 bytes)
Event: 15.060 Thread 0x000002c3d643c9e0 nmethod 11590 0x000002c3c02c7690 code [0x000002c3c02c7840, 0x000002c3c02c7a78]
Event: 15.060 Thread 0x000002c3d643c9e0 11594       3       com.android.ide.common.resources.ResourceMergerItem::getName (5 bytes)
Event: 15.060 Thread 0x000002c3d643c9e0 nmethod 11594 0x000002c3c02c7b90 code [0x000002c3c02c7d20, 0x000002c3c02c7e38]
Event: 15.060 Thread 0x000002c3d643c9e0 11593       3       java.util.EnumMap::unmaskNull (13 bytes)
Event: 15.060 Thread 0x000002c3d643c9e0 nmethod 11593 0x000002c3c02c7f10 code [0x000002c3c02c80a0, 0x000002c3c02c8218]

GC Heap History (20 events):
Event: 9.179 GC heap after
{Heap after GC invocations=24 (full 0):
 garbage-first heap   total 163840K, used 64139K [0x0000000080000000, 0x0000000100000000)
  region size 1024K, 8 young (8192K), 8 survivors (8192K)
 Metaspace       used 70580K, committed 71168K, reserved 1114112K
  class space    used 9322K, committed 9600K, reserved 1048576K
}
Event: 9.197 GC heap before
{Heap before GC invocations=24 (full 0):
 garbage-first heap   total 163840K, used 65163K [0x0000000080000000, 0x0000000100000000)
  region size 1024K, 9 young (9216K), 8 survivors (8192K)
 Metaspace       used 70685K, committed 71296K, reserved 1114112K
  class space    used 9337K, committed 9600K, reserved 1048576K
}
Event: 9.203 GC heap after
{Heap after GC invocations=25 (full 0):
 garbage-first heap   total 163840K, used 64878K [0x0000000080000000, 0x0000000100000000)
  region size 1024K, 2 young (2048K), 2 survivors (2048K)
 Metaspace       used 70685K, committed 71296K, reserved 1114112K
  class space    used 9337K, committed 9600K, reserved 1048576K
}
Event: 10.024 GC heap before
{Heap before GC invocations=25 (full 0):
 garbage-first heap   total 163840K, used 127342K [0x0000000080000000, 0x0000000100000000)
  region size 1024K, 63 young (64512K), 2 survivors (2048K)
 Metaspace       used 76447K, committed 77056K, reserved 1122304K
  class space    used 10084K, committed 10368K, reserved 1048576K
}
Event: 10.030 GC heap after
{Heap after GC invocations=26 (full 0):
 garbage-first heap   total 163840K, used 70166K [0x0000000080000000, 0x0000000100000000)
  region size 1024K, 7 young (7168K), 7 survivors (7168K)
 Metaspace       used 76447K, committed 77056K, reserved 1122304K
  class space    used 10084K, committed 10368K, reserved 1048576K
}
Event: 10.965 GC heap before
{Heap before GC invocations=26 (full 0):
 garbage-first heap   total 163840K, used 127510K [0x0000000080000000, 0x0000000100000000)
  region size 1024K, 63 young (64512K), 7 survivors (7168K)
 Metaspace       used 82770K, committed 83392K, reserved 1122304K
  class space    used 11154K, committed 11456K, reserved 1048576K
}
Event: 10.971 GC heap after
{Heap after GC invocations=27 (full 0):
 garbage-first heap   total 163840K, used 73163K [0x0000000080000000, 0x0000000100000000)
  region size 1024K, 4 young (4096K), 4 survivors (4096K)
 Metaspace       used 82770K, committed 83392K, reserved 1122304K
  class space    used 11154K, committed 11456K, reserved 1048576K
}
Event: 11.944 GC heap before
{Heap before GC invocations=27 (full 0):
 garbage-first heap   total 163840K, used 130507K [0x0000000080000000, 0x0000000100000000)
  region size 1024K, 60 young (61440K), 4 survivors (4096K)
 Metaspace       used 88432K, committed 89088K, reserved 1130496K
  class space    used 11962K, committed 12288K, reserved 1048576K
}
Event: 11.950 GC heap after
{Heap after GC invocations=28 (full 0):
 garbage-first heap   total 163840K, used 77431K [0x0000000080000000, 0x0000000100000000)
  region size 1024K, 8 young (8192K), 8 survivors (8192K)
 Metaspace       used 88432K, committed 89088K, reserved 1130496K
  class space    used 11962K, committed 12288K, reserved 1048576K
}
Event: 12.670 GC heap before
{Heap before GC invocations=28 (full 0):
 garbage-first heap   total 163840K, used 131703K [0x0000000080000000, 0x0000000100000000)
  region size 1024K, 61 young (62464K), 8 survivors (8192K)
 Metaspace       used 94265K, committed 94912K, reserved 1130496K
  class space    used 12798K, committed 13120K, reserved 1048576K
}
Event: 12.677 GC heap after
{Heap after GC invocations=29 (full 0):
 garbage-first heap   total 163840K, used 82031K [0x0000000080000000, 0x0000000100000000)
  region size 1024K, 5 young (5120K), 5 survivors (5120K)
 Metaspace       used 94265K, committed 94912K, reserved 1130496K
  class space    used 12798K, committed 13120K, reserved 1048576K
}
Event: 13.066 GC heap before
{Heap before GC invocations=29 (full 0):
 garbage-first heap   total 163840K, used 133231K [0x0000000080000000, 0x0000000100000000)
  region size 1024K, 55 young (56320K), 5 survivors (5120K)
 Metaspace       used 95450K, committed 96128K, reserved 1138688K
  class space    used 12957K, committed 13248K, reserved 1048576K
}
Event: 13.076 GC heap after
{Heap after GC invocations=30 (full 0):
 garbage-first heap   total 163840K, used 88932K [0x0000000080000000, 0x0000000100000000)
  region size 1024K, 7 young (7168K), 7 survivors (7168K)
 Metaspace       used 95450K, committed 96128K, reserved 1138688K
  class space    used 12957K, committed 13248K, reserved 1048576K
}
Event: 13.847 GC heap before
{Heap before GC invocations=30 (full 0):
 garbage-first heap   total 163840K, used 132964K [0x0000000080000000, 0x0000000100000000)
  region size 1024K, 50 young (51200K), 7 survivors (7168K)
 Metaspace       used 98729K, committed 99456K, reserved 1138688K
  class space    used 13373K, committed 13696K, reserved 1048576K
}
Event: 13.857 GC heap after
{Heap after GC invocations=31 (full 0):
 garbage-first heap   total 163840K, used 96256K [0x0000000080000000, 0x0000000100000000)
  region size 1024K, 7 young (7168K), 7 survivors (7168K)
 Metaspace       used 98729K, committed 99456K, reserved 1138688K
  class space    used 13373K, committed 13696K, reserved 1048576K
}
Event: 14.281 GC heap before
{Heap before GC invocations=31 (full 0):
 garbage-first heap   total 163840K, used 132096K [0x0000000080000000, 0x0000000100000000)
  region size 1024K, 43 young (44032K), 7 survivors (7168K)
 Metaspace       used 99668K, committed 100416K, reserved 1138688K
  class space    used 13532K, committed 13888K, reserved 1048576K
}
Event: 14.289 GC heap after
{Heap after GC invocations=32 (full 0):
 garbage-first heap   total 163840K, used 102366K [0x0000000080000000, 0x0000000100000000)
  region size 1024K, 6 young (6144K), 6 survivors (6144K)
 Metaspace       used 99668K, committed 100416K, reserved 1138688K
  class space    used 13532K, committed 13888K, reserved 1048576K
}
Event: 14.538 GC heap before
{Heap before GC invocations=32 (full 0):
 garbage-first heap   total 163840K, used 133086K [0x0000000080000000, 0x0000000100000000)
  region size 1024K, 37 young (37888K), 6 survivors (6144K)
 Metaspace       used 99847K, committed 100608K, reserved 1138688K
  class space    used 13533K, committed 13888K, reserved 1048576K
}
Event: 14.543 GC heap after
{Heap after GC invocations=33 (full 0):
 garbage-first heap   total 163840K, used 104591K [0x0000000080000000, 0x0000000100000000)
  region size 1024K, 5 young (5120K), 5 survivors (5120K)
 Metaspace       used 99847K, committed 100608K, reserved 1138688K
  class space    used 13533K, committed 13888K, reserved 1048576K
}
Event: 15.061 GC heap before
{Heap before GC invocations=33 (full 0):
 garbage-first heap   total 163840K, used 133263K [0x0000000080000000, 0x0000000100000000)
  region size 1024K, 34 young (34816K), 5 survivors (5120K)
 Metaspace       used 102631K, committed 103360K, reserved 1138688K
  class space    used 13898K, committed 14272K, reserved 1048576K
}

Dll operation events (2 events):
Event: 0.011 Loaded shared library C:\Program Files\Android\Android Studio\jbr\bin\java.dll
Event: 0.653 Loaded shared library C:\Program Files\Android\Android Studio\jbr\bin\verify.dll

Deoptimization events (20 events):
Event: 14.612 Thread 0x000002c3df1ba640 Uncommon trap: trap_request=0xffffffde fr.pc=0x000002c3c6f73bac relative=0x000000000000076c
Event: 14.612 Thread 0x000002c3df1ba640 Uncommon trap: reason=class_check action=maybe_recompile pc=0x000002c3c6f73bac method=org.gradle.tooling.internal.provider.runner.ClientBuildEventGenerator.finished(Lorg/gradle/internal/operations/BuildOperationDescriptor;Lorg/gradle/internal/operations/O
Event: 14.612 Thread 0x000002c3df1ba640 DEOPT PACKING pc=0x000002c3c6f73bac sp=0x000000ef3ebfe4d0
Event: 14.612 Thread 0x000002c3df1ba640 DEOPT UNPACKING pc=0x000002c3c65969a3 sp=0x000000ef3ebfe410 mode 2
Event: 14.919 Thread 0x000002c3de9dacd0 DEOPT PACKING pc=0x000002c3c001d6c6 sp=0x000000ef44cf8320
Event: 14.919 Thread 0x000002c3de9dacd0 DEOPT UNPACKING pc=0x000002c3c6597143 sp=0x000000ef44cf77d0 mode 0
Event: 14.919 Thread 0x000002c3de9dacd0 DEOPT PACKING pc=0x000002c3c001d6c6 sp=0x000000ef44cf8320
Event: 14.919 Thread 0x000002c3de9dacd0 DEOPT UNPACKING pc=0x000002c3c6597143 sp=0x000000ef44cf77d0 mode 0
Event: 14.919 Thread 0x000002c3de9dacd0 DEOPT PACKING pc=0x000002c3c001d6c6 sp=0x000000ef44cf8320
Event: 14.919 Thread 0x000002c3de9dacd0 DEOPT UNPACKING pc=0x000002c3c6597143 sp=0x000000ef44cf77d0 mode 0
Event: 14.919 Thread 0x000002c3de9dacd0 DEOPT PACKING pc=0x000002c3c001d6c6 sp=0x000000ef44cf8320
Event: 14.919 Thread 0x000002c3de9dacd0 DEOPT UNPACKING pc=0x000002c3c6597143 sp=0x000000ef44cf77d0 mode 0
Event: 14.919 Thread 0x000002c3de9dacd0 DEOPT PACKING pc=0x000002c3c001d6c6 sp=0x000000ef44cf8320
Event: 14.919 Thread 0x000002c3de9dacd0 DEOPT UNPACKING pc=0x000002c3c6597143 sp=0x000000ef44cf77d0 mode 0
Event: 14.919 Thread 0x000002c3de9dacd0 DEOPT PACKING pc=0x000002c3c001d6c6 sp=0x000000ef44cf8320
Event: 14.919 Thread 0x000002c3de9dacd0 DEOPT UNPACKING pc=0x000002c3c6597143 sp=0x000000ef44cf77d0 mode 0
Event: 14.961 Thread 0x000002c3de9dacd0 Uncommon trap: trap_request=0xffffff45 fr.pc=0x000002c3c6f6f204 relative=0x00000000000001a4
Event: 14.961 Thread 0x000002c3de9dacd0 Uncommon trap: reason=unstable_if action=reinterpret pc=0x000002c3c6f6f204 method=sun.invoke.util.VerifyAccess.isTypeVisible(Ljava/lang/Class;Ljava/lang/Class;)Z @ 77 c2
Event: 14.961 Thread 0x000002c3de9dacd0 DEOPT PACKING pc=0x000002c3c6f6f204 sp=0x000000ef44cf8050
Event: 14.961 Thread 0x000002c3de9dacd0 DEOPT UNPACKING pc=0x000002c3c65969a3 sp=0x000000ef44cf7fd0 mode 2

Classes unloaded (0 events):
No events

Classes redefined (0 events):
No events

Internal exceptions (20 events):
Event: 13.751 Thread 0x000002c3d8fd0550 Exception <a 'java/lang/NoSuchMethodError'{0x00000000879713b8}: static [Ljava/lang/String;.<clinit>()V> (0x00000000879713b8) 
thrown [s\src\hotspot\share\prims\jni.cpp, line 1108]
Event: 13.752 Thread 0x000002c3d8fd0550 Exception <a 'java/lang/NoSuchMethodError'{0x00000000879a9540}: static Lcom/android/buildanalyzer/common/AndroidGradlePluginAttributionData$TaskInfo;.<clinit>()V> (0x00000000879a9540) 
thrown [s\src\hotspot\share\prims\jni.cpp, line 1108]
Event: 13.752 Thread 0x000002c3d8fd0550 Exception <a 'java/lang/NoSuchMethodError'{0x00000000879b5eb8}: static Lcom/android/buildanalyzer/common/AndroidGradlePluginAttributionData$TaskCategoryInfo;.<clinit>()V> (0x00000000879b5eb8) 
thrown [s\src\hotspot\share\prims\jni.cpp, line 1108]
Event: 13.768 Thread 0x000002c3de9dc4e0 Exception <a 'sun/nio/fs/WindowsException'{0x0000000087723e08}> (0x0000000087723e08) 
thrown [s\src\hotspot\share\prims\jni.cpp, line 517]
Event: 13.768 Thread 0x000002c3de9dc4e0 Exception <a 'sun/nio/fs/WindowsException'{0x0000000087724cc0}> (0x0000000087724cc0) 
thrown [s\src\hotspot\share\prims\jni.cpp, line 517]
Event: 13.768 Thread 0x000002c3de9dc4e0 Exception <a 'sun/nio/fs/WindowsException'{0x0000000087724d30}> (0x0000000087724d30) 
thrown [s\src\hotspot\share\prims\jni.cpp, line 517]
Event: 13.768 Thread 0x000002c3de9dc4e0 Exception <a 'sun/nio/fs/WindowsException'{0x00000000877250f0}> (0x00000000877250f0) 
thrown [s\src\hotspot\share\prims\jni.cpp, line 517]
Event: 13.813 Thread 0x000002c3de9dacd0 Exception <a 'sun/nio/fs/WindowsException'{0x0000000087b768f8}> (0x0000000087b768f8) 
thrown [s\src\hotspot\share\prims\jni.cpp, line 517]
Event: 13.823 Thread 0x000002c3d7569a40 Exception <a 'java/lang/NoSuchMethodError'{0x0000000087546b48}: static Lorg/gradle/internal/build/event/types/DefaultTaskSkippedResult;.<clinit>()V> (0x0000000087546b48) 
thrown [s\src\hotspot\share\prims\jni.cpp, line 1108]
Event: 14.115 Thread 0x000002c3de9db1a0 Exception <a 'java/lang/NoSuchMethodError'{0x0000000089477768}: 'void java.lang.invoke.DirectMethodHandle$Holder.invokeStatic(java.lang.Object, java.lang.Object, java.lang.Object, java.lang.Object, int, java.lang.Object, java.lang.Object)'> (0x0000000089477768) 
thrown [s\src\hotspot\share\interpreter\linkResolver.cpp, line 771]
Event: 14.143 Thread 0x000002c3dcd04920 Exception <a 'java/lang/NoSuchMethodError'{0x0000000088f1a2c8}: 'java.lang.Object java.lang.invoke.DirectMethodHandle$Holder.invokeSpecialIFC(java.lang.Object, java.lang.Object, java.lang.Object)'> (0x0000000088f1a2c8) 
thrown [s\src\hotspot\share\interpreter\linkResolver.cpp, line 771]
Event: 14.143 Thread 0x000002c3de628410 Exception <a 'java/lang/NoSuchMethodError'{0x0000000088f3f828}: 'java.lang.Object java.lang.invoke.DirectMethodHandle$Holder.invokeSpecialIFC(java.lang.Object, java.lang.Object, java.lang.Object)'> (0x0000000088f3f828) 
thrown [s\src\hotspot\share\interpreter\linkResolver.cpp, line 771]
Event: 14.143 Thread 0x000002c3de629750 Exception <a 'java/lang/NoSuchMethodError'{0x0000000088f49e80}: 'java.lang.Object java.lang.invoke.DirectMethodHandle$Holder.invokeSpecialIFC(java.lang.Object, java.lang.Object, java.lang.Object)'> (0x0000000088f49e80) 
thrown [s\src\hotspot\share\interpreter\linkResolver.cpp, line 771]
Event: 14.143 Thread 0x000002c3de9db1a0 Exception <a 'java/lang/NoSuchMethodError'{0x0000000088f08388}: 'java.lang.Object java.lang.invoke.DirectMethodHandle$Holder.invokeSpecialIFC(java.lang.Object, java.lang.Object, java.lang.Object)'> (0x0000000088f08388) 
thrown [s\src\hotspot\share\interpreter\linkResolver.cpp, line 771]
Event: 14.143 Thread 0x000002c3de626c00 Exception <a 'java/lang/NoSuchMethodError'{0x0000000088f2cc30}: 'java.lang.Object java.lang.invoke.DirectMethodHandle$Holder.invokeSpecialIFC(java.lang.Object, java.lang.Object, java.lang.Object)'> (0x0000000088f2cc30) 
thrown [s\src\hotspot\share\interpreter\linkResolver.cpp, line 771]
Event: 14.143 Thread 0x000002c3dcd06130 Exception <a 'java/lang/NoSuchMethodError'{0x00000000890f7c00}: 'java.lang.Object java.lang.invoke.DirectMethodHandle$Holder.invokeSpecialIFC(java.lang.Object, java.lang.Object, java.lang.Object)'> (0x00000000890f7c00) 
thrown [s\src\hotspot\share\interpreter\linkResolver.cpp, line 771]
Event: 14.143 Thread 0x000002c3dd6a13f0 Exception <a 'java/lang/NoSuchMethodError'{0x0000000088f35290}: 'java.lang.Object java.lang.invoke.DirectMethodHandle$Holder.invokeSpecialIFC(java.lang.Object, java.lang.Object, java.lang.Object)'> (0x0000000088f35290) 
thrown [s\src\hotspot\share\interpreter\linkResolver.cpp, line 771]
Event: 14.143 Thread 0x000002c3d8fd1890 Exception <a 'java/lang/NoSuchMethodError'{0x0000000088f23ef0}: 'java.lang.Object java.lang.invoke.DirectMethodHandle$Holder.invokeSpecialIFC(java.lang.Object, java.lang.Object, java.lang.Object)'> (0x0000000088f23ef0) 
thrown [s\src\hotspot\share\interpreter\linkResolver.cpp, line 771]
Event: 14.599 Thread 0x000002c3df1ba640 Exception <a 'sun/nio/fs/WindowsException'{0x0000000089a121f0}> (0x0000000089a121f0) 
thrown [s\src\hotspot\share\prims\jni.cpp, line 517]
Event: 14.604 Thread 0x000002c3df1ba640 Exception <a 'sun/nio/fs/WindowsException'{0x0000000089a5b088}> (0x0000000089a5b088) 
thrown [s\src\hotspot\share\prims\jni.cpp, line 517]

VM Operations (20 events):
Event: 13.857 Executing VM operation: G1CollectForAllocation done
Event: 14.047 Executing VM operation: ICBufferFull
Event: 14.047 Executing VM operation: ICBufferFull done
Event: 14.061 Executing VM operation: HandshakeAllThreads
Event: 14.062 Executing VM operation: HandshakeAllThreads done
Event: 14.201 Executing VM operation: ICBufferFull
Event: 14.201 Executing VM operation: ICBufferFull done
Event: 14.281 Executing VM operation: G1CollectForAllocation
Event: 14.289 Executing VM operation: G1CollectForAllocation done
Event: 14.537 Executing VM operation: ICBufferFull
Event: 14.537 Executing VM operation: ICBufferFull done
Event: 14.538 Executing VM operation: G1CollectForAllocation
Event: 14.543 Executing VM operation: G1CollectForAllocation done
Event: 14.617 Executing VM operation: HandshakeAllThreads
Event: 14.617 Executing VM operation: HandshakeAllThreads done
Event: 14.619 Executing VM operation: HandshakeAllThreads
Event: 14.619 Executing VM operation: HandshakeAllThreads done
Event: 14.698 Executing VM operation: ICBufferFull
Event: 14.698 Executing VM operation: ICBufferFull done
Event: 15.061 Executing VM operation: G1CollectForAllocation

Events (20 events):
Event: 14.911 loading class org/w3c/dom/CharacterData
Event: 14.911 loading class org/w3c/dom/CharacterData done
Event: 14.911 loading class org/w3c/dom/Text done
Event: 14.911 loading class org/w3c/dom/CDATASection done
Event: 14.911 loading class org/w3c/dom/Comment
Event: 14.911 loading class org/w3c/dom/Comment done
Event: 14.911 loading class org/w3c/dom/DocumentFragment
Event: 14.911 loading class org/w3c/dom/DocumentFragment done
Event: 14.911 loading class org/w3c/dom/events/MutationEvent
Event: 14.912 loading class org/w3c/dom/events/Event
Event: 14.912 loading class org/w3c/dom/events/Event done
Event: 14.912 loading class org/w3c/dom/events/MutationEvent done
Event: 14.912 loading class org/w3c/dom/ranges/Range
Event: 14.912 loading class org/w3c/dom/ranges/Range done
Event: 14.912 loading class org/w3c/dom/traversal/TreeWalker
Event: 14.912 loading class org/w3c/dom/traversal/TreeWalker done
Event: 14.912 loading class org/w3c/dom/traversal/NodeIterator
Event: 14.912 loading class org/w3c/dom/traversal/NodeIterator done
Event: 14.912 loading class org/w3c/dom/events/EventException
Event: 14.912 loading class org/w3c/dom/events/EventException done


Dynamic libraries:
0x00007ff7e00f0000 - 0x00007ff7e00fa000 	C:\Program Files\Android\Android Studio\jbr\bin\java.exe
0x00007ffc8fc90000 - 0x00007ffc8fea6000 	C:\WINDOWS\SYSTEM32\ntdll.dll
0x00007ffc8e120000 - 0x00007ffc8e1e4000 	C:\WINDOWS\System32\KERNEL32.DLL
0x00007ffc8cfd0000 - 0x00007ffc8d376000 	C:\WINDOWS\System32\KERNELBASE.dll
0x00007ffc8d470000 - 0x00007ffc8d581000 	C:\WINDOWS\System32\ucrtbase.dll
0x00007ffc70040000 - 0x00007ffc70057000 	C:\Program Files\Android\Android Studio\jbr\bin\jli.dll
0x00007ffc88570000 - 0x00007ffc8858b000 	C:\Program Files\Android\Android Studio\jbr\bin\VCRUNTIME140.dll
0x00007ffc8ed20000 - 0x00007ffc8eecd000 	C:\WINDOWS\System32\USER32.dll
0x00007ffc8d6b0000 - 0x00007ffc8d6d6000 	C:\WINDOWS\System32\win32u.dll
0x00007ffc81f90000 - 0x00007ffc82223000 	C:\WINDOWS\WinSxS\amd64_microsoft.windows.common-controls_6595b64144ccf1df_6.0.22621.3235_none_270f74e173860f98\COMCTL32.dll
0x00007ffc8f520000 - 0x00007ffc8f549000 	C:\WINDOWS\System32\GDI32.dll
0x00007ffc8df30000 - 0x00007ffc8dfd7000 	C:\WINDOWS\System32\msvcrt.dll
0x00007ffc8d6e0000 - 0x00007ffc8d7f8000 	C:\WINDOWS\System32\gdi32full.dll
0x00007ffc8d590000 - 0x00007ffc8d62a000 	C:\WINDOWS\System32\msvcp_win.dll
0x00007ffc8f600000 - 0x00007ffc8f631000 	C:\WINDOWS\System32\IMM32.DLL
0x00007ffc888e0000 - 0x00007ffc888ec000 	C:\Program Files\Android\Android Studio\jbr\bin\vcruntime140_1.dll
0x00007ffc6aae0000 - 0x00007ffc6ab6d000 	C:\Program Files\Android\Android Studio\jbr\bin\msvcp140.dll
0x00007ffbfab80000 - 0x00007ffbfb7ee000 	C:\Program Files\Android\Android Studio\jbr\bin\server\jvm.dll
0x00007ffc8dac0000 - 0x00007ffc8db72000 	C:\WINDOWS\System32\ADVAPI32.dll
0x00007ffc8f550000 - 0x00007ffc8f5f8000 	C:\WINDOWS\System32\sechost.dll
0x00007ffc8d440000 - 0x00007ffc8d468000 	C:\WINDOWS\System32\bcrypt.dll
0x00007ffc8f640000 - 0x00007ffc8f755000 	C:\WINDOWS\System32\RPCRT4.dll
0x00007ffc708c0000 - 0x00007ffc708c9000 	C:\WINDOWS\SYSTEM32\WSOCK32.dll
0x00007ffc85a40000 - 0x00007ffc85a4a000 	C:\WINDOWS\SYSTEM32\VERSION.dll
0x00007ffc84be0000 - 0x00007ffc84c14000 	C:\WINDOWS\SYSTEM32\WINMM.dll
0x00007ffc8da40000 - 0x00007ffc8dab1000 	C:\WINDOWS\System32\WS2_32.dll
0x00007ffc8c010000 - 0x00007ffc8c028000 	C:\WINDOWS\SYSTEM32\kernel.appcore.dll
0x00007ffc859a0000 - 0x00007ffc859aa000 	C:\Program Files\Android\Android Studio\jbr\bin\jimage.dll
0x00007ffc7cdb0000 - 0x00007ffc7cfe3000 	C:\WINDOWS\SYSTEM32\DBGHELP.DLL
0x00007ffc8f8c0000 - 0x00007ffc8fc48000 	C:\WINDOWS\System32\combase.dll
0x00007ffc8e040000 - 0x00007ffc8e117000 	C:\WINDOWS\System32\OLEAUT32.dll
0x00007ffc7cd50000 - 0x00007ffc7cd82000 	C:\WINDOWS\SYSTEM32\dbgcore.DLL
0x00007ffc8d630000 - 0x00007ffc8d6aa000 	C:\WINDOWS\System32\bcryptPrimitives.dll
0x00007ffc7b6e0000 - 0x00007ffc7b705000 	C:\Program Files\Android\Android Studio\jbr\bin\java.dll
0x00007ffc7b6c0000 - 0x00007ffc7b6d8000 	C:\Program Files\Android\Android Studio\jbr\bin\zip.dll
0x00007ffc8e290000 - 0x00007ffc8eaed000 	C:\WINDOWS\System32\SHELL32.dll
0x00007ffc8af30000 - 0x00007ffc8b828000 	C:\WINDOWS\SYSTEM32\windows.storage.dll
0x00007ffc8adf0000 - 0x00007ffc8af2e000 	C:\WINDOWS\SYSTEM32\wintypes.dll
0x00007ffc8dde0000 - 0x00007ffc8ded3000 	C:\WINDOWS\System32\SHCORE.dll
0x00007ffc8dfe0000 - 0x00007ffc8e03e000 	C:\WINDOWS\System32\shlwapi.dll
0x00007ffc8cf00000 - 0x00007ffc8cf26000 	C:\WINDOWS\SYSTEM32\profapi.dll
0x00007ffc7b400000 - 0x00007ffc7b419000 	C:\Program Files\Android\Android Studio\jbr\bin\net.dll
0x00007ffc85000000 - 0x00007ffc85137000 	C:\WINDOWS\SYSTEM32\WINHTTP.dll
0x00007ffc8c500000 - 0x00007ffc8c569000 	C:\WINDOWS\system32\mswsock.dll
0x00007ffc7b3e0000 - 0x00007ffc7b3f6000 	C:\Program Files\Android\Android Studio\jbr\bin\nio.dll
0x00007ffc85990000 - 0x00007ffc859a0000 	C:\Program Files\Android\Android Studio\jbr\bin\verify.dll
0x00007ffc87d20000 - 0x00007ffc87d47000 	C:\Users\23480\.gradle\native\68d5fa5c4cc2d200863cafc0d521ce42e7d3e7ee720ec0a83991735586a16f82\windows-amd64\native-platform.dll
0x00007ffc52250000 - 0x00007ffc52394000 	C:\Users\23480\.gradle\native\e376f236ea51e6404a007f0833ffe2c6e607c4080706a723a18a27aeea778392\windows-amd64\native-platform-file-events.dll
0x00007ffc7b3d0000 - 0x00007ffc7b3d9000 	C:\Program Files\Android\Android Studio\jbr\bin\management.dll
0x00007ffc7b3c0000 - 0x00007ffc7b3cb000 	C:\Program Files\Android\Android Studio\jbr\bin\management_ext.dll
0x00007ffc8e280000 - 0x00007ffc8e288000 	C:\WINDOWS\System32\PSAPI.DLL
0x00007ffc8c750000 - 0x00007ffc8c76b000 	C:\WINDOWS\SYSTEM32\CRYPTSP.dll
0x00007ffc8bf70000 - 0x00007ffc8bfa5000 	C:\WINDOWS\system32\rsaenh.dll
0x00007ffc8c5f0000 - 0x00007ffc8c61c000 	C:\WINDOWS\SYSTEM32\USERENV.dll
0x00007ffc8c7c0000 - 0x00007ffc8c7cc000 	C:\WINDOWS\SYSTEM32\CRYPTBASE.dll
0x00007ffc8ba90000 - 0x00007ffc8babd000 	C:\WINDOWS\SYSTEM32\IPHLPAPI.DLL
0x00007ffc8f090000 - 0x00007ffc8f099000 	C:\WINDOWS\System32\NSI.dll
0x00007ffc84c20000 - 0x00007ffc84c39000 	C:\WINDOWS\SYSTEM32\dhcpcsvc6.DLL
0x00007ffc83f70000 - 0x00007ffc83f8f000 	C:\WINDOWS\SYSTEM32\dhcpcsvc.DLL
0x00007ffc8bb00000 - 0x00007ffc8bbf9000 	C:\WINDOWS\SYSTEM32\DNSAPI.dll
0x00007ffc206e0000 - 0x00007ffc206e8000 	C:\WINDOWS\system32\wshunix.dll
0x00007ffc50aa0000 - 0x00007ffc50ab7000 	C:\WINDOWS\system32\napinsp.dll
0x00007ffc50b20000 - 0x00007ffc50b3b000 	C:\WINDOWS\system32\pnrpnsp.dll
0x00007ffc50b40000 - 0x00007ffc50b51000 	C:\WINDOWS\System32\winrnr.dll
0x00007ffc83e50000 - 0x00007ffc83e65000 	C:\WINDOWS\system32\wshbth.dll
0x00007ffc68cc0000 - 0x00007ffc68ce1000 	C:\WINDOWS\system32\nlansp_c.dll
0x000000006b230000 - 0x000000006b256000 	C:\Program Files\Bonjour\mdnsNSP.dll
0x00007ffc83330000 - 0x00007ffc8333a000 	C:\Windows\System32\rasadhlp.dll
0x00007ffc814b0000 - 0x00007ffc81533000 	C:\WINDOWS\System32\fwpuclnt.dll
0x00007ffc8c030000 - 0x00007ffc8c064000 	C:\WINDOWS\SYSTEM32\ntmarta.dll

dbghelp: loaded successfully - version: 4.0.5 - missing functions: none
symbol engine: initialized successfully - sym options: 0x614 - pdb path: .;C:\Program Files\Android\Android Studio\jbr\bin;C:\WINDOWS\SYSTEM32;C:\WINDOWS\WinSxS\amd64_microsoft.windows.common-controls_6595b64144ccf1df_6.0.22621.3235_none_270f74e173860f98;C:\Program Files\Android\Android Studio\jbr\bin\server;C:\Users\23480\.gradle\native\68d5fa5c4cc2d200863cafc0d521ce42e7d3e7ee720ec0a83991735586a16f82\windows-amd64;C:\Users\23480\.gradle\native\e376f236ea51e6404a007f0833ffe2c6e607c4080706a723a18a27aeea778392\windows-amd64;C:\Program Files\Bonjour

VM Arguments:
jvm_args: --add-opens=java.base/java.util=ALL-UNNAMED --add-opens=java.base/java.lang=ALL-UNNAMED --add-opens=java.base/java.lang.invoke=ALL-UNNAMED --add-opens=java.prefs/java.util.prefs=ALL-UNNAMED --add-opens=java.base/java.nio.charset=ALL-UNNAMED --add-opens=java.base/java.net=ALL-UNNAMED --add-opens=java.base/java.util.concurrent.atomic=ALL-UNNAMED -Xmx2048m -Dfile.encoding=UTF-8 -Duser.country=US -Duser.language=en -Duser.variant 
java_command: org.gradle.launcher.daemon.bootstrap.GradleDaemon 8.0
java_class_path (initial): C:\Users\23480\.gradle\wrapper\dists\gradle-8.0-bin\ca5e32bp14vu59qr306oxotwh\gradle-8.0\lib\gradle-launcher-8.0.jar
Launcher Type: SUN_STANDARD

[Global flags]
     intx CICompilerCount                          = 4                                         {product} {ergonomic}
     uint ConcGCThreads                            = 2                                         {product} {ergonomic}
     uint G1ConcRefinementThreads                  = 8                                         {product} {ergonomic}
   size_t G1HeapRegionSize                         = 1048576                                   {product} {ergonomic}
    uintx GCDrainStackTargetSize                   = 64                                        {product} {ergonomic}
   size_t InitialHeapSize                          = 123731968                                 {product} {ergonomic}
   size_t MarkStackSize                            = 4194304                                   {product} {ergonomic}
   size_t MaxHeapSize                              = 2147483648                                {product} {command line}
   size_t MaxNewSize                               = 1287651328                                {product} {ergonomic}
   size_t MinHeapDeltaBytes                        = 1048576                                   {product} {ergonomic}
   size_t MinHeapSize                              = 8388608                                   {product} {ergonomic}
    uintx NonNMethodCodeHeapSize                   = 5839372                                {pd product} {ergonomic}
    uintx NonProfiledCodeHeapSize                  = 122909434                              {pd product} {ergonomic}
    uintx ProfiledCodeHeapSize                     = 122909434                              {pd product} {ergonomic}
    uintx ReservedCodeCacheSize                    = 251658240                              {pd product} {ergonomic}
     bool SegmentedCodeCache                       = true                                      {product} {ergonomic}
   size_t SoftMaxHeapSize                          = 2147483648                             {manageable} {ergonomic}
     bool UseCompressedClassPointers               = true                           {product lp64_product} {ergonomic}
     bool UseCompressedOops                        = true                           {product lp64_product} {ergonomic}
     bool UseG1GC                                  = true                                      {product} {ergonomic}
     bool UseLargePagesIndividualAllocation        = false                                  {pd product} {ergonomic}

Logging:
Log output configuration:
 #0: stdout all=warning uptime,level,tags
 #1: stderr all=off uptime,level,tags

Environment Variables:
PATH=C:\WINDOWS\system32;C:\WINDOWS;C:\WINDOWS\System32\Wbem;C:\WINDOWS\System32\WindowsPowerShell\v1.0\;C:\WINDOWS\System32\OpenSSH\;C:\Program Files\nodejs\;C:\Program Files\Git\cmd;C:\Users\23480\AppData\Local\Programs\Python\Python311\Scripts\;C:\Users\23480\AppData\Local\Programs\Python\Python311\;C:\Users\23480\AppData\Local\Microsoft\WindowsApps;C:\Users\23480\AppData\Local\atom\bin;C:\Users\23480\AppData\Local\Programs\Microsoft VS Code\bin;C:\Users\23480\AppData\Local\Microsoft\WindowsApps;;C:\Program Files\JetBrains\IntelliJ IDEA Community Edition 2023.2.1\bin;;C:\Users\23480\AppData\Roaming\npm
USERNAME=23480
OS=Windows_NT
PROCESSOR_IDENTIFIER=AMD64 Family 23 Model 104 Stepping 1, AuthenticAMD
TMP=C:\Users\23480\AppData\Local\Temp
TEMP=C:\Users\23480\AppData\Local\Temp


JNI global refs:
JNI global refs: 25, weak refs: 0

JNI global refs memory usage: 843, weak refs: 841


---------------  S Y S T E M  ---------------

OS:
 Windows 11 , 64 bit Build 22621 (10.0.22621.3235)
OS uptime: 0 days 7:00 hours

CPU: total 8 (initial active 8) (8 cores per cpu, 2 threads per core) family 23 model 104 stepping 1 microcode 0x0, cx8, cmov, fxsr, ht, mmx, 3dnowpref, sse, sse2, sse3, ssse3, sse4a, sse4.1, sse4.2, popcnt, lzcnt, tsc, tscinvbit, avx, avx2, aes, clmul, bmi1, bmi2, adx, sha, fma, vzeroupper, clflush, clflushopt

Memory: 4k page, system-wide physical 7502M (274M free)
TotalPageFile size 11571M (AvailPageFile size 5M)
current process WorkingSet (physical memory assigned to process): 426M, peak: 426M
current process commit charge ("private bytes"): 461M, peak: 591M

vm_info: OpenJDK 64-Bit Server VM (17.0.6+0-b2043.56-10027231) for windows-amd64 JRE (17.0.6+0-b2043.56-10027231), built on Apr 28 2023 00:43:19 by "androidbuild" with MS VC++ 16.10 / 16.11 (VS2019)

END.
