#
# There is insufficient memory for the Java Runtime Environment to continue.
# Native memory allocation (mmap) failed to map 255852544 bytes for G1 virtual space
# Possible reasons:
#   The system is out of physical RAM or swap space
#   The process is running with CompressedOops enabled, and the Java Heap may be blocking the growth of the native heap
# Possible solutions:
#   Reduce memory load on the system
#   Increase physical memory or swap space
#   Check if swap backing store is full
#   Decrease Java heap size (-Xmx/-Xms)
#   Decrease number of Java threads
#   Decrease Java thread stack sizes (-Xss)
#   Set larger code cache with -XX:ReservedCodeCacheSize=
#   JVM is running with Unscaled Compressed Oops mode in which the Java heap is
#     placed in the first 4GB address space. The Java Heap base address is the
#     maximum limit for the native heap growth. Please use -XX:HeapBaseMinAddress
#     to set the Java Heap base and to place the Java Heap above 4GB virtual address.
# This output file may be truncated or incomplete.
#
#  Out of Memory Error (os_windows.cpp:3769), pid=14856, tid=18208
#
# JRE version: OpenJDK Runtime Environment (17.0.6) (build 17.0.6+0-b2043.56-10027231)
# Java VM: OpenJDK 64-Bit Server VM (17.0.6+0-b2043.56-10027231, mixed mode, tiered, compressed oops, compressed class ptrs, g1 gc, windows-amd64)
# No core dump will be written. Minidumps are not enabled by default on client versions of Windows
#

---------------  S U M M A R Y ------------

Command Line: --add-opens=java.base/java.util=ALL-UNNAMED --add-opens=java.base/java.lang=ALL-UNNAMED --add-opens=java.base/java.lang.invoke=ALL-UNNAMED --add-opens=java.prefs/java.util.prefs=ALL-UNNAMED --add-opens=java.base/java.nio.charset=ALL-UNNAMED --add-opens=java.base/java.net=ALL-UNNAMED --add-opens=java.base/java.util.concurrent.atomic=ALL-UNNAMED -Xmx2048m -Dfile.encoding=UTF-8 -Duser.country=US -Duser.language=en -Duser.variant org.gradle.launcher.daemon.bootstrap.GradleDaemon 8.0

Host: AMD Ryzen 3 5300U with Radeon Graphics         , 8 cores, 7G,  Windows 11 , 64 bit Build 22621 (10.0.22621.3235)
Time: Thu Mar 28 13:53:09 2024 W. Central Africa Standard Time elapsed time: 21.655401 seconds (0d 0h 0m 21s)

---------------  T H R E A D  ---------------

Current thread (0x000001bbfffd0940):  VMThread "VM Thread" [stack: 0x0000009cb8100000,0x0000009cb8200000] [id=18208]

Stack: [0x0000009cb8100000,0x0000009cb8200000]
Native frames: (J=compiled Java code, j=interpreted, Vv=VM code, C=native code)
V  [jvm.dll+0x683c9a]
V  [jvm.dll+0x8427a4]
V  [jvm.dll+0x843f9e]
V  [jvm.dll+0x844603]
V  [jvm.dll+0x249b75]
V  [jvm.dll+0x680b69]
V  [jvm.dll+0x67505a]
V  [jvm.dll+0x309acb]
V  [jvm.dll+0x310f86]
V  [jvm.dll+0x3608ee]
V  [jvm.dll+0x360b1f]
V  [jvm.dll+0x2dfbf8]
V  [jvm.dll+0x2ddec4]
V  [jvm.dll+0x2dd4cc]
V  [jvm.dll+0x321f3b]
V  [jvm.dll+0x848ccb]
V  [jvm.dll+0x849a04]
V  [jvm.dll+0x849f1d]
V  [jvm.dll+0x84a2f4]
V  [jvm.dll+0x84a3c0]
V  [jvm.dll+0x7f274a]
V  [jvm.dll+0x682ad5]
C  [ucrtbase.dll+0x29363]
C  [KERNEL32.DLL+0x1257d]
C  [ntdll.dll+0x5aa58]

VM_Operation (0x0000009cc14fa230): G1CollectForAllocation, mode: safepoint, requested by thread 0x000001bb83f46ba0


---------------  P R O C E S S  ---------------

Threads class SMR info:
_java_thread_list=0x000001bb86af1790, length=141, elements={
0x000001bbe818e4c0, 0x000001bbffff2260, 0x000001bbffff30d0, 0x000001bbffffd900,
0x000001bb8281bbb0, 0x000001bb8281df90, 0x000001bb82820950, 0x000001bb82822250,
0x000001bb82833880, 0x000001bb828357d0, 0x000001bb829b3440, 0x000001bb829cb010,
0x000001bb843a4bf0, 0x000001bb86290c00, 0x000001bb84113860, 0x000001bb85da0030,
0x000001bb84269320, 0x000001bb83f1c390, 0x000001bb83f1e070, 0x000001bb83f1ab80,
0x000001bb83f1d200, 0x000001bb83f1b520, 0x000001bb83f1b050, 0x000001bb83f1dba0,
0x000001bb83f1d6d0, 0x000001bb88e90980, 0x000001bb88e8ffe0, 0x000001bb88e904b0,
0x000001bb88e91cc0, 0x000001bb88e8fb10, 0x000001bb88705150, 0x000001bb88707300,
0x000001bb887077d0, 0x000001bb88708b10, 0x000001bb88708640, 0x000001bb82db84f0,
0x000001bb82db2e50, 0x000001bb82db24b0, 0x000001bb82db2980, 0x000001bb82db6ce0,
0x000001bb82db8020, 0x000001bb82db71b0, 0x000001bb82db4660, 0x000001bb82db4b30,
0x000001bb82db9360, 0x000001bb82db8e90, 0x000001bb82db3320, 0x000001bb82db5e70,
0x000001bb82db1b10, 0x000001bb82db37f0, 0x000001bb82db6340, 0x000001bb82db6810,
0x000001bb82db3cc0, 0x000001bb82db1fe0, 0x000001bb82db59a0, 0x000001bb82db4190,
0x000001bb82db7b50, 0x000001bb88e90e50, 0x000001bb88e8d490, 0x000001bb88e91320,
0x000001bb88e8f170, 0x000001bb88e8f640, 0x000001bb88e92660, 0x000001bb88e917f0,
0x000001bb88e92190, 0x000001bb88e92b30, 0x000001bb88e8d960, 0x000001bb88e93000,
0x000001bb88e939a0, 0x000001bb88e94340, 0x000001bb88e93e70, 0x000001bb88e8cfc0,
0x000001bb88e8de30, 0x000001bb88e8e300, 0x000001bb88e8e7d0, 0x000001bb86b870f0,
0x000001bb86b86280, 0x000001bb86b858e0, 0x000001bb86b86750, 0x000001bb86b85db0,
0x000001bb86b85410, 0x000001bb86b86c20, 0x000001bb86b875c0, 0x000001bb86b88430,
0x000001bb86b87f60, 0x000001bb86b88900, 0x000001bb86b84f40, 0x000001bb83f1cd30,
0x000001bb83f1a6b0, 0x000001bb83f1c860, 0x000001bb83f1bec0, 0x000001bb83f1b9f0,
0x000001bb88705fc0, 0x000001bb88706e30, 0x000001bb87171410, 0x000001bb87172280,
0x000001bb8716b3d0, 0x000001bb87170a70, 0x000001bb871705a0, 0x000001bb8716e8c0,
0x000001bb871700d0, 0x000001bb871718e0, 0x000001bb8716ed90, 0x000001bb8716c710,
0x000001bb87171db0, 0x000001bb8716f260, 0x000001bb8716c240, 0x000001bb8716cbe0,
0x000001bb87170f40, 0x000001bb8716fc00, 0x000001bb8716b8a0, 0x000001bb8716df20,
0x000001bb8716f730, 0x000001bb8716aa30, 0x000001bb8716e3f0, 0x000001bb8716af00,
0x000001bb8716bd70, 0x000001bb8716d0b0, 0x000001bb8716d580, 0x000001bb8716da50,
0x000001bb83f483b0, 0x000001bb83f47070, 0x000001bb83f49220, 0x000001bb83f45860,
0x000001bb83f4a560, 0x000001bb83f449f0, 0x000001bb83f47540, 0x000001bb83f45d30,
0x000001bb83f436b0, 0x000001bb83f44ec0, 0x000001bb83f466d0, 0x000001bb83f47ee0,
0x000001bb83f45390, 0x000001bb83f48d50, 0x000001bb83f49bc0, 0x000001bb83f496f0,
0x000001bb83f46ba0, 0x000001bb83f4aa30, 0x000001bb83f4a090, 0x000001bb8660dfc0,
0x000001bb83ddc9c0
}

Java Threads: ( => current thread )
  0x000001bbe818e4c0 JavaThread "main" [_thread_blocked, id=7924, stack(0x0000009cb7b00000,0x0000009cb7c00000)]
  0x000001bbffff2260 JavaThread "Reference Handler" daemon [_thread_blocked, id=10860, stack(0x0000009cb8200000,0x0000009cb8300000)]
  0x000001bbffff30d0 JavaThread "Finalizer" daemon [_thread_blocked, id=19480, stack(0x0000009cb8300000,0x0000009cb8400000)]
  0x000001bbffffd900 JavaThread "Signal Dispatcher" daemon [_thread_blocked, id=1456, stack(0x0000009cb8400000,0x0000009cb8500000)]
  0x000001bb8281bbb0 JavaThread "Attach Listener" daemon [_thread_blocked, id=17900, stack(0x0000009cb8500000,0x0000009cb8600000)]
  0x000001bb8281df90 JavaThread "Service Thread" daemon [_thread_blocked, id=18744, stack(0x0000009cb8600000,0x0000009cb8700000)]
  0x000001bb82820950 JavaThread "Monitor Deflation Thread" daemon [_thread_blocked, id=5408, stack(0x0000009cb8700000,0x0000009cb8800000)]
  0x000001bb82822250 JavaThread "C2 CompilerThread0" daemon [_thread_blocked, id=11684, stack(0x0000009cb8800000,0x0000009cb8900000)]
  0x000001bb82833880 JavaThread "C1 CompilerThread0" daemon [_thread_blocked, id=19756, stack(0x0000009cb8900000,0x0000009cb8a00000)]
  0x000001bb828357d0 JavaThread "Sweeper thread" daemon [_thread_blocked, id=10256, stack(0x0000009cb8a00000,0x0000009cb8b00000)]
  0x000001bb829b3440 JavaThread "Common-Cleaner" daemon [_thread_blocked, id=17772, stack(0x0000009cb8b00000,0x0000009cb8c00000)]
  0x000001bb829cb010 JavaThread "Notification Thread" daemon [_thread_blocked, id=1172, stack(0x0000009cb8c00000,0x0000009cb8d00000)]
  0x000001bb843a4bf0 JavaThread "Daemon health stats" [_thread_blocked, id=10204, stack(0x0000009cb9400000,0x0000009cb9500000)]
  0x000001bb86290c00 JavaThread "Incoming local TCP Connector on port 52460" [_thread_in_native, id=19544, stack(0x0000009cb9500000,0x0000009cb9600000)]
  0x000001bb84113860 JavaThread "Daemon periodic checks" [_thread_blocked, id=9336, stack(0x0000009cb9600000,0x0000009cb9700000)]
  0x000001bb85da0030 JavaThread "Daemon" [_thread_blocked, id=12840, stack(0x0000009cb9700000,0x0000009cb9800000)]
  0x000001bb84269320 JavaThread "Daemon worker" [_thread_blocked, id=16188, stack(0x0000009cb9a00000,0x0000009cb9b00000)]
  0x000001bb83f1c390 JavaThread "Cache worker for journal cache (C:\Users\23480\.gradle\caches\journal-1)" [_thread_blocked, id=4312, stack(0x0000009cba200000,0x0000009cba300000)]
  0x000001bb83f1e070 JavaThread "File lock request listener" [_thread_in_native, id=13280, stack(0x0000009cba300000,0x0000009cba400000)]
  0x000001bb83f1ab80 JavaThread "Cache worker for file hash cache (C:\Users\23480\.gradle\caches\8.0\fileHashes)" [_thread_blocked, id=19516, stack(0x0000009cba400000,0x0000009cba500000)]
  0x000001bb83f1d200 JavaThread "File watcher server" daemon [_thread_blocked, id=19684, stack(0x0000009cba500000,0x0000009cba600000)]
  0x000001bb83f1b520 JavaThread "File watcher consumer" daemon [_thread_blocked, id=18496, stack(0x0000009cba600000,0x0000009cba700000)]
  0x000001bb83f1b050 JavaThread "Cache worker for file content cache (C:\Users\23480\.gradle\caches\8.0\fileContent)" [_thread_blocked, id=3436, stack(0x0000009cba900000,0x0000009cbaa00000)]
  0x000001bb83f1dba0 JavaThread "Cache worker for execution history cache (C:\Users\23480\.gradle\caches\8.0\executionHistory)" [_thread_blocked, id=11952, stack(0x0000009cbac00000,0x0000009cbad00000)]
  0x000001bb83f1d6d0 JavaThread "jar transforms" [_thread_blocked, id=2720, stack(0x0000009cbad00000,0x0000009cbae00000)]
  0x000001bb88e90980 JavaThread "jar transforms Thread 2" [_thread_blocked, id=15296, stack(0x0000009cbae00000,0x0000009cbaf00000)]
  0x000001bb88e8ffe0 JavaThread "Cache worker for kotlin-dsl (C:\Users\23480\.gradle\caches\8.0\kotlin-dsl)" [_thread_blocked, id=6732, stack(0x0000009cbb000000,0x0000009cbb100000)]
  0x000001bb88e904b0 JavaThread "jar transforms Thread 3" [_thread_blocked, id=7604, stack(0x0000009cbb100000,0x0000009cbb200000)]
  0x000001bb88e91cc0 JavaThread "jar transforms Thread 4" [_thread_blocked, id=2696, stack(0x0000009cbb200000,0x0000009cbb300000)]
  0x000001bb88e8fb10 JavaThread "jar transforms Thread 5" [_thread_blocked, id=2852, stack(0x0000009cbb500000,0x0000009cbb600000)]
  0x000001bb88705150 JavaThread "jar transforms Thread 6" [_thread_blocked, id=16076, stack(0x0000009cc0600000,0x0000009cc0700000)]
  0x000001bb88707300 JavaThread "jar transforms Thread 7" [_thread_blocked, id=15852, stack(0x0000009cc0700000,0x0000009cc0800000)]
  0x000001bb887077d0 JavaThread "jar transforms Thread 8" [_thread_blocked, id=15044, stack(0x0000009cc0800000,0x0000009cc0900000)]
  0x000001bb88708b10 JavaThread "Memory manager" [_thread_blocked, id=6196, stack(0x0000009cc0a00000,0x0000009cc0b00000)]
  0x000001bb88708640 JavaThread "pool-3-thread-1" [_thread_blocked, id=4064, stack(0x0000009cb8f00000,0x0000009cb9000000)]
  0x000001bb82db84f0 JavaThread "included builds" [_thread_blocked, id=9584, stack(0x0000009cc0c00000,0x0000009cc0d00000)]
  0x000001bb82db2e50 JavaThread "Handler for socket connection from /127.0.0.1:52460 to /127.0.0.1:52574" [_thread_in_native, id=2280, stack(0x0000009cb8e00000,0x0000009cb8f00000)]
  0x000001bb82db24b0 JavaThread "Cancel handler" [_thread_blocked, id=9808, stack(0x0000009cb9800000,0x0000009cb9900000)]
  0x000001bb82db2980 JavaThread "Asynchronous log dispatcher for DefaultDaemonConnection: socket connection from /127.0.0.1:52460 to /127.0.0.1:52574" [_thread_blocked, id=20260, stack(0x0000009cb9900000,0x0000009cb9a00000)]
  0x000001bb82db6ce0 JavaThread "Stdin handler" [_thread_blocked, id=11468, stack(0x0000009cb9b00000,0x0000009cb9c00000)]
  0x000001bb82db8020 JavaThread "Daemon client event forwarder" [_thread_blocked, id=18732, stack(0x0000009cb9c00000,0x0000009cb9d00000)]
  0x000001bb82db71b0 JavaThread "Cache worker for checksums cache (C:\Users\23480\Documents\androidproject\TaskApp\.gradle\8.0\checksums)" [_thread_blocked, id=1044, stack(0x0000009cba700000,0x0000009cba800000)]
  0x000001bb82db4660 JavaThread "Cache worker for cache directory md-rule (C:\Users\23480\.gradle\caches\8.0\md-rule)" [_thread_blocked, id=14080, stack(0x0000009cba800000,0x0000009cba900000)]
  0x000001bb82db4b30 JavaThread "Cache worker for file hash cache (C:\Users\23480\Documents\androidproject\TaskApp\.gradle\8.0\fileHashes)" [_thread_blocked, id=5220, stack(0x0000009cbaa00000,0x0000009cbab00000)]
  0x000001bb82db9360 JavaThread "Cache worker for cache directory md-supplier (C:\Users\23480\.gradle\caches\8.0\md-supplier)" [_thread_blocked, id=13560, stack(0x0000009cbab00000,0x0000009cbac00000)]
  0x000001bb82db8e90 JavaThread "Cache worker for dependencies-accessors (C:\Users\23480\Documents\androidproject\TaskApp\.gradle\8.0\dependencies-accessors)" [_thread_blocked, id=19988, stack(0x0000009cbb300000,0x0000009cbb400000)]
  0x000001bb82db3320 JavaThread "Cache worker for Build Output Cleanup Cache (C:\Users\23480\Documents\androidproject\TaskApp\.gradle\buildOutputCleanup)" [_thread_blocked, id=7516, stack(0x0000009cbb400000,0x0000009cbb500000)]
  0x000001bb82db5e70 JavaThread "Unconstrained build operations" [_thread_blocked, id=18296, stack(0x0000009cbb600000,0x0000009cbb700000)]
  0x000001bb82db1b10 JavaThread "Unconstrained build operations Thread 2" [_thread_blocked, id=13740, stack(0x0000009cbb700000,0x0000009cbb800000)]
  0x000001bb82db37f0 JavaThread "Unconstrained build operations Thread 3" [_thread_blocked, id=19124, stack(0x0000009cbb800000,0x0000009cbb900000)]
  0x000001bb82db6340 JavaThread "Unconstrained build operations Thread 4" [_thread_blocked, id=2564, stack(0x0000009cbb900000,0x0000009cbba00000)]
  0x000001bb82db6810 JavaThread "Unconstrained build operations Thread 5" [_thread_blocked, id=16248, stack(0x0000009cbba00000,0x0000009cbbb00000)]
  0x000001bb82db3cc0 JavaThread "Unconstrained build operations Thread 6" [_thread_blocked, id=15456, stack(0x0000009cbbb00000,0x0000009cbbc00000)]
  0x000001bb82db1fe0 JavaThread "Unconstrained build operations Thread 7" [_thread_blocked, id=5880, stack(0x0000009cbbc00000,0x0000009cbbd00000)]
  0x000001bb82db59a0 JavaThread "Unconstrained build operations Thread 8" [_thread_blocked, id=6180, stack(0x0000009cbbd00000,0x0000009cbbe00000)]
  0x000001bb82db4190 JavaThread "Unconstrained build operations Thread 9" [_thread_blocked, id=16024, stack(0x0000009cbbe00000,0x0000009cbbf00000)]
  0x000001bb82db7b50 JavaThread "Unconstrained build operations Thread 10" [_thread_blocked, id=2356, stack(0x0000009cbbf00000,0x0000009cbc000000)]
  0x000001bb88e90e50 JavaThread "Unconstrained build operations Thread 11" [_thread_blocked, id=5420, stack(0x0000009cbc000000,0x0000009cbc100000)]
  0x000001bb88e8d490 JavaThread "Unconstrained build operations Thread 12" [_thread_blocked, id=19028, stack(0x0000009cbc100000,0x0000009cbc200000)]
  0x000001bb88e91320 JavaThread "Unconstrained build operations Thread 13" [_thread_blocked, id=13408, stack(0x0000009cbc200000,0x0000009cbc300000)]
  0x000001bb88e8f170 JavaThread "Unconstrained build operations Thread 14" [_thread_blocked, id=9904, stack(0x0000009cbc300000,0x0000009cbc400000)]
  0x000001bb88e8f640 JavaThread "Unconstrained build operations Thread 15" [_thread_blocked, id=11508, stack(0x0000009cbc400000,0x0000009cbc500000)]
  0x000001bb88e92660 JavaThread "Unconstrained build operations Thread 16" [_thread_blocked, id=9456, stack(0x0000009cbc500000,0x0000009cbc600000)]
  0x000001bb88e917f0 JavaThread "Unconstrained build operations Thread 17" [_thread_blocked, id=5300, stack(0x0000009cbc600000,0x0000009cbc700000)]
  0x000001bb88e92190 JavaThread "Unconstrained build operations Thread 18" [_thread_blocked, id=11456, stack(0x0000009cbc700000,0x0000009cbc800000)]
  0x000001bb88e92b30 JavaThread "Unconstrained build operations Thread 19" [_thread_blocked, id=5132, stack(0x0000009cbc800000,0x0000009cbc900000)]
  0x000001bb88e8d960 JavaThread "Unconstrained build operations Thread 20" [_thread_blocked, id=14780, stack(0x0000009cbc900000,0x0000009cbca00000)]
  0x000001bb88e93000 JavaThread "Unconstrained build operations Thread 21" [_thread_blocked, id=6012, stack(0x0000009cbca00000,0x0000009cbcb00000)]
  0x000001bb88e939a0 JavaThread "Unconstrained build operations Thread 22" [_thread_blocked, id=4696, stack(0x0000009cbcb00000,0x0000009cbcc00000)]
  0x000001bb88e94340 JavaThread "Unconstrained build operations Thread 23" [_thread_blocked, id=3616, stack(0x0000009cbcc00000,0x0000009cbcd00000)]
  0x000001bb88e93e70 JavaThread "Unconstrained build operations Thread 24" [_thread_blocked, id=18324, stack(0x0000009cbcd00000,0x0000009cbce00000)]
  0x000001bb88e8cfc0 JavaThread "Unconstrained build operations Thread 25" [_thread_blocked, id=18996, stack(0x0000009cbce00000,0x0000009cbcf00000)]
  0x000001bb88e8de30 JavaThread "Unconstrained build operations Thread 26" [_thread_blocked, id=16108, stack(0x0000009cbcf00000,0x0000009cbd000000)]
  0x000001bb88e8e300 JavaThread "Unconstrained build operations Thread 27" [_thread_blocked, id=1868, stack(0x0000009cbd000000,0x0000009cbd100000)]
  0x000001bb88e8e7d0 JavaThread "Unconstrained build operations Thread 28" [_thread_blocked, id=5492, stack(0x0000009cbd100000,0x0000009cbd200000)]
  0x000001bb86b870f0 JavaThread "Unconstrained build operations Thread 29" [_thread_blocked, id=6020, stack(0x0000009cbd200000,0x0000009cbd300000)]
  0x000001bb86b86280 JavaThread "Unconstrained build operations Thread 30" [_thread_blocked, id=7420, stack(0x0000009cbd300000,0x0000009cbd400000)]
  0x000001bb86b858e0 JavaThread "Unconstrained build operations Thread 31" [_thread_blocked, id=15420, stack(0x0000009cbd400000,0x0000009cbd500000)]
  0x000001bb86b86750 JavaThread "Unconstrained build operations Thread 32" [_thread_blocked, id=4048, stack(0x0000009cbd500000,0x0000009cbd600000)]
  0x000001bb86b85db0 JavaThread "Unconstrained build operations Thread 33" [_thread_blocked, id=4328, stack(0x0000009cbd600000,0x0000009cbd700000)]
  0x000001bb86b85410 JavaThread "Unconstrained build operations Thread 34" [_thread_blocked, id=8868, stack(0x0000009cbd700000,0x0000009cbd800000)]
  0x000001bb86b86c20 JavaThread "Unconstrained build operations Thread 35" [_thread_blocked, id=1312, stack(0x0000009cbd800000,0x0000009cbd900000)]
  0x000001bb86b875c0 JavaThread "Unconstrained build operations Thread 36" [_thread_blocked, id=15280, stack(0x0000009cbd900000,0x0000009cbda00000)]
  0x000001bb86b88430 JavaThread "Unconstrained build operations Thread 37" [_thread_blocked, id=15240, stack(0x0000009cbda00000,0x0000009cbdb00000)]
  0x000001bb86b87f60 JavaThread "Unconstrained build operations Thread 38" [_thread_blocked, id=15056, stack(0x0000009cbdb00000,0x0000009cbdc00000)]
  0x000001bb86b88900 JavaThread "Unconstrained build operations Thread 39" [_thread_blocked, id=4464, stack(0x0000009cbdc00000,0x0000009cbdd00000)]
  0x000001bb86b84f40 JavaThread "Unconstrained build operations Thread 40" [_thread_blocked, id=18492, stack(0x0000009cbdd00000,0x0000009cbde00000)]
  0x000001bb83f1cd30 JavaThread "Unconstrained build operations Thread 41" [_thread_blocked, id=10544, stack(0x0000009cbde00000,0x0000009cbdf00000)]
  0x000001bb83f1a6b0 JavaThread "Unconstrained build operations Thread 42" [_thread_blocked, id=16456, stack(0x0000009cbdf00000,0x0000009cbe000000)]
  0x000001bb83f1c860 JavaThread "Unconstrained build operations Thread 43" [_thread_blocked, id=12608, stack(0x0000009cbe000000,0x0000009cbe100000)]
  0x000001bb83f1bec0 JavaThread "Unconstrained build operations Thread 44" [_thread_blocked, id=6040, stack(0x0000009cbe100000,0x0000009cbe200000)]
  0x000001bb83f1b9f0 JavaThread "Unconstrained build operations Thread 45" [_thread_blocked, id=5964, stack(0x0000009cbe200000,0x0000009cbe300000)]
  0x000001bb88705fc0 JavaThread "Unconstrained build operations Thread 46" [_thread_blocked, id=172, stack(0x0000009cbe300000,0x0000009cbe400000)]
  0x000001bb88706e30 JavaThread "Unconstrained build operations Thread 47" [_thread_blocked, id=4516, stack(0x0000009cbe400000,0x0000009cbe500000)]
  0x000001bb87171410 JavaThread "Unconstrained build operations Thread 48" [_thread_blocked, id=13288, stack(0x0000009cbe500000,0x0000009cbe600000)]
  0x000001bb87172280 JavaThread "Unconstrained build operations Thread 49" [_thread_blocked, id=19400, stack(0x0000009cbe600000,0x0000009cbe700000)]
  0x000001bb8716b3d0 JavaThread "Unconstrained build operations Thread 50" [_thread_blocked, id=19976, stack(0x0000009cbe700000,0x0000009cbe800000)]
  0x000001bb87170a70 JavaThread "Unconstrained build operations Thread 51" [_thread_blocked, id=20044, stack(0x0000009cbe800000,0x0000009cbe900000)]
  0x000001bb871705a0 JavaThread "Unconstrained build operations Thread 52" [_thread_blocked, id=20020, stack(0x0000009cbe900000,0x0000009cbea00000)]
  0x000001bb8716e8c0 JavaThread "Unconstrained build operations Thread 53" [_thread_blocked, id=11736, stack(0x0000009cbea00000,0x0000009cbeb00000)]
  0x000001bb871700d0 JavaThread "Unconstrained build operations Thread 54" [_thread_blocked, id=20216, stack(0x0000009cbeb00000,0x0000009cbec00000)]
  0x000001bb871718e0 JavaThread "Unconstrained build operations Thread 55" [_thread_blocked, id=8660, stack(0x0000009cbec00000,0x0000009cbed00000)]
  0x000001bb8716ed90 JavaThread "Unconstrained build operations Thread 56" [_thread_blocked, id=6436, stack(0x0000009cbed00000,0x0000009cbee00000)]
  0x000001bb8716c710 JavaThread "Unconstrained build operations Thread 57" [_thread_blocked, id=3940, stack(0x0000009cbee00000,0x0000009cbef00000)]
  0x000001bb87171db0 JavaThread "Unconstrained build operations Thread 58" [_thread_blocked, id=3196, stack(0x0000009cbef00000,0x0000009cbf000000)]
  0x000001bb8716f260 JavaThread "Unconstrained build operations Thread 59" [_thread_blocked, id=20464, stack(0x0000009cbf000000,0x0000009cbf100000)]
  0x000001bb8716c240 JavaThread "Unconstrained build operations Thread 60" [_thread_blocked, id=14928, stack(0x0000009cbf100000,0x0000009cbf200000)]
  0x000001bb8716cbe0 JavaThread "Unconstrained build operations Thread 61" [_thread_blocked, id=12512, stack(0x0000009cbf200000,0x0000009cbf300000)]
  0x000001bb87170f40 JavaThread "Unconstrained build operations Thread 62" [_thread_blocked, id=5144, stack(0x0000009cbf300000,0x0000009cbf400000)]
  0x000001bb8716fc00 JavaThread "Unconstrained build operations Thread 63" [_thread_blocked, id=16312, stack(0x0000009cbf400000,0x0000009cbf500000)]
  0x000001bb8716b8a0 JavaThread "Unconstrained build operations Thread 64" [_thread_blocked, id=18152, stack(0x0000009cbf500000,0x0000009cbf600000)]
  0x000001bb8716df20 JavaThread "Unconstrained build operations Thread 65" [_thread_blocked, id=7112, stack(0x0000009cbf600000,0x0000009cbf700000)]
  0x000001bb8716f730 JavaThread "Unconstrained build operations Thread 66" [_thread_blocked, id=8880, stack(0x0000009cbf700000,0x0000009cbf800000)]
  0x000001bb8716aa30 JavaThread "Unconstrained build operations Thread 67" [_thread_blocked, id=9308, stack(0x0000009cbf800000,0x0000009cbf900000)]
  0x000001bb8716e3f0 JavaThread "Unconstrained build operations Thread 68" [_thread_blocked, id=2984, stack(0x0000009cbf900000,0x0000009cbfa00000)]
  0x000001bb8716af00 JavaThread "Unconstrained build operations Thread 69" [_thread_blocked, id=4012, stack(0x0000009cbfa00000,0x0000009cbfb00000)]
  0x000001bb8716bd70 JavaThread "Unconstrained build operations Thread 70" [_thread_blocked, id=932, stack(0x0000009cbfb00000,0x0000009cbfc00000)]
  0x000001bb8716d0b0 JavaThread "Unconstrained build operations Thread 71" [_thread_blocked, id=9648, stack(0x0000009cbfc00000,0x0000009cbfd00000)]
  0x000001bb8716d580 JavaThread "Unconstrained build operations Thread 72" [_thread_blocked, id=16972, stack(0x0000009cbfd00000,0x0000009cbfe00000)]
  0x000001bb8716da50 JavaThread "Unconstrained build operations Thread 73" [_thread_blocked, id=10864, stack(0x0000009cbfe00000,0x0000009cbff00000)]
  0x000001bb83f483b0 JavaThread "Unconstrained build operations Thread 74" [_thread_blocked, id=12920, stack(0x0000009cbff00000,0x0000009cc0000000)]
  0x000001bb83f47070 JavaThread "Unconstrained build operations Thread 75" [_thread_blocked, id=19548, stack(0x0000009cc0000000,0x0000009cc0100000)]
  0x000001bb83f49220 JavaThread "Unconstrained build operations Thread 76" [_thread_blocked, id=3332, stack(0x0000009cc0100000,0x0000009cc0200000)]
  0x000001bb83f45860 JavaThread "Unconstrained build operations Thread 77" [_thread_blocked, id=18148, stack(0x0000009cc0200000,0x0000009cc0300000)]
  0x000001bb83f4a560 JavaThread "Unconstrained build operations Thread 78" [_thread_blocked, id=16052, stack(0x0000009cc0300000,0x0000009cc0400000)]
  0x000001bb83f449f0 JavaThread "Unconstrained build operations Thread 79" [_thread_blocked, id=14692, stack(0x0000009cc0400000,0x0000009cc0500000)]
  0x000001bb83f47540 JavaThread "Unconstrained build operations Thread 80" [_thread_blocked, id=9240, stack(0x0000009cc0500000,0x0000009cc0600000)]
  0x000001bb83f45d30 JavaThread "build event listener" [_thread_blocked, id=11336, stack(0x0000009cc0900000,0x0000009cc0a00000)]
  0x000001bb83f436b0 JavaThread "pool-6-thread-1" [_thread_blocked, id=14652, stack(0x0000009cc0b00000,0x0000009cc0c00000)]
  0x000001bb83f44ec0 JavaThread "build event listener" [_thread_blocked, id=19716, stack(0x0000009cc0d00000,0x0000009cc0e00000)]
  0x000001bb83f466d0 JavaThread "included builds" [_thread_blocked, id=3480, stack(0x0000009cc0e00000,0x0000009cc0f00000)]
  0x000001bb83f47ee0 JavaThread "Execution worker" [_thread_blocked, id=18132, stack(0x0000009cc0f00000,0x0000009cc1000000)]
  0x000001bb83f45390 JavaThread "Execution worker Thread 2" [_thread_blocked, id=15768, stack(0x0000009cc1000000,0x0000009cc1100000)]
  0x000001bb83f48d50 JavaThread "Execution worker Thread 3" [_thread_blocked, id=5476, stack(0x0000009cc1100000,0x0000009cc1200000)]
  0x000001bb83f49bc0 JavaThread "Execution worker Thread 4" [_thread_blocked, id=19692, stack(0x0000009cc1200000,0x0000009cc1300000)]
  0x000001bb83f496f0 JavaThread "Execution worker Thread 5" [_thread_blocked, id=13364, stack(0x0000009cc1300000,0x0000009cc1400000)]
  0x000001bb83f46ba0 JavaThread "Execution worker Thread 6" [_thread_blocked, id=3712, stack(0x0000009cc1400000,0x0000009cc1500000)]
  0x000001bb83f4aa30 JavaThread "Execution worker Thread 7" [_thread_blocked, id=5520, stack(0x0000009cc1500000,0x0000009cc1600000)]
  0x000001bb83f4a090 JavaThread "Cache worker for execution history cache (C:\Users\23480\Documents\androidproject\TaskApp\.gradle\8.0\executionHistory)" [_thread_blocked, id=18064, stack(0x0000009cc1600000,0x0000009cc1700000)]
  0x000001bb8660dfc0 JavaThread "WorkerExecutor Queue" [_thread_blocked, id=18856, stack(0x0000009cc1700000,0x0000009cc1800000)]
  0x000001bb83ddc9c0 JavaThread "C2 CompilerThread1" daemon [_thread_blocked, id=20052, stack(0x0000009cb9d00000,0x0000009cb9e00000)]

Other Threads:
=>0x000001bbfffd0940 VMThread "VM Thread" [stack: 0x0000009cb8100000,0x0000009cb8200000] [id=18208]
  0x000001bbe82109f0 WatcherThread [stack: 0x0000009cb8d00000,0x0000009cb8e00000] [id=1760]
  0x000001bbe81eaf50 GCTaskThread "GC Thread#0" [stack: 0x0000009cb7c00000,0x0000009cb7d00000] [id=180]
  0x000001bb83b3c3b0 GCTaskThread "GC Thread#1" [stack: 0x0000009cb9000000,0x0000009cb9100000] [id=19512]
  0x000001bb82a6ef20 GCTaskThread "GC Thread#2" [stack: 0x0000009cb9100000,0x0000009cb9200000] [id=11880]
  0x000001bb83349ab0 GCTaskThread "GC Thread#3" [stack: 0x0000009cb9200000,0x0000009cb9300000] [id=19016]
  0x000001bb83bda390 GCTaskThread "GC Thread#4" [stack: 0x0000009cb9300000,0x0000009cb9400000] [id=10460]
  0x000001bb85d629b0 GCTaskThread "GC Thread#5" [stack: 0x0000009cb9e00000,0x0000009cb9f00000] [id=3416]
  0x000001bb85b0f860 GCTaskThread "GC Thread#6" [stack: 0x0000009cb9f00000,0x0000009cba000000] [id=2644]
  0x000001bb8545ea30 GCTaskThread "GC Thread#7" [stack: 0x0000009cba000000,0x0000009cba100000] [id=13532]
  0x000001bbe81fbe90 ConcurrentGCThread "G1 Main Marker" [stack: 0x0000009cb7d00000,0x0000009cb7e00000] [id=6440]
  0x000001bbe81fc8a0 ConcurrentGCThread "G1 Conc#0" [stack: 0x0000009cb7e00000,0x0000009cb7f00000] [id=2792]
  0x000001bb854425b0 ConcurrentGCThread "G1 Conc#1" [stack: 0x0000009cba100000,0x0000009cba200000] [id=15340]
  0x000001bbe824e500 ConcurrentGCThread "G1 Refine#0" [stack: 0x0000009cb7f00000,0x0000009cb8000000] [id=12812]
  0x000001bb85ae6f70 ConcurrentGCThread "G1 Refine#1" [stack: 0x0000009cbaf00000,0x0000009cbb000000] [id=16164]
  0x000001bb8cb3bc40 ConcurrentGCThread "G1 Refine#2" [stack: 0x0000009cc1800000,0x0000009cc1900000] [id=14752]
  0x000001bb883b8430 ConcurrentGCThread "G1 Refine#3" [stack: 0x0000009cc1900000,0x0000009cc1a00000] [id=18172]
  0x000001bb8cb3c200 ConcurrentGCThread "G1 Refine#4" [stack: 0x0000009cc1a00000,0x0000009cc1b00000] [id=6104]
  0x000001bbffe2a0f0 ConcurrentGCThread "G1 Service" [stack: 0x0000009cb8000000,0x0000009cb8100000] [id=8432]

Threads with active compile tasks:
C2 CompilerThread0    21690 13579   !   4       java.net.URLClassLoader::findClass (47 bytes)
C2 CompilerThread1    21690 13868       4       org.apache.xerces.dom.NamedNodeMapImpl::findNamePoint (105 bytes)

VM state: at safepoint (normal execution)

VM Mutex/Monitor currently owned by a thread:  ([mutex/lock_event])
[0x000001bbe81894b0] Threads_lock - owner thread: 0x000001bbfffd0940
[0x000001bbe818a6b0] Heap_lock - owner thread: 0x000001bb83f46ba0

Heap address: 0x0000000080000000, size: 2048 MB, Compressed Oops mode: 32-bit

CDS archive(s) not mapped
Compressed class space mapped at: 0x0000000100000000-0x0000000140000000, reserved size: 1073741824
Narrow klass base: 0x0000000000000000, Narrow klass shift: 3, Narrow klass range: 0x140000000

GC Precious Log:
 CPUs: 8 total, 8 available
 Memory: 7502M
 Large Page Support: Disabled
 NUMA Support: Disabled
 Compressed Oops: Enabled (32-bit)
 Heap Region Size: 1M
 Heap Min Capacity: 8M
 Heap Initial Capacity: 118M
 Heap Max Capacity: 2G
 Pre-touch: Disabled
 Parallel Workers: 8
 Concurrent Workers: 2
 Concurrent Refinement Workers: 8
 Periodic GC: Disabled

Heap:
 garbage-first heap   total 249856K, used 145185K [0x0000000080000000, 0x0000000100000000)
  region size 1024K, 2 young (2048K), 2 survivors (2048K)
 Metaspace       used 110966K, committed 111680K, reserved 1146880K
  class space    used 14734K, committed 15104K, reserved 1048576K

Heap Regions: E=young(eden), S=young(survivor), O=old, HS=humongous(starts), HC=humongous(continues), CS=collection set, F=free, OA=open archive, CA=closed archive, TAMS=top-at-mark-start (previous, next)
|   0|0x0000000080000000, 0x0000000080100000, 0x0000000080100000|100%|HS|  |TAMS 0x0000000080100000, 0x0000000080000000| Complete 
|   1|0x0000000080100000, 0x0000000080200000, 0x0000000080200000|100%|HC|  |TAMS 0x0000000080200000, 0x0000000080100000| Complete 
|   2|0x0000000080200000, 0x0000000080300000, 0x0000000080300000|100%|HC|  |TAMS 0x0000000080300000, 0x0000000080200000| Complete 
|   3|0x0000000080300000, 0x0000000080400000, 0x0000000080400000|100%|HC|  |TAMS 0x0000000080400000, 0x0000000080300000| Complete 
|   4|0x0000000080400000, 0x0000000080500000, 0x0000000080500000|100%| O|  |TAMS 0x0000000080500000, 0x0000000080400000| Untracked 
|   5|0x0000000080500000, 0x0000000080600000, 0x0000000080600000|100%| O|  |TAMS 0x0000000080600000, 0x0000000080500000| Untracked 
|   6|0x0000000080600000, 0x0000000080700000, 0x0000000080700000|100%| O|  |TAMS 0x0000000080700000, 0x0000000080600000| Untracked 
|   7|0x0000000080700000, 0x0000000080800000, 0x0000000080800000|100%| O|  |TAMS 0x0000000080800000, 0x0000000080700000| Untracked 
|   8|0x0000000080800000, 0x0000000080900000, 0x0000000080900000|100%| O|  |TAMS 0x0000000080900000, 0x0000000080800000| Untracked 
|   9|0x0000000080900000, 0x0000000080a00000, 0x0000000080a00000|100%| O|  |TAMS 0x0000000080a00000, 0x0000000080900000| Untracked 
|  10|0x0000000080a00000, 0x0000000080b00000, 0x0000000080b00000|100%| O|  |TAMS 0x0000000080b00000, 0x0000000080a00000| Untracked 
|  11|0x0000000080b00000, 0x0000000080bdfe00, 0x0000000080c00000| 87%| O|  |TAMS 0x0000000080bdfe00, 0x0000000080b00000| Untracked 
|  12|0x0000000080c00000, 0x0000000080d00000, 0x0000000080d00000|100%| O|  |TAMS 0x0000000080d00000, 0x0000000080c00000| Untracked 
|  13|0x0000000080d00000, 0x0000000080e00000, 0x0000000080e00000|100%| O|  |TAMS 0x0000000080e00000, 0x0000000080d00000| Untracked 
|  14|0x0000000080e00000, 0x0000000080f00000, 0x0000000080f00000|100%| O|  |TAMS 0x0000000080f00000, 0x0000000080e00000| Untracked 
|  15|0x0000000080f00000, 0x0000000081000000, 0x0000000081000000|100%| O|  |TAMS 0x0000000081000000, 0x0000000080f00000| Untracked 
|  16|0x0000000081000000, 0x0000000081100000, 0x0000000081100000|100%| O|  |TAMS 0x0000000081100000, 0x0000000081000000| Untracked 
|  17|0x0000000081100000, 0x0000000081200000, 0x0000000081200000|100%| O|  |TAMS 0x0000000081200000, 0x0000000081100000| Untracked 
|  18|0x0000000081200000, 0x0000000081300000, 0x0000000081300000|100%| O|  |TAMS 0x0000000081300000, 0x0000000081200000| Untracked 
|  19|0x0000000081300000, 0x0000000081400000, 0x0000000081400000|100%| O|  |TAMS 0x0000000081400000, 0x0000000081300000| Untracked 
|  20|0x0000000081400000, 0x0000000081500000, 0x0000000081500000|100%| O|  |TAMS 0x0000000081500000, 0x0000000081400000| Untracked 
|  21|0x0000000081500000, 0x0000000081600000, 0x0000000081600000|100%| O|  |TAMS 0x0000000081600000, 0x0000000081500000| Untracked 
|  22|0x0000000081600000, 0x0000000081700000, 0x0000000081700000|100%| O|  |TAMS 0x0000000081700000, 0x0000000081600000| Untracked 
|  23|0x0000000081700000, 0x0000000081800000, 0x0000000081800000|100%| O|  |TAMS 0x0000000081800000, 0x0000000081700000| Untracked 
|  24|0x0000000081800000, 0x0000000081900000, 0x0000000081900000|100%| O|  |TAMS 0x0000000081900000, 0x0000000081800000| Untracked 
|  25|0x0000000081900000, 0x0000000081a00000, 0x0000000081a00000|100%| O|  |TAMS 0x0000000081a00000, 0x0000000081900000| Untracked 
|  26|0x0000000081a00000, 0x0000000081b00000, 0x0000000081b00000|100%| O|  |TAMS 0x0000000081b00000, 0x0000000081a00000| Untracked 
|  27|0x0000000081b00000, 0x0000000081c00000, 0x0000000081c00000|100%| O|  |TAMS 0x0000000081c00000, 0x0000000081b00000| Untracked 
|  28|0x0000000081c00000, 0x0000000081d00000, 0x0000000081d00000|100%| O|  |TAMS 0x0000000081d00000, 0x0000000081c00000| Untracked 
|  29|0x0000000081d00000, 0x0000000081e00000, 0x0000000081e00000|100%| O|  |TAMS 0x0000000081e00000, 0x0000000081d00000| Untracked 
|  30|0x0000000081e00000, 0x0000000081f00000, 0x0000000081f00000|100%| O|  |TAMS 0x0000000081f00000, 0x0000000081e00000| Untracked 
|  31|0x0000000081f00000, 0x0000000082000000, 0x0000000082000000|100%| O|  |TAMS 0x0000000082000000, 0x0000000081f00000| Untracked 
|  32|0x0000000082000000, 0x0000000082100000, 0x0000000082100000|100%| O|  |TAMS 0x0000000082100000, 0x0000000082000000| Untracked 
|  33|0x0000000082100000, 0x0000000082200000, 0x0000000082200000|100%|HS|  |TAMS 0x0000000082200000, 0x0000000082100000| Complete 
|  34|0x0000000082200000, 0x0000000082300000, 0x0000000082300000|100%|HS|  |TAMS 0x0000000082300000, 0x0000000082200000| Complete 
|  35|0x0000000082300000, 0x0000000082400000, 0x0000000082400000|100%|HS|  |TAMS 0x0000000082400000, 0x0000000082300000| Complete 
|  36|0x0000000082400000, 0x0000000082500000, 0x0000000082500000|100%|HC|  |TAMS 0x0000000082500000, 0x0000000082400000| Complete 
|  37|0x0000000082500000, 0x0000000082600000, 0x0000000082600000|100%| O|  |TAMS 0x0000000082600000, 0x0000000082500000| Untracked 
|  38|0x0000000082600000, 0x0000000082700000, 0x0000000082700000|100%| O|  |TAMS 0x0000000082700000, 0x0000000082600000| Untracked 
|  39|0x0000000082700000, 0x0000000082800000, 0x0000000082800000|100%| O|  |TAMS 0x0000000082800000, 0x0000000082700000| Untracked 
|  40|0x0000000082800000, 0x0000000082800000, 0x0000000082900000|  0%| F|  |TAMS 0x0000000082800000, 0x0000000082800000| Untracked 
|  41|0x0000000082900000, 0x0000000082a00000, 0x0000000082a00000|100%| O|  |TAMS 0x0000000082a00000, 0x0000000082900000| Untracked 
|  42|0x0000000082a00000, 0x0000000082b00000, 0x0000000082b00000|100%|HS|  |TAMS 0x0000000082b00000, 0x0000000082a00000| Complete 
|  43|0x0000000082b00000, 0x0000000082c00000, 0x0000000082c00000|100%| O|  |TAMS 0x0000000082c00000, 0x0000000082b00000| Untracked 
|  44|0x0000000082c00000, 0x0000000082d00000, 0x0000000082d00000|100%| O|  |TAMS 0x0000000082d00000, 0x0000000082c00000| Untracked 
|  45|0x0000000082d00000, 0x0000000082e00000, 0x0000000082e00000|100%|HS|  |TAMS 0x0000000082e00000, 0x0000000082d00000| Complete 
|  46|0x0000000082e00000, 0x0000000082f00000, 0x0000000082f00000|100%|HC|  |TAMS 0x0000000082f00000, 0x0000000082e00000| Complete 
|  47|0x0000000082f00000, 0x0000000083000000, 0x0000000083000000|100%|HC|  |TAMS 0x0000000083000000, 0x0000000082f00000| Complete 
|  48|0x0000000083000000, 0x0000000083100000, 0x0000000083100000|100%|HC|  |TAMS 0x0000000083100000, 0x0000000083000000| Complete 
|  49|0x0000000083100000, 0x0000000083200000, 0x0000000083200000|100%| O|  |TAMS 0x0000000083200000, 0x0000000083100000| Untracked 
|  50|0x0000000083200000, 0x0000000083300000, 0x0000000083300000|100%| O|  |TAMS 0x0000000083300000, 0x0000000083200000| Untracked 
|  51|0x0000000083300000, 0x0000000083400000, 0x0000000083400000|100%| O|  |TAMS 0x0000000083400000, 0x0000000083300000| Untracked 
|  52|0x0000000083400000, 0x0000000083500000, 0x0000000083500000|100%| O|  |TAMS 0x0000000083500000, 0x0000000083400000| Untracked 
|  53|0x0000000083500000, 0x0000000083600000, 0x0000000083600000|100%| O|  |TAMS 0x0000000083600000, 0x0000000083500000| Untracked 
|  54|0x0000000083600000, 0x0000000083700000, 0x0000000083700000|100%| O|  |TAMS 0x0000000083700000, 0x0000000083600000| Untracked 
|  55|0x0000000083700000, 0x0000000083800000, 0x0000000083800000|100%| O|  |TAMS 0x0000000083800000, 0x0000000083700000| Untracked 
|  56|0x0000000083800000, 0x0000000083900000, 0x0000000083900000|100%| O|  |TAMS 0x0000000083900000, 0x0000000083800000| Untracked 
|  57|0x0000000083900000, 0x0000000083a00000, 0x0000000083a00000|100%| O|  |TAMS 0x0000000083a00000, 0x0000000083900000| Untracked 
|  58|0x0000000083a00000, 0x0000000083b00000, 0x0000000083b00000|100%| O|  |TAMS 0x0000000083b00000, 0x0000000083a00000| Untracked 
|  59|0x0000000083b00000, 0x0000000083c00000, 0x0000000083c00000|100%| O|  |TAMS 0x0000000083c00000, 0x0000000083b00000| Untracked 
|  60|0x0000000083c00000, 0x0000000083d00000, 0x0000000083d00000|100%| O|  |TAMS 0x0000000083d00000, 0x0000000083c00000| Untracked 
|  61|0x0000000083d00000, 0x0000000083e00000, 0x0000000083e00000|100%| O|  |TAMS 0x0000000083e00000, 0x0000000083d00000| Untracked 
|  62|0x0000000083e00000, 0x0000000083f00000, 0x0000000083f00000|100%| O|  |TAMS 0x0000000083f00000, 0x0000000083e00000| Untracked 
|  63|0x0000000083f00000, 0x0000000083f00000, 0x0000000084000000|  0%| F|  |TAMS 0x0000000083f00000, 0x0000000083f00000| Untracked 
|  64|0x0000000084000000, 0x0000000084100000, 0x0000000084100000|100%| O|  |TAMS 0x0000000084100000, 0x0000000084000000| Untracked 
|  65|0x0000000084100000, 0x0000000084200000, 0x0000000084200000|100%| O|  |TAMS 0x0000000084200000, 0x0000000084100000| Untracked 
|  66|0x0000000084200000, 0x0000000084300000, 0x0000000084300000|100%| O|  |TAMS 0x0000000084300000, 0x0000000084200000| Untracked 
|  67|0x0000000084300000, 0x0000000084400000, 0x0000000084400000|100%| O|  |TAMS 0x0000000084400000, 0x0000000084300000| Untracked 
|  68|0x0000000084400000, 0x0000000084400000, 0x0000000084500000|  0%| F|  |TAMS 0x0000000084400000, 0x0000000084400000| Untracked 
|  69|0x0000000084500000, 0x0000000084600000, 0x0000000084600000|100%| O|  |TAMS 0x0000000084600000, 0x0000000084500000| Untracked 
|  70|0x0000000084600000, 0x0000000084700000, 0x0000000084700000|100%| O|  |TAMS 0x0000000084700000, 0x0000000084600000| Untracked 
|  71|0x0000000084700000, 0x0000000084800000, 0x0000000084800000|100%| O|  |TAMS 0x0000000084800000, 0x0000000084700000| Untracked 
|  72|0x0000000084800000, 0x0000000084900000, 0x0000000084900000|100%| O|  |TAMS 0x0000000084900000, 0x0000000084800000| Untracked 
|  73|0x0000000084900000, 0x0000000084a00000, 0x0000000084a00000|100%| O|  |TAMS 0x0000000084a00000, 0x0000000084900000| Untracked 
|  74|0x0000000084a00000, 0x0000000084b00000, 0x0000000084b00000|100%| O|  |TAMS 0x0000000084b00000, 0x0000000084a00000| Untracked 
|  75|0x0000000084b00000, 0x0000000084c00000, 0x0000000084c00000|100%| O|  |TAMS 0x0000000084c00000, 0x0000000084b00000| Untracked 
|  76|0x0000000084c00000, 0x0000000084d00000, 0x0000000084d00000|100%| O|  |TAMS 0x0000000084d00000, 0x0000000084c00000| Untracked 
|  77|0x0000000084d00000, 0x0000000084e00000, 0x0000000084e00000|100%| O|  |TAMS 0x0000000084e00000, 0x0000000084d00000| Untracked 
|  78|0x0000000084e00000, 0x0000000084f00000, 0x0000000084f00000|100%| O|  |TAMS 0x0000000084f00000, 0x0000000084e00000| Untracked 
|  79|0x0000000084f00000, 0x0000000085000000, 0x0000000085000000|100%| O|  |TAMS 0x0000000085000000, 0x0000000084f00000| Untracked 
|  80|0x0000000085000000, 0x0000000085100000, 0x0000000085100000|100%| O|  |TAMS 0x0000000085100000, 0x0000000085000000| Untracked 
|  81|0x0000000085100000, 0x0000000085100000, 0x0000000085200000|  0%| F|  |TAMS 0x0000000085100000, 0x0000000085100000| Untracked 
|  82|0x0000000085200000, 0x0000000085300000, 0x0000000085300000|100%| O|  |TAMS 0x0000000085300000, 0x0000000085200000| Untracked 
|  83|0x0000000085300000, 0x0000000085400000, 0x0000000085400000|100%| O|  |TAMS 0x0000000085400000, 0x0000000085300000| Untracked 
|  84|0x0000000085400000, 0x0000000085500000, 0x0000000085500000|100%| O|  |TAMS 0x0000000085500000, 0x0000000085400000| Untracked 
|  85|0x0000000085500000, 0x0000000085600000, 0x0000000085600000|100%| O|  |TAMS 0x0000000085600000, 0x0000000085500000| Untracked 
|  86|0x0000000085600000, 0x0000000085700000, 0x0000000085700000|100%| O|  |TAMS 0x0000000085700000, 0x0000000085600000| Untracked 
|  87|0x0000000085700000, 0x0000000085800000, 0x0000000085800000|100%| O|  |TAMS 0x0000000085800000, 0x0000000085700000| Untracked 
|  88|0x0000000085800000, 0x0000000085900000, 0x0000000085900000|100%| O|  |TAMS 0x0000000085900000, 0x0000000085800000| Untracked 
|  89|0x0000000085900000, 0x0000000085a00000, 0x0000000085a00000|100%| O|  |TAMS 0x0000000085a00000, 0x0000000085900000| Untracked 
|  90|0x0000000085a00000, 0x0000000085b00000, 0x0000000085b00000|100%| O|  |TAMS 0x0000000085b00000, 0x0000000085a00000| Untracked 
|  91|0x0000000085b00000, 0x0000000085c00000, 0x0000000085c00000|100%| O|  |TAMS 0x0000000085c00000, 0x0000000085b00000| Untracked 
|  92|0x0000000085c00000, 0x0000000085d00000, 0x0000000085d00000|100%| O|  |TAMS 0x0000000085d00000, 0x0000000085c00000| Untracked 
|  93|0x0000000085d00000, 0x0000000085e00000, 0x0000000085e00000|100%| O|  |TAMS 0x0000000085e00000, 0x0000000085d00000| Untracked 
|  94|0x0000000085e00000, 0x0000000085f00000, 0x0000000085f00000|100%| O|  |TAMS 0x0000000085f00000, 0x0000000085e00000| Untracked 
|  95|0x0000000085f00000, 0x0000000086000000, 0x0000000086000000|100%| O|  |TAMS 0x0000000086000000, 0x0000000085f00000| Untracked 
|  96|0x0000000086000000, 0x0000000086100000, 0x0000000086100000|100%| O|  |TAMS 0x0000000086100000, 0x0000000086000000| Untracked 
|  97|0x0000000086100000, 0x0000000086200000, 0x0000000086200000|100%| O|  |TAMS 0x0000000086200000, 0x0000000086100000| Untracked 
|  98|0x0000000086200000, 0x0000000086300000, 0x0000000086300000|100%| O|  |TAMS 0x0000000086300000, 0x0000000086200000| Untracked 
|  99|0x0000000086300000, 0x0000000086400000, 0x0000000086400000|100%| O|  |TAMS 0x0000000086400000, 0x0000000086300000| Untracked 
| 100|0x0000000086400000, 0x0000000086500000, 0x0000000086500000|100%| O|  |TAMS 0x0000000086500000, 0x0000000086400000| Untracked 
| 101|0x0000000086500000, 0x0000000086600000, 0x0000000086600000|100%| O|  |TAMS 0x0000000086600000, 0x0000000086500000| Untracked 
| 102|0x0000000086600000, 0x0000000086700000, 0x0000000086700000|100%| O|  |TAMS 0x0000000086700000, 0x0000000086600000| Untracked 
| 103|0x0000000086700000, 0x0000000086800000, 0x0000000086800000|100%| O|  |TAMS 0x0000000086800000, 0x0000000086700000| Untracked 
| 104|0x0000000086800000, 0x0000000086900000, 0x0000000086900000|100%| O|  |TAMS 0x0000000086900000, 0x0000000086800000| Untracked 
| 105|0x0000000086900000, 0x0000000086a00000, 0x0000000086a00000|100%| O|  |TAMS 0x0000000086900000, 0x0000000086900000| Untracked 
| 106|0x0000000086a00000, 0x0000000086b00000, 0x0000000086b00000|100%| O|  |TAMS 0x0000000086a00000, 0x0000000086a00000| Untracked 
| 107|0x0000000086b00000, 0x0000000086c00000, 0x0000000086c00000|100%| O|  |TAMS 0x0000000086b00000, 0x0000000086b00000| Untracked 
| 108|0x0000000086c00000, 0x0000000086d00000, 0x0000000086d00000|100%| O|  |TAMS 0x0000000086c00000, 0x0000000086c00000| Untracked 
| 109|0x0000000086d00000, 0x0000000086e00000, 0x0000000086e00000|100%| O|  |TAMS 0x0000000086d00000, 0x0000000086d00000| Untracked 
| 110|0x0000000086e00000, 0x0000000086f00000, 0x0000000086f00000|100%| O|  |TAMS 0x0000000086e00000, 0x0000000086e00000| Untracked 
| 111|0x0000000086f00000, 0x0000000087000000, 0x0000000087000000|100%| O|  |TAMS 0x0000000086f00000, 0x0000000086f00000| Untracked 
| 112|0x0000000087000000, 0x0000000087100000, 0x0000000087100000|100%|HS|  |TAMS 0x0000000087100000, 0x0000000087000000| Complete 
| 113|0x0000000087100000, 0x0000000087200000, 0x0000000087200000|100%|HC|  |TAMS 0x0000000087200000, 0x0000000087100000| Complete 
| 114|0x0000000087200000, 0x0000000087300000, 0x0000000087300000|100%| O|  |TAMS 0x0000000087300000, 0x0000000087200000| Untracked 
| 115|0x0000000087300000, 0x0000000087400000, 0x0000000087400000|100%| O|  |TAMS 0x0000000087400000, 0x0000000087300000| Untracked 
| 116|0x0000000087400000, 0x0000000087500000, 0x0000000087500000|100%| O|  |TAMS 0x0000000087500000, 0x0000000087400000| Untracked 
| 117|0x0000000087500000, 0x0000000087600000, 0x0000000087600000|100%| O|  |TAMS 0x0000000087600000, 0x0000000087500000| Untracked 
| 118|0x0000000087600000, 0x0000000087700000, 0x0000000087700000|100%| O|  |TAMS 0x0000000087700000, 0x0000000087600000| Untracked 
| 119|0x0000000087700000, 0x0000000087800000, 0x0000000087800000|100%| O|  |TAMS 0x0000000087800000, 0x0000000087700000| Untracked 
| 120|0x0000000087800000, 0x0000000087900000, 0x0000000087900000|100%| O|  |TAMS 0x0000000087900000, 0x0000000087800000| Untracked 
| 121|0x0000000087900000, 0x0000000087a00000, 0x0000000087a00000|100%| O|  |TAMS 0x0000000087a00000, 0x0000000087900000| Untracked 
| 122|0x0000000087a00000, 0x0000000087b00000, 0x0000000087b00000|100%| O|  |TAMS 0x0000000087b00000, 0x0000000087a00000| Untracked 
| 123|0x0000000087b00000, 0x0000000087c00000, 0x0000000087c00000|100%| O|  |TAMS 0x0000000087c00000, 0x0000000087b00000| Untracked 
| 124|0x0000000087c00000, 0x0000000087d00000, 0x0000000087d00000|100%| O|  |TAMS 0x0000000087d00000, 0x0000000087c00000| Untracked 
| 125|0x0000000087d00000, 0x0000000087e00000, 0x0000000087e00000|100%| O|  |TAMS 0x0000000087e00000, 0x0000000087d00000| Untracked 
| 126|0x0000000087e00000, 0x0000000087f00000, 0x0000000087f00000|100%| O|  |TAMS 0x0000000087f00000, 0x0000000087e00000| Untracked 
| 127|0x0000000087f00000, 0x0000000088000000, 0x0000000088000000|100%| O|  |TAMS 0x0000000088000000, 0x0000000087f00000| Untracked 
| 128|0x0000000088000000, 0x0000000088100000, 0x0000000088100000|100%| O|  |TAMS 0x0000000088100000, 0x0000000088000000| Untracked 
| 129|0x0000000088100000, 0x0000000088200000, 0x0000000088200000|100%| O|  |TAMS 0x0000000088200000, 0x0000000088100000| Untracked 
| 130|0x0000000088200000, 0x0000000088300000, 0x0000000088300000|100%| O|  |TAMS 0x0000000088300000, 0x0000000088200000| Untracked 
| 131|0x0000000088300000, 0x0000000088400000, 0x0000000088400000|100%| O|  |TAMS 0x0000000088400000, 0x0000000088300000| Untracked 
| 132|0x0000000088400000, 0x0000000088500000, 0x0000000088500000|100%| O|  |TAMS 0x0000000088500000, 0x0000000088400000| Untracked 
| 133|0x0000000088500000, 0x0000000088600000, 0x0000000088600000|100%| O|  |TAMS 0x0000000088600000, 0x0000000088500000| Untracked 
| 134|0x0000000088600000, 0x0000000088700000, 0x0000000088700000|100%| O|  |TAMS 0x00000000886a6a00, 0x0000000088600000| Untracked 
| 135|0x0000000088700000, 0x0000000088800000, 0x0000000088800000|100%| O|  |TAMS 0x0000000088700000, 0x0000000088700000| Untracked 
| 136|0x0000000088800000, 0x00000000888e8800, 0x0000000088900000| 90%| O|  |TAMS 0x0000000088800000, 0x0000000088800000| Untracked 
| 137|0x0000000088900000, 0x0000000088900000, 0x0000000088a00000|  0%| F|  |TAMS 0x0000000088900000, 0x0000000088900000| Untracked 
| 138|0x0000000088a00000, 0x0000000088a00000, 0x0000000088b00000|  0%| F|  |TAMS 0x0000000088a00000, 0x0000000088a00000| Untracked 
| 139|0x0000000088b00000, 0x0000000088b00000, 0x0000000088c00000|  0%| F|  |TAMS 0x0000000088b00000, 0x0000000088b00000| Untracked 
| 140|0x0000000088c00000, 0x0000000088d00000, 0x0000000088d00000|100%| O|  |TAMS 0x0000000088c00000, 0x0000000088c00000| Untracked 
| 141|0x0000000088d00000, 0x0000000088e00000, 0x0000000088e00000|100%| O|  |TAMS 0x0000000088d00000, 0x0000000088d00000| Untracked 
| 142|0x0000000088e00000, 0x0000000088f00000, 0x0000000088f00000|100%| O|  |TAMS 0x0000000088e00000, 0x0000000088e00000| Untracked 
| 143|0x0000000088f00000, 0x0000000089000000, 0x0000000089000000|100%| O|  |TAMS 0x0000000088f00000, 0x0000000088f00000| Untracked 
| 144|0x0000000089000000, 0x0000000089100000, 0x0000000089100000|100%| O|  |TAMS 0x0000000089000000, 0x0000000089000000| Untracked 
| 145|0x0000000089100000, 0x0000000089100000, 0x0000000089200000|  0%| F|  |TAMS 0x0000000089100000, 0x0000000089100000| Untracked 
| 146|0x0000000089200000, 0x0000000089200000, 0x0000000089300000|  0%| F|  |TAMS 0x0000000089200000, 0x0000000089200000| Untracked 
| 147|0x0000000089300000, 0x0000000089300000, 0x0000000089400000|  0%| F|  |TAMS 0x0000000089300000, 0x0000000089300000| Untracked 
| 148|0x0000000089400000, 0x0000000089400000, 0x0000000089500000|  0%| F|  |TAMS 0x0000000089400000, 0x0000000089400000| Untracked 
| 149|0x0000000089500000, 0x0000000089600000, 0x0000000089600000|100%| O|  |TAMS 0x0000000089500000, 0x0000000089500000| Untracked 
| 150|0x0000000089600000, 0x0000000089700000, 0x0000000089700000|100%| O|  |TAMS 0x0000000089600000, 0x0000000089600000| Untracked 
| 151|0x0000000089700000, 0x0000000089700000, 0x0000000089800000|  0%| F|  |TAMS 0x0000000089700000, 0x0000000089700000| Untracked 
| 152|0x0000000089800000, 0x0000000089800000, 0x0000000089900000|  0%| F|  |TAMS 0x0000000089800000, 0x0000000089800000| Untracked 
| 153|0x0000000089900000, 0x0000000089900000, 0x0000000089a00000|  0%| F|  |TAMS 0x0000000089900000, 0x0000000089900000| Untracked 
| 154|0x0000000089a00000, 0x0000000089a00000, 0x0000000089b00000|  0%| F|  |TAMS 0x0000000089a00000, 0x0000000089a00000| Untracked 
| 155|0x0000000089b00000, 0x0000000089b00000, 0x0000000089c00000|  0%| F|  |TAMS 0x0000000089b00000, 0x0000000089b00000| Untracked 
| 156|0x0000000089c00000, 0x0000000089c00000, 0x0000000089d00000|  0%| F|  |TAMS 0x0000000089c00000, 0x0000000089c00000| Untracked 
| 157|0x0000000089d00000, 0x0000000089d00000, 0x0000000089e00000|  0%| F|  |TAMS 0x0000000089d00000, 0x0000000089d00000| Untracked 
| 158|0x0000000089e00000, 0x0000000089e00000, 0x0000000089f00000|  0%| F|  |TAMS 0x0000000089e00000, 0x0000000089e00000| Untracked 
| 159|0x0000000089f00000, 0x0000000089f00000, 0x000000008a000000|  0%| F|  |TAMS 0x0000000089f00000, 0x0000000089f00000| Untracked 
| 160|0x000000008a000000, 0x000000008a000000, 0x000000008a100000|  0%| F|  |TAMS 0x000000008a000000, 0x000000008a000000| Untracked 
| 161|0x000000008a100000, 0x000000008a100000, 0x000000008a200000|  0%| F|  |TAMS 0x000000008a100000, 0x000000008a100000| Untracked 
| 162|0x000000008a200000, 0x000000008a200000, 0x000000008a300000|  0%| F|  |TAMS 0x000000008a200000, 0x000000008a200000| Untracked 
| 163|0x000000008a300000, 0x000000008a300000, 0x000000008a400000|  0%| F|  |TAMS 0x000000008a300000, 0x000000008a300000| Untracked 
| 164|0x000000008a400000, 0x000000008a400000, 0x000000008a500000|  0%| F|  |TAMS 0x000000008a400000, 0x000000008a400000| Untracked 
| 165|0x000000008a500000, 0x000000008a500000, 0x000000008a600000|  0%| F|  |TAMS 0x000000008a500000, 0x000000008a500000| Untracked 
| 166|0x000000008a600000, 0x000000008a600000, 0x000000008a700000|  0%| F|  |TAMS 0x000000008a600000, 0x000000008a600000| Untracked 
| 167|0x000000008a700000, 0x000000008a700000, 0x000000008a800000|  0%| F|  |TAMS 0x000000008a700000, 0x000000008a700000| Untracked 
| 168|0x000000008a800000, 0x000000008a800000, 0x000000008a900000|  0%| F|  |TAMS 0x000000008a800000, 0x000000008a800000| Untracked 
| 169|0x000000008a900000, 0x000000008a900000, 0x000000008aa00000|  0%| F|  |TAMS 0x000000008a900000, 0x000000008a900000| Untracked 
| 170|0x000000008aa00000, 0x000000008aa00000, 0x000000008ab00000|  0%| F|  |TAMS 0x000000008aa00000, 0x000000008aa00000| Untracked 
| 171|0x000000008ab00000, 0x000000008ab00000, 0x000000008ac00000|  0%| F|  |TAMS 0x000000008ab00000, 0x000000008ab00000| Untracked 
| 172|0x000000008ac00000, 0x000000008ac00000, 0x000000008ad00000|  0%| F|  |TAMS 0x000000008ac00000, 0x000000008ac00000| Untracked 
| 173|0x000000008ad00000, 0x000000008ad00000, 0x000000008ae00000|  0%| F|  |TAMS 0x000000008ad00000, 0x000000008ad00000| Untracked 
| 174|0x000000008ae00000, 0x000000008ae00000, 0x000000008af00000|  0%| F|  |TAMS 0x000000008ae00000, 0x000000008ae00000| Untracked 
| 175|0x000000008af00000, 0x000000008af00000, 0x000000008b000000|  0%| F|  |TAMS 0x000000008af00000, 0x000000008af00000| Untracked 
| 176|0x000000008b000000, 0x000000008b000000, 0x000000008b100000|  0%| F|  |TAMS 0x000000008b000000, 0x000000008b000000| Untracked 
| 177|0x000000008b100000, 0x000000008b100000, 0x000000008b200000|  0%| F|  |TAMS 0x000000008b100000, 0x000000008b100000| Untracked 
| 178|0x000000008b200000, 0x000000008b200000, 0x000000008b300000|  0%| F|  |TAMS 0x000000008b200000, 0x000000008b200000| Untracked 
| 179|0x000000008b300000, 0x000000008b300000, 0x000000008b400000|  0%| F|  |TAMS 0x000000008b300000, 0x000000008b300000| Untracked 
| 180|0x000000008b400000, 0x000000008b400000, 0x000000008b500000|  0%| F|  |TAMS 0x000000008b400000, 0x000000008b400000| Untracked 
| 181|0x000000008b500000, 0x000000008b500000, 0x000000008b600000|  0%| F|  |TAMS 0x000000008b500000, 0x000000008b500000| Untracked 
| 182|0x000000008b600000, 0x000000008b600000, 0x000000008b700000|  0%| F|  |TAMS 0x000000008b600000, 0x000000008b600000| Untracked 
| 183|0x000000008b700000, 0x000000008b700000, 0x000000008b800000|  0%| F|  |TAMS 0x000000008b700000, 0x000000008b700000| Untracked 
| 184|0x000000008b800000, 0x000000008b800000, 0x000000008b900000|  0%| F|  |TAMS 0x000000008b800000, 0x000000008b800000| Untracked 
| 185|0x000000008b900000, 0x000000008b900000, 0x000000008ba00000|  0%| F|  |TAMS 0x000000008b900000, 0x000000008b900000| Untracked 
| 186|0x000000008ba00000, 0x000000008ba00000, 0x000000008bb00000|  0%| F|  |TAMS 0x000000008ba00000, 0x000000008ba00000| Untracked 
| 187|0x000000008bb00000, 0x000000008bb00000, 0x000000008bc00000|  0%| F|  |TAMS 0x000000008bb00000, 0x000000008bb00000| Untracked 
| 188|0x000000008bc00000, 0x000000008bc00000, 0x000000008bd00000|  0%| F|  |TAMS 0x000000008bc00000, 0x000000008bc00000| Untracked 
| 189|0x000000008bd00000, 0x000000008bd00000, 0x000000008be00000|  0%| F|  |TAMS 0x000000008bd00000, 0x000000008bd00000| Untracked 
| 190|0x000000008be00000, 0x000000008be00000, 0x000000008bf00000|  0%| F|  |TAMS 0x000000008be00000, 0x000000008be00000| Untracked 
| 191|0x000000008bf00000, 0x000000008bf00000, 0x000000008c000000|  0%| F|  |TAMS 0x000000008bf00000, 0x000000008bf00000| Untracked 
| 192|0x000000008c000000, 0x000000008c000000, 0x000000008c100000|  0%| F|  |TAMS 0x000000008c000000, 0x000000008c000000| Untracked 
| 193|0x000000008c100000, 0x000000008c100000, 0x000000008c200000|  0%| F|  |TAMS 0x000000008c100000, 0x000000008c100000| Untracked 
| 194|0x000000008c200000, 0x000000008c200000, 0x000000008c300000|  0%| F|  |TAMS 0x000000008c200000, 0x000000008c200000| Untracked 
| 195|0x000000008c300000, 0x000000008c300000, 0x000000008c400000|  0%| F|  |TAMS 0x000000008c300000, 0x000000008c300000| Untracked 
| 196|0x000000008c400000, 0x000000008c400000, 0x000000008c500000|  0%| F|  |TAMS 0x000000008c400000, 0x000000008c400000| Untracked 
| 197|0x000000008c500000, 0x000000008c500000, 0x000000008c600000|  0%| F|  |TAMS 0x000000008c500000, 0x000000008c500000| Untracked 
| 198|0x000000008c600000, 0x000000008c600000, 0x000000008c700000|  0%| F|  |TAMS 0x000000008c600000, 0x000000008c600000| Untracked 
| 199|0x000000008c700000, 0x000000008c700000, 0x000000008c800000|  0%| F|  |TAMS 0x000000008c700000, 0x000000008c700000| Untracked 
| 200|0x000000008c800000, 0x000000008c800000, 0x000000008c900000|  0%| F|  |TAMS 0x000000008c800000, 0x000000008c800000| Untracked 
| 201|0x000000008c900000, 0x000000008c900000, 0x000000008ca00000|  0%| F|  |TAMS 0x000000008c900000, 0x000000008c900000| Untracked 
| 202|0x000000008ca00000, 0x000000008ca00000, 0x000000008cb00000|  0%| F|  |TAMS 0x000000008ca00000, 0x000000008ca00000| Untracked 
| 203|0x000000008cb00000, 0x000000008cb00000, 0x000000008cc00000|  0%| F|  |TAMS 0x000000008cb00000, 0x000000008cb00000| Untracked 
| 204|0x000000008cc00000, 0x000000008cc00000, 0x000000008cd00000|  0%| F|  |TAMS 0x000000008cc00000, 0x000000008cc00000| Untracked 
| 205|0x000000008cd00000, 0x000000008cd00000, 0x000000008ce00000|  0%| F|  |TAMS 0x000000008cd00000, 0x000000008cd00000| Untracked 
| 206|0x000000008ce00000, 0x000000008ce00000, 0x000000008cf00000|  0%| F|  |TAMS 0x000000008ce00000, 0x000000008ce00000| Untracked 
| 207|0x000000008cf00000, 0x000000008cf00000, 0x000000008d000000|  0%| F|  |TAMS 0x000000008cf00000, 0x000000008cf00000| Untracked 
| 208|0x000000008d000000, 0x000000008d000000, 0x000000008d100000|  0%| F|  |TAMS 0x000000008d000000, 0x000000008d000000| Untracked 
| 209|0x000000008d100000, 0x000000008d100000, 0x000000008d200000|  0%| F|  |TAMS 0x000000008d100000, 0x000000008d100000| Untracked 
| 210|0x000000008d200000, 0x000000008d200000, 0x000000008d300000|  0%| F|  |TAMS 0x000000008d200000, 0x000000008d200000| Untracked 
| 211|0x000000008d300000, 0x000000008d300000, 0x000000008d400000|  0%| F|  |TAMS 0x000000008d300000, 0x000000008d300000| Untracked 
| 212|0x000000008d400000, 0x000000008d400000, 0x000000008d500000|  0%| F|  |TAMS 0x000000008d400000, 0x000000008d400000| Untracked 
| 213|0x000000008d500000, 0x000000008d500000, 0x000000008d600000|  0%| F|  |TAMS 0x000000008d500000, 0x000000008d500000| Untracked 
| 214|0x000000008d600000, 0x000000008d600000, 0x000000008d700000|  0%| F|  |TAMS 0x000000008d600000, 0x000000008d600000| Untracked 
| 215|0x000000008d700000, 0x000000008d700000, 0x000000008d800000|  0%| F|  |TAMS 0x000000008d700000, 0x000000008d700000| Untracked 
| 216|0x000000008d800000, 0x000000008d800000, 0x000000008d900000|  0%| F|  |TAMS 0x000000008d800000, 0x000000008d800000| Untracked 
| 217|0x000000008d900000, 0x000000008d900000, 0x000000008da00000|  0%| F|  |TAMS 0x000000008d900000, 0x000000008d900000| Untracked 
| 218|0x000000008da00000, 0x000000008da00000, 0x000000008db00000|  0%| F|  |TAMS 0x000000008da00000, 0x000000008da00000| Untracked 
| 219|0x000000008db00000, 0x000000008db00000, 0x000000008dc00000|  0%| F|  |TAMS 0x000000008db00000, 0x000000008db00000| Untracked 
| 220|0x000000008dc00000, 0x000000008dc00000, 0x000000008dd00000|  0%| F|  |TAMS 0x000000008dc00000, 0x000000008dc00000| Untracked 
| 221|0x000000008dd00000, 0x000000008dd00000, 0x000000008de00000|  0%| F|  |TAMS 0x000000008dd00000, 0x000000008dd00000| Untracked 
| 222|0x000000008de00000, 0x000000008de00000, 0x000000008df00000|  0%| F|  |TAMS 0x000000008de00000, 0x000000008de00000| Untracked 
| 223|0x000000008df00000, 0x000000008df00000, 0x000000008e000000|  0%| F|  |TAMS 0x000000008df00000, 0x000000008df00000| Untracked 
| 224|0x000000008e000000, 0x000000008e000000, 0x000000008e100000|  0%| F|  |TAMS 0x000000008e000000, 0x000000008e000000| Untracked 
| 225|0x000000008e100000, 0x000000008e100000, 0x000000008e200000|  0%| F|  |TAMS 0x000000008e100000, 0x000000008e100000| Untracked 
| 226|0x000000008e200000, 0x000000008e200000, 0x000000008e300000|  0%| F|  |TAMS 0x000000008e200000, 0x000000008e200000| Untracked 
| 227|0x000000008e300000, 0x000000008e300000, 0x000000008e400000|  0%| F|  |TAMS 0x000000008e300000, 0x000000008e300000| Untracked 
| 228|0x000000008e400000, 0x000000008e400000, 0x000000008e500000|  0%| F|  |TAMS 0x000000008e400000, 0x000000008e400000| Untracked 
| 229|0x000000008e500000, 0x000000008e500000, 0x000000008e600000|  0%| F|  |TAMS 0x000000008e500000, 0x000000008e500000| Untracked 
| 230|0x000000008e600000, 0x000000008e600000, 0x000000008e700000|  0%| F|  |TAMS 0x000000008e600000, 0x000000008e600000| Untracked 
| 231|0x000000008e700000, 0x000000008e700000, 0x000000008e800000|  0%| F|  |TAMS 0x000000008e700000, 0x000000008e700000| Untracked 
| 232|0x000000008e800000, 0x000000008e800000, 0x000000008e900000|  0%| F|  |TAMS 0x000000008e800000, 0x000000008e800000| Untracked 
| 233|0x000000008e900000, 0x000000008ea00000, 0x000000008ea00000|100%| S|CS|TAMS 0x000000008e900000, 0x000000008e900000| Complete 
| 234|0x000000008ea00000, 0x000000008eb00000, 0x000000008eb00000|100%| S|CS|TAMS 0x000000008ea00000, 0x000000008ea00000| Complete 
| 235|0x000000008eb00000, 0x000000008eb00000, 0x000000008ec00000|  0%| F|  |TAMS 0x000000008eb00000, 0x000000008eb00000| Untracked 
| 236|0x000000008ec00000, 0x000000008ec00000, 0x000000008ed00000|  0%| F|  |TAMS 0x000000008ec00000, 0x000000008ec00000| Untracked 
| 237|0x000000008ed00000, 0x000000008ed00000, 0x000000008ee00000|  0%| F|  |TAMS 0x000000008ed00000, 0x000000008ed00000| Untracked 
| 238|0x000000008ee00000, 0x000000008ee00000, 0x000000008ef00000|  0%| F|  |TAMS 0x000000008ee00000, 0x000000008ee00000| Untracked 
| 239|0x000000008ef00000, 0x000000008ef00000, 0x000000008f000000|  0%| F|  |TAMS 0x000000008ef00000, 0x000000008ef00000| Untracked 
| 240|0x000000008f000000, 0x000000008f000000, 0x000000008f100000|  0%| F|  |TAMS 0x000000008f000000, 0x000000008f000000| Untracked 
| 241|0x000000008f100000, 0x000000008f100000, 0x000000008f200000|  0%| F|  |TAMS 0x000000008f100000, 0x000000008f100000| Untracked 
| 242|0x000000008f200000, 0x000000008f200000, 0x000000008f300000|  0%| F|  |TAMS 0x000000008f200000, 0x000000008f200000| Untracked 
| 243|0x000000008f300000, 0x000000008f300000, 0x000000008f400000|  0%| F|  |TAMS 0x000000008f300000, 0x000000008f300000| Untracked 

Card table byte_map: [0x000001bbfad80000,0x000001bbfb180000] _byte_map_base: 0x000001bbfa980000

Marking Bits (Prev, Next): (CMBitMap*) 0x000001bbe81eb560, (CMBitMap*) 0x000001bbe81eb5a0
 Prev Bits: [0x000001bbfb580000, 0x000001bbfd580000)
 Next Bits: [0x000001bbfd580000, 0x000001bbff580000)

Polling page: 0x000001bbe60e0000

Metaspace:

Usage:
  Non-class:     93.98 MB used.
      Class:     14.39 MB used.
       Both:    108.37 MB used.

Virtual space:
  Non-class space:       96.00 MB reserved,      94.31 MB ( 98%) committed,  12 nodes.
      Class space:        1.00 GB reserved,      14.75 MB (  1%) committed,  1 nodes.
             Both:        1.09 GB reserved,     109.06 MB ( 10%) committed. 

Chunk freelists:
   Non-Class:  1.25 MB
       Class:  1.08 MB
        Both:  2.33 MB

MaxMetaspaceSize: unlimited
CompressedClassSpaceSize: 1.00 GB
Initial GC threshold: 21.00 MB
Current GC threshold: 177.75 MB
CDS: off
MetaspaceReclaimPolicy: balanced
 - commit_granule_bytes: 65536.
 - commit_granule_words: 8192.
 - virtual_space_node_default_size: 1048576.
 - enlarge_chunks_in_place: 1.
 - new_chunks_are_fully_committed: 0.
 - uncommit_free_chunks: 1.
 - use_allocation_guard: 0.
 - handle_deallocations: 1.


Internal statistics:

num_allocs_failed_limit: 6.
num_arena_births: 1164.
num_arena_deaths: 14.
num_vsnodes_births: 13.
num_vsnodes_deaths: 0.
num_space_committed: 1743.
num_space_uncommitted: 0.
num_chunks_returned_to_freelist: 25.
num_chunks_taken_from_freelist: 5313.
num_chunk_merges: 11.
num_chunk_splits: 3542.
num_chunks_enlarged: 2406.
num_purges: 2.
num_inconsistent_stats: 0.

CodeHeap 'non-profiled nmethods': size=120000Kb used=7278Kb max_used=7278Kb free=112721Kb
 bounds [0x000001bbf3120000, 0x000001bbf3840000, 0x000001bbfa650000]
CodeHeap 'profiled nmethods': size=120000Kb used=24409Kb max_used=24409Kb free=95590Kb
 bounds [0x000001bbeb650000, 0x000001bbece30000, 0x000001bbf2b80000]
CodeHeap 'non-nmethods': size=5760Kb used=2404Kb max_used=2450Kb free=3355Kb
 bounds [0x000001bbf2b80000, 0x000001bbf2df0000, 0x000001bbf3120000]
 total_blobs=13254 nmethods=12311 adapters=852
 compilation: enabled
              stopped_count=0, restarted_count=0
 full_count=0

Compilation events (20 events):
Event: 21.625 Thread 0x000001bb82833880 13867       2       com.android.ide.common.resources.NodeUtils::duplicateAndAdoptNode (13 bytes)
Event: 21.626 Thread 0x000001bb82833880 nmethod 13867 0x000001bbece1e210 code [0x000001bbece1e3c0, 0x000001bbece1e4f8]
Event: 21.626 Thread 0x000001bb82833880 13871       2       com.android.ide.common.resources.NodeUtils::addAttribute (71 bytes)
Event: 21.626 Thread 0x000001bb82833880 nmethod 13871 0x000001bbece1e610 code [0x000001bbece1e800, 0x000001bbece1ea68]
Event: 21.626 Thread 0x000001bb82833880 13872       2       com.google.common.base.Joiner::join (11 bytes)
Event: 21.627 Thread 0x000001bb82833880 nmethod 13872 0x000001bbece1ec10 code [0x000001bbece1ede0, 0x000001bbece1f0a8]
Event: 21.627 Thread 0x000001bb82833880 13873       2       com.google.common.base.Joiner::join (16 bytes)
Event: 21.627 Thread 0x000001bb82833880 nmethod 13873 0x000001bbece1f290 code [0x000001bbece1f480, 0x000001bbece1f7a8]
Event: 21.629 Thread 0x000001bb83ddc9c0 nmethod 13580 0x000001bbf382c090 code [0x000001bbf382c860, 0x000001bbf3834048]
Event: 21.630 Thread 0x000001bb83ddc9c0 13869       4       com.android.ide.common.resources.NodeUtils::updateNamespace (167 bytes)
Event: 21.636 Thread 0x000001bb82833880 13877       2       com.android.ide.common.resources.DataFile::getItems (10 bytes)
Event: 21.636 Thread 0x000001bb82833880 nmethod 13877 0x000001bbece1f990 code [0x000001bbece1fb20, 0x000001bbece1fc48]
Event: 21.638 Thread 0x000001bb82833880 13878 %     3       com.android.ide.common.resources.NodeUtils::duplicateNode @ 54 (315 bytes)
Event: 21.640 Thread 0x000001bb82833880 nmethod 13878% 0x000001bbece1fd10 code [0x000001bbece20100, 0x000001bbece22028]
Event: 21.640 Thread 0x000001bb82833880 13880       3       com.android.ide.common.resources.NodeUtils::duplicateNode (315 bytes)
Event: 21.641 Thread 0x000001bb82833880 nmethod 13880 0x000001bbece22810 code [0x000001bbece22c00, 0x000001bbece249a8]
Event: 21.643 Thread 0x000001bb83ddc9c0 nmethod 13869 0x000001bbf3839510 code [0x000001bbf38397a0, 0x000001bbf383ab50]
Event: 21.643 Thread 0x000001bb83ddc9c0 13868       4       org.apache.xerces.dom.NamedNodeMapImpl::findNamePoint (105 bytes)
Event: 21.644 Thread 0x000001bb82833880 13882       3       com.android.ide.common.resources.NodeUtils::updateNamespace (167 bytes)
Event: 21.645 Thread 0x000001bb82833880 nmethod 13882 0x000001bbece25110 code [0x000001bbece253c0, 0x000001bbece261f8]

GC Heap History (20 events):
Event: 10.762 GC heap after
{Heap after GC invocations=40 (full 0):
 garbage-first heap   total 202752K, used 79594K [0x0000000080000000, 0x0000000100000000)
  region size 1024K, 4 young (4096K), 4 survivors (4096K)
 Metaspace       used 88461K, committed 89088K, reserved 1130496K
  class space    used 11947K, committed 12224K, reserved 1048576K
}
Event: 15.251 GC heap before
{Heap before GC invocations=41 (full 0):
 garbage-first heap   total 202752K, used 159466K [0x0000000080000000, 0x0000000100000000)
  region size 1024K, 82 young (83968K), 4 survivors (4096K)
 Metaspace       used 95380K, committed 96000K, reserved 1138688K
  class space    used 12651K, committed 12928K, reserved 1048576K
}
Event: 15.258 GC heap after
{Heap after GC invocations=42 (full 0):
 garbage-first heap   total 202752K, used 83838K [0x0000000080000000, 0x0000000100000000)
  region size 1024K, 9 young (9216K), 9 survivors (9216K)
 Metaspace       used 95380K, committed 96000K, reserved 1138688K
  class space    used 12651K, committed 12928K, reserved 1048576K
}
Event: 15.268 GC heap before
{Heap before GC invocations=42 (full 0):
 garbage-first heap   total 202752K, used 84862K [0x0000000080000000, 0x0000000100000000)
  region size 1024K, 10 young (10240K), 9 survivors (9216K)
 Metaspace       used 95389K, committed 96000K, reserved 1138688K
  class space    used 12651K, committed 12928K, reserved 1048576K
}
Event: 15.273 GC heap after
{Heap after GC invocations=43 (full 0):
 garbage-first heap   total 202752K, used 84099K [0x0000000080000000, 0x0000000100000000)
  region size 1024K, 2 young (2048K), 2 survivors (2048K)
 Metaspace       used 95389K, committed 96000K, reserved 1138688K
  class space    used 12651K, committed 12928K, reserved 1048576K
}
Event: 16.731 GC heap before
{Heap before GC invocations=43 (full 0):
 garbage-first heap   total 202752K, used 161923K [0x0000000080000000, 0x0000000100000000)
  region size 1024K, 78 young (79872K), 2 survivors (2048K)
 Metaspace       used 101235K, committed 101952K, reserved 1138688K
  class space    used 13449K, committed 13760K, reserved 1048576K
}
Event: 16.740 GC heap after
{Heap after GC invocations=44 (full 0):
 garbage-first heap   total 202752K, used 90078K [0x0000000080000000, 0x0000000100000000)
  region size 1024K, 7 young (7168K), 7 survivors (7168K)
 Metaspace       used 101235K, committed 101952K, reserved 1138688K
  class space    used 13449K, committed 13760K, reserved 1048576K
}
Event: 17.569 GC heap before
{Heap before GC invocations=44 (full 0):
 garbage-first heap   total 202752K, used 162782K [0x0000000080000000, 0x0000000100000000)
  region size 1024K, 78 young (79872K), 7 survivors (7168K)
 Metaspace       used 103075K, committed 103808K, reserved 1138688K
  class space    used 13692K, committed 14016K, reserved 1048576K
}
Event: 17.580 GC heap after
{Heap after GC invocations=45 (full 0):
 garbage-first heap   total 202752K, used 100055K [0x0000000080000000, 0x0000000100000000)
  region size 1024K, 10 young (10240K), 10 survivors (10240K)
 Metaspace       used 103075K, committed 103808K, reserved 1138688K
  class space    used 13692K, committed 14016K, reserved 1048576K
}
Event: 18.348 GC heap before
{Heap before GC invocations=45 (full 0):
 garbage-first heap   total 202752K, used 161495K [0x0000000080000000, 0x0000000100000000)
  region size 1024K, 71 young (72704K), 10 survivors (10240K)
 Metaspace       used 104590K, committed 105344K, reserved 1146880K
  class space    used 13949K, committed 14272K, reserved 1048576K
}
Event: 18.362 GC heap after
{Heap after GC invocations=46 (full 0):
 garbage-first heap   total 202752K, used 109389K [0x0000000080000000, 0x0000000100000000)
  region size 1024K, 9 young (9216K), 9 survivors (9216K)
 Metaspace       used 104590K, committed 105344K, reserved 1146880K
  class space    used 13949K, committed 14272K, reserved 1048576K
}
Event: 19.353 GC heap before
{Heap before GC invocations=46 (full 0):
 garbage-first heap   total 202752K, used 162637K [0x0000000080000000, 0x0000000100000000)
  region size 1024K, 62 young (63488K), 9 survivors (9216K)
 Metaspace       used 107664K, committed 108416K, reserved 1146880K
  class space    used 14311K, committed 14656K, reserved 1048576K
}
Event: 19.361 GC heap after
{Heap after GC invocations=47 (full 0):
 garbage-first heap   total 202752K, used 113553K [0x0000000080000000, 0x0000000100000000)
  region size 1024K, 7 young (7168K), 7 survivors (7168K)
 Metaspace       used 107664K, committed 108416K, reserved 1146880K
  class space    used 14311K, committed 14656K, reserved 1048576K
}
Event: 20.398 GC heap before
{Heap before GC invocations=47 (full 0):
 garbage-first heap   total 202752K, used 171921K [0x0000000080000000, 0x0000000100000000)
  region size 1024K, 56 young (57344K), 7 survivors (7168K)
 Metaspace       used 108039K, committed 108800K, reserved 1146880K
  class space    used 14336K, committed 14720K, reserved 1048576K
}
Event: 20.415 GC heap after
{Heap after GC invocations=48 (full 0):
 garbage-first heap   total 202752K, used 137754K [0x0000000080000000, 0x0000000100000000)
  region size 1024K, 7 young (7168K), 7 survivors (7168K)
 Metaspace       used 108039K, committed 108800K, reserved 1146880K
  class space    used 14336K, committed 14720K, reserved 1048576K
}
Event: 20.920 GC heap before
{Heap before GC invocations=48 (full 0):
 garbage-first heap   total 202752K, used 170522K [0x0000000080000000, 0x0000000100000000)
  region size 1024K, 31 young (31744K), 7 survivors (7168K)
 Metaspace       used 108461K, committed 109184K, reserved 1146880K
  class space    used 14368K, committed 14720K, reserved 1048576K
}
Event: 20.930 GC heap after
{Heap after GC invocations=49 (full 0):
 garbage-first heap   total 202752K, used 143231K [0x0000000080000000, 0x0000000100000000)
  region size 1024K, 4 young (4096K), 4 survivors (4096K)
 Metaspace       used 108461K, committed 109184K, reserved 1146880K
  class space    used 14368K, committed 14720K, reserved 1048576K
}
Event: 21.458 GC heap before
{Heap before GC invocations=50 (full 0):
 garbage-first heap   total 249856K, used 163711K [0x0000000080000000, 0x0000000100000000)
  region size 1024K, 24 young (24576K), 4 survivors (4096K)
 Metaspace       used 110886K, committed 111616K, reserved 1146880K
  class space    used 14726K, committed 15104K, reserved 1048576K
}
Event: 21.464 GC heap after
{Heap after GC invocations=51 (full 0):
 garbage-first heap   total 249856K, used 146093K [0x0000000080000000, 0x0000000100000000)
  region size 1024K, 3 young (3072K), 3 survivors (3072K)
 Metaspace       used 110886K, committed 111616K, reserved 1146880K
  class space    used 14726K, committed 15104K, reserved 1048576K
}
Event: 21.646 GC heap before
{Heap before GC invocations=51 (full 0):
 garbage-first heap   total 249856K, used 154285K [0x0000000080000000, 0x0000000100000000)
  region size 1024K, 12 young (12288K), 3 survivors (3072K)
 Metaspace       used 110966K, committed 111680K, reserved 1146880K
  class space    used 14734K, committed 15104K, reserved 1048576K
}

Dll operation events (2 events):
Event: 0.011 Loaded shared library C:\Program Files\Android\Android Studio\jbr\bin\java.dll
Event: 0.516 Loaded shared library C:\Program Files\Android\Android Studio\jbr\bin\verify.dll

Deoptimization events (20 events):
Event: 21.609 Thread 0x000001bb83f46ba0 Uncommon trap: trap_request=0xffffff45 fr.pc=0x000001bbf34ef5dc relative=0x000000000000041c
Event: 21.609 Thread 0x000001bb83f46ba0 Uncommon trap: reason=unstable_if action=reinterpret pc=0x000001bbf34ef5dc method=java.lang.ThreadLocal$ThreadLocalMap.remove(Ljava/lang/ThreadLocal;)V @ 26 c2
Event: 21.609 Thread 0x000001bb83f46ba0 DEOPT PACKING pc=0x000001bbf34ef5dc sp=0x0000009cc14fa4a0
Event: 21.609 Thread 0x000001bb83f46ba0 DEOPT UNPACKING pc=0x000001bbf2bd69a3 sp=0x0000009cc14fa450 mode 2
Event: 21.618 Thread 0x000001bb83f46ba0 Uncommon trap: trap_request=0xffffff45 fr.pc=0x000001bbf380dac4 relative=0x00000000000000a4
Event: 21.618 Thread 0x000001bb83f46ba0 Uncommon trap: reason=unstable_if action=reinterpret pc=0x000001bbf380dac4 method=com.google.common.collect.AbstractMapBasedMultimap$WrappedCollection.refreshIfEmpty()V @ 45 c2
Event: 21.618 Thread 0x000001bb83f46ba0 DEOPT PACKING pc=0x000001bbf380dac4 sp=0x0000009cc14fa660
Event: 21.618 Thread 0x000001bb83f46ba0 DEOPT UNPACKING pc=0x000001bbf2bd69a3 sp=0x0000009cc14fa5f0 mode 2
Event: 21.618 Thread 0x000001bb83f46ba0 Uncommon trap: trap_request=0xffffff45 fr.pc=0x000001bbf381c42c relative=0x000000000000010c
Event: 21.618 Thread 0x000001bb83f46ba0 Uncommon trap: reason=unstable_if action=reinterpret pc=0x000001bbf381c42c method=com.google.common.collect.AbstractMapBasedMultimap$WrappedCollection.refreshIfEmpty()V @ 45 c2
Event: 21.618 Thread 0x000001bb83f46ba0 DEOPT PACKING pc=0x000001bbf381c42c sp=0x0000009cc14fa6d0
Event: 21.618 Thread 0x000001bb83f46ba0 DEOPT UNPACKING pc=0x000001bbf2bd69a3 sp=0x0000009cc14fa5b8 mode 2
Event: 21.618 Thread 0x000001bb83f46ba0 Uncommon trap: trap_request=0xffffff45 fr.pc=0x000001bbf380e7e4 relative=0x00000000000000c4
Event: 21.618 Thread 0x000001bb83f46ba0 Uncommon trap: reason=unstable_if action=reinterpret pc=0x000001bbf380e7e4 method=com.google.common.collect.AbstractMapBasedMultimap$WrappedCollection.refreshIfEmpty()V @ 45 c2
Event: 21.618 Thread 0x000001bb83f46ba0 DEOPT PACKING pc=0x000001bbf380e7e4 sp=0x0000009cc14fa680
Event: 21.618 Thread 0x000001bb83f46ba0 DEOPT UNPACKING pc=0x000001bbf2bd69a3 sp=0x0000009cc14fa5b8 mode 2
Event: 21.644 Thread 0x000001bb83f46ba0 Uncommon trap: trap_request=0xffffff45 fr.pc=0x000001bbf383a780 relative=0x0000000000000fe0
Event: 21.644 Thread 0x000001bb83f46ba0 Uncommon trap: reason=unstable_if action=reinterpret pc=0x000001bbf383a780 method=com.android.ide.common.resources.NodeUtils.processSingleNodeNamespace(Lorg/w3c/dom/Node;Lorg/w3c/dom/Document;)Z @ 24 c2
Event: 21.644 Thread 0x000001bb83f46ba0 DEOPT PACKING pc=0x000001bbf383a780 sp=0x0000009cc14fa690
Event: 21.644 Thread 0x000001bb83f46ba0 DEOPT UNPACKING pc=0x000001bbf2bd69a3 sp=0x0000009cc14fa5d0 mode 2

Classes unloaded (7 events):
Event: 21.041 Thread 0x000001bbfffd0940 Unloading class 0x0000000100dedc00 'java/lang/invoke/LambdaForm$DMH+0x0000000100dedc00'
Event: 21.041 Thread 0x000001bbfffd0940 Unloading class 0x0000000100ded800 'java/lang/invoke/LambdaForm$DMH+0x0000000100ded800'
Event: 21.041 Thread 0x000001bbfffd0940 Unloading class 0x0000000100ded400 'java/lang/invoke/LambdaForm$DMH+0x0000000100ded400'
Event: 21.041 Thread 0x000001bbfffd0940 Unloading class 0x0000000100ded000 'java/lang/invoke/LambdaForm$DMH+0x0000000100ded000'
Event: 21.041 Thread 0x000001bbfffd0940 Unloading class 0x0000000100decc00 'java/lang/invoke/LambdaForm$DMH+0x0000000100decc00'
Event: 21.041 Thread 0x000001bbfffd0940 Unloading class 0x0000000100dec400 'java/lang/invoke/LambdaForm$DMH+0x0000000100dec400'
Event: 21.041 Thread 0x000001bbfffd0940 Unloading class 0x0000000100dec800 'java/lang/invoke/LambdaForm$DMH+0x0000000100dec800'

Classes redefined (0 events):
No events

Internal exceptions (20 events):
Event: 17.619 Thread 0x000001bb84269320 Exception <a 'java/lang/ClassNotFoundException'{0x000000008c0b5f68}: com/android/build/gradle/internal/tasks/ListingFileRedirectTask_DecoratedCustomizer> (0x000000008c0b5f68) 
thrown [s\src\hotspot\share\classfile\systemDictionary.cpp, line 256]
Event: 17.631 Thread 0x000001bb84269320 Exception <a 'sun/nio/fs/WindowsException'{0x000000008bf91290}> (0x000000008bf91290) 
thrown [s\src\hotspot\share\prims\jni.cpp, line 517]
Event: 17.700 Thread 0x000001bb83f47ee0 Exception <a 'sun/nio/fs/WindowsException'{0x000000008bcafa50}> (0x000000008bcafa50) 
thrown [s\src\hotspot\share\prims\jni.cpp, line 517]
Event: 17.700 Thread 0x000001bb83f47ee0 Exception <a 'sun/nio/fs/WindowsException'{0x000000008bcb6a78}> (0x000000008bcb6a78) 
thrown [s\src\hotspot\share\prims\jni.cpp, line 517]
Event: 17.700 Thread 0x000001bb83f47ee0 Exception <a 'sun/nio/fs/WindowsException'{0x000000008bcb6ae8}> (0x000000008bcb6ae8) 
thrown [s\src\hotspot\share\prims\jni.cpp, line 517]
Event: 17.700 Thread 0x000001bb83f47ee0 Exception <a 'sun/nio/fs/WindowsException'{0x000000008bcb6ea8}> (0x000000008bcb6ea8) 
thrown [s\src\hotspot\share\prims\jni.cpp, line 517]
Event: 17.756 Thread 0x000001bb83f466d0 Exception <a 'sun/nio/fs/WindowsException'{0x000000008baad770}> (0x000000008baad770) 
thrown [s\src\hotspot\share\prims\jni.cpp, line 517]
Event: 17.765 Thread 0x000001bb82db8020 Exception <a 'java/lang/NoSuchMethodError'{0x000000008b9199b0}: static Lorg/gradle/internal/build/event/types/DefaultTaskSkippedResult;.<clinit>()V> (0x000000008b9199b0) 
thrown [s\src\hotspot\share\prims\jni.cpp, line 1108]
Event: 18.039 Thread 0x000001bb83f466d0 Exception <a 'java/lang/NoSuchMethodError'{0x000000008ad38990}: 'void java.lang.invoke.DirectMethodHandle$Holder.invokeStatic(java.lang.Object, java.lang.Object, java.lang.Object, java.lang.Object, int, java.lang.Object, java.lang.Object)'> (0x000000008ad38990) 
thrown [s\src\hotspot\share\interpreter\linkResolver.cpp, line 771]
Event: 18.067 Thread 0x000001bb88e91320 Exception <a 'java/lang/NoSuchMethodError'{0x000000008a8d69d8}: 'java.lang.Object java.lang.invoke.DirectMethodHandle$Holder.invokeSpecialIFC(java.lang.Object, java.lang.Object, java.lang.Object)'> (0x000000008a8d69d8) 
thrown [s\src\hotspot\share\interpreter\linkResolver.cpp, line 771]
Event: 18.067 Thread 0x000001bb8716b8a0 Exception <a 'java/lang/NoSuchMethodError'{0x000000008a8cb3c8}: 'java.lang.Object java.lang.invoke.DirectMethodHandle$Holder.invokeSpecialIFC(java.lang.Object, java.lang.Object, java.lang.Object)'> (0x000000008a8cb3c8) 
thrown [s\src\hotspot\share\interpreter\linkResolver.cpp, line 771]
Event: 18.067 Thread 0x000001bb82db59a0 Exception <a 'java/lang/NoSuchMethodError'{0x000000008a8ac590}: 'java.lang.Object java.lang.invoke.DirectMethodHandle$Holder.invokeSpecialIFC(java.lang.Object, java.lang.Object, java.lang.Object)'> (0x000000008a8ac590) 
thrown [s\src\hotspot\share\interpreter\linkResolver.cpp, line 771]
Event: 18.067 Thread 0x000001bb88e8f640 Exception <a 'java/lang/NoSuchMethodError'{0x000000008a8976e8}: 'java.lang.Object java.lang.invoke.DirectMethodHandle$Holder.invokeSpecialIFC(java.lang.Object, java.lang.Object, java.lang.Object)'> (0x000000008a8976e8) 
thrown [s\src\hotspot\share\interpreter\linkResolver.cpp, line 771]
Event: 18.067 Thread 0x000001bb82db1fe0 Exception <a 'java/lang/NoSuchMethodError'{0x000000008a8e9428}: 'java.lang.Object java.lang.invoke.DirectMethodHandle$Holder.invokeSpecialIFC(java.lang.Object, java.lang.Object, java.lang.Object)'> (0x000000008a8e9428) 
thrown [s\src\hotspot\share\interpreter\linkResolver.cpp, line 771]
Event: 18.068 Thread 0x000001bb82db5e70 Exception <a 'java/lang/NoSuchMethodError'{0x000000008a872030}: 'java.lang.Object java.lang.invoke.DirectMethodHandle$Holder.invokeSpecialIFC(java.lang.Object, java.lang.Object, java.lang.Object)'> (0x000000008a872030) 
thrown [s\src\hotspot\share\interpreter\linkResolver.cpp, line 771]
Event: 18.068 Thread 0x000001bb83f466d0 Exception <a 'java/lang/NoSuchMethodError'{0x000000008a8a51d8}: 'java.lang.Object java.lang.invoke.DirectMethodHandle$Holder.invokeSpecialIFC(java.lang.Object, java.lang.Object, java.lang.Object)'> (0x000000008a8a51d8) 
thrown [s\src\hotspot\share\interpreter\linkResolver.cpp, line 771]
Event: 18.068 Thread 0x000001bb8716fc00 Exception <a 'java/lang/NoSuchMethodError'{0x000000008a8be9f0}: 'java.lang.Object java.lang.invoke.DirectMethodHandle$Holder.invokeSpecialIFC(java.lang.Object, java.lang.Object, java.lang.Object)'> (0x000000008a8be9f0) 
thrown [s\src\hotspot\share\interpreter\linkResolver.cpp, line 771]
Event: 18.778 Thread 0x000001bb8660dfc0 Exception <a 'sun/nio/fs/WindowsException'{0x000000008ad6bcd8}> (0x000000008ad6bcd8) 
thrown [s\src\hotspot\share\prims\jni.cpp, line 517]
Event: 18.783 Thread 0x000001bb8660dfc0 Exception <a 'sun/nio/fs/WindowsException'{0x000000008ad6cbb0}> (0x000000008ad6cbb0) 
thrown [s\src\hotspot\share\prims\jni.cpp, line 517]
Event: 21.198 Thread 0x000001bb83f46ba0 Exception <a 'java/lang/NoSuchMethodError'{0x000000008f2b3078}: 'java.lang.Object java.lang.invoke.Invokers$Holder.invoke_MT(java.lang.Object, java.lang.Object, java.lang.Object)'> (0x000000008f2b3078) 
thrown [s\src\hotspot\share\interpreter\linkResolver.cpp, line 771]

VM Operations (20 events):
Event: 21.149 Executing VM operation: HandshakeAllThreads done
Event: 21.152 Executing VM operation: HandshakeAllThreads
Event: 21.152 Executing VM operation: HandshakeAllThreads done
Event: 21.154 Executing VM operation: HandshakeAllThreads
Event: 21.155 Executing VM operation: HandshakeAllThreads done
Event: 21.159 Executing VM operation: HandshakeAllThreads
Event: 21.159 Executing VM operation: HandshakeAllThreads done
Event: 21.180 Executing VM operation: HandshakeAllThreads
Event: 21.180 Executing VM operation: HandshakeAllThreads done
Event: 21.188 Executing VM operation: HandshakeAllThreads
Event: 21.188 Executing VM operation: HandshakeAllThreads done
Event: 21.189 Executing VM operation: HandshakeAllThreads
Event: 21.189 Executing VM operation: HandshakeAllThreads done
Event: 21.191 Executing VM operation: HandshakeAllThreads
Event: 21.192 Executing VM operation: HandshakeAllThreads done
Event: 21.320 Executing VM operation: HandshakeAllThreads
Event: 21.320 Executing VM operation: HandshakeAllThreads done
Event: 21.457 Executing VM operation: G1CollectForAllocation
Event: 21.464 Executing VM operation: G1CollectForAllocation done
Event: 21.646 Executing VM operation: G1CollectForAllocation

Events (20 events):
Event: 21.198 loading class jdk/internal/misc/ExtendedMapMode done
Event: 21.199 loading class sun/nio/ch/FileChannelImpl$DefaultUnmapper
Event: 21.199 loading class sun/nio/ch/FileChannelImpl$Unmapper
Event: 21.199 loading class jdk/internal/access/foreign/UnmapperProxy
Event: 21.199 loading class jdk/internal/access/foreign/UnmapperProxy done
Event: 21.199 loading class sun/nio/ch/FileChannelImpl$Unmapper done
Event: 21.199 loading class sun/nio/ch/FileChannelImpl$DefaultUnmapper done
Event: 21.199 loading class sun/nio/ch/Util$4
Event: 21.199 loading class sun/nio/ch/Util$4 done
Event: 21.204 loading class java/util/EmptyStackException
Event: 21.204 loading class java/util/EmptyStackException done
Event: 21.208 loading class java/io/InvalidClassException
Event: 21.208 loading class java/io/InvalidClassException done
Event: 21.244 Thread 0x000001bb83ddc9c0 Thread added: 0x000001bb83ddc9c0
Event: 21.601 loading class javax/xml/transform/stream/StreamResult
Event: 21.601 loading class javax/xml/transform/stream/StreamResult done
Event: 21.601 loading class javax/xml/transform/sax/SAXResult
Event: 21.601 loading class javax/xml/transform/sax/SAXResult done
Event: 21.601 loading class javax/xml/transform/dom/DOMResult
Event: 21.601 loading class javax/xml/transform/dom/DOMResult done


Dynamic libraries:
0x00007ff7e00f0000 - 0x00007ff7e00fa000 	C:\Program Files\Android\Android Studio\jbr\bin\java.exe
0x00007ffc8fc90000 - 0x00007ffc8fea6000 	C:\WINDOWS\SYSTEM32\ntdll.dll
0x00007ffc8e120000 - 0x00007ffc8e1e4000 	C:\WINDOWS\System32\KERNEL32.DLL
0x00007ffc8cfd0000 - 0x00007ffc8d376000 	C:\WINDOWS\System32\KERNELBASE.dll
0x00007ffc8d470000 - 0x00007ffc8d581000 	C:\WINDOWS\System32\ucrtbase.dll
0x00007ffc88570000 - 0x00007ffc8858b000 	C:\Program Files\Android\Android Studio\jbr\bin\VCRUNTIME140.dll
0x00007ffc70040000 - 0x00007ffc70057000 	C:\Program Files\Android\Android Studio\jbr\bin\jli.dll
0x00007ffc8ed20000 - 0x00007ffc8eecd000 	C:\WINDOWS\System32\USER32.dll
0x00007ffc8d6b0000 - 0x00007ffc8d6d6000 	C:\WINDOWS\System32\win32u.dll
0x00007ffc81f90000 - 0x00007ffc82223000 	C:\WINDOWS\WinSxS\amd64_microsoft.windows.common-controls_6595b64144ccf1df_6.0.22621.3235_none_270f74e173860f98\COMCTL32.dll
0x00007ffc8f520000 - 0x00007ffc8f549000 	C:\WINDOWS\System32\GDI32.dll
0x00007ffc8df30000 - 0x00007ffc8dfd7000 	C:\WINDOWS\System32\msvcrt.dll
0x00007ffc8d6e0000 - 0x00007ffc8d7f8000 	C:\WINDOWS\System32\gdi32full.dll
0x00007ffc8d590000 - 0x00007ffc8d62a000 	C:\WINDOWS\System32\msvcp_win.dll
0x00007ffc8f600000 - 0x00007ffc8f631000 	C:\WINDOWS\System32\IMM32.DLL
0x00007ffc888e0000 - 0x00007ffc888ec000 	C:\Program Files\Android\Android Studio\jbr\bin\vcruntime140_1.dll
0x00007ffc6aae0000 - 0x00007ffc6ab6d000 	C:\Program Files\Android\Android Studio\jbr\bin\msvcp140.dll
0x00007ffbfab80000 - 0x00007ffbfb7ee000 	C:\Program Files\Android\Android Studio\jbr\bin\server\jvm.dll
0x00007ffc8dac0000 - 0x00007ffc8db72000 	C:\WINDOWS\System32\ADVAPI32.dll
0x00007ffc8f550000 - 0x00007ffc8f5f8000 	C:\WINDOWS\System32\sechost.dll
0x00007ffc8d440000 - 0x00007ffc8d468000 	C:\WINDOWS\System32\bcrypt.dll
0x00007ffc8f640000 - 0x00007ffc8f755000 	C:\WINDOWS\System32\RPCRT4.dll
0x00007ffc708c0000 - 0x00007ffc708c9000 	C:\WINDOWS\SYSTEM32\WSOCK32.dll
0x00007ffc84be0000 - 0x00007ffc84c14000 	C:\WINDOWS\SYSTEM32\WINMM.dll
0x00007ffc8da40000 - 0x00007ffc8dab1000 	C:\WINDOWS\System32\WS2_32.dll
0x00007ffc85a40000 - 0x00007ffc85a4a000 	C:\WINDOWS\SYSTEM32\VERSION.dll
0x00007ffc8c010000 - 0x00007ffc8c028000 	C:\WINDOWS\SYSTEM32\kernel.appcore.dll
0x00007ffc859a0000 - 0x00007ffc859aa000 	C:\Program Files\Android\Android Studio\jbr\bin\jimage.dll
0x00007ffc7cdb0000 - 0x00007ffc7cfe3000 	C:\WINDOWS\SYSTEM32\DBGHELP.DLL
0x00007ffc8f8c0000 - 0x00007ffc8fc48000 	C:\WINDOWS\System32\combase.dll
0x00007ffc8e040000 - 0x00007ffc8e117000 	C:\WINDOWS\System32\OLEAUT32.dll
0x00007ffc7cd50000 - 0x00007ffc7cd82000 	C:\WINDOWS\SYSTEM32\dbgcore.DLL
0x00007ffc8d630000 - 0x00007ffc8d6aa000 	C:\WINDOWS\System32\bcryptPrimitives.dll
0x00007ffc7b6e0000 - 0x00007ffc7b705000 	C:\Program Files\Android\Android Studio\jbr\bin\java.dll
0x00007ffc7b6c0000 - 0x00007ffc7b6d8000 	C:\Program Files\Android\Android Studio\jbr\bin\zip.dll
0x00007ffc8e290000 - 0x00007ffc8eaed000 	C:\WINDOWS\System32\SHELL32.dll
0x00007ffc8af30000 - 0x00007ffc8b828000 	C:\WINDOWS\SYSTEM32\windows.storage.dll
0x00007ffc8adf0000 - 0x00007ffc8af2e000 	C:\WINDOWS\SYSTEM32\wintypes.dll
0x00007ffc8dde0000 - 0x00007ffc8ded3000 	C:\WINDOWS\System32\SHCORE.dll
0x00007ffc8dfe0000 - 0x00007ffc8e03e000 	C:\WINDOWS\System32\shlwapi.dll
0x00007ffc8cf00000 - 0x00007ffc8cf26000 	C:\WINDOWS\SYSTEM32\profapi.dll
0x00007ffc7b400000 - 0x00007ffc7b419000 	C:\Program Files\Android\Android Studio\jbr\bin\net.dll
0x00007ffc85000000 - 0x00007ffc85137000 	C:\WINDOWS\SYSTEM32\WINHTTP.dll
0x00007ffc8c500000 - 0x00007ffc8c569000 	C:\WINDOWS\system32\mswsock.dll
0x00007ffc7b3e0000 - 0x00007ffc7b3f6000 	C:\Program Files\Android\Android Studio\jbr\bin\nio.dll
0x00007ffc85990000 - 0x00007ffc859a0000 	C:\Program Files\Android\Android Studio\jbr\bin\verify.dll
0x00007ffc87d20000 - 0x00007ffc87d47000 	C:\Users\23480\.gradle\native\68d5fa5c4cc2d200863cafc0d521ce42e7d3e7ee720ec0a83991735586a16f82\windows-amd64\native-platform.dll
0x00007ffc52250000 - 0x00007ffc52394000 	C:\Users\23480\.gradle\native\e376f236ea51e6404a007f0833ffe2c6e607c4080706a723a18a27aeea778392\windows-amd64\native-platform-file-events.dll
0x00007ffc7b3d0000 - 0x00007ffc7b3d9000 	C:\Program Files\Android\Android Studio\jbr\bin\management.dll
0x00007ffc7b3c0000 - 0x00007ffc7b3cb000 	C:\Program Files\Android\Android Studio\jbr\bin\management_ext.dll
0x00007ffc8e280000 - 0x00007ffc8e288000 	C:\WINDOWS\System32\PSAPI.DLL
0x00007ffc8c750000 - 0x00007ffc8c76b000 	C:\WINDOWS\SYSTEM32\CRYPTSP.dll
0x00007ffc8bf70000 - 0x00007ffc8bfa5000 	C:\WINDOWS\system32\rsaenh.dll
0x00007ffc8c5f0000 - 0x00007ffc8c61c000 	C:\WINDOWS\SYSTEM32\USERENV.dll
0x00007ffc8c7c0000 - 0x00007ffc8c7cc000 	C:\WINDOWS\SYSTEM32\CRYPTBASE.dll
0x00007ffc8ba90000 - 0x00007ffc8babd000 	C:\WINDOWS\SYSTEM32\IPHLPAPI.DLL
0x00007ffc8f090000 - 0x00007ffc8f099000 	C:\WINDOWS\System32\NSI.dll
0x00007ffc84c20000 - 0x00007ffc84c39000 	C:\WINDOWS\SYSTEM32\dhcpcsvc6.DLL
0x00007ffc83f70000 - 0x00007ffc83f8f000 	C:\WINDOWS\SYSTEM32\dhcpcsvc.DLL
0x00007ffc8bb00000 - 0x00007ffc8bbf9000 	C:\WINDOWS\SYSTEM32\DNSAPI.dll
0x00007ffc206e0000 - 0x00007ffc206e8000 	C:\WINDOWS\system32\wshunix.dll
0x00007ffc50aa0000 - 0x00007ffc50ab7000 	C:\WINDOWS\system32\napinsp.dll
0x00007ffc50b20000 - 0x00007ffc50b3b000 	C:\WINDOWS\system32\pnrpnsp.dll
0x00007ffc50b40000 - 0x00007ffc50b51000 	C:\WINDOWS\System32\winrnr.dll
0x00007ffc83e50000 - 0x00007ffc83e65000 	C:\WINDOWS\system32\wshbth.dll
0x00007ffc68cc0000 - 0x00007ffc68ce1000 	C:\WINDOWS\system32\nlansp_c.dll
0x000000006b230000 - 0x000000006b256000 	C:\Program Files\Bonjour\mdnsNSP.dll
0x00007ffc83330000 - 0x00007ffc8333a000 	C:\Windows\System32\rasadhlp.dll
0x00007ffc814b0000 - 0x00007ffc81533000 	C:\WINDOWS\System32\fwpuclnt.dll
0x00007ffc8c030000 - 0x00007ffc8c064000 	C:\WINDOWS\SYSTEM32\ntmarta.dll

dbghelp: loaded successfully - version: 4.0.5 - missing functions: none
symbol engine: initialized successfully - sym options: 0x614 - pdb path: .;C:\Program Files\Android\Android Studio\jbr\bin;C:\WINDOWS\SYSTEM32;C:\WINDOWS\WinSxS\amd64_microsoft.windows.common-controls_6595b64144ccf1df_6.0.22621.3235_none_270f74e173860f98;C:\Program Files\Android\Android Studio\jbr\bin\server;C:\Users\23480\.gradle\native\68d5fa5c4cc2d200863cafc0d521ce42e7d3e7ee720ec0a83991735586a16f82\windows-amd64;C:\Users\23480\.gradle\native\e376f236ea51e6404a007f0833ffe2c6e607c4080706a723a18a27aeea778392\windows-amd64;C:\Program Files\Bonjour

VM Arguments:
jvm_args: --add-opens=java.base/java.util=ALL-UNNAMED --add-opens=java.base/java.lang=ALL-UNNAMED --add-opens=java.base/java.lang.invoke=ALL-UNNAMED --add-opens=java.prefs/java.util.prefs=ALL-UNNAMED --add-opens=java.base/java.nio.charset=ALL-UNNAMED --add-opens=java.base/java.net=ALL-UNNAMED --add-opens=java.base/java.util.concurrent.atomic=ALL-UNNAMED -Xmx2048m -Dfile.encoding=UTF-8 -Duser.country=US -Duser.language=en -Duser.variant 
java_command: org.gradle.launcher.daemon.bootstrap.GradleDaemon 8.0
java_class_path (initial): C:\Users\23480\.gradle\wrapper\dists\gradle-8.0-bin\ca5e32bp14vu59qr306oxotwh\gradle-8.0\lib\gradle-launcher-8.0.jar
Launcher Type: SUN_STANDARD

[Global flags]
     intx CICompilerCount                          = 4                                         {product} {ergonomic}
     uint ConcGCThreads                            = 2                                         {product} {ergonomic}
     uint G1ConcRefinementThreads                  = 8                                         {product} {ergonomic}
   size_t G1HeapRegionSize                         = 1048576                                   {product} {ergonomic}
    uintx GCDrainStackTargetSize                   = 64                                        {product} {ergonomic}
   size_t InitialHeapSize                          = 123731968                                 {product} {ergonomic}
   size_t MarkStackSize                            = 4194304                                   {product} {ergonomic}
   size_t MaxHeapSize                              = 2147483648                                {product} {command line}
   size_t MaxNewSize                               = 1287651328                                {product} {ergonomic}
   size_t MinHeapDeltaBytes                        = 1048576                                   {product} {ergonomic}
   size_t MinHeapSize                              = 8388608                                   {product} {ergonomic}
    uintx NonNMethodCodeHeapSize                   = 5839372                                {pd product} {ergonomic}
    uintx NonProfiledCodeHeapSize                  = 122909434                              {pd product} {ergonomic}
    uintx ProfiledCodeHeapSize                     = 122909434                              {pd product} {ergonomic}
    uintx ReservedCodeCacheSize                    = 251658240                              {pd product} {ergonomic}
     bool SegmentedCodeCache                       = true                                      {product} {ergonomic}
   size_t SoftMaxHeapSize                          = 2147483648                             {manageable} {ergonomic}
     bool UseCompressedClassPointers               = true                           {product lp64_product} {ergonomic}
     bool UseCompressedOops                        = true                           {product lp64_product} {ergonomic}
     bool UseG1GC                                  = true                                      {product} {ergonomic}
     bool UseLargePagesIndividualAllocation        = false                                  {pd product} {ergonomic}

Logging:
Log output configuration:
 #0: stdout all=warning uptime,level,tags
 #1: stderr all=off uptime,level,tags

Environment Variables:
PATH=C:\WINDOWS\system32;C:\WINDOWS;C:\WINDOWS\System32\Wbem;C:\WINDOWS\System32\WindowsPowerShell\v1.0\;C:\WINDOWS\System32\OpenSSH\;C:\Program Files\nodejs\;C:\Program Files\Git\cmd;C:\Users\23480\AppData\Local\Programs\Python\Python311\Scripts\;C:\Users\23480\AppData\Local\Programs\Python\Python311\;C:\Users\23480\AppData\Local\Microsoft\WindowsApps;C:\Users\23480\AppData\Local\atom\bin;C:\Users\23480\AppData\Local\Programs\Microsoft VS Code\bin;C:\Users\23480\AppData\Local\Microsoft\WindowsApps;;C:\Program Files\JetBrains\IntelliJ IDEA Community Edition 2023.2.1\bin;;C:\Users\23480\AppData\Roaming\npm
USERNAME=23480
OS=Windows_NT
PROCESSOR_IDENTIFIER=AMD64 Family 23 Model 104 Stepping 1, AuthenticAMD
TMP=C:\Users\23480\AppData\Local\Temp
TEMP=C:\Users\23480\AppData\Local\Temp


JNI global refs:
JNI global refs: 26, weak refs: 28

JNI global refs memory usage: 843, weak refs: 841


---------------  S Y S T E M  ---------------

OS:
 Windows 11 , 64 bit Build 22621 (10.0.22621.3235)
OS uptime: 0 days 6:59 hours

CPU: total 8 (initial active 8) (8 cores per cpu, 2 threads per core) family 23 model 104 stepping 1 microcode 0x0, cx8, cmov, fxsr, ht, mmx, 3dnowpref, sse, sse2, sse3, ssse3, sse4a, sse4.1, sse4.2, popcnt, lzcnt, tsc, tscinvbit, avx, avx2, aes, clmul, bmi1, bmi2, adx, sha, fma, vzeroupper, clflush, clflushopt

Memory: 4k page, system-wide physical 7502M (396M free)
TotalPageFile size 11571M (AvailPageFile size 123M)
current process WorkingSet (physical memory assigned to process): 502M, peak: 508M
current process commit charge ("private bytes"): 584M, peak: 828M

vm_info: OpenJDK 64-Bit Server VM (17.0.6+0-b2043.56-10027231) for windows-amd64 JRE (17.0.6+0-b2043.56-10027231), built on Apr 28 2023 00:43:19 by "androidbuild" with MS VC++ 16.10 / 16.11 (VS2019)

END.
