#
# There is insufficient memory for the Java Runtime Environment to continue.
# Native memory allocation (mmap) failed to map 65536 bytes for Failed to commit metaspace.
# Possible reasons:
#   The system is out of physical RAM or swap space
#   The process is running with CompressedOops enabled, and the Java Heap may be blocking the growth of the native heap
# Possible solutions:
#   Reduce memory load on the system
#   Increase physical memory or swap space
#   Check if swap backing store is full
#   Decrease Java heap size (-Xmx/-Xms)
#   Decrease number of Java threads
#   Decrease Java thread stack sizes (-Xss)
#   Set larger code cache with -XX:ReservedCodeCacheSize=
#   JVM is running with Unscaled Compressed Oops mode in which the Java heap is
#     placed in the first 4GB address space. The Java Heap base address is the
#     maximum limit for the native heap growth. Please use -XX:HeapBaseMinAddress
#     to set the Java Heap base and to place the Java Heap above 4GB virtual address.
# This output file may be truncated or incomplete.
#
#  Out of Memory Error (virtualSpaceNode.cpp:110), pid=14776, tid=20336
#
# JRE version: OpenJDK Runtime Environment (17.0.6) (build 17.0.6+0-b2043.56-10027231)
# Java VM: OpenJDK 64-Bit Server VM (17.0.6+0-b2043.56-10027231, mixed mode, tiered, compressed oops, compressed class ptrs, g1 gc, windows-amd64)
# No core dump will be written. Minidumps are not enabled by default on client versions of Windows
#

---------------  S U M M A R Y ------------

Command Line: org.jetbrains.kotlin.cli.jvm.K2JVMCompiler @C:\Users\23480\Documents\androidproject\TaskApp\app\build\20240328_9525661388379258013.compiler.options

Host: AMD Ryzen 3 5300U with Radeon Graphics         , 8 cores, 7G,  Windows 11 , 64 bit Build 22621 (10.0.22621.3235)
Time: Thu Mar 28 14:05:29 2024 W. Central Africa Standard Time elapsed time: 1.662649 seconds (0d 0h 0m 1s)

---------------  T H R E A D  ---------------

Current thread (0x0000021051c6cd20):  JavaThread "main" [_thread_in_vm, id=20336, stack(0x000000846dc00000,0x000000846dd00000)]

Stack: [0x000000846dc00000,0x000000846dd00000]
Native frames: (J=compiled Java code, j=interpreted, Vv=VM code, C=native code)
V  [jvm.dll+0x683c9a]
V  [jvm.dll+0x8427a4]
V  [jvm.dll+0x843f9e]
V  [jvm.dll+0x844603]
V  [jvm.dll+0x249b75]
V  [jvm.dll+0x83e7fb]
V  [jvm.dll+0x628006]
V  [jvm.dll+0x1c194e]
V  [jvm.dll+0x62a941]
V  [jvm.dll+0x6289a6]
V  [jvm.dll+0x23ef80]
V  [jvm.dll+0x1ee40d]
V  [jvm.dll+0x1e3dcc]
V  [jvm.dll+0x547fed]
V  [jvm.dll+0x7bd3d5]
V  [jvm.dll+0x7bd4ee]
V  [jvm.dll+0x41182a]
V  [jvm.dll+0x4179a9]
C  [java.dll+0x17ec]

Java frames: (J=compiled Java code, j=interpreted, Vv=VM code)
J 515  java.lang.ClassLoader.defineClass1(Ljava/lang/ClassLoader;Ljava/lang/String;[BIILjava/security/ProtectionDomain;Ljava/lang/String;)Ljava/lang/Class; java.base@17.0.6 (0 bytes) @ 0x000002105cc1ffdb [0x000002105cc1ff20+0x00000000000000bb]
J 536 c1 java.lang.ClassLoader.defineClass(Ljava/lang/String;[BIILjava/security/ProtectionDomain;)Ljava/lang/Class; java.base@17.0.6 (43 bytes) @ 0x0000021055226f44 [0x0000021055226c00+0x0000000000000344]
J 505 c1 java.security.SecureClassLoader.defineClass(Ljava/lang/String;[BIILjava/security/CodeSource;)Ljava/lang/Class; java.base@17.0.6 (16 bytes) @ 0x000002105521b00c [0x000002105521af40+0x00000000000000cc]
J 464 c1 jdk.internal.loader.BuiltinClassLoader.defineClass(Ljava/lang/String;Ljdk/internal/loader/Resource;)Ljava/lang/Class; java.base@17.0.6 (121 bytes) @ 0x00000210551fafac [0x00000210551f9d20+0x000000000000128c]
J 407 c1 jdk.internal.loader.BuiltinClassLoader.findClassOnClassPathOrNull(Ljava/lang/String;)Ljava/lang/Class; java.base@17.0.6 (64 bytes) @ 0x00000210551d7c7c [0x00000210551d6c00+0x000000000000107c]
J 217 c1 jdk.internal.loader.BuiltinClassLoader.loadClassOrNull(Ljava/lang/String;Z)Ljava/lang/Class; java.base@17.0.6 (143 bytes) @ 0x0000021055179d04 [0x0000021055178e40+0x0000000000000ec4]
J 303 c1 jdk.internal.loader.ClassLoaders$AppClassLoader.loadClass(Ljava/lang/String;Z)Ljava/lang/Class; java.base@17.0.6 (40 bytes) @ 0x0000021055196ef4 [0x00000210551968e0+0x0000000000000614]
J 302 c1 java.lang.ClassLoader.loadClass(Ljava/lang/String;)Ljava/lang/Class; java.base@17.0.6 (7 bytes) @ 0x000002105519653c [0x0000021055196440+0x00000000000000fc]
v  ~StubRoutines::call_stub
j  org.jetbrains.kotlin.cli.common.messages.GroupingMessageCollector.<init>(Lorg/jetbrains/kotlin/cli/common/messages/MessageCollector;Z)V+13
j  org.jetbrains.kotlin.cli.common.CLICompiler.execImpl(Lorg/jetbrains/kotlin/cli/common/messages/MessageCollector;Lorg/jetbrains/kotlin/config/Services;Lorg/jetbrains/kotlin/cli/common/arguments/CommonCompilerArguments;)Lorg/jetbrains/kotlin/cli/common/ExitCode;+72
j  org.jetbrains.kotlin.cli.common.CLICompiler.execImpl(Lorg/jetbrains/kotlin/cli/common/messages/MessageCollector;Lorg/jetbrains/kotlin/config/Services;Lorg/jetbrains/kotlin/cli/common/arguments/CommonToolArguments;)Lorg/jetbrains/kotlin/cli/common/ExitCode;+7
j  org.jetbrains.kotlin.cli.common.CLITool.exec(Lorg/jetbrains/kotlin/cli/common/messages/MessageCollector;Lorg/jetbrains/kotlin/config/Services;Lorg/jetbrains/kotlin/cli/common/arguments/CommonToolArguments;)Lorg/jetbrains/kotlin/cli/common/ExitCode;+76
j  org.jetbrains.kotlin.cli.common.CLITool.exec(Ljava/io/PrintStream;Lorg/jetbrains/kotlin/config/Services;Lorg/jetbrains/kotlin/cli/common/messages/MessageRenderer;[Ljava/lang/String;)Lorg/jetbrains/kotlin/cli/common/ExitCode;+224
j  org.jetbrains.kotlin.cli.common.CLITool.exec(Ljava/io/PrintStream;Lorg/jetbrains/kotlin/cli/common/messages/MessageRenderer;[Ljava/lang/String;)Lorg/jetbrains/kotlin/cli/common/ExitCode;+25
j  org.jetbrains.kotlin.cli.common.CLITool$Companion.doMainNoExit(Lorg/jetbrains/kotlin/cli/common/CLITool;[Ljava/lang/String;Lorg/jetbrains/kotlin/cli/common/messages/MessageRenderer;)Lorg/jetbrains/kotlin/cli/common/ExitCode;+39
j  org.jetbrains.kotlin.cli.common.CLITool$Companion.doMainNoExit$default(Lorg/jetbrains/kotlin/cli/common/CLITool$Companion;Lorg/jetbrains/kotlin/cli/common/CLITool;[Ljava/lang/String;Lorg/jetbrains/kotlin/cli/common/messages/MessageRenderer;ILjava/lang/Object;)Lorg/jetbrains/kotlin/cli/common/ExitCode;+16
j  org.jetbrains.kotlin.cli.common.CLITool$Companion.doMain(Lorg/jetbrains/kotlin/cli/common/CLITool;[Ljava/lang/String;)V+57
j  org.jetbrains.kotlin.cli.jvm.K2JVMCompiler$Companion.main([Ljava/lang/String;)V+20
j  org.jetbrains.kotlin.cli.jvm.K2JVMCompiler.main([Ljava/lang/String;)V+4
v  ~StubRoutines::call_stub

---------------  P R O C E S S  ---------------

Threads class SMR info:
_java_thread_list=0x000002106c1d3860, length=13, elements={
0x0000021051c6cd20, 0x000002106c033a70, 0x000002106c034ef0, 0x000002106b150530,
0x000002106b1531b0, 0x000002106b154b70, 0x000002106b155520, 0x000002106b1597b0,
0x000002106c07c410, 0x000002106c07d100, 0x000002106c1cfff0, 0x000002106c1f3010,
0x000002106c205760
}

Java Threads: ( => current thread )
=>0x0000021051c6cd20 JavaThread "main" [_thread_in_vm, id=20336, stack(0x000000846dc00000,0x000000846dd00000)]
  0x000002106c033a70 JavaThread "Reference Handler" daemon [_thread_blocked, id=20160, stack(0x000000846e300000,0x000000846e400000)]
  0x000002106c034ef0 JavaThread "Finalizer" daemon [_thread_blocked, id=2096, stack(0x000000846e400000,0x000000846e500000)]
  0x000002106b150530 JavaThread "Signal Dispatcher" daemon [_thread_blocked, id=7804, stack(0x000000846e500000,0x000000846e600000)]
  0x000002106b1531b0 JavaThread "Attach Listener" daemon [_thread_blocked, id=20776, stack(0x000000846e600000,0x000000846e700000)]
  0x000002106b154b70 JavaThread "Service Thread" daemon [_thread_blocked, id=3952, stack(0x000000846e700000,0x000000846e800000)]
  0x000002106b155520 JavaThread "Monitor Deflation Thread" daemon [_thread_blocked, id=10012, stack(0x000000846e800000,0x000000846e900000)]
  0x000002106b1597b0 JavaThread "C2 CompilerThread0" daemon [_thread_blocked, id=20044, stack(0x000000846e900000,0x000000846ea00000)]
  0x000002106c07c410 JavaThread "C1 CompilerThread0" daemon [_thread_blocked, id=7648, stack(0x000000846ea00000,0x000000846eb00000)]
  0x000002106c07d100 JavaThread "Sweeper thread" daemon [_thread_blocked, id=19056, stack(0x000000846eb00000,0x000000846ec00000)]
  0x000002106c1cfff0 JavaThread "Notification Thread" daemon [_thread_blocked, id=620, stack(0x000000846ec00000,0x000000846ed00000)]
  0x000002106c1f3010 JavaThread "Common-Cleaner" daemon [_thread_blocked, id=11956, stack(0x000000846ee00000,0x000000846ef00000)]
  0x000002106c205760 JavaThread "C2 CompilerThread1" daemon [_thread_blocked, id=14708, stack(0x000000846ef00000,0x000000846f000000)]

Other Threads:
  0x000002106c020a30 VMThread "VM Thread" [stack: 0x000000846e200000,0x000000846e300000] [id=18444]
  0x0000021051cde640 WatcherThread [stack: 0x000000846ed00000,0x000000846ee00000] [id=16120]
  0x0000021051cc5580 GCTaskThread "GC Thread#0" [stack: 0x000000846dd00000,0x000000846de00000] [id=6476]
  0x000002106c7a13d0 GCTaskThread "GC Thread#1" [stack: 0x000000846f000000,0x000000846f100000] [id=14500]
  0x000002106c7ad0a0 GCTaskThread "GC Thread#2" [stack: 0x000000846f100000,0x000000846f200000] [id=21236]
  0x000002106c7ad350 GCTaskThread "GC Thread#3" [stack: 0x000000846f200000,0x000000846f300000] [id=18112]
  0x000002106c7ad600 GCTaskThread "GC Thread#4" [stack: 0x000000846f300000,0x000000846f400000] [id=13396]
  0x0000021051cd4f40 ConcurrentGCThread "G1 Main Marker" [stack: 0x000000846de00000,0x000000846df00000] [id=20624]
  0x0000021051cd5950 ConcurrentGCThread "G1 Conc#0" [stack: 0x000000846df00000,0x000000846e000000] [id=20988]
  0x0000021051d2ecd0 ConcurrentGCThread "G1 Refine#0" [stack: 0x000000846e000000,0x000000846e100000] [id=20332]
  0x000002106afb64e0 ConcurrentGCThread "G1 Service" [stack: 0x000000846e100000,0x000000846e200000] [id=15252]

Threads with active compile tasks:

VM state: not at safepoint (normal execution)

VM Mutex/Monitor currently owned by a thread:  ([mutex/lock_event])
[0x000002104fbc5270] Metaspace_lock - owner thread: 0x0000021051c6cd20

Heap address: 0x000000008ac00000, size: 1876 MB, Compressed Oops mode: 32-bit

CDS archive(s) not mapped
Compressed class space mapped at: 0x0000000100000000-0x0000000140000000, reserved size: 1073741824
Narrow klass base: 0x0000000000000000, Narrow klass shift: 3, Narrow klass range: 0x140000000

GC Precious Log:
 CPUs: 8 total, 8 available
 Memory: 7502M
 Large Page Support: Disabled
 NUMA Support: Disabled
 Compressed Oops: Enabled (32-bit)
 Heap Region Size: 1M
 Heap Min Capacity: 8M
 Heap Initial Capacity: 118M
 Heap Max Capacity: 1876M
 Pre-touch: Disabled
 Parallel Workers: 8
 Concurrent Workers: 2
 Concurrent Refinement Workers: 8
 Periodic GC: Disabled

Heap:
 garbage-first heap   total 120832K, used 24320K [0x000000008ac00000, 0x0000000100000000)
  region size 1024K, 21 young (21504K), 3 survivors (3072K)
 Metaspace       used 16686K, committed 16832K, reserved 1064960K
  class space    used 1674K, committed 1728K, reserved 1048576K

Heap Regions: E=young(eden), S=young(survivor), O=old, HS=humongous(starts), HC=humongous(continues), CS=collection set, F=free, OA=open archive, CA=closed archive, TAMS=top-at-mark-start (previous, next)
|   0|0x000000008ac00000, 0x000000008ad00000, 0x000000008ad00000|100%|HS|  |TAMS 0x000000008ac00000, 0x000000008ac00000| Complete 
|   1|0x000000008ad00000, 0x000000008ae00000, 0x000000008ae00000|100%|HC|  |TAMS 0x000000008ad00000, 0x000000008ad00000| Complete 
|   2|0x000000008ae00000, 0x000000008af00000, 0x000000008af00000|100%|HC|  |TAMS 0x000000008ae00000, 0x000000008ae00000| Complete 
|   3|0x000000008af00000, 0x000000008b000000, 0x000000008b000000|100%|HC|  |TAMS 0x000000008af00000, 0x000000008af00000| Complete 
|   4|0x000000008b000000, 0x000000008b000000, 0x000000008b100000|  0%| F|  |TAMS 0x000000008b000000, 0x000000008b000000| Untracked 
|   5|0x000000008b100000, 0x000000008b100000, 0x000000008b200000|  0%| F|  |TAMS 0x000000008b100000, 0x000000008b100000| Untracked 
|   6|0x000000008b200000, 0x000000008b200000, 0x000000008b300000|  0%| F|  |TAMS 0x000000008b200000, 0x000000008b200000| Untracked 
|   7|0x000000008b300000, 0x000000008b300000, 0x000000008b400000|  0%| F|  |TAMS 0x000000008b300000, 0x000000008b300000| Untracked 
|   8|0x000000008b400000, 0x000000008b400000, 0x000000008b500000|  0%| F|  |TAMS 0x000000008b400000, 0x000000008b400000| Untracked 
|   9|0x000000008b500000, 0x000000008b500000, 0x000000008b600000|  0%| F|  |TAMS 0x000000008b500000, 0x000000008b500000| Untracked 
|  10|0x000000008b600000, 0x000000008b600000, 0x000000008b700000|  0%| F|  |TAMS 0x000000008b600000, 0x000000008b600000| Untracked 
|  11|0x000000008b700000, 0x000000008b700000, 0x000000008b800000|  0%| F|  |TAMS 0x000000008b700000, 0x000000008b700000| Untracked 
|  12|0x000000008b800000, 0x000000008b800000, 0x000000008b900000|  0%| F|  |TAMS 0x000000008b800000, 0x000000008b800000| Untracked 
|  13|0x000000008b900000, 0x000000008b900000, 0x000000008ba00000|  0%| F|  |TAMS 0x000000008b900000, 0x000000008b900000| Untracked 
|  14|0x000000008ba00000, 0x000000008ba00000, 0x000000008bb00000|  0%| F|  |TAMS 0x000000008ba00000, 0x000000008ba00000| Untracked 
|  15|0x000000008bb00000, 0x000000008bb00000, 0x000000008bc00000|  0%| F|  |TAMS 0x000000008bb00000, 0x000000008bb00000| Untracked 
|  16|0x000000008bc00000, 0x000000008bc00000, 0x000000008bd00000|  0%| F|  |TAMS 0x000000008bc00000, 0x000000008bc00000| Untracked 
|  17|0x000000008bd00000, 0x000000008bd00000, 0x000000008be00000|  0%| F|  |TAMS 0x000000008bd00000, 0x000000008bd00000| Untracked 
|  18|0x000000008be00000, 0x000000008be00000, 0x000000008bf00000|  0%| F|  |TAMS 0x000000008be00000, 0x000000008be00000| Untracked 
|  19|0x000000008bf00000, 0x000000008bf00000, 0x000000008c000000|  0%| F|  |TAMS 0x000000008bf00000, 0x000000008bf00000| Untracked 
|  20|0x000000008c000000, 0x000000008c000000, 0x000000008c100000|  0%| F|  |TAMS 0x000000008c000000, 0x000000008c000000| Untracked 
|  21|0x000000008c100000, 0x000000008c100000, 0x000000008c200000|  0%| F|  |TAMS 0x000000008c100000, 0x000000008c100000| Untracked 
|  22|0x000000008c200000, 0x000000008c200000, 0x000000008c300000|  0%| F|  |TAMS 0x000000008c200000, 0x000000008c200000| Untracked 
|  23|0x000000008c300000, 0x000000008c300000, 0x000000008c400000|  0%| F|  |TAMS 0x000000008c300000, 0x000000008c300000| Untracked 
|  24|0x000000008c400000, 0x000000008c400000, 0x000000008c500000|  0%| F|  |TAMS 0x000000008c400000, 0x000000008c400000| Untracked 
|  25|0x000000008c500000, 0x000000008c500000, 0x000000008c600000|  0%| F|  |TAMS 0x000000008c500000, 0x000000008c500000| Untracked 
|  26|0x000000008c600000, 0x000000008c600000, 0x000000008c700000|  0%| F|  |TAMS 0x000000008c600000, 0x000000008c600000| Untracked 
|  27|0x000000008c700000, 0x000000008c700000, 0x000000008c800000|  0%| F|  |TAMS 0x000000008c700000, 0x000000008c700000| Untracked 
|  28|0x000000008c800000, 0x000000008c800000, 0x000000008c900000|  0%| F|  |TAMS 0x000000008c800000, 0x000000008c800000| Untracked 
|  29|0x000000008c900000, 0x000000008c900000, 0x000000008ca00000|  0%| F|  |TAMS 0x000000008c900000, 0x000000008c900000| Untracked 
|  30|0x000000008ca00000, 0x000000008ca00000, 0x000000008cb00000|  0%| F|  |TAMS 0x000000008ca00000, 0x000000008ca00000| Untracked 
|  31|0x000000008cb00000, 0x000000008cb00000, 0x000000008cc00000|  0%| F|  |TAMS 0x000000008cb00000, 0x000000008cb00000| Untracked 
|  32|0x000000008cc00000, 0x000000008cc00000, 0x000000008cd00000|  0%| F|  |TAMS 0x000000008cc00000, 0x000000008cc00000| Untracked 
|  33|0x000000008cd00000, 0x000000008cd00000, 0x000000008ce00000|  0%| F|  |TAMS 0x000000008cd00000, 0x000000008cd00000| Untracked 
|  34|0x000000008ce00000, 0x000000008ce00000, 0x000000008cf00000|  0%| F|  |TAMS 0x000000008ce00000, 0x000000008ce00000| Untracked 
|  35|0x000000008cf00000, 0x000000008cf00000, 0x000000008d000000|  0%| F|  |TAMS 0x000000008cf00000, 0x000000008cf00000| Untracked 
|  36|0x000000008d000000, 0x000000008d000000, 0x000000008d100000|  0%| F|  |TAMS 0x000000008d000000, 0x000000008d000000| Untracked 
|  37|0x000000008d100000, 0x000000008d100000, 0x000000008d200000|  0%| F|  |TAMS 0x000000008d100000, 0x000000008d100000| Untracked 
|  38|0x000000008d200000, 0x000000008d200000, 0x000000008d300000|  0%| F|  |TAMS 0x000000008d200000, 0x000000008d200000| Untracked 
|  39|0x000000008d300000, 0x000000008d300000, 0x000000008d400000|  0%| F|  |TAMS 0x000000008d300000, 0x000000008d300000| Untracked 
|  40|0x000000008d400000, 0x000000008d400000, 0x000000008d500000|  0%| F|  |TAMS 0x000000008d400000, 0x000000008d400000| Untracked 
|  41|0x000000008d500000, 0x000000008d500000, 0x000000008d600000|  0%| F|  |TAMS 0x000000008d500000, 0x000000008d500000| Untracked 
|  42|0x000000008d600000, 0x000000008d600000, 0x000000008d700000|  0%| F|  |TAMS 0x000000008d600000, 0x000000008d600000| Untracked 
|  43|0x000000008d700000, 0x000000008d700000, 0x000000008d800000|  0%| F|  |TAMS 0x000000008d700000, 0x000000008d700000| Untracked 
|  44|0x000000008d800000, 0x000000008d800000, 0x000000008d900000|  0%| F|  |TAMS 0x000000008d800000, 0x000000008d800000| Untracked 
|  45|0x000000008d900000, 0x000000008d900000, 0x000000008da00000|  0%| F|  |TAMS 0x000000008d900000, 0x000000008d900000| Untracked 
|  46|0x000000008da00000, 0x000000008da00000, 0x000000008db00000|  0%| F|  |TAMS 0x000000008da00000, 0x000000008da00000| Untracked 
|  47|0x000000008db00000, 0x000000008db00000, 0x000000008dc00000|  0%| F|  |TAMS 0x000000008db00000, 0x000000008db00000| Untracked 
|  48|0x000000008dc00000, 0x000000008dc00000, 0x000000008dd00000|  0%| F|  |TAMS 0x000000008dc00000, 0x000000008dc00000| Untracked 
|  49|0x000000008dd00000, 0x000000008dd00000, 0x000000008de00000|  0%| F|  |TAMS 0x000000008dd00000, 0x000000008dd00000| Untracked 
|  50|0x000000008de00000, 0x000000008de00000, 0x000000008df00000|  0%| F|  |TAMS 0x000000008de00000, 0x000000008de00000| Untracked 
|  51|0x000000008df00000, 0x000000008df00000, 0x000000008e000000|  0%| F|  |TAMS 0x000000008df00000, 0x000000008df00000| Untracked 
|  52|0x000000008e000000, 0x000000008e000000, 0x000000008e100000|  0%| F|  |TAMS 0x000000008e000000, 0x000000008e000000| Untracked 
|  53|0x000000008e100000, 0x000000008e100000, 0x000000008e200000|  0%| F|  |TAMS 0x000000008e100000, 0x000000008e100000| Untracked 
|  54|0x000000008e200000, 0x000000008e200000, 0x000000008e300000|  0%| F|  |TAMS 0x000000008e200000, 0x000000008e200000| Untracked 
|  55|0x000000008e300000, 0x000000008e300000, 0x000000008e400000|  0%| F|  |TAMS 0x000000008e300000, 0x000000008e300000| Untracked 
|  56|0x000000008e400000, 0x000000008e400000, 0x000000008e500000|  0%| F|  |TAMS 0x000000008e400000, 0x000000008e400000| Untracked 
|  57|0x000000008e500000, 0x000000008e500000, 0x000000008e600000|  0%| F|  |TAMS 0x000000008e500000, 0x000000008e500000| Untracked 
|  58|0x000000008e600000, 0x000000008e600000, 0x000000008e700000|  0%| F|  |TAMS 0x000000008e600000, 0x000000008e600000| Untracked 
|  59|0x000000008e700000, 0x000000008e700000, 0x000000008e800000|  0%| F|  |TAMS 0x000000008e700000, 0x000000008e700000| Untracked 
|  60|0x000000008e800000, 0x000000008e800000, 0x000000008e900000|  0%| F|  |TAMS 0x000000008e800000, 0x000000008e800000| Untracked 
|  61|0x000000008e900000, 0x000000008e900000, 0x000000008ea00000|  0%| F|  |TAMS 0x000000008e900000, 0x000000008e900000| Untracked 
|  62|0x000000008ea00000, 0x000000008ea00000, 0x000000008eb00000|  0%| F|  |TAMS 0x000000008ea00000, 0x000000008ea00000| Untracked 
|  63|0x000000008eb00000, 0x000000008eb00000, 0x000000008ec00000|  0%| F|  |TAMS 0x000000008eb00000, 0x000000008eb00000| Untracked 
|  64|0x000000008ec00000, 0x000000008ec00000, 0x000000008ed00000|  0%| F|  |TAMS 0x000000008ec00000, 0x000000008ec00000| Untracked 
|  65|0x000000008ed00000, 0x000000008ed00000, 0x000000008ee00000|  0%| F|  |TAMS 0x000000008ed00000, 0x000000008ed00000| Untracked 
|  66|0x000000008ee00000, 0x000000008ee00000, 0x000000008ef00000|  0%| F|  |TAMS 0x000000008ee00000, 0x000000008ee00000| Untracked 
|  67|0x000000008ef00000, 0x000000008ef00000, 0x000000008f000000|  0%| F|  |TAMS 0x000000008ef00000, 0x000000008ef00000| Untracked 
|  68|0x000000008f000000, 0x000000008f000000, 0x000000008f100000|  0%| F|  |TAMS 0x000000008f000000, 0x000000008f000000| Untracked 
|  69|0x000000008f100000, 0x000000008f100000, 0x000000008f200000|  0%| F|  |TAMS 0x000000008f100000, 0x000000008f100000| Untracked 
|  70|0x000000008f200000, 0x000000008f200000, 0x000000008f300000|  0%| F|  |TAMS 0x000000008f200000, 0x000000008f200000| Untracked 
|  71|0x000000008f300000, 0x000000008f300000, 0x000000008f400000|  0%| F|  |TAMS 0x000000008f300000, 0x000000008f300000| Untracked 
|  72|0x000000008f400000, 0x000000008f400000, 0x000000008f500000|  0%| F|  |TAMS 0x000000008f400000, 0x000000008f400000| Untracked 
|  73|0x000000008f500000, 0x000000008f500000, 0x000000008f600000|  0%| F|  |TAMS 0x000000008f500000, 0x000000008f500000| Untracked 
|  74|0x000000008f600000, 0x000000008f600000, 0x000000008f700000|  0%| F|  |TAMS 0x000000008f600000, 0x000000008f600000| Untracked 
|  75|0x000000008f700000, 0x000000008f700000, 0x000000008f800000|  0%| F|  |TAMS 0x000000008f700000, 0x000000008f700000| Untracked 
|  76|0x000000008f800000, 0x000000008f800000, 0x000000008f900000|  0%| F|  |TAMS 0x000000008f800000, 0x000000008f800000| Untracked 
|  77|0x000000008f900000, 0x000000008f900000, 0x000000008fa00000|  0%| F|  |TAMS 0x000000008f900000, 0x000000008f900000| Untracked 
|  78|0x000000008fa00000, 0x000000008fa00000, 0x000000008fb00000|  0%| F|  |TAMS 0x000000008fa00000, 0x000000008fa00000| Untracked 
|  79|0x000000008fb00000, 0x000000008fb00000, 0x000000008fc00000|  0%| F|  |TAMS 0x000000008fb00000, 0x000000008fb00000| Untracked 
|  80|0x000000008fc00000, 0x000000008fc00000, 0x000000008fd00000|  0%| F|  |TAMS 0x000000008fc00000, 0x000000008fc00000| Untracked 
|  81|0x000000008fd00000, 0x000000008fd00000, 0x000000008fe00000|  0%| F|  |TAMS 0x000000008fd00000, 0x000000008fd00000| Untracked 
|  82|0x000000008fe00000, 0x000000008fe00000, 0x000000008ff00000|  0%| F|  |TAMS 0x000000008fe00000, 0x000000008fe00000| Untracked 
|  83|0x000000008ff00000, 0x000000008ff00000, 0x0000000090000000|  0%| F|  |TAMS 0x000000008ff00000, 0x000000008ff00000| Untracked 
|  84|0x0000000090000000, 0x0000000090000000, 0x0000000090100000|  0%| F|  |TAMS 0x0000000090000000, 0x0000000090000000| Untracked 
|  85|0x0000000090100000, 0x0000000090100000, 0x0000000090200000|  0%| F|  |TAMS 0x0000000090100000, 0x0000000090100000| Untracked 
|  86|0x0000000090200000, 0x0000000090200000, 0x0000000090300000|  0%| F|  |TAMS 0x0000000090200000, 0x0000000090200000| Untracked 
|  87|0x0000000090300000, 0x0000000090300000, 0x0000000090400000|  0%| F|  |TAMS 0x0000000090300000, 0x0000000090300000| Untracked 
|  88|0x0000000090400000, 0x0000000090400000, 0x0000000090500000|  0%| F|  |TAMS 0x0000000090400000, 0x0000000090400000| Untracked 
|  89|0x0000000090500000, 0x0000000090500000, 0x0000000090600000|  0%| F|  |TAMS 0x0000000090500000, 0x0000000090500000| Untracked 
|  90|0x0000000090600000, 0x0000000090600000, 0x0000000090700000|  0%| F|  |TAMS 0x0000000090600000, 0x0000000090600000| Untracked 
|  91|0x0000000090700000, 0x0000000090700000, 0x0000000090800000|  0%| F|  |TAMS 0x0000000090700000, 0x0000000090700000| Untracked 
|  92|0x0000000090800000, 0x00000000908c0000, 0x0000000090900000| 75%| S|CS|TAMS 0x0000000090800000, 0x0000000090800000| Complete 
|  93|0x0000000090900000, 0x0000000090a00000, 0x0000000090a00000|100%| S|CS|TAMS 0x0000000090900000, 0x0000000090900000| Complete 
|  94|0x0000000090a00000, 0x0000000090b00000, 0x0000000090b00000|100%| S|CS|TAMS 0x0000000090a00000, 0x0000000090a00000| Complete 
|  95|0x0000000090b00000, 0x0000000090b00000, 0x0000000090c00000|  0%| F|  |TAMS 0x0000000090b00000, 0x0000000090b00000| Untracked 
|  96|0x0000000090c00000, 0x0000000090c00000, 0x0000000090d00000|  0%| F|  |TAMS 0x0000000090c00000, 0x0000000090c00000| Untracked 
|  97|0x0000000090d00000, 0x0000000090d00000, 0x0000000090e00000|  0%| F|  |TAMS 0x0000000090d00000, 0x0000000090d00000| Untracked 
|  98|0x0000000090e00000, 0x0000000090e00000, 0x0000000090f00000|  0%| F|  |TAMS 0x0000000090e00000, 0x0000000090e00000| Untracked 
|  99|0x0000000090f00000, 0x0000000090f00000, 0x0000000091000000|  0%| F|  |TAMS 0x0000000090f00000, 0x0000000090f00000| Untracked 
| 100|0x0000000091000000, 0x0000000091100000, 0x0000000091100000|100%| E|  |TAMS 0x0000000091000000, 0x0000000091000000| Complete 
| 101|0x0000000091100000, 0x0000000091200000, 0x0000000091200000|100%| E|CS|TAMS 0x0000000091100000, 0x0000000091100000| Complete 
| 102|0x0000000091200000, 0x0000000091300000, 0x0000000091300000|100%| E|CS|TAMS 0x0000000091200000, 0x0000000091200000| Complete 
| 103|0x0000000091300000, 0x0000000091400000, 0x0000000091400000|100%| E|CS|TAMS 0x0000000091300000, 0x0000000091300000| Complete 
| 104|0x0000000091400000, 0x0000000091500000, 0x0000000091500000|100%| E|CS|TAMS 0x0000000091400000, 0x0000000091400000| Complete 
| 105|0x0000000091500000, 0x0000000091600000, 0x0000000091600000|100%| E|CS|TAMS 0x0000000091500000, 0x0000000091500000| Complete 
| 106|0x0000000091600000, 0x0000000091700000, 0x0000000091700000|100%| E|CS|TAMS 0x0000000091600000, 0x0000000091600000| Complete 
| 107|0x0000000091700000, 0x0000000091800000, 0x0000000091800000|100%| E|CS|TAMS 0x0000000091700000, 0x0000000091700000| Complete 
| 108|0x0000000091800000, 0x0000000091900000, 0x0000000091900000|100%| E|CS|TAMS 0x0000000091800000, 0x0000000091800000| Complete 
| 109|0x0000000091900000, 0x0000000091a00000, 0x0000000091a00000|100%| E|CS|TAMS 0x0000000091900000, 0x0000000091900000| Complete 
| 110|0x0000000091a00000, 0x0000000091b00000, 0x0000000091b00000|100%| E|CS|TAMS 0x0000000091a00000, 0x0000000091a00000| Complete 
| 111|0x0000000091b00000, 0x0000000091c00000, 0x0000000091c00000|100%| E|CS|TAMS 0x0000000091b00000, 0x0000000091b00000| Complete 
| 112|0x0000000091c00000, 0x0000000091d00000, 0x0000000091d00000|100%| E|CS|TAMS 0x0000000091c00000, 0x0000000091c00000| Complete 
| 113|0x0000000091d00000, 0x0000000091e00000, 0x0000000091e00000|100%| E|CS|TAMS 0x0000000091d00000, 0x0000000091d00000| Complete 
| 114|0x0000000091e00000, 0x0000000091f00000, 0x0000000091f00000|100%| E|CS|TAMS 0x0000000091e00000, 0x0000000091e00000| Complete 
| 115|0x0000000091f00000, 0x0000000092000000, 0x0000000092000000|100%| E|CS|TAMS 0x0000000091f00000, 0x0000000091f00000| Complete 
| 116|0x0000000092000000, 0x0000000092100000, 0x0000000092100000|100%| E|CS|TAMS 0x0000000092000000, 0x0000000092000000| Complete 
| 117|0x0000000092100000, 0x0000000092200000, 0x0000000092200000|100%| E|CS|TAMS 0x0000000092100000, 0x0000000092100000| Complete 

Card table byte_map: [0x0000021064810000,0x0000021064bc0000] _byte_map_base: 0x00000210643ba000

Marking Bits (Prev, Next): (CMBitMap*) 0x0000021051cc5b90, (CMBitMap*) 0x0000021051cc5bd0
 Prev Bits: [0x0000021064f70000, 0x0000021066cc0000)
 Next Bits: [0x0000021066cc0000, 0x0000021068a10000)

Polling page: 0x0000021051430000

Metaspace:

Usage:
  Non-class:     14.66 MB used.
      Class:      1.63 MB used.
       Both:     16.30 MB used.

Virtual space:
  Non-class space:       16.00 MB reserved,      14.75 MB ( 92%) committed,  2 nodes.
      Class space:        1.00 GB reserved,       1.69 MB ( <1%) committed,  1 nodes.
             Both:        1.02 GB reserved,      16.44 MB (  2%) committed. 

Chunk freelists:
   Non-Class:  1.11 MB
       Class:  2.33 MB
        Both:  3.44 MB

MaxMetaspaceSize: unlimited
CompressedClassSpaceSize: 1.00 GB
Initial GC threshold: 21.00 MB
Current GC threshold: 21.00 MB
CDS: off
MetaspaceReclaimPolicy: balanced
 - commit_granule_bytes: 65536.
 - commit_granule_words: 8192.
 - virtual_space_node_default_size: 1048576.
 - enlarge_chunks_in_place: 1.
 - new_chunks_are_fully_committed: 0.
 - uncommit_free_chunks: 1.
 - use_allocation_guard: 0.
 - handle_deallocations: 1.


Internal statistics:

num_allocs_failed_limit: 0.
num_arena_births: 110.
num_arena_deaths: 0.
num_vsnodes_births: 3.
num_vsnodes_deaths: 0.
num_space_committed: 263.
num_space_uncommitted: 0.
num_chunks_returned_to_freelist: 0.
num_chunks_taken_from_freelist: 415.
num_chunk_merges: 0.
num_chunk_splits: 339.
num_chunks_enlarged: 292.
num_purges: 0.
num_inconsistent_stats: 0.

CodeHeap 'non-profiled nmethods': size=120000Kb used=474Kb max_used=474Kb free=119525Kb
 bounds [0x000002105cc00000, 0x000002105ce70000, 0x0000021064130000]
CodeHeap 'profiled nmethods': size=120000Kb used=2987Kb max_used=2987Kb free=117012Kb
 bounds [0x0000021055130000, 0x0000021055420000, 0x000002105c660000]
CodeHeap 'non-nmethods': size=5760Kb used=1173Kb max_used=1193Kb free=4586Kb
 bounds [0x000002105c660000, 0x000002105c8d0000, 0x000002105cc00000]
 total_blobs=2021 nmethods=1554 adapters=380
 compilation: enabled
              stopped_count=0, restarted_count=0
 full_count=0

Compilation events (20 events):
Event: 1.653 Thread 0x000002106c07c410 1541       3       jdk.internal.org.objectweb.asm.Handler::getExceptionTableSize (10 bytes)
Event: 1.653 Thread 0x000002106c07c410 nmethod 1541 0x0000021055416d10 code [0x0000021055416ec0, 0x00000210554170b8]
Event: 1.654 Thread 0x000002106c07c410 1543       3       java.lang.invoke.MethodType::parameterSlotCount (8 bytes)
Event: 1.654 Thread 0x000002106c07c410 nmethod 1543 0x0000021055417210 code [0x00000210554173a0, 0x00000210554174d8]
Event: 1.654 Thread 0x000002106c07c410 1544       3       java.util.ImmutableCollections$SetN$SetNIterator::<init> (36 bytes)
Event: 1.654 Thread 0x000002106c07c410 nmethod 1544 0x0000021055417590 code [0x0000021055417740, 0x0000021055417938]
Event: 1.654 Thread 0x000002106c07c410 1545       1       java.lang.invoke.MethodTypeForm::basicType (5 bytes)
Event: 1.655 Thread 0x000002106c07c410 nmethod 1545 0x000002105cc76290 code [0x000002105cc76420, 0x000002105cc764f8]
Event: 1.655 Thread 0x000002106c07c410 1547       3       jdk.internal.org.objectweb.asm.Frame::setLocal (65 bytes)
Event: 1.655 Thread 0x000002106c07c410 nmethod 1547 0x0000021055417a10 code [0x0000021055417be0, 0x0000021055418108]
Event: 1.655 Thread 0x000002106c07c410 1548       3       java.lang.invoke.InvokerBytecodeGenerator::emitImplicitConversion (161 bytes)
Event: 1.656 Thread 0x000002106c07c410 nmethod 1548 0x0000021055418290 code [0x00000210554185a0, 0x0000021055419418]
Event: 1.656 Thread 0x000002106c07c410 1551       3       java.lang.invoke.LambdaForm$BasicType::basicTypeSlots (8 bytes)
Event: 1.656 Thread 0x000002106c07c410 nmethod 1551 0x0000021055419910 code [0x0000021055419aa0, 0x0000021055419c18]
Event: 1.656 Thread 0x000002106c07c410 1549       3       java.lang.invoke.LambdaForm$NamedFunction::methodType (23 bytes)
Event: 1.656 Thread 0x000002106c07c410 nmethod 1549 0x0000021055419d10 code [0x0000021055419ec0, 0x000002105541a108]
Event: 1.656 Thread 0x000002106c07c410 1553       3       sun.invoke.util.Wrapper::forBasicType (16 bytes)
Event: 1.656 Thread 0x000002106c07c410 nmethod 1553 0x000002105541a210 code [0x000002105541a3c0, 0x000002105541a568]
Event: 1.656 Thread 0x000002106c07c410 1554       3       sun.invoke.util.BytecodeDescriptor::unparseSig (49 bytes)
Event: 1.656 Thread 0x000002106c07c410 nmethod 1554 0x000002105541a610 code [0x000002105541a840, 0x000002105541ad68]

GC Heap History (2 events):
Event: 0.920 GC heap before
{Heap before GC invocations=0 (full 0):
 garbage-first heap   total 120832K, used 27648K [0x000000008ac00000, 0x0000000100000000)
  region size 1024K, 23 young (23552K), 0 survivors (0K)
 Metaspace       used 13312K, committed 13440K, reserved 1064960K
  class space    used 1280K, committed 1344K, reserved 1048576K
}
Event: 0.926 GC heap after
{Heap after GC invocations=1 (full 0):
 garbage-first heap   total 120832K, used 6912K [0x000000008ac00000, 0x0000000100000000)
  region size 1024K, 3 young (3072K), 3 survivors (3072K)
 Metaspace       used 13312K, committed 13440K, reserved 1064960K
  class space    used 1280K, committed 1344K, reserved 1048576K
}

Dll operation events (1 events):
Event: 0.014 Loaded shared library C:\Program Files\Android\Android Studio\jbr\bin\java.dll

Deoptimization events (20 events):
Event: 1.032 Thread 0x0000021051c6cd20 DEOPT PACKING pc=0x000002105cc31270 sp=0x000000846dcfb540
Event: 1.032 Thread 0x0000021051c6cd20 DEOPT UNPACKING pc=0x000002105c6b69a3 sp=0x000000846dcfb428 mode 2
Event: 1.048 Thread 0x0000021051c6cd20 Uncommon trap: trap_request=0xffffffc6 fr.pc=0x000002105cc31270 relative=0x00000000000004f0
Event: 1.048 Thread 0x0000021051c6cd20 Uncommon trap: reason=bimorphic_or_optimized_type_check action=maybe_recompile pc=0x000002105cc31270 method=kotlin.reflect.jvm.internal.impl.protobuf.CodedInputStream.tryRefillBuffer(I)Z @ 175 c2
Event: 1.048 Thread 0x0000021051c6cd20 DEOPT PACKING pc=0x000002105cc31270 sp=0x000000846dcfbaf0
Event: 1.049 Thread 0x0000021051c6cd20 DEOPT UNPACKING pc=0x000002105c6b69a3 sp=0x000000846dcfb9d8 mode 2
Event: 1.080 Thread 0x0000021051c6cd20 Uncommon trap: trap_request=0xffffff45 fr.pc=0x000002105cc2a17c relative=0x000000000000033c
Event: 1.080 Thread 0x0000021051c6cd20 Uncommon trap: reason=unstable_if action=reinterpret pc=0x000002105cc2a17c method=java.util.concurrent.ConcurrentHashMap.get(Ljava/lang/Object;)Ljava/lang/Object; @ 76 c2
Event: 1.080 Thread 0x0000021051c6cd20 DEOPT PACKING pc=0x000002105cc2a17c sp=0x000000846dcfbfc0
Event: 1.081 Thread 0x0000021051c6cd20 DEOPT UNPACKING pc=0x000002105c6b69a3 sp=0x000000846dcfbf48 mode 2
Event: 1.332 Thread 0x0000021051c6cd20 Uncommon trap: trap_request=0xffffffc6 fr.pc=0x000002105cc31270 relative=0x00000000000004f0
Event: 1.332 Thread 0x0000021051c6cd20 Uncommon trap: reason=bimorphic_or_optimized_type_check action=maybe_recompile pc=0x000002105cc31270 method=kotlin.reflect.jvm.internal.impl.protobuf.CodedInputStream.tryRefillBuffer(I)Z @ 175 c2
Event: 1.332 Thread 0x0000021051c6cd20 DEOPT PACKING pc=0x000002105cc31270 sp=0x000000846dcfb950
Event: 1.332 Thread 0x0000021051c6cd20 DEOPT UNPACKING pc=0x000002105c6b69a3 sp=0x000000846dcfb838 mode 2
Event: 1.443 Thread 0x0000021051c6cd20 Uncommon trap: trap_request=0xffffff45 fr.pc=0x000002105cc2279c relative=0x000000000000027c
Event: 1.443 Thread 0x0000021051c6cd20 Uncommon trap: reason=unstable_if action=reinterpret pc=0x000002105cc2279c method=java.lang.String.startsWith(Ljava/lang/String;I)Z @ 14 c2
Event: 1.443 Thread 0x0000021051c6cd20 DEOPT PACKING pc=0x000002105cc2279c sp=0x000000846dcfc790
Event: 1.443 Thread 0x0000021051c6cd20 DEOPT UNPACKING pc=0x000002105c6b69a3 sp=0x000000846dcfc6f0 mode 2
Event: 1.553 Thread 0x0000021051c6cd20 DEOPT PACKING pc=0x00000210553a61b4 sp=0x000000846dcfdb90
Event: 1.553 Thread 0x0000021051c6cd20 DEOPT UNPACKING pc=0x000002105c6b7143 sp=0x000000846dcfd160 mode 0

Classes unloaded (0 events):
No events

Classes redefined (0 events):
No events

Internal exceptions (11 events):
Event: 1.502 Thread 0x0000021051c6cd20 Exception <a 'java/lang/NoSuchMethodError'{0x0000000091463db8}: 'java.lang.Object java.lang.invoke.DirectMethodHandle$Holder.newInvokeSpecial(java.lang.Object, java.lang.Object, java.lang.Object, java.lang.Object, java.lang.Object)'> (0x0000000091463db8) 
thrown [s\src\hotspot\share\interpreter\linkResolver.cpp, line 771]
Event: 1.634 Thread 0x0000021051c6cd20 Exception <a 'java/lang/NoSuchMethodError'{0x000000009104c7d0}: 'int java.lang.invoke.DelegatingMethodHandle$Holder.reinvoke_L(java.lang.Object, java.lang.Object, java.lang.Object, long, int, int)'> (0x000000009104c7d0) 
thrown [s\src\hotspot\share\interpreter\linkResolver.cpp, line 771]
Event: 1.637 Thread 0x0000021051c6cd20 Exception <a 'java/lang/NoSuchMethodError'{0x000000009105bbd8}: 'int java.lang.invoke.DelegatingMethodHandle$Holder.reinvoke_L(java.lang.Object, java.lang.Object, java.lang.Object, long, long, long)'> (0x000000009105bbd8) 
thrown [s\src\hotspot\share\interpreter\linkResolver.cpp, line 771]
Event: 1.640 Thread 0x0000021051c6cd20 Exception <a 'java/lang/NoSuchMethodError'{0x000000009106a818}: 'int java.lang.invoke.DelegatingMethodHandle$Holder.reinvoke_L(java.lang.Object, java.lang.Object, java.lang.Object, long, java.lang.Object, java.lang.Object)'> (0x000000009106a818) 
thrown [s\src\hotspot\share\interpreter\linkResolver.cpp, line 771]
Event: 1.642 Thread 0x0000021051c6cd20 Exception <a 'java/lang/NoSuchMethodError'{0x0000000091079398}: 'void java.lang.invoke.DelegatingMethodHandle$Holder.reinvoke_L(java.lang.Object, java.lang.Object, java.lang.Object, long, java.lang.Object)'> (0x0000000091079398) 
thrown [s\src\hotspot\share\interpreter\linkResolver.cpp, line 771]
Event: 1.644 Thread 0x0000021051c6cd20 Exception <a 'java/lang/NoSuchMethodError'{0x0000000091080fd0}: 'java.lang.Object java.lang.invoke.DirectMethodHandle$Holder.invokeSpecial(java.lang.Object, java.lang.Object, java.lang.Object, java.lang.Object, long)'> (0x0000000091080fd0) 
thrown [s\src\hotspot\share\interpreter\linkResolver.cpp, line 771]
Event: 1.647 Thread 0x0000021051c6cd20 Exception <a 'java/lang/NoSuchMethodError'{0x0000000091099980}: 'long java.lang.invoke.Invokers$Holder.invoke_MT(java.lang.Object, java.lang.Object, java.lang.Object, java.lang.Object)'> (0x0000000091099980) 
thrown [s\src\hotspot\share\interpreter\linkResolver.cpp, line 771]
Event: 1.649 Thread 0x0000021051c6cd20 Exception <a 'java/lang/NoSuchMethodError'{0x00000000910a51a0}: 'int java.lang.invoke.DirectMethodHandle$Holder.invokeSpecial(java.lang.Object, java.lang.Object, java.lang.Object)'> (0x00000000910a51a0) 
thrown [s\src\hotspot\share\interpreter\linkResolver.cpp, line 771]
Event: 1.649 Thread 0x0000021051c6cd20 Exception <a 'java/lang/NoSuchMethodError'{0x00000000910a91d0}: 'int java.lang.invoke.DirectMethodHandle$Holder.invokeSpecial(java.lang.Object, java.lang.Object, java.lang.Object, java.lang.Object)'> (0x00000000910a91d0) 
thrown [s\src\hotspot\share\interpreter\linkResolver.cpp, line 771]
Event: 1.650 Thread 0x0000021051c6cd20 Exception <a 'java/lang/NoSuchMethodError'{0x00000000910ac838}: 'int java.lang.invoke.Invokers$Holder.invoke_MT(java.lang.Object, java.lang.Object, java.lang.Object, java.lang.Object)'> (0x00000000910ac838) 
thrown [s\src\hotspot\share\interpreter\linkResolver.cpp, line 771]
Event: 1.653 Thread 0x0000021051c6cd20 Exception <a 'java/lang/NoSuchMethodError'{0x00000000910bc458}: 'int java.lang.invoke.DelegatingMethodHandle$Holder.reinvoke_L(java.lang.Object, java.lang.Object, java.lang.Object, long, int)'> (0x00000000910bc458) 
thrown [s\src\hotspot\share\interpreter\linkResolver.cpp, line 771]

VM Operations (14 events):
Event: 0.151 Executing VM operation: HandshakeAllThreads
Event: 0.151 Executing VM operation: HandshakeAllThreads done
Event: 0.342 Executing VM operation: HandshakeAllThreads
Event: 0.342 Executing VM operation: HandshakeAllThreads done
Event: 0.590 Executing VM operation: HandshakeAllThreads
Event: 0.590 Executing VM operation: HandshakeAllThreads done
Event: 0.920 Executing VM operation: G1CollectForAllocation
Event: 0.926 Executing VM operation: G1CollectForAllocation done
Event: 1.061 Executing VM operation: HandshakeAllThreads
Event: 1.061 Executing VM operation: HandshakeAllThreads done
Event: 1.395 Executing VM operation: ICBufferFull
Event: 1.395 Executing VM operation: ICBufferFull done
Event: 1.553 Executing VM operation: HandshakeAllThreads
Event: 1.553 Executing VM operation: HandshakeAllThreads done

Events (20 events):
Event: 1.589 loading class java/util/stream/ReduceOps$3ReducingSink
Event: 1.589 loading class java/util/stream/ReduceOps$AccumulatingSink
Event: 1.589 loading class java/util/stream/TerminalSink
Event: 1.589 loading class java/util/stream/Sink
Event: 1.589 loading class java/util/stream/Sink done
Event: 1.589 loading class java/util/stream/TerminalSink done
Event: 1.589 loading class java/util/stream/ReduceOps$AccumulatingSink done
Event: 1.589 loading class java/util/stream/ReduceOps$Box
Event: 1.589 loading class java/util/stream/ReduceOps$Box done
Event: 1.589 loading class java/util/stream/ReduceOps$3ReducingSink done
Event: 1.589 loading class java/util/stream/ReferencePipeline$3$1
Event: 1.589 loading class java/util/stream/Sink$ChainedReference
Event: 1.589 loading class java/util/stream/Sink$ChainedReference done
Event: 1.589 loading class java/util/stream/ReferencePipeline$3$1 done
Event: 1.628 loading class sun/misc/Unsafe
Event: 1.629 loading class sun/misc/Unsafe done
Event: 1.631 loading class java/util/function/Predicate
Event: 1.631 loading class java/util/function/Predicate done
Event: 1.635 loading class java/lang/invoke/BoundMethodHandle$Species_LL
Event: 1.635 loading class java/lang/invoke/BoundMethodHandle$Species_LL done


Dynamic libraries:
0x00007ff7e00f0000 - 0x00007ff7e00fa000 	C:\Program Files\Android\Android Studio\jbr\bin\java.exe
0x00007ffc8fc90000 - 0x00007ffc8fea6000 	C:\WINDOWS\SYSTEM32\ntdll.dll
0x00007ffc8e120000 - 0x00007ffc8e1e4000 	C:\WINDOWS\System32\KERNEL32.DLL
0x00007ffc8cfd0000 - 0x00007ffc8d376000 	C:\WINDOWS\System32\KERNELBASE.dll
0x00007ffc8d470000 - 0x00007ffc8d581000 	C:\WINDOWS\System32\ucrtbase.dll
0x00007ffc88570000 - 0x00007ffc8858b000 	C:\Program Files\Android\Android Studio\jbr\bin\VCRUNTIME140.dll
0x00007ffc70040000 - 0x00007ffc70057000 	C:\Program Files\Android\Android Studio\jbr\bin\jli.dll
0x00007ffc8ed20000 - 0x00007ffc8eecd000 	C:\WINDOWS\System32\USER32.dll
0x00007ffc8d6b0000 - 0x00007ffc8d6d6000 	C:\WINDOWS\System32\win32u.dll
0x00007ffc81f90000 - 0x00007ffc82223000 	C:\WINDOWS\WinSxS\amd64_microsoft.windows.common-controls_6595b64144ccf1df_6.0.22621.3235_none_270f74e173860f98\COMCTL32.dll
0x00007ffc8f520000 - 0x00007ffc8f549000 	C:\WINDOWS\System32\GDI32.dll
0x00007ffc8df30000 - 0x00007ffc8dfd7000 	C:\WINDOWS\System32\msvcrt.dll
0x00007ffc8d6e0000 - 0x00007ffc8d7f8000 	C:\WINDOWS\System32\gdi32full.dll
0x00007ffc8d590000 - 0x00007ffc8d62a000 	C:\WINDOWS\System32\msvcp_win.dll
0x00007ffc8f600000 - 0x00007ffc8f631000 	C:\WINDOWS\System32\IMM32.DLL
0x00007ffc888e0000 - 0x00007ffc888ec000 	C:\Program Files\Android\Android Studio\jbr\bin\vcruntime140_1.dll
0x00007ffc6aae0000 - 0x00007ffc6ab6d000 	C:\Program Files\Android\Android Studio\jbr\bin\msvcp140.dll
0x00007ffbfab80000 - 0x00007ffbfb7ee000 	C:\Program Files\Android\Android Studio\jbr\bin\server\jvm.dll
0x00007ffc8dac0000 - 0x00007ffc8db72000 	C:\WINDOWS\System32\ADVAPI32.dll
0x00007ffc8f550000 - 0x00007ffc8f5f8000 	C:\WINDOWS\System32\sechost.dll
0x00007ffc8d440000 - 0x00007ffc8d468000 	C:\WINDOWS\System32\bcrypt.dll
0x00007ffc8f640000 - 0x00007ffc8f755000 	C:\WINDOWS\System32\RPCRT4.dll
0x00007ffc708c0000 - 0x00007ffc708c9000 	C:\WINDOWS\SYSTEM32\WSOCK32.dll
0x00007ffc85a40000 - 0x00007ffc85a4a000 	C:\WINDOWS\SYSTEM32\VERSION.dll
0x00007ffc84be0000 - 0x00007ffc84c14000 	C:\WINDOWS\SYSTEM32\WINMM.dll
0x00007ffc8da40000 - 0x00007ffc8dab1000 	C:\WINDOWS\System32\WS2_32.dll
0x00007ffc8c010000 - 0x00007ffc8c028000 	C:\WINDOWS\SYSTEM32\kernel.appcore.dll
0x00007ffc859a0000 - 0x00007ffc859aa000 	C:\Program Files\Android\Android Studio\jbr\bin\jimage.dll
0x00007ffc7cdb0000 - 0x00007ffc7cfe3000 	C:\WINDOWS\SYSTEM32\DBGHELP.DLL
0x00007ffc8f8c0000 - 0x00007ffc8fc48000 	C:\WINDOWS\System32\combase.dll
0x00007ffc8e040000 - 0x00007ffc8e117000 	C:\WINDOWS\System32\OLEAUT32.dll
0x00007ffc7cd50000 - 0x00007ffc7cd82000 	C:\WINDOWS\SYSTEM32\dbgcore.DLL
0x00007ffc8d630000 - 0x00007ffc8d6aa000 	C:\WINDOWS\System32\bcryptPrimitives.dll
0x00007ffc7b6e0000 - 0x00007ffc7b705000 	C:\Program Files\Android\Android Studio\jbr\bin\java.dll
0x00007ffc7b6c0000 - 0x00007ffc7b6d8000 	C:\Program Files\Android\Android Studio\jbr\bin\zip.dll
0x00007ffc8e290000 - 0x00007ffc8eaed000 	C:\WINDOWS\System32\SHELL32.dll
0x00007ffc8af30000 - 0x00007ffc8b828000 	C:\WINDOWS\SYSTEM32\windows.storage.dll
0x00007ffc8adf0000 - 0x00007ffc8af2e000 	C:\WINDOWS\SYSTEM32\wintypes.dll
0x00007ffc8dde0000 - 0x00007ffc8ded3000 	C:\WINDOWS\System32\SHCORE.dll
0x00007ffc8dfe0000 - 0x00007ffc8e03e000 	C:\WINDOWS\System32\shlwapi.dll
0x00007ffc8cf00000 - 0x00007ffc8cf26000 	C:\WINDOWS\SYSTEM32\profapi.dll
0x00007ffc7b400000 - 0x00007ffc7b419000 	C:\Program Files\Android\Android Studio\jbr\bin\net.dll
0x00007ffc85000000 - 0x00007ffc85137000 	C:\WINDOWS\SYSTEM32\WINHTTP.dll
0x00007ffc8c500000 - 0x00007ffc8c569000 	C:\WINDOWS\system32\mswsock.dll
0x00007ffc7b3e0000 - 0x00007ffc7b3f6000 	C:\Program Files\Android\Android Studio\jbr\bin\nio.dll

dbghelp: loaded successfully - version: 4.0.5 - missing functions: none
symbol engine: initialized successfully - sym options: 0x614 - pdb path: .;C:\Program Files\Android\Android Studio\jbr\bin;C:\WINDOWS\SYSTEM32;C:\WINDOWS\WinSxS\amd64_microsoft.windows.common-controls_6595b64144ccf1df_6.0.22621.3235_none_270f74e173860f98;C:\Program Files\Android\Android Studio\jbr\bin\server

VM Arguments:
java_command: org.jetbrains.kotlin.cli.jvm.K2JVMCompiler @C:\Users\23480\Documents\androidproject\TaskApp\app\build\20240328_9525661388379258013.compiler.options
java_class_path (initial): C:\Users\23480\.gradle\caches\modules-2\files-2.1\org.jetbrains.kotlin\kotlin-compiler-embeddable\1.8.0\eb9118d4bcceaa2a94b2ae2a33a4ddba7c9a947f\kotlin-compiler-embeddable-1.8.0.jar;C:\Users\23480\.gradle\caches\modules-2\files-2.1\org.jetbrains.kotlin\kotlin-stdlib\1.8.0\1796921c7a3e2e2665a83e6c8d33399336cd39bc\kotlin-stdlib-1.8.0.jar;C:\Users\23480\.gradle\caches\modules-2\files-2.1\org.jetbrains.kotlin\kotlin-script-runtime\1.8.0\b2f7e760d283cb339974851c222a4c1d48f2d3d\kotlin-script-runtime-1.8.0.jar;C:\Users\23480\.gradle\caches\modules-2\files-2.1\org.jetbrains.kotlin\kotlin-reflect\1.6.10\1cbe9c92c12a94eea200d23c2bbaedaf3daf5132\kotlin-reflect-1.6.10.jar;C:\Users\23480\.gradle\caches\modules-2\files-2.1\org.jetbrains.kotlin\kotlin-daemon-embeddable\1.8.0\d255216c551685dc3a7e852b53617f5f01aaaa5c\kotlin-daemon-embeddable-1.8.0.jar;C:\Users\23480\.gradle\caches\modules-2\files-2.1\org.jetbrains.intellij.deps\trove4j\1.0.20200330\3afb14d5f9ceb459d724e907a21145e8ff394f02\trove4j-1.0.20200330.jar;C:\Users\23480\.gradle\caches\modules-2\files-2.1\net.java.dev.jna\jna\5.6.0\330f2244e9030119ab3030fc3fededc86713d9cc\jna-5.6.0.jar;C:\Users\23480\.gradle\caches\modules-2\files-2.1\org.jetbrains.kotlin\kotlin-stdlib-common\1.8.0\f7197e7cc76453ac59f8b0f8d5137cc600becd36\kotlin-stdlib-common-1.8.0.jar;C:\Users\23480\.gradle\caches\modules-2\files-2.1\org.jetbrains\annotations\13.0\919f0dfe192fb4e063e7dacadee7f8bb9a2672a9\annotations-13.0.jar
Launcher Type: SUN_STANDARD

[Global flags]
     intx CICompilerCount                          = 4                                         {product} {ergonomic}
     uint ConcGCThreads                            = 2                                         {product} {ergonomic}
     uint G1ConcRefinementThreads                  = 8                                         {product} {ergonomic}
   size_t G1HeapRegionSize                         = 1048576                                   {product} {ergonomic}
    uintx GCDrainStackTargetSize                   = 64                                        {product} {ergonomic}
   size_t InitialHeapSize                          = 123731968                                 {product} {ergonomic}
   size_t MarkStackSize                            = 4194304                                   {product} {ergonomic}
   size_t MaxHeapSize                              = 1967128576                                {product} {ergonomic}
   size_t MaxNewSize                               = 1179648000                                {product} {ergonomic}
   size_t MinHeapDeltaBytes                        = 1048576                                   {product} {ergonomic}
   size_t MinHeapSize                              = 8388608                                   {product} {ergonomic}
    uintx NonNMethodCodeHeapSize                   = 5839372                                {pd product} {ergonomic}
    uintx NonProfiledCodeHeapSize                  = 122909434                              {pd product} {ergonomic}
    uintx ProfiledCodeHeapSize                     = 122909434                              {pd product} {ergonomic}
    uintx ReservedCodeCacheSize                    = 251658240                              {pd product} {ergonomic}
     bool SegmentedCodeCache                       = true                                      {product} {ergonomic}
   size_t SoftMaxHeapSize                          = 1967128576                             {manageable} {ergonomic}
     bool UseCompressedClassPointers               = true                           {product lp64_product} {ergonomic}
     bool UseCompressedOops                        = true                           {product lp64_product} {ergonomic}
     bool UseG1GC                                  = true                                      {product} {ergonomic}
     bool UseLargePagesIndividualAllocation        = false                                  {pd product} {ergonomic}

Logging:
Log output configuration:
 #0: stdout all=warning uptime,level,tags
 #1: stderr all=off uptime,level,tags

Environment Variables:
PATH=C:\WINDOWS\system32;C:\WINDOWS;C:\WINDOWS\System32\Wbem;C:\WINDOWS\System32\WindowsPowerShell\v1.0\;C:\WINDOWS\System32\OpenSSH\;C:\Program Files\nodejs\;C:\Program Files\Git\cmd;C:\Users\23480\AppData\Local\Programs\Python\Python311\Scripts\;C:\Users\23480\AppData\Local\Programs\Python\Python311\;C:\Users\23480\AppData\Local\Microsoft\WindowsApps;C:\Users\23480\AppData\Local\atom\bin;C:\Users\23480\AppData\Local\Programs\Microsoft VS Code\bin;C:\Users\23480\AppData\Local\Microsoft\WindowsApps;;C:\Program Files\JetBrains\IntelliJ IDEA Community Edition 2023.2.1\bin;;C:\Users\23480\AppData\Roaming\npm
USERNAME=23480
OS=Windows_NT
PROCESSOR_IDENTIFIER=AMD64 Family 23 Model 104 Stepping 1, AuthenticAMD
TMP=C:\Users\23480\AppData\Local\Temp
TEMP=C:\Users\23480\AppData\Local\Temp


JNI global refs:
JNI global refs: 8, weak refs: 0

JNI global refs memory usage: 843, weak refs: 841


---------------  S Y S T E M  ---------------

OS:
 Windows 11 , 64 bit Build 22621 (10.0.22621.3235)
OS uptime: 0 days 7:12 hours

CPU: total 8 (initial active 8) (8 cores per cpu, 2 threads per core) family 23 model 104 stepping 1 microcode 0x0, cx8, cmov, fxsr, ht, mmx, 3dnowpref, sse, sse2, sse3, ssse3, sse4a, sse4.1, sse4.2, popcnt, lzcnt, tsc, tscinvbit, avx, avx2, aes, clmul, bmi1, bmi2, adx, sha, fma, vzeroupper, clflush, clflushopt

Memory: 4k page, system-wide physical 7502M (317M free)
TotalPageFile size 11571M (AvailPageFile size 0M)
current process WorkingSet (physical memory assigned to process): 88M, peak: 88M
current process commit charge ("private bytes"): 217M, peak: 217M

vm_info: OpenJDK 64-Bit Server VM (17.0.6+0-b2043.56-10027231) for windows-amd64 JRE (17.0.6+0-b2043.56-10027231), built on Apr 28 2023 00:43:19 by "androidbuild" with MS VC++ 16.10 / 16.11 (VS2019)

END.
