#
# There is insufficient memory for the Java Runtime Environment to continue.
# Native memory allocation (malloc) failed to allocate 2086320 bytes for Chunk::new
# Possible reasons:
#   The system is out of physical RAM or swap space
#   The process is running with CompressedOops enabled, and the Java Heap may be blocking the growth of the native heap
# Possible solutions:
#   Reduce memory load on the system
#   Increase physical memory or swap space
#   Check if swap backing store is full
#   Decrease Java heap size (-Xmx/-Xms)
#   Decrease number of Java threads
#   Decrease Java thread stack sizes (-Xss)
#   Set larger code cache with -XX:ReservedCodeCacheSize=
#   JVM is running with Unscaled Compressed Oops mode in which the Java heap is
#     placed in the first 4GB address space. The Java Heap base address is the
#     maximum limit for the native heap growth. Please use -XX:HeapBaseMinAddress
#     to set the Java Heap base and to place the Java Heap above 4GB virtual address.
# This output file may be truncated or incomplete.
#
#  Out of Memory Error (arena.cpp:189), pid=12708, tid=11684
#
# JRE version: OpenJDK Runtime Environment (17.0.6) (build 17.0.6+0-b2043.56-10027231)
# Java VM: OpenJDK 64-Bit Server VM (17.0.6+0-b2043.56-10027231, mixed mode, tiered, compressed oops, compressed class ptrs, g1 gc, windows-amd64)
# No core dump will be written. Minidumps are not enabled by default on client versions of Windows
#

---------------  S U M M A R Y ------------

Command Line: --add-opens=java.base/java.util=ALL-UNNAMED --add-opens=java.base/java.lang=ALL-UNNAMED --add-opens=java.base/java.lang.invoke=ALL-UNNAMED --add-opens=java.prefs/java.util.prefs=ALL-UNNAMED --add-opens=java.base/java.nio.charset=ALL-UNNAMED --add-opens=java.base/java.net=ALL-UNNAMED --add-opens=java.base/java.util.concurrent.atomic=ALL-UNNAMED -Xmx2048m -Dfile.encoding=UTF-8 -Duser.country=US -Duser.language=en -Duser.variant org.gradle.launcher.daemon.bootstrap.GradleDaemon 8.0

Host: AMD Ryzen 3 5300U with Radeon Graphics         , 8 cores, 7G,  Windows 11 , 64 bit Build 22621 (10.0.22621.3235)
Time: Mon Mar 25 12:13:09 2024 W. Central Africa Standard Time elapsed time: 6.969183 seconds (0d 0h 0m 6s)

---------------  T H R E A D  ---------------

Current thread (0x000001cf2a447c60):  JavaThread "C2 CompilerThread0" daemon [_thread_in_native, id=11684, stack(0x000000b9bc700000,0x000000b9bc800000)]


Current CompileTask:
C2:   6969 4718   !   4       java.net.URLClassLoader::findClass (47 bytes)

Stack: [0x000000b9bc700000,0x000000b9bc800000]
Native frames: (J=compiled Java code, j=interpreted, Vv=VM code, C=native code)
V  [jvm.dll+0x683c9a]
V  [jvm.dll+0x8427a4]
V  [jvm.dll+0x843f9e]
V  [jvm.dll+0x844603]
V  [jvm.dll+0x249b75]
V  [jvm.dll+0xabcac]
V  [jvm.dll+0xac27c]
V  [jvm.dll+0x368857]
V  [jvm.dll+0x332f31]
V  [jvm.dll+0x3323da]
V  [jvm.dll+0x21c201]
V  [jvm.dll+0x21b621]
V  [jvm.dll+0x1a4fdd]
V  [jvm.dll+0x22b098]
V  [jvm.dll+0x229159]
V  [jvm.dll+0x7f81ec]
V  [jvm.dll+0x7f274a]
V  [jvm.dll+0x682ad5]
C  [ucrtbase.dll+0x29363]
C  [KERNEL32.DLL+0x1257d]
C  [ntdll.dll+0x5aa58]


---------------  P R O C E S S  ---------------

Threads class SMR info:
_java_thread_list=0x000001cf2fe2fb10, length=44, elements={
0x000001cf0db30800, 0x000001cf295326a0, 0x000001cf29533ec0, 0x000001cf2a40f3b0,
0x000001cf2a443fb0, 0x000001cf2a444960, 0x000001cf2a445ab0, 0x000001cf2a447c60,
0x000001cf2a44d0c0, 0x000001cf2a46c010, 0x000001cf2a5daaa0, 0x000001cf2a600280,
0x000001cf2bf50360, 0x000001cf2bf4f9c0, 0x000001cf2bf4fe90, 0x000001cf2bf50d00,
0x000001cf2bf50830, 0x000001cf2bf511d0, 0x000001cf2bf4f020, 0x000001cf2bf4f4f0,
0x000001cf2bf4e680, 0x000001cf2bf516a0, 0x000001cf2bf51b70, 0x000001cf2bf4e1b0,
0x000001cf2cac0a10, 0x000001cf2bf4eb50, 0x000001cf2d910a70, 0x000001cf2d9152a0,
0x000001cf2d916110, 0x000001cf2d90fc00, 0x000001cf2d915770, 0x000001cf2d913a90,
0x000001cf2d913f60, 0x000001cf2d9100d0, 0x000001cf2d915c40, 0x000001cf2d914430,
0x000001cf2d914900, 0x000001cf2d9165e0, 0x000001cf2d916ab0, 0x000001cf2d916f80,
0x000001cf2d911db0, 0x000001cf2d9105a0, 0x000001cf2d914dd0, 0x000001cf2d9118e0
}

Java Threads: ( => current thread )
  0x000001cf0db30800 JavaThread "main" [_thread_blocked, id=13508, stack(0x000000b9bba00000,0x000000b9bbb00000)]
  0x000001cf295326a0 JavaThread "Reference Handler" daemon [_thread_blocked, id=7324, stack(0x000000b9bc100000,0x000000b9bc200000)]
  0x000001cf29533ec0 JavaThread "Finalizer" daemon [_thread_blocked, id=10336, stack(0x000000b9bc200000,0x000000b9bc300000)]
  0x000001cf2a40f3b0 JavaThread "Signal Dispatcher" daemon [_thread_blocked, id=3224, stack(0x000000b9bc300000,0x000000b9bc400000)]
  0x000001cf2a443fb0 JavaThread "Attach Listener" daemon [_thread_blocked, id=5112, stack(0x000000b9bc400000,0x000000b9bc500000)]
  0x000001cf2a444960 JavaThread "Service Thread" daemon [_thread_blocked, id=9156, stack(0x000000b9bc500000,0x000000b9bc600000)]
  0x000001cf2a445ab0 JavaThread "Monitor Deflation Thread" daemon [_thread_blocked, id=3308, stack(0x000000b9bc600000,0x000000b9bc700000)]
=>0x000001cf2a447c60 JavaThread "C2 CompilerThread0" daemon [_thread_in_native, id=11684, stack(0x000000b9bc700000,0x000000b9bc800000)]
  0x000001cf2a44d0c0 JavaThread "C1 CompilerThread0" daemon [_thread_blocked, id=18896, stack(0x000000b9bc800000,0x000000b9bc900000)]
  0x000001cf2a46c010 JavaThread "Sweeper thread" daemon [_thread_blocked, id=21716, stack(0x000000b9bc900000,0x000000b9bca00000)]
  0x000001cf2a5daaa0 JavaThread "Common-Cleaner" daemon [_thread_blocked, id=19656, stack(0x000000b9bca00000,0x000000b9bcb00000)]
  0x000001cf2a600280 JavaThread "Notification Thread" daemon [_thread_blocked, id=19732, stack(0x000000b9bcb00000,0x000000b9bcc00000)]
  0x000001cf2bf50360 JavaThread "Daemon health stats" [_thread_blocked, id=11088, stack(0x000000b9bd300000,0x000000b9bd400000)]
  0x000001cf2bf4f9c0 JavaThread "Incoming local TCP Connector on port 52144" [_thread_in_native, id=1348, stack(0x000000b9bce00000,0x000000b9bcf00000)]
  0x000001cf2bf4fe90 JavaThread "Daemon periodic checks" [_thread_blocked, id=15544, stack(0x000000b9bd400000,0x000000b9bd500000)]
  0x000001cf2bf50d00 JavaThread "Daemon" [_thread_blocked, id=7640, stack(0x000000b9bd500000,0x000000b9bd600000)]
  0x000001cf2bf50830 JavaThread "Handler for socket connection from /127.0.0.1:52144 to /127.0.0.1:52145" [_thread_in_native, id=8040, stack(0x000000b9bd600000,0x000000b9bd700000)]
  0x000001cf2bf511d0 JavaThread "Cancel handler" [_thread_blocked, id=3700, stack(0x000000b9bd700000,0x000000b9bd800000)]
  0x000001cf2bf4f020 JavaThread "Daemon worker" [_thread_in_vm, id=2528, stack(0x000000b9bd800000,0x000000b9bd900000)]
  0x000001cf2bf4f4f0 JavaThread "Asynchronous log dispatcher for DefaultDaemonConnection: socket connection from /127.0.0.1:52144 to /127.0.0.1:52145" [_thread_blocked, id=17744, stack(0x000000b9bd900000,0x000000b9bda00000)]
  0x000001cf2bf4e680 JavaThread "Stdin handler" [_thread_blocked, id=19020, stack(0x000000b9bda00000,0x000000b9bdb00000)]
  0x000001cf2bf516a0 JavaThread "Daemon client event forwarder" [_thread_blocked, id=15004, stack(0x000000b9bdb00000,0x000000b9bdc00000)]
  0x000001cf2bf51b70 JavaThread "Cache worker for journal cache (C:\Users\23480\.gradle\caches\journal-1)" [_thread_blocked, id=12864, stack(0x000000b9bdf00000,0x000000b9be000000)]
  0x000001cf2bf4e1b0 JavaThread "File lock request listener" [_thread_in_native, id=3932, stack(0x000000b9be000000,0x000000b9be100000)]
  0x000001cf2cac0a10 JavaThread "C2 CompilerThread1" daemon [_thread_in_native, id=14308, stack(0x000000b9be100000,0x000000b9be200000)]
  0x000001cf2bf4eb50 JavaThread "Cache worker for file hash cache (C:\Users\23480\.gradle\caches\8.0\fileHashes)" [_thread_blocked, id=13724, stack(0x000000b9be200000,0x000000b9be300000)]
  0x000001cf2d910a70 JavaThread "File watcher server" daemon [_thread_in_native, id=6000, stack(0x000000b9be300000,0x000000b9be400000)]
  0x000001cf2d9152a0 JavaThread "File watcher consumer" daemon [_thread_blocked, id=10408, stack(0x000000b9be400000,0x000000b9be500000)]
  0x000001cf2d916110 JavaThread "jar transforms" [_thread_blocked, id=6776, stack(0x000000b9be500000,0x000000b9be600000)]
  0x000001cf2d90fc00 JavaThread "jar transforms Thread 2" [_thread_blocked, id=7204, stack(0x000000b9be600000,0x000000b9be700000)]
  0x000001cf2d915770 JavaThread "jar transforms Thread 3" [_thread_blocked, id=15364, stack(0x000000b9be700000,0x000000b9be800000)]
  0x000001cf2d913a90 JavaThread "jar transforms Thread 4" [_thread_blocked, id=7480, stack(0x000000b9be800000,0x000000b9be900000)]
  0x000001cf2d913f60 JavaThread "jar transforms Thread 5" [_thread_blocked, id=20320, stack(0x000000b9be900000,0x000000b9bea00000)]
  0x000001cf2d9100d0 JavaThread "jar transforms Thread 6" [_thread_blocked, id=3812, stack(0x000000b9bea00000,0x000000b9beb00000)]
  0x000001cf2d915c40 JavaThread "jar transforms Thread 7" [_thread_blocked, id=8336, stack(0x000000b9beb00000,0x000000b9bec00000)]
  0x000001cf2d914430 JavaThread "jar transforms Thread 8" [_thread_blocked, id=22368, stack(0x000000b9bec00000,0x000000b9bed00000)]
  0x000001cf2d914900 JavaThread "Cache worker for checksums cache (C:\Users\23480\Documents\androidproject\TaskApp\.gradle\8.0\checksums)" [_thread_blocked, id=9780, stack(0x000000b9bed00000,0x000000b9bee00000)]
  0x000001cf2d9165e0 JavaThread "Cache worker for cache directory md-rule (C:\Users\23480\.gradle\caches\8.0\md-rule)" [_thread_blocked, id=18404, stack(0x000000b9bee00000,0x000000b9bef00000)]
  0x000001cf2d916ab0 JavaThread "Cache worker for file content cache (C:\Users\23480\.gradle\caches\8.0\fileContent)" [_thread_blocked, id=2788, stack(0x000000b9bef00000,0x000000b9bf000000)]
  0x000001cf2d916f80 JavaThread "Cache worker for file hash cache (C:\Users\23480\Documents\androidproject\TaskApp\.gradle\8.0\fileHashes)" [_thread_blocked, id=5300, stack(0x000000b9bf000000,0x000000b9bf100000)]
  0x000001cf2d911db0 JavaThread "Cache worker for cache directory md-supplier (C:\Users\23480\.gradle\caches\8.0\md-supplier)" [_thread_blocked, id=20844, stack(0x000000b9bf100000,0x000000b9bf200000)]
  0x000001cf2d9105a0 JavaThread "Cache worker for execution history cache (C:\Users\23480\.gradle\caches\8.0\executionHistory)" [_thread_blocked, id=14680, stack(0x000000b9bf200000,0x000000b9bf300000)]
  0x000001cf2d914dd0 JavaThread "Cache worker for kotlin-dsl (C:\Users\23480\.gradle\caches\8.0\kotlin-dsl)" [_thread_blocked, id=10276, stack(0x000000b9bf300000,0x000000b9bf400000)]
  0x000001cf2d9118e0 JavaThread "Cache worker for dependencies-accessors (C:\Users\23480\Documents\androidproject\TaskApp\.gradle\8.0\dependencies-accessors)" [_thread_blocked, id=19104, stack(0x000000b9bf400000,0x000000b9bf500000)]

Other Threads:
  0x000001cf294f7c60 VMThread "VM Thread" [stack: 0x000000b9bc000000,0x000000b9bc100000] [id=11332]
  0x000001cf0dba5c70 WatcherThread [stack: 0x000000b9bcc00000,0x000000b9bcd00000] [id=5068]
  0x000001cf0db8b150 GCTaskThread "GC Thread#0" [stack: 0x000000b9bbb00000,0x000000b9bbc00000] [id=20440]
  0x000001cf2a7c9860 GCTaskThread "GC Thread#1" [stack: 0x000000b9bcf00000,0x000000b9bd000000] [id=20172]
  0x000001cf2b306c80 GCTaskThread "GC Thread#2" [stack: 0x000000b9bd000000,0x000000b9bd100000] [id=13012]
  0x000001cf2b4d04b0 GCTaskThread "GC Thread#3" [stack: 0x000000b9bd100000,0x000000b9bd200000] [id=864]
  0x000001cf2b4765b0 GCTaskThread "GC Thread#4" [stack: 0x000000b9bd200000,0x000000b9bd300000] [id=19576]
  0x000001cf2bf060f0 GCTaskThread "GC Thread#5" [stack: 0x000000b9bcd00000,0x000000b9bce00000] [id=5660]
  0x000001cf2bf05e40 GCTaskThread "GC Thread#6" [stack: 0x000000b9bdc00000,0x000000b9bdd00000] [id=9892]
  0x000001cf2bf063a0 GCTaskThread "GC Thread#7" [stack: 0x000000b9bdd00000,0x000000b9bde00000] [id=8172]
  0x000001cf0db9bf90 ConcurrentGCThread "G1 Main Marker" [stack: 0x000000b9bbc00000,0x000000b9bbd00000] [id=780]
  0x000001cf0db9f050 ConcurrentGCThread "G1 Conc#0" [stack: 0x000000b9bbd00000,0x000000b9bbe00000] [id=20720]
  0x000001cf2bf06650 ConcurrentGCThread "G1 Conc#1" [stack: 0x000000b9bde00000,0x000000b9bdf00000] [id=11644]
  0x000001cf293a5d90 ConcurrentGCThread "G1 Refine#0" [stack: 0x000000b9bbe00000,0x000000b9bbf00000] [id=11540]
  0x000001cf293a66b0 ConcurrentGCThread "G1 Service" [stack: 0x000000b9bbf00000,0x000000b9bc000000] [id=12996]

Threads with active compile tasks:
C2 CompilerThread0     6991 4718   !   4       java.net.URLClassLoader::findClass (47 bytes)
C2 CompilerThread1     6991 4719       4       java.net.URLClassLoader$1::run (5 bytes)

VM state: not at safepoint (normal execution)

VM Mutex/Monitor currently owned by a thread: None

Heap address: 0x0000000080000000, size: 2048 MB, Compressed Oops mode: 32-bit

CDS archive(s) not mapped
Compressed class space mapped at: 0x0000000100000000-0x0000000140000000, reserved size: 1073741824
Narrow klass base: 0x0000000000000000, Narrow klass shift: 3, Narrow klass range: 0x140000000

GC Precious Log:
 CPUs: 8 total, 8 available
 Memory: 7502M
 Large Page Support: Disabled
 NUMA Support: Disabled
 Compressed Oops: Enabled (32-bit)
 Heap Region Size: 1M
 Heap Min Capacity: 8M
 Heap Initial Capacity: 118M
 Heap Max Capacity: 2G
 Pre-touch: Disabled
 Parallel Workers: 8
 Concurrent Workers: 2
 Concurrent Refinement Workers: 8
 Periodic GC: Disabled

Heap:
 garbage-first heap   total 195584K, used 75372K [0x0000000080000000, 0x0000000100000000)
  region size 1024K, 7 young (7168K), 1 survivors (1024K)
 Metaspace       used 52464K, committed 53056K, reserved 1097728K
  class space    used 7008K, committed 7296K, reserved 1048576K

Heap Regions: E=young(eden), S=young(survivor), O=old, HS=humongous(starts), HC=humongous(continues), CS=collection set, F=free, OA=open archive, CA=closed archive, TAMS=top-at-mark-start (previous, next)
|   0|0x0000000080000000, 0x0000000080100000, 0x0000000080100000|100%|HS|  |TAMS 0x0000000080100000, 0x0000000080000000| Complete 
|   1|0x0000000080100000, 0x0000000080200000, 0x0000000080200000|100%|HC|  |TAMS 0x0000000080200000, 0x0000000080100000| Complete 
|   2|0x0000000080200000, 0x0000000080300000, 0x0000000080300000|100%|HC|  |TAMS 0x0000000080300000, 0x0000000080200000| Complete 
|   3|0x0000000080300000, 0x0000000080400000, 0x0000000080400000|100%|HC|  |TAMS 0x0000000080400000, 0x0000000080300000| Complete 
|   4|0x0000000080400000, 0x0000000080500000, 0x0000000080500000|100%| O|  |TAMS 0x0000000080500000, 0x0000000080400000| Untracked 
|   5|0x0000000080500000, 0x0000000080600000, 0x0000000080600000|100%| O|  |TAMS 0x0000000080600000, 0x0000000080500000| Untracked 
|   6|0x0000000080600000, 0x0000000080700000, 0x0000000080700000|100%| O|  |TAMS 0x0000000080700000, 0x0000000080600000| Untracked 
|   7|0x0000000080700000, 0x0000000080800000, 0x0000000080800000|100%| O|  |TAMS 0x0000000080800000, 0x0000000080700000| Untracked 
|   8|0x0000000080800000, 0x0000000080900000, 0x0000000080900000|100%| O|  |TAMS 0x0000000080900000, 0x0000000080800000| Untracked 
|   9|0x0000000080900000, 0x0000000080a00000, 0x0000000080a00000|100%| O|  |TAMS 0x0000000080a00000, 0x0000000080900000| Untracked 
|  10|0x0000000080a00000, 0x0000000080b00000, 0x0000000080b00000|100%| O|  |TAMS 0x0000000080b00000, 0x0000000080a00000| Untracked 
|  11|0x0000000080b00000, 0x0000000080c00000, 0x0000000080c00000|100%| O|  |TAMS 0x0000000080c00000, 0x0000000080b00000| Untracked 
|  12|0x0000000080c00000, 0x0000000080d00000, 0x0000000080d00000|100%| O|  |TAMS 0x0000000080d00000, 0x0000000080c00000| Untracked 
|  13|0x0000000080d00000, 0x0000000080e00000, 0x0000000080e00000|100%| O|  |TAMS 0x0000000080e00000, 0x0000000080d00000| Untracked 
|  14|0x0000000080e00000, 0x0000000080f00000, 0x0000000080f00000|100%| O|  |TAMS 0x0000000080f00000, 0x0000000080e00000| Untracked 
|  15|0x0000000080f00000, 0x0000000081000000, 0x0000000081000000|100%| O|  |TAMS 0x0000000081000000, 0x0000000080f00000| Untracked 
|  16|0x0000000081000000, 0x0000000081100000, 0x0000000081100000|100%| O|  |TAMS 0x0000000081100000, 0x0000000081000000| Untracked 
|  17|0x0000000081100000, 0x0000000081200000, 0x0000000081200000|100%| O|  |TAMS 0x0000000081200000, 0x0000000081100000| Untracked 
|  18|0x0000000081200000, 0x0000000081300000, 0x0000000081300000|100%| O|  |TAMS 0x0000000081300000, 0x0000000081200000| Untracked 
|  19|0x0000000081300000, 0x0000000081400000, 0x0000000081400000|100%| O|  |TAMS 0x0000000081400000, 0x0000000081300000| Untracked 
|  20|0x0000000081400000, 0x0000000081400000, 0x0000000081500000|  0%| F|  |TAMS 0x0000000081400000, 0x0000000081400000| Untracked 
|  21|0x0000000081500000, 0x0000000081600000, 0x0000000081600000|100%|HS|  |TAMS 0x0000000081600000, 0x0000000081500000| Complete 
|  22|0x0000000081600000, 0x0000000081700000, 0x0000000081700000|100%|HC|  |TAMS 0x0000000081700000, 0x0000000081600000| Complete 
|  23|0x0000000081700000, 0x0000000081800000, 0x0000000081800000|100%|HS|  |TAMS 0x0000000081800000, 0x0000000081700000| Complete 
|  24|0x0000000081800000, 0x0000000081900000, 0x0000000081900000|100%|HC|  |TAMS 0x0000000081900000, 0x0000000081800000| Complete 
|  25|0x0000000081900000, 0x0000000081a00000, 0x0000000081a00000|100%|HC|  |TAMS 0x0000000081a00000, 0x0000000081900000| Complete 
|  26|0x0000000081a00000, 0x0000000081b00000, 0x0000000081b00000|100%|HS|  |TAMS 0x0000000081b00000, 0x0000000081a00000| Complete 
|  27|0x0000000081b00000, 0x0000000081c00000, 0x0000000081c00000|100%|HC|  |TAMS 0x0000000081c00000, 0x0000000081b00000| Complete 
|  28|0x0000000081c00000, 0x0000000081d00000, 0x0000000081d00000|100%|HC|  |TAMS 0x0000000081d00000, 0x0000000081c00000| Complete 
|  29|0x0000000081d00000, 0x0000000081e00000, 0x0000000081e00000|100%| O|  |TAMS 0x0000000081e00000, 0x0000000081d00000| Untracked 
|  30|0x0000000081e00000, 0x0000000081f00000, 0x0000000081f00000|100%| O|  |TAMS 0x0000000081f00000, 0x0000000081e00000| Untracked 
|  31|0x0000000081f00000, 0x0000000082000000, 0x0000000082000000|100%| O|  |TAMS 0x0000000081f00000, 0x0000000081f00000| Untracked 
|  32|0x0000000082000000, 0x0000000082100000, 0x0000000082100000|100%|HS|  |TAMS 0x0000000082100000, 0x0000000082000000| Complete 
|  33|0x0000000082100000, 0x0000000082200000, 0x0000000082200000|100%|HC|  |TAMS 0x0000000082200000, 0x0000000082100000| Complete 
|  34|0x0000000082200000, 0x0000000082300000, 0x0000000082300000|100%| O|  |TAMS 0x0000000082300000, 0x0000000082200000| Untracked 
|  35|0x0000000082300000, 0x0000000082400000, 0x0000000082400000|100%| O|  |TAMS 0x0000000082400000, 0x0000000082300000| Untracked 
|  36|0x0000000082400000, 0x0000000082500000, 0x0000000082500000|100%| O|  |TAMS 0x0000000082500000, 0x0000000082400000| Untracked 
|  37|0x0000000082500000, 0x0000000082600000, 0x0000000082600000|100%| O|  |TAMS 0x0000000082600000, 0x0000000082500000| Untracked 
|  38|0x0000000082600000, 0x0000000082700000, 0x0000000082700000|100%| O|  |TAMS 0x0000000082700000, 0x0000000082600000| Untracked 
|  39|0x0000000082700000, 0x0000000082800000, 0x0000000082800000|100%| O|  |TAMS 0x0000000082800000, 0x0000000082700000| Untracked 
|  40|0x0000000082800000, 0x0000000082900000, 0x0000000082900000|100%| O|  |TAMS 0x0000000082900000, 0x0000000082800000| Untracked 
|  41|0x0000000082900000, 0x0000000082a00000, 0x0000000082a00000|100%|HS|  |TAMS 0x0000000082a00000, 0x0000000082900000| Complete 
|  42|0x0000000082a00000, 0x0000000082b00000, 0x0000000082b00000|100%|HC|  |TAMS 0x0000000082b00000, 0x0000000082a00000| Complete 
|  43|0x0000000082b00000, 0x0000000082c00000, 0x0000000082c00000|100%|HC|  |TAMS 0x0000000082c00000, 0x0000000082b00000| Complete 
|  44|0x0000000082c00000, 0x0000000082d00000, 0x0000000082d00000|100%|HC|  |TAMS 0x0000000082d00000, 0x0000000082c00000| Complete 
|  45|0x0000000082d00000, 0x0000000082e00000, 0x0000000082e00000|100%|HC|  |TAMS 0x0000000082e00000, 0x0000000082d00000| Complete 
|  46|0x0000000082e00000, 0x0000000082f00000, 0x0000000082f00000|100%|HC|  |TAMS 0x0000000082f00000, 0x0000000082e00000| Complete 
|  47|0x0000000082f00000, 0x0000000083000000, 0x0000000083000000|100%|HC|  |TAMS 0x0000000083000000, 0x0000000082f00000| Complete 
|  48|0x0000000083000000, 0x0000000083100000, 0x0000000083100000|100%|HC|  |TAMS 0x0000000083100000, 0x0000000083000000| Complete 
|  49|0x0000000083100000, 0x0000000083200000, 0x0000000083200000|100%|HC|  |TAMS 0x0000000083200000, 0x0000000083100000| Complete 
|  50|0x0000000083200000, 0x0000000083300000, 0x0000000083300000|100%|HC|  |TAMS 0x0000000083300000, 0x0000000083200000| Complete 
|  51|0x0000000083300000, 0x0000000083400000, 0x0000000083400000|100%|HC|  |TAMS 0x0000000083400000, 0x0000000083300000| Complete 
|  52|0x0000000083400000, 0x0000000083500000, 0x0000000083500000|100%|HC|  |TAMS 0x0000000083500000, 0x0000000083400000| Complete 
|  53|0x0000000083500000, 0x0000000083600000, 0x0000000083600000|100%| O|  |TAMS 0x00000000835bda00, 0x0000000083500000| Untracked 
|  54|0x0000000083600000, 0x0000000083700000, 0x0000000083700000|100%| O|  |TAMS 0x0000000083600000, 0x0000000083600000| Untracked 
|  55|0x0000000083700000, 0x0000000083800000, 0x0000000083800000|100%| O|  |TAMS 0x0000000083700000, 0x0000000083700000| Untracked 
|  56|0x0000000083800000, 0x0000000083900000, 0x0000000083900000|100%|HS|  |TAMS 0x0000000083800000, 0x0000000083800000| Complete 
|  57|0x0000000083900000, 0x0000000083a00000, 0x0000000083a00000|100%|HC|  |TAMS 0x0000000083900000, 0x0000000083900000| Complete 
|  58|0x0000000083a00000, 0x0000000083b00000, 0x0000000083b00000|100%|HC|  |TAMS 0x0000000083a00000, 0x0000000083a00000| Complete 
|  59|0x0000000083b00000, 0x0000000083c00000, 0x0000000083c00000|100%|HS|  |TAMS 0x0000000083b00000, 0x0000000083b00000| Complete 
|  60|0x0000000083c00000, 0x0000000083d00000, 0x0000000083d00000|100%|HC|  |TAMS 0x0000000083c00000, 0x0000000083c00000| Complete 
|  61|0x0000000083d00000, 0x0000000083e00000, 0x0000000083e00000|100%|HC|  |TAMS 0x0000000083d00000, 0x0000000083d00000| Complete 
|  62|0x0000000083e00000, 0x0000000083f00000, 0x0000000083f00000|100%| O|  |TAMS 0x0000000083e00000, 0x0000000083e00000| Untracked 
|  63|0x0000000083f00000, 0x0000000084000000, 0x0000000084000000|100%| O|  |TAMS 0x0000000083f00000, 0x0000000083f00000| Untracked 
|  64|0x0000000084000000, 0x0000000084100000, 0x0000000084100000|100%| O|  |TAMS 0x0000000084000000, 0x0000000084000000| Untracked 
|  65|0x0000000084100000, 0x0000000084200000, 0x0000000084200000|100%| O|  |TAMS 0x0000000084100000, 0x0000000084100000| Untracked 
|  66|0x0000000084200000, 0x0000000084300000, 0x0000000084300000|100%| O|  |TAMS 0x0000000084200000, 0x0000000084200000| Untracked 
|  67|0x0000000084300000, 0x0000000084400000, 0x0000000084400000|100%| O|  |TAMS 0x0000000084300000, 0x0000000084300000| Untracked 
|  68|0x0000000084400000, 0x00000000844b1200, 0x0000000084500000| 69%| O|  |TAMS 0x0000000084400000, 0x0000000084400000| Untracked 
|  69|0x0000000084500000, 0x0000000084500000, 0x0000000084600000|  0%| F|  |TAMS 0x0000000084500000, 0x0000000084500000| Untracked 
|  70|0x0000000084600000, 0x0000000084600000, 0x0000000084700000|  0%| F|  |TAMS 0x0000000084600000, 0x0000000084600000| Untracked 
|  71|0x0000000084700000, 0x0000000084700000, 0x0000000084800000|  0%| F|  |TAMS 0x0000000084700000, 0x0000000084700000| Untracked 
|  72|0x0000000084800000, 0x0000000084800000, 0x0000000084900000|  0%| F|  |TAMS 0x0000000084800000, 0x0000000084800000| Untracked 
|  73|0x0000000084900000, 0x0000000084900000, 0x0000000084a00000|  0%| F|  |TAMS 0x0000000084900000, 0x0000000084900000| Untracked 
|  74|0x0000000084a00000, 0x0000000084a00000, 0x0000000084b00000|  0%| F|  |TAMS 0x0000000084a00000, 0x0000000084a00000| Untracked 
|  75|0x0000000084b00000, 0x0000000084b00000, 0x0000000084c00000|  0%| F|  |TAMS 0x0000000084b00000, 0x0000000084b00000| Untracked 
|  76|0x0000000084c00000, 0x0000000084c00000, 0x0000000084d00000|  0%| F|  |TAMS 0x0000000084c00000, 0x0000000084c00000| Untracked 
|  77|0x0000000084d00000, 0x0000000084d00000, 0x0000000084e00000|  0%| F|  |TAMS 0x0000000084d00000, 0x0000000084d00000| Untracked 
|  78|0x0000000084e00000, 0x0000000084e00000, 0x0000000084f00000|  0%| F|  |TAMS 0x0000000084e00000, 0x0000000084e00000| Untracked 
|  79|0x0000000084f00000, 0x0000000084f00000, 0x0000000085000000|  0%| F|  |TAMS 0x0000000084f00000, 0x0000000084f00000| Untracked 
|  80|0x0000000085000000, 0x0000000085000000, 0x0000000085100000|  0%| F|  |TAMS 0x0000000085000000, 0x0000000085000000| Untracked 
|  81|0x0000000085100000, 0x0000000085100000, 0x0000000085200000|  0%| F|  |TAMS 0x0000000085100000, 0x0000000085100000| Untracked 
|  82|0x0000000085200000, 0x0000000085200000, 0x0000000085300000|  0%| F|  |TAMS 0x0000000085200000, 0x0000000085200000| Untracked 
|  83|0x0000000085300000, 0x0000000085300000, 0x0000000085400000|  0%| F|  |TAMS 0x0000000085300000, 0x0000000085300000| Untracked 
|  84|0x0000000085400000, 0x0000000085400000, 0x0000000085500000|  0%| F|  |TAMS 0x0000000085400000, 0x0000000085400000| Untracked 
|  85|0x0000000085500000, 0x0000000085500000, 0x0000000085600000|  0%| F|  |TAMS 0x0000000085500000, 0x0000000085500000| Untracked 
|  86|0x0000000085600000, 0x0000000085600000, 0x0000000085700000|  0%| F|  |TAMS 0x0000000085600000, 0x0000000085600000| Untracked 
|  87|0x0000000085700000, 0x0000000085700000, 0x0000000085800000|  0%| F|  |TAMS 0x0000000085700000, 0x0000000085700000| Untracked 
|  88|0x0000000085800000, 0x0000000085800000, 0x0000000085900000|  0%| F|  |TAMS 0x0000000085800000, 0x0000000085800000| Untracked 
|  89|0x0000000085900000, 0x0000000085900000, 0x0000000085a00000|  0%| F|  |TAMS 0x0000000085900000, 0x0000000085900000| Untracked 
|  90|0x0000000085a00000, 0x0000000085a00000, 0x0000000085b00000|  0%| F|  |TAMS 0x0000000085a00000, 0x0000000085a00000| Untracked 
|  91|0x0000000085b00000, 0x0000000085b00000, 0x0000000085c00000|  0%| F|  |TAMS 0x0000000085b00000, 0x0000000085b00000| Untracked 
|  92|0x0000000085c00000, 0x0000000085c00000, 0x0000000085d00000|  0%| F|  |TAMS 0x0000000085c00000, 0x0000000085c00000| Untracked 
|  93|0x0000000085d00000, 0x0000000085d00000, 0x0000000085e00000|  0%| F|  |TAMS 0x0000000085d00000, 0x0000000085d00000| Untracked 
|  94|0x0000000085e00000, 0x0000000085e00000, 0x0000000085f00000|  0%| F|  |TAMS 0x0000000085e00000, 0x0000000085e00000| Untracked 
|  95|0x0000000085f00000, 0x0000000085f00000, 0x0000000086000000|  0%| F|  |TAMS 0x0000000085f00000, 0x0000000085f00000| Untracked 
|  96|0x0000000086000000, 0x0000000086000000, 0x0000000086100000|  0%| F|  |TAMS 0x0000000086000000, 0x0000000086000000| Untracked 
|  97|0x0000000086100000, 0x0000000086100000, 0x0000000086200000|  0%| F|  |TAMS 0x0000000086100000, 0x0000000086100000| Untracked 
|  98|0x0000000086200000, 0x0000000086200000, 0x0000000086300000|  0%| F|  |TAMS 0x0000000086200000, 0x0000000086200000| Untracked 
|  99|0x0000000086300000, 0x0000000086300000, 0x0000000086400000|  0%| F|  |TAMS 0x0000000086300000, 0x0000000086300000| Untracked 
| 100|0x0000000086400000, 0x0000000086400000, 0x0000000086500000|  0%| F|  |TAMS 0x0000000086400000, 0x0000000086400000| Untracked 
| 101|0x0000000086500000, 0x0000000086500000, 0x0000000086600000|  0%| F|  |TAMS 0x0000000086500000, 0x0000000086500000| Untracked 
| 102|0x0000000086600000, 0x0000000086600000, 0x0000000086700000|  0%| F|  |TAMS 0x0000000086600000, 0x0000000086600000| Untracked 
| 103|0x0000000086700000, 0x0000000086700000, 0x0000000086800000|  0%| F|  |TAMS 0x0000000086700000, 0x0000000086700000| Untracked 
| 104|0x0000000086800000, 0x0000000086800000, 0x0000000086900000|  0%| F|  |TAMS 0x0000000086800000, 0x0000000086800000| Untracked 
| 105|0x0000000086900000, 0x0000000086900000, 0x0000000086a00000|  0%| F|  |TAMS 0x0000000086900000, 0x0000000086900000| Untracked 
| 106|0x0000000086a00000, 0x0000000086a00000, 0x0000000086b00000|  0%| F|  |TAMS 0x0000000086a00000, 0x0000000086a00000| Untracked 
| 107|0x0000000086b00000, 0x0000000086b00000, 0x0000000086c00000|  0%| F|  |TAMS 0x0000000086b00000, 0x0000000086b00000| Untracked 
| 108|0x0000000086c00000, 0x0000000086c00000, 0x0000000086d00000|  0%| F|  |TAMS 0x0000000086c00000, 0x0000000086c00000| Untracked 
| 109|0x0000000086d00000, 0x0000000086d00000, 0x0000000086e00000|  0%| F|  |TAMS 0x0000000086d00000, 0x0000000086d00000| Untracked 
| 110|0x0000000086e00000, 0x0000000086e00000, 0x0000000086f00000|  0%| F|  |TAMS 0x0000000086e00000, 0x0000000086e00000| Untracked 
| 111|0x0000000086f00000, 0x0000000086f00000, 0x0000000087000000|  0%| F|  |TAMS 0x0000000086f00000, 0x0000000086f00000| Untracked 
| 112|0x0000000087000000, 0x0000000087000000, 0x0000000087100000|  0%| F|  |TAMS 0x0000000087000000, 0x0000000087000000| Untracked 
| 113|0x0000000087100000, 0x0000000087100000, 0x0000000087200000|  0%| F|  |TAMS 0x0000000087100000, 0x0000000087100000| Untracked 
| 114|0x0000000087200000, 0x0000000087200000, 0x0000000087300000|  0%| F|  |TAMS 0x0000000087200000, 0x0000000087200000| Untracked 
| 115|0x0000000087300000, 0x0000000087300000, 0x0000000087400000|  0%| F|  |TAMS 0x0000000087300000, 0x0000000087300000| Untracked 
| 116|0x0000000087400000, 0x0000000087400000, 0x0000000087500000|  0%| F|  |TAMS 0x0000000087400000, 0x0000000087400000| Untracked 
| 117|0x0000000087500000, 0x0000000087500000, 0x0000000087600000|  0%| F|  |TAMS 0x0000000087500000, 0x0000000087500000| Untracked 
| 118|0x0000000087600000, 0x0000000087600000, 0x0000000087700000|  0%| F|  |TAMS 0x0000000087600000, 0x0000000087600000| Untracked 
| 119|0x0000000087700000, 0x0000000087700000, 0x0000000087800000|  0%| F|  |TAMS 0x0000000087700000, 0x0000000087700000| Untracked 
| 120|0x0000000087800000, 0x0000000087800000, 0x0000000087900000|  0%| F|  |TAMS 0x0000000087800000, 0x0000000087800000| Untracked 
| 121|0x0000000087900000, 0x0000000087900000, 0x0000000087a00000|  0%| F|  |TAMS 0x0000000087900000, 0x0000000087900000| Untracked 
| 122|0x0000000087a00000, 0x0000000087a00000, 0x0000000087b00000|  0%| F|  |TAMS 0x0000000087a00000, 0x0000000087a00000| Untracked 
| 123|0x0000000087b00000, 0x0000000087b00000, 0x0000000087c00000|  0%| F|  |TAMS 0x0000000087b00000, 0x0000000087b00000| Untracked 
| 124|0x0000000087c00000, 0x0000000087c00000, 0x0000000087d00000|  0%| F|  |TAMS 0x0000000087c00000, 0x0000000087c00000| Untracked 
| 125|0x0000000087d00000, 0x0000000087d00000, 0x0000000087e00000|  0%| F|  |TAMS 0x0000000087d00000, 0x0000000087d00000| Untracked 
| 126|0x0000000087e00000, 0x0000000087e00000, 0x0000000087f00000|  0%| F|  |TAMS 0x0000000087e00000, 0x0000000087e00000| Untracked 
| 127|0x0000000087f00000, 0x0000000087f00000, 0x0000000088000000|  0%| F|  |TAMS 0x0000000087f00000, 0x0000000087f00000| Untracked 
| 128|0x0000000088000000, 0x0000000088000000, 0x0000000088100000|  0%| F|  |TAMS 0x0000000088000000, 0x0000000088000000| Untracked 
| 129|0x0000000088100000, 0x0000000088100000, 0x0000000088200000|  0%| F|  |TAMS 0x0000000088100000, 0x0000000088100000| Untracked 
| 130|0x0000000088200000, 0x0000000088200000, 0x0000000088300000|  0%| F|  |TAMS 0x0000000088200000, 0x0000000088200000| Untracked 
| 131|0x0000000088300000, 0x0000000088300000, 0x0000000088400000|  0%| F|  |TAMS 0x0000000088300000, 0x0000000088300000| Untracked 
| 132|0x0000000088400000, 0x0000000088400000, 0x0000000088500000|  0%| F|  |TAMS 0x0000000088400000, 0x0000000088400000| Untracked 
| 133|0x0000000088500000, 0x0000000088500000, 0x0000000088600000|  0%| F|  |TAMS 0x0000000088500000, 0x0000000088500000| Untracked 
| 134|0x0000000088600000, 0x0000000088600000, 0x0000000088700000|  0%| F|  |TAMS 0x0000000088600000, 0x0000000088600000| Untracked 
| 135|0x0000000088700000, 0x0000000088700000, 0x0000000088800000|  0%| F|  |TAMS 0x0000000088700000, 0x0000000088700000| Untracked 
| 136|0x0000000088800000, 0x0000000088800000, 0x0000000088900000|  0%| F|  |TAMS 0x0000000088800000, 0x0000000088800000| Untracked 
| 137|0x0000000088900000, 0x0000000088900000, 0x0000000088a00000|  0%| F|  |TAMS 0x0000000088900000, 0x0000000088900000| Untracked 
| 138|0x0000000088a00000, 0x0000000088a00000, 0x0000000088b00000|  0%| F|  |TAMS 0x0000000088a00000, 0x0000000088a00000| Untracked 
| 139|0x0000000088b00000, 0x0000000088b00000, 0x0000000088c00000|  0%| F|  |TAMS 0x0000000088b00000, 0x0000000088b00000| Untracked 
| 140|0x0000000088c00000, 0x0000000088c00000, 0x0000000088d00000|  0%| F|  |TAMS 0x0000000088c00000, 0x0000000088c00000| Untracked 
| 141|0x0000000088d00000, 0x0000000088d00000, 0x0000000088e00000|  0%| F|  |TAMS 0x0000000088d00000, 0x0000000088d00000| Untracked 
| 142|0x0000000088e00000, 0x0000000088e00000, 0x0000000088f00000|  0%| F|  |TAMS 0x0000000088e00000, 0x0000000088e00000| Untracked 
| 143|0x0000000088f00000, 0x0000000088f00000, 0x0000000089000000|  0%| F|  |TAMS 0x0000000088f00000, 0x0000000088f00000| Untracked 
| 144|0x0000000089000000, 0x0000000089000000, 0x0000000089100000|  0%| F|  |TAMS 0x0000000089000000, 0x0000000089000000| Untracked 
| 145|0x0000000089100000, 0x0000000089100000, 0x0000000089200000|  0%| F|  |TAMS 0x0000000089100000, 0x0000000089100000| Untracked 
| 146|0x0000000089200000, 0x0000000089200000, 0x0000000089300000|  0%| F|  |TAMS 0x0000000089200000, 0x0000000089200000| Untracked 
| 147|0x0000000089300000, 0x0000000089300000, 0x0000000089400000|  0%| F|  |TAMS 0x0000000089300000, 0x0000000089300000| Untracked 
| 148|0x0000000089400000, 0x0000000089400000, 0x0000000089500000|  0%| F|  |TAMS 0x0000000089400000, 0x0000000089400000| Untracked 
| 149|0x0000000089500000, 0x0000000089500000, 0x0000000089600000|  0%| F|  |TAMS 0x0000000089500000, 0x0000000089500000| Untracked 
| 150|0x0000000089600000, 0x0000000089600000, 0x0000000089700000|  0%| F|  |TAMS 0x0000000089600000, 0x0000000089600000| Untracked 
| 151|0x0000000089700000, 0x0000000089700000, 0x0000000089800000|  0%| F|  |TAMS 0x0000000089700000, 0x0000000089700000| Untracked 
| 152|0x0000000089800000, 0x0000000089800000, 0x0000000089900000|  0%| F|  |TAMS 0x0000000089800000, 0x0000000089800000| Untracked 
| 153|0x0000000089900000, 0x0000000089900000, 0x0000000089a00000|  0%| F|  |TAMS 0x0000000089900000, 0x0000000089900000| Untracked 
| 154|0x0000000089a00000, 0x0000000089a00000, 0x0000000089b00000|  0%| F|  |TAMS 0x0000000089a00000, 0x0000000089a00000| Untracked 
| 155|0x0000000089b00000, 0x0000000089b00000, 0x0000000089c00000|  0%| F|  |TAMS 0x0000000089b00000, 0x0000000089b00000| Untracked 
| 156|0x0000000089c00000, 0x0000000089c00000, 0x0000000089d00000|  0%| F|  |TAMS 0x0000000089c00000, 0x0000000089c00000| Untracked 
| 157|0x0000000089d00000, 0x0000000089d00000, 0x0000000089e00000|  0%| F|  |TAMS 0x0000000089d00000, 0x0000000089d00000| Untracked 
| 158|0x0000000089e00000, 0x0000000089e00000, 0x0000000089f00000|  0%| F|  |TAMS 0x0000000089e00000, 0x0000000089e00000| Untracked 
| 159|0x0000000089f00000, 0x0000000089f00000, 0x000000008a000000|  0%| F|  |TAMS 0x0000000089f00000, 0x0000000089f00000| Untracked 
| 160|0x000000008a000000, 0x000000008a000000, 0x000000008a100000|  0%| F|  |TAMS 0x000000008a000000, 0x000000008a000000| Untracked 
| 161|0x000000008a100000, 0x000000008a100000, 0x000000008a200000|  0%| F|  |TAMS 0x000000008a100000, 0x000000008a100000| Untracked 
| 162|0x000000008a200000, 0x000000008a200000, 0x000000008a300000|  0%| F|  |TAMS 0x000000008a200000, 0x000000008a200000| Untracked 
| 163|0x000000008a300000, 0x000000008a300000, 0x000000008a400000|  0%| F|  |TAMS 0x000000008a300000, 0x000000008a300000| Untracked 
| 164|0x000000008a400000, 0x000000008a400000, 0x000000008a500000|  0%| F|  |TAMS 0x000000008a400000, 0x000000008a400000| Untracked 
| 165|0x000000008a500000, 0x000000008a500000, 0x000000008a600000|  0%| F|  |TAMS 0x000000008a500000, 0x000000008a500000| Untracked 
| 166|0x000000008a600000, 0x000000008a600000, 0x000000008a700000|  0%| F|  |TAMS 0x000000008a600000, 0x000000008a600000| Untracked 
| 167|0x000000008a700000, 0x000000008a700000, 0x000000008a800000|  0%| F|  |TAMS 0x000000008a700000, 0x000000008a700000| Untracked 
| 168|0x000000008a800000, 0x000000008a800000, 0x000000008a900000|  0%| F|  |TAMS 0x000000008a800000, 0x000000008a800000| Untracked 
| 169|0x000000008a900000, 0x000000008a900000, 0x000000008aa00000|  0%| F|  |TAMS 0x000000008a900000, 0x000000008a900000| Untracked 
| 170|0x000000008aa00000, 0x000000008aa00000, 0x000000008ab00000|  0%| F|  |TAMS 0x000000008aa00000, 0x000000008aa00000| Untracked 
| 171|0x000000008ab00000, 0x000000008ab00000, 0x000000008ac00000|  0%| F|  |TAMS 0x000000008ab00000, 0x000000008ab00000| Untracked 
| 172|0x000000008ac00000, 0x000000008ac00000, 0x000000008ad00000|  0%| F|  |TAMS 0x000000008ac00000, 0x000000008ac00000| Untracked 
| 173|0x000000008ad00000, 0x000000008ad00000, 0x000000008ae00000|  0%| F|  |TAMS 0x000000008ad00000, 0x000000008ad00000| Untracked 
| 174|0x000000008ae00000, 0x000000008ae00000, 0x000000008af00000|  0%| F|  |TAMS 0x000000008ae00000, 0x000000008ae00000| Untracked 
| 175|0x000000008af00000, 0x000000008af00000, 0x000000008b000000|  0%| F|  |TAMS 0x000000008af00000, 0x000000008af00000| Untracked 
| 176|0x000000008b000000, 0x000000008b000000, 0x000000008b100000|  0%| F|  |TAMS 0x000000008b000000, 0x000000008b000000| Untracked 
| 177|0x000000008b100000, 0x000000008b100000, 0x000000008b200000|  0%| F|  |TAMS 0x000000008b100000, 0x000000008b100000| Untracked 
| 178|0x000000008b200000, 0x000000008b200000, 0x000000008b300000|  0%| F|  |TAMS 0x000000008b200000, 0x000000008b200000| Untracked 
| 179|0x000000008b300000, 0x000000008b300000, 0x000000008b400000|  0%| F|  |TAMS 0x000000008b300000, 0x000000008b300000| Untracked 
| 180|0x000000008b400000, 0x000000008b400000, 0x000000008b500000|  0%| F|  |TAMS 0x000000008b400000, 0x000000008b400000| Untracked 
| 181|0x000000008b500000, 0x000000008b500000, 0x000000008b600000|  0%| F|  |TAMS 0x000000008b500000, 0x000000008b500000| Untracked 
| 182|0x000000008b600000, 0x000000008b600000, 0x000000008b700000|  0%| F|  |TAMS 0x000000008b600000, 0x000000008b600000| Untracked 
| 183|0x000000008b700000, 0x000000008b700000, 0x000000008b800000|  0%| F|  |TAMS 0x000000008b700000, 0x000000008b700000| Untracked 
| 184|0x000000008b800000, 0x000000008b900000, 0x000000008b900000|100%| E|  |TAMS 0x000000008b800000, 0x000000008b800000| Complete 
| 185|0x000000008b900000, 0x000000008ba00000, 0x000000008ba00000|100%| E|CS|TAMS 0x000000008b900000, 0x000000008b900000| Complete 
| 186|0x000000008ba00000, 0x000000008bb00000, 0x000000008bb00000|100%| E|CS|TAMS 0x000000008ba00000, 0x000000008ba00000| Complete 
| 187|0x000000008bb00000, 0x000000008bc00000, 0x000000008bc00000|100%| E|CS|TAMS 0x000000008bb00000, 0x000000008bb00000| Complete 
| 188|0x000000008bc00000, 0x000000008bd00000, 0x000000008bd00000|100%| E|CS|TAMS 0x000000008bc00000, 0x000000008bc00000| Complete 
| 189|0x000000008bd00000, 0x000000008bde9ee0, 0x000000008be00000| 91%| S|CS|TAMS 0x000000008bd00000, 0x000000008bd00000| Complete 
| 190|0x000000008be00000, 0x000000008bf00000, 0x000000008bf00000|100%| E|CS|TAMS 0x000000008be00000, 0x000000008be00000| Complete 

Card table byte_map: [0x000001cf22680000,0x000001cf22a80000] _byte_map_base: 0x000001cf22280000

Marking Bits (Prev, Next): (CMBitMap*) 0x000001cf0db8b660, (CMBitMap*) 0x000001cf0db8b6a0
 Prev Bits: [0x000001cf22e80000, 0x000001cf24e80000)
 Next Bits: [0x000001cf24e80000, 0x000001cf26e80000)

Polling page: 0x000001cf0dbf0000

Metaspace:

Usage:
  Non-class:     44.44 MB used.
      Class:      6.85 MB used.
       Both:     51.29 MB used.

Virtual space:
  Non-class space:       48.00 MB reserved,      44.75 MB ( 93%) committed,  6 nodes.
      Class space:        1.00 GB reserved,       7.12 MB ( <1%) committed,  1 nodes.
             Both:        1.05 GB reserved,      51.88 MB (  5%) committed. 

Chunk freelists:
   Non-Class:  3.30 MB
       Class:  768.00 KB
        Both:  4.05 MB

MaxMetaspaceSize: unlimited
CompressedClassSpaceSize: 1.00 GB
Initial GC threshold: 21.00 MB
Current GC threshold: 70.31 MB
CDS: off
MetaspaceReclaimPolicy: balanced
 - commit_granule_bytes: 65536.
 - commit_granule_words: 8192.
 - virtual_space_node_default_size: 1048576.
 - enlarge_chunks_in_place: 1.
 - new_chunks_are_fully_committed: 0.
 - uncommit_free_chunks: 1.
 - use_allocation_guard: 0.
 - handle_deallocations: 1.


Internal statistics:

num_allocs_failed_limit: 3.
num_arena_births: 614.
num_arena_deaths: 0.
num_vsnodes_births: 7.
num_vsnodes_deaths: 0.
num_space_committed: 830.
num_space_uncommitted: 0.
num_chunks_returned_to_freelist: 3.
num_chunks_taken_from_freelist: 2323.
num_chunk_merges: 3.
num_chunk_splits: 1522.
num_chunks_enlarged: 1019.
num_purges: 0.
num_inconsistent_stats: 0.

CodeHeap 'non-profiled nmethods': size=120000Kb used=2665Kb max_used=2665Kb free=117334Kb
 bounds [0x000001cf1a2f0000, 0x000001cf1a590000, 0x000001cf21820000]
CodeHeap 'profiled nmethods': size=120000Kb used=10088Kb max_used=10088Kb free=109911Kb
 bounds [0x000001cf12820000, 0x000001cf13200000, 0x000001cf19d50000]
CodeHeap 'non-nmethods': size=5760Kb used=2303Kb max_used=2348Kb free=3456Kb
 bounds [0x000001cf19d50000, 0x000001cf19fc0000, 0x000001cf1a2f0000]
 total_blobs=5575 nmethods=4754 adapters=732
 compilation: enabled
              stopped_count=0, restarted_count=0
 full_count=0

Compilation events (20 events):
Event: 6.922 Thread 0x000001cf2a44d0c0 4762       3       com.google.common.collect.LinkedHashMultimap::access$400 (6 bytes)
Event: 6.922 Thread 0x000001cf2a44d0c0 nmethod 4762 0x000001cf131ee290 code [0x000001cf131ee440, 0x000001cf131ee678]
Event: 6.922 Thread 0x000001cf2a44d0c0 4763       3       org.gradle.model.internal.asm.MethodVisitorScope::_CHECKCAST (9 bytes)
Event: 6.922 Thread 0x000001cf2a44d0c0 nmethod 4763 0x000001cf131ee790 code [0x000001cf131ee960, 0x000001cf131eecf8]
Event: 6.923 Thread 0x000001cf2a44d0c0 4765       3       org.gradle.model.internal.asm.MethodVisitorScope::_ILOAD_OF (12 bytes)
Event: 6.923 Thread 0x000001cf2a44d0c0 nmethod 4765 0x000001cf131eee90 code [0x000001cf131ef040, 0x000001cf131ef318]
Event: 6.923 Thread 0x000001cf2a44d0c0 4764       3       com.google.common.collect.AbstractMapBasedMultimap$WrappedCollection$WrappedIterator::hasNext (14 bytes)
Event: 6.923 Thread 0x000001cf2a44d0c0 nmethod 4764 0x000001cf131ef490 code [0x000001cf131ef660, 0x000001cf131efa88]
Event: 6.923 Thread 0x000001cf2a44d0c0 4767       3       com.google.common.collect.AbstractMapBasedMultimap$WrappedCollection$WrappedIterator::validateIterator (30 bytes)
Event: 6.923 Thread 0x000001cf2a44d0c0 nmethod 4767 0x000001cf131efc90 code [0x000001cf131efe40, 0x000001cf131f0118]
Event: 6.923 Thread 0x000001cf2a44d0c0 4768       3       com.google.common.collect.LinkedHashMultimap$ValueSet$1::hasNext (21 bytes)
Event: 6.923 Thread 0x000001cf2a44d0c0 nmethod 4768 0x000001cf131f0290 code [0x000001cf131f0440, 0x000001cf131f0728]
Event: 6.923 Thread 0x000001cf2a44d0c0 4769       3       com.google.common.collect.LinkedHashMultimap$ValueSet$1::checkForComodification (23 bytes)
Event: 6.924 Thread 0x000001cf2a44d0c0 nmethod 4769 0x000001cf131f0890 code [0x000001cf131f0a40, 0x000001cf131f0c68]
Event: 6.924 Thread 0x000001cf2a44d0c0 4766       3       com.google.common.collect.LinkedHashMultimap::get (6 bytes)
Event: 6.924 Thread 0x000001cf2a44d0c0 nmethod 4766 0x000001cf131f0d90 code [0x000001cf131f0f80, 0x000001cf131f1548]
Event: 6.935 Thread 0x000001cf2a44d0c0 4770       3       org.codehaus.groovy.util.ManagedReference::get (10 bytes)
Event: 6.935 Thread 0x000001cf2a44d0c0 nmethod 4770 0x000001cf131f1710 code [0x000001cf131f18c0, 0x000001cf131f1a88]
Event: 6.957 Thread 0x000001cf2a44d0c0 4771       3       com.google.common.collect.RegularImmutableList::listIterator (15 bytes)
Event: 6.957 Thread 0x000001cf2a44d0c0 nmethod 4771 0x000001cf131f1b90 code [0x000001cf131f1d40, 0x000001cf131f1e88]

GC Heap History (20 events):
Event: 3.182 GC heap before
{Heap before GC invocations=7 (full 0):
 garbage-first heap   total 92160K, used 44495K [0x0000000080000000, 0x0000000100000000)
  region size 1024K, 5 young (5120K), 4 survivors (4096K)
 Metaspace       used 29322K, committed 29696K, reserved 1081344K
  class space    used 3978K, committed 4160K, reserved 1048576K
}
Event: 3.184 GC heap after
{Heap after GC invocations=8 (full 0):
 garbage-first heap   total 92160K, used 44744K [0x0000000080000000, 0x0000000100000000)
  region size 1024K, 1 young (1024K), 1 survivors (1024K)
 Metaspace       used 29322K, committed 29696K, reserved 1081344K
  class space    used 3978K, committed 4160K, reserved 1048576K
}
Event: 3.745 GC heap before
{Heap before GC invocations=9 (full 0):
 garbage-first heap   total 92160K, used 72392K [0x0000000080000000, 0x0000000100000000)
  region size 1024K, 27 young (27648K), 1 survivors (1024K)
 Metaspace       used 32721K, committed 33152K, reserved 1081344K
  class space    used 4527K, committed 4736K, reserved 1048576K
}
Event: 3.747 GC heap after
{Heap after GC invocations=10 (full 0):
 garbage-first heap   total 92160K, used 49296K [0x0000000080000000, 0x0000000100000000)
  region size 1024K, 3 young (3072K), 3 survivors (3072K)
 Metaspace       used 32721K, committed 33152K, reserved 1081344K
  class space    used 4527K, committed 4736K, reserved 1048576K
}
Event: 3.770 GC heap before
{Heap before GC invocations=10 (full 0):
 garbage-first heap   total 92160K, used 50320K [0x0000000080000000, 0x0000000100000000)
  region size 1024K, 4 young (4096K), 3 survivors (3072K)
 Metaspace       used 32915K, committed 33280K, reserved 1081344K
  class space    used 4555K, committed 4736K, reserved 1048576K
}
Event: 3.773 GC heap after
{Heap after GC invocations=11 (full 0):
 garbage-first heap   total 92160K, used 49019K [0x0000000080000000, 0x0000000100000000)
  region size 1024K, 1 young (1024K), 1 survivors (1024K)
 Metaspace       used 32915K, committed 33280K, reserved 1081344K
  class space    used 4555K, committed 4736K, reserved 1048576K
}
Event: 4.174 GC heap before
{Heap before GC invocations=11 (full 0):
 garbage-first heap   total 92160K, used 71547K [0x0000000080000000, 0x0000000100000000)
  region size 1024K, 24 young (24576K), 1 survivors (1024K)
 Metaspace       used 37334K, committed 37696K, reserved 1089536K
  class space    used 5130K, committed 5312K, reserved 1048576K
}
Event: 4.180 GC heap after
{Heap after GC invocations=12 (full 0):
 garbage-first heap   total 92160K, used 50651K [0x0000000080000000, 0x0000000100000000)
  region size 1024K, 2 young (2048K), 2 survivors (2048K)
 Metaspace       used 37334K, committed 37696K, reserved 1089536K
  class space    used 5130K, committed 5312K, reserved 1048576K
}
Event: 4.668 GC heap before
{Heap before GC invocations=13 (full 0):
 garbage-first heap   total 92160K, used 73179K [0x0000000080000000, 0x0000000100000000)
  region size 1024K, 25 young (25600K), 2 survivors (2048K)
 Metaspace       used 41688K, committed 42112K, reserved 1089536K
  class space    used 5573K, committed 5760K, reserved 1048576K
}
Event: 4.674 GC heap after
{Heap after GC invocations=14 (full 0):
 garbage-first heap   total 92160K, used 54071K [0x0000000080000000, 0x0000000100000000)
  region size 1024K, 4 young (4096K), 4 survivors (4096K)
 Metaspace       used 41688K, committed 42112K, reserved 1089536K
  class space    used 5573K, committed 5760K, reserved 1048576K
}
Event: 4.680 GC heap before
{Heap before GC invocations=14 (full 0):
 garbage-first heap   total 92160K, used 55095K [0x0000000080000000, 0x0000000100000000)
  region size 1024K, 5 young (5120K), 4 survivors (4096K)
 Metaspace       used 41688K, committed 42112K, reserved 1089536K
  class space    used 5573K, committed 5760K, reserved 1048576K
}
Event: 4.685 GC heap after
{Heap after GC invocations=15 (full 0):
 garbage-first heap   total 92160K, used 54342K [0x0000000080000000, 0x0000000100000000)
  region size 1024K, 1 young (1024K), 1 survivors (1024K)
 Metaspace       used 41688K, committed 42112K, reserved 1089536K
  class space    used 5573K, committed 5760K, reserved 1048576K
}
Event: 4.810 GC heap before
{Heap before GC invocations=15 (full 0):
 garbage-first heap   total 92160K, used 64582K [0x0000000080000000, 0x0000000100000000)
  region size 1024K, 13 young (13312K), 1 survivors (1024K)
 Metaspace       used 42158K, committed 42560K, reserved 1089536K
  class space    used 5619K, committed 5824K, reserved 1048576K
}
Event: 4.813 GC heap after
{Heap after GC invocations=16 (full 0):
 garbage-first heap   total 195584K, used 56225K [0x0000000080000000, 0x0000000100000000)
  region size 1024K, 3 young (3072K), 3 survivors (3072K)
 Metaspace       used 42158K, committed 42560K, reserved 1089536K
  class space    used 5619K, committed 5824K, reserved 1048576K
}
Event: 4.814 GC heap before
{Heap before GC invocations=16 (full 0):
 garbage-first heap   total 195584K, used 57249K [0x0000000080000000, 0x0000000100000000)
  region size 1024K, 4 young (4096K), 3 survivors (3072K)
 Metaspace       used 42158K, committed 42560K, reserved 1089536K
  class space    used 5619K, committed 5824K, reserved 1048576K
}
Event: 4.816 GC heap after
{Heap after GC invocations=17 (full 0):
 garbage-first heap   total 195584K, used 56767K [0x0000000080000000, 0x0000000100000000)
  region size 1024K, 2 young (2048K), 2 survivors (2048K)
 Metaspace       used 42158K, committed 42560K, reserved 1089536K
  class space    used 5619K, committed 5824K, reserved 1048576K
}
Event: 6.874 GC heap before
{Heap before GC invocations=18 (full 0):
 garbage-first heap   total 195584K, used 153023K [0x0000000080000000, 0x0000000100000000)
  region size 1024K, 88 young (90112K), 2 survivors (2048K)
 Metaspace       used 52012K, committed 52608K, reserved 1097728K
  class space    used 6921K, committed 7232K, reserved 1048576K
}
Event: 6.884 GC heap after
{Heap after GC invocations=19 (full 0):
 garbage-first heap   total 195584K, used 69787K [0x0000000080000000, 0x0000000100000000)
  region size 1024K, 10 young (10240K), 10 survivors (10240K)
 Metaspace       used 52012K, committed 52608K, reserved 1097728K
  class space    used 6921K, committed 7232K, reserved 1048576K
}
Event: 6.909 GC heap before
{Heap before GC invocations=19 (full 0):
 garbage-first heap   total 195584K, used 70811K [0x0000000080000000, 0x0000000100000000)
  region size 1024K, 11 young (11264K), 10 survivors (10240K)
 Metaspace       used 52176K, committed 52736K, reserved 1097728K
  class space    used 6950K, committed 7232K, reserved 1048576K
}
Event: 6.916 GC heap after
{Heap after GC invocations=20 (full 0):
 garbage-first heap   total 195584K, used 70252K [0x0000000080000000, 0x0000000100000000)
  region size 1024K, 1 young (1024K), 1 survivors (1024K)
 Metaspace       used 52176K, committed 52736K, reserved 1097728K
  class space    used 6950K, committed 7232K, reserved 1048576K
}

Dll operation events (2 events):
Event: 0.008 Loaded shared library C:\Program Files\Android\Android Studio\jbr\bin\java.dll
Event: 0.516 Loaded shared library C:\Program Files\Android\Android Studio\jbr\bin\verify.dll

Deoptimization events (20 events):
Event: 5.921 Thread 0x000001cf2bf4f020 Uncommon trap: trap_request=0xffffff76 fr.pc=0x000001cf1a534024 relative=0x0000000000002de4
Event: 5.921 Thread 0x000001cf2bf4f020 Uncommon trap: reason=predicate action=maybe_recompile pc=0x000001cf1a534024 method=java.util.Arrays.binarySearch0([Ljava/lang/Object;IILjava/lang/Object;Ljava/util/Comparator;)I @ 25 c2
Event: 5.921 Thread 0x000001cf2bf4f020 DEOPT PACKING pc=0x000001cf1a534024 sp=0x000000b9bd8f6a00
Event: 5.921 Thread 0x000001cf2bf4f020 DEOPT UNPACKING pc=0x000001cf19da69a3 sp=0x000000b9bd8f69e8 mode 2
Event: 6.132 Thread 0x000001cf2bf4f020 Uncommon trap: trap_request=0xffffff45 fr.pc=0x000001cf1a3f77f4 relative=0x0000000000006a14
Event: 6.132 Thread 0x000001cf2bf4f020 Uncommon trap: reason=unstable_if action=reinterpret pc=0x000001cf1a3f77f4 method=jdk.internal.org.objectweb.asm.SymbolTable.addType(Ljava/lang/String;)I @ 33 c2
Event: 6.132 Thread 0x000001cf2bf4f020 DEOPT PACKING pc=0x000001cf1a3f77f4 sp=0x000000b9bd8f7510
Event: 6.132 Thread 0x000001cf2bf4f020 DEOPT UNPACKING pc=0x000001cf19da69a3 sp=0x000000b9bd8f7438 mode 2
Event: 6.571 Thread 0x000001cf2bf4f020 Uncommon trap: trap_request=0xffffff76 fr.pc=0x000001cf1a56fc44 relative=0x00000000000001a4
Event: 6.571 Thread 0x000001cf2bf4f020 Uncommon trap: reason=predicate action=maybe_recompile pc=0x000001cf1a56fc44 method=java.util.LinkedHashMap.keysToArray([Ljava/lang/Object;)[Ljava/lang/Object; @ 12 c2
Event: 6.571 Thread 0x000001cf2bf4f020 DEOPT PACKING pc=0x000001cf1a56fc44 sp=0x000000b9bd8f58e0
Event: 6.571 Thread 0x000001cf2bf4f020 DEOPT UNPACKING pc=0x000001cf19da69a3 sp=0x000000b9bd8f5898 mode 2
Event: 6.751 Thread 0x000001cf2bf4f020 Uncommon trap: trap_request=0xffffffc6 fr.pc=0x000001cf1a512a88 relative=0x00000000000039a8
Event: 6.751 Thread 0x000001cf2bf4f020 Uncommon trap: reason=bimorphic_or_optimized_type_check action=maybe_recompile pc=0x000001cf1a512a88 method=java.util.AbstractCollection.addAll(Ljava/util/Collection;)Z @ 29 c2
Event: 6.751 Thread 0x000001cf2bf4f020 DEOPT PACKING pc=0x000001cf1a512a88 sp=0x000000b9bd8fb720
Event: 6.751 Thread 0x000001cf2bf4f020 DEOPT UNPACKING pc=0x000001cf19da69a3 sp=0x000000b9bd8fb710 mode 2
Event: 6.957 Thread 0x000001cf2bf4f020 Uncommon trap: trap_request=0xffffffc6 fr.pc=0x000001cf1a512a88 relative=0x00000000000039a8
Event: 6.957 Thread 0x000001cf2bf4f020 Uncommon trap: reason=bimorphic_or_optimized_type_check action=maybe_recompile pc=0x000001cf1a512a88 method=java.util.AbstractCollection.addAll(Ljava/util/Collection;)Z @ 29 c2
Event: 6.957 Thread 0x000001cf2bf4f020 DEOPT PACKING pc=0x000001cf1a512a88 sp=0x000000b9bd8f80a0
Event: 6.957 Thread 0x000001cf2bf4f020 DEOPT UNPACKING pc=0x000001cf19da69a3 sp=0x000000b9bd8f8090 mode 2

Classes unloaded (0 events):
No events

Classes redefined (0 events):
No events

Internal exceptions (20 events):
Event: 6.283 Thread 0x000001cf2bf4f020 Exception <a 'java/lang/NoSuchMethodError'{0x00000000886d6fa8}: 'java.lang.Object java.lang.invoke.DelegatingMethodHandle$Holder.delegate(java.lang.Object, java.lang.Object, java.lang.Object, java.lang.Object, java.lang.Object, java.lang.Object, java.lang.Object, java.lang.Object, java.lang.Object, java.lang.Object, java.lang.Object, java.lang.Object, java.lang.Object, java.lang.Object, java.lang.Object, java.lang.Object, java.lang.Object, java.lang.Object, java.lang.Object, java.lang.Object, java.lang.Obj
Event: 6.293 Thread 0x000001cf2bf4f020 Exception <a 'java/lang/NoSuchMethodError'{0x0000000088547490}: 'java.lang.Object java.lang.invoke.DirectMethodHandle$Holder.invokeStatic(java.lang.Object, java.lang.Object, java.lang.Object, java.lang.Object, java.lang.Object, java.lang.Object, java.lang.Object, java.lang.Object, java.lang.Object, java.lang.Object, java.lang.Object, java.lang.Object, java.lang.Object, java.lang.Object, java.lang.Object, java.lang.Object, java.lang.Object)'> (0x0000000088547490) 
thrown [s\src\hotspot\share\interpreter\lin
Event: 6.296 Thread 0x000001cf2bf4f020 Exception <a 'java/lang/NoSuchMethodError'{0x000000008856f0b0}: 'java.lang.Object java.lang.invoke.DirectMethodHandle$Holder.invokeStatic(java.lang.Object, java.lang.Object, java.lang.Object, java.lang.Object, java.lang.Object, java.lang.Object, java.lang.Object, java.lang.Object, java.lang.Object, java.lang.Object, java.lang.Object, java.lang.Object, java.lang.Object, java.lang.Object, java.lang.Object, java.lang.Object, java.lang.Object, java.lang.Object)'> (0x000000008856f0b0) 
thrown [s\src\hotspot\sha
Event: 6.298 Thread 0x000001cf2bf4f020 Exception <a 'java/lang/NoSuchMethodError'{0x0000000088597940}: 'java.lang.Object java.lang.invoke.DirectMethodHandle$Holder.invokeStatic(java.lang.Object, java.lang.Object, java.lang.Object, java.lang.Object, java.lang.Object, java.lang.Object, java.lang.Object, java.lang.Object, java.lang.Object, java.lang.Object, java.lang.Object, java.lang.Object, java.lang.Object, java.lang.Object, java.lang.Object, java.lang.Object, java.lang.Object, java.lang.Object, java.lang.Object)'> (0x0000000088597940) 
thrown 
Event: 6.301 Thread 0x000001cf2bf4f020 Exception <a 'java/lang/NoSuchMethodError'{0x00000000885c1248}: 'java.lang.Object java.lang.invoke.DirectMethodHandle$Holder.invokeStatic(java.lang.Object, java.lang.Object, java.lang.Object, java.lang.Object, java.lang.Object, java.lang.Object, java.lang.Object, java.lang.Object, java.lang.Object, java.lang.Object, java.lang.Object, java.lang.Object, java.lang.Object, java.lang.Object, java.lang.Object, java.lang.Object, java.lang.Object, java.lang.Object, java.lang.Object, java.lang.Object)'> (0x00000000
Event: 6.303 Thread 0x000001cf2bf4f020 Exception <a 'java/lang/NoSuchMethodError'{0x00000000885ebbb0}: 'java.lang.Object java.lang.invoke.DirectMethodHandle$Holder.invokeStatic(java.lang.Object, java.lang.Object, java.lang.Object, java.lang.Object, java.lang.Object, java.lang.Object, java.lang.Object, java.lang.Object, java.lang.Object, java.lang.Object, java.lang.Object, java.lang.Object, java.lang.Object, java.lang.Object, java.lang.Object, java.lang.Object, java.lang.Object, java.lang.Object, java.lang.Object, java.lang.Object, java.lang.Obj
Event: 6.307 Thread 0x000001cf2bf4f020 Exception <a 'java/lang/NoSuchMethodError'{0x0000000088417358}: 'java.lang.Object java.lang.invoke.DirectMethodHandle$Holder.invokeStatic(java.lang.Object, java.lang.Object, java.lang.Object, java.lang.Object, java.lang.Object, java.lang.Object, java.lang.Object, java.lang.Object, java.lang.Object, java.lang.Object, java.lang.Object, java.lang.Object, java.lang.Object, java.lang.Object, java.lang.Object, java.lang.Object, java.lang.Object, java.lang.Object, java.lang.Object, java.lang.Object, java.lang.Obj
Event: 6.310 Thread 0x000001cf2bf4f020 Exception <a 'java/lang/NoSuchMethodError'{0x00000000884440f8}: 'java.lang.Object java.lang.invoke.DirectMethodHandle$Holder.invokeStatic(java.lang.Object, java.lang.Object, java.lang.Object, java.lang.Object, java.lang.Object, java.lang.Object, java.lang.Object, java.lang.Object, java.lang.Object, java.lang.Object, java.lang.Object, java.lang.Object, java.lang.Object, java.lang.Object, java.lang.Object, java.lang.Object, java.lang.Object, java.lang.Object, java.lang.Object, java.lang.Object, java.lang.Obj
Event: 6.313 Thread 0x000001cf2bf4f020 Exception <a 'java/lang/NoSuchMethodError'{0x0000000088472750}: 'java.lang.Object java.lang.invoke.DirectMethodHandle$Holder.invokeStatic(java.lang.Object, java.lang.Object, java.lang.Object, java.lang.Object, java.lang.Object, java.lang.Object, java.lang.Object, java.lang.Object, java.lang.Object, java.lang.Object, java.lang.Object, java.lang.Object, java.lang.Object, java.lang.Object, java.lang.Object, java.lang.Object, java.lang.Object, java.lang.Object, java.lang.Object, java.lang.Object, java.lang.Obj
Event: 6.475 Thread 0x000001cf2bf4f020 Exception <a 'java/lang/IncompatibleClassChangeError'{0x00000000879cc560}: Found class java.lang.Object, but interface was expected> (0x00000000879cc560) 
thrown [s\src\hotspot\share\interpreter\linkResolver.cpp, line 838]
Event: 6.546 Thread 0x000001cf2bf4f020 Exception <a 'java/lang/IncompatibleClassChangeError'{0x0000000087664668}: Found class java.lang.Object, but interface was expected> (0x0000000087664668) 
thrown [s\src\hotspot\share\interpreter\linkResolver.cpp, line 838]
Event: 6.571 Thread 0x000001cf2bf4f020 Exception <a 'java/lang/NoSuchMethodError'{0x00000000875d4058}: 'int java.lang.invoke.DirectMethodHandle$Holder.invokeStaticInit(java.lang.Object, java.lang.Object, java.lang.Object, java.lang.Object, java.lang.Object)'> (0x00000000875d4058) 
thrown [s\src\hotspot\share\interpreter\linkResolver.cpp, line 771]
Event: 6.682 Thread 0x000001cf2bf4f020 Exception <a 'java/lang/NoSuchMethodError'{0x0000000086e24900}: 'void java.lang.invoke.DirectMethodHandle$Holder.invokeInterface(java.lang.Object, java.lang.Object)'> (0x0000000086e24900) 
thrown [s\src\hotspot\share\interpreter\linkResolver.cpp, line 771]
Event: 6.683 Thread 0x000001cf2bf4f020 Exception <a 'java/lang/IncompatibleClassChangeError'{0x0000000086e2fe18}: Found class java.lang.Object, but interface was expected> (0x0000000086e2fe18) 
thrown [s\src\hotspot\share\interpreter\linkResolver.cpp, line 838]
Event: 6.785 Thread 0x000001cf2bf4f020 Exception <a 'java/lang/ClassNotFoundException'{0x0000000086ba9728}: org/jetbrains/plugins/gradle/model/web/WebConfigurationBeanInfo> (0x0000000086ba9728) 
thrown [s\src\hotspot\share\classfile\systemDictionary.cpp, line 256]
Event: 6.786 Thread 0x000001cf2bf4f020 Exception <a 'java/lang/ClassNotFoundException'{0x0000000086bb1ab0}: org/jetbrains/plugins/gradle/model/web/WebConfigurationCustomizer> (0x0000000086bb1ab0) 
thrown [s\src\hotspot\share\classfile\systemDictionary.cpp, line 256]
Event: 6.789 Thread 0x000001cf2bf4f020 Exception <a 'java/lang/ClassNotFoundException'{0x0000000086bcffc8}: org/jetbrains/plugins/gradle/model/scala/ScalaModelBeanInfo> (0x0000000086bcffc8) 
thrown [s\src\hotspot\share\classfile\systemDictionary.cpp, line 256]
Event: 6.789 Thread 0x000001cf2bf4f020 Exception <a 'java/lang/ClassNotFoundException'{0x0000000086bd82d0}: org/jetbrains/plugins/gradle/model/scala/ScalaModelCustomizer> (0x0000000086bd82d0) 
thrown [s\src\hotspot\share\classfile\systemDictionary.cpp, line 256]
Event: 6.793 Thread 0x000001cf2bf4f020 Exception <a 'java/lang/ClassNotFoundException'{0x0000000086a09f48}: org/jetbrains/plugins/gradle/model/DependencyAccessorsModelBeanInfo> (0x0000000086a09f48) 
thrown [s\src\hotspot\share\classfile\systemDictionary.cpp, line 256]
Event: 6.793 Thread 0x000001cf2bf4f020 Exception <a 'java/lang/ClassNotFoundException'{0x0000000086a122f8}: org/jetbrains/plugins/gradle/model/DependencyAccessorsModelCustomizer> (0x0000000086a122f8) 
thrown [s\src\hotspot\share\classfile\systemDictionary.cpp, line 256]

VM Operations (20 events):
Event: 4.956 Executing VM operation: HandshakeAllThreads
Event: 4.956 Executing VM operation: HandshakeAllThreads done
Event: 5.112 Executing VM operation: HandshakeAllThreads
Event: 5.112 Executing VM operation: HandshakeAllThreads done
Event: 5.135 Executing VM operation: HandshakeAllThreads
Event: 5.135 Executing VM operation: HandshakeAllThreads done
Event: 5.135 Executing VM operation: HandshakeAllThreads
Event: 5.135 Executing VM operation: HandshakeAllThreads done
Event: 5.546 Executing VM operation: ICBufferFull
Event: 5.546 Executing VM operation: ICBufferFull done
Event: 6.262 Executing VM operation: ICBufferFull
Event: 6.262 Executing VM operation: ICBufferFull done
Event: 6.478 Executing VM operation: HandshakeAllThreads
Event: 6.478 Executing VM operation: HandshakeAllThreads done
Event: 6.874 Executing VM operation: G1CollectForAllocation
Event: 6.884 Executing VM operation: G1CollectForAllocation done
Event: 6.891 Executing VM operation: HandshakeAllThreads
Event: 6.891 Executing VM operation: HandshakeAllThreads done
Event: 6.909 Executing VM operation: G1CollectForAllocation
Event: 6.917 Executing VM operation: G1CollectForAllocation done

Events (20 events):
Event: 6.530 loading class java/util/stream/ReferencePipeline$4$1 done
Event: 6.629 loading class java/util/concurrent/atomic/AtomicReferenceFieldUpdater
Event: 6.629 loading class java/util/concurrent/atomic/AtomicReferenceFieldUpdater done
Event: 6.629 loading class java/util/concurrent/atomic/AtomicReferenceFieldUpdater$AtomicReferenceFieldUpdaterImpl
Event: 6.629 loading class java/util/concurrent/atomic/AtomicReferenceFieldUpdater$AtomicReferenceFieldUpdaterImpl done
Event: 6.629 loading class java/util/concurrent/atomic/AtomicReferenceFieldUpdater$AtomicReferenceFieldUpdaterImpl$1
Event: 6.629 loading class java/util/concurrent/atomic/AtomicReferenceFieldUpdater$AtomicReferenceFieldUpdaterImpl$1 done
Event: 6.705 loading class jdk/internal/math/FDBigInteger
Event: 6.706 loading class jdk/internal/math/FDBigInteger done
Event: 6.715 loading class java/util/zip/GZIPInputStream
Event: 6.715 loading class java/util/zip/GZIPInputStream done
Event: 6.715 loading class java/util/zip/GZIPOutputStream
Event: 6.715 loading class java/util/zip/GZIPOutputStream done
Event: 6.718 loading class java/lang/ThreadLocal$SuppliedThreadLocal
Event: 6.718 loading class java/lang/ThreadLocal$SuppliedThreadLocal done
Event: 6.797 Thread 0x000001cf2d9118e0 Thread added: 0x000001cf2d9118e0
Event: 6.853 loading class java/nio/file/AtomicMoveNotSupportedException
Event: 6.853 loading class java/nio/file/AtomicMoveNotSupportedException done
Event: 6.890 loading class java/io/FileWriter
Event: 6.890 loading class java/io/FileWriter done


Dynamic libraries:
0x00007ff7be870000 - 0x00007ff7be87a000 	C:\Program Files\Android\Android Studio\jbr\bin\java.exe
0x00007ff9850b0000 - 0x00007ff9852c6000 	C:\WINDOWS\SYSTEM32\ntdll.dll
0x00007ff9844b0000 - 0x00007ff984574000 	C:\WINDOWS\System32\KERNEL32.DLL
0x00007ff982a50000 - 0x00007ff982df6000 	C:\WINDOWS\System32\KERNELBASE.dll
0x00007ff9827c0000 - 0x00007ff9828d1000 	C:\WINDOWS\System32\ucrtbase.dll
0x00007ff969eb0000 - 0x00007ff969ec7000 	C:\Program Files\Android\Android Studio\jbr\bin\jli.dll
0x00007ff97d720000 - 0x00007ff97d73b000 	C:\Program Files\Android\Android Studio\jbr\bin\VCRUNTIME140.dll
0x00007ff9840a0000 - 0x00007ff98424d000 	C:\WINDOWS\System32\USER32.dll
0x00007ff982790000 - 0x00007ff9827b6000 	C:\WINDOWS\System32\win32u.dll
0x00007ff9787e0000 - 0x00007ff978a73000 	C:\WINDOWS\WinSxS\amd64_microsoft.windows.common-controls_6595b64144ccf1df_6.0.22621.3235_none_270f74e173860f98\COMCTL32.dll
0x00007ff982fe0000 - 0x00007ff983009000 	C:\WINDOWS\System32\GDI32.dll
0x00007ff982f30000 - 0x00007ff982fd7000 	C:\WINDOWS\System32\msvcrt.dll
0x00007ff982670000 - 0x00007ff982788000 	C:\WINDOWS\System32\gdi32full.dll
0x00007ff982550000 - 0x00007ff9825ea000 	C:\WINDOWS\System32\msvcp_win.dll
0x00007ff983010000 - 0x00007ff983041000 	C:\WINDOWS\System32\IMM32.DLL
0x00007ff97dc30000 - 0x00007ff97dc3c000 	C:\Program Files\Android\Android Studio\jbr\bin\vcruntime140_1.dll
0x00007ff915430000 - 0x00007ff9154bd000 	C:\Program Files\Android\Android Studio\jbr\bin\msvcp140.dll
0x00007ff8f2620000 - 0x00007ff8f328e000 	C:\Program Files\Android\Android Studio\jbr\bin\server\jvm.dll
0x00007ff984590000 - 0x00007ff984642000 	C:\WINDOWS\System32\ADVAPI32.dll
0x00007ff984fc0000 - 0x00007ff985068000 	C:\WINDOWS\System32\sechost.dll
0x00007ff982520000 - 0x00007ff982548000 	C:\WINDOWS\System32\bcrypt.dll
0x00007ff984ae0000 - 0x00007ff984bf5000 	C:\WINDOWS\System32\RPCRT4.dll
0x00007ff97b0a0000 - 0x00007ff97b0d4000 	C:\WINDOWS\SYSTEM32\WINMM.dll
0x00007ff965ad0000 - 0x00007ff965ad9000 	C:\WINDOWS\SYSTEM32\WSOCK32.dll
0x00007ff9794f0000 - 0x00007ff9794fa000 	C:\WINDOWS\SYSTEM32\VERSION.dll
0x00007ff983050000 - 0x00007ff9830c1000 	C:\WINDOWS\System32\WS2_32.dll
0x00007ff981430000 - 0x00007ff981448000 	C:\WINDOWS\SYSTEM32\kernel.appcore.dll
0x00007ff97dd00000 - 0x00007ff97dd0a000 	C:\Program Files\Android\Android Studio\jbr\bin\jimage.dll
0x00007ff971f00000 - 0x00007ff972133000 	C:\WINDOWS\SYSTEM32\DBGHELP.DLL
0x00007ff983290000 - 0x00007ff983618000 	C:\WINDOWS\System32\combase.dll
0x00007ff983f50000 - 0x00007ff984027000 	C:\WINDOWS\System32\OLEAUT32.dll
0x00007ff978bb0000 - 0x00007ff978be2000 	C:\WINDOWS\SYSTEM32\dbgcore.DLL
0x00007ff9825f0000 - 0x00007ff98266a000 	C:\WINDOWS\System32\bcryptPrimitives.dll
0x00007ff97dcd0000 - 0x00007ff97dcf5000 	C:\Program Files\Android\Android Studio\jbr\bin\java.dll
0x00007ff97dc10000 - 0x00007ff97dc28000 	C:\Program Files\Android\Android Studio\jbr\bin\zip.dll
0x00007ff9836f0000 - 0x00007ff983f4d000 	C:\WINDOWS\System32\SHELL32.dll
0x00007ff980350000 - 0x00007ff980c48000 	C:\WINDOWS\SYSTEM32\windows.storage.dll
0x00007ff980210000 - 0x00007ff98034e000 	C:\WINDOWS\SYSTEM32\wintypes.dll
0x00007ff9843b0000 - 0x00007ff9844a3000 	C:\WINDOWS\System32\SHCORE.dll
0x00007ff984040000 - 0x00007ff98409e000 	C:\WINDOWS\System32\shlwapi.dll
0x00007ff982320000 - 0x00007ff982346000 	C:\WINDOWS\SYSTEM32\profapi.dll
0x00007ff979740000 - 0x00007ff979759000 	C:\Program Files\Android\Android Studio\jbr\bin\net.dll
0x00007ff97ca30000 - 0x00007ff97cb67000 	C:\WINDOWS\SYSTEM32\WINHTTP.dll
0x00007ff981920000 - 0x00007ff981989000 	C:\WINDOWS\system32\mswsock.dll
0x00007ff96a110000 - 0x00007ff96a126000 	C:\Program Files\Android\Android Studio\jbr\bin\nio.dll
0x00007ff9716d0000 - 0x00007ff9716e0000 	C:\Program Files\Android\Android Studio\jbr\bin\verify.dll
0x00007ff9600d0000 - 0x00007ff9600f7000 	C:\Users\23480\.gradle\native\68d5fa5c4cc2d200863cafc0d521ce42e7d3e7ee720ec0a83991735586a16f82\windows-amd64\native-platform.dll
0x00007ff903980000 - 0x00007ff903ac4000 	C:\Users\23480\.gradle\native\e376f236ea51e6404a007f0833ffe2c6e607c4080706a723a18a27aeea778392\windows-amd64\native-platform-file-events.dll
0x00007ff9698d0000 - 0x00007ff9698d9000 	C:\Program Files\Android\Android Studio\jbr\bin\management.dll
0x00007ff969840000 - 0x00007ff96984b000 	C:\Program Files\Android\Android Studio\jbr\bin\management_ext.dll
0x00007ff984da0000 - 0x00007ff984da8000 	C:\WINDOWS\System32\PSAPI.DLL
0x00007ff981b70000 - 0x00007ff981b8b000 	C:\WINDOWS\SYSTEM32\CRYPTSP.dll
0x00007ff981390000 - 0x00007ff9813c5000 	C:\WINDOWS\system32\rsaenh.dll
0x00007ff981a10000 - 0x00007ff981a3c000 	C:\WINDOWS\SYSTEM32\USERENV.dll
0x00007ff981b90000 - 0x00007ff981b9c000 	C:\WINDOWS\SYSTEM32\CRYPTBASE.dll
0x00007ff980eb0000 - 0x00007ff980edd000 	C:\WINDOWS\SYSTEM32\IPHLPAPI.DLL
0x00007ff984650000 - 0x00007ff984659000 	C:\WINDOWS\System32\NSI.dll
0x00007ff97ca10000 - 0x00007ff97ca29000 	C:\WINDOWS\SYSTEM32\dhcpcsvc6.DLL
0x00007ff97c9f0000 - 0x00007ff97ca0f000 	C:\WINDOWS\SYSTEM32\dhcpcsvc.DLL
0x00007ff980f20000 - 0x00007ff981019000 	C:\WINDOWS\SYSTEM32\DNSAPI.dll
0x00007ff923540000 - 0x00007ff923548000 	C:\WINDOWS\system32\wshunix.dll

dbghelp: loaded successfully - version: 4.0.5 - missing functions: none
symbol engine: initialized successfully - sym options: 0x614 - pdb path: .;C:\Program Files\Android\Android Studio\jbr\bin;C:\WINDOWS\SYSTEM32;C:\WINDOWS\WinSxS\amd64_microsoft.windows.common-controls_6595b64144ccf1df_6.0.22621.3235_none_270f74e173860f98;C:\Program Files\Android\Android Studio\jbr\bin\server;C:\Users\23480\.gradle\native\68d5fa5c4cc2d200863cafc0d521ce42e7d3e7ee720ec0a83991735586a16f82\windows-amd64;C:\Users\23480\.gradle\native\e376f236ea51e6404a007f0833ffe2c6e607c4080706a723a18a27aeea778392\windows-amd64

VM Arguments:
jvm_args: --add-opens=java.base/java.util=ALL-UNNAMED --add-opens=java.base/java.lang=ALL-UNNAMED --add-opens=java.base/java.lang.invoke=ALL-UNNAMED --add-opens=java.prefs/java.util.prefs=ALL-UNNAMED --add-opens=java.base/java.nio.charset=ALL-UNNAMED --add-opens=java.base/java.net=ALL-UNNAMED --add-opens=java.base/java.util.concurrent.atomic=ALL-UNNAMED -Xmx2048m -Dfile.encoding=UTF-8 -Duser.country=US -Duser.language=en -Duser.variant 
java_command: org.gradle.launcher.daemon.bootstrap.GradleDaemon 8.0
java_class_path (initial): C:\Users\23480\.gradle\wrapper\dists\gradle-8.0-bin\ca5e32bp14vu59qr306oxotwh\gradle-8.0\lib\gradle-launcher-8.0.jar
Launcher Type: SUN_STANDARD

[Global flags]
     intx CICompilerCount                          = 4                                         {product} {ergonomic}
     uint ConcGCThreads                            = 2                                         {product} {ergonomic}
     uint G1ConcRefinementThreads                  = 8                                         {product} {ergonomic}
   size_t G1HeapRegionSize                         = 1048576                                   {product} {ergonomic}
    uintx GCDrainStackTargetSize                   = 64                                        {product} {ergonomic}
   size_t InitialHeapSize                          = 123731968                                 {product} {ergonomic}
   size_t MarkStackSize                            = 4194304                                   {product} {ergonomic}
   size_t MaxHeapSize                              = 2147483648                                {product} {command line}
   size_t MaxNewSize                               = 1287651328                                {product} {ergonomic}
   size_t MinHeapDeltaBytes                        = 1048576                                   {product} {ergonomic}
   size_t MinHeapSize                              = 8388608                                   {product} {ergonomic}
    uintx NonNMethodCodeHeapSize                   = 5839372                                {pd product} {ergonomic}
    uintx NonProfiledCodeHeapSize                  = 122909434                              {pd product} {ergonomic}
    uintx ProfiledCodeHeapSize                     = 122909434                              {pd product} {ergonomic}
    uintx ReservedCodeCacheSize                    = 251658240                              {pd product} {ergonomic}
     bool SegmentedCodeCache                       = true                                      {product} {ergonomic}
   size_t SoftMaxHeapSize                          = 2147483648                             {manageable} {ergonomic}
     bool UseCompressedClassPointers               = true                           {product lp64_product} {ergonomic}
     bool UseCompressedOops                        = true                           {product lp64_product} {ergonomic}
     bool UseG1GC                                  = true                                      {product} {ergonomic}
     bool UseLargePagesIndividualAllocation        = false                                  {pd product} {ergonomic}

Logging:
Log output configuration:
 #0: stdout all=warning uptime,level,tags
 #1: stderr all=off uptime,level,tags

Environment Variables:
PATH=C:\WINDOWS\system32;C:\WINDOWS;C:\WINDOWS\System32\Wbem;C:\WINDOWS\System32\WindowsPowerShell\v1.0\;C:\WINDOWS\System32\OpenSSH\;C:\Program Files\nodejs\;C:\Program Files\Git\cmd;C:\Users\23480\AppData\Local\Programs\Python\Python311\Scripts\;C:\Users\23480\AppData\Local\Programs\Python\Python311\;C:\Users\23480\AppData\Local\Microsoft\WindowsApps;C:\Users\23480\AppData\Local\atom\bin;C:\Users\23480\AppData\Local\Programs\Microsoft VS Code\bin;C:\Users\23480\AppData\Local\Microsoft\WindowsApps;;C:\Program Files\JetBrains\IntelliJ IDEA Community Edition 2023.2.1\bin;;C:\Users\23480\AppData\Roaming\npm
USERNAME=23480
OS=Windows_NT
PROCESSOR_IDENTIFIER=AMD64 Family 23 Model 104 Stepping 1, AuthenticAMD
TMP=C:\Users\23480\AppData\Local\Temp
TEMP=C:\Users\23480\AppData\Local\Temp


JNI global refs:
JNI global refs: 24, weak refs: 1

JNI global refs memory usage: 843, weak refs: 841


---------------  S Y S T E M  ---------------

OS:
 Windows 11 , 64 bit Build 22621 (10.0.22621.3235)
OS uptime: 0 days 2:01 hours

CPU: total 8 (initial active 8) (8 cores per cpu, 2 threads per core) family 23 model 104 stepping 1 microcode 0x0, cx8, cmov, fxsr, ht, mmx, 3dnowpref, sse, sse2, sse3, ssse3, sse4a, sse4.1, sse4.2, popcnt, lzcnt, tsc, tscinvbit, avx, avx2, aes, clmul, bmi1, bmi2, adx, sha, fma, vzeroupper, clflush, clflushopt

Memory: 4k page, system-wide physical 7502M (344M free)
TotalPageFile size 11571M (AvailPageFile size 4M)
current process WorkingSet (physical memory assigned to process): 359M, peak: 362M
current process commit charge ("private bytes"): 402M, peak: 406M

vm_info: OpenJDK 64-Bit Server VM (17.0.6+0-b2043.56-10027231) for windows-amd64 JRE (17.0.6+0-b2043.56-10027231), built on Apr 28 2023 00:43:19 by "androidbuild" with MS VC++ 16.10 / 16.11 (VS2019)

END.
