#
# There is insufficient memory for the Java Runtime Environment to continue.
# Native memory allocation (mmap) failed to map 1048576 bytes for G1 virtual space
# Possible reasons:
#   The system is out of physical RAM or swap space
#   The process is running with CompressedOops enabled, and the Java Heap may be blocking the growth of the native heap
# Possible solutions:
#   Reduce memory load on the system
#   Increase physical memory or swap space
#   Check if swap backing store is full
#   Decrease Java heap size (-Xmx/-Xms)
#   Decrease number of Java threads
#   Decrease Java thread stack sizes (-Xss)
#   Set larger code cache with -XX:ReservedCodeCacheSize=
#   JVM is running with Unscaled Compressed Oops mode in which the Java heap is
#     placed in the first 4GB address space. The Java Heap base address is the
#     maximum limit for the native heap growth. Please use -XX:HeapBaseMinAddress
#     to set the Java Heap base and to place the Java Heap above 4GB virtual address.
# This output file may be truncated or incomplete.
#
#  Out of Memory Error (os_windows.cpp:3769), pid=21584, tid=20436
#
# JRE version: OpenJDK Runtime Environment (17.0.6) (build 17.0.6+0-b2043.56-10027231)
# Java VM: OpenJDK 64-Bit Server VM (17.0.6+0-b2043.56-10027231, mixed mode, tiered, compressed oops, compressed class ptrs, g1 gc, windows-amd64)
# No core dump will be written. Minidumps are not enabled by default on client versions of Windows
#

---------------  S U M M A R Y ------------

Command Line: --add-opens=java.base/java.util=ALL-UNNAMED --add-opens=java.base/java.lang=ALL-UNNAMED --add-opens=java.base/java.lang.invoke=ALL-UNNAMED --add-opens=java.prefs/java.util.prefs=ALL-UNNAMED --add-opens=java.base/java.nio.charset=ALL-UNNAMED --add-opens=java.base/java.net=ALL-UNNAMED --add-opens=java.base/java.util.concurrent.atomic=ALL-UNNAMED -Xmx2048m -Dfile.encoding=UTF-8 -Duser.country=US -Duser.language=en -Duser.variant org.gradle.launcher.daemon.bootstrap.GradleDaemon 8.0

Host: AMD Ryzen 3 5300U with Radeon Graphics         , 8 cores, 7G,  Windows 11 , 64 bit Build 22621 (10.0.22621.3235)
Time: Mon Mar 25 12:15:25 2024 W. Central Africa Standard Time elapsed time: 7.153772 seconds (0d 0h 0m 7s)

---------------  T H R E A D  ---------------

Current thread (0x0000018202956400):  VMThread "VM Thread" [stack: 0x00000027f7900000,0x00000027f7a00000] [id=20436]

Stack: [0x00000027f7900000,0x00000027f7a00000]
Native frames: (J=compiled Java code, j=interpreted, Vv=VM code, C=native code)
V  [jvm.dll+0x683c9a]
V  [jvm.dll+0x8427a4]
V  [jvm.dll+0x843f9e]
V  [jvm.dll+0x844603]
V  [jvm.dll+0x249b75]
V  [jvm.dll+0x680b69]
V  [jvm.dll+0x67505a]
V  [jvm.dll+0x309acb]
V  [jvm.dll+0x310f86]
V  [jvm.dll+0x3608ee]
V  [jvm.dll+0x360b1f]
V  [jvm.dll+0x2dfbf8]
V  [jvm.dll+0x2e2ce6]
V  [jvm.dll+0x2ed478]
V  [jvm.dll+0x322150]
V  [jvm.dll+0x848ccb]
V  [jvm.dll+0x849a04]
V  [jvm.dll+0x849f1d]
V  [jvm.dll+0x84a2f4]
V  [jvm.dll+0x84a3c0]
V  [jvm.dll+0x7f274a]
V  [jvm.dll+0x682ad5]
C  [ucrtbase.dll+0x29363]
C  [KERNEL32.DLL+0x1257d]
C  [ntdll.dll+0x5aa58]

VM_Operation (0x00000027f75ff7d0): G1Concurrent, mode: safepoint, requested by thread 0x0000018268a9cff0


---------------  P R O C E S S  ---------------

Threads class SMR info:
_java_thread_list=0x0000018203960c50, length=43, elements={
0x0000018268a33810, 0x0000018202969260, 0x0000018202924770, 0x000001820292b820,
0x00000182029433d0, 0x000001820340ee40, 0x0000018203411710, 0x0000018203412300,
0x0000018203412c00, 0x0000018203415510, 0x00000182035ab160, 0x00000182035ad640,
0x00000182049c1fa0, 0x00000182049c2470, 0x00000182049c1ad0, 0x00000182049c2940,
0x00000182049c5490, 0x00000182049c2e10, 0x00000182049c4fc0, 0x00000182049c32e0,
0x00000182049c37b0, 0x00000182049c3c80, 0x00000182049c4150, 0x00000182049c4620,
0x00000182049c4af0, 0x00000182063804f0, 0x0000018206381d00, 0x0000018206380020,
0x00000182063821d0, 0x00000182063809c0, 0x000001820637e810, 0x00000182063826a0,
0x000001820637d000, 0x000001820637d9a0, 0x0000018206382b70, 0x0000018206383040,
0x0000018206384380, 0x0000018206380e90, 0x0000018206384850, 0x000001820637d4d0,
0x00000182063839e0, 0x0000018206383eb0, 0x000001820637e340
}

Java Threads: ( => current thread )
  0x0000018268a33810 JavaThread "main" [_thread_blocked, id=19584, stack(0x00000027f7300000,0x00000027f7400000)]
  0x0000018202969260 JavaThread "Reference Handler" daemon [_thread_blocked, id=18788, stack(0x00000027f7a00000,0x00000027f7b00000)]
  0x0000018202924770 JavaThread "Finalizer" daemon [_thread_blocked, id=10880, stack(0x00000027f7b00000,0x00000027f7c00000)]
  0x000001820292b820 JavaThread "Signal Dispatcher" daemon [_thread_blocked, id=11040, stack(0x00000027f7c00000,0x00000027f7d00000)]
  0x00000182029433d0 JavaThread "Attach Listener" daemon [_thread_blocked, id=12256, stack(0x00000027f7d00000,0x00000027f7e00000)]
  0x000001820340ee40 JavaThread "Service Thread" daemon [_thread_blocked, id=5248, stack(0x00000027f7e00000,0x00000027f7f00000)]
  0x0000018203411710 JavaThread "Monitor Deflation Thread" daemon [_thread_blocked, id=19008, stack(0x00000027f7f00000,0x00000027f8000000)]
  0x0000018203412300 JavaThread "C2 CompilerThread0" daemon [_thread_blocked, id=1888, stack(0x00000027f8000000,0x00000027f8100000)]
  0x0000018203412c00 JavaThread "C1 CompilerThread0" daemon [_thread_blocked, id=16184, stack(0x00000027f8100000,0x00000027f8200000)]
  0x0000018203415510 JavaThread "Sweeper thread" daemon [_thread_blocked, id=20700, stack(0x00000027f8200000,0x00000027f8300000)]
  0x00000182035ab160 JavaThread "Common-Cleaner" daemon [_thread_blocked, id=13816, stack(0x00000027f8300000,0x00000027f8400000)]
  0x00000182035ad640 JavaThread "Notification Thread" daemon [_thread_blocked, id=4336, stack(0x00000027f8400000,0x00000027f8500000)]
  0x00000182049c1fa0 JavaThread "Daemon health stats" [_thread_blocked, id=2540, stack(0x00000027f8a00000,0x00000027f8b00000)]
  0x00000182049c2470 JavaThread "Incoming local TCP Connector on port 52559" [_thread_in_native, id=20732, stack(0x00000027f8b00000,0x00000027f8c00000)]
  0x00000182049c1ad0 JavaThread "Daemon periodic checks" [_thread_blocked, id=19900, stack(0x00000027f8c00000,0x00000027f8d00000)]
  0x00000182049c2940 JavaThread "Daemon" [_thread_blocked, id=8164, stack(0x00000027f8d00000,0x00000027f8e00000)]
  0x00000182049c5490 JavaThread "Handler for socket connection from /127.0.0.1:52559 to /127.0.0.1:52560" [_thread_in_native, id=19300, stack(0x00000027f8e00000,0x00000027f8f00000)]
  0x00000182049c2e10 JavaThread "Cancel handler" [_thread_blocked, id=2164, stack(0x00000027f8f00000,0x00000027f9000000)]
  0x00000182049c4fc0 JavaThread "Daemon worker" [_thread_blocked, id=8640, stack(0x00000027f9000000,0x00000027f9100000)]
  0x00000182049c32e0 JavaThread "Asynchronous log dispatcher for DefaultDaemonConnection: socket connection from /127.0.0.1:52559 to /127.0.0.1:52560" [_thread_blocked, id=19380, stack(0x00000027f9100000,0x00000027f9200000)]
  0x00000182049c37b0 JavaThread "Stdin handler" [_thread_blocked, id=17832, stack(0x00000027f9200000,0x00000027f9300000)]
  0x00000182049c3c80 JavaThread "Daemon client event forwarder" [_thread_blocked, id=7924, stack(0x00000027f9300000,0x00000027f9400000)]
  0x00000182049c4150 JavaThread "Cache worker for journal cache (C:\Users\23480\.gradle\caches\journal-1)" [_thread_blocked, id=9572, stack(0x00000027f9800000,0x00000027f9900000)]
  0x00000182049c4620 JavaThread "File lock request listener" [_thread_in_native, id=12896, stack(0x00000027f9900000,0x00000027f9a00000)]
  0x00000182049c4af0 JavaThread "Cache worker for file hash cache (C:\Users\23480\.gradle\caches\8.0\fileHashes)" [_thread_blocked, id=13836, stack(0x00000027f9a00000,0x00000027f9b00000)]
  0x00000182063804f0 JavaThread "File watcher server" daemon [_thread_in_native, id=13128, stack(0x00000027f9b00000,0x00000027f9c00000)]
  0x0000018206381d00 JavaThread "File watcher consumer" daemon [_thread_blocked, id=15372, stack(0x00000027f9c00000,0x00000027f9d00000)]
  0x0000018206380020 JavaThread "jar transforms" [_thread_blocked, id=12800, stack(0x00000027f9d00000,0x00000027f9e00000)]
  0x00000182063821d0 JavaThread "jar transforms Thread 2" [_thread_blocked, id=3928, stack(0x00000027f9e00000,0x00000027f9f00000)]
  0x00000182063809c0 JavaThread "jar transforms Thread 3" [_thread_blocked, id=13580, stack(0x00000027f9f00000,0x00000027fa000000)]
  0x000001820637e810 JavaThread "jar transforms Thread 4" [_thread_blocked, id=1764, stack(0x00000027fa000000,0x00000027fa100000)]
  0x00000182063826a0 JavaThread "jar transforms Thread 5" [_thread_blocked, id=2664, stack(0x00000027fa100000,0x00000027fa200000)]
  0x000001820637d000 JavaThread "jar transforms Thread 6" [_thread_blocked, id=12372, stack(0x00000027fa200000,0x00000027fa300000)]
  0x000001820637d9a0 JavaThread "jar transforms Thread 7" [_thread_blocked, id=13616, stack(0x00000027fa300000,0x00000027fa400000)]
  0x0000018206382b70 JavaThread "jar transforms Thread 8" [_thread_blocked, id=13336, stack(0x00000027fa400000,0x00000027fa500000)]
  0x0000018206383040 JavaThread "Cache worker for checksums cache (C:\Users\23480\Documents\androidproject\TaskApp\.gradle\8.0\checksums)" [_thread_blocked, id=21656, stack(0x00000027fa500000,0x00000027fa600000)]
  0x0000018206384380 JavaThread "Cache worker for cache directory md-rule (C:\Users\23480\.gradle\caches\8.0\md-rule)" [_thread_blocked, id=18224, stack(0x00000027fa600000,0x00000027fa700000)]
  0x0000018206380e90 JavaThread "Cache worker for file content cache (C:\Users\23480\.gradle\caches\8.0\fileContent)" [_thread_blocked, id=5824, stack(0x00000027fa700000,0x00000027fa800000)]
  0x0000018206384850 JavaThread "Cache worker for file hash cache (C:\Users\23480\Documents\androidproject\TaskApp\.gradle\8.0\fileHashes)" [_thread_blocked, id=20476, stack(0x00000027fa800000,0x00000027fa900000)]
  0x000001820637d4d0 JavaThread "Cache worker for cache directory md-supplier (C:\Users\23480\.gradle\caches\8.0\md-supplier)" [_thread_blocked, id=7088, stack(0x00000027fa900000,0x00000027faa00000)]
  0x00000182063839e0 JavaThread "Cache worker for execution history cache (C:\Users\23480\.gradle\caches\8.0\executionHistory)" [_thread_blocked, id=3304, stack(0x00000027faa00000,0x00000027fab00000)]
  0x0000018206383eb0 JavaThread "Cache worker for kotlin-dsl (C:\Users\23480\.gradle\caches\8.0\kotlin-dsl)" [_thread_blocked, id=18944, stack(0x00000027fab00000,0x00000027fac00000)]
  0x000001820637e340 JavaThread "Cache worker for dependencies-accessors (C:\Users\23480\Documents\androidproject\TaskApp\.gradle\8.0\dependencies-accessors)" [_thread_blocked, id=16336, stack(0x00000027fac00000,0x00000027fad00000)]

Other Threads:
=>0x0000018202956400 VMThread "VM Thread" [stack: 0x00000027f7900000,0x00000027f7a00000] [id=20436]
  0x0000018268ab0780 WatcherThread [stack: 0x00000027f8500000,0x00000027f8600000] [id=15988]
  0x0000018268a8c1a0 GCTaskThread "GC Thread#0" [stack: 0x00000027f7400000,0x00000027f7500000] [id=16668]
  0x0000018203ecc5a0 GCTaskThread "GC Thread#1" [stack: 0x00000027f8600000,0x00000027f8700000] [id=21304]
  0x000001820412fd10 GCTaskThread "GC Thread#2" [stack: 0x00000027f8700000,0x00000027f8800000] [id=5424]
  0x0000018203c0e990 GCTaskThread "GC Thread#3" [stack: 0x00000027f8800000,0x00000027f8900000] [id=20360]
  0x00000182040d19d0 GCTaskThread "GC Thread#4" [stack: 0x00000027f8900000,0x00000027f8a00000] [id=8220]
  0x0000018205a114d0 GCTaskThread "GC Thread#5" [stack: 0x00000027f9400000,0x00000027f9500000] [id=1548]
  0x0000018204ea55a0 GCTaskThread "GC Thread#6" [stack: 0x00000027f9500000,0x00000027f9600000] [id=7712]
  0x0000018204ea5850 GCTaskThread "GC Thread#7" [stack: 0x00000027f9600000,0x00000027f9700000] [id=13728]
  0x0000018268a9cff0 ConcurrentGCThread "G1 Main Marker" [stack: 0x00000027f7500000,0x00000027f7600000] [id=15908]
  0x0000018268a9d910 ConcurrentGCThread "G1 Conc#0" [stack: 0x00000027f7600000,0x00000027f7700000] [id=18460]
  0x0000018204f66d70 ConcurrentGCThread "G1 Conc#1" [stack: 0x00000027f9700000,0x00000027f9800000] [id=22136]
  0x0000018268aee600 ConcurrentGCThread "G1 Refine#0" [stack: 0x00000027f7700000,0x00000027f7800000] [id=6008]
  0x000001820279a0f0 ConcurrentGCThread "G1 Service" [stack: 0x00000027f7800000,0x00000027f7900000] [id=2592]

Threads with active compile tasks:
C2 CompilerThread0     7188 4643       4       org.codehaus.groovy.runtime.metaclass.MetaMethodIndex::addMethodToList (131 bytes)

VM state: at safepoint (normal execution)

VM Mutex/Monitor currently owned by a thread:  ([mutex/lock_event])
[0x0000018268a2f5d0] Threads_lock - owner thread: 0x0000018202956400
[0x0000018268a30aa0] Heap_lock - owner thread: 0x0000018268a9cff0

Heap address: 0x0000000080000000, size: 2048 MB, Compressed Oops mode: 32-bit

CDS archive(s) not mapped
Compressed class space mapped at: 0x0000000100000000-0x0000000140000000, reserved size: 1073741824
Narrow klass base: 0x0000000000000000, Narrow klass shift: 3, Narrow klass range: 0x140000000

GC Precious Log:
 CPUs: 8 total, 8 available
 Memory: 7502M
 Large Page Support: Disabled
 NUMA Support: Disabled
 Compressed Oops: Enabled (32-bit)
 Heap Region Size: 1M
 Heap Min Capacity: 8M
 Heap Initial Capacity: 118M
 Heap Max Capacity: 2G
 Pre-touch: Disabled
 Parallel Workers: 8
 Concurrent Workers: 2
 Concurrent Refinement Workers: 8
 Periodic GC: Disabled

Heap:
 garbage-first heap   total 119808K, used 70693K [0x0000000080000000, 0x0000000100000000)
  region size 1024K, 5 young (5120K), 3 survivors (3072K)
 Metaspace       used 51833K, committed 52416K, reserved 1097728K
  class space    used 6901K, committed 7168K, reserved 1048576K

Heap Regions: E=young(eden), S=young(survivor), O=old, HS=humongous(starts), HC=humongous(continues), CS=collection set, F=free, OA=open archive, CA=closed archive, TAMS=top-at-mark-start (previous, next)
|   0|0x0000000080000000, 0x0000000080100000, 0x0000000080100000|100%|HS|  |TAMS 0x0000000080100000, 0x0000000080000000| Complete 
|   1|0x0000000080100000, 0x0000000080200000, 0x0000000080200000|100%|HC|  |TAMS 0x0000000080200000, 0x0000000080100000| Complete 
|   2|0x0000000080200000, 0x0000000080300000, 0x0000000080300000|100%|HC|  |TAMS 0x0000000080300000, 0x0000000080200000| Complete 
|   3|0x0000000080300000, 0x0000000080400000, 0x0000000080400000|100%|HC|  |TAMS 0x0000000080400000, 0x0000000080300000| Complete 
|   4|0x0000000080400000, 0x0000000080500000, 0x0000000080500000|100%| O|  |TAMS 0x0000000080500000, 0x0000000080400000| Untracked 
|   5|0x0000000080500000, 0x0000000080600000, 0x0000000080600000|100%| O|  |TAMS 0x0000000080600000, 0x0000000080500000| Untracked 
|   6|0x0000000080600000, 0x0000000080700000, 0x0000000080700000|100%| O|  |TAMS 0x0000000080700000, 0x0000000080600000| Untracked 
|   7|0x0000000080700000, 0x0000000080800000, 0x0000000080800000|100%| O|  |TAMS 0x0000000080800000, 0x0000000080700000| Untracked 
|   8|0x0000000080800000, 0x0000000080900000, 0x0000000080900000|100%| O|  |TAMS 0x0000000080900000, 0x0000000080800000| Untracked 
|   9|0x0000000080900000, 0x0000000080a00000, 0x0000000080a00000|100%| O|  |TAMS 0x0000000080a00000, 0x0000000080900000| Updating 
|  10|0x0000000080a00000, 0x0000000080b00000, 0x0000000080b00000|100%| O|  |TAMS 0x0000000080b00000, 0x0000000080a00000| Untracked 
|  11|0x0000000080b00000, 0x0000000080b2ce00, 0x0000000080c00000| 17%| O|  |TAMS 0x0000000080b2ce00, 0x0000000080b00000| Updating 
|  12|0x0000000080c00000, 0x0000000080d00000, 0x0000000080d00000|100%| O|  |TAMS 0x0000000080d00000, 0x0000000080c00000| Untracked 
|  13|0x0000000080d00000, 0x0000000080e00000, 0x0000000080e00000|100%| O|  |TAMS 0x0000000080e00000, 0x0000000080d00000| Untracked 
|  14|0x0000000080e00000, 0x0000000080f00000, 0x0000000080f00000|100%| O|  |TAMS 0x0000000080f00000, 0x0000000080e00000| Untracked 
|  15|0x0000000080f00000, 0x0000000081000000, 0x0000000081000000|100%| O|  |TAMS 0x0000000081000000, 0x0000000080f00000| Untracked 
|  16|0x0000000081000000, 0x0000000081100000, 0x0000000081100000|100%| O|  |TAMS 0x0000000081100000, 0x0000000081000000| Untracked 
|  17|0x0000000081100000, 0x0000000081200000, 0x0000000081200000|100%| O|  |TAMS 0x0000000081200000, 0x0000000081100000| Untracked 
|  18|0x0000000081200000, 0x0000000081300000, 0x0000000081300000|100%| O|  |TAMS 0x0000000081300000, 0x0000000081200000| Untracked 
|  19|0x0000000081300000, 0x0000000081400000, 0x0000000081400000|100%|HS|  |TAMS 0x0000000081400000, 0x0000000081300000| Complete 
|  20|0x0000000081400000, 0x0000000081500000, 0x0000000081500000|100%|HC|  |TAMS 0x0000000081500000, 0x0000000081400000| Complete 
|  21|0x0000000081500000, 0x0000000081600000, 0x0000000081600000|100%|HS|  |TAMS 0x0000000081600000, 0x0000000081500000| Complete 
|  22|0x0000000081600000, 0x0000000081700000, 0x0000000081700000|100%|HC|  |TAMS 0x0000000081700000, 0x0000000081600000| Complete 
|  23|0x0000000081700000, 0x0000000081800000, 0x0000000081800000|100%|HC|  |TAMS 0x0000000081800000, 0x0000000081700000| Complete 
|  24|0x0000000081800000, 0x0000000081900000, 0x0000000081900000|100%| O|  |TAMS 0x0000000081900000, 0x0000000081800000| Untracked 
|  25|0x0000000081900000, 0x0000000081a00000, 0x0000000081a00000|100%| O|  |TAMS 0x0000000081a00000, 0x0000000081900000| Untracked 
|  26|0x0000000081a00000, 0x0000000081b00000, 0x0000000081b00000|100%| O|  |TAMS 0x0000000081b00000, 0x0000000081a00000| Untracked 
|  27|0x0000000081b00000, 0x0000000081c00000, 0x0000000081c00000|100%| O|  |TAMS 0x0000000081c00000, 0x0000000081b00000| Untracked 
|  28|0x0000000081c00000, 0x0000000081d00000, 0x0000000081d00000|100%|HS|  |TAMS 0x0000000081d00000, 0x0000000081c00000| Complete 
|  29|0x0000000081d00000, 0x0000000081e00000, 0x0000000081e00000|100%|HC|  |TAMS 0x0000000081e00000, 0x0000000081d00000| Complete 
|  30|0x0000000081e00000, 0x0000000081f00000, 0x0000000081f00000|100%|HC|  |TAMS 0x0000000081f00000, 0x0000000081e00000| Complete 
|  31|0x0000000081f00000, 0x0000000082000000, 0x0000000082000000|100%| O|  |TAMS 0x0000000082000000, 0x0000000081f00000| Updating 
|  32|0x0000000082000000, 0x0000000082100000, 0x0000000082100000|100%|HS|  |TAMS 0x0000000082100000, 0x0000000082000000| Complete 
|  33|0x0000000082100000, 0x0000000082200000, 0x0000000082200000|100%|HC|  |TAMS 0x0000000082200000, 0x0000000082100000| Complete 
|  34|0x0000000082200000, 0x0000000082300000, 0x0000000082300000|100%|HC|  |TAMS 0x0000000082300000, 0x0000000082200000| Complete 
|  35|0x0000000082300000, 0x0000000082400000, 0x0000000082400000|100%|HC|  |TAMS 0x0000000082400000, 0x0000000082300000| Complete 
|  36|0x0000000082400000, 0x0000000082500000, 0x0000000082500000|100%|HC|  |TAMS 0x0000000082500000, 0x0000000082400000| Complete 
|  37|0x0000000082500000, 0x0000000082600000, 0x0000000082600000|100%|HC|  |TAMS 0x0000000082600000, 0x0000000082500000| Complete 
|  38|0x0000000082600000, 0x0000000082700000, 0x0000000082700000|100%|HC|  |TAMS 0x0000000082700000, 0x0000000082600000| Complete 
|  39|0x0000000082700000, 0x0000000082800000, 0x0000000082800000|100%|HC|  |TAMS 0x0000000082800000, 0x0000000082700000| Complete 
|  40|0x0000000082800000, 0x0000000082900000, 0x0000000082900000|100%|HC|  |TAMS 0x0000000082900000, 0x0000000082800000| Complete 
|  41|0x0000000082900000, 0x0000000082a00000, 0x0000000082a00000|100%|HC|  |TAMS 0x0000000082a00000, 0x0000000082900000| Complete 
|  42|0x0000000082a00000, 0x0000000082b00000, 0x0000000082b00000|100%|HC|  |TAMS 0x0000000082b00000, 0x0000000082a00000| Complete 
|  43|0x0000000082b00000, 0x0000000082c00000, 0x0000000082c00000|100%|HC|  |TAMS 0x0000000082c00000, 0x0000000082b00000| Complete 
|  44|0x0000000082c00000, 0x0000000082d00000, 0x0000000082d00000|100%| O|  |TAMS 0x0000000082d00000, 0x0000000082c00000| Updating 
|  45|0x0000000082d00000, 0x0000000082e00000, 0x0000000082e00000|100%|HS|  |TAMS 0x0000000082e00000, 0x0000000082d00000| Complete 
|  46|0x0000000082e00000, 0x0000000082f00000, 0x0000000082f00000|100%|HC|  |TAMS 0x0000000082f00000, 0x0000000082e00000| Complete 
|  47|0x0000000082f00000, 0x0000000083000000, 0x0000000083000000|100%| O|  |TAMS 0x0000000083000000, 0x0000000082f00000| Updating 
|  48|0x0000000083000000, 0x0000000083100000, 0x0000000083100000|100%| O|  |TAMS 0x0000000083100000, 0x0000000083000000| Untracked 
|  49|0x0000000083100000, 0x0000000083200000, 0x0000000083200000|100%| O|  |TAMS 0x0000000083200000, 0x0000000083100000| Untracked 
|  50|0x0000000083200000, 0x0000000083300000, 0x0000000083300000|100%| O|  |TAMS 0x0000000083300000, 0x0000000083200000| Untracked 
|  51|0x0000000083300000, 0x0000000083400000, 0x0000000083400000|100%| O|  |TAMS 0x0000000083400000, 0x0000000083300000| Untracked 
|  52|0x0000000083400000, 0x0000000083500000, 0x0000000083500000|100%| O|  |TAMS 0x0000000083500000, 0x0000000083400000| Untracked 
|  53|0x0000000083500000, 0x0000000083600000, 0x0000000083600000|100%| O|  |TAMS 0x0000000083600000, 0x0000000083500000| Untracked 
|  54|0x0000000083600000, 0x0000000083700000, 0x0000000083700000|100%| O|  |TAMS 0x0000000083700000, 0x0000000083600000| Untracked 
|  55|0x0000000083700000, 0x0000000083800000, 0x0000000083800000|100%|HS|  |TAMS 0x0000000083800000, 0x0000000083700000| Complete 
|  56|0x0000000083800000, 0x0000000083900000, 0x0000000083900000|100%|HC|  |TAMS 0x0000000083900000, 0x0000000083800000| Complete 
|  57|0x0000000083900000, 0x0000000083a00000, 0x0000000083a00000|100%|HC|  |TAMS 0x0000000083a00000, 0x0000000083900000| Complete 
|  58|0x0000000083a00000, 0x0000000083b00000, 0x0000000083b00000|100%|HS|  |TAMS 0x0000000083b00000, 0x0000000083a00000| Complete 
|  59|0x0000000083b00000, 0x0000000083c00000, 0x0000000083c00000|100%|HC|  |TAMS 0x0000000083c00000, 0x0000000083b00000| Complete 
|  60|0x0000000083c00000, 0x0000000083d00000, 0x0000000083d00000|100%|HC|  |TAMS 0x0000000083d00000, 0x0000000083c00000| Complete 
|  61|0x0000000083d00000, 0x0000000083e00000, 0x0000000083e00000|100%| O|  |TAMS 0x0000000083e00000, 0x0000000083d00000| Untracked 
|  62|0x0000000083e00000, 0x0000000083f00000, 0x0000000083f00000|100%| O|  |TAMS 0x0000000083f00000, 0x0000000083e00000| Untracked 
|  63|0x0000000083f00000, 0x0000000084000000, 0x0000000084000000|100%| O|  |TAMS 0x0000000084000000, 0x0000000083f00000| Untracked 
|  64|0x0000000084000000, 0x0000000084100000, 0x0000000084100000|100%| O|  |TAMS 0x0000000084100000, 0x0000000084000000| Untracked 
|  65|0x0000000084100000, 0x0000000084100000, 0x0000000084200000|  0%| F|  |TAMS 0x0000000084100000, 0x0000000084100000| Untracked 
|  66|0x0000000084200000, 0x0000000084300000, 0x0000000084300000|100%| O|  |TAMS 0x0000000084300000, 0x0000000084200000| Updating 
|  67|0x0000000084300000, 0x0000000084310e00, 0x0000000084400000|  6%| O|  |TAMS 0x0000000084310e00, 0x0000000084300000| Updating 
|  68|0x0000000084400000, 0x0000000084400000, 0x0000000084500000|  0%| F|  |TAMS 0x0000000084400000, 0x0000000084400000| Untracked 
|  69|0x0000000084500000, 0x0000000084500000, 0x0000000084600000|  0%| F|  |TAMS 0x0000000084500000, 0x0000000084500000| Untracked 
|  70|0x0000000084600000, 0x0000000084600000, 0x0000000084700000|  0%| F|  |TAMS 0x0000000084600000, 0x0000000084600000| Untracked 
|  71|0x0000000084700000, 0x0000000084700000, 0x0000000084800000|  0%| F|  |TAMS 0x0000000084700000, 0x0000000084700000| Untracked 
|  72|0x0000000084800000, 0x0000000084800000, 0x0000000084900000|  0%| F|  |TAMS 0x0000000084800000, 0x0000000084800000| Untracked 
|  73|0x0000000084900000, 0x0000000084900000, 0x0000000084a00000|  0%| F|  |TAMS 0x0000000084900000, 0x0000000084900000| Untracked 
|  74|0x0000000084a00000, 0x0000000084a00000, 0x0000000084b00000|  0%| F|  |TAMS 0x0000000084a00000, 0x0000000084a00000| Untracked 
|  75|0x0000000084b00000, 0x0000000084b00000, 0x0000000084c00000|  0%| F|  |TAMS 0x0000000084b00000, 0x0000000084b00000| Untracked 
|  76|0x0000000084c00000, 0x0000000084c00000, 0x0000000084d00000|  0%| F|  |TAMS 0x0000000084c00000, 0x0000000084c00000| Untracked 
|  77|0x0000000084d00000, 0x0000000084d00000, 0x0000000084e00000|  0%| F|  |TAMS 0x0000000084d00000, 0x0000000084d00000| Untracked 
|  78|0x0000000084e00000, 0x0000000084e00000, 0x0000000084f00000|  0%| F|  |TAMS 0x0000000084e00000, 0x0000000084e00000| Untracked 
|  79|0x0000000084f00000, 0x0000000084f00000, 0x0000000085000000|  0%| F|  |TAMS 0x0000000084f00000, 0x0000000084f00000| Untracked 
|  80|0x0000000085000000, 0x0000000085000000, 0x0000000085100000|  0%| F|  |TAMS 0x0000000085000000, 0x0000000085000000| Untracked 
|  81|0x0000000085100000, 0x0000000085100000, 0x0000000085200000|  0%| F|  |TAMS 0x0000000085100000, 0x0000000085100000| Untracked 
|  82|0x0000000085200000, 0x0000000085200000, 0x0000000085300000|  0%| F|  |TAMS 0x0000000085200000, 0x0000000085200000| Untracked 
|  83|0x0000000085300000, 0x0000000085300000, 0x0000000085400000|  0%| F|  |TAMS 0x0000000085300000, 0x0000000085300000| Untracked 
|  84|0x0000000085400000, 0x0000000085400000, 0x0000000085500000|  0%| F|  |TAMS 0x0000000085400000, 0x0000000085400000| Untracked 
|  85|0x0000000085500000, 0x0000000085500000, 0x0000000085600000|  0%| F|  |TAMS 0x0000000085500000, 0x0000000085500000| Untracked 
|  86|0x0000000085600000, 0x0000000085600000, 0x0000000085700000|  0%| F|  |TAMS 0x0000000085600000, 0x0000000085600000| Untracked 
|  87|0x0000000085700000, 0x0000000085700000, 0x0000000085800000|  0%| F|  |TAMS 0x0000000085700000, 0x0000000085700000| Untracked 
|  88|0x0000000085800000, 0x0000000085800000, 0x0000000085900000|  0%| F|  |TAMS 0x0000000085800000, 0x0000000085800000| Untracked 
|  89|0x0000000085900000, 0x0000000085900000, 0x0000000085a00000|  0%| F|  |TAMS 0x0000000085900000, 0x0000000085900000| Untracked 
|  90|0x0000000085a00000, 0x0000000085acb9d8, 0x0000000085b00000| 79%| S|CS|TAMS 0x0000000085a00000, 0x0000000085a00000| Complete 
|  91|0x0000000085b00000, 0x0000000085c00000, 0x0000000085c00000|100%| S|CS|TAMS 0x0000000085b00000, 0x0000000085b00000| Complete 
|  92|0x0000000085c00000, 0x0000000085d00000, 0x0000000085d00000|100%| S|CS|TAMS 0x0000000085c00000, 0x0000000085c00000| Complete 
|  93|0x0000000085d00000, 0x0000000085d00000, 0x0000000085e00000|  0%| F|  |TAMS 0x0000000085d00000, 0x0000000085d00000| Untracked 
|  94|0x0000000085e00000, 0x0000000085e00000, 0x0000000085f00000|  0%| F|  |TAMS 0x0000000085e00000, 0x0000000085e00000| Untracked 
|  95|0x0000000085f00000, 0x0000000085f00000, 0x0000000086000000|  0%| F|  |TAMS 0x0000000085f00000, 0x0000000085f00000| Untracked 
|  96|0x0000000086000000, 0x0000000086000000, 0x0000000086100000|  0%| F|  |TAMS 0x0000000086000000, 0x0000000086000000| Untracked 
|  97|0x0000000086100000, 0x0000000086100000, 0x0000000086200000|  0%| F|  |TAMS 0x0000000086100000, 0x0000000086100000| Untracked 
|  98|0x0000000086200000, 0x0000000086200000, 0x0000000086300000|  0%| F|  |TAMS 0x0000000086200000, 0x0000000086200000| Untracked 
|  99|0x0000000086300000, 0x0000000086300000, 0x0000000086400000|  0%| F|  |TAMS 0x0000000086300000, 0x0000000086300000| Untracked 
| 100|0x0000000086400000, 0x0000000086400000, 0x0000000086500000|  0%| F|  |TAMS 0x0000000086400000, 0x0000000086400000| Untracked 
| 101|0x0000000086500000, 0x0000000086500000, 0x0000000086600000|  0%| F|  |TAMS 0x0000000086500000, 0x0000000086500000| Untracked 
| 102|0x0000000086600000, 0x0000000086600000, 0x0000000086700000|  0%| F|  |TAMS 0x0000000086600000, 0x0000000086600000| Untracked 
| 103|0x0000000086700000, 0x0000000086700000, 0x0000000086800000|  0%| F|  |TAMS 0x0000000086700000, 0x0000000086700000| Untracked 
| 104|0x0000000086800000, 0x0000000086800000, 0x0000000086900000|  0%| F|  |TAMS 0x0000000086800000, 0x0000000086800000| Untracked 
| 105|0x0000000086900000, 0x0000000086900000, 0x0000000086a00000|  0%| F|  |TAMS 0x0000000086900000, 0x0000000086900000| Untracked 
| 106|0x0000000086a00000, 0x0000000086a00000, 0x0000000086b00000|  0%| F|  |TAMS 0x0000000086a00000, 0x0000000086a00000| Untracked 
| 107|0x0000000086b00000, 0x0000000086b00000, 0x0000000086c00000|  0%| F|  |TAMS 0x0000000086b00000, 0x0000000086b00000| Untracked 
| 108|0x0000000086c00000, 0x0000000086c00000, 0x0000000086d00000|  0%| F|  |TAMS 0x0000000086c00000, 0x0000000086c00000| Untracked 
| 109|0x0000000086d00000, 0x0000000086d00000, 0x0000000086e00000|  0%| F|  |TAMS 0x0000000086d00000, 0x0000000086d00000| Untracked 
| 110|0x0000000086e00000, 0x0000000086e00000, 0x0000000086f00000|  0%| F|  |TAMS 0x0000000086e00000, 0x0000000086e00000| Untracked 
| 111|0x0000000086f00000, 0x0000000086f00000, 0x0000000087000000|  0%| F|  |TAMS 0x0000000086f00000, 0x0000000086f00000| Untracked 
| 112|0x0000000087000000, 0x0000000087000000, 0x0000000087100000|  0%| F|  |TAMS 0x0000000087000000, 0x0000000087000000| Untracked 
| 113|0x0000000087100000, 0x0000000087100000, 0x0000000087200000|  0%| F|  |TAMS 0x0000000087100000, 0x0000000087100000| Untracked 
| 114|0x0000000087200000, 0x0000000087200000, 0x0000000087300000|  0%| F|  |TAMS 0x0000000087200000, 0x0000000087200000| Untracked 
| 115|0x0000000087300000, 0x00000000873e0b58, 0x0000000087400000| 87%| E|  |TAMS 0x0000000087300000, 0x0000000087300000| Complete 
| 117|0x0000000087500000, 0x0000000087600000, 0x0000000087600000|100%| E|CS|TAMS 0x0000000087500000, 0x0000000087500000| Complete 

Card table byte_map: [0x000001827b620000,0x000001827ba20000] _byte_map_base: 0x000001827b220000

Marking Bits (Prev, Next): (CMBitMap*) 0x0000018268a8c6c0, (CMBitMap*) 0x0000018268a8c700
 Prev Bits: [0x000001827be20000, 0x000001827de20000)
 Next Bits: [0x000001827de20000, 0x000001827fe20000)

Polling page: 0x00000182669d0000

Metaspace:

Usage:
  Non-class:     43.88 MB used.
      Class:      6.74 MB used.
       Both:     50.62 MB used.

Virtual space:
  Non-class space:       48.00 MB reserved,      44.19 MB ( 92%) committed,  6 nodes.
      Class space:        1.00 GB reserved,       7.00 MB ( <1%) committed,  1 nodes.
             Both:        1.05 GB reserved,      51.19 MB (  5%) committed. 

Chunk freelists:
   Non-Class:  2.95 MB
       Class:  930.00 KB
        Both:  3.86 MB

MaxMetaspaceSize: unlimited
CompressedClassSpaceSize: 1.00 GB
Initial GC threshold: 21.00 MB
Current GC threshold: 79.00 MB
CDS: off
MetaspaceReclaimPolicy: balanced
 - commit_granule_bytes: 65536.
 - commit_granule_words: 8192.
 - virtual_space_node_default_size: 1048576.
 - enlarge_chunks_in_place: 1.
 - new_chunks_are_fully_committed: 0.
 - uncommit_free_chunks: 1.
 - use_allocation_guard: 0.
 - handle_deallocations: 1.


Internal statistics:

num_allocs_failed_limit: 3.
num_arena_births: 606.
num_arena_deaths: 0.
num_vsnodes_births: 7.
num_vsnodes_deaths: 0.
num_space_committed: 819.
num_space_uncommitted: 0.
num_chunks_returned_to_freelist: 3.
num_chunks_taken_from_freelist: 2293.
num_chunk_merges: 3.
num_chunk_splits: 1484.
num_chunks_enlarged: 993.
num_purges: 0.
num_inconsistent_stats: 0.

CodeHeap 'non-profiled nmethods': size=120000Kb used=2153Kb max_used=2153Kb free=117846Kb
 bounds [0x00000182739c0000, 0x0000018273c30000, 0x000001827aef0000]
CodeHeap 'profiled nmethods': size=120000Kb used=9647Kb max_used=9647Kb free=110352Kb
 bounds [0x000001826bef0000, 0x000001826c860000, 0x0000018273420000]
CodeHeap 'non-nmethods': size=5760Kb used=2308Kb max_used=2346Kb free=3452Kb
 bounds [0x0000018273420000, 0x0000018273690000, 0x00000182739c0000]
 total_blobs=5439 nmethods=4618 adapters=732
 compilation: enabled
              stopped_count=0, restarted_count=0
 full_count=0

Compilation events (20 events):
Event: 7.126 Thread 0x0000018203412c00 4649       3       com.google.common.collect.RegularImmutableMap::get (13 bytes)
Event: 7.126 Thread 0x0000018203412c00 nmethod 4649 0x000001826c854310 code [0x000001826c8544a0, 0x000001826c8545e8]
Event: 7.126 Thread 0x0000018203412c00 4657       3       org.gradle.internal.instantiation.generator.AbstractClassGenerator$AbstractInjectedPropertyHandler::claimPropertyImplementation (61 bytes)
Event: 7.127 Thread 0x0000018203412c00 nmethod 4657 0x000001826c854690 code [0x000001826c854920, 0x000001826c855608]
Event: 7.127 Thread 0x0000018203412c00 4656       3       org.gradle.internal.instantiation.generator.AbstractClassGenerator$ManagedPropertiesHandler::claimPropertyImplementation (141 bytes)
Event: 7.128 Thread 0x0000018203412c00 nmethod 4656 0x000001826c855a10 code [0x000001826c855d20, 0x000001826c857078]
Event: 7.128 Thread 0x0000018203412c00 4652       3       org.gradle.internal.instantiation.generator.AbstractClassGenerator$ExtensibleTypePropertyHandler::claimPropertyImplementation (95 bytes)
Event: 7.128 Thread 0x0000018203412c00 nmethod 4652 0x000001826c857590 code [0x000001826c857800, 0x000001826c858178]
Event: 7.128 Thread 0x0000018203412c00 4653       3       org.gradle.internal.instantiation.generator.AbstractClassGenerator$DslMixInPropertyType::claimPropertyImplementation (21 bytes)
Event: 7.129 Thread 0x0000018203412c00 nmethod 4653 0x000001826c858490 code [0x000001826c858640, 0x000001826c858848]
Event: 7.129 Thread 0x0000018203412c00 4654       3       org.gradle.internal.instantiation.generator.AbstractClassGenerator$ServicesPropertyHandler::claimPropertyImplementation (40 bytes)
Event: 7.130 Thread 0x0000018203412c00 nmethod 4654 0x000001826c858990 code [0x000001826c858bc0, 0x000001826c859478]
Event: 7.130 Thread 0x0000018203412c00 4655       3       org.gradle.internal.instantiation.generator.AbstractClassGenerator$NamePropertyHandler::claimPropertyImplementation (16 bytes)
Event: 7.130 Thread 0x0000018203412c00 nmethod 4655 0x000001826c859790 code [0x000001826c859940, 0x000001826c859ba8]
Event: 7.130 Thread 0x0000018203412c00 4660       3       com.google.common.collect.ImmutableList$Builder::add (34 bytes)
Event: 7.130 Thread 0x0000018203412c00 nmethod 4660 0x000001826c859c90 code [0x000001826c859e60, 0x000001826c85a2b8]
Event: 7.130 Thread 0x0000018203412c00 4659       1       org.gradle.internal.instantiation.generator.AbstractClassGenerator$PropertyMetadata::access$1300 (5 bytes)
Event: 7.130 Thread 0x0000018203412c00 nmethod 4659 0x0000018273bda310 code [0x0000018273bda4a0, 0x0000018273bda558]
Event: 7.137 Thread 0x0000018203412c00 4661       3       org.gradle.internal.service.DefaultServiceRegistry::get (44 bytes)
Event: 7.139 Thread 0x0000018203412c00 nmethod 4661 0x000001826c85a490 code [0x000001826c85a7a0, 0x000001826c85b8e8]

GC Heap History (20 events):
Event: 3.944 GC heap before
{Heap before GC invocations=8 (full 0):
 garbage-first heap   total 83968K, used 56439K [0x0000000080000000, 0x0000000100000000)
  region size 1024K, 11 young (11264K), 1 survivors (1024K)
 Metaspace       used 30642K, committed 30976K, reserved 1081344K
  class space    used 4174K, committed 4352K, reserved 1048576K
}
Event: 3.946 GC heap after
{Heap after GC invocations=9 (full 0):
 garbage-first heap   total 83968K, used 49116K [0x0000000080000000, 0x0000000100000000)
  region size 1024K, 2 young (2048K), 2 survivors (2048K)
 Metaspace       used 30642K, committed 30976K, reserved 1081344K
  class space    used 4174K, committed 4352K, reserved 1048576K
}
Event: 4.235 GC heap before
{Heap before GC invocations=9 (full 0):
 garbage-first heap   total 83968K, used 63452K [0x0000000080000000, 0x0000000100000000)
  region size 1024K, 17 young (17408K), 2 survivors (2048K)
 Metaspace       used 32538K, committed 32896K, reserved 1081344K
  class space    used 4502K, committed 4672K, reserved 1048576K
}
Event: 4.238 GC heap after
{Heap after GC invocations=10 (full 0):
 garbage-first heap   total 83968K, used 49833K [0x0000000080000000, 0x0000000100000000)
  region size 1024K, 1 young (1024K), 1 survivors (1024K)
 Metaspace       used 32538K, committed 32896K, reserved 1081344K
  class space    used 4502K, committed 4672K, reserved 1048576K
}
Event: 4.527 GC heap before
{Heap before GC invocations=11 (full 0):
 garbage-first heap   total 89088K, used 65193K [0x0000000080000000, 0x0000000100000000)
  region size 1024K, 16 young (16384K), 1 survivors (1024K)
 Metaspace       used 34797K, committed 35136K, reserved 1081344K
  class space    used 4852K, committed 4992K, reserved 1048576K
}
Event: 4.529 GC heap after
{Heap after GC invocations=12 (full 0):
 garbage-first heap   total 89088K, used 50473K [0x0000000080000000, 0x0000000100000000)
  region size 1024K, 2 young (2048K), 2 survivors (2048K)
 Metaspace       used 34797K, committed 35136K, reserved 1081344K
  class space    used 4852K, committed 4992K, reserved 1048576K
}
Event: 4.960 GC heap before
{Heap before GC invocations=12 (full 0):
 garbage-first heap   total 89088K, used 69929K [0x0000000080000000, 0x0000000100000000)
  region size 1024K, 21 young (21504K), 2 survivors (2048K)
 Metaspace       used 40453K, committed 40896K, reserved 1089536K
  class space    used 5482K, committed 5696K, reserved 1048576K
}
Event: 4.963 GC heap after
{Heap after GC invocations=13 (full 0):
 garbage-first heap   total 89088K, used 52961K [0x0000000080000000, 0x0000000100000000)
  region size 1024K, 3 young (3072K), 3 survivors (3072K)
 Metaspace       used 40453K, committed 40896K, reserved 1089536K
  class space    used 5482K, committed 5696K, reserved 1048576K
}
Event: 5.154 GC heap before
{Heap before GC invocations=14 (full 0):
 garbage-first heap   total 94208K, used 70369K [0x0000000080000000, 0x0000000100000000)
  region size 1024K, 21 young (21504K), 3 survivors (3072K)
 Metaspace       used 41658K, committed 42048K, reserved 1089536K
  class space    used 5576K, committed 5760K, reserved 1048576K
}
Event: 5.158 GC heap after
{Heap after GC invocations=15 (full 0):
 garbage-first heap   total 94208K, used 55705K [0x0000000080000000, 0x0000000100000000)
  region size 1024K, 3 young (3072K), 3 survivors (3072K)
 Metaspace       used 41658K, committed 42048K, reserved 1089536K
  class space    used 5576K, committed 5760K, reserved 1048576K
}
Event: 5.238 GC heap before
{Heap before GC invocations=15 (full 0):
 garbage-first heap   total 94208K, used 63897K [0x0000000080000000, 0x0000000100000000)
  region size 1024K, 13 young (13312K), 3 survivors (3072K)
 Metaspace       used 42122K, committed 42560K, reserved 1089536K
  class space    used 5622K, committed 5824K, reserved 1048576K
}
Event: 5.240 GC heap after
{Heap after GC invocations=16 (full 0):
 garbage-first heap   total 113664K, used 56398K [0x0000000080000000, 0x0000000100000000)
  region size 1024K, 2 young (2048K), 2 survivors (2048K)
 Metaspace       used 42122K, committed 42560K, reserved 1089536K
  class space    used 5622K, committed 5824K, reserved 1048576K
}
Event: 5.927 GC heap before
{Heap before GC invocations=17 (full 0):
 garbage-first heap   total 113664K, used 90190K [0x0000000080000000, 0x0000000100000000)
  region size 1024K, 33 young (33792K), 2 survivors (2048K)
 Metaspace       used 46592K, committed 47104K, reserved 1089536K
  class space    used 6191K, committed 6400K, reserved 1048576K
}
Event: 5.931 GC heap after
{Heap after GC invocations=18 (full 0):
 garbage-first heap   total 113664K, used 58799K [0x0000000080000000, 0x0000000100000000)
  region size 1024K, 5 young (5120K), 5 survivors (5120K)
 Metaspace       used 46592K, committed 47104K, reserved 1089536K
  class space    used 6191K, committed 6400K, reserved 1048576K
}
Event: 6.104 GC heap before
{Heap before GC invocations=19 (full 0):
 garbage-first heap   total 114688K, used 75183K [0x0000000080000000, 0x0000000100000000)
  region size 1024K, 16 young (16384K), 5 survivors (5120K)
 Metaspace       used 47318K, committed 47744K, reserved 1097728K
  class space    used 6274K, committed 6464K, reserved 1048576K
}
Event: 6.107 GC heap after
{Heap after GC invocations=20 (full 0):
 garbage-first heap   total 114688K, used 67185K [0x0000000080000000, 0x0000000100000000)
  region size 1024K, 3 young (3072K), 3 survivors (3072K)
 Metaspace       used 47318K, committed 47744K, reserved 1097728K
  class space    used 6274K, committed 6464K, reserved 1048576K
}
Event: 6.464 GC heap before
{Heap before GC invocations=21 (full 0):
 garbage-first heap   total 119808K, used 87665K [0x0000000080000000, 0x0000000100000000)
  region size 1024K, 22 young (22528K), 3 survivors (3072K)
 Metaspace       used 49623K, committed 50112K, reserved 1097728K
  class space    used 6506K, committed 6720K, reserved 1048576K
}
Event: 6.466 GC heap after
{Heap after GC invocations=22 (full 0):
 garbage-first heap   total 119808K, used 68450K [0x0000000080000000, 0x0000000100000000)
  region size 1024K, 2 young (2048K), 2 survivors (2048K)
 Metaspace       used 49623K, committed 50112K, reserved 1097728K
  class space    used 6506K, committed 6720K, reserved 1048576K
}
Event: 7.111 GC heap before
{Heap before GC invocations=22 (full 0):
 garbage-first heap   total 119808K, used 90978K [0x0000000080000000, 0x0000000100000000)
  region size 1024K, 24 young (24576K), 2 survivors (2048K)
 Metaspace       used 51725K, committed 52352K, reserved 1097728K
  class space    used 6881K, committed 7168K, reserved 1048576K
}
Event: 7.115 GC heap after
{Heap after GC invocations=23 (full 0):
 garbage-first heap   total 119808K, used 69669K [0x0000000080000000, 0x0000000100000000)
  region size 1024K, 3 young (3072K), 3 survivors (3072K)
 Metaspace       used 51725K, committed 52352K, reserved 1097728K
  class space    used 6881K, committed 7168K, reserved 1048576K
}

Dll operation events (2 events):
Event: 0.011 Loaded shared library C:\Program Files\Android\Android Studio\jbr\bin\java.dll
Event: 0.467 Loaded shared library C:\Program Files\Android\Android Studio\jbr\bin\verify.dll

Deoptimization events (20 events):
Event: 6.280 Thread 0x00000182049c4fc0 DEOPT PACKING pc=0x0000018273aaa0f4 sp=0x00000027f90f7b80
Event: 6.280 Thread 0x00000182049c4fc0 DEOPT UNPACKING pc=0x00000182734769a3 sp=0x00000027f90f7aa8 mode 2
Event: 6.734 Thread 0x00000182049c4fc0 DEOPT PACKING pc=0x000001826c45c0d9 sp=0x00000027f90f95e0
Event: 6.734 Thread 0x00000182049c4fc0 DEOPT UNPACKING pc=0x0000018273477143 sp=0x00000027f90f8ad0 mode 0
Event: 6.987 Thread 0x00000182049c4fc0 Uncommon trap: trap_request=0xffffffbe fr.pc=0x0000018273bcb478 relative=0x0000000000002f78
Event: 6.987 Thread 0x00000182049c4fc0 Uncommon trap: reason=profile_predicate action=maybe_recompile pc=0x0000018273bcb478 method=java.util.AbstractCollection.addAll(Ljava/util/Collection;)Z @ 15 c2
Event: 6.987 Thread 0x00000182049c4fc0 DEOPT PACKING pc=0x0000018273bcb478 sp=0x00000027f90fbd90
Event: 6.987 Thread 0x00000182049c4fc0 DEOPT UNPACKING pc=0x00000182734769a3 sp=0x00000027f90fbd88 mode 2
Event: 7.090 Thread 0x00000182049c4fc0 Uncommon trap: trap_request=0xffffffbe fr.pc=0x0000018273bcb478 relative=0x0000000000002f78
Event: 7.090 Thread 0x00000182049c4fc0 Uncommon trap: reason=profile_predicate action=maybe_recompile pc=0x0000018273bcb478 method=java.util.AbstractCollection.addAll(Ljava/util/Collection;)Z @ 15 c2
Event: 7.090 Thread 0x00000182049c4fc0 DEOPT PACKING pc=0x0000018273bcb478 sp=0x00000027f90fa200
Event: 7.090 Thread 0x00000182049c4fc0 DEOPT UNPACKING pc=0x00000182734769a3 sp=0x00000027f90fa1e8 mode 2
Event: 7.090 Thread 0x00000182049c4fc0 Uncommon trap: trap_request=0xffffffbe fr.pc=0x0000018273bcb478 relative=0x0000000000002f78
Event: 7.090 Thread 0x00000182049c4fc0 Uncommon trap: reason=profile_predicate action=maybe_recompile pc=0x0000018273bcb478 method=java.util.AbstractCollection.addAll(Ljava/util/Collection;)Z @ 15 c2
Event: 7.090 Thread 0x00000182049c4fc0 DEOPT PACKING pc=0x0000018273bcb478 sp=0x00000027f90fa200
Event: 7.090 Thread 0x00000182049c4fc0 DEOPT UNPACKING pc=0x00000182734769a3 sp=0x00000027f90fa1e8 mode 2
Event: 7.090 Thread 0x00000182049c4fc0 Uncommon trap: trap_request=0xffffffbe fr.pc=0x0000018273bcb478 relative=0x0000000000002f78
Event: 7.090 Thread 0x00000182049c4fc0 Uncommon trap: reason=profile_predicate action=maybe_recompile pc=0x0000018273bcb478 method=java.util.AbstractCollection.addAll(Ljava/util/Collection;)Z @ 15 c2
Event: 7.090 Thread 0x00000182049c4fc0 DEOPT PACKING pc=0x0000018273bcb478 sp=0x00000027f90fa200
Event: 7.090 Thread 0x00000182049c4fc0 DEOPT UNPACKING pc=0x00000182734769a3 sp=0x00000027f90fa1e8 mode 2

Classes unloaded (0 events):
No events

Classes redefined (0 events):
No events

Internal exceptions (20 events):
Event: 6.385 Thread 0x00000182049c4fc0 Exception <a 'java/lang/NoSuchMethodError'{0x00000000868ea620}: 'java.lang.Object java.lang.invoke.DelegatingMethodHandle$Holder.delegate(java.lang.Object, java.lang.Object, java.lang.Object, java.lang.Object, java.lang.Object, java.lang.Object, java.lang.Object, java.lang.Object, java.lang.Object, java.lang.Object, java.lang.Object, java.lang.Object, java.lang.Object, java.lang.Object, java.lang.Object, java.lang.Object, java.lang.Object, java.lang.Object, java.lang.Object, java.lang.Object, java.lang.Obj
Event: 6.394 Thread 0x00000182049c4fc0 Exception <a 'java/lang/NoSuchMethodError'{0x000000008675a4f0}: 'java.lang.Object java.lang.invoke.DirectMethodHandle$Holder.invokeStatic(java.lang.Object, java.lang.Object, java.lang.Object, java.lang.Object, java.lang.Object, java.lang.Object, java.lang.Object, java.lang.Object, java.lang.Object, java.lang.Object, java.lang.Object, java.lang.Object, java.lang.Object, java.lang.Object, java.lang.Object, java.lang.Object, java.lang.Object)'> (0x000000008675a4f0) 
thrown [s\src\hotspot\share\interpreter\lin
Event: 6.398 Thread 0x00000182049c4fc0 Exception <a 'java/lang/NoSuchMethodError'{0x0000000086782490}: 'java.lang.Object java.lang.invoke.DirectMethodHandle$Holder.invokeStatic(java.lang.Object, java.lang.Object, java.lang.Object, java.lang.Object, java.lang.Object, java.lang.Object, java.lang.Object, java.lang.Object, java.lang.Object, java.lang.Object, java.lang.Object, java.lang.Object, java.lang.Object, java.lang.Object, java.lang.Object, java.lang.Object, java.lang.Object, java.lang.Object)'> (0x0000000086782490) 
thrown [s\src\hotspot\sha
Event: 6.401 Thread 0x00000182049c4fc0 Exception <a 'java/lang/NoSuchMethodError'{0x00000000867aaad8}: 'java.lang.Object java.lang.invoke.DirectMethodHandle$Holder.invokeStatic(java.lang.Object, java.lang.Object, java.lang.Object, java.lang.Object, java.lang.Object, java.lang.Object, java.lang.Object, java.lang.Object, java.lang.Object, java.lang.Object, java.lang.Object, java.lang.Object, java.lang.Object, java.lang.Object, java.lang.Object, java.lang.Object, java.lang.Object, java.lang.Object, java.lang.Object)'> (0x00000000867aaad8) 
thrown 
Event: 6.404 Thread 0x00000182049c4fc0 Exception <a 'java/lang/NoSuchMethodError'{0x00000000867d4670}: 'java.lang.Object java.lang.invoke.DirectMethodHandle$Holder.invokeStatic(java.lang.Object, java.lang.Object, java.lang.Object, java.lang.Object, java.lang.Object, java.lang.Object, java.lang.Object, java.lang.Object, java.lang.Object, java.lang.Object, java.lang.Object, java.lang.Object, java.lang.Object, java.lang.Object, java.lang.Object, java.lang.Object, java.lang.Object, java.lang.Object, java.lang.Object, java.lang.Object)'> (0x00000000
Event: 6.406 Thread 0x00000182049c4fc0 Exception <a 'java/lang/NoSuchMethodError'{0x00000000867fefd8}: 'java.lang.Object java.lang.invoke.DirectMethodHandle$Holder.invokeStatic(java.lang.Object, java.lang.Object, java.lang.Object, java.lang.Object, java.lang.Object, java.lang.Object, java.lang.Object, java.lang.Object, java.lang.Object, java.lang.Object, java.lang.Object, java.lang.Object, java.lang.Object, java.lang.Object, java.lang.Object, java.lang.Object, java.lang.Object, java.lang.Object, java.lang.Object, java.lang.Object, java.lang.Obj
Event: 6.409 Thread 0x00000182049c4fc0 Exception <a 'java/lang/NoSuchMethodError'{0x000000008662a7a8}: 'java.lang.Object java.lang.invoke.DirectMethodHandle$Holder.invokeStatic(java.lang.Object, java.lang.Object, java.lang.Object, java.lang.Object, java.lang.Object, java.lang.Object, java.lang.Object, java.lang.Object, java.lang.Object, java.lang.Object, java.lang.Object, java.lang.Object, java.lang.Object, java.lang.Object, java.lang.Object, java.lang.Object, java.lang.Object, java.lang.Object, java.lang.Object, java.lang.Object, java.lang.Obj
Event: 6.413 Thread 0x00000182049c4fc0 Exception <a 'java/lang/NoSuchMethodError'{0x0000000086657580}: 'java.lang.Object java.lang.invoke.DirectMethodHandle$Holder.invokeStatic(java.lang.Object, java.lang.Object, java.lang.Object, java.lang.Object, java.lang.Object, java.lang.Object, java.lang.Object, java.lang.Object, java.lang.Object, java.lang.Object, java.lang.Object, java.lang.Object, java.lang.Object, java.lang.Object, java.lang.Object, java.lang.Object, java.lang.Object, java.lang.Object, java.lang.Object, java.lang.Object, java.lang.Obj
Event: 6.416 Thread 0x00000182049c4fc0 Exception <a 'java/lang/NoSuchMethodError'{0x0000000086686008}: 'java.lang.Object java.lang.invoke.DirectMethodHandle$Holder.invokeStatic(java.lang.Object, java.lang.Object, java.lang.Object, java.lang.Object, java.lang.Object, java.lang.Object, java.lang.Object, java.lang.Object, java.lang.Object, java.lang.Object, java.lang.Object, java.lang.Object, java.lang.Object, java.lang.Object, java.lang.Object, java.lang.Object, java.lang.Object, java.lang.Object, java.lang.Object, java.lang.Object, java.lang.Obj
Event: 6.529 Thread 0x00000182049c4fc0 Exception <a 'java/lang/IncompatibleClassChangeError'{0x0000000086ee5490}: Found class java.lang.Object, but interface was expected> (0x0000000086ee5490) 
thrown [s\src\hotspot\share\interpreter\linkResolver.cpp, line 838]
Event: 6.616 Thread 0x00000182049c4fc0 Exception <a 'java/lang/IncompatibleClassChangeError'{0x0000000086b52b38}: Found class java.lang.Object, but interface was expected> (0x0000000086b52b38) 
thrown [s\src\hotspot\share\interpreter\linkResolver.cpp, line 838]
Event: 6.701 Thread 0x00000182049c4fc0 Exception <a 'java/lang/NoSuchMethodError'{0x0000000086ac8318}: 'int java.lang.invoke.DirectMethodHandle$Holder.invokeStaticInit(java.lang.Object, java.lang.Object, java.lang.Object, java.lang.Object, java.lang.Object)'> (0x0000000086ac8318) 
thrown [s\src\hotspot\share\interpreter\linkResolver.cpp, line 771]
Event: 6.861 Thread 0x00000182049c4fc0 Exception <a 'java/lang/NoSuchMethodError'{0x0000000086324900}: 'void java.lang.invoke.DirectMethodHandle$Holder.invokeInterface(java.lang.Object, java.lang.Object)'> (0x0000000086324900) 
thrown [s\src\hotspot\share\interpreter\linkResolver.cpp, line 771]
Event: 6.863 Thread 0x00000182049c4fc0 Exception <a 'java/lang/IncompatibleClassChangeError'{0x000000008632fe98}: Found class java.lang.Object, but interface was expected> (0x000000008632fe98) 
thrown [s\src\hotspot\share\interpreter\linkResolver.cpp, line 838]
Event: 7.038 Thread 0x00000182049c4fc0 Exception <a 'java/lang/ClassNotFoundException'{0x00000000860cc780}: org/jetbrains/plugins/gradle/model/web/WebConfigurationBeanInfo> (0x00000000860cc780) 
thrown [s\src\hotspot\share\classfile\systemDictionary.cpp, line 256]
Event: 7.038 Thread 0x00000182049c4fc0 Exception <a 'java/lang/ClassNotFoundException'{0x00000000860d4b08}: org/jetbrains/plugins/gradle/model/web/WebConfigurationCustomizer> (0x00000000860d4b08) 
thrown [s\src\hotspot\share\classfile\systemDictionary.cpp, line 256]
Event: 7.044 Thread 0x00000182049c4fc0 Exception <a 'java/lang/ClassNotFoundException'{0x00000000860f3a90}: org/jetbrains/plugins/gradle/model/scala/ScalaModelBeanInfo> (0x00000000860f3a90) 
thrown [s\src\hotspot\share\classfile\systemDictionary.cpp, line 256]
Event: 7.044 Thread 0x00000182049c4fc0 Exception <a 'java/lang/ClassNotFoundException'{0x00000000860fbd98}: org/jetbrains/plugins/gradle/model/scala/ScalaModelCustomizer> (0x00000000860fbd98) 
thrown [s\src\hotspot\share\classfile\systemDictionary.cpp, line 256]
Event: 7.050 Thread 0x00000182049c4fc0 Exception <a 'java/lang/ClassNotFoundException'{0x0000000085f2d2e8}: org/jetbrains/plugins/gradle/model/DependencyAccessorsModelBeanInfo> (0x0000000085f2d2e8) 
thrown [s\src\hotspot\share\classfile\systemDictionary.cpp, line 256]
Event: 7.050 Thread 0x00000182049c4fc0 Exception <a 'java/lang/ClassNotFoundException'{0x0000000085f35698}: org/jetbrains/plugins/gradle/model/DependencyAccessorsModelCustomizer> (0x0000000085f35698) 
thrown [s\src\hotspot\share\classfile\systemDictionary.cpp, line 256]

VM Operations (20 events):
Event: 5.521 Executing VM operation: HandshakeAllThreads done
Event: 5.927 Executing VM operation: G1TryInitiateConcMark
Event: 5.931 Executing VM operation: G1TryInitiateConcMark done
Event: 5.954 Executing VM operation: G1Concurrent
Event: 5.957 Executing VM operation: G1Concurrent done
Event: 5.966 Executing VM operation: G1Concurrent
Event: 5.966 Executing VM operation: G1Concurrent done
Event: 6.104 Executing VM operation: G1TryInitiateConcMark
Event: 6.107 Executing VM operation: G1TryInitiateConcMark done
Event: 6.129 Executing VM operation: G1Concurrent
Event: 6.132 Executing VM operation: G1Concurrent done
Event: 6.139 Executing VM operation: G1Concurrent
Event: 6.139 Executing VM operation: G1Concurrent done
Event: 6.463 Executing VM operation: G1CollectForAllocation
Event: 6.466 Executing VM operation: G1CollectForAllocation done
Event: 6.531 Executing VM operation: HandshakeAllThreads
Event: 6.531 Executing VM operation: HandshakeAllThreads done
Event: 7.111 Executing VM operation: G1CollectForAllocation
Event: 7.115 Executing VM operation: G1CollectForAllocation done
Event: 7.147 Executing VM operation: G1Concurrent

Events (20 events):
Event: 6.582 loading class java/util/stream/ReduceOps$6 done
Event: 6.582 loading class java/util/stream/ReduceOps$5ReducingSink
Event: 6.582 loading class java/util/stream/ReduceOps$5ReducingSink done
Event: 6.582 loading class java/util/stream/ReferencePipeline$4$1
Event: 6.582 loading class java/util/stream/ReferencePipeline$4$1 done
Event: 6.784 loading class java/util/concurrent/atomic/AtomicReferenceFieldUpdater
Event: 6.785 loading class java/util/concurrent/atomic/AtomicReferenceFieldUpdater done
Event: 6.785 loading class java/util/concurrent/atomic/AtomicReferenceFieldUpdater$AtomicReferenceFieldUpdaterImpl
Event: 6.785 loading class java/util/concurrent/atomic/AtomicReferenceFieldUpdater$AtomicReferenceFieldUpdaterImpl done
Event: 6.785 loading class java/util/concurrent/atomic/AtomicReferenceFieldUpdater$AtomicReferenceFieldUpdaterImpl$1
Event: 6.785 loading class java/util/concurrent/atomic/AtomicReferenceFieldUpdater$AtomicReferenceFieldUpdaterImpl$1 done
Event: 6.906 loading class jdk/internal/math/FDBigInteger
Event: 6.907 loading class jdk/internal/math/FDBigInteger done
Event: 6.922 loading class java/util/zip/GZIPOutputStream
Event: 6.922 loading class java/util/zip/GZIPOutputStream done
Event: 6.922 loading class java/util/zip/GZIPInputStream
Event: 6.923 loading class java/util/zip/GZIPInputStream done
Event: 6.928 loading class java/lang/ThreadLocal$SuppliedThreadLocal
Event: 6.928 loading class java/lang/ThreadLocal$SuppliedThreadLocal done
Event: 7.065 Thread 0x000001820637e340 Thread added: 0x000001820637e340


Dynamic libraries:
0x00007ff712bf0000 - 0x00007ff712bfa000 	C:\Program Files\Android\Android Studio\jbr\bin\java.exe
0x00007ff9850b0000 - 0x00007ff9852c6000 	C:\WINDOWS\SYSTEM32\ntdll.dll
0x00007ff9844b0000 - 0x00007ff984574000 	C:\WINDOWS\System32\KERNEL32.DLL
0x00007ff982a50000 - 0x00007ff982df6000 	C:\WINDOWS\System32\KERNELBASE.dll
0x00007ff9827c0000 - 0x00007ff9828d1000 	C:\WINDOWS\System32\ucrtbase.dll
0x00007ff958370000 - 0x00007ff95838b000 	C:\Program Files\Android\Android Studio\jbr\bin\VCRUNTIME140.dll
0x00007ff979740000 - 0x00007ff979757000 	C:\Program Files\Android\Android Studio\jbr\bin\jli.dll
0x00007ff9840a0000 - 0x00007ff98424d000 	C:\WINDOWS\System32\USER32.dll
0x00007ff982790000 - 0x00007ff9827b6000 	C:\WINDOWS\System32\win32u.dll
0x00007ff9787e0000 - 0x00007ff978a73000 	C:\WINDOWS\WinSxS\amd64_microsoft.windows.common-controls_6595b64144ccf1df_6.0.22621.3235_none_270f74e173860f98\COMCTL32.dll
0x00007ff982fe0000 - 0x00007ff983009000 	C:\WINDOWS\System32\GDI32.dll
0x00007ff982f30000 - 0x00007ff982fd7000 	C:\WINDOWS\System32\msvcrt.dll
0x00007ff982670000 - 0x00007ff982788000 	C:\WINDOWS\System32\gdi32full.dll
0x00007ff982550000 - 0x00007ff9825ea000 	C:\WINDOWS\System32\msvcp_win.dll
0x00007ff983010000 - 0x00007ff983041000 	C:\WINDOWS\System32\IMM32.DLL
0x00007ff960520000 - 0x00007ff96052c000 	C:\Program Files\Android\Android Studio\jbr\bin\vcruntime140_1.dll
0x00007ff9068c0000 - 0x00007ff90694d000 	C:\Program Files\Android\Android Studio\jbr\bin\msvcp140.dll
0x00007ff8fcc30000 - 0x00007ff8fd89e000 	C:\Program Files\Android\Android Studio\jbr\bin\server\jvm.dll
0x00007ff984590000 - 0x00007ff984642000 	C:\WINDOWS\System32\ADVAPI32.dll
0x00007ff984fc0000 - 0x00007ff985068000 	C:\WINDOWS\System32\sechost.dll
0x00007ff982520000 - 0x00007ff982548000 	C:\WINDOWS\System32\bcrypt.dll
0x00007ff984ae0000 - 0x00007ff984bf5000 	C:\WINDOWS\System32\RPCRT4.dll
0x00007ff965ad0000 - 0x00007ff965ad9000 	C:\WINDOWS\SYSTEM32\WSOCK32.dll
0x00007ff97b0a0000 - 0x00007ff97b0d4000 	C:\WINDOWS\SYSTEM32\WINMM.dll
0x00007ff9794f0000 - 0x00007ff9794fa000 	C:\WINDOWS\SYSTEM32\VERSION.dll
0x00007ff983050000 - 0x00007ff9830c1000 	C:\WINDOWS\System32\WS2_32.dll
0x00007ff981430000 - 0x00007ff981448000 	C:\WINDOWS\SYSTEM32\kernel.appcore.dll
0x00007ff97dd80000 - 0x00007ff97dd8a000 	C:\Program Files\Android\Android Studio\jbr\bin\jimage.dll
0x00007ff971f00000 - 0x00007ff972133000 	C:\WINDOWS\SYSTEM32\DBGHELP.DLL
0x00007ff983290000 - 0x00007ff983618000 	C:\WINDOWS\System32\combase.dll
0x00007ff983f50000 - 0x00007ff984027000 	C:\WINDOWS\System32\OLEAUT32.dll
0x00007ff978bb0000 - 0x00007ff978be2000 	C:\WINDOWS\SYSTEM32\dbgcore.DLL
0x00007ff9825f0000 - 0x00007ff98266a000 	C:\WINDOWS\System32\bcryptPrimitives.dll
0x00007ff97dc10000 - 0x00007ff97dc35000 	C:\Program Files\Android\Android Studio\jbr\bin\java.dll
0x00007ff97dcd0000 - 0x00007ff97dce8000 	C:\Program Files\Android\Android Studio\jbr\bin\zip.dll
0x00007ff9836f0000 - 0x00007ff983f4d000 	C:\WINDOWS\System32\SHELL32.dll
0x00007ff980350000 - 0x00007ff980c48000 	C:\WINDOWS\SYSTEM32\windows.storage.dll
0x00007ff980210000 - 0x00007ff98034e000 	C:\WINDOWS\SYSTEM32\wintypes.dll
0x00007ff9843b0000 - 0x00007ff9844a3000 	C:\WINDOWS\System32\SHCORE.dll
0x00007ff984040000 - 0x00007ff98409e000 	C:\WINDOWS\System32\shlwapi.dll
0x00007ff982320000 - 0x00007ff982346000 	C:\WINDOWS\SYSTEM32\profapi.dll
0x00007ff97d720000 - 0x00007ff97d739000 	C:\Program Files\Android\Android Studio\jbr\bin\net.dll
0x00007ff97ca30000 - 0x00007ff97cb67000 	C:\WINDOWS\SYSTEM32\WINHTTP.dll
0x00007ff981920000 - 0x00007ff981989000 	C:\WINDOWS\system32\mswsock.dll
0x00007ff97d270000 - 0x00007ff97d286000 	C:\Program Files\Android\Android Studio\jbr\bin\nio.dll
0x00007ff97dd60000 - 0x00007ff97dd70000 	C:\Program Files\Android\Android Studio\jbr\bin\verify.dll
0x00007ff9575e0000 - 0x00007ff957607000 	C:\Users\23480\.gradle\native\68d5fa5c4cc2d200863cafc0d521ce42e7d3e7ee720ec0a83991735586a16f82\windows-amd64\native-platform.dll
0x00007ff905310000 - 0x00007ff905454000 	C:\Users\23480\.gradle\native\e376f236ea51e6404a007f0833ffe2c6e607c4080706a723a18a27aeea778392\windows-amd64\native-platform-file-events.dll
0x00007ff978b60000 - 0x00007ff978b69000 	C:\Program Files\Android\Android Studio\jbr\bin\management.dll
0x00007ff978b50000 - 0x00007ff978b5b000 	C:\Program Files\Android\Android Studio\jbr\bin\management_ext.dll
0x00007ff984da0000 - 0x00007ff984da8000 	C:\WINDOWS\System32\PSAPI.DLL
0x00007ff981b70000 - 0x00007ff981b8b000 	C:\WINDOWS\SYSTEM32\CRYPTSP.dll
0x00007ff981390000 - 0x00007ff9813c5000 	C:\WINDOWS\system32\rsaenh.dll
0x00007ff981a10000 - 0x00007ff981a3c000 	C:\WINDOWS\SYSTEM32\USERENV.dll
0x00007ff981b90000 - 0x00007ff981b9c000 	C:\WINDOWS\SYSTEM32\CRYPTBASE.dll
0x00007ff980eb0000 - 0x00007ff980edd000 	C:\WINDOWS\SYSTEM32\IPHLPAPI.DLL
0x00007ff984650000 - 0x00007ff984659000 	C:\WINDOWS\System32\NSI.dll
0x00007ff97ca10000 - 0x00007ff97ca29000 	C:\WINDOWS\SYSTEM32\dhcpcsvc6.DLL
0x00007ff97c9f0000 - 0x00007ff97ca0f000 	C:\WINDOWS\SYSTEM32\dhcpcsvc.DLL
0x00007ff980f20000 - 0x00007ff981019000 	C:\WINDOWS\SYSTEM32\DNSAPI.dll
0x00007ff923540000 - 0x00007ff923548000 	C:\WINDOWS\system32\wshunix.dll

dbghelp: loaded successfully - version: 4.0.5 - missing functions: none
symbol engine: initialized successfully - sym options: 0x614 - pdb path: .;C:\Program Files\Android\Android Studio\jbr\bin;C:\WINDOWS\SYSTEM32;C:\WINDOWS\WinSxS\amd64_microsoft.windows.common-controls_6595b64144ccf1df_6.0.22621.3235_none_270f74e173860f98;C:\Program Files\Android\Android Studio\jbr\bin\server;C:\Users\23480\.gradle\native\68d5fa5c4cc2d200863cafc0d521ce42e7d3e7ee720ec0a83991735586a16f82\windows-amd64;C:\Users\23480\.gradle\native\e376f236ea51e6404a007f0833ffe2c6e607c4080706a723a18a27aeea778392\windows-amd64

VM Arguments:
jvm_args: --add-opens=java.base/java.util=ALL-UNNAMED --add-opens=java.base/java.lang=ALL-UNNAMED --add-opens=java.base/java.lang.invoke=ALL-UNNAMED --add-opens=java.prefs/java.util.prefs=ALL-UNNAMED --add-opens=java.base/java.nio.charset=ALL-UNNAMED --add-opens=java.base/java.net=ALL-UNNAMED --add-opens=java.base/java.util.concurrent.atomic=ALL-UNNAMED -Xmx2048m -Dfile.encoding=UTF-8 -Duser.country=US -Duser.language=en -Duser.variant 
java_command: org.gradle.launcher.daemon.bootstrap.GradleDaemon 8.0
java_class_path (initial): C:\Users\23480\.gradle\wrapper\dists\gradle-8.0-bin\ca5e32bp14vu59qr306oxotwh\gradle-8.0\lib\gradle-launcher-8.0.jar
Launcher Type: SUN_STANDARD

[Global flags]
     intx CICompilerCount                          = 4                                         {product} {ergonomic}
     uint ConcGCThreads                            = 2                                         {product} {ergonomic}
     uint G1ConcRefinementThreads                  = 8                                         {product} {ergonomic}
   size_t G1HeapRegionSize                         = 1048576                                   {product} {ergonomic}
    uintx GCDrainStackTargetSize                   = 64                                        {product} {ergonomic}
   size_t InitialHeapSize                          = 123731968                                 {product} {ergonomic}
   size_t MarkStackSize                            = 4194304                                   {product} {ergonomic}
   size_t MaxHeapSize                              = 2147483648                                {product} {command line}
   size_t MaxNewSize                               = 1287651328                                {product} {ergonomic}
   size_t MinHeapDeltaBytes                        = 1048576                                   {product} {ergonomic}
   size_t MinHeapSize                              = 8388608                                   {product} {ergonomic}
    uintx NonNMethodCodeHeapSize                   = 5839372                                {pd product} {ergonomic}
    uintx NonProfiledCodeHeapSize                  = 122909434                              {pd product} {ergonomic}
    uintx ProfiledCodeHeapSize                     = 122909434                              {pd product} {ergonomic}
    uintx ReservedCodeCacheSize                    = 251658240                              {pd product} {ergonomic}
     bool SegmentedCodeCache                       = true                                      {product} {ergonomic}
   size_t SoftMaxHeapSize                          = 2147483648                             {manageable} {ergonomic}
     bool UseCompressedClassPointers               = true                           {product lp64_product} {ergonomic}
     bool UseCompressedOops                        = true                           {product lp64_product} {ergonomic}
     bool UseG1GC                                  = true                                      {product} {ergonomic}
     bool UseLargePagesIndividualAllocation        = false                                  {pd product} {ergonomic}

Logging:
Log output configuration:
 #0: stdout all=warning uptime,level,tags
 #1: stderr all=off uptime,level,tags

Environment Variables:
PATH=C:\WINDOWS\system32;C:\WINDOWS;C:\WINDOWS\System32\Wbem;C:\WINDOWS\System32\WindowsPowerShell\v1.0\;C:\WINDOWS\System32\OpenSSH\;C:\Program Files\nodejs\;C:\Program Files\Git\cmd;C:\Users\23480\AppData\Local\Programs\Python\Python311\Scripts\;C:\Users\23480\AppData\Local\Programs\Python\Python311\;C:\Users\23480\AppData\Local\Microsoft\WindowsApps;C:\Users\23480\AppData\Local\atom\bin;C:\Users\23480\AppData\Local\Programs\Microsoft VS Code\bin;C:\Users\23480\AppData\Local\Microsoft\WindowsApps;;C:\Program Files\JetBrains\IntelliJ IDEA Community Edition 2023.2.1\bin;;C:\Users\23480\AppData\Roaming\npm
USERNAME=23480
OS=Windows_NT
PROCESSOR_IDENTIFIER=AMD64 Family 23 Model 104 Stepping 1, AuthenticAMD
TMP=C:\Users\23480\AppData\Local\Temp
TEMP=C:\Users\23480\AppData\Local\Temp


JNI global refs:
JNI global refs: 25, weak refs: 4

JNI global refs memory usage: 843, weak refs: 841


---------------  S Y S T E M  ---------------

OS:
 Windows 11 , 64 bit Build 22621 (10.0.22621.3235)
OS uptime: 0 days 2:03 hours

CPU: total 8 (initial active 8) (8 cores per cpu, 2 threads per core) family 23 model 104 stepping 1 microcode 0x0, cx8, cmov, fxsr, ht, mmx, 3dnowpref, sse, sse2, sse3, ssse3, sse4a, sse4.1, sse4.2, popcnt, lzcnt, tsc, tscinvbit, avx, avx2, aes, clmul, bmi1, bmi2, adx, sha, fma, vzeroupper, clflush, clflushopt

Memory: 4k page, system-wide physical 7502M (182M free)
TotalPageFile size 11571M (AvailPageFile size 64M)
current process WorkingSet (physical memory assigned to process): 266M, peak: 266M
current process commit charge ("private bytes"): 301M, peak: 302M

vm_info: OpenJDK 64-Bit Server VM (17.0.6+0-b2043.56-10027231) for windows-amd64 JRE (17.0.6+0-b2043.56-10027231), built on Apr 28 2023 00:43:19 by "androidbuild" with MS VC++ 16.10 / 16.11 (VS2019)

END.
