#
# There is insufficient memory for the Java Runtime Environment to continue.
# Native memory allocation (malloc) failed to allocate 1805600 bytes for Chunk::new
# Possible reasons:
#   The system is out of physical RAM or swap space
#   The process is running with CompressedOops enabled, and the Java Heap may be blocking the growth of the native heap
# Possible solutions:
#   Reduce memory load on the system
#   Increase physical memory or swap space
#   Check if swap backing store is full
#   Decrease Java heap size (-Xmx/-Xms)
#   Decrease number of Java threads
#   Decrease Java thread stack sizes (-Xss)
#   Set larger code cache with -XX:ReservedCodeCacheSize=
#   JVM is running with Unscaled Compressed Oops mode in which the Java heap is
#     placed in the first 4GB address space. The Java Heap base address is the
#     maximum limit for the native heap growth. Please use -XX:HeapBaseMinAddress
#     to set the Java Heap base and to place the Java Heap above 4GB virtual address.
# This output file may be truncated or incomplete.
#
#  Out of Memory Error (arena.cpp:189), pid=21360, tid=12672
#
# JRE version: OpenJDK Runtime Environment (17.0.6) (build 17.0.6+0-b2043.56-10027231)
# Java VM: OpenJDK 64-Bit Server VM (17.0.6+0-b2043.56-10027231, mixed mode, tiered, compressed oops, compressed class ptrs, g1 gc, windows-amd64)
# No core dump will be written. Minidumps are not enabled by default on client versions of Windows
#

---------------  S U M M A R Y ------------

Command Line: --add-opens=java.base/java.util=ALL-UNNAMED --add-opens=java.base/java.lang=ALL-UNNAMED --add-opens=java.base/java.lang.invoke=ALL-UNNAMED --add-opens=java.prefs/java.util.prefs=ALL-UNNAMED --add-opens=java.base/java.nio.charset=ALL-UNNAMED --add-opens=java.base/java.net=ALL-UNNAMED --add-opens=java.base/java.util.concurrent.atomic=ALL-UNNAMED -Xmx2048m -Dfile.encoding=UTF-8 -Duser.country=US -Duser.language=en -Duser.variant org.gradle.launcher.daemon.bootstrap.GradleDaemon 8.0

Host: AMD Ryzen 3 5300U with Radeon Graphics         , 8 cores, 7G,  Windows 11 , 64 bit Build 22621 (10.0.22621.3235)
Time: Wed Mar 27 14:02:11 2024 W. Central Africa Standard Time elapsed time: 12.066402 seconds (0d 0h 0m 12s)

---------------  T H R E A D  ---------------

Current thread (0x000001caca41f290):  JavaThread "C2 CompilerThread0" daemon [_thread_in_native, id=12672, stack(0x000000146b400000,0x000000146b500000)]


Current CompileTask:
C2:  12066 8314   !   4       java.net.URLClassLoader$1::run (81 bytes)

Stack: [0x000000146b400000,0x000000146b500000]
Native frames: (J=compiled Java code, j=interpreted, Vv=VM code, C=native code)
V  [jvm.dll+0x683c9a]
V  [jvm.dll+0x8427a4]
V  [jvm.dll+0x843f9e]
V  [jvm.dll+0x844603]
V  [jvm.dll+0x249b75]
V  [jvm.dll+0xabcac]
V  [jvm.dll+0xac27c]
V  [jvm.dll+0x368857]
V  [jvm.dll+0x1bced2]
V  [jvm.dll+0x21c359]
V  [jvm.dll+0x21b621]
V  [jvm.dll+0x1a4fdd]
V  [jvm.dll+0x22b098]
V  [jvm.dll+0x229159]
V  [jvm.dll+0x7f81ec]
V  [jvm.dll+0x7f274a]
V  [jvm.dll+0x682ad5]
C  [ucrtbase.dll+0x29363]
C  [KERNEL32.DLL+0x1257d]
C  [ntdll.dll+0x5aa58]


---------------  P R O C E S S  ---------------

Threads class SMR info:
_java_thread_list=0x000001cad18dbb00, length=125, elements={
0x000001caaf9dd2a0, 0x000001cac982ccf0, 0x000001cac982e300, 0x000001cac985d320,
0x000001cac985ded0, 0x000001cac985ea80, 0x000001caca41e500, 0x000001caca41f290,
0x000001caca423520, 0x000001caca426530, 0x000001caca5a5950, 0x000001caca5a8230,
0x000001cacbd5e840, 0x000001cacbab0050, 0x000001cacb923cb0, 0x000001cacc8a75b0,
0x000001cacc8a6080, 0x000001cacbe3c070, 0x000001cacb69b790, 0x000001cacc8f9d40,
0x000001cacc8fb550, 0x000001cacc8fb080, 0x000001cacc8f9870, 0x000001cacc8fa210,
0x000001cacc8fa6e0, 0x000001cacc8f8060, 0x000001cacc8f8530, 0x000001cacc8fabb0,
0x000001cacc8fba20, 0x000001cacc8f93a0, 0x000001cacc8f8a00, 0x000001cacc8f8ed0,
0x000001cacd642ef0, 0x000001cacd63e1f0, 0x000001cacd642550, 0x000001cacd63e6c0,
0x000001cacd640d40, 0x000001cacd63fed0, 0x000001cacd641210, 0x000001cacd643890,
0x000001cacd640870, 0x000001cacd641bb0, 0x000001cacd643d60, 0x000001cacd644230,
0x000001cacd642080, 0x000001cacd642a20, 0x000001cacd63fa00, 0x000001cacd63f060,
0x000001cacd63ceb0, 0x000001cacd6433c0, 0x000001cacd63c9e0, 0x000001cacd63d850,
0x000001cacd63d380, 0x000001cacd63dd20, 0x000001cacd63f530, 0x000001cacecb2f30,
0x000001cacecb7760, 0x000001cacecaff10, 0x000001cacecb68f0, 0x000001cacecb2590,
0x000001cacecb1250, 0x000001cacecb3da0, 0x000001cacecb55b0, 0x000001cacecb5f50,
0x000001cacecb5a80, 0x000001cacecb4270, 0x000001cacecb38d0, 0x000001cacecb7290,
0x000001cacecb6dc0, 0x000001cacecb2a60, 0x000001cacecb3400, 0x000001cacecb4c10,
0x000001cacecb4740, 0x000001cacecb6420, 0x000001cacecb03e0, 0x000001cacecb50e0,
0x000001cacecb08b0, 0x000001cacecb0d80, 0x000001cacecb1720, 0x000001cacecb1bf0,
0x000001cacecb20c0, 0x000001cacf127cb0, 0x000001cacf12bb40, 0x000001cacf1294c0,
0x000001cacf125160, 0x000001cacf12a330, 0x000001cacf125fd0, 0x000001cacf129e60,
0x000001cacf125630, 0x000001cacf1264a0, 0x000001cacf128b20, 0x000001cacf12c4e0,
0x000001cacf12a800, 0x000001cacf128650, 0x000001cacf128ff0, 0x000001cacf12c010,
0x000001cacf126970, 0x000001cacf125b00, 0x000001cacf12b1a0, 0x000001cacf126e40,
0x000001cacf12acd0, 0x000001cacf12b670, 0x000001cacf127310, 0x000001cacf12c9b0,
0x000001cacf1277e0, 0x000001cacf128180, 0x000001cacf129990, 0x000001cacaa86550,
0x000001cacaa80eb0, 0x000001cacaa821f0, 0x000001cacaa843a0, 0x000001cacaa83ed0,
0x000001cacaa856e0, 0x000001cacaa85210, 0x000001cacaa81d20, 0x000001cacaa81380,
0x000001cacaa86ef0, 0x000001cacaa81850, 0x000001cacaa826c0, 0x000001cacaa86080,
0x000001cacaa82b90, 0x000001cacaa86a20, 0x000001cacaa80510, 0x000001cacaa83060,
0x000001cacaa873c0
}

Java Threads: ( => current thread )
  0x000001caaf9dd2a0 JavaThread "main" [_thread_blocked, id=22340, stack(0x000000146a700000,0x000000146a800000)]
  0x000001cac982ccf0 JavaThread "Reference Handler" daemon [_thread_blocked, id=5136, stack(0x000000146ae00000,0x000000146af00000)]
  0x000001cac982e300 JavaThread "Finalizer" daemon [_thread_blocked, id=21264, stack(0x000000146af00000,0x000000146b000000)]
  0x000001cac985d320 JavaThread "Signal Dispatcher" daemon [_thread_blocked, id=20860, stack(0x000000146b000000,0x000000146b100000)]
  0x000001cac985ded0 JavaThread "Attach Listener" daemon [_thread_blocked, id=17472, stack(0x000000146b100000,0x000000146b200000)]
  0x000001cac985ea80 JavaThread "Service Thread" daemon [_thread_blocked, id=17364, stack(0x000000146b200000,0x000000146b300000)]
  0x000001caca41e500 JavaThread "Monitor Deflation Thread" daemon [_thread_blocked, id=22536, stack(0x000000146b300000,0x000000146b400000)]
=>0x000001caca41f290 JavaThread "C2 CompilerThread0" daemon [_thread_in_native, id=12672, stack(0x000000146b400000,0x000000146b500000)]
  0x000001caca423520 JavaThread "C1 CompilerThread0" daemon [_thread_blocked, id=10204, stack(0x000000146b500000,0x000000146b600000)]
  0x000001caca426530 JavaThread "Sweeper thread" daemon [_thread_blocked, id=19348, stack(0x000000146b600000,0x000000146b700000)]
  0x000001caca5a5950 JavaThread "Common-Cleaner" daemon [_thread_blocked, id=5364, stack(0x000000146b700000,0x000000146b800000)]
  0x000001caca5a8230 JavaThread "Notification Thread" daemon [_thread_blocked, id=23276, stack(0x000000146b800000,0x000000146b900000)]
  0x000001cacbd5e840 JavaThread "Daemon health stats" [_thread_blocked, id=8816, stack(0x000000146be00000,0x000000146bf00000)]
  0x000001cacbab0050 JavaThread "Incoming local TCP Connector on port 52944" [_thread_in_native, id=21892, stack(0x000000146bf00000,0x000000146c000000)]
  0x000001cacb923cb0 JavaThread "Daemon periodic checks" [_thread_blocked, id=5528, stack(0x000000146c000000,0x000000146c100000)]
  0x000001cacc8a75b0 JavaThread "Daemon" [_thread_blocked, id=11332, stack(0x000000146c100000,0x000000146c200000)]
  0x000001cacc8a6080 JavaThread "Handler for socket connection from /127.0.0.1:52944 to /127.0.0.1:52945" [_thread_in_native, id=18060, stack(0x000000146c200000,0x000000146c300000)]
  0x000001cacbe3c070 JavaThread "Cancel handler" [_thread_blocked, id=5360, stack(0x000000146c300000,0x000000146c400000)]
  0x000001cacb69b790 JavaThread "Daemon worker" [_thread_in_native, id=3728, stack(0x000000146c400000,0x000000146c500000)]
  0x000001cacc8f9d40 JavaThread "Asynchronous log dispatcher for DefaultDaemonConnection: socket connection from /127.0.0.1:52944 to /127.0.0.1:52945" [_thread_blocked, id=15496, stack(0x000000146c500000,0x000000146c600000)]
  0x000001cacc8fb550 JavaThread "Stdin handler" [_thread_blocked, id=15892, stack(0x000000146c600000,0x000000146c700000)]
  0x000001cacc8fb080 JavaThread "Daemon client event forwarder" [_thread_blocked, id=1828, stack(0x000000146c700000,0x000000146c800000)]
  0x000001cacc8f9870 JavaThread "Cache worker for journal cache (C:\Users\23480\.gradle\caches\journal-1)" [_thread_blocked, id=18308, stack(0x000000146cc00000,0x000000146cd00000)]
  0x000001cacc8fa210 JavaThread "File lock request listener" [_thread_in_native, id=9828, stack(0x000000146cd00000,0x000000146ce00000)]
  0x000001cacc8fa6e0 JavaThread "Cache worker for file hash cache (C:\Users\23480\.gradle\caches\8.0\fileHashes)" [_thread_blocked, id=22324, stack(0x000000146ce00000,0x000000146cf00000)]
  0x000001cacc8f8060 JavaThread "File watcher server" daemon [_thread_in_native, id=12956, stack(0x000000146cf00000,0x000000146d000000)]
  0x000001cacc8f8530 JavaThread "File watcher consumer" daemon [_thread_blocked, id=1048, stack(0x000000146d000000,0x000000146d100000)]
  0x000001cacc8fabb0 JavaThread "jar transforms" [_thread_blocked, id=8796, stack(0x000000146d100000,0x000000146d200000)]
  0x000001cacc8fba20 JavaThread "jar transforms Thread 2" [_thread_blocked, id=4532, stack(0x000000146d200000,0x000000146d300000)]
  0x000001cacc8f93a0 JavaThread "jar transforms Thread 3" [_thread_blocked, id=13848, stack(0x000000146d300000,0x000000146d400000)]
  0x000001cacc8f8a00 JavaThread "jar transforms Thread 4" [_thread_blocked, id=2976, stack(0x000000146d400000,0x000000146d500000)]
  0x000001cacc8f8ed0 JavaThread "jar transforms Thread 5" [_thread_blocked, id=19260, stack(0x000000146d500000,0x000000146d600000)]
  0x000001cacd642ef0 JavaThread "jar transforms Thread 6" [_thread_blocked, id=6160, stack(0x000000146d600000,0x000000146d700000)]
  0x000001cacd63e1f0 JavaThread "jar transforms Thread 7" [_thread_blocked, id=19500, stack(0x000000146d700000,0x000000146d800000)]
  0x000001cacd642550 JavaThread "jar transforms Thread 8" [_thread_blocked, id=3044, stack(0x000000146d800000,0x000000146d900000)]
  0x000001cacd63e6c0 JavaThread "Cache worker for checksums cache (C:\Users\23480\Documents\androidproject\TaskApp\.gradle\8.0\checksums)" [_thread_blocked, id=15032, stack(0x000000146d900000,0x000000146da00000)]
  0x000001cacd640d40 JavaThread "Cache worker for cache directory md-rule (C:\Users\23480\.gradle\caches\8.0\md-rule)" [_thread_blocked, id=20128, stack(0x000000146da00000,0x000000146db00000)]
  0x000001cacd63fed0 JavaThread "Cache worker for file content cache (C:\Users\23480\.gradle\caches\8.0\fileContent)" [_thread_blocked, id=20180, stack(0x000000146db00000,0x000000146dc00000)]
  0x000001cacd641210 JavaThread "Cache worker for file hash cache (C:\Users\23480\Documents\androidproject\TaskApp\.gradle\8.0\fileHashes)" [_thread_blocked, id=6420, stack(0x000000146dc00000,0x000000146dd00000)]
  0x000001cacd643890 JavaThread "Cache worker for cache directory md-supplier (C:\Users\23480\.gradle\caches\8.0\md-supplier)" [_thread_blocked, id=9176, stack(0x000000146dd00000,0x000000146de00000)]
  0x000001cacd640870 JavaThread "Cache worker for execution history cache (C:\Users\23480\.gradle\caches\8.0\executionHistory)" [_thread_blocked, id=11472, stack(0x000000146de00000,0x000000146df00000)]
  0x000001cacd641bb0 JavaThread "Cache worker for kotlin-dsl (C:\Users\23480\.gradle\caches\8.0\kotlin-dsl)" [_thread_blocked, id=10724, stack(0x000000146df00000,0x000000146e000000)]
  0x000001cacd643d60 JavaThread "Cache worker for dependencies-accessors (C:\Users\23480\Documents\androidproject\TaskApp\.gradle\8.0\dependencies-accessors)" [_thread_blocked, id=22552, stack(0x000000146e000000,0x000000146e100000)]
  0x000001cacd644230 JavaThread "Cache worker for Build Output Cleanup Cache (C:\Users\23480\Documents\androidproject\TaskApp\.gradle\buildOutputCleanup)" [_thread_blocked, id=21872, stack(0x000000146e100000,0x000000146e200000)]
  0x000001cacd642080 JavaThread "Unconstrained build operations" [_thread_blocked, id=3236, stack(0x000000146e200000,0x000000146e300000)]
  0x000001cacd642a20 JavaThread "Unconstrained build operations Thread 2" [_thread_blocked, id=2496, stack(0x000000146e300000,0x000000146e400000)]
  0x000001cacd63fa00 JavaThread "Unconstrained build operations Thread 3" [_thread_blocked, id=22716, stack(0x000000146e400000,0x000000146e500000)]
  0x000001cacd63f060 JavaThread "Unconstrained build operations Thread 4" [_thread_blocked, id=6044, stack(0x000000146e500000,0x000000146e600000)]
  0x000001cacd63ceb0 JavaThread "Unconstrained build operations Thread 5" [_thread_blocked, id=21876, stack(0x000000146e600000,0x000000146e700000)]
  0x000001cacd6433c0 JavaThread "Unconstrained build operations Thread 6" [_thread_blocked, id=18952, stack(0x000000146e700000,0x000000146e800000)]
  0x000001cacd63c9e0 JavaThread "Unconstrained build operations Thread 7" [_thread_blocked, id=20076, stack(0x000000146e800000,0x000000146e900000)]
  0x000001cacd63d850 JavaThread "Unconstrained build operations Thread 8" [_thread_blocked, id=15936, stack(0x000000146e900000,0x000000146ea00000)]
  0x000001cacd63d380 JavaThread "Unconstrained build operations Thread 9" [_thread_blocked, id=4960, stack(0x000000146ea00000,0x000000146eb00000)]
  0x000001cacd63dd20 JavaThread "Unconstrained build operations Thread 10" [_thread_blocked, id=8980, stack(0x000000146eb00000,0x000000146ec00000)]
  0x000001cacd63f530 JavaThread "Unconstrained build operations Thread 11" [_thread_blocked, id=23356, stack(0x000000146ec00000,0x000000146ed00000)]
  0x000001cacecb2f30 JavaThread "Unconstrained build operations Thread 12" [_thread_blocked, id=19584, stack(0x000000146ed00000,0x000000146ee00000)]
  0x000001cacecb7760 JavaThread "Unconstrained build operations Thread 13" [_thread_blocked, id=21076, stack(0x000000146ee00000,0x000000146ef00000)]
  0x000001cacecaff10 JavaThread "Unconstrained build operations Thread 14" [_thread_blocked, id=18916, stack(0x000000146ef00000,0x000000146f000000)]
  0x000001cacecb68f0 JavaThread "Unconstrained build operations Thread 15" [_thread_blocked, id=11280, stack(0x000000146f000000,0x000000146f100000)]
  0x000001cacecb2590 JavaThread "Unconstrained build operations Thread 16" [_thread_blocked, id=16968, stack(0x000000146f100000,0x000000146f200000)]
  0x000001cacecb1250 JavaThread "Unconstrained build operations Thread 17" [_thread_blocked, id=6712, stack(0x000000146f200000,0x000000146f300000)]
  0x000001cacecb3da0 JavaThread "Unconstrained build operations Thread 18" [_thread_blocked, id=19084, stack(0x000000146f300000,0x000000146f400000)]
  0x000001cacecb55b0 JavaThread "Unconstrained build operations Thread 19" [_thread_blocked, id=8300, stack(0x000000146f400000,0x000000146f500000)]
  0x000001cacecb5f50 JavaThread "Unconstrained build operations Thread 20" [_thread_blocked, id=21168, stack(0x000000146f500000,0x000000146f600000)]
  0x000001cacecb5a80 JavaThread "Unconstrained build operations Thread 21" [_thread_blocked, id=4716, stack(0x000000146f600000,0x000000146f700000)]
  0x000001cacecb4270 JavaThread "Unconstrained build operations Thread 22" [_thread_blocked, id=22016, stack(0x000000146f700000,0x000000146f800000)]
  0x000001cacecb38d0 JavaThread "Unconstrained build operations Thread 23" [_thread_blocked, id=19468, stack(0x000000146f800000,0x000000146f900000)]
  0x000001cacecb7290 JavaThread "Unconstrained build operations Thread 24" [_thread_blocked, id=12716, stack(0x000000146f900000,0x000000146fa00000)]
  0x000001cacecb6dc0 JavaThread "Unconstrained build operations Thread 25" [_thread_blocked, id=4148, stack(0x000000146fa00000,0x000000146fb00000)]
  0x000001cacecb2a60 JavaThread "Unconstrained build operations Thread 26" [_thread_blocked, id=23432, stack(0x000000146fb00000,0x000000146fc00000)]
  0x000001cacecb3400 JavaThread "Unconstrained build operations Thread 27" [_thread_blocked, id=1536, stack(0x000000146fc00000,0x000000146fd00000)]
  0x000001cacecb4c10 JavaThread "Unconstrained build operations Thread 28" [_thread_blocked, id=12816, stack(0x000000146fd00000,0x000000146fe00000)]
  0x000001cacecb4740 JavaThread "Unconstrained build operations Thread 29" [_thread_blocked, id=21440, stack(0x000000146fe00000,0x000000146ff00000)]
  0x000001cacecb6420 JavaThread "Unconstrained build operations Thread 30" [_thread_blocked, id=12236, stack(0x000000146ff00000,0x0000001470000000)]
  0x000001cacecb03e0 JavaThread "Unconstrained build operations Thread 31" [_thread_blocked, id=15508, stack(0x0000001470000000,0x0000001470100000)]
  0x000001cacecb50e0 JavaThread "Unconstrained build operations Thread 32" [_thread_blocked, id=728, stack(0x0000001470100000,0x0000001470200000)]
  0x000001cacecb08b0 JavaThread "Unconstrained build operations Thread 33" [_thread_blocked, id=13852, stack(0x0000001470200000,0x0000001470300000)]
  0x000001cacecb0d80 JavaThread "Unconstrained build operations Thread 34" [_thread_blocked, id=21856, stack(0x0000001470300000,0x0000001470400000)]
  0x000001cacecb1720 JavaThread "Unconstrained build operations Thread 35" [_thread_blocked, id=18776, stack(0x0000001470400000,0x0000001470500000)]
  0x000001cacecb1bf0 JavaThread "Unconstrained build operations Thread 36" [_thread_blocked, id=2484, stack(0x0000001470500000,0x0000001470600000)]
  0x000001cacecb20c0 JavaThread "Unconstrained build operations Thread 37" [_thread_blocked, id=6172, stack(0x0000001470600000,0x0000001470700000)]
  0x000001cacf127cb0 JavaThread "Unconstrained build operations Thread 38" [_thread_blocked, id=12104, stack(0x0000001470700000,0x0000001470800000)]
  0x000001cacf12bb40 JavaThread "Unconstrained build operations Thread 39" [_thread_blocked, id=4300, stack(0x0000001470800000,0x0000001470900000)]
  0x000001cacf1294c0 JavaThread "Unconstrained build operations Thread 40" [_thread_blocked, id=9980, stack(0x0000001470900000,0x0000001470a00000)]
  0x000001cacf125160 JavaThread "Unconstrained build operations Thread 41" [_thread_blocked, id=16516, stack(0x0000001470a00000,0x0000001470b00000)]
  0x000001cacf12a330 JavaThread "Unconstrained build operations Thread 42" [_thread_blocked, id=9620, stack(0x0000001470b00000,0x0000001470c00000)]
  0x000001cacf125fd0 JavaThread "Unconstrained build operations Thread 43" [_thread_blocked, id=16900, stack(0x0000001470c00000,0x0000001470d00000)]
  0x000001cacf129e60 JavaThread "Unconstrained build operations Thread 44" [_thread_blocked, id=9580, stack(0x0000001470d00000,0x0000001470e00000)]
  0x000001cacf125630 JavaThread "Unconstrained build operations Thread 45" [_thread_blocked, id=6592, stack(0x0000001470e00000,0x0000001470f00000)]
  0x000001cacf1264a0 JavaThread "Unconstrained build operations Thread 46" [_thread_blocked, id=22492, stack(0x0000001470f00000,0x0000001471000000)]
  0x000001cacf128b20 JavaThread "Unconstrained build operations Thread 47" [_thread_blocked, id=12640, stack(0x0000001471000000,0x0000001471100000)]
  0x000001cacf12c4e0 JavaThread "Unconstrained build operations Thread 48" [_thread_blocked, id=2072, stack(0x0000001471100000,0x0000001471200000)]
  0x000001cacf12a800 JavaThread "Unconstrained build operations Thread 49" [_thread_blocked, id=6336, stack(0x0000001471200000,0x0000001471300000)]
  0x000001cacf128650 JavaThread "Unconstrained build operations Thread 50" [_thread_blocked, id=11900, stack(0x0000001471300000,0x0000001471400000)]
  0x000001cacf128ff0 JavaThread "Unconstrained build operations Thread 51" [_thread_blocked, id=18868, stack(0x0000001471400000,0x0000001471500000)]
  0x000001cacf12c010 JavaThread "Unconstrained build operations Thread 52" [_thread_blocked, id=15556, stack(0x0000001471500000,0x0000001471600000)]
  0x000001cacf126970 JavaThread "Unconstrained build operations Thread 53" [_thread_blocked, id=15820, stack(0x0000001471600000,0x0000001471700000)]
  0x000001cacf125b00 JavaThread "Unconstrained build operations Thread 54" [_thread_blocked, id=18260, stack(0x0000001471700000,0x0000001471800000)]
  0x000001cacf12b1a0 JavaThread "Unconstrained build operations Thread 55" [_thread_blocked, id=19032, stack(0x0000001471800000,0x0000001471900000)]
  0x000001cacf126e40 JavaThread "Unconstrained build operations Thread 56" [_thread_blocked, id=11928, stack(0x0000001471900000,0x0000001471a00000)]
  0x000001cacf12acd0 JavaThread "Unconstrained build operations Thread 57" [_thread_blocked, id=8016, stack(0x0000001471a00000,0x0000001471b00000)]
  0x000001cacf12b670 JavaThread "Unconstrained build operations Thread 58" [_thread_blocked, id=18444, stack(0x0000001471b00000,0x0000001471c00000)]
  0x000001cacf127310 JavaThread "Unconstrained build operations Thread 59" [_thread_blocked, id=8412, stack(0x0000001471c00000,0x0000001471d00000)]
  0x000001cacf12c9b0 JavaThread "Unconstrained build operations Thread 60" [_thread_blocked, id=17468, stack(0x0000001471d00000,0x0000001471e00000)]
  0x000001cacf1277e0 JavaThread "Unconstrained build operations Thread 61" [_thread_blocked, id=14704, stack(0x0000001471e00000,0x0000001471f00000)]
  0x000001cacf128180 JavaThread "Unconstrained build operations Thread 62" [_thread_blocked, id=312, stack(0x0000001471f00000,0x0000001472000000)]
  0x000001cacf129990 JavaThread "Unconstrained build operations Thread 63" [_thread_blocked, id=22200, stack(0x0000001472000000,0x0000001472100000)]
  0x000001cacaa86550 JavaThread "Unconstrained build operations Thread 64" [_thread_blocked, id=21432, stack(0x0000001472100000,0x0000001472200000)]
  0x000001cacaa80eb0 JavaThread "Unconstrained build operations Thread 65" [_thread_blocked, id=21900, stack(0x0000001472200000,0x0000001472300000)]
  0x000001cacaa821f0 JavaThread "Unconstrained build operations Thread 66" [_thread_blocked, id=22956, stack(0x0000001472300000,0x0000001472400000)]
  0x000001cacaa843a0 JavaThread "Unconstrained build operations Thread 67" [_thread_blocked, id=21868, stack(0x0000001472400000,0x0000001472500000)]
  0x000001cacaa83ed0 JavaThread "Unconstrained build operations Thread 68" [_thread_blocked, id=20600, stack(0x0000001472500000,0x0000001472600000)]
  0x000001cacaa856e0 JavaThread "Unconstrained build operations Thread 69" [_thread_blocked, id=3508, stack(0x0000001472600000,0x0000001472700000)]
  0x000001cacaa85210 JavaThread "Unconstrained build operations Thread 70" [_thread_blocked, id=18636, stack(0x0000001472700000,0x0000001472800000)]
  0x000001cacaa81d20 JavaThread "Unconstrained build operations Thread 71" [_thread_blocked, id=7536, stack(0x0000001472800000,0x0000001472900000)]
  0x000001cacaa81380 JavaThread "Unconstrained build operations Thread 72" [_thread_blocked, id=22692, stack(0x0000001472900000,0x0000001472a00000)]
  0x000001cacaa86ef0 JavaThread "Unconstrained build operations Thread 73" [_thread_blocked, id=4124, stack(0x0000001472a00000,0x0000001472b00000)]
  0x000001cacaa81850 JavaThread "Unconstrained build operations Thread 74" [_thread_blocked, id=21496, stack(0x0000001472b00000,0x0000001472c00000)]
  0x000001cacaa826c0 JavaThread "Unconstrained build operations Thread 75" [_thread_blocked, id=7216, stack(0x0000001472c00000,0x0000001472d00000)]
  0x000001cacaa86080 JavaThread "Unconstrained build operations Thread 76" [_thread_blocked, id=20772, stack(0x0000001472d00000,0x0000001472e00000)]
  0x000001cacaa82b90 JavaThread "Unconstrained build operations Thread 77" [_thread_blocked, id=21608, stack(0x0000001472e00000,0x0000001472f00000)]
  0x000001cacaa86a20 JavaThread "Unconstrained build operations Thread 78" [_thread_blocked, id=10900, stack(0x0000001472f00000,0x0000001473000000)]
  0x000001cacaa80510 JavaThread "Unconstrained build operations Thread 79" [_thread_blocked, id=6748, stack(0x0000001473000000,0x0000001473100000)]
  0x000001cacaa83060 JavaThread "Unconstrained build operations Thread 80" [_thread_blocked, id=20796, stack(0x0000001473100000,0x0000001473200000)]
  0x000001cacaa873c0 JavaThread "Memory manager" [_thread_blocked, id=19000, stack(0x0000001473200000,0x0000001473300000)]

Other Threads:
  0x000001cac982b950 VMThread "VM Thread" [stack: 0x000000146ad00000,0x000000146ae00000] [id=21548]
  0x000001caca5a4620 WatcherThread [stack: 0x000000146b900000,0x000000146ba00000] [id=15240]
  0x000001caafa3a440 GCTaskThread "GC Thread#0" [stack: 0x000000146a800000,0x000000146a900000] [id=848]
  0x000001cacaf34800 GCTaskThread "GC Thread#1" [stack: 0x000000146ba00000,0x000000146bb00000] [id=14820]
  0x000001cacb1fd2b0 GCTaskThread "GC Thread#2" [stack: 0x000000146bb00000,0x000000146bc00000] [id=18480]
  0x000001cacb54c2b0 GCTaskThread "GC Thread#3" [stack: 0x000000146bc00000,0x000000146bd00000] [id=19964]
  0x000001caca88c780 GCTaskThread "GC Thread#4" [stack: 0x000000146bd00000,0x000000146be00000] [id=21744]
  0x000001cacc84fdb0 GCTaskThread "GC Thread#5" [stack: 0x000000146c800000,0x000000146c900000] [id=14888]
  0x000001cacbc4d430 GCTaskThread "GC Thread#6" [stack: 0x000000146c900000,0x000000146ca00000] [id=15900]
  0x000001cacbc5d860 GCTaskThread "GC Thread#7" [stack: 0x000000146ca00000,0x000000146cb00000] [id=17820]
  0x000001caafa4b380 ConcurrentGCThread "G1 Main Marker" [stack: 0x000000146a900000,0x000000146aa00000] [id=13172]
  0x000001caafa4bd90 ConcurrentGCThread "G1 Conc#0" [stack: 0x000000146aa00000,0x000000146ab00000] [id=19860]
  0x000001cacbca6030 ConcurrentGCThread "G1 Conc#1" [stack: 0x000000146cb00000,0x000000146cc00000] [id=14904]
  0x000001cac96844c0 ConcurrentGCThread "G1 Refine#0" [stack: 0x000000146ab00000,0x000000146ac00000] [id=19756]
  0x000001cac9684ee0 ConcurrentGCThread "G1 Service" [stack: 0x000000146ac00000,0x000000146ad00000] [id=15756]

Threads with active compile tasks:
C2 CompilerThread0    12111 8314   !   4       java.net.URLClassLoader$1::run (81 bytes)

VM state: not at safepoint (normal execution)

VM Mutex/Monitor currently owned by a thread: None

Heap address: 0x0000000080000000, size: 2048 MB, Compressed Oops mode: 32-bit

CDS archive(s) not mapped
Compressed class space mapped at: 0x0000000100000000-0x0000000140000000, reserved size: 1073741824
Narrow klass base: 0x0000000000000000, Narrow klass shift: 3, Narrow klass range: 0x140000000

GC Precious Log:
 CPUs: 8 total, 8 available
 Memory: 7502M
 Large Page Support: Disabled
 NUMA Support: Disabled
 Compressed Oops: Enabled (32-bit)
 Heap Region Size: 1M
 Heap Min Capacity: 8M
 Heap Initial Capacity: 118M
 Heap Max Capacity: 2G
 Pre-touch: Disabled
 Parallel Workers: 8
 Concurrent Workers: 2
 Concurrent Refinement Workers: 8
 Periodic GC: Disabled

Heap:
 garbage-first heap   total 171008K, used 139700K [0x0000000080000000, 0x0000000100000000)
  region size 1024K, 29 young (29696K), 5 survivors (5120K)
 Metaspace       used 91498K, committed 92160K, reserved 1130496K
  class space    used 12569K, committed 12864K, reserved 1048576K

Heap Regions: E=young(eden), S=young(survivor), O=old, HS=humongous(starts), HC=humongous(continues), CS=collection set, F=free, OA=open archive, CA=closed archive, TAMS=top-at-mark-start (previous, next)
|   0|0x0000000080000000, 0x0000000080100000, 0x0000000080100000|100%|HS|  |TAMS 0x0000000080100000, 0x0000000080000000| Complete 
|   1|0x0000000080100000, 0x0000000080200000, 0x0000000080200000|100%|HC|  |TAMS 0x0000000080200000, 0x0000000080100000| Complete 
|   2|0x0000000080200000, 0x0000000080300000, 0x0000000080300000|100%|HC|  |TAMS 0x0000000080300000, 0x0000000080200000| Complete 
|   3|0x0000000080300000, 0x0000000080400000, 0x0000000080400000|100%|HC|  |TAMS 0x0000000080400000, 0x0000000080300000| Complete 
|   4|0x0000000080400000, 0x0000000080500000, 0x0000000080500000|100%| O|  |TAMS 0x0000000080500000, 0x0000000080400000| Untracked 
|   5|0x0000000080500000, 0x0000000080600000, 0x0000000080600000|100%| O|  |TAMS 0x0000000080600000, 0x0000000080500000| Untracked 
|   6|0x0000000080600000, 0x0000000080700000, 0x0000000080700000|100%| O|  |TAMS 0x0000000080700000, 0x0000000080600000| Untracked 
|   7|0x0000000080700000, 0x0000000080800000, 0x0000000080800000|100%| O|  |TAMS 0x0000000080800000, 0x0000000080700000| Untracked 
|   8|0x0000000080800000, 0x0000000080900000, 0x0000000080900000|100%| O|  |TAMS 0x0000000080900000, 0x0000000080800000| Untracked 
|   9|0x0000000080900000, 0x0000000080a00000, 0x0000000080a00000|100%| O|  |TAMS 0x0000000080a00000, 0x0000000080900000| Untracked 
|  10|0x0000000080a00000, 0x0000000080ae2800, 0x0000000080b00000| 88%| O|  |TAMS 0x0000000080ae2800, 0x0000000080a00000| Untracked 
|  11|0x0000000080b00000, 0x0000000080c00000, 0x0000000080c00000|100%| O|  |TAMS 0x0000000080c00000, 0x0000000080b00000| Untracked 
|  12|0x0000000080c00000, 0x0000000080d00000, 0x0000000080d00000|100%| O|  |TAMS 0x0000000080d00000, 0x0000000080c00000| Untracked 
|  13|0x0000000080d00000, 0x0000000080e00000, 0x0000000080e00000|100%| O|  |TAMS 0x0000000080e00000, 0x0000000080d00000| Untracked 
|  14|0x0000000080e00000, 0x0000000080f00000, 0x0000000080f00000|100%| O|  |TAMS 0x0000000080f00000, 0x0000000080e00000| Untracked 
|  15|0x0000000080f00000, 0x0000000081000000, 0x0000000081000000|100%| O|  |TAMS 0x0000000081000000, 0x0000000080f00000| Untracked 
|  16|0x0000000081000000, 0x0000000081100000, 0x0000000081100000|100%| O|  |TAMS 0x0000000081100000, 0x0000000081000000| Untracked 
|  17|0x0000000081100000, 0x0000000081200000, 0x0000000081200000|100%| O|  |TAMS 0x0000000081200000, 0x0000000081100000| Untracked 
|  18|0x0000000081200000, 0x0000000081300000, 0x0000000081300000|100%|HS|  |TAMS 0x0000000081300000, 0x0000000081200000| Complete 
|  19|0x0000000081300000, 0x0000000081400000, 0x0000000081400000|100%|HC|  |TAMS 0x0000000081400000, 0x0000000081300000| Complete 
|  20|0x0000000081400000, 0x0000000081500000, 0x0000000081500000|100%|HS|  |TAMS 0x0000000081500000, 0x0000000081400000| Complete 
|  21|0x0000000081500000, 0x0000000081600000, 0x0000000081600000|100%|HC|  |TAMS 0x0000000081600000, 0x0000000081500000| Complete 
|  22|0x0000000081600000, 0x0000000081700000, 0x0000000081700000|100%| O|  |TAMS 0x0000000081700000, 0x0000000081600000| Untracked 
|  23|0x0000000081700000, 0x0000000081800000, 0x0000000081800000|100%|HS|  |TAMS 0x0000000081800000, 0x0000000081700000| Complete 
|  24|0x0000000081800000, 0x0000000081900000, 0x0000000081900000|100%|HC|  |TAMS 0x0000000081900000, 0x0000000081800000| Complete 
|  25|0x0000000081900000, 0x0000000081a00000, 0x0000000081a00000|100%|HC|  |TAMS 0x0000000081a00000, 0x0000000081900000| Complete 
|  26|0x0000000081a00000, 0x0000000081b00000, 0x0000000081b00000|100%|HS|  |TAMS 0x0000000081b00000, 0x0000000081a00000| Complete 
|  27|0x0000000081b00000, 0x0000000081c00000, 0x0000000081c00000|100%|HC|  |TAMS 0x0000000081c00000, 0x0000000081b00000| Complete 
|  28|0x0000000081c00000, 0x0000000081d00000, 0x0000000081d00000|100%|HC|  |TAMS 0x0000000081d00000, 0x0000000081c00000| Complete 
|  29|0x0000000081d00000, 0x0000000081e00000, 0x0000000081e00000|100%| O|  |TAMS 0x0000000081e00000, 0x0000000081d00000| Untracked 
|  30|0x0000000081e00000, 0x0000000081f00000, 0x0000000081f00000|100%| O|  |TAMS 0x0000000081f00000, 0x0000000081e00000| Untracked 
|  31|0x0000000081f00000, 0x0000000082000000, 0x0000000082000000|100%| O|  |TAMS 0x0000000082000000, 0x0000000081f00000| Untracked 
|  32|0x0000000082000000, 0x0000000082100000, 0x0000000082100000|100%| O|  |TAMS 0x0000000082100000, 0x0000000082000000| Untracked 
|  33|0x0000000082100000, 0x0000000082200000, 0x0000000082200000|100%| O|  |TAMS 0x0000000082200000, 0x0000000082100000| Untracked 
|  34|0x0000000082200000, 0x0000000082300000, 0x0000000082300000|100%| O|  |TAMS 0x0000000082300000, 0x0000000082200000| Untracked 
|  35|0x0000000082300000, 0x0000000082400000, 0x0000000082400000|100%| O|  |TAMS 0x0000000082400000, 0x0000000082300000| Untracked 
|  36|0x0000000082400000, 0x0000000082500000, 0x0000000082500000|100%| O|  |TAMS 0x0000000082500000, 0x0000000082400000| Untracked 
|  37|0x0000000082500000, 0x0000000082600000, 0x0000000082600000|100%| O|  |TAMS 0x0000000082600000, 0x0000000082500000| Untracked 
|  38|0x0000000082600000, 0x0000000082700000, 0x0000000082700000|100%| O|  |TAMS 0x0000000082700000, 0x0000000082600000| Untracked 
|  39|0x0000000082700000, 0x0000000082800000, 0x0000000082800000|100%| O|  |TAMS 0x0000000082800000, 0x0000000082700000| Untracked 
|  40|0x0000000082800000, 0x0000000082900000, 0x0000000082900000|100%| O|  |TAMS 0x0000000082800000, 0x0000000082800000| Untracked 
|  41|0x0000000082900000, 0x0000000082a00000, 0x0000000082a00000|100%| O|  |TAMS 0x0000000082a00000, 0x0000000082900000| Untracked 
|  42|0x0000000082a00000, 0x0000000082b00000, 0x0000000082b00000|100%| O|  |TAMS 0x0000000082b00000, 0x0000000082a00000| Untracked 
|  43|0x0000000082b00000, 0x0000000082c00000, 0x0000000082c00000|100%| O|  |TAMS 0x0000000082c00000, 0x0000000082b00000| Untracked 
|  44|0x0000000082c00000, 0x0000000082d00000, 0x0000000082d00000|100%|HS|  |TAMS 0x0000000082d00000, 0x0000000082c00000| Complete 
|  45|0x0000000082d00000, 0x0000000082e00000, 0x0000000082e00000|100%|HC|  |TAMS 0x0000000082e00000, 0x0000000082d00000| Complete 
|  46|0x0000000082e00000, 0x0000000082f00000, 0x0000000082f00000|100%|HC|  |TAMS 0x0000000082f00000, 0x0000000082e00000| Complete 
|  47|0x0000000082f00000, 0x0000000083000000, 0x0000000083000000|100%|HC|  |TAMS 0x0000000083000000, 0x0000000082f00000| Complete 
|  48|0x0000000083000000, 0x0000000083100000, 0x0000000083100000|100%|HC|  |TAMS 0x0000000083100000, 0x0000000083000000| Complete 
|  49|0x0000000083100000, 0x0000000083200000, 0x0000000083200000|100%|HC|  |TAMS 0x0000000083200000, 0x0000000083100000| Complete 
|  50|0x0000000083200000, 0x0000000083300000, 0x0000000083300000|100%|HC|  |TAMS 0x0000000083300000, 0x0000000083200000| Complete 
|  51|0x0000000083300000, 0x0000000083400000, 0x0000000083400000|100%|HC|  |TAMS 0x0000000083400000, 0x0000000083300000| Complete 
|  52|0x0000000083400000, 0x0000000083500000, 0x0000000083500000|100%|HC|  |TAMS 0x0000000083500000, 0x0000000083400000| Complete 
|  53|0x0000000083500000, 0x0000000083600000, 0x0000000083600000|100%|HC|  |TAMS 0x0000000083600000, 0x0000000083500000| Complete 
|  54|0x0000000083600000, 0x0000000083700000, 0x0000000083700000|100%|HC|  |TAMS 0x0000000083700000, 0x0000000083600000| Complete 
|  55|0x0000000083700000, 0x0000000083800000, 0x0000000083800000|100%|HC|  |TAMS 0x0000000083800000, 0x0000000083700000| Complete 
|  56|0x0000000083800000, 0x0000000083900000, 0x0000000083900000|100%|HS|  |TAMS 0x0000000083900000, 0x0000000083800000| Complete 
|  57|0x0000000083900000, 0x0000000083a00000, 0x0000000083a00000|100%|HC|  |TAMS 0x0000000083a00000, 0x0000000083900000| Complete 
|  58|0x0000000083a00000, 0x0000000083b00000, 0x0000000083b00000|100%|HC|  |TAMS 0x0000000083b00000, 0x0000000083a00000| Complete 
|  59|0x0000000083b00000, 0x0000000083c00000, 0x0000000083c00000|100%|HS|  |TAMS 0x0000000083c00000, 0x0000000083b00000| Complete 
|  60|0x0000000083c00000, 0x0000000083d00000, 0x0000000083d00000|100%|HC|  |TAMS 0x0000000083d00000, 0x0000000083c00000| Complete 
|  61|0x0000000083d00000, 0x0000000083e00000, 0x0000000083e00000|100%|HC|  |TAMS 0x0000000083e00000, 0x0000000083d00000| Complete 
|  62|0x0000000083e00000, 0x0000000083f00000, 0x0000000083f00000|100%| O|  |TAMS 0x0000000083f00000, 0x0000000083e00000| Untracked 
|  63|0x0000000083f00000, 0x0000000084000000, 0x0000000084000000|100%| O|  |TAMS 0x0000000084000000, 0x0000000083f00000| Untracked 
|  64|0x0000000084000000, 0x0000000084100000, 0x0000000084100000|100%| O|  |TAMS 0x0000000084100000, 0x0000000084000000| Untracked 
|  65|0x0000000084100000, 0x0000000084200000, 0x0000000084200000|100%| O|  |TAMS 0x0000000084200000, 0x0000000084100000| Untracked 
|  66|0x0000000084200000, 0x0000000084300000, 0x0000000084300000|100%| O|  |TAMS 0x0000000084300000, 0x0000000084200000| Untracked 
|  67|0x0000000084300000, 0x0000000084400000, 0x0000000084400000|100%| O|  |TAMS 0x0000000084400000, 0x0000000084300000| Untracked 
|  68|0x0000000084400000, 0x0000000084500000, 0x0000000084500000|100%| O|  |TAMS 0x0000000084500000, 0x0000000084400000| Untracked 
|  69|0x0000000084500000, 0x0000000084600000, 0x0000000084600000|100%| O|  |TAMS 0x0000000084600000, 0x0000000084500000| Untracked 
|  70|0x0000000084600000, 0x0000000084700000, 0x0000000084700000|100%| O|  |TAMS 0x0000000084700000, 0x0000000084600000| Untracked 
|  71|0x0000000084700000, 0x0000000084800000, 0x0000000084800000|100%|HS|  |TAMS 0x0000000084800000, 0x0000000084700000| Complete 
|  72|0x0000000084800000, 0x0000000084900000, 0x0000000084900000|100%|HS|  |TAMS 0x0000000084900000, 0x0000000084800000| Complete 
|  73|0x0000000084900000, 0x0000000084a00000, 0x0000000084a00000|100%|HS|  |TAMS 0x0000000084a00000, 0x0000000084900000| Complete 
|  74|0x0000000084a00000, 0x0000000084b00000, 0x0000000084b00000|100%|HC|  |TAMS 0x0000000084b00000, 0x0000000084a00000| Complete 
|  75|0x0000000084b00000, 0x0000000084c00000, 0x0000000084c00000|100%|HS|  |TAMS 0x0000000084c00000, 0x0000000084b00000| Complete 
|  76|0x0000000084c00000, 0x0000000084d00000, 0x0000000084d00000|100%|HS|  |TAMS 0x0000000084d00000, 0x0000000084c00000| Complete 
|  77|0x0000000084d00000, 0x0000000084e00000, 0x0000000084e00000|100%|HC|  |TAMS 0x0000000084e00000, 0x0000000084d00000| Complete 
|  78|0x0000000084e00000, 0x0000000084f00000, 0x0000000084f00000|100%|HC|  |TAMS 0x0000000084f00000, 0x0000000084e00000| Complete 
|  79|0x0000000084f00000, 0x0000000085000000, 0x0000000085000000|100%|HC|  |TAMS 0x0000000085000000, 0x0000000084f00000| Complete 
|  80|0x0000000085000000, 0x0000000085100000, 0x0000000085100000|100%| O|  |TAMS 0x0000000085100000, 0x0000000085000000| Untracked 
|  81|0x0000000085100000, 0x0000000085200000, 0x0000000085200000|100%| O|  |TAMS 0x0000000085200000, 0x0000000085100000| Untracked 
|  82|0x0000000085200000, 0x0000000085300000, 0x0000000085300000|100%| O|  |TAMS 0x0000000085300000, 0x0000000085200000| Untracked 
|  83|0x0000000085300000, 0x0000000085400000, 0x0000000085400000|100%| O|  |TAMS 0x0000000085400000, 0x0000000085300000| Untracked 
|  84|0x0000000085400000, 0x0000000085500000, 0x0000000085500000|100%| O|  |TAMS 0x0000000085500000, 0x0000000085400000| Untracked 
|  85|0x0000000085500000, 0x0000000085600000, 0x0000000085600000|100%| O|  |TAMS 0x0000000085600000, 0x0000000085500000| Untracked 
|  86|0x0000000085600000, 0x0000000085700000, 0x0000000085700000|100%| O|  |TAMS 0x0000000085700000, 0x0000000085600000| Untracked 
|  87|0x0000000085700000, 0x0000000085800000, 0x0000000085800000|100%| O|  |TAMS 0x0000000085800000, 0x0000000085700000| Untracked 
|  88|0x0000000085800000, 0x0000000085900000, 0x0000000085900000|100%| O|  |TAMS 0x0000000085900000, 0x0000000085800000| Untracked 
|  89|0x0000000085900000, 0x0000000085a00000, 0x0000000085a00000|100%| O|  |TAMS 0x0000000085a00000, 0x0000000085900000| Untracked 
|  90|0x0000000085a00000, 0x0000000085b00000, 0x0000000085b00000|100%| O|  |TAMS 0x0000000085b00000, 0x0000000085a00000| Untracked 
|  91|0x0000000085b00000, 0x0000000085c00000, 0x0000000085c00000|100%| O|  |TAMS 0x0000000085b00000, 0x0000000085b00000| Untracked 
|  92|0x0000000085c00000, 0x0000000085d00000, 0x0000000085d00000|100%| O|  |TAMS 0x0000000085d00000, 0x0000000085c00000| Untracked 
|  93|0x0000000085d00000, 0x0000000085e00000, 0x0000000085e00000|100%| O|  |TAMS 0x0000000085e00000, 0x0000000085d00000| Untracked 
|  94|0x0000000085e00000, 0x0000000085f00000, 0x0000000085f00000|100%| O|  |TAMS 0x0000000085ede200, 0x0000000085e00000| Untracked 
|  95|0x0000000085f00000, 0x0000000086000000, 0x0000000086000000|100%| O|  |TAMS 0x0000000085f00000, 0x0000000085f00000| Untracked 
|  96|0x0000000086000000, 0x0000000086100000, 0x0000000086100000|100%| O|  |TAMS 0x0000000086000000, 0x0000000086000000| Untracked 
|  97|0x0000000086100000, 0x0000000086200000, 0x0000000086200000|100%| O|  |TAMS 0x0000000086200000, 0x0000000086100000| Untracked 
|  98|0x0000000086200000, 0x0000000086300000, 0x0000000086300000|100%| O|  |TAMS 0x0000000086200000, 0x0000000086200000| Untracked 
|  99|0x0000000086300000, 0x0000000086400000, 0x0000000086400000|100%| O|  |TAMS 0x0000000086300000, 0x0000000086300000| Untracked 
| 100|0x0000000086400000, 0x0000000086500000, 0x0000000086500000|100%|HS|  |TAMS 0x0000000086400000, 0x0000000086400000| Complete 
| 101|0x0000000086500000, 0x0000000086600000, 0x0000000086600000|100%|HC|  |TAMS 0x0000000086500000, 0x0000000086500000| Complete 
| 102|0x0000000086600000, 0x0000000086700000, 0x0000000086700000|100%|HC|  |TAMS 0x0000000086600000, 0x0000000086600000| Complete 
| 103|0x0000000086700000, 0x0000000086800000, 0x0000000086800000|100%|HC|  |TAMS 0x0000000086700000, 0x0000000086700000| Complete 
| 104|0x0000000086800000, 0x0000000086900000, 0x0000000086900000|100%| O|  |TAMS 0x0000000086800000, 0x0000000086800000| Untracked 
| 105|0x0000000086900000, 0x0000000086a00000, 0x0000000086a00000|100%| O|  |TAMS 0x0000000086900000, 0x0000000086900000| Untracked 
| 106|0x0000000086a00000, 0x0000000086b00000, 0x0000000086b00000|100%| O|  |TAMS 0x0000000086a00000, 0x0000000086a00000| Untracked 
| 107|0x0000000086b00000, 0x0000000086c00000, 0x0000000086c00000|100%| O|  |TAMS 0x0000000086b00000, 0x0000000086b00000| Untracked 
| 108|0x0000000086c00000, 0x0000000086c8aa00, 0x0000000086d00000| 54%| O|  |TAMS 0x0000000086c00000, 0x0000000086c00000| Untracked 
| 109|0x0000000086d00000, 0x0000000086d00000, 0x0000000086e00000|  0%| F|  |TAMS 0x0000000086d00000, 0x0000000086d00000| Untracked 
| 110|0x0000000086e00000, 0x0000000086e00000, 0x0000000086f00000|  0%| F|  |TAMS 0x0000000086e00000, 0x0000000086e00000| Untracked 
| 111|0x0000000086f00000, 0x0000000086f00000, 0x0000000087000000|  0%| F|  |TAMS 0x0000000086f00000, 0x0000000086f00000| Untracked 
| 112|0x0000000087000000, 0x0000000087000000, 0x0000000087100000|  0%| F|  |TAMS 0x0000000087000000, 0x0000000087000000| Untracked 
| 113|0x0000000087100000, 0x0000000087100000, 0x0000000087200000|  0%| F|  |TAMS 0x0000000087100000, 0x0000000087100000| Untracked 
| 114|0x0000000087200000, 0x0000000087200000, 0x0000000087300000|  0%| F|  |TAMS 0x0000000087200000, 0x0000000087200000| Untracked 
| 115|0x0000000087300000, 0x0000000087300000, 0x0000000087400000|  0%| F|  |TAMS 0x0000000087300000, 0x0000000087300000| Untracked 
| 116|0x0000000087400000, 0x0000000087400000, 0x0000000087500000|  0%| F|  |TAMS 0x0000000087400000, 0x0000000087400000| Untracked 
| 117|0x0000000087500000, 0x0000000087500000, 0x0000000087600000|  0%| F|  |TAMS 0x0000000087500000, 0x0000000087500000| Untracked 
| 118|0x0000000087600000, 0x0000000087600000, 0x0000000087700000|  0%| F|  |TAMS 0x0000000087600000, 0x0000000087600000| Untracked 
| 119|0x0000000087700000, 0x0000000087700000, 0x0000000087800000|  0%| F|  |TAMS 0x0000000087700000, 0x0000000087700000| Untracked 
| 120|0x0000000087800000, 0x0000000087800000, 0x0000000087900000|  0%| F|  |TAMS 0x0000000087800000, 0x0000000087800000| Untracked 
| 121|0x0000000087900000, 0x0000000087900000, 0x0000000087a00000|  0%| F|  |TAMS 0x0000000087900000, 0x0000000087900000| Untracked 
| 122|0x0000000087a00000, 0x0000000087a00000, 0x0000000087b00000|  0%| F|  |TAMS 0x0000000087a00000, 0x0000000087a00000| Untracked 
| 123|0x0000000087b00000, 0x0000000087b00000, 0x0000000087c00000|  0%| F|  |TAMS 0x0000000087b00000, 0x0000000087b00000| Untracked 
| 124|0x0000000087c00000, 0x0000000087c00000, 0x0000000087d00000|  0%| F|  |TAMS 0x0000000087c00000, 0x0000000087c00000| Untracked 
| 125|0x0000000087d00000, 0x0000000087d00000, 0x0000000087e00000|  0%| F|  |TAMS 0x0000000087d00000, 0x0000000087d00000| Untracked 
| 126|0x0000000087e00000, 0x0000000087e00000, 0x0000000087f00000|  0%| F|  |TAMS 0x0000000087e00000, 0x0000000087e00000| Untracked 
| 127|0x0000000087f00000, 0x0000000087f00000, 0x0000000088000000|  0%| F|  |TAMS 0x0000000087f00000, 0x0000000087f00000| Untracked 
| 128|0x0000000088000000, 0x0000000088100000, 0x0000000088100000|100%| S|CS|TAMS 0x0000000088000000, 0x0000000088000000| Complete 
| 129|0x0000000088100000, 0x0000000088200000, 0x0000000088200000|100%| S|CS|TAMS 0x0000000088100000, 0x0000000088100000| Complete 
| 130|0x0000000088200000, 0x0000000088300000, 0x0000000088300000|100%| S|CS|TAMS 0x0000000088200000, 0x0000000088200000| Complete 
| 131|0x0000000088300000, 0x0000000088400000, 0x0000000088400000|100%| S|CS|TAMS 0x0000000088300000, 0x0000000088300000| Complete 
| 132|0x0000000088400000, 0x0000000088500000, 0x0000000088500000|100%| S|CS|TAMS 0x0000000088400000, 0x0000000088400000| Complete 
| 133|0x0000000088500000, 0x0000000088500000, 0x0000000088600000|  0%| F|  |TAMS 0x0000000088500000, 0x0000000088500000| Untracked 
| 134|0x0000000088600000, 0x0000000088600000, 0x0000000088700000|  0%| F|  |TAMS 0x0000000088600000, 0x0000000088600000| Untracked 
| 135|0x0000000088700000, 0x0000000088700000, 0x0000000088800000|  0%| F|  |TAMS 0x0000000088700000, 0x0000000088700000| Untracked 
| 136|0x0000000088800000, 0x0000000088800000, 0x0000000088900000|  0%| F|  |TAMS 0x0000000088800000, 0x0000000088800000| Untracked 
| 137|0x0000000088900000, 0x0000000088900000, 0x0000000088a00000|  0%| F|  |TAMS 0x0000000088900000, 0x0000000088900000| Untracked 
| 138|0x0000000088a00000, 0x0000000088a00000, 0x0000000088b00000|  0%| F|  |TAMS 0x0000000088a00000, 0x0000000088a00000| Untracked 
| 139|0x0000000088b00000, 0x0000000088b00000, 0x0000000088c00000|  0%| F|  |TAMS 0x0000000088b00000, 0x0000000088b00000| Untracked 
| 140|0x0000000088c00000, 0x0000000088c00000, 0x0000000088d00000|  0%| F|  |TAMS 0x0000000088c00000, 0x0000000088c00000| Untracked 
| 141|0x0000000088d00000, 0x0000000088d00000, 0x0000000088e00000|  0%| F|  |TAMS 0x0000000088d00000, 0x0000000088d00000| Untracked 
| 142|0x0000000088e00000, 0x0000000088e00000, 0x0000000088f00000|  0%| F|  |TAMS 0x0000000088e00000, 0x0000000088e00000| Untracked 
| 143|0x0000000088f00000, 0x0000000088fdc7d8, 0x0000000089000000| 86%| E|  |TAMS 0x0000000088f00000, 0x0000000088f00000| Complete 
| 144|0x0000000089000000, 0x0000000089100000, 0x0000000089100000|100%| E|CS|TAMS 0x0000000089000000, 0x0000000089000000| Complete 
| 145|0x0000000089100000, 0x0000000089200000, 0x0000000089200000|100%| E|CS|TAMS 0x0000000089100000, 0x0000000089100000| Complete 
| 146|0x0000000089200000, 0x0000000089300000, 0x0000000089300000|100%| E|CS|TAMS 0x0000000089200000, 0x0000000089200000| Complete 
| 147|0x0000000089300000, 0x0000000089400000, 0x0000000089400000|100%| E|CS|TAMS 0x0000000089300000, 0x0000000089300000| Complete 
| 148|0x0000000089400000, 0x0000000089500000, 0x0000000089500000|100%| E|CS|TAMS 0x0000000089400000, 0x0000000089400000| Complete 
| 149|0x0000000089500000, 0x0000000089600000, 0x0000000089600000|100%| E|CS|TAMS 0x0000000089500000, 0x0000000089500000| Complete 
| 150|0x0000000089600000, 0x0000000089700000, 0x0000000089700000|100%| E|CS|TAMS 0x0000000089600000, 0x0000000089600000| Complete 
| 151|0x0000000089700000, 0x0000000089800000, 0x0000000089800000|100%| E|CS|TAMS 0x0000000089700000, 0x0000000089700000| Complete 
| 152|0x0000000089800000, 0x0000000089900000, 0x0000000089900000|100%| E|CS|TAMS 0x0000000089800000, 0x0000000089800000| Complete 
| 153|0x0000000089900000, 0x0000000089a00000, 0x0000000089a00000|100%| E|CS|TAMS 0x0000000089900000, 0x0000000089900000| Complete 
| 154|0x0000000089a00000, 0x0000000089b00000, 0x0000000089b00000|100%| E|CS|TAMS 0x0000000089a00000, 0x0000000089a00000| Complete 
| 155|0x0000000089b00000, 0x0000000089c00000, 0x0000000089c00000|100%| E|CS|TAMS 0x0000000089b00000, 0x0000000089b00000| Complete 
| 156|0x0000000089c00000, 0x0000000089d00000, 0x0000000089d00000|100%| E|CS|TAMS 0x0000000089c00000, 0x0000000089c00000| Complete 
| 157|0x0000000089d00000, 0x0000000089e00000, 0x0000000089e00000|100%| E|CS|TAMS 0x0000000089d00000, 0x0000000089d00000| Complete 
| 158|0x0000000089e00000, 0x0000000089f00000, 0x0000000089f00000|100%| E|CS|TAMS 0x0000000089e00000, 0x0000000089e00000| Complete 
| 159|0x0000000089f00000, 0x000000008a000000, 0x000000008a000000|100%| E|CS|TAMS 0x0000000089f00000, 0x0000000089f00000| Complete 
| 160|0x000000008a000000, 0x000000008a100000, 0x000000008a100000|100%| E|CS|TAMS 0x000000008a000000, 0x000000008a000000| Complete 
| 161|0x000000008a100000, 0x000000008a200000, 0x000000008a200000|100%| E|CS|TAMS 0x000000008a100000, 0x000000008a100000| Complete 
| 162|0x000000008a200000, 0x000000008a300000, 0x000000008a300000|100%| E|CS|TAMS 0x000000008a200000, 0x000000008a200000| Complete 
| 163|0x000000008a300000, 0x000000008a400000, 0x000000008a400000|100%| E|CS|TAMS 0x000000008a300000, 0x000000008a300000| Complete 
| 164|0x000000008a400000, 0x000000008a500000, 0x000000008a500000|100%| E|CS|TAMS 0x000000008a400000, 0x000000008a400000| Complete 
| 165|0x000000008a500000, 0x000000008a600000, 0x000000008a600000|100%| E|CS|TAMS 0x000000008a500000, 0x000000008a500000| Complete 
| 166|0x000000008a600000, 0x000000008a700000, 0x000000008a700000|100%| E|CS|TAMS 0x000000008a600000, 0x000000008a600000| Complete 

Card table byte_map: [0x000001cac25d0000,0x000001cac29d0000] _byte_map_base: 0x000001cac21d0000

Marking Bits (Prev, Next): (CMBitMap*) 0x000001caafa3aa50, (CMBitMap*) 0x000001caafa3aa90
 Prev Bits: [0x000001cac2dd0000, 0x000001cac4dd0000)
 Next Bits: [0x000001cac4dd0000, 0x000001cac6dd0000)

Polling page: 0x000001caad970000

Metaspace:

Usage:
  Non-class:     77.11 MB used.
      Class:     12.28 MB used.
       Both:     89.39 MB used.

Virtual space:
  Non-class space:       80.00 MB reserved,      77.50 MB ( 97%) committed,  10 nodes.
      Class space:        1.00 GB reserved,      12.56 MB (  1%) committed,  1 nodes.
             Both:        1.08 GB reserved,      90.06 MB (  8%) committed. 

Chunk freelists:
   Non-Class:  1.86 MB
       Class:  3.44 MB
        Both:  5.30 MB

MaxMetaspaceSize: unlimited
CompressedClassSpaceSize: 1.00 GB
Initial GC threshold: 21.00 MB
Current GC threshold: 125.25 MB
CDS: off
MetaspaceReclaimPolicy: balanced
 - commit_granule_bytes: 65536.
 - commit_granule_words: 8192.
 - virtual_space_node_default_size: 1048576.
 - enlarge_chunks_in_place: 1.
 - new_chunks_are_fully_committed: 0.
 - uncommit_free_chunks: 1.
 - use_allocation_guard: 0.
 - handle_deallocations: 1.


Internal statistics:

num_allocs_failed_limit: 3.
num_arena_births: 918.
num_arena_deaths: 0.
num_vsnodes_births: 11.
num_vsnodes_deaths: 0.
num_space_committed: 1441.
num_space_uncommitted: 0.
num_chunks_returned_to_freelist: 3.
num_chunks_taken_from_freelist: 4092.
num_chunk_merges: 3.
num_chunk_splits: 2848.
num_chunks_enlarged: 2046.
num_purges: 0.
num_inconsistent_stats: 0.

CodeHeap 'non-profiled nmethods': size=120000Kb used=3502Kb max_used=3502Kb free=116497Kb
 bounds [0x000001caba970000, 0x000001cabace0000, 0x000001cac1ea0000]
CodeHeap 'profiled nmethods': size=120000Kb used=13539Kb max_used=13539Kb free=106460Kb
 bounds [0x000001cab2ea0000, 0x000001cab3be0000, 0x000001caba3d0000]
CodeHeap 'non-nmethods': size=5760Kb used=2390Kb max_used=2415Kb free=3369Kb
 bounds [0x000001caba3d0000, 0x000001caba640000, 0x000001caba970000]
 total_blobs=8333 nmethods=7406 adapters=838
 compilation: enabled
              stopped_count=0, restarted_count=0
 full_count=0

Compilation events (20 events):
Event: 11.529 Thread 0x000001caca41f290 nmethod 8310 0x000001cabacda210 code [0x000001cabacda3a0, 0x000001cabacda528]
Event: 11.529 Thread 0x000001caca41f290 8311       4       jdk.internal.org.objectweb.asm.Attribute::putAttributes (78 bytes)
Event: 11.530 Thread 0x000001caca41f290 nmethod 8311 0x000001cabacda710 code [0x000001cabacda880, 0x000001cabacda958]
Event: 11.593 Thread 0x000001caca41f290 8312       4       java.lang.invoke.MethodHandleNatives::refKindIsField (32 bytes)
Event: 11.594 Thread 0x000001caca41f290 nmethod 8312 0x000001cabacdaa10 code [0x000001cabacdab80, 0x000001cabacdabf8]
Event: 11.663 Thread 0x000001caca41f290 8313       4       java.lang.invoke.MemberName::initResolved (53 bytes)
Event: 11.664 Thread 0x000001caca41f290 nmethod 8313 0x000001cabacdad10 code [0x000001cabacdae80, 0x000001cabacdaf58]
Event: 11.736 Thread 0x000001caca41f290 8314   !   4       java.net.URLClassLoader$1::run (81 bytes)
Event: 11.817 Thread 0x000001caca423520 8315       1       org.jetbrains.kotlin.cli.jvm.config.JvmClasspathRoot::getFile (5 bytes)
Event: 11.817 Thread 0x000001caca423520 nmethod 8315 0x000001cabacdb010 code [0x000001cabacdb1a0, 0x000001cabacdb278]
Event: 12.020 Thread 0x000001caca423520 8317       1       java.util.Formatter$FixedString::index (3 bytes)
Event: 12.020 Thread 0x000001caca423520 nmethod 8317 0x000001cabacdb310 code [0x000001cabacdb4a0, 0x000001cabacdb578]
Event: 12.022 Thread 0x000001caca423520 8318       1       java.util.concurrent.locks.ReentrantReadWriteLock::writeLock (5 bytes)
Event: 12.022 Thread 0x000001caca423520 nmethod 8318 0x000001cabacdb610 code [0x000001cabacdb7a0, 0x000001cabacdb878]
Event: 12.022 Thread 0x000001caca423520 8319       3       java.util.concurrent.locks.ReentrantReadWriteLock$Sync::sharedCount (5 bytes)
Event: 12.022 Thread 0x000001caca423520 nmethod 8319 0x000001cab3bd7d10 code [0x000001cab3bd7ea0, 0x000001cab3bd7f98]
Event: 12.037 Thread 0x000001caca423520 8320       3       java.lang.StringBuilder::append (8 bytes)
Event: 12.038 Thread 0x000001caca423520 nmethod 8320 0x000001cab3bd8010 code [0x000001cab3bd81a0, 0x000001cab3bd82e8]
Event: 12.054 Thread 0x000001caca423520 8321       3       java.lang.AbstractStringBuilder::append (45 bytes)
Event: 12.055 Thread 0x000001caca423520 nmethod 8321 0x000001cab3bd8390 code [0x000001cab3bd8560, 0x000001cab3bd88a8]

GC Heap History (20 events):
Event: 8.177 GC heap before
{Heap before GC invocations=29 (full 0):
 garbage-first heap   total 146432K, used 125354K [0x0000000080000000, 0x0000000100000000)
  region size 1024K, 43 young (44032K), 6 survivors (6144K)
 Metaspace       used 64568K, committed 65280K, reserved 1105920K
  class space    used 9119K, committed 9408K, reserved 1048576K
}
Event: 8.182 GC heap after
{Heap after GC invocations=30 (full 0):
 garbage-first heap   total 146432K, used 93644K [0x0000000080000000, 0x0000000100000000)
  region size 1024K, 6 young (6144K), 6 survivors (6144K)
 Metaspace       used 64568K, committed 65280K, reserved 1105920K
  class space    used 9119K, committed 9408K, reserved 1048576K
}
Event: 8.197 GC heap before
{Heap before GC invocations=30 (full 0):
 garbage-first heap   total 146432K, used 94668K [0x0000000080000000, 0x0000000100000000)
  region size 1024K, 7 young (7168K), 6 survivors (6144K)
 Metaspace       used 64792K, committed 65472K, reserved 1105920K
  class space    used 9136K, committed 9408K, reserved 1048576K
}
Event: 8.201 GC heap after
{Heap after GC invocations=31 (full 0):
 garbage-first heap   total 146432K, used 93194K [0x0000000080000000, 0x0000000100000000)
  region size 1024K, 1 young (1024K), 1 survivors (1024K)
 Metaspace       used 64792K, committed 65472K, reserved 1105920K
  class space    used 9136K, committed 9408K, reserved 1048576K
}
Event: 8.659 GC heap before
{Heap before GC invocations=31 (full 0):
 garbage-first heap   total 146432K, used 119818K [0x0000000080000000, 0x0000000100000000)
  region size 1024K, 28 young (28672K), 1 survivors (1024K)
 Metaspace       used 69737K, committed 70464K, reserved 1114112K
  class space    used 9754K, committed 10048K, reserved 1048576K
}
Event: 8.663 GC heap after
{Heap after GC invocations=32 (full 0):
 garbage-first heap   total 146432K, used 94175K [0x0000000080000000, 0x0000000100000000)
  region size 1024K, 2 young (2048K), 2 survivors (2048K)
 Metaspace       used 69737K, committed 70464K, reserved 1114112K
  class space    used 9754K, committed 10048K, reserved 1048576K
}
Event: 8.998 GC heap before
{Heap before GC invocations=33 (full 0):
 garbage-first heap   total 162816K, used 127967K [0x0000000080000000, 0x0000000100000000)
  region size 1024K, 29 young (29696K), 2 survivors (2048K)
 Metaspace       used 72308K, committed 73024K, reserved 1114112K
  class space    used 10102K, committed 10432K, reserved 1048576K
}
Event: 9.002 GC heap after
{Heap after GC invocations=34 (full 0):
 garbage-first heap   total 162816K, used 97464K [0x0000000080000000, 0x0000000100000000)
  region size 1024K, 4 young (4096K), 4 survivors (4096K)
 Metaspace       used 72308K, committed 73024K, reserved 1114112K
  class space    used 10102K, committed 10432K, reserved 1048576K
}
Event: 9.043 GC heap before
{Heap before GC invocations=34 (full 0):
 garbage-first heap   total 162816K, used 100536K [0x0000000080000000, 0x0000000100000000)
  region size 1024K, 7 young (7168K), 4 survivors (4096K)
 Metaspace       used 72694K, committed 73344K, reserved 1114112K
  class space    used 10142K, committed 10432K, reserved 1048576K
}
Event: 9.046 GC heap after
{Heap after GC invocations=35 (full 0):
 garbage-first heap   total 162816K, used 97765K [0x0000000080000000, 0x0000000100000000)
  region size 1024K, 1 young (1024K), 1 survivors (1024K)
 Metaspace       used 72694K, committed 73344K, reserved 1114112K
  class space    used 10142K, committed 10432K, reserved 1048576K
}
Event: 9.478 GC heap before
{Heap before GC invocations=35 (full 0):
 garbage-first heap   total 162816K, used 132581K [0x0000000080000000, 0x0000000100000000)
  region size 1024K, 35 young (35840K), 1 survivors (1024K)
 Metaspace       used 76130K, committed 76800K, reserved 1122304K
  class space    used 10582K, committed 10880K, reserved 1048576K
}
Event: 9.480 GC heap after
{Heap after GC invocations=36 (full 0):
 garbage-first heap   total 162816K, used 99576K [0x0000000080000000, 0x0000000100000000)
  region size 1024K, 3 young (3072K), 3 survivors (3072K)
 Metaspace       used 76130K, committed 76800K, reserved 1122304K
  class space    used 10582K, committed 10880K, reserved 1048576K
}
Event: 10.066 GC heap before
{Heap before GC invocations=37 (full 0):
 garbage-first heap   total 171008K, used 133368K [0x0000000080000000, 0x0000000100000000)
  region size 1024K, 36 young (36864K), 3 survivors (3072K)
 Metaspace       used 79704K, committed 80384K, reserved 1122304K
  class space    used 11076K, committed 11392K, reserved 1048576K
}
Event: 10.070 GC heap after
{Heap after GC invocations=38 (full 0):
 garbage-first heap   total 171008K, used 101727K [0x0000000080000000, 0x0000000100000000)
  region size 1024K, 5 young (5120K), 5 survivors (5120K)
 Metaspace       used 79704K, committed 80384K, reserved 1122304K
  class space    used 11076K, committed 11392K, reserved 1048576K
}
Event: 10.101 GC heap before
{Heap before GC invocations=38 (full 0):
 garbage-first heap   total 171008K, used 104799K [0x0000000080000000, 0x0000000100000000)
  region size 1024K, 8 young (8192K), 5 survivors (5120K)
 Metaspace       used 80175K, committed 80832K, reserved 1122304K
  class space    used 11143K, committed 11456K, reserved 1048576K
}
Event: 10.104 GC heap after
{Heap after GC invocations=39 (full 0):
 garbage-first heap   total 171008K, used 101929K [0x0000000080000000, 0x0000000100000000)
  region size 1024K, 1 young (1024K), 1 survivors (1024K)
 Metaspace       used 80175K, committed 80832K, reserved 1122304K
  class space    used 11143K, committed 11456K, reserved 1048576K
}
Event: 10.638 GC heap before
{Heap before GC invocations=39 (full 0):
 garbage-first heap   total 171008K, used 140841K [0x0000000080000000, 0x0000000100000000)
  region size 1024K, 39 young (39936K), 1 survivors (1024K)
 Metaspace       used 82942K, committed 83648K, reserved 1122304K
  class space    used 11483K, committed 11776K, reserved 1048576K
}
Event: 10.641 GC heap after
{Heap after GC invocations=40 (full 0):
 garbage-first heap   total 171008K, used 106188K [0x0000000080000000, 0x0000000100000000)
  region size 1024K, 5 young (5120K), 5 survivors (5120K)
 Metaspace       used 82942K, committed 83648K, reserved 1122304K
  class space    used 11483K, committed 11776K, reserved 1048576K
}
Event: 11.249 GC heap before
{Heap before GC invocations=40 (full 0):
 garbage-first heap   total 171008K, used 145100K [0x0000000080000000, 0x0000000100000000)
  region size 1024K, 39 young (39936K), 5 survivors (5120K)
 Metaspace       used 87095K, committed 87744K, reserved 1130496K
  class space    used 12008K, committed 12288K, reserved 1048576K
}
Event: 11.257 GC heap after
{Heap after GC invocations=41 (full 0):
 garbage-first heap   total 171008K, used 116148K [0x0000000080000000, 0x0000000100000000)
  region size 1024K, 5 young (5120K), 5 survivors (5120K)
 Metaspace       used 87095K, committed 87744K, reserved 1130496K
  class space    used 12008K, committed 12288K, reserved 1048576K
}

Dll operation events (2 events):
Event: 0.008 Loaded shared library C:\Program Files\Android\Android Studio\jbr\bin\java.dll
Event: 0.434 Loaded shared library C:\Program Files\Android\Android Studio\jbr\bin\verify.dll

Deoptimization events (20 events):
Event: 11.279 Thread 0x000001cacb69b790 DEOPT PACKING pc=0x000001cabaa742d4 sp=0x000000146c4f54a0
Event: 11.279 Thread 0x000001cacb69b790 DEOPT UNPACKING pc=0x000001caba4269a3 sp=0x000000146c4f54d0 mode 2
Event: 11.353 Thread 0x000001cacb69b790 Uncommon trap: trap_request=0xffffff45 fr.pc=0x000001cabac9ec04 relative=0x00000000000002c4
Event: 11.353 Thread 0x000001cacb69b790 Uncommon trap: reason=unstable_if action=reinterpret pc=0x000001cabac9ec04 method=java.io.BufferedInputStream.read1([BII)I @ 60 c2
Event: 11.353 Thread 0x000001cacb69b790 DEOPT PACKING pc=0x000001cabac9ec04 sp=0x000000146c4f50b0
Event: 11.353 Thread 0x000001cacb69b790 DEOPT UNPACKING pc=0x000001caba4269a3 sp=0x000000146c4f5000 mode 2
Event: 11.440 Thread 0x000001cacb69b790 DEOPT PACKING pc=0x000001cab326589b sp=0x000000146c4f4280
Event: 11.440 Thread 0x000001cacb69b790 DEOPT UNPACKING pc=0x000001caba427143 sp=0x000000146c4f36f0 mode 0
Event: 11.863 Thread 0x000001cacb69b790 Uncommon trap: trap_request=0xffffffde fr.pc=0x000001cabaa99b18 relative=0x0000000000000078
Event: 11.863 Thread 0x000001cacb69b790 Uncommon trap: reason=class_check action=maybe_recompile pc=0x000001cabaa99b18 method=java.util.Collections$SetFromMap.remove(Ljava/lang/Object;)Z @ 5 c2
Event: 11.863 Thread 0x000001cacb69b790 DEOPT PACKING pc=0x000001cabaa99b18 sp=0x000000146c4f46d0
Event: 11.863 Thread 0x000001cacb69b790 DEOPT UNPACKING pc=0x000001caba4269a3 sp=0x000000146c4f4668 mode 2
Event: 12.019 Thread 0x000001cacb923cb0 Uncommon trap: trap_request=0xffffff45 fr.pc=0x000001caba9a58d4 relative=0x0000000000000614
Event: 12.019 Thread 0x000001cacb923cb0 Uncommon trap: reason=unstable_if action=reinterpret pc=0x000001caba9a58d4 method=java.lang.AbstractStringBuilder.append(Ljava/lang/String;)Ljava/lang/AbstractStringBuilder; @ 1 c2
Event: 12.019 Thread 0x000001cacb923cb0 DEOPT PACKING pc=0x000001caba9a58d4 sp=0x000000146c0fe490
Event: 12.019 Thread 0x000001cacb923cb0 DEOPT UNPACKING pc=0x000001caba4269a3 sp=0x000000146c0fe410 mode 2
Event: 12.019 Thread 0x000001cacb923cb0 Uncommon trap: trap_request=0xffffff45 fr.pc=0x000001caba9b9b64 relative=0x0000000000000624
Event: 12.019 Thread 0x000001cacb923cb0 Uncommon trap: reason=unstable_if action=reinterpret pc=0x000001caba9b9b64 method=java.lang.AbstractStringBuilder.append(Ljava/lang/String;)Ljava/lang/AbstractStringBuilder; @ 1 c2
Event: 12.019 Thread 0x000001cacb923cb0 DEOPT PACKING pc=0x000001caba9b9b64 sp=0x000000146c0fe430
Event: 12.019 Thread 0x000001cacb923cb0 DEOPT UNPACKING pc=0x000001caba4269a3 sp=0x000000146c0fe418 mode 2

Classes unloaded (0 events):
No events

Classes redefined (0 events):
No events

Internal exceptions (20 events):
Event: 9.620 Thread 0x000001cacb69b790 Exception <a 'java/lang/ClassNotFoundException'{0x000000008a0403b0}: org/gradle/api/plugins/JavaPluginConventionBeanInfo> (0x000000008a0403b0) 
thrown [s\src\hotspot\share\classfile\systemDictionary.cpp, line 256]
Event: 9.620 Thread 0x000001cacb69b790 Exception <a 'java/lang/ClassNotFoundException'{0x000000008a059a28}: org/gradle/api/plugins/JavaPluginConventionCustomizer> (0x000000008a059a28) 
thrown [s\src\hotspot\share\classfile\systemDictionary.cpp, line 256]
Event: 9.621 Thread 0x000001cacb69b790 Exception <a 'java/lang/ClassNotFoundException'{0x000000008a0875f8}: org/gradle/api/plugins/internal/DefaultJavaPluginConventionCustomizer> (0x000000008a0875f8) 
thrown [s\src\hotspot\share\classfile\systemDictionary.cpp, line 256]
Event: 9.623 Thread 0x000001cacb69b790 Exception <a 'java/lang/ClassNotFoundException'{0x000000008a0c7088}: org/gradle/api/plugins/internal/DefaultJavaPluginConvention_DecoratedCustomizer> (0x000000008a0c7088) 
thrown [s\src\hotspot\share\classfile\systemDictionary.cpp, line 256]
Event: 9.890 Thread 0x000001cacb69b790 Exception <a 'java/lang/ClassNotFoundException'{0x000000008918eca0}: org/jetbrains/kotlin/gradle/targets/js/npm/DefaultNpmDependencyExtensionBeanInfo> (0x000000008918eca0) 
thrown [s\src\hotspot\share\classfile\systemDictionary.cpp, line 256]
Event: 9.890 Thread 0x000001cacb69b790 Exception <a 'java/lang/ClassNotFoundException'{0x000000008919a310}: org/jetbrains/kotlin/gradle/targets/js/npm/DefaultNpmDependencyExtensionCustomizer> (0x000000008919a310) 
thrown [s\src\hotspot\share\classfile\systemDictionary.cpp, line 256]
Event: 9.894 Thread 0x000001cacb69b790 Exception <a 'java/lang/ClassNotFoundException'{0x0000000089007b68}: org/jetbrains/kotlin/gradle/targets/js/npm/NpmDependencyExtensionKt$defaultNpmDependencyDelegate$1BeanInfo> (0x0000000089007b68) 
thrown [s\src\hotspot\share\classfile\systemDictionary.cpp, line 256]
Event: 9.895 Thread 0x000001cacb69b790 Exception <a 'java/lang/ClassNotFoundException'{0x0000000089013220}: org/jetbrains/kotlin/gradle/targets/js/npm/NpmDependencyExtensionDelegateBeanInfo> (0x0000000089013220) 
thrown [s\src\hotspot\share\classfile\systemDictionary.cpp, line 256]
Event: 9.895 Thread 0x000001cacb69b790 Exception <a 'java/lang/ClassNotFoundException'{0x000000008901e8a0}: org/jetbrains/kotlin/gradle/targets/js/npm/NpmDependencyExtensionDelegateCustomizer> (0x000000008901e8a0) 
thrown [s\src\hotspot\share\classfile\systemDictionary.cpp, line 256]
Event: 9.896 Thread 0x000001cacb69b790 Exception <a 'java/lang/ClassNotFoundException'{0x0000000089041c18}: org/jetbrains/kotlin/gradle/targets/js/npm/NpmDependencyExtensionKt$defaultNpmDependencyDelegate$1Customizer> (0x0000000089041c18) 
thrown [s\src\hotspot\share\classfile\systemDictionary.cpp, line 256]
Event: 9.898 Thread 0x000001cacb69b790 Exception <a 'java/lang/ClassNotFoundException'{0x0000000089077d70}: org/jetbrains/kotlin/gradle/targets/js/npm/DefaultDevNpmDependencyExtensionBeanInfo> (0x0000000089077d70) 
thrown [s\src\hotspot\share\classfile\systemDictionary.cpp, line 256]
Event: 9.898 Thread 0x000001cacb69b790 Exception <a 'java/lang/ClassNotFoundException'{0x0000000089083698}: org/jetbrains/kotlin/gradle/targets/js/npm/DefaultDevNpmDependencyExtensionCustomizer> (0x0000000089083698) 
thrown [s\src\hotspot\share\classfile\systemDictionary.cpp, line 256]
Event: 9.901 Thread 0x000001cacb69b790 Exception <a 'java/lang/ClassNotFoundException'{0x00000000890be2d0}: org/jetbrains/kotlin/gradle/targets/js/npm/DefaultPeerNpmDependencyExtensionBeanInfo> (0x00000000890be2d0) 
thrown [s\src\hotspot\share\classfile\systemDictionary.cpp, line 256]
Event: 9.901 Thread 0x000001cacb69b790 Exception <a 'java/lang/ClassNotFoundException'{0x00000000890c9988}: org/jetbrains/kotlin/gradle/targets/js/npm/DefaultPeerNpmDependencyExtensionCustomizer> (0x00000000890c9988) 
thrown [s\src\hotspot\share\classfile\systemDictionary.cpp, line 256]
Event: 9.904 Thread 0x000001cacb69b790 Exception <a 'java/lang/ClassNotFoundException'{0x0000000088f0c390}: org/jetbrains/kotlin/gradle/targets/js/npm/DefaultPeerNpmDependencyExtension$delegate$1BeanInfo> (0x0000000088f0c390) 
thrown [s\src\hotspot\share\classfile\systemDictionary.cpp, line 256]
Event: 9.904 Thread 0x000001cacb69b790 Exception <a 'java/lang/ClassNotFoundException'{0x0000000088f17c10}: org/jetbrains/kotlin/gradle/targets/js/npm/DefaultPeerNpmDependencyExtension$delegate$1Customizer> (0x0000000088f17c10) 
thrown [s\src\hotspot\share\classfile\systemDictionary.cpp, line 256]
Event: 10.911 Thread 0x000001cacb69b790 Exception <a 'java/lang/NoSuchMethodError'{0x000000008942bcd0}: 'long java.lang.invoke.DirectMethodHandle$Holder.invokeStatic(java.lang.Object)'> (0x000000008942bcd0) 
thrown [s\src\hotspot\share\interpreter\linkResolver.cpp, line 771]
Event: 10.911 Thread 0x000001cacb69b790 Exception <a 'java/lang/NoSuchMethodError'{0x00000000894308b8}: 'long java.lang.invoke.DirectMethodHandle$Holder.invokeStaticInit(java.lang.Object)'> (0x00000000894308b8) 
thrown [s\src\hotspot\share\interpreter\linkResolver.cpp, line 771]
Event: 12.019 Thread 0x000001cacb923cb0 Implicit null exception at 0x000001caba9a52f2 to 0x000001caba9a58bc
Event: 12.019 Thread 0x000001cacb923cb0 Implicit null exception at 0x000001caba9b9572 to 0x000001caba9b9b4c

VM Operations (20 events):
Event: 9.533 Executing VM operation: G1Concurrent
Event: 9.533 Executing VM operation: G1Concurrent done
Event: 9.605 Executing VM operation: HandshakeAllThreads
Event: 9.605 Executing VM operation: HandshakeAllThreads done
Event: 9.903 Executing VM operation: ICBufferFull
Event: 9.903 Executing VM operation: ICBufferFull done
Event: 10.066 Executing VM operation: G1CollectForAllocation
Event: 10.070 Executing VM operation: G1CollectForAllocation done
Event: 10.101 Executing VM operation: G1CollectForAllocation
Event: 10.104 Executing VM operation: G1CollectForAllocation done
Event: 10.637 Executing VM operation: G1CollectForAllocation
Event: 10.641 Executing VM operation: G1CollectForAllocation done
Event: 10.920 Executing VM operation: HandshakeAllThreads
Event: 10.920 Executing VM operation: HandshakeAllThreads done
Event: 11.249 Executing VM operation: G1CollectForAllocation
Event: 11.258 Executing VM operation: G1CollectForAllocation done
Event: 11.329 Executing VM operation: HandshakeAllThreads
Event: 11.329 Executing VM operation: HandshakeAllThreads done
Event: 12.028 Executing VM operation: HandshakeAllThreads
Event: 12.029 Executing VM operation: HandshakeAllThreads done

Events (20 events):
Event: 11.332 loading class com/sun/xml/internal/stream/Entity$ScannedEntity
Event: 11.332 loading class com/sun/xml/internal/stream/Entity
Event: 11.332 loading class com/sun/xml/internal/stream/Entity done
Event: 11.332 loading class com/sun/xml/internal/stream/Entity$ScannedEntity done
Event: 11.332 loading class com/sun/xml/internal/stream/util/ThreadLocalBufferAllocator
Event: 11.332 loading class com/sun/xml/internal/stream/util/ThreadLocalBufferAllocator done
Event: 11.333 loading class com/sun/xml/internal/stream/util/BufferAllocator
Event: 11.333 loading class com/sun/xml/internal/stream/util/BufferAllocator done
Event: 11.337 loading class com/sun/org/apache/xerces/internal/util/XMLChar
Event: 11.337 loading class com/sun/org/apache/xerces/internal/util/XMLChar done
Event: 11.338 loading class com/sun/org/apache/xerces/internal/impl/XMLScanner$NameType
Event: 11.338 loading class com/sun/org/apache/xerces/internal/impl/XMLScanner$NameType done
Event: 11.353 loading class com/sun/org/apache/xerces/internal/impl/io/MalformedByteSequenceException
Event: 11.354 loading class java/io/CharConversionException
Event: 11.354 loading class java/io/CharConversionException done
Event: 11.354 loading class com/sun/org/apache/xerces/internal/impl/io/MalformedByteSequenceException done
Event: 12.010 loading class java/util/concurrent/LinkedBlockingDeque$Itr
Event: 12.010 loading class java/util/concurrent/LinkedBlockingDeque$AbstractItr
Event: 12.010 loading class java/util/concurrent/LinkedBlockingDeque$AbstractItr done
Event: 12.010 loading class java/util/concurrent/LinkedBlockingDeque$Itr done


Dynamic libraries:
0x00007ff68d330000 - 0x00007ff68d33a000 	C:\Program Files\Android\Android Studio\jbr\bin\java.exe
0x00007ffbab770000 - 0x00007ffbab986000 	C:\WINDOWS\SYSTEM32\ntdll.dll
0x00007ffba9830000 - 0x00007ffba98f4000 	C:\WINDOWS\System32\KERNEL32.DLL
0x00007ffba8e90000 - 0x00007ffba9236000 	C:\WINDOWS\System32\KERNELBASE.dll
0x00007ffba92e0000 - 0x00007ffba93f1000 	C:\WINDOWS\System32\ucrtbase.dll
0x00007ffb3a1f0000 - 0x00007ffb3a20b000 	C:\Program Files\Android\Android Studio\jbr\bin\VCRUNTIME140.dll
0x00007ffb81b50000 - 0x00007ffb81b67000 	C:\Program Files\Android\Android Studio\jbr\bin\jli.dll
0x00007ffbaa730000 - 0x00007ffbaa8dd000 	C:\WINDOWS\System32\USER32.dll
0x00007ffba8e60000 - 0x00007ffba8e86000 	C:\WINDOWS\System32\win32u.dll
0x00007ffb9ecb0000 - 0x00007ffb9ef43000 	C:\WINDOWS\WinSxS\amd64_microsoft.windows.common-controls_6595b64144ccf1df_6.0.22621.3235_none_270f74e173860f98\COMCTL32.dll
0x00007ffba9ee0000 - 0x00007ffba9f09000 	C:\WINDOWS\System32\GDI32.dll
0x00007ffba9530000 - 0x00007ffba95d7000 	C:\WINDOWS\System32\msvcrt.dll
0x00007ffba8b20000 - 0x00007ffba8c38000 	C:\WINDOWS\System32\gdi32full.dll
0x00007ffba9240000 - 0x00007ffba92da000 	C:\WINDOWS\System32\msvcp_win.dll
0x00007ffbab6c0000 - 0x00007ffbab6f1000 	C:\WINDOWS\System32\IMM32.DLL
0x00007ffb81bf0000 - 0x00007ffb81bfc000 	C:\Program Files\Android\Android Studio\jbr\bin\vcruntime140_1.dll
0x00007ffb13f10000 - 0x00007ffb13f9d000 	C:\Program Files\Android\Android Studio\jbr\bin\msvcp140.dll
0x00007ffb19210000 - 0x00007ffb19e7e000 	C:\Program Files\Android\Android Studio\jbr\bin\server\jvm.dll
0x00007ffba9d70000 - 0x00007ffba9e22000 	C:\WINDOWS\System32\ADVAPI32.dll
0x00007ffbaabf0000 - 0x00007ffbaac98000 	C:\WINDOWS\System32\sechost.dll
0x00007ffba8db0000 - 0x00007ffba8dd8000 	C:\WINDOWS\System32\bcrypt.dll
0x00007ffba9ae0000 - 0x00007ffba9bf5000 	C:\WINDOWS\System32\RPCRT4.dll
0x00007ffb9f2c0000 - 0x00007ffb9f2ca000 	C:\WINDOWS\SYSTEM32\VERSION.dll
0x00007ffb9fee0000 - 0x00007ffb9ff14000 	C:\WINDOWS\SYSTEM32\WINMM.dll
0x00007ffb8c230000 - 0x00007ffb8c239000 	C:\WINDOWS\SYSTEM32\WSOCK32.dll
0x00007ffba9900000 - 0x00007ffba9971000 	C:\WINDOWS\System32\WS2_32.dll
0x00007ffba7af0000 - 0x00007ffba7b08000 	C:\WINDOWS\SYSTEM32\kernel.appcore.dll
0x00007ffba43f0000 - 0x00007ffba43fa000 	C:\Program Files\Android\Android Studio\jbr\bin\jimage.dll
0x00007ffb9d760000 - 0x00007ffb9d993000 	C:\WINDOWS\SYSTEM32\DBGHELP.DLL
0x00007ffba9f10000 - 0x00007ffbaa298000 	C:\WINDOWS\System32\combase.dll
0x00007ffba9980000 - 0x00007ffba9a57000 	C:\WINDOWS\System32\OLEAUT32.dll
0x00007ffb9d720000 - 0x00007ffb9d752000 	C:\WINDOWS\SYSTEM32\dbgcore.DLL
0x00007ffba8de0000 - 0x00007ffba8e5a000 	C:\WINDOWS\System32\bcryptPrimitives.dll
0x00007ffb841c0000 - 0x00007ffb841e5000 	C:\Program Files\Android\Android Studio\jbr\bin\java.dll
0x00007ffb8c380000 - 0x00007ffb8c398000 	C:\Program Files\Android\Android Studio\jbr\bin\zip.dll
0x00007ffbaada0000 - 0x00007ffbab5fd000 	C:\WINDOWS\System32\SHELL32.dll
0x00007ffba6a10000 - 0x00007ffba7308000 	C:\WINDOWS\SYSTEM32\windows.storage.dll
0x00007ffba68d0000 - 0x00007ffba6a0e000 	C:\WINDOWS\SYSTEM32\wintypes.dll
0x00007ffbaaca0000 - 0x00007ffbaad93000 	C:\WINDOWS\System32\SHCORE.dll
0x00007ffbab600000 - 0x00007ffbab65e000 	C:\WINDOWS\System32\shlwapi.dll
0x00007ffba89e0000 - 0x00007ffba8a06000 	C:\WINDOWS\SYSTEM32\profapi.dll
0x00007ffb8bb80000 - 0x00007ffb8bb99000 	C:\Program Files\Android\Android Studio\jbr\bin\net.dll
0x00007ffba0150000 - 0x00007ffba0287000 	C:\WINDOWS\SYSTEM32\WINHTTP.dll
0x00007ffba7fe0000 - 0x00007ffba8049000 	C:\WINDOWS\system32\mswsock.dll
0x00007ffb81c00000 - 0x00007ffb81c16000 	C:\Program Files\Android\Android Studio\jbr\bin\nio.dll
0x00007ffba43e0000 - 0x00007ffba43f0000 	C:\Program Files\Android\Android Studio\jbr\bin\verify.dll
0x00007ffb2e1b0000 - 0x00007ffb2e1d7000 	C:\Users\23480\.gradle\native\68d5fa5c4cc2d200863cafc0d521ce42e7d3e7ee720ec0a83991735586a16f82\windows-amd64\native-platform.dll
0x00007ffb3a940000 - 0x00007ffb3aa84000 	C:\Users\23480\.gradle\native\e376f236ea51e6404a007f0833ffe2c6e607c4080706a723a18a27aeea778392\windows-amd64\native-platform-file-events.dll
0x00007ffba14b0000 - 0x00007ffba14b9000 	C:\Program Files\Android\Android Studio\jbr\bin\management.dll
0x00007ffb9d590000 - 0x00007ffb9d59b000 	C:\Program Files\Android\Android Studio\jbr\bin\management_ext.dll
0x00007ffba94c0000 - 0x00007ffba94c8000 	C:\WINDOWS\System32\PSAPI.DLL
0x00007ffba8230000 - 0x00007ffba824b000 	C:\WINDOWS\SYSTEM32\CRYPTSP.dll
0x00007ffba7a50000 - 0x00007ffba7a85000 	C:\WINDOWS\system32\rsaenh.dll
0x00007ffba80d0000 - 0x00007ffba80fc000 	C:\WINDOWS\SYSTEM32\USERENV.dll
0x00007ffba8280000 - 0x00007ffba828c000 	C:\WINDOWS\SYSTEM32\CRYPTBASE.dll
0x00007ffba7570000 - 0x00007ffba759d000 	C:\WINDOWS\SYSTEM32\IPHLPAPI.DLL
0x00007ffbaa720000 - 0x00007ffbaa729000 	C:\WINDOWS\System32\NSI.dll
0x00007ffba0130000 - 0x00007ffba0149000 	C:\WINDOWS\SYSTEM32\dhcpcsvc6.DLL
0x00007ffba0110000 - 0x00007ffba012f000 	C:\WINDOWS\SYSTEM32\dhcpcsvc.DLL
0x00007ffba75e0000 - 0x00007ffba76d9000 	C:\WINDOWS\SYSTEM32\DNSAPI.dll
0x00007ffb7a860000 - 0x00007ffb7a868000 	C:\WINDOWS\system32\wshunix.dll

dbghelp: loaded successfully - version: 4.0.5 - missing functions: none
symbol engine: initialized successfully - sym options: 0x614 - pdb path: .;C:\Program Files\Android\Android Studio\jbr\bin;C:\WINDOWS\SYSTEM32;C:\WINDOWS\WinSxS\amd64_microsoft.windows.common-controls_6595b64144ccf1df_6.0.22621.3235_none_270f74e173860f98;C:\Program Files\Android\Android Studio\jbr\bin\server;C:\Users\23480\.gradle\native\68d5fa5c4cc2d200863cafc0d521ce42e7d3e7ee720ec0a83991735586a16f82\windows-amd64;C:\Users\23480\.gradle\native\e376f236ea51e6404a007f0833ffe2c6e607c4080706a723a18a27aeea778392\windows-amd64

VM Arguments:
jvm_args: --add-opens=java.base/java.util=ALL-UNNAMED --add-opens=java.base/java.lang=ALL-UNNAMED --add-opens=java.base/java.lang.invoke=ALL-UNNAMED --add-opens=java.prefs/java.util.prefs=ALL-UNNAMED --add-opens=java.base/java.nio.charset=ALL-UNNAMED --add-opens=java.base/java.net=ALL-UNNAMED --add-opens=java.base/java.util.concurrent.atomic=ALL-UNNAMED -Xmx2048m -Dfile.encoding=UTF-8 -Duser.country=US -Duser.language=en -Duser.variant 
java_command: org.gradle.launcher.daemon.bootstrap.GradleDaemon 8.0
java_class_path (initial): C:\Users\23480\.gradle\wrapper\dists\gradle-8.0-bin\ca5e32bp14vu59qr306oxotwh\gradle-8.0\lib\gradle-launcher-8.0.jar
Launcher Type: SUN_STANDARD

[Global flags]
     intx CICompilerCount                          = 4                                         {product} {ergonomic}
     uint ConcGCThreads                            = 2                                         {product} {ergonomic}
     uint G1ConcRefinementThreads                  = 8                                         {product} {ergonomic}
   size_t G1HeapRegionSize                         = 1048576                                   {product} {ergonomic}
    uintx GCDrainStackTargetSize                   = 64                                        {product} {ergonomic}
   size_t InitialHeapSize                          = 123731968                                 {product} {ergonomic}
   size_t MarkStackSize                            = 4194304                                   {product} {ergonomic}
   size_t MaxHeapSize                              = 2147483648                                {product} {command line}
   size_t MaxNewSize                               = 1287651328                                {product} {ergonomic}
   size_t MinHeapDeltaBytes                        = 1048576                                   {product} {ergonomic}
   size_t MinHeapSize                              = 8388608                                   {product} {ergonomic}
    uintx NonNMethodCodeHeapSize                   = 5839372                                {pd product} {ergonomic}
    uintx NonProfiledCodeHeapSize                  = 122909434                              {pd product} {ergonomic}
    uintx ProfiledCodeHeapSize                     = 122909434                              {pd product} {ergonomic}
    uintx ReservedCodeCacheSize                    = 251658240                              {pd product} {ergonomic}
     bool SegmentedCodeCache                       = true                                      {product} {ergonomic}
   size_t SoftMaxHeapSize                          = 2147483648                             {manageable} {ergonomic}
     bool UseCompressedClassPointers               = true                           {product lp64_product} {ergonomic}
     bool UseCompressedOops                        = true                           {product lp64_product} {ergonomic}
     bool UseG1GC                                  = true                                      {product} {ergonomic}
     bool UseLargePagesIndividualAllocation        = false                                  {pd product} {ergonomic}

Logging:
Log output configuration:
 #0: stdout all=warning uptime,level,tags
 #1: stderr all=off uptime,level,tags

Environment Variables:
PATH=C:\WINDOWS\system32;C:\WINDOWS;C:\WINDOWS\System32\Wbem;C:\WINDOWS\System32\WindowsPowerShell\v1.0\;C:\WINDOWS\System32\OpenSSH\;C:\Program Files\nodejs\;C:\Program Files\Git\cmd;C:\Users\23480\AppData\Local\Programs\Python\Python311\Scripts\;C:\Users\23480\AppData\Local\Programs\Python\Python311\;C:\Users\23480\AppData\Local\Microsoft\WindowsApps;C:\Users\23480\AppData\Local\atom\bin;C:\Users\23480\AppData\Local\Programs\Microsoft VS Code\bin;C:\Users\23480\AppData\Local\Microsoft\WindowsApps;;C:\Program Files\JetBrains\IntelliJ IDEA Community Edition 2023.2.1\bin;;C:\Users\23480\AppData\Roaming\npm
USERNAME=23480
OS=Windows_NT
PROCESSOR_IDENTIFIER=AMD64 Family 23 Model 104 Stepping 1, AuthenticAMD
TMP=C:\Users\23480\AppData\Local\Temp
TEMP=C:\Users\23480\AppData\Local\Temp


JNI global refs:
JNI global refs: 24, weak refs: 0

JNI global refs memory usage: 843, weak refs: 841


---------------  S Y S T E M  ---------------

OS:
 Windows 11 , 64 bit Build 22621 (10.0.22621.3235)
OS uptime: 0 days 6:00 hours

CPU: total 8 (initial active 8) (8 cores per cpu, 2 threads per core) family 23 model 104 stepping 1 microcode 0x0, cx8, cmov, fxsr, ht, mmx, 3dnowpref, sse, sse2, sse3, ssse3, sse4a, sse4.1, sse4.2, popcnt, lzcnt, tsc, tscinvbit, avx, avx2, aes, clmul, bmi1, bmi2, adx, sha, fma, vzeroupper, clflush, clflushopt

Memory: 4k page, system-wide physical 7502M (192M free)
TotalPageFile size 11571M (AvailPageFile size 6M)
current process WorkingSet (physical memory assigned to process): 395M, peak: 397M
current process commit charge ("private bytes"): 433M, peak: 435M

vm_info: OpenJDK 64-Bit Server VM (17.0.6+0-b2043.56-10027231) for windows-amd64 JRE (17.0.6+0-b2043.56-10027231), built on Apr 28 2023 00:43:19 by "androidbuild" with MS VC++ 16.10 / 16.11 (VS2019)

END.
