#
# There is insufficient memory for the Java Runtime Environment to continue.
# Native memory allocation (mmap) failed to map 243269632 bytes for G1 virtual space
# Possible reasons:
#   The system is out of physical RAM or swap space
#   The process is running with CompressedOops enabled, and the Java Heap may be blocking the growth of the native heap
# Possible solutions:
#   Reduce memory load on the system
#   Increase physical memory or swap space
#   Check if swap backing store is full
#   Decrease Java heap size (-Xmx/-Xms)
#   Decrease number of Java threads
#   Decrease Java thread stack sizes (-Xss)
#   Set larger code cache with -XX:ReservedCodeCacheSize=
#   JVM is running with Unscaled Compressed Oops mode in which the Java heap is
#     placed in the first 4GB address space. The Java Heap base address is the
#     maximum limit for the native heap growth. Please use -XX:HeapBaseMinAddress
#     to set the Java Heap base and to place the Java Heap above 4GB virtual address.
# This output file may be truncated or incomplete.
#
#  Out of Memory Error (os_windows.cpp:3769), pid=16300, tid=10696
#
# JRE version: OpenJDK Runtime Environment (17.0.6) (build 17.0.6+0-b2043.56-10027231)
# Java VM: OpenJDK 64-Bit Server VM (17.0.6+0-b2043.56-10027231, mixed mode, tiered, compressed oops, compressed class ptrs, g1 gc, windows-amd64)
# No core dump will be written. Minidumps are not enabled by default on client versions of Windows
#

---------------  S U M M A R Y ------------

Command Line: --add-opens=java.base/java.util=ALL-UNNAMED --add-opens=java.base/java.lang=ALL-UNNAMED --add-opens=java.base/java.lang.invoke=ALL-UNNAMED --add-opens=java.prefs/java.util.prefs=ALL-UNNAMED --add-opens=java.base/java.nio.charset=ALL-UNNAMED --add-opens=java.base/java.net=ALL-UNNAMED --add-opens=java.base/java.util.concurrent.atomic=ALL-UNNAMED -Xmx2048m -Dfile.encoding=UTF-8 -Duser.country=US -Duser.language=en -Duser.variant org.gradle.launcher.daemon.bootstrap.GradleDaemon 8.0

Host: AMD Ryzen 3 5300U with Radeon Graphics         , 8 cores, 7G,  Windows 11 , 64 bit Build 22621 (10.0.22621.3235)
Time: Thu Mar 28 13:52:37 2024 W. Central Africa Standard Time elapsed time: 17.596473 seconds (0d 0h 0m 17s)

---------------  T H R E A D  ---------------

Current thread (0x00000272f90bfa40):  VMThread "VM Thread" [stack: 0x0000009980d00000,0x0000009980e00000] [id=10696]

Stack: [0x0000009980d00000,0x0000009980e00000]
Native frames: (J=compiled Java code, j=interpreted, Vv=VM code, C=native code)
V  [jvm.dll+0x683c9a]
V  [jvm.dll+0x8427a4]
V  [jvm.dll+0x843f9e]
V  [jvm.dll+0x844603]
V  [jvm.dll+0x249b75]
V  [jvm.dll+0x680b69]
V  [jvm.dll+0x67505a]
V  [jvm.dll+0x309acb]
V  [jvm.dll+0x310f86]
V  [jvm.dll+0x3608ee]
V  [jvm.dll+0x360b1f]
V  [jvm.dll+0x2dfbf8]
V  [jvm.dll+0x2ddec4]
V  [jvm.dll+0x2dd4cc]
V  [jvm.dll+0x321f3b]
V  [jvm.dll+0x848ccb]
V  [jvm.dll+0x849a04]
V  [jvm.dll+0x849f1d]
V  [jvm.dll+0x84a2f4]
V  [jvm.dll+0x84a3c0]
V  [jvm.dll+0x7f274a]
V  [jvm.dll+0x682ad5]
C  [ucrtbase.dll+0x29363]
C  [KERNEL32.DLL+0x1257d]
C  [ntdll.dll+0x5aa58]

VM_Operation (0x000000998a1fb270): G1CollectForAllocation, mode: safepoint, requested by thread 0x0000027294363830


---------------  P R O C E S S  ---------------

Threads class SMR info:
_java_thread_list=0x00000272926b0860, length=139, elements={
0x00000272ee26dc60, 0x00000272f90c0540, 0x00000272f90c13b0, 0x00000272f9c0ee00,
0x00000272f9c1d1e0, 0x00000272f9c1dd90, 0x00000272f9c20750, 0x00000272f9c21430,
0x00000272f9c224e0, 0x00000272f9c29db0, 0x00000272f9da6b40, 0x00000272f9da9420,
0x00000272f9fbac40, 0x00000272fcae8100, 0x00000272fd2246f0, 0x00000272fccadbf0,
0x00000272fac52280, 0x00000272fac51db0, 0x00000272fac530f0, 0x00000272fac50f40,
0x00000272fac500d0, 0x00000272fac505a0, 0x00000272fac52750, 0x00000272fac53a90,
0x00000272fac50a70, 0x00000272fac52c20, 0x00000272fac51410, 0x00000272fac518e0,
0x00000272fd7fc8c0, 0x00000272fd800280, 0x00000272fd801a90, 0x00000272fd802dd0,
0x00000272fd800750, 0x00000272fd7ff410, 0x00000272fd803770, 0x00000272fd7fd260,
0x00000272fd7ff8e0, 0x00000272fd7fdc00, 0x00000272fd7fbf20, 0x00000272fd7fc3f0,
0x00000272fd800c20, 0x00000272fd8010f0, 0x00000272fd7fcd90, 0x00000272fd802430,
0x00000272fd802900, 0x00000272fd8032a0, 0x00000272fd766210, 0x00000272fd765d40,
0x00000272fd766bb0, 0x00000272fd7666e0, 0x00000272fd767080, 0x00000272fd764ed0,
0x00000272fd7653a0, 0x00000272fd767550, 0x00000272fd767a20, 0x00000272fd764060,
0x00000272fd764a00, 0x00000272fd764530, 0x00000272fd765870, 0x00000272ffd9a230,
0x00000272ffd98550, 0x00000272ffd95060, 0x00000272ffd976e0, 0x00000272ffd98080,
0x00000272ffd98a20, 0x00000272ffd9bf10, 0x00000272ffd963a0, 0x00000272ffd97bb0,
0x00000272ffd97210, 0x00000272ffd9a700, 0x00000272ffd98ef0, 0x00000272ffd95ed0,
0x00000272ffd95a00, 0x00000272ffd993c0, 0x00000272ffd9c3e0, 0x00000272ffd9abd0,
0x00000272ffd9b0a0, 0x00000272ffd9b570, 0x00000272ffd96870, 0x00000272ffd99890,
0x00000272ffd9c8b0, 0x00000272ffd95530, 0x00000272ffd99d60, 0x00000272ffd9ba40,
0x00000272ffd96d40, 0x00000272fc70ea90, 0x00000272fc70b0d0, 0x00000272fc70e0f0,
0x00000272fc709d90, 0x00000272fc707240, 0x00000272fc7080b0, 0x00000272fc7093f0,
0x00000272fc70a260, 0x00000272fc708580, 0x00000272fc708a50, 0x00000272fc7098c0,
0x00000272fc70a730, 0x00000272fc70ac00, 0x00000272fc70cdb0, 0x00000272fc70bf40,
0x00000272fc70dc20, 0x00000272fc708f20, 0x00000272fc70c410, 0x00000272fc70b5a0,
0x00000272fc70ba70, 0x00000272fc70d280, 0x00000272fc70e5c0, 0x00000272fc707710,
0x00000272fc707be0, 0x00000272fc70c8e0, 0x00000272fc70d750, 0x000002728ff7a120,
0x000002728ff7aac0, 0x000002728ff78de0, 0x000002728ff77f70, 0x000002728ff792b0,
0x000002728ff7a5f0, 0x000002728ff77aa0, 0x000002728ff79780, 0x000002728ff77100,
0x000002728ff79c50, 0x000002728ff775d0, 0x000002728ff78440, 0x000002728ff78910,
0x0000027290224b00, 0x0000027290222480, 0x0000027290224630, 0x00000272fa911b50,
0x00000272fa9171f0, 0x00000272fa912020, 0x00000272fa9176c0, 0x00000272fa910340,
0x00000272fa914b70, 0x00000272fa911680, 0x00000272fa912e90, 0x00000272fa915040,
0x00000272fa9124f0, 0x00000272fa913830, 0x0000027294363830
}

Java Threads: ( => current thread )
  0x00000272ee26dc60 JavaThread "main" [_thread_blocked, id=14384, stack(0x0000009980700000,0x0000009980800000)]
  0x00000272f90c0540 JavaThread "Reference Handler" daemon [_thread_blocked, id=14700, stack(0x0000009980e00000,0x0000009980f00000)]
  0x00000272f90c13b0 JavaThread "Finalizer" daemon [_thread_blocked, id=3176, stack(0x0000009980f00000,0x0000009981000000)]
  0x00000272f9c0ee00 JavaThread "Signal Dispatcher" daemon [_thread_blocked, id=6372, stack(0x0000009981000000,0x0000009981100000)]
  0x00000272f9c1d1e0 JavaThread "Attach Listener" daemon [_thread_blocked, id=19212, stack(0x0000009981100000,0x0000009981200000)]
  0x00000272f9c1dd90 JavaThread "Service Thread" daemon [_thread_blocked, id=19632, stack(0x0000009981200000,0x0000009981300000)]
  0x00000272f9c20750 JavaThread "Monitor Deflation Thread" daemon [_thread_blocked, id=4840, stack(0x0000009981300000,0x0000009981400000)]
  0x00000272f9c21430 JavaThread "C2 CompilerThread0" daemon [_thread_blocked, id=18988, stack(0x0000009981400000,0x0000009981500000)]
  0x00000272f9c224e0 JavaThread "C1 CompilerThread0" daemon [_thread_blocked, id=13864, stack(0x0000009981500000,0x0000009981600000)]
  0x00000272f9c29db0 JavaThread "Sweeper thread" daemon [_thread_blocked, id=10820, stack(0x0000009981600000,0x0000009981700000)]
  0x00000272f9da6b40 JavaThread "Common-Cleaner" daemon [_thread_blocked, id=15124, stack(0x0000009981700000,0x0000009981800000)]
  0x00000272f9da9420 JavaThread "Notification Thread" daemon [_thread_blocked, id=15596, stack(0x0000009981800000,0x0000009981900000)]
  0x00000272f9fbac40 JavaThread "C2 CompilerThread1" daemon [_thread_blocked, id=14504, stack(0x0000009981a00000,0x0000009981b00000)]
  0x00000272fcae8100 JavaThread "Daemon health stats" [_thread_blocked, id=14392, stack(0x0000009982000000,0x0000009982100000)]
  0x00000272fd2246f0 JavaThread "Incoming local TCP Connector on port 52224" [_thread_in_native, id=14200, stack(0x0000009982100000,0x0000009982200000)]
  0x00000272fccadbf0 JavaThread "Daemon periodic checks" [_thread_blocked, id=3188, stack(0x0000009982200000,0x0000009982300000)]
  0x00000272fac52280 JavaThread "Daemon" [_thread_blocked, id=8500, stack(0x0000009982300000,0x0000009982400000)]
  0x00000272fac51db0 JavaThread "Handler for socket connection from /127.0.0.1:52224 to /127.0.0.1:52225" [_thread_in_native, id=2552, stack(0x0000009982400000,0x0000009982500000)]
  0x00000272fac530f0 JavaThread "Cancel handler" [_thread_blocked, id=20284, stack(0x0000009982500000,0x0000009982600000)]
  0x00000272fac50f40 JavaThread "Daemon worker" [_thread_blocked, id=1748, stack(0x0000009982600000,0x0000009982700000)]
  0x00000272fac500d0 JavaThread "Asynchronous log dispatcher for DefaultDaemonConnection: socket connection from /127.0.0.1:52224 to /127.0.0.1:52225" [_thread_blocked, id=1736, stack(0x0000009982700000,0x0000009982800000)]
  0x00000272fac505a0 JavaThread "Stdin handler" [_thread_blocked, id=16316, stack(0x0000009982800000,0x0000009982900000)]
  0x00000272fac52750 JavaThread "Daemon client event forwarder" [_thread_blocked, id=2932, stack(0x0000009982900000,0x0000009982a00000)]
  0x00000272fac53a90 JavaThread "Cache worker for journal cache (C:\Users\23480\.gradle\caches\journal-1)" [_thread_blocked, id=15900, stack(0x0000009982e00000,0x0000009982f00000)]
  0x00000272fac50a70 JavaThread "File lock request listener" [_thread_in_native, id=8608, stack(0x0000009982f00000,0x0000009983000000)]
  0x00000272fac52c20 JavaThread "Cache worker for file hash cache (C:\Users\23480\.gradle\caches\8.0\fileHashes)" [_thread_blocked, id=4456, stack(0x0000009983000000,0x0000009983100000)]
  0x00000272fac51410 JavaThread "File watcher server" daemon [_thread_blocked, id=10100, stack(0x0000009983100000,0x0000009983200000)]
  0x00000272fac518e0 JavaThread "File watcher consumer" daemon [_thread_blocked, id=15168, stack(0x0000009983200000,0x0000009983300000)]
  0x00000272fd7fc8c0 JavaThread "Cache worker for checksums cache (C:\Users\23480\Documents\androidproject\TaskApp\.gradle\8.0\checksums)" [_thread_blocked, id=12604, stack(0x0000009983300000,0x0000009983400000)]
  0x00000272fd800280 JavaThread "Cache worker for cache directory md-rule (C:\Users\23480\.gradle\caches\8.0\md-rule)" [_thread_blocked, id=4904, stack(0x0000009983400000,0x0000009983500000)]
  0x00000272fd801a90 JavaThread "Cache worker for file content cache (C:\Users\23480\.gradle\caches\8.0\fileContent)" [_thread_blocked, id=16172, stack(0x0000009983500000,0x0000009983600000)]
  0x00000272fd802dd0 JavaThread "Cache worker for file hash cache (C:\Users\23480\Documents\androidproject\TaskApp\.gradle\8.0\fileHashes)" [_thread_blocked, id=18128, stack(0x0000009983600000,0x0000009983700000)]
  0x00000272fd800750 JavaThread "Cache worker for cache directory md-supplier (C:\Users\23480\.gradle\caches\8.0\md-supplier)" [_thread_blocked, id=11464, stack(0x0000009983700000,0x0000009983800000)]
  0x00000272fd7ff410 JavaThread "Cache worker for execution history cache (C:\Users\23480\.gradle\caches\8.0\executionHistory)" [_thread_blocked, id=2024, stack(0x0000009981b00000,0x0000009981c00000)]
  0x00000272fd803770 JavaThread "jar transforms" [_thread_blocked, id=18964, stack(0x0000009983800000,0x0000009983900000)]
  0x00000272fd7fd260 JavaThread "jar transforms Thread 2" [_thread_blocked, id=6328, stack(0x0000009983a00000,0x0000009983b00000)]
  0x00000272fd7ff8e0 JavaThread "Cache worker for kotlin-dsl (C:\Users\23480\.gradle\caches\8.0\kotlin-dsl)" [_thread_blocked, id=12616, stack(0x0000009983b00000,0x0000009983c00000)]
  0x00000272fd7fdc00 JavaThread "jar transforms Thread 3" [_thread_blocked, id=17508, stack(0x0000009983c00000,0x0000009983d00000)]
  0x00000272fd7fbf20 JavaThread "jar transforms Thread 4" [_thread_blocked, id=16012, stack(0x0000009983d00000,0x0000009983e00000)]
  0x00000272fd7fc3f0 JavaThread "Cache worker for dependencies-accessors (C:\Users\23480\Documents\androidproject\TaskApp\.gradle\8.0\dependencies-accessors)" [_thread_blocked, id=12316, stack(0x0000009983e00000,0x0000009983f00000)]
  0x00000272fd800c20 JavaThread "Cache worker for Build Output Cleanup Cache (C:\Users\23480\Documents\androidproject\TaskApp\.gradle\buildOutputCleanup)" [_thread_blocked, id=132, stack(0x0000009983f00000,0x0000009984000000)]
  0x00000272fd8010f0 JavaThread "jar transforms Thread 5" [_thread_blocked, id=12940, stack(0x0000009984000000,0x0000009984100000)]
  0x00000272fd7fcd90 JavaThread "Unconstrained build operations" [_thread_blocked, id=15092, stack(0x0000009984100000,0x0000009984200000)]
  0x00000272fd802430 JavaThread "Unconstrained build operations Thread 2" [_thread_blocked, id=20016, stack(0x0000009984200000,0x0000009984300000)]
  0x00000272fd802900 JavaThread "Unconstrained build operations Thread 3" [_thread_blocked, id=18752, stack(0x0000009984300000,0x0000009984400000)]
  0x00000272fd8032a0 JavaThread "Unconstrained build operations Thread 4" [_thread_blocked, id=1132, stack(0x0000009984400000,0x0000009984500000)]
  0x00000272fd766210 JavaThread "Unconstrained build operations Thread 5" [_thread_blocked, id=3816, stack(0x0000009984500000,0x0000009984600000)]
  0x00000272fd765d40 JavaThread "Unconstrained build operations Thread 6" [_thread_blocked, id=13420, stack(0x0000009984600000,0x0000009984700000)]
  0x00000272fd766bb0 JavaThread "Unconstrained build operations Thread 7" [_thread_blocked, id=5184, stack(0x0000009984700000,0x0000009984800000)]
  0x00000272fd7666e0 JavaThread "Unconstrained build operations Thread 8" [_thread_blocked, id=9236, stack(0x0000009984800000,0x0000009984900000)]
  0x00000272fd767080 JavaThread "Unconstrained build operations Thread 9" [_thread_blocked, id=3684, stack(0x0000009984900000,0x0000009984a00000)]
  0x00000272fd764ed0 JavaThread "Unconstrained build operations Thread 10" [_thread_blocked, id=3952, stack(0x0000009984a00000,0x0000009984b00000)]
  0x00000272fd7653a0 JavaThread "Unconstrained build operations Thread 11" [_thread_blocked, id=13780, stack(0x0000009984b00000,0x0000009984c00000)]
  0x00000272fd767550 JavaThread "Unconstrained build operations Thread 12" [_thread_blocked, id=20060, stack(0x0000009984c00000,0x0000009984d00000)]
  0x00000272fd767a20 JavaThread "Unconstrained build operations Thread 13" [_thread_blocked, id=4876, stack(0x0000009984d00000,0x0000009984e00000)]
  0x00000272fd764060 JavaThread "Unconstrained build operations Thread 14" [_thread_blocked, id=3996, stack(0x0000009984e00000,0x0000009984f00000)]
  0x00000272fd764a00 JavaThread "Unconstrained build operations Thread 15" [_thread_blocked, id=19368, stack(0x0000009984f00000,0x0000009985000000)]
  0x00000272fd764530 JavaThread "Unconstrained build operations Thread 16" [_thread_blocked, id=2628, stack(0x0000009985000000,0x0000009985100000)]
  0x00000272fd765870 JavaThread "Unconstrained build operations Thread 17" [_thread_blocked, id=1940, stack(0x0000009985100000,0x0000009985200000)]
  0x00000272ffd9a230 JavaThread "Unconstrained build operations Thread 18" [_thread_blocked, id=11648, stack(0x0000009985200000,0x0000009985300000)]
  0x00000272ffd98550 JavaThread "Unconstrained build operations Thread 19" [_thread_blocked, id=19056, stack(0x0000009985300000,0x0000009985400000)]
  0x00000272ffd95060 JavaThread "Unconstrained build operations Thread 20" [_thread_blocked, id=15956, stack(0x0000009985400000,0x0000009985500000)]
  0x00000272ffd976e0 JavaThread "Unconstrained build operations Thread 21" [_thread_blocked, id=20232, stack(0x0000009985500000,0x0000009985600000)]
  0x00000272ffd98080 JavaThread "Unconstrained build operations Thread 22" [_thread_blocked, id=18928, stack(0x0000009985600000,0x0000009985700000)]
  0x00000272ffd98a20 JavaThread "Unconstrained build operations Thread 23" [_thread_blocked, id=3976, stack(0x0000009985700000,0x0000009985800000)]
  0x00000272ffd9bf10 JavaThread "Unconstrained build operations Thread 24" [_thread_blocked, id=16000, stack(0x0000009985800000,0x0000009985900000)]
  0x00000272ffd963a0 JavaThread "Unconstrained build operations Thread 25" [_thread_blocked, id=15948, stack(0x0000009985900000,0x0000009985a00000)]
  0x00000272ffd97bb0 JavaThread "Unconstrained build operations Thread 26" [_thread_blocked, id=18112, stack(0x0000009985a00000,0x0000009985b00000)]
  0x00000272ffd97210 JavaThread "Unconstrained build operations Thread 27" [_thread_blocked, id=2748, stack(0x0000009985b00000,0x0000009985c00000)]
  0x00000272ffd9a700 JavaThread "Unconstrained build operations Thread 28" [_thread_blocked, id=11808, stack(0x0000009985c00000,0x0000009985d00000)]
  0x00000272ffd98ef0 JavaThread "Unconstrained build operations Thread 29" [_thread_blocked, id=12644, stack(0x0000009985d00000,0x0000009985e00000)]
  0x00000272ffd95ed0 JavaThread "Unconstrained build operations Thread 30" [_thread_blocked, id=15700, stack(0x0000009985e00000,0x0000009985f00000)]
  0x00000272ffd95a00 JavaThread "Unconstrained build operations Thread 31" [_thread_blocked, id=9196, stack(0x0000009985f00000,0x0000009986000000)]
  0x00000272ffd993c0 JavaThread "Unconstrained build operations Thread 32" [_thread_blocked, id=2088, stack(0x0000009986000000,0x0000009986100000)]
  0x00000272ffd9c3e0 JavaThread "Unconstrained build operations Thread 33" [_thread_blocked, id=3096, stack(0x0000009986100000,0x0000009986200000)]
  0x00000272ffd9abd0 JavaThread "Unconstrained build operations Thread 34" [_thread_blocked, id=15284, stack(0x0000009986200000,0x0000009986300000)]
  0x00000272ffd9b0a0 JavaThread "Unconstrained build operations Thread 35" [_thread_blocked, id=18832, stack(0x0000009986300000,0x0000009986400000)]
  0x00000272ffd9b570 JavaThread "Unconstrained build operations Thread 36" [_thread_blocked, id=20272, stack(0x0000009986400000,0x0000009986500000)]
  0x00000272ffd96870 JavaThread "Unconstrained build operations Thread 37" [_thread_blocked, id=15804, stack(0x0000009986500000,0x0000009986600000)]
  0x00000272ffd99890 JavaThread "Unconstrained build operations Thread 38" [_thread_blocked, id=18060, stack(0x0000009986600000,0x0000009986700000)]
  0x00000272ffd9c8b0 JavaThread "Unconstrained build operations Thread 39" [_thread_blocked, id=19796, stack(0x0000009986700000,0x0000009986800000)]
  0x00000272ffd95530 JavaThread "Unconstrained build operations Thread 40" [_thread_blocked, id=3776, stack(0x0000009986800000,0x0000009986900000)]
  0x00000272ffd99d60 JavaThread "Unconstrained build operations Thread 41" [_thread_blocked, id=19844, stack(0x0000009986900000,0x0000009986a00000)]
  0x00000272ffd9ba40 JavaThread "Unconstrained build operations Thread 42" [_thread_blocked, id=7912, stack(0x0000009986a00000,0x0000009986b00000)]
  0x00000272ffd96d40 JavaThread "Unconstrained build operations Thread 43" [_thread_blocked, id=1840, stack(0x0000009986b00000,0x0000009986c00000)]
  0x00000272fc70ea90 JavaThread "Unconstrained build operations Thread 44" [_thread_blocked, id=18460, stack(0x0000009986c00000,0x0000009986d00000)]
  0x00000272fc70b0d0 JavaThread "Unconstrained build operations Thread 45" [_thread_blocked, id=11548, stack(0x0000009986d00000,0x0000009986e00000)]
  0x00000272fc70e0f0 JavaThread "Unconstrained build operations Thread 46" [_thread_blocked, id=18804, stack(0x0000009986e00000,0x0000009986f00000)]
  0x00000272fc709d90 JavaThread "Unconstrained build operations Thread 47" [_thread_blocked, id=12592, stack(0x0000009986f00000,0x0000009987000000)]
  0x00000272fc707240 JavaThread "Unconstrained build operations Thread 48" [_thread_blocked, id=5944, stack(0x0000009987000000,0x0000009987100000)]
  0x00000272fc7080b0 JavaThread "Unconstrained build operations Thread 49" [_thread_blocked, id=4716, stack(0x0000009987100000,0x0000009987200000)]
  0x00000272fc7093f0 JavaThread "Unconstrained build operations Thread 50" [_thread_blocked, id=8632, stack(0x0000009987200000,0x0000009987300000)]
  0x00000272fc70a260 JavaThread "Unconstrained build operations Thread 51" [_thread_blocked, id=5548, stack(0x0000009987300000,0x0000009987400000)]
  0x00000272fc708580 JavaThread "Unconstrained build operations Thread 52" [_thread_blocked, id=2740, stack(0x0000009987400000,0x0000009987500000)]
  0x00000272fc708a50 JavaThread "Unconstrained build operations Thread 53" [_thread_blocked, id=5824, stack(0x0000009987500000,0x0000009987600000)]
  0x00000272fc7098c0 JavaThread "Unconstrained build operations Thread 54" [_thread_blocked, id=2004, stack(0x0000009987600000,0x0000009987700000)]
  0x00000272fc70a730 JavaThread "Unconstrained build operations Thread 55" [_thread_blocked, id=16048, stack(0x0000009987700000,0x0000009987800000)]
  0x00000272fc70ac00 JavaThread "Unconstrained build operations Thread 56" [_thread_blocked, id=12620, stack(0x0000009987800000,0x0000009987900000)]
  0x00000272fc70cdb0 JavaThread "Unconstrained build operations Thread 57" [_thread_blocked, id=12192, stack(0x0000009987900000,0x0000009987a00000)]
  0x00000272fc70bf40 JavaThread "Unconstrained build operations Thread 58" [_thread_blocked, id=7432, stack(0x0000009987a00000,0x0000009987b00000)]
  0x00000272fc70dc20 JavaThread "Unconstrained build operations Thread 59" [_thread_blocked, id=13052, stack(0x0000009987b00000,0x0000009987c00000)]
  0x00000272fc708f20 JavaThread "Unconstrained build operations Thread 60" [_thread_blocked, id=7836, stack(0x0000009987c00000,0x0000009987d00000)]
  0x00000272fc70c410 JavaThread "Unconstrained build operations Thread 61" [_thread_blocked, id=13748, stack(0x0000009987d00000,0x0000009987e00000)]
  0x00000272fc70b5a0 JavaThread "Unconstrained build operations Thread 62" [_thread_blocked, id=16136, stack(0x0000009987e00000,0x0000009987f00000)]
  0x00000272fc70ba70 JavaThread "Unconstrained build operations Thread 63" [_thread_blocked, id=18736, stack(0x0000009987f00000,0x0000009988000000)]
  0x00000272fc70d280 JavaThread "Unconstrained build operations Thread 64" [_thread_blocked, id=16748, stack(0x0000009988000000,0x0000009988100000)]
  0x00000272fc70e5c0 JavaThread "Unconstrained build operations Thread 65" [_thread_blocked, id=18596, stack(0x0000009988100000,0x0000009988200000)]
  0x00000272fc707710 JavaThread "Unconstrained build operations Thread 66" [_thread_blocked, id=20468, stack(0x0000009988200000,0x0000009988300000)]
  0x00000272fc707be0 JavaThread "Unconstrained build operations Thread 67" [_thread_blocked, id=8160, stack(0x0000009988300000,0x0000009988400000)]
  0x00000272fc70c8e0 JavaThread "Unconstrained build operations Thread 68" [_thread_blocked, id=16668, stack(0x0000009988400000,0x0000009988500000)]
  0x00000272fc70d750 JavaThread "Unconstrained build operations Thread 69" [_thread_blocked, id=9152, stack(0x0000009988500000,0x0000009988600000)]
  0x000002728ff7a120 JavaThread "Unconstrained build operations Thread 70" [_thread_blocked, id=14120, stack(0x0000009988600000,0x0000009988700000)]
  0x000002728ff7aac0 JavaThread "Unconstrained build operations Thread 71" [_thread_blocked, id=9148, stack(0x0000009988700000,0x0000009988800000)]
  0x000002728ff78de0 JavaThread "Unconstrained build operations Thread 72" [_thread_blocked, id=20180, stack(0x0000009988800000,0x0000009988900000)]
  0x000002728ff77f70 JavaThread "Unconstrained build operations Thread 73" [_thread_blocked, id=7380, stack(0x0000009988900000,0x0000009988a00000)]
  0x000002728ff792b0 JavaThread "Unconstrained build operations Thread 74" [_thread_blocked, id=18960, stack(0x0000009988a00000,0x0000009988b00000)]
  0x000002728ff7a5f0 JavaThread "Unconstrained build operations Thread 75" [_thread_blocked, id=1932, stack(0x0000009988b00000,0x0000009988c00000)]
  0x000002728ff77aa0 JavaThread "Unconstrained build operations Thread 76" [_thread_blocked, id=7348, stack(0x0000009988c00000,0x0000009988d00000)]
  0x000002728ff79780 JavaThread "Unconstrained build operations Thread 77" [_thread_blocked, id=19052, stack(0x0000009988d00000,0x0000009988e00000)]
  0x000002728ff77100 JavaThread "Unconstrained build operations Thread 78" [_thread_blocked, id=17532, stack(0x0000009988e00000,0x0000009988f00000)]
  0x000002728ff79c50 JavaThread "Unconstrained build operations Thread 79" [_thread_blocked, id=19072, stack(0x0000009988f00000,0x0000009989000000)]
  0x000002728ff775d0 JavaThread "Unconstrained build operations Thread 80" [_thread_blocked, id=15020, stack(0x0000009989000000,0x0000009989100000)]
  0x000002728ff78440 JavaThread "jar transforms Thread 6" [_thread_blocked, id=7428, stack(0x0000009989100000,0x0000009989200000)]
  0x000002728ff78910 JavaThread "jar transforms Thread 7" [_thread_blocked, id=19936, stack(0x0000009989200000,0x0000009989300000)]
  0x0000027290224b00 JavaThread "jar transforms Thread 8" [_thread_blocked, id=11152, stack(0x0000009989300000,0x0000009989400000)]
  0x0000027290222480 JavaThread "build event listener" [_thread_blocked, id=15444, stack(0x0000009989400000,0x0000009989500000)]
  0x0000027290224630 JavaThread "Memory manager" [_thread_blocked, id=11252, stack(0x0000009989500000,0x0000009989600000)]
  0x00000272fa911b50 JavaThread "pool-3-thread-1" [_thread_blocked, id=4976, stack(0x0000009989600000,0x0000009989700000)]
  0x00000272fa9171f0 JavaThread "build event listener" [_thread_blocked, id=17240, stack(0x0000009989700000,0x0000009989800000)]
  0x00000272fa912020 JavaThread "included builds" [_thread_blocked, id=1976, stack(0x0000009989800000,0x0000009989900000)]
  0x00000272fa9176c0 JavaThread "Execution worker" [_thread_blocked, id=1716, stack(0x0000009989900000,0x0000009989a00000)]
  0x00000272fa910340 JavaThread "Execution worker Thread 2" [_thread_blocked, id=4300, stack(0x0000009989a00000,0x0000009989b00000)]
  0x00000272fa914b70 JavaThread "Execution worker Thread 3" [_thread_blocked, id=6860, stack(0x0000009989b00000,0x0000009989c00000)]
  0x00000272fa911680 JavaThread "Execution worker Thread 4" [_thread_blocked, id=8480, stack(0x0000009989c00000,0x0000009989d00000)]
  0x00000272fa912e90 JavaThread "Execution worker Thread 5" [_thread_blocked, id=12184, stack(0x0000009989d00000,0x0000009989e00000)]
  0x00000272fa915040 JavaThread "Execution worker Thread 6" [_thread_blocked, id=19812, stack(0x0000009989e00000,0x0000009989f00000)]
  0x00000272fa9124f0 JavaThread "Execution worker Thread 7" [_thread_blocked, id=11728, stack(0x0000009989f00000,0x000000998a000000)]
  0x00000272fa913830 JavaThread "Cache worker for execution history cache (C:\Users\23480\Documents\androidproject\TaskApp\.gradle\8.0\executionHistory)" [_thread_blocked, id=16028, stack(0x000000998a000000,0x000000998a100000)]
  0x0000027294363830 JavaThread "WorkerExecutor Queue" [_thread_blocked, id=15276, stack(0x000000998a100000,0x000000998a200000)]

Other Threads:
=>0x00000272f90bfa40 VMThread "VM Thread" [stack: 0x0000009980d00000,0x0000009980e00000] [id=10696]
  0x00000272f9dae120 WatcherThread [stack: 0x0000009981900000,0x0000009981a00000] [id=3136]
  0x00000272ee2c8df0 GCTaskThread "GC Thread#0" [stack: 0x0000009980800000,0x0000009980900000] [id=15080]
  0x00000272fa975d50 GCTaskThread "GC Thread#1" [stack: 0x0000009981c00000,0x0000009981d00000] [id=7636]
  0x00000272f9fe05d0 GCTaskThread "GC Thread#2" [stack: 0x0000009981d00000,0x0000009981e00000] [id=17516]
  0x00000272faecf800 GCTaskThread "GC Thread#3" [stack: 0x0000009981e00000,0x0000009981f00000] [id=6044]
  0x00000272fb464530 GCTaskThread "GC Thread#4" [stack: 0x0000009981f00000,0x0000009982000000] [id=13804]
  0x00000272fcc31690 GCTaskThread "GC Thread#5" [stack: 0x0000009982a00000,0x0000009982b00000] [id=14584]
  0x00000272fc4678e0 GCTaskThread "GC Thread#6" [stack: 0x0000009982b00000,0x0000009982c00000] [id=14388]
  0x00000272fb789340 GCTaskThread "GC Thread#7" [stack: 0x0000009982c00000,0x0000009982d00000] [id=2560]
  0x00000272ee2d9d30 ConcurrentGCThread "G1 Main Marker" [stack: 0x0000009980900000,0x0000009980a00000] [id=15088]
  0x00000272ee2da740 ConcurrentGCThread "G1 Conc#0" [stack: 0x0000009980a00000,0x0000009980b00000] [id=16744]
  0x00000272fc163980 ConcurrentGCThread "G1 Conc#1" [stack: 0x0000009982d00000,0x0000009982e00000] [id=19240]
  0x00000272f8f180e0 ConcurrentGCThread "G1 Refine#0" [stack: 0x0000009980b00000,0x0000009980c00000] [id=12848]
  0x0000027292a903c0 ConcurrentGCThread "G1 Refine#1" [stack: 0x0000009983900000,0x0000009983a00000] [id=3680]
  0x00000272fdb95200 ConcurrentGCThread "G1 Refine#2" [stack: 0x000000998a200000,0x000000998a300000] [id=16608]
  0x000002729044c260 ConcurrentGCThread "G1 Refine#3" [stack: 0x000000998a300000,0x000000998a400000] [id=19164]
  0x00000272f8f18b00 ConcurrentGCThread "G1 Service" [stack: 0x0000009980c00000,0x0000009980d00000] [id=16064]

Threads with active compile tasks:
C2 CompilerThread0    17629 13890       4       org.apache.xerces.parsers.AbstractDOMParser::startElement (883 bytes)
C2 CompilerThread1    17629 13991       4       org.apache.xerces.dom.ParentNode::nodeListGetLength (141 bytes)

VM state: at safepoint (normal execution)

VM Mutex/Monitor currently owned by a thread:  ([mutex/lock_event])
[0x00000272ee269d30] Threads_lock - owner thread: 0x00000272f90bfa40
[0x00000272ee2695e0] Heap_lock - owner thread: 0x0000027294363830

Heap address: 0x0000000080000000, size: 2048 MB, Compressed Oops mode: 32-bit

CDS archive(s) not mapped
Compressed class space mapped at: 0x0000000100000000-0x0000000140000000, reserved size: 1073741824
Narrow klass base: 0x0000000000000000, Narrow klass shift: 3, Narrow klass range: 0x140000000

GC Precious Log:
 CPUs: 8 total, 8 available
 Memory: 7502M
 Large Page Support: Disabled
 NUMA Support: Disabled
 Compressed Oops: Enabled (32-bit)
 Heap Region Size: 1M
 Heap Min Capacity: 8M
 Heap Initial Capacity: 118M
 Heap Max Capacity: 2G
 Pre-touch: Disabled
 Parallel Workers: 8
 Concurrent Workers: 2
 Concurrent Refinement Workers: 8
 Periodic GC: Disabled

Heap:
 garbage-first heap   total 237568K, used 189440K [0x0000000080000000, 0x0000000100000000)
  region size 1024K, 3 young (3072K), 3 survivors (3072K)
 Metaspace       used 116120K, committed 116928K, reserved 1155072K
  class space    used 15262K, committed 15680K, reserved 1048576K

Heap Regions: E=young(eden), S=young(survivor), O=old, HS=humongous(starts), HC=humongous(continues), CS=collection set, F=free, OA=open archive, CA=closed archive, TAMS=top-at-mark-start (previous, next)
|   0|0x0000000080000000, 0x0000000080100000, 0x0000000080100000|100%|HS|  |TAMS 0x0000000080100000, 0x0000000080000000| Complete 
|   1|0x0000000080100000, 0x0000000080200000, 0x0000000080200000|100%|HC|  |TAMS 0x0000000080200000, 0x0000000080100000| Complete 
|   2|0x0000000080200000, 0x0000000080300000, 0x0000000080300000|100%|HC|  |TAMS 0x0000000080300000, 0x0000000080200000| Complete 
|   3|0x0000000080300000, 0x0000000080400000, 0x0000000080400000|100%|HC|  |TAMS 0x0000000080400000, 0x0000000080300000| Complete 
|   4|0x0000000080400000, 0x0000000080500000, 0x0000000080500000|100%| O|  |TAMS 0x0000000080500000, 0x0000000080400000| Untracked 
|   5|0x0000000080500000, 0x0000000080600000, 0x0000000080600000|100%| O|  |TAMS 0x0000000080600000, 0x0000000080500000| Untracked 
|   6|0x0000000080600000, 0x0000000080700000, 0x0000000080700000|100%| O|  |TAMS 0x0000000080700000, 0x0000000080600000| Untracked 
|   7|0x0000000080700000, 0x0000000080800000, 0x0000000080800000|100%| O|  |TAMS 0x0000000080800000, 0x0000000080700000| Untracked 
|   8|0x0000000080800000, 0x0000000080900000, 0x0000000080900000|100%| O|  |TAMS 0x0000000080900000, 0x0000000080800000| Untracked 
|   9|0x0000000080900000, 0x0000000080a00000, 0x0000000080a00000|100%| O|  |TAMS 0x0000000080a00000, 0x0000000080900000| Untracked 
|  10|0x0000000080a00000, 0x0000000080b00000, 0x0000000080b00000|100%| O|  |TAMS 0x0000000080b00000, 0x0000000080a00000| Untracked 
|  11|0x0000000080b00000, 0x0000000080c00000, 0x0000000080c00000|100%| O|  |TAMS 0x0000000080c00000, 0x0000000080b00000| Untracked 
|  12|0x0000000080c00000, 0x0000000080d00000, 0x0000000080d00000|100%| O|  |TAMS 0x0000000080d00000, 0x0000000080c00000| Untracked 
|  13|0x0000000080d00000, 0x0000000080e00000, 0x0000000080e00000|100%| O|  |TAMS 0x0000000080e00000, 0x0000000080d00000| Untracked 
|  14|0x0000000080e00000, 0x0000000080f00000, 0x0000000080f00000|100%| O|  |TAMS 0x0000000080f00000, 0x0000000080e00000| Untracked 
|  15|0x0000000080f00000, 0x0000000081000000, 0x0000000081000000|100%| O|  |TAMS 0x0000000081000000, 0x0000000080f00000| Untracked 
|  16|0x0000000081000000, 0x0000000081100000, 0x0000000081100000|100%| O|  |TAMS 0x0000000081100000, 0x0000000081000000| Untracked 
|  17|0x0000000081100000, 0x0000000081200000, 0x0000000081200000|100%| O|  |TAMS 0x0000000081200000, 0x0000000081100000| Untracked 
|  18|0x0000000081200000, 0x0000000081300000, 0x0000000081300000|100%| O|  |TAMS 0x0000000081300000, 0x0000000081200000| Untracked 
|  19|0x0000000081300000, 0x0000000081400000, 0x0000000081400000|100%| O|  |TAMS 0x0000000081400000, 0x0000000081300000| Untracked 
|  20|0x0000000081400000, 0x0000000081500000, 0x0000000081500000|100%| O|  |TAMS 0x0000000081500000, 0x0000000081400000| Untracked 
|  21|0x0000000081500000, 0x0000000081600000, 0x0000000081600000|100%| O|  |TAMS 0x0000000081600000, 0x0000000081500000| Untracked 
|  22|0x0000000081600000, 0x0000000081700000, 0x0000000081700000|100%| O|  |TAMS 0x0000000081700000, 0x0000000081600000| Untracked 
|  23|0x0000000081700000, 0x0000000081800000, 0x0000000081800000|100%| O|  |TAMS 0x0000000081800000, 0x0000000081700000| Untracked 
|  24|0x0000000081800000, 0x0000000081900000, 0x0000000081900000|100%| O|  |TAMS 0x0000000081900000, 0x0000000081800000| Untracked 
|  25|0x0000000081900000, 0x0000000081a00000, 0x0000000081a00000|100%| O|  |TAMS 0x0000000081a00000, 0x0000000081900000| Untracked 
|  26|0x0000000081a00000, 0x0000000081b00000, 0x0000000081b00000|100%| O|  |TAMS 0x0000000081b00000, 0x0000000081a00000| Untracked 
|  27|0x0000000081b00000, 0x0000000081c00000, 0x0000000081c00000|100%| O|  |TAMS 0x0000000081c00000, 0x0000000081b00000| Untracked 
|  28|0x0000000081c00000, 0x0000000081d00000, 0x0000000081d00000|100%| O|  |TAMS 0x0000000081d00000, 0x0000000081c00000| Untracked 
|  29|0x0000000081d00000, 0x0000000081e00000, 0x0000000081e00000|100%| O|  |TAMS 0x0000000081e00000, 0x0000000081d00000| Untracked 
|  30|0x0000000081e00000, 0x0000000081f00000, 0x0000000081f00000|100%| O|  |TAMS 0x0000000081f00000, 0x0000000081e00000| Untracked 
|  31|0x0000000081f00000, 0x0000000082000000, 0x0000000082000000|100%| O|  |TAMS 0x0000000082000000, 0x0000000081f00000| Untracked 
|  32|0x0000000082000000, 0x0000000082100000, 0x0000000082100000|100%| O|  |TAMS 0x0000000082100000, 0x0000000082000000| Untracked 
|  33|0x0000000082100000, 0x0000000082200000, 0x0000000082200000|100%|HS|  |TAMS 0x0000000082200000, 0x0000000082100000| Complete 
|  34|0x0000000082200000, 0x0000000082300000, 0x0000000082300000|100%|HS|  |TAMS 0x0000000082300000, 0x0000000082200000| Complete 
|  35|0x0000000082300000, 0x0000000082400000, 0x0000000082400000|100%|HS|  |TAMS 0x0000000082400000, 0x0000000082300000| Complete 
|  36|0x0000000082400000, 0x0000000082500000, 0x0000000082500000|100%|HC|  |TAMS 0x0000000082500000, 0x0000000082400000| Complete 
|  37|0x0000000082500000, 0x0000000082600000, 0x0000000082600000|100%|HS|  |TAMS 0x0000000082600000, 0x0000000082500000| Complete 
|  38|0x0000000082600000, 0x0000000082700000, 0x0000000082700000|100%| O|  |TAMS 0x0000000082700000, 0x0000000082600000| Untracked 
|  39|0x0000000082700000, 0x0000000082800000, 0x0000000082800000|100%| O|  |TAMS 0x0000000082800000, 0x0000000082700000| Untracked 
|  40|0x0000000082800000, 0x0000000082900000, 0x0000000082900000|100%| O|  |TAMS 0x0000000082900000, 0x0000000082800000| Untracked 
|  41|0x0000000082900000, 0x0000000082a00000, 0x0000000082a00000|100%| O|  |TAMS 0x0000000082a00000, 0x0000000082900000| Untracked 
|  42|0x0000000082a00000, 0x0000000082b00000, 0x0000000082b00000|100%| O|  |TAMS 0x0000000082b00000, 0x0000000082a00000| Untracked 
|  43|0x0000000082b00000, 0x0000000082c00000, 0x0000000082c00000|100%| O|  |TAMS 0x0000000082c00000, 0x0000000082b00000| Untracked 
|  44|0x0000000082c00000, 0x0000000082d00000, 0x0000000082d00000|100%| O|  |TAMS 0x0000000082d00000, 0x0000000082c00000| Untracked 
|  45|0x0000000082d00000, 0x0000000082e00000, 0x0000000082e00000|100%|HS|  |TAMS 0x0000000082e00000, 0x0000000082d00000| Complete 
|  46|0x0000000082e00000, 0x0000000082f00000, 0x0000000082f00000|100%|HC|  |TAMS 0x0000000082f00000, 0x0000000082e00000| Complete 
|  47|0x0000000082f00000, 0x0000000083000000, 0x0000000083000000|100%|HC|  |TAMS 0x0000000083000000, 0x0000000082f00000| Complete 
|  48|0x0000000083000000, 0x0000000083100000, 0x0000000083100000|100%|HC|  |TAMS 0x0000000083100000, 0x0000000083000000| Complete 
|  49|0x0000000083100000, 0x0000000083200000, 0x0000000083200000|100%| O|  |TAMS 0x0000000083200000, 0x0000000083100000| Untracked 
|  50|0x0000000083200000, 0x0000000083300000, 0x0000000083300000|100%| O|  |TAMS 0x0000000083300000, 0x0000000083200000| Untracked 
|  51|0x0000000083300000, 0x0000000083400000, 0x0000000083400000|100%| O|  |TAMS 0x0000000083400000, 0x0000000083300000| Untracked 
|  52|0x0000000083400000, 0x0000000083500000, 0x0000000083500000|100%| O|  |TAMS 0x0000000083500000, 0x0000000083400000| Untracked 
|  53|0x0000000083500000, 0x0000000083600000, 0x0000000083600000|100%| O|  |TAMS 0x0000000083600000, 0x0000000083500000| Untracked 
|  54|0x0000000083600000, 0x0000000083700000, 0x0000000083700000|100%| O|  |TAMS 0x0000000083700000, 0x0000000083600000| Untracked 
|  55|0x0000000083700000, 0x0000000083800000, 0x0000000083800000|100%| O|  |TAMS 0x0000000083800000, 0x0000000083700000| Untracked 
|  56|0x0000000083800000, 0x0000000083900000, 0x0000000083900000|100%| O|  |TAMS 0x0000000083900000, 0x0000000083800000| Untracked 
|  57|0x0000000083900000, 0x0000000083a00000, 0x0000000083a00000|100%| O|  |TAMS 0x0000000083a00000, 0x0000000083900000| Untracked 
|  58|0x0000000083a00000, 0x0000000083b00000, 0x0000000083b00000|100%| O|  |TAMS 0x0000000083b00000, 0x0000000083a00000| Untracked 
|  59|0x0000000083b00000, 0x0000000083c00000, 0x0000000083c00000|100%| O|  |TAMS 0x0000000083c00000, 0x0000000083b00000| Untracked 
|  60|0x0000000083c00000, 0x0000000083d00000, 0x0000000083d00000|100%| O|  |TAMS 0x0000000083d00000, 0x0000000083c00000| Untracked 
|  61|0x0000000083d00000, 0x0000000083e00000, 0x0000000083e00000|100%| O|  |TAMS 0x0000000083e00000, 0x0000000083d00000| Untracked 
|  62|0x0000000083e00000, 0x0000000083f00000, 0x0000000083f00000|100%| O|  |TAMS 0x0000000083f00000, 0x0000000083e00000| Untracked 
|  63|0x0000000083f00000, 0x0000000084000000, 0x0000000084000000|100%| O|  |TAMS 0x0000000084000000, 0x0000000083f00000| Untracked 
|  64|0x0000000084000000, 0x0000000084100000, 0x0000000084100000|100%| O|  |TAMS 0x0000000084100000, 0x0000000084000000| Untracked 
|  65|0x0000000084100000, 0x0000000084200000, 0x0000000084200000|100%| O|  |TAMS 0x0000000084200000, 0x0000000084100000| Untracked 
|  66|0x0000000084200000, 0x0000000084300000, 0x0000000084300000|100%|HS|  |TAMS 0x0000000084300000, 0x0000000084200000| Complete 
|  67|0x0000000084300000, 0x0000000084400000, 0x0000000084400000|100%| O|  |TAMS 0x0000000084400000, 0x0000000084300000| Untracked 
|  68|0x0000000084400000, 0x0000000084500000, 0x0000000084500000|100%| O|  |TAMS 0x0000000084500000, 0x0000000084400000| Untracked 
|  69|0x0000000084500000, 0x0000000084600000, 0x0000000084600000|100%| O|  |TAMS 0x0000000084600000, 0x0000000084500000| Untracked 
|  70|0x0000000084600000, 0x0000000084700000, 0x0000000084700000|100%| O|  |TAMS 0x0000000084700000, 0x0000000084600000| Untracked 
|  71|0x0000000084700000, 0x0000000084800000, 0x0000000084800000|100%| O|  |TAMS 0x0000000084800000, 0x0000000084700000| Untracked 
|  72|0x0000000084800000, 0x0000000084900000, 0x0000000084900000|100%| O|  |TAMS 0x0000000084900000, 0x0000000084800000| Untracked 
|  73|0x0000000084900000, 0x0000000084a00000, 0x0000000084a00000|100%| O|  |TAMS 0x0000000084a00000, 0x0000000084900000| Untracked 
|  74|0x0000000084a00000, 0x0000000084b00000, 0x0000000084b00000|100%| O|  |TAMS 0x0000000084b00000, 0x0000000084a00000| Untracked 
|  75|0x0000000084b00000, 0x0000000084c00000, 0x0000000084c00000|100%| O|  |TAMS 0x0000000084c00000, 0x0000000084b00000| Untracked 
|  76|0x0000000084c00000, 0x0000000084d00000, 0x0000000084d00000|100%| O|  |TAMS 0x0000000084d00000, 0x0000000084c00000| Untracked 
|  77|0x0000000084d00000, 0x0000000084e00000, 0x0000000084e00000|100%| O|  |TAMS 0x0000000084e00000, 0x0000000084d00000| Untracked 
|  78|0x0000000084e00000, 0x0000000084f00000, 0x0000000084f00000|100%| O|  |TAMS 0x0000000084f00000, 0x0000000084e00000| Untracked 
|  79|0x0000000084f00000, 0x0000000085000000, 0x0000000085000000|100%| O|  |TAMS 0x0000000085000000, 0x0000000084f00000| Untracked 
|  80|0x0000000085000000, 0x0000000085100000, 0x0000000085100000|100%| O|  |TAMS 0x0000000085100000, 0x0000000085000000| Untracked 
|  81|0x0000000085100000, 0x0000000085200000, 0x0000000085200000|100%| O|  |TAMS 0x0000000085200000, 0x0000000085100000| Untracked 
|  82|0x0000000085200000, 0x0000000085300000, 0x0000000085300000|100%| O|  |TAMS 0x0000000085300000, 0x0000000085200000| Untracked 
|  83|0x0000000085300000, 0x0000000085400000, 0x0000000085400000|100%| O|  |TAMS 0x0000000085400000, 0x0000000085300000| Untracked 
|  84|0x0000000085400000, 0x0000000085500000, 0x0000000085500000|100%| O|  |TAMS 0x0000000085500000, 0x0000000085400000| Untracked 
|  85|0x0000000085500000, 0x0000000085600000, 0x0000000085600000|100%| O|  |TAMS 0x0000000085600000, 0x0000000085500000| Untracked 
|  86|0x0000000085600000, 0x0000000085700000, 0x0000000085700000|100%| O|  |TAMS 0x0000000085700000, 0x0000000085600000| Untracked 
|  87|0x0000000085700000, 0x0000000085800000, 0x0000000085800000|100%| O|  |TAMS 0x0000000085800000, 0x0000000085700000| Untracked 
|  88|0x0000000085800000, 0x0000000085900000, 0x0000000085900000|100%| O|  |TAMS 0x0000000085900000, 0x0000000085800000| Untracked 
|  89|0x0000000085900000, 0x0000000085a00000, 0x0000000085a00000|100%| O|  |TAMS 0x0000000085a00000, 0x0000000085900000| Untracked 
|  90|0x0000000085a00000, 0x0000000085b00000, 0x0000000085b00000|100%| O|  |TAMS 0x0000000085b00000, 0x0000000085a00000| Untracked 
|  91|0x0000000085b00000, 0x0000000085c00000, 0x0000000085c00000|100%| O|  |TAMS 0x0000000085c00000, 0x0000000085b00000| Untracked 
|  92|0x0000000085c00000, 0x0000000085d00000, 0x0000000085d00000|100%| O|  |TAMS 0x0000000085d00000, 0x0000000085c00000| Untracked 
|  93|0x0000000085d00000, 0x0000000085e00000, 0x0000000085e00000|100%| O|  |TAMS 0x0000000085e00000, 0x0000000085d00000| Untracked 
|  94|0x0000000085e00000, 0x0000000085f00000, 0x0000000085f00000|100%| O|  |TAMS 0x0000000085f00000, 0x0000000085e00000| Untracked 
|  95|0x0000000085f00000, 0x0000000086000000, 0x0000000086000000|100%| O|  |TAMS 0x0000000086000000, 0x0000000085f00000| Untracked 
|  96|0x0000000086000000, 0x0000000086100000, 0x0000000086100000|100%| O|  |TAMS 0x0000000086100000, 0x0000000086000000| Untracked 
|  97|0x0000000086100000, 0x0000000086200000, 0x0000000086200000|100%| O|  |TAMS 0x0000000086200000, 0x0000000086100000| Untracked 
|  98|0x0000000086200000, 0x0000000086300000, 0x0000000086300000|100%| O|  |TAMS 0x0000000086300000, 0x0000000086200000| Untracked 
|  99|0x0000000086300000, 0x0000000086400000, 0x0000000086400000|100%| O|  |TAMS 0x0000000086400000, 0x0000000086300000| Untracked 
| 100|0x0000000086400000, 0x0000000086500000, 0x0000000086500000|100%| O|  |TAMS 0x0000000086400000, 0x0000000086400000| Untracked 
| 101|0x0000000086500000, 0x0000000086600000, 0x0000000086600000|100%| O|  |TAMS 0x0000000086600000, 0x0000000086500000| Untracked 
| 102|0x0000000086600000, 0x0000000086700000, 0x0000000086700000|100%| O|  |TAMS 0x0000000086700000, 0x0000000086600000| Untracked 
| 103|0x0000000086700000, 0x0000000086800000, 0x0000000086800000|100%| O|  |TAMS 0x0000000086800000, 0x0000000086700000| Untracked 
| 104|0x0000000086800000, 0x0000000086900000, 0x0000000086900000|100%| O|  |TAMS 0x0000000086800000, 0x0000000086800000| Untracked 
| 105|0x0000000086900000, 0x0000000086a00000, 0x0000000086a00000|100%| O|  |TAMS 0x0000000086a00000, 0x0000000086900000| Untracked 
| 106|0x0000000086a00000, 0x0000000086b00000, 0x0000000086b00000|100%| O|  |TAMS 0x0000000086a00000, 0x0000000086a00000| Untracked 
| 107|0x0000000086b00000, 0x0000000086c00000, 0x0000000086c00000|100%| O|  |TAMS 0x0000000086c00000, 0x0000000086b00000| Untracked 
| 108|0x0000000086c00000, 0x0000000086d00000, 0x0000000086d00000|100%| O|  |TAMS 0x0000000086d00000, 0x0000000086c00000| Untracked 
| 109|0x0000000086d00000, 0x0000000086e00000, 0x0000000086e00000|100%| O|  |TAMS 0x0000000086d00000, 0x0000000086d00000| Untracked 
| 110|0x0000000086e00000, 0x0000000086f00000, 0x0000000086f00000|100%| O|  |TAMS 0x0000000086e00000, 0x0000000086e00000| Untracked 
| 111|0x0000000086f00000, 0x0000000087000000, 0x0000000087000000|100%|HS|  |TAMS 0x0000000087000000, 0x0000000086f00000| Complete 
| 112|0x0000000087000000, 0x0000000087100000, 0x0000000087100000|100%|HC|  |TAMS 0x0000000087100000, 0x0000000087000000| Complete 
| 113|0x0000000087100000, 0x0000000087200000, 0x0000000087200000|100%|HC|  |TAMS 0x0000000087200000, 0x0000000087100000| Complete 
| 114|0x0000000087200000, 0x0000000087300000, 0x0000000087300000|100%|HC|  |TAMS 0x0000000087300000, 0x0000000087200000| Complete 
| 115|0x0000000087300000, 0x0000000087400000, 0x0000000087400000|100%| O|  |TAMS 0x0000000087400000, 0x0000000087300000| Untracked 
| 116|0x0000000087400000, 0x0000000087500000, 0x0000000087500000|100%| O|  |TAMS 0x0000000087500000, 0x0000000087400000| Untracked 
| 117|0x0000000087500000, 0x0000000087600000, 0x0000000087600000|100%| O|  |TAMS 0x0000000087600000, 0x0000000087500000| Untracked 
| 118|0x0000000087600000, 0x0000000087700000, 0x0000000087700000|100%| O|  |TAMS 0x000000008767c800, 0x0000000087600000| Untracked 
| 119|0x0000000087700000, 0x0000000087800000, 0x0000000087800000|100%|HS|  |TAMS 0x0000000087800000, 0x0000000087700000| Complete 
| 120|0x0000000087800000, 0x0000000087900000, 0x0000000087900000|100%|HC|  |TAMS 0x0000000087900000, 0x0000000087800000| Complete 
| 121|0x0000000087900000, 0x0000000087a00000, 0x0000000087a00000|100%| O|  |TAMS 0x0000000087900000, 0x0000000087900000| Untracked 
| 122|0x0000000087a00000, 0x0000000087b00000, 0x0000000087b00000|100%| O|  |TAMS 0x0000000087a00000, 0x0000000087a00000| Untracked 
| 123|0x0000000087b00000, 0x0000000087c00000, 0x0000000087c00000|100%| O|  |TAMS 0x0000000087b00000, 0x0000000087b00000| Untracked 
| 124|0x0000000087c00000, 0x0000000087d00000, 0x0000000087d00000|100%| O|  |TAMS 0x0000000087c00000, 0x0000000087c00000| Untracked 
| 125|0x0000000087d00000, 0x0000000087e00000, 0x0000000087e00000|100%| O|  |TAMS 0x0000000087d00000, 0x0000000087d00000| Untracked 
| 126|0x0000000087e00000, 0x0000000087f00000, 0x0000000087f00000|100%| O|  |TAMS 0x0000000087e00000, 0x0000000087e00000| Untracked 
| 127|0x0000000087f00000, 0x0000000088000000, 0x0000000088000000|100%| O|  |TAMS 0x0000000087f00000, 0x0000000087f00000| Untracked 
| 128|0x0000000088000000, 0x0000000088100000, 0x0000000088100000|100%| O|  |TAMS 0x0000000088000000, 0x0000000088000000| Untracked 
| 129|0x0000000088100000, 0x0000000088200000, 0x0000000088200000|100%| O|  |TAMS 0x0000000088100000, 0x0000000088100000| Untracked 
| 130|0x0000000088200000, 0x0000000088300000, 0x0000000088300000|100%| O|  |TAMS 0x0000000088200000, 0x0000000088200000| Untracked 
| 131|0x0000000088300000, 0x0000000088400000, 0x0000000088400000|100%| O|  |TAMS 0x0000000088300000, 0x0000000088300000| Untracked 
| 132|0x0000000088400000, 0x0000000088500000, 0x0000000088500000|100%| O|  |TAMS 0x0000000088400000, 0x0000000088400000| Untracked 
| 133|0x0000000088500000, 0x0000000088600000, 0x0000000088600000|100%| O|  |TAMS 0x0000000088500000, 0x0000000088500000| Untracked 
| 134|0x0000000088600000, 0x0000000088700000, 0x0000000088700000|100%| O|  |TAMS 0x0000000088600000, 0x0000000088600000| Untracked 
| 135|0x0000000088700000, 0x0000000088800000, 0x0000000088800000|100%| O|  |TAMS 0x0000000088700000, 0x0000000088700000| Untracked 
| 136|0x0000000088800000, 0x0000000088900000, 0x0000000088900000|100%| O|  |TAMS 0x0000000088800000, 0x0000000088800000| Untracked 
| 137|0x0000000088900000, 0x0000000088a00000, 0x0000000088a00000|100%| O|  |TAMS 0x0000000088900000, 0x0000000088900000| Untracked 
| 138|0x0000000088a00000, 0x0000000088b00000, 0x0000000088b00000|100%| O|  |TAMS 0x0000000088a00000, 0x0000000088a00000| Untracked 
| 139|0x0000000088b00000, 0x0000000088c00000, 0x0000000088c00000|100%| O|  |TAMS 0x0000000088b00000, 0x0000000088b00000| Untracked 
| 140|0x0000000088c00000, 0x0000000088d00000, 0x0000000088d00000|100%| O|  |TAMS 0x0000000088c00000, 0x0000000088c00000| Untracked 
| 141|0x0000000088d00000, 0x0000000088e00000, 0x0000000088e00000|100%| O|  |TAMS 0x0000000088d00000, 0x0000000088d00000| Untracked 
| 142|0x0000000088e00000, 0x0000000088f00000, 0x0000000088f00000|100%| O|  |TAMS 0x0000000088e00000, 0x0000000088e00000| Untracked 
| 143|0x0000000088f00000, 0x0000000089000000, 0x0000000089000000|100%| O|  |TAMS 0x0000000088f00000, 0x0000000088f00000| Untracked 
| 144|0x0000000089000000, 0x0000000089100000, 0x0000000089100000|100%| O|  |TAMS 0x0000000089000000, 0x0000000089000000| Untracked 
| 145|0x0000000089100000, 0x0000000089200000, 0x0000000089200000|100%| O|  |TAMS 0x0000000089100000, 0x0000000089100000| Untracked 
| 146|0x0000000089200000, 0x0000000089300000, 0x0000000089300000|100%| O|  |TAMS 0x0000000089200000, 0x0000000089200000| Untracked 
| 147|0x0000000089300000, 0x0000000089400000, 0x0000000089400000|100%| O|  |TAMS 0x0000000089300000, 0x0000000089300000| Untracked 
| 148|0x0000000089400000, 0x0000000089500000, 0x0000000089500000|100%| O|  |TAMS 0x0000000089400000, 0x0000000089400000| Untracked 
| 149|0x0000000089500000, 0x0000000089600000, 0x0000000089600000|100%| O|  |TAMS 0x0000000089500000, 0x0000000089500000| Untracked 
| 150|0x0000000089600000, 0x0000000089700000, 0x0000000089700000|100%| O|  |TAMS 0x0000000089600000, 0x0000000089600000| Untracked 
| 151|0x0000000089700000, 0x0000000089800000, 0x0000000089800000|100%| O|  |TAMS 0x0000000089700000, 0x0000000089700000| Untracked 
| 152|0x0000000089800000, 0x0000000089900000, 0x0000000089900000|100%| O|  |TAMS 0x0000000089800000, 0x0000000089800000| Untracked 
| 153|0x0000000089900000, 0x0000000089a00000, 0x0000000089a00000|100%| O|  |TAMS 0x0000000089900000, 0x0000000089900000| Untracked 
| 154|0x0000000089a00000, 0x0000000089b00000, 0x0000000089b00000|100%| O|  |TAMS 0x0000000089a00000, 0x0000000089a00000| Untracked 
| 155|0x0000000089b00000, 0x0000000089c00000, 0x0000000089c00000|100%| O|  |TAMS 0x0000000089b00000, 0x0000000089b00000| Untracked 
| 156|0x0000000089c00000, 0x0000000089d00000, 0x0000000089d00000|100%| O|  |TAMS 0x0000000089c00000, 0x0000000089c00000| Untracked 
| 157|0x0000000089d00000, 0x0000000089e00000, 0x0000000089e00000|100%| O|  |TAMS 0x0000000089d00000, 0x0000000089d00000| Untracked 
| 158|0x0000000089e00000, 0x0000000089f00000, 0x0000000089f00000|100%| O|  |TAMS 0x0000000089e00000, 0x0000000089e00000| Untracked 
| 159|0x0000000089f00000, 0x000000008a000000, 0x000000008a000000|100%| O|  |TAMS 0x0000000089f00000, 0x0000000089f00000| Untracked 
| 160|0x000000008a000000, 0x000000008a100000, 0x000000008a100000|100%| O|  |TAMS 0x000000008a000000, 0x000000008a000000| Untracked 
| 161|0x000000008a100000, 0x000000008a200000, 0x000000008a200000|100%| O|  |TAMS 0x000000008a100000, 0x000000008a100000| Untracked 
| 162|0x000000008a200000, 0x000000008a300000, 0x000000008a300000|100%| O|  |TAMS 0x000000008a200000, 0x000000008a200000| Untracked 
| 163|0x000000008a300000, 0x000000008a400000, 0x000000008a400000|100%| O|  |TAMS 0x000000008a300000, 0x000000008a300000| Untracked 
| 164|0x000000008a400000, 0x000000008a500000, 0x000000008a500000|100%| O|  |TAMS 0x000000008a400000, 0x000000008a400000| Untracked 
| 165|0x000000008a500000, 0x000000008a600000, 0x000000008a600000|100%| O|  |TAMS 0x000000008a500000, 0x000000008a500000| Untracked 
| 166|0x000000008a600000, 0x000000008a700000, 0x000000008a700000|100%| O|  |TAMS 0x000000008a600000, 0x000000008a600000| Untracked 
| 167|0x000000008a700000, 0x000000008a800000, 0x000000008a800000|100%| O|  |TAMS 0x000000008a700000, 0x000000008a700000| Untracked 
| 168|0x000000008a800000, 0x000000008a900000, 0x000000008a900000|100%| O|  |TAMS 0x000000008a800000, 0x000000008a800000| Untracked 
| 169|0x000000008a900000, 0x000000008aa00000, 0x000000008aa00000|100%| O|  |TAMS 0x000000008a900000, 0x000000008a900000| Untracked 
| 170|0x000000008aa00000, 0x000000008ab00000, 0x000000008ab00000|100%| O|  |TAMS 0x000000008aa00000, 0x000000008aa00000| Untracked 
| 171|0x000000008ab00000, 0x000000008ac00000, 0x000000008ac00000|100%| O|  |TAMS 0x000000008ab00000, 0x000000008ab00000| Untracked 
| 172|0x000000008ac00000, 0x000000008ad00000, 0x000000008ad00000|100%| O|  |TAMS 0x000000008ac00000, 0x000000008ac00000| Untracked 
| 173|0x000000008ad00000, 0x000000008ae00000, 0x000000008ae00000|100%| O|  |TAMS 0x000000008ad00000, 0x000000008ad00000| Untracked 
| 174|0x000000008ae00000, 0x000000008af00000, 0x000000008af00000|100%| O|  |TAMS 0x000000008ae00000, 0x000000008ae00000| Untracked 
| 175|0x000000008af00000, 0x000000008b000000, 0x000000008b000000|100%| O|  |TAMS 0x000000008af00000, 0x000000008af00000| Untracked 
| 176|0x000000008b000000, 0x000000008b100000, 0x000000008b100000|100%| O|  |TAMS 0x000000008b000000, 0x000000008b000000| Untracked 
| 177|0x000000008b100000, 0x000000008b200000, 0x000000008b200000|100%| O|  |TAMS 0x000000008b100000, 0x000000008b100000| Untracked 
| 178|0x000000008b200000, 0x000000008b300000, 0x000000008b300000|100%| O|  |TAMS 0x000000008b200000, 0x000000008b200000| Untracked 
| 179|0x000000008b300000, 0x000000008b400000, 0x000000008b400000|100%| O|  |TAMS 0x000000008b300000, 0x000000008b300000| Untracked 
| 180|0x000000008b400000, 0x000000008b500000, 0x000000008b500000|100%| O|  |TAMS 0x000000008b400000, 0x000000008b400000| Untracked 
| 181|0x000000008b500000, 0x000000008b600000, 0x000000008b600000|100%| O|  |TAMS 0x000000008b500000, 0x000000008b500000| Untracked 
| 182|0x000000008b600000, 0x000000008b600000, 0x000000008b700000|  0%| F|  |TAMS 0x000000008b600000, 0x000000008b600000| Untracked 
| 183|0x000000008b700000, 0x000000008b700000, 0x000000008b800000|  0%| F|  |TAMS 0x000000008b700000, 0x000000008b700000| Untracked 
| 184|0x000000008b800000, 0x000000008b800000, 0x000000008b900000|  0%| F|  |TAMS 0x000000008b800000, 0x000000008b800000| Untracked 
| 185|0x000000008b900000, 0x000000008b900000, 0x000000008ba00000|  0%| F|  |TAMS 0x000000008b900000, 0x000000008b900000| Untracked 
| 186|0x000000008ba00000, 0x000000008ba00000, 0x000000008bb00000|  0%| F|  |TAMS 0x000000008ba00000, 0x000000008ba00000| Untracked 
| 187|0x000000008bb00000, 0x000000008bb00000, 0x000000008bc00000|  0%| F|  |TAMS 0x000000008bb00000, 0x000000008bb00000| Untracked 
| 188|0x000000008bc00000, 0x000000008bc00000, 0x000000008bd00000|  0%| F|  |TAMS 0x000000008bc00000, 0x000000008bc00000| Untracked 
| 189|0x000000008bd00000, 0x000000008bd00000, 0x000000008be00000|  0%| F|  |TAMS 0x000000008bd00000, 0x000000008bd00000| Untracked 
| 190|0x000000008be00000, 0x000000008be00000, 0x000000008bf00000|  0%| F|  |TAMS 0x000000008be00000, 0x000000008be00000| Untracked 
| 191|0x000000008bf00000, 0x000000008bf00000, 0x000000008c000000|  0%| F|  |TAMS 0x000000008bf00000, 0x000000008bf00000| Untracked 
| 192|0x000000008c000000, 0x000000008c000000, 0x000000008c100000|  0%| F|  |TAMS 0x000000008c000000, 0x000000008c000000| Untracked 
| 193|0x000000008c100000, 0x000000008c100000, 0x000000008c200000|  0%| F|  |TAMS 0x000000008c100000, 0x000000008c100000| Untracked 
| 194|0x000000008c200000, 0x000000008c200000, 0x000000008c300000|  0%| F|  |TAMS 0x000000008c200000, 0x000000008c200000| Untracked 
| 195|0x000000008c300000, 0x000000008c300000, 0x000000008c400000|  0%| F|  |TAMS 0x000000008c300000, 0x000000008c300000| Untracked 
| 196|0x000000008c400000, 0x000000008c400000, 0x000000008c500000|  0%| F|  |TAMS 0x000000008c400000, 0x000000008c400000| Untracked 
| 197|0x000000008c500000, 0x000000008c500000, 0x000000008c600000|  0%| F|  |TAMS 0x000000008c500000, 0x000000008c500000| Untracked 
| 198|0x000000008c600000, 0x000000008c600000, 0x000000008c700000|  0%| F|  |TAMS 0x000000008c600000, 0x000000008c600000| Untracked 
| 199|0x000000008c700000, 0x000000008c700000, 0x000000008c800000|  0%| F|  |TAMS 0x000000008c700000, 0x000000008c700000| Untracked 
| 200|0x000000008c800000, 0x000000008c800000, 0x000000008c900000|  0%| F|  |TAMS 0x000000008c800000, 0x000000008c800000| Untracked 
| 201|0x000000008c900000, 0x000000008c900000, 0x000000008ca00000|  0%| F|  |TAMS 0x000000008c900000, 0x000000008c900000| Untracked 
| 202|0x000000008ca00000, 0x000000008ca00000, 0x000000008cb00000|  0%| F|  |TAMS 0x000000008ca00000, 0x000000008ca00000| Untracked 
| 203|0x000000008cb00000, 0x000000008cb00000, 0x000000008cc00000|  0%| F|  |TAMS 0x000000008cb00000, 0x000000008cb00000| Untracked 
| 204|0x000000008cc00000, 0x000000008cc00000, 0x000000008cd00000|  0%| F|  |TAMS 0x000000008cc00000, 0x000000008cc00000| Untracked 
| 205|0x000000008cd00000, 0x000000008cd00000, 0x000000008ce00000|  0%| F|  |TAMS 0x000000008cd00000, 0x000000008cd00000| Untracked 
| 206|0x000000008ce00000, 0x000000008ce00000, 0x000000008cf00000|  0%| F|  |TAMS 0x000000008ce00000, 0x000000008ce00000| Untracked 
| 207|0x000000008cf00000, 0x000000008cf00000, 0x000000008d000000|  0%| F|  |TAMS 0x000000008cf00000, 0x000000008cf00000| Untracked 
| 208|0x000000008d000000, 0x000000008d000000, 0x000000008d100000|  0%| F|  |TAMS 0x000000008d000000, 0x000000008d000000| Untracked 
| 209|0x000000008d100000, 0x000000008d100000, 0x000000008d200000|  0%| F|  |TAMS 0x000000008d100000, 0x000000008d100000| Untracked 
| 210|0x000000008d200000, 0x000000008d200000, 0x000000008d300000|  0%| F|  |TAMS 0x000000008d200000, 0x000000008d200000| Untracked 
| 211|0x000000008d300000, 0x000000008d300000, 0x000000008d400000|  0%| F|  |TAMS 0x000000008d300000, 0x000000008d300000| Untracked 
| 212|0x000000008d400000, 0x000000008d500000, 0x000000008d500000|100%| S|CS|TAMS 0x000000008d400000, 0x000000008d400000| Complete 
| 213|0x000000008d500000, 0x000000008d600000, 0x000000008d600000|100%| S|CS|TAMS 0x000000008d500000, 0x000000008d500000| Complete 
| 214|0x000000008d600000, 0x000000008d700000, 0x000000008d700000|100%| S|CS|TAMS 0x000000008d600000, 0x000000008d600000| Complete 
| 215|0x000000008d700000, 0x000000008d700000, 0x000000008d800000|  0%| F|  |TAMS 0x000000008d700000, 0x000000008d700000| Untracked 
| 216|0x000000008d800000, 0x000000008d800000, 0x000000008d900000|  0%| F|  |TAMS 0x000000008d800000, 0x000000008d800000| Untracked 
| 217|0x000000008d900000, 0x000000008d900000, 0x000000008da00000|  0%| F|  |TAMS 0x000000008d900000, 0x000000008d900000| Untracked 
| 218|0x000000008da00000, 0x000000008da00000, 0x000000008db00000|  0%| F|  |TAMS 0x000000008da00000, 0x000000008da00000| Untracked 
| 219|0x000000008db00000, 0x000000008db00000, 0x000000008dc00000|  0%| F|  |TAMS 0x000000008db00000, 0x000000008db00000| Untracked 
| 220|0x000000008dc00000, 0x000000008dc00000, 0x000000008dd00000|  0%| F|  |TAMS 0x000000008dc00000, 0x000000008dc00000| Untracked 
| 221|0x000000008dd00000, 0x000000008dd00000, 0x000000008de00000|  0%| F|  |TAMS 0x000000008dd00000, 0x000000008dd00000| Untracked 
| 222|0x000000008de00000, 0x000000008de00000, 0x000000008df00000|  0%| F|  |TAMS 0x000000008de00000, 0x000000008de00000| Untracked 
| 223|0x000000008df00000, 0x000000008df00000, 0x000000008e000000|  0%| F|  |TAMS 0x000000008df00000, 0x000000008df00000| Untracked 
| 224|0x000000008e000000, 0x000000008e000000, 0x000000008e100000|  0%| F|  |TAMS 0x000000008e000000, 0x000000008e000000| Untracked 
| 225|0x000000008e100000, 0x000000008e100000, 0x000000008e200000|  0%| F|  |TAMS 0x000000008e100000, 0x000000008e100000| Untracked 
| 226|0x000000008e200000, 0x000000008e200000, 0x000000008e300000|  0%| F|  |TAMS 0x000000008e200000, 0x000000008e200000| Untracked 
| 227|0x000000008e300000, 0x000000008e300000, 0x000000008e400000|  0%| F|  |TAMS 0x000000008e300000, 0x000000008e300000| Untracked 
| 228|0x000000008e400000, 0x000000008e400000, 0x000000008e500000|  0%| F|  |TAMS 0x000000008e400000, 0x000000008e400000| Untracked 
| 229|0x000000008e500000, 0x000000008e500000, 0x000000008e600000|  0%| F|  |TAMS 0x000000008e500000, 0x000000008e500000| Untracked 
| 230|0x000000008e600000, 0x000000008e600000, 0x000000008e700000|  0%| F|  |TAMS 0x000000008e600000, 0x000000008e600000| Untracked 
| 231|0x000000008e700000, 0x000000008e700000, 0x000000008e800000|  0%| F|  |TAMS 0x000000008e700000, 0x000000008e700000| Untracked 

Card table byte_map: [0x00000272f1e60000,0x00000272f2260000] _byte_map_base: 0x00000272f1a60000

Marking Bits (Prev, Next): (CMBitMap*) 0x00000272ee2c9400, (CMBitMap*) 0x00000272ee2c9440
 Prev Bits: [0x00000272f2660000, 0x00000272f4660000)
 Next Bits: [0x00000272f4660000, 0x00000272f6660000)

Polling page: 0x00000272ec220000

Metaspace:

Usage:
  Non-class:     98.49 MB used.
      Class:     14.90 MB used.
       Both:    113.40 MB used.

Virtual space:
  Non-class space:      104.00 MB reserved,      98.88 MB ( 95%) committed,  13 nodes.
      Class space:        1.00 GB reserved,      15.31 MB (  1%) committed,  1 nodes.
             Both:        1.10 GB reserved,     114.19 MB ( 10%) committed. 

Chunk freelists:
   Non-Class:  896.00 KB
       Class:  752.00 KB
        Both:  1.61 MB

MaxMetaspaceSize: unlimited
CompressedClassSpaceSize: 1.00 GB
Initial GC threshold: 21.00 MB
Current GC threshold: 184.62 MB
CDS: off
MetaspaceReclaimPolicy: balanced
 - commit_granule_bytes: 65536.
 - commit_granule_words: 8192.
 - virtual_space_node_default_size: 1048576.
 - enlarge_chunks_in_place: 1.
 - new_chunks_are_fully_committed: 0.
 - uncommit_free_chunks: 1.
 - use_allocation_guard: 0.
 - handle_deallocations: 1.


Internal statistics:

num_allocs_failed_limit: 6.
num_arena_births: 1160.
num_arena_deaths: 14.
num_vsnodes_births: 14.
num_vsnodes_deaths: 0.
num_space_committed: 1826.
num_space_uncommitted: 0.
num_chunks_returned_to_freelist: 26.
num_chunks_taken_from_freelist: 5551.
num_chunk_merges: 15.
num_chunk_splits: 3726.
num_chunks_enlarged: 2539.
num_purges: 2.
num_inconsistent_stats: 0.

CodeHeap 'non-profiled nmethods': size=120000Kb used=7346Kb max_used=7346Kb free=112653Kb
 bounds [0x0000027287ad0000, 0x0000027288200000, 0x000002728f000000]
CodeHeap 'profiled nmethods': size=120000Kb used=24609Kb max_used=24609Kb free=95391Kb
 bounds [0x0000027280000000, 0x0000027281810000, 0x0000027287530000]
CodeHeap 'non-nmethods': size=5760Kb used=2406Kb max_used=2450Kb free=3353Kb
 bounds [0x0000027287530000, 0x00000272877a0000, 0x0000027287ad0000]
 total_blobs=13319 nmethods=12372 adapters=859
 compilation: enabled
              stopped_count=0, restarted_count=0
 full_count=0

Compilation events (20 events):
Event: 17.474 Thread 0x00000272f9c224e0 13989       3       org.apache.xerces.dom.DeferredDocumentImpl::synchronizeChildren (127 bytes)
Event: 17.475 Thread 0x00000272f9c224e0 nmethod 13989 0x00000272817fa590 code [0x00000272817fa7e0, 0x00000272817fb328]
Event: 17.506 Thread 0x00000272f9c224e0 13992 %     3       android.databinding.tool.reflection.SdkUtil$ApiChecker::buildFullLookup @ 124 (252 bytes)
Event: 17.508 Thread 0x00000272f9c224e0 nmethod 13992% 0x00000272817fb710 code [0x00000272817fbd60, 0x00000272817ffb58]
Event: 17.509 Thread 0x00000272f9c224e0 13993       3       android.databinding.tool.reflection.SdkUtil$ApiChecker::buildFullLookup (252 bytes)
Event: 17.511 Thread 0x00000272f9c224e0 nmethod 13993 0x0000027281800f90 code [0x00000272818015e0, 0x00000272818051b8]
Event: 17.526 Thread 0x00000272f9c224e0 13994 %     3       org.apache.xerces.dom.DeferredElementImpl::synchronizeData @ 59 (96 bytes)
Event: 17.527 Thread 0x00000272f9c224e0 nmethod 13994% 0x0000027281806590 code [0x00000272818067e0, 0x00000272818071c8]
Event: 17.528 Thread 0x00000272f9c224e0 13995       3       org.apache.xerces.dom.DeferredElementImpl::synchronizeData (96 bytes)
Event: 17.529 Thread 0x00000272f9c224e0 nmethod 13995 0x0000027281807590 code [0x00000272818077c0, 0x0000027281808108]
Event: 17.556 Thread 0x00000272f9fbac40 nmethod 13887 0x00000272881f1f90 code [0x00000272881f2420, 0x00000272881f6f10]
Event: 17.556 Thread 0x00000272f9fbac40 13997       4       org.apache.xerces.dom.DeferredDocumentImpl::synchronizeChildren (127 bytes)
Event: 17.569 Thread 0x00000272f9fbac40 nmethod 13997 0x00000272881f9c90 code [0x00000272881f9e60, 0x00000272881faa98]
Event: 17.569 Thread 0x00000272f9fbac40 13999       4       java.lang.Integer::parseInt (264 bytes)
Event: 17.575 Thread 0x00000272f9fbac40 nmethod 13999 0x00000272881fb190 code [0x00000272881fb340, 0x00000272881fb7a8]
Event: 17.575 Thread 0x00000272f9fbac40 13998       4       java.lang.CharacterDataLatin1::digit (32 bytes)
Event: 17.576 Thread 0x00000272f9fbac40 nmethod 13998 0x00000272881fbc10 code [0x00000272881fbd80, 0x00000272881fbe58]
Event: 17.576 Thread 0x00000272f9fbac40 13988       4       org.apache.xerces.dom.NamedNodeMapImpl::findNamePoint (105 bytes)
Event: 17.579 Thread 0x00000272f9fbac40 nmethod 13988 0x00000272881fbf10 code [0x00000272881fc0c0, 0x00000272881fc648]
Event: 17.579 Thread 0x00000272f9fbac40 13991       4       org.apache.xerces.dom.ParentNode::nodeListGetLength (141 bytes)

GC Heap History (20 events):
Event: 12.263 GC heap after
{Heap after GC invocations=37 (full 0):
 garbage-first heap   total 231424K, used 85143K [0x0000000080000000, 0x0000000100000000)
  region size 1024K, 14 young (14336K), 14 survivors (14336K)
 Metaspace       used 95390K, committed 96064K, reserved 1138688K
  class space    used 12960K, committed 13312K, reserved 1048576K
}
Event: 13.184 GC heap before
{Heap before GC invocations=37 (full 0):
 garbage-first heap   total 231424K, used 177303K [0x0000000080000000, 0x0000000100000000)
  region size 1024K, 104 young (106496K), 14 survivors (14336K)
 Metaspace       used 99246K, committed 99968K, reserved 1138688K
  class space    used 13456K, committed 13824K, reserved 1048576K
}
Event: 13.205 GC heap after
{Heap after GC invocations=38 (full 0):
 garbage-first heap   total 231424K, used 99032K [0x0000000080000000, 0x0000000100000000)
  region size 1024K, 13 young (13312K), 13 survivors (13312K)
 Metaspace       used 99246K, committed 99968K, reserved 1138688K
  class space    used 13456K, committed 13824K, reserved 1048576K
}
Event: 13.994 GC heap before
{Heap before GC invocations=38 (full 0):
 garbage-first heap   total 231424K, used 176856K [0x0000000080000000, 0x0000000100000000)
  region size 1024K, 90 young (92160K), 13 survivors (13312K)
 Metaspace       used 99871K, committed 100608K, reserved 1138688K
  class space    used 13493K, committed 13824K, reserved 1048576K
}
Event: 14.010 GC heap after
{Heap after GC invocations=39 (full 0):
 garbage-first heap   total 231424K, used 106259K [0x0000000080000000, 0x0000000100000000)
  region size 1024K, 8 young (8192K), 8 survivors (8192K)
 Metaspace       used 99871K, committed 100608K, reserved 1138688K
  class space    used 13493K, committed 13824K, reserved 1048576K
}
Event: 14.665 GC heap before
{Heap before GC invocations=40 (full 0):
 garbage-first heap   total 231424K, used 181011K [0x0000000080000000, 0x0000000100000000)
  region size 1024K, 82 young (83968K), 8 survivors (8192K)
 Metaspace       used 100383K, committed 101120K, reserved 1138688K
  class space    used 13532K, committed 13888K, reserved 1048576K
}
Event: 14.673 GC heap after
{Heap after GC invocations=41 (full 0):
 garbage-first heap   total 231424K, used 111210K [0x0000000080000000, 0x0000000100000000)
  region size 1024K, 8 young (8192K), 8 survivors (8192K)
 Metaspace       used 100383K, committed 101120K, reserved 1138688K
  class space    used 13532K, committed 13888K, reserved 1048576K
}
Event: 14.720 GC heap before
{Heap before GC invocations=41 (full 0):
 garbage-first heap   total 231424K, used 113258K [0x0000000080000000, 0x0000000100000000)
  region size 1024K, 11 young (11264K), 8 survivors (8192K)
 Metaspace       used 100613K, committed 101312K, reserved 1138688K
  class space    used 13547K, committed 13888K, reserved 1048576K
}
Event: 14.726 GC heap after
{Heap after GC invocations=42 (full 0):
 garbage-first heap   total 231424K, used 110665K [0x0000000080000000, 0x0000000100000000)
  region size 1024K, 2 young (2048K), 2 survivors (2048K)
 Metaspace       used 100613K, committed 101312K, reserved 1138688K
  class space    used 13547K, committed 13888K, reserved 1048576K
}
Event: 15.393 GC heap before
{Heap before GC invocations=42 (full 0):
 garbage-first heap   total 231424K, used 189513K [0x0000000080000000, 0x0000000100000000)
  region size 1024K, 74 young (75776K), 2 survivors (2048K)
 Metaspace       used 102689K, committed 103424K, reserved 1138688K
  class space    used 13850K, committed 14208K, reserved 1048576K
}
Event: 15.398 GC heap after
{Heap after GC invocations=43 (full 0):
 garbage-first heap   total 231424K, used 119602K [0x0000000080000000, 0x0000000100000000)
  region size 1024K, 6 young (6144K), 6 survivors (6144K)
 Metaspace       used 102689K, committed 103424K, reserved 1138688K
  class space    used 13850K, committed 14208K, reserved 1048576K
}
Event: 16.065 GC heap before
{Heap before GC invocations=43 (full 0):
 garbage-first heap   total 231424K, used 189234K [0x0000000080000000, 0x0000000100000000)
  region size 1024K, 72 young (73728K), 6 survivors (6144K)
 Metaspace       used 108656K, committed 109376K, reserved 1146880K
  class space    used 14477K, committed 14848K, reserved 1048576K
}
Event: 16.072 GC heap after
{Heap after GC invocations=44 (full 0):
 garbage-first heap   total 231424K, used 123378K [0x0000000080000000, 0x0000000100000000)
  region size 1024K, 5 young (5120K), 5 survivors (5120K)
 Metaspace       used 108656K, committed 109376K, reserved 1146880K
  class space    used 14477K, committed 14848K, reserved 1048576K
}
Event: 16.834 GC heap before
{Heap before GC invocations=44 (full 0):
 garbage-first heap   total 231424K, used 175602K [0x0000000080000000, 0x0000000100000000)
  region size 1024K, 53 young (54272K), 5 survivors (5120K)
 Metaspace       used 111170K, committed 111936K, reserved 1146880K
  class space    used 14724K, committed 15104K, reserved 1048576K
}
Event: 16.844 GC heap after
{Heap after GC invocations=45 (full 0):
 garbage-first heap   total 231424K, used 137725K [0x0000000080000000, 0x0000000100000000)
  region size 1024K, 9 young (9216K), 9 survivors (9216K)
 Metaspace       used 111170K, committed 111936K, reserved 1146880K
  class space    used 14724K, committed 15104K, reserved 1048576K
}
Event: 17.478 GC heap before
{Heap before GC invocations=46 (full 0):
 garbage-first heap   total 237568K, used 185853K [0x0000000080000000, 0x0000000100000000)
  region size 1024K, 56 young (57344K), 9 survivors (9216K)
 Metaspace       used 116116K, committed 116928K, reserved 1155072K
  class space    used 15262K, committed 15680K, reserved 1048576K
}
Event: 17.494 GC heap after
{Heap after GC invocations=47 (full 0):
 garbage-first heap   total 237568K, used 168747K [0x0000000080000000, 0x0000000100000000)
  region size 1024K, 7 young (7168K), 7 survivors (7168K)
 Metaspace       used 116116K, committed 116928K, reserved 1155072K
  class space    used 15262K, committed 15680K, reserved 1048576K
}
Event: 17.515 GC heap before
{Heap before GC invocations=47 (full 0):
 garbage-first heap   total 237568K, used 172843K [0x0000000080000000, 0x0000000100000000)
  region size 1024K, 11 young (11264K), 7 survivors (7168K)
 Metaspace       used 116120K, committed 116928K, reserved 1155072K
  class space    used 15262K, committed 15680K, reserved 1048576K
}
Event: 17.523 GC heap after
{Heap after GC invocations=48 (full 0):
 garbage-first heap   total 237568K, used 173056K [0x0000000080000000, 0x0000000100000000)
  region size 1024K, 2 young (2048K), 2 survivors (2048K)
 Metaspace       used 116120K, committed 116928K, reserved 1155072K
  class space    used 15262K, committed 15680K, reserved 1048576K
}
Event: 17.582 GC heap before
{Heap before GC invocations=48 (full 0):
 garbage-first heap   total 237568K, used 188416K [0x0000000080000000, 0x0000000100000000)
  region size 1024K, 17 young (17408K), 2 survivors (2048K)
 Metaspace       used 116120K, committed 116928K, reserved 1155072K
  class space    used 15262K, committed 15680K, reserved 1048576K
}

Dll operation events (2 events):
Event: 0.007 Loaded shared library C:\Program Files\Android\Android Studio\jbr\bin\java.dll
Event: 0.387 Loaded shared library C:\Program Files\Android\Android Studio\jbr\bin\verify.dll

Deoptimization events (20 events):
Event: 17.456 Thread 0x00000272fcae8100 DEOPT PACKING pc=0x000002728818b3a4 sp=0x00000099820fe5d0
Event: 17.456 Thread 0x00000272fcae8100 DEOPT UNPACKING pc=0x00000272875869a3 sp=0x00000099820fe490 mode 2
Event: 17.474 Thread 0x0000027294363830 DEOPT PACKING pc=0x00000272817f1fe6 sp=0x000000998a1fbce0
Event: 17.474 Thread 0x0000027294363830 DEOPT UNPACKING pc=0x0000027287587143 sp=0x000000998a1fb188 mode 0
Event: 17.503 Thread 0x0000027290224630 Uncommon trap: trap_request=0xffffffde fr.pc=0x000002728818111c relative=0x000000000000017c
Event: 17.503 Thread 0x0000027290224630 Uncommon trap: reason=class_check action=maybe_recompile pc=0x000002728818111c method=java.util.concurrent.locks.AbstractQueuedSynchronizer.acquireShared(I)V @ 2 c2
Event: 17.503 Thread 0x0000027290224630 DEOPT PACKING pc=0x000002728818111c sp=0x00000099895fede0
Event: 17.503 Thread 0x0000027290224630 DEOPT UNPACKING pc=0x00000272875869a3 sp=0x00000099895feda8 mode 2
Event: 17.503 Thread 0x0000027290224630 Uncommon trap: trap_request=0xffffffde fr.pc=0x0000027288185124 relative=0x0000000000000184
Event: 17.503 Thread 0x0000027290224630 Uncommon trap: reason=class_check action=maybe_recompile pc=0x0000027288185124 method=java.util.concurrent.locks.ReentrantReadWriteLock$Sync.tryAcquireShared(I)I @ 33 c2
Event: 17.503 Thread 0x0000027290224630 DEOPT PACKING pc=0x0000027288185124 sp=0x00000099895fed70
Event: 17.503 Thread 0x0000027290224630 DEOPT UNPACKING pc=0x00000272875869a3 sp=0x00000099895fed20 mode 2
Event: 17.503 Thread 0x0000027290224630 Uncommon trap: trap_request=0xffffffde fr.pc=0x000002728818111c relative=0x000000000000017c
Event: 17.503 Thread 0x0000027290224630 Uncommon trap: reason=class_check action=maybe_recompile pc=0x000002728818111c method=java.util.concurrent.locks.AbstractQueuedSynchronizer.acquireShared(I)V @ 2 c2
Event: 17.503 Thread 0x0000027290224630 DEOPT PACKING pc=0x000002728818111c sp=0x00000099895fede0
Event: 17.503 Thread 0x0000027290224630 DEOPT UNPACKING pc=0x00000272875869a3 sp=0x00000099895feda8 mode 2
Event: 17.503 Thread 0x0000027290224630 Uncommon trap: trap_request=0xffffffde fr.pc=0x0000027288185124 relative=0x0000000000000184
Event: 17.503 Thread 0x0000027290224630 Uncommon trap: reason=class_check action=maybe_recompile pc=0x0000027288185124 method=java.util.concurrent.locks.ReentrantReadWriteLock$Sync.tryAcquireShared(I)I @ 33 c2
Event: 17.503 Thread 0x0000027290224630 DEOPT PACKING pc=0x0000027288185124 sp=0x00000099895fed70
Event: 17.503 Thread 0x0000027290224630 DEOPT UNPACKING pc=0x00000272875869a3 sp=0x00000099895fed20 mode 2

Classes unloaded (7 events):
Event: 16.926 Thread 0x00000272f90bfa40 Unloading class 0x0000000100d71c00 'java/lang/invoke/LambdaForm$DMH+0x0000000100d71c00'
Event: 16.926 Thread 0x00000272f90bfa40 Unloading class 0x0000000100d71800 'java/lang/invoke/LambdaForm$DMH+0x0000000100d71800'
Event: 16.926 Thread 0x00000272f90bfa40 Unloading class 0x0000000100d71400 'java/lang/invoke/LambdaForm$DMH+0x0000000100d71400'
Event: 16.926 Thread 0x00000272f90bfa40 Unloading class 0x0000000100d70400 'java/lang/invoke/LambdaForm$DMH+0x0000000100d70400'
Event: 16.926 Thread 0x00000272f90bfa40 Unloading class 0x0000000100d70000 'java/lang/invoke/LambdaForm$DMH+0x0000000100d70000'
Event: 16.926 Thread 0x00000272f90bfa40 Unloading class 0x0000000100d71000 'java/lang/invoke/LambdaForm$DMH+0x0000000100d71000'
Event: 16.926 Thread 0x00000272f90bfa40 Unloading class 0x0000000100d70c00 'java/lang/invoke/LambdaForm$DMH+0x0000000100d70c00'

Classes redefined (0 events):
No events

Internal exceptions (20 events):
Event: 16.768 Thread 0x0000027294363830 Exception <a 'sun/nio/fs/WindowsException'{0x000000008b60e2f0}> (0x000000008b60e2f0) 
thrown [s\src\hotspot\share\prims\jni.cpp, line 517]
Event: 16.768 Thread 0x0000027294363830 Exception <a 'sun/nio/fs/WindowsException'{0x000000008b60e6a0}> (0x000000008b60e6a0) 
thrown [s\src\hotspot\share\prims\jni.cpp, line 517]
Event: 16.768 Thread 0x0000027294363830 Exception <a 'sun/nio/fs/WindowsException'{0x000000008b60fb30}> (0x000000008b60fb30) 
thrown [s\src\hotspot\share\prims\jni.cpp, line 517]
Event: 16.768 Thread 0x0000027294363830 Exception <a 'sun/nio/fs/WindowsException'{0x000000008b60fea0}> (0x000000008b60fea0) 
thrown [s\src\hotspot\share\prims\jni.cpp, line 517]
Event: 16.768 Thread 0x0000027294363830 Exception <a 'sun/nio/fs/WindowsException'{0x000000008b6191d8}> (0x000000008b6191d8) 
thrown [s\src\hotspot\share\prims\jni.cpp, line 517]
Event: 16.768 Thread 0x0000027294363830 Exception <a 'sun/nio/fs/WindowsException'{0x000000008b619598}> (0x000000008b619598) 
thrown [s\src\hotspot\share\prims\jni.cpp, line 517]
Event: 16.769 Thread 0x0000027294363830 Exception <a 'sun/nio/fs/WindowsException'{0x000000008b61aab8}> (0x000000008b61aab8) 
thrown [s\src\hotspot\share\prims\jni.cpp, line 517]
Event: 16.769 Thread 0x0000027294363830 Exception <a 'sun/nio/fs/WindowsException'{0x000000008b61aea8}> (0x000000008b61aea8) 
thrown [s\src\hotspot\share\prims\jni.cpp, line 517]
Event: 16.769 Thread 0x0000027294363830 Exception <a 'sun/nio/fs/WindowsException'{0x000000008b61c390}> (0x000000008b61c390) 
thrown [s\src\hotspot\share\prims\jni.cpp, line 517]
Event: 16.769 Thread 0x0000027294363830 Exception <a 'sun/nio/fs/WindowsException'{0x000000008b61c748}> (0x000000008b61c748) 
thrown [s\src\hotspot\share\prims\jni.cpp, line 517]
Event: 17.060 Thread 0x0000027294363830 Exception <a 'sun/nio/fs/WindowsException'{0x000000008e4896e8}> (0x000000008e4896e8) 
thrown [s\src\hotspot\share\prims\jni.cpp, line 517]
Event: 17.063 Thread 0x0000027294363830 Exception <a 'sun/nio/fs/WindowsException'{0x000000008e48c598}> (0x000000008e48c598) 
thrown [s\src\hotspot\share\prims\jni.cpp, line 517]
Event: 17.064 Thread 0x0000027294363830 Exception <a 'sun/nio/fs/WindowsException'{0x000000008e48f950}> (0x000000008e48f950) 
thrown [s\src\hotspot\share\prims\jni.cpp, line 517]
Event: 17.067 Thread 0x0000027294363830 Exception <a 'sun/nio/fs/WindowsException'{0x000000008e49a5b0}> (0x000000008e49a5b0) 
thrown [s\src\hotspot\share\prims\jni.cpp, line 517]
Event: 17.067 Thread 0x0000027294363830 Exception <a 'sun/nio/fs/WindowsException'{0x000000008e49a940}> (0x000000008e49a940) 
thrown [s\src\hotspot\share\prims\jni.cpp, line 517]
Event: 17.067 Thread 0x0000027294363830 Exception <a 'sun/nio/fs/WindowsException'{0x000000008e49c0d8}> (0x000000008e49c0d8) 
thrown [s\src\hotspot\share\prims\jni.cpp, line 517]
Event: 17.067 Thread 0x0000027294363830 Exception <a 'sun/nio/fs/WindowsException'{0x000000008e49c4a8}> (0x000000008e49c4a8) 
thrown [s\src\hotspot\share\prims\jni.cpp, line 517]
Event: 17.067 Thread 0x0000027294363830 Exception <a 'sun/nio/fs/WindowsException'{0x000000008e49dc10}> (0x000000008e49dc10) 
thrown [s\src\hotspot\share\prims\jni.cpp, line 517]
Event: 17.067 Thread 0x0000027294363830 Exception <a 'sun/nio/fs/WindowsException'{0x000000008e49dfa0}> (0x000000008e49dfa0) 
thrown [s\src\hotspot\share\prims\jni.cpp, line 517]
Event: 17.299 Thread 0x0000027294363830 Implicit null exception at 0x00000272881e4378 to 0x00000272881e4624

VM Operations (20 events):
Event: 16.207 Executing VM operation: HandshakeAllThreads done
Event: 16.217 Executing VM operation: HandshakeAllThreads
Event: 16.217 Executing VM operation: HandshakeAllThreads done
Event: 16.634 Executing VM operation: ICBufferFull
Event: 16.634 Executing VM operation: ICBufferFull done
Event: 16.658 Executing VM operation: HandshakeAllThreads
Event: 16.658 Executing VM operation: HandshakeAllThreads done
Event: 16.834 Executing VM operation: G1TryInitiateConcMark
Event: 16.844 Executing VM operation: G1TryInitiateConcMark done
Event: 16.926 Executing VM operation: G1Concurrent
Event: 16.936 Executing VM operation: G1Concurrent done
Event: 16.974 Executing VM operation: G1Concurrent
Event: 16.988 Executing VM operation: G1Concurrent done
Event: 17.432 Executing VM operation: HandshakeAllThreads
Event: 17.432 Executing VM operation: HandshakeAllThreads done
Event: 17.478 Executing VM operation: G1CollectForAllocation
Event: 17.494 Executing VM operation: G1CollectForAllocation done
Event: 17.515 Executing VM operation: G1CollectForAllocation
Event: 17.523 Executing VM operation: G1CollectForAllocation done
Event: 17.582 Executing VM operation: G1CollectForAllocation

Events (20 events):
Event: 17.265 loading class org/w3c/dom/Entity
Event: 17.265 loading class org/w3c/dom/Entity done
Event: 17.265 loading class org/w3c/dom/events/MutationEvent
Event: 17.265 loading class org/w3c/dom/events/Event
Event: 17.265 loading class org/w3c/dom/events/Event done
Event: 17.265 loading class org/w3c/dom/events/MutationEvent done
Event: 17.265 loading class org/w3c/dom/ranges/Range
Event: 17.266 loading class org/w3c/dom/ranges/Range done
Event: 17.266 loading class org/w3c/dom/events/EventException
Event: 17.266 loading class org/w3c/dom/events/EventException done
Event: 17.266 loading class org/w3c/dom/traversal/TreeWalker
Event: 17.266 loading class org/w3c/dom/traversal/TreeWalker done
Event: 17.266 loading class org/w3c/dom/traversal/NodeIterator
Event: 17.266 loading class org/w3c/dom/traversal/NodeIterator done
Event: 17.427 loading class com/sun/org/apache/xpath/internal/jaxp/XPathImpl
Event: 17.429 loading class javax/xml/xpath/XPath
Event: 17.429 loading class javax/xml/xpath/XPath done
Event: 17.429 loading class com/sun/org/apache/xpath/internal/jaxp/XPathImplUtil
Event: 17.429 loading class com/sun/org/apache/xpath/internal/jaxp/XPathImplUtil done
Event: 17.429 loading class com/sun/org/apache/xpath/internal/jaxp/XPathImpl done


Dynamic libraries:
0x00007ff7e00f0000 - 0x00007ff7e00fa000 	C:\Program Files\Android\Android Studio\jbr\bin\java.exe
0x00007ffc8fc90000 - 0x00007ffc8fea6000 	C:\WINDOWS\SYSTEM32\ntdll.dll
0x00007ffc8e120000 - 0x00007ffc8e1e4000 	C:\WINDOWS\System32\KERNEL32.DLL
0x00007ffc8cfd0000 - 0x00007ffc8d376000 	C:\WINDOWS\System32\KERNELBASE.dll
0x00007ffc8d470000 - 0x00007ffc8d581000 	C:\WINDOWS\System32\ucrtbase.dll
0x00007ffc88570000 - 0x00007ffc8858b000 	C:\Program Files\Android\Android Studio\jbr\bin\VCRUNTIME140.dll
0x00007ffc70040000 - 0x00007ffc70057000 	C:\Program Files\Android\Android Studio\jbr\bin\jli.dll
0x00007ffc8ed20000 - 0x00007ffc8eecd000 	C:\WINDOWS\System32\USER32.dll
0x00007ffc8d6b0000 - 0x00007ffc8d6d6000 	C:\WINDOWS\System32\win32u.dll
0x00007ffc81f90000 - 0x00007ffc82223000 	C:\WINDOWS\WinSxS\amd64_microsoft.windows.common-controls_6595b64144ccf1df_6.0.22621.3235_none_270f74e173860f98\COMCTL32.dll
0x00007ffc8f520000 - 0x00007ffc8f549000 	C:\WINDOWS\System32\GDI32.dll
0x00007ffc8df30000 - 0x00007ffc8dfd7000 	C:\WINDOWS\System32\msvcrt.dll
0x00007ffc8d6e0000 - 0x00007ffc8d7f8000 	C:\WINDOWS\System32\gdi32full.dll
0x00007ffc8d590000 - 0x00007ffc8d62a000 	C:\WINDOWS\System32\msvcp_win.dll
0x00007ffc8f600000 - 0x00007ffc8f631000 	C:\WINDOWS\System32\IMM32.DLL
0x00007ffc888e0000 - 0x00007ffc888ec000 	C:\Program Files\Android\Android Studio\jbr\bin\vcruntime140_1.dll
0x00007ffc6aae0000 - 0x00007ffc6ab6d000 	C:\Program Files\Android\Android Studio\jbr\bin\msvcp140.dll
0x00007ffbfab80000 - 0x00007ffbfb7ee000 	C:\Program Files\Android\Android Studio\jbr\bin\server\jvm.dll
0x00007ffc8dac0000 - 0x00007ffc8db72000 	C:\WINDOWS\System32\ADVAPI32.dll
0x00007ffc8f550000 - 0x00007ffc8f5f8000 	C:\WINDOWS\System32\sechost.dll
0x00007ffc8d440000 - 0x00007ffc8d468000 	C:\WINDOWS\System32\bcrypt.dll
0x00007ffc8f640000 - 0x00007ffc8f755000 	C:\WINDOWS\System32\RPCRT4.dll
0x00007ffc84be0000 - 0x00007ffc84c14000 	C:\WINDOWS\SYSTEM32\WINMM.dll
0x00007ffc708c0000 - 0x00007ffc708c9000 	C:\WINDOWS\SYSTEM32\WSOCK32.dll
0x00007ffc8da40000 - 0x00007ffc8dab1000 	C:\WINDOWS\System32\WS2_32.dll
0x00007ffc85a40000 - 0x00007ffc85a4a000 	C:\WINDOWS\SYSTEM32\VERSION.dll
0x00007ffc8c010000 - 0x00007ffc8c028000 	C:\WINDOWS\SYSTEM32\kernel.appcore.dll
0x00007ffc859a0000 - 0x00007ffc859aa000 	C:\Program Files\Android\Android Studio\jbr\bin\jimage.dll
0x00007ffc7cdb0000 - 0x00007ffc7cfe3000 	C:\WINDOWS\SYSTEM32\DBGHELP.DLL
0x00007ffc8f8c0000 - 0x00007ffc8fc48000 	C:\WINDOWS\System32\combase.dll
0x00007ffc8e040000 - 0x00007ffc8e117000 	C:\WINDOWS\System32\OLEAUT32.dll
0x00007ffc7cd50000 - 0x00007ffc7cd82000 	C:\WINDOWS\SYSTEM32\dbgcore.DLL
0x00007ffc8d630000 - 0x00007ffc8d6aa000 	C:\WINDOWS\System32\bcryptPrimitives.dll
0x00007ffc7b6e0000 - 0x00007ffc7b705000 	C:\Program Files\Android\Android Studio\jbr\bin\java.dll
0x00007ffc7b6c0000 - 0x00007ffc7b6d8000 	C:\Program Files\Android\Android Studio\jbr\bin\zip.dll
0x00007ffc8e290000 - 0x00007ffc8eaed000 	C:\WINDOWS\System32\SHELL32.dll
0x00007ffc8af30000 - 0x00007ffc8b828000 	C:\WINDOWS\SYSTEM32\windows.storage.dll
0x00007ffc8adf0000 - 0x00007ffc8af2e000 	C:\WINDOWS\SYSTEM32\wintypes.dll
0x00007ffc8dde0000 - 0x00007ffc8ded3000 	C:\WINDOWS\System32\SHCORE.dll
0x00007ffc8dfe0000 - 0x00007ffc8e03e000 	C:\WINDOWS\System32\shlwapi.dll
0x00007ffc8cf00000 - 0x00007ffc8cf26000 	C:\WINDOWS\SYSTEM32\profapi.dll
0x00007ffc7b400000 - 0x00007ffc7b419000 	C:\Program Files\Android\Android Studio\jbr\bin\net.dll
0x00007ffc85000000 - 0x00007ffc85137000 	C:\WINDOWS\SYSTEM32\WINHTTP.dll
0x00007ffc8c500000 - 0x00007ffc8c569000 	C:\WINDOWS\system32\mswsock.dll
0x00007ffc7b3e0000 - 0x00007ffc7b3f6000 	C:\Program Files\Android\Android Studio\jbr\bin\nio.dll
0x00007ffc85990000 - 0x00007ffc859a0000 	C:\Program Files\Android\Android Studio\jbr\bin\verify.dll
0x00007ffc87d20000 - 0x00007ffc87d47000 	C:\Users\23480\.gradle\native\68d5fa5c4cc2d200863cafc0d521ce42e7d3e7ee720ec0a83991735586a16f82\windows-amd64\native-platform.dll
0x00007ffc52250000 - 0x00007ffc52394000 	C:\Users\23480\.gradle\native\e376f236ea51e6404a007f0833ffe2c6e607c4080706a723a18a27aeea778392\windows-amd64\native-platform-file-events.dll
0x00007ffc7b3d0000 - 0x00007ffc7b3d9000 	C:\Program Files\Android\Android Studio\jbr\bin\management.dll
0x00007ffc7b3c0000 - 0x00007ffc7b3cb000 	C:\Program Files\Android\Android Studio\jbr\bin\management_ext.dll
0x00007ffc8e280000 - 0x00007ffc8e288000 	C:\WINDOWS\System32\PSAPI.DLL
0x00007ffc8c750000 - 0x00007ffc8c76b000 	C:\WINDOWS\SYSTEM32\CRYPTSP.dll
0x00007ffc8bf70000 - 0x00007ffc8bfa5000 	C:\WINDOWS\system32\rsaenh.dll
0x00007ffc8c5f0000 - 0x00007ffc8c61c000 	C:\WINDOWS\SYSTEM32\USERENV.dll
0x00007ffc8c7c0000 - 0x00007ffc8c7cc000 	C:\WINDOWS\SYSTEM32\CRYPTBASE.dll
0x00007ffc8ba90000 - 0x00007ffc8babd000 	C:\WINDOWS\SYSTEM32\IPHLPAPI.DLL
0x00007ffc8f090000 - 0x00007ffc8f099000 	C:\WINDOWS\System32\NSI.dll
0x00007ffc84c20000 - 0x00007ffc84c39000 	C:\WINDOWS\SYSTEM32\dhcpcsvc6.DLL
0x00007ffc83f70000 - 0x00007ffc83f8f000 	C:\WINDOWS\SYSTEM32\dhcpcsvc.DLL
0x00007ffc8bb00000 - 0x00007ffc8bbf9000 	C:\WINDOWS\SYSTEM32\DNSAPI.dll
0x00007ffc206e0000 - 0x00007ffc206e8000 	C:\WINDOWS\system32\wshunix.dll
0x00007ffc50aa0000 - 0x00007ffc50ab7000 	C:\WINDOWS\system32\napinsp.dll
0x00007ffc50b20000 - 0x00007ffc50b3b000 	C:\WINDOWS\system32\pnrpnsp.dll
0x00007ffc50b40000 - 0x00007ffc50b51000 	C:\WINDOWS\System32\winrnr.dll
0x00007ffc83e50000 - 0x00007ffc83e65000 	C:\WINDOWS\system32\wshbth.dll
0x00007ffc68cc0000 - 0x00007ffc68ce1000 	C:\WINDOWS\system32\nlansp_c.dll
0x000000006b230000 - 0x000000006b256000 	C:\Program Files\Bonjour\mdnsNSP.dll
0x00007ffc83330000 - 0x00007ffc8333a000 	C:\Windows\System32\rasadhlp.dll
0x00007ffc814b0000 - 0x00007ffc81533000 	C:\WINDOWS\System32\fwpuclnt.dll

dbghelp: loaded successfully - version: 4.0.5 - missing functions: none
symbol engine: initialized successfully - sym options: 0x614 - pdb path: .;C:\Program Files\Android\Android Studio\jbr\bin;C:\WINDOWS\SYSTEM32;C:\WINDOWS\WinSxS\amd64_microsoft.windows.common-controls_6595b64144ccf1df_6.0.22621.3235_none_270f74e173860f98;C:\Program Files\Android\Android Studio\jbr\bin\server;C:\Users\23480\.gradle\native\68d5fa5c4cc2d200863cafc0d521ce42e7d3e7ee720ec0a83991735586a16f82\windows-amd64;C:\Users\23480\.gradle\native\e376f236ea51e6404a007f0833ffe2c6e607c4080706a723a18a27aeea778392\windows-amd64;C:\Program Files\Bonjour

VM Arguments:
jvm_args: --add-opens=java.base/java.util=ALL-UNNAMED --add-opens=java.base/java.lang=ALL-UNNAMED --add-opens=java.base/java.lang.invoke=ALL-UNNAMED --add-opens=java.prefs/java.util.prefs=ALL-UNNAMED --add-opens=java.base/java.nio.charset=ALL-UNNAMED --add-opens=java.base/java.net=ALL-UNNAMED --add-opens=java.base/java.util.concurrent.atomic=ALL-UNNAMED -Xmx2048m -Dfile.encoding=UTF-8 -Duser.country=US -Duser.language=en -Duser.variant 
java_command: org.gradle.launcher.daemon.bootstrap.GradleDaemon 8.0
java_class_path (initial): C:\Users\23480\.gradle\wrapper\dists\gradle-8.0-bin\ca5e32bp14vu59qr306oxotwh\gradle-8.0\lib\gradle-launcher-8.0.jar
Launcher Type: SUN_STANDARD

[Global flags]
     intx CICompilerCount                          = 4                                         {product} {ergonomic}
     uint ConcGCThreads                            = 2                                         {product} {ergonomic}
     uint G1ConcRefinementThreads                  = 8                                         {product} {ergonomic}
   size_t G1HeapRegionSize                         = 1048576                                   {product} {ergonomic}
    uintx GCDrainStackTargetSize                   = 64                                        {product} {ergonomic}
   size_t InitialHeapSize                          = 123731968                                 {product} {ergonomic}
   size_t MarkStackSize                            = 4194304                                   {product} {ergonomic}
   size_t MaxHeapSize                              = 2147483648                                {product} {command line}
   size_t MaxNewSize                               = 1287651328                                {product} {ergonomic}
   size_t MinHeapDeltaBytes                        = 1048576                                   {product} {ergonomic}
   size_t MinHeapSize                              = 8388608                                   {product} {ergonomic}
    uintx NonNMethodCodeHeapSize                   = 5839372                                {pd product} {ergonomic}
    uintx NonProfiledCodeHeapSize                  = 122909434                              {pd product} {ergonomic}
    uintx ProfiledCodeHeapSize                     = 122909434                              {pd product} {ergonomic}
    uintx ReservedCodeCacheSize                    = 251658240                              {pd product} {ergonomic}
     bool SegmentedCodeCache                       = true                                      {product} {ergonomic}
   size_t SoftMaxHeapSize                          = 2147483648                             {manageable} {ergonomic}
     bool UseCompressedClassPointers               = true                           {product lp64_product} {ergonomic}
     bool UseCompressedOops                        = true                           {product lp64_product} {ergonomic}
     bool UseG1GC                                  = true                                      {product} {ergonomic}
     bool UseLargePagesIndividualAllocation        = false                                  {pd product} {ergonomic}

Logging:
Log output configuration:
 #0: stdout all=warning uptime,level,tags
 #1: stderr all=off uptime,level,tags

Environment Variables:
PATH=C:\WINDOWS\system32;C:\WINDOWS;C:\WINDOWS\System32\Wbem;C:\WINDOWS\System32\WindowsPowerShell\v1.0\;C:\WINDOWS\System32\OpenSSH\;C:\Program Files\nodejs\;C:\Program Files\Git\cmd;C:\Users\23480\AppData\Local\Programs\Python\Python311\Scripts\;C:\Users\23480\AppData\Local\Programs\Python\Python311\;C:\Users\23480\AppData\Local\Microsoft\WindowsApps;C:\Users\23480\AppData\Local\atom\bin;C:\Users\23480\AppData\Local\Programs\Microsoft VS Code\bin;C:\Users\23480\AppData\Local\Microsoft\WindowsApps;;C:\Program Files\JetBrains\IntelliJ IDEA Community Edition 2023.2.1\bin;;C:\Users\23480\AppData\Roaming\npm
USERNAME=23480
OS=Windows_NT
PROCESSOR_IDENTIFIER=AMD64 Family 23 Model 104 Stepping 1, AuthenticAMD
TMP=C:\Users\23480\AppData\Local\Temp
TEMP=C:\Users\23480\AppData\Local\Temp


JNI global refs:
JNI global refs: 27, weak refs: 25

JNI global refs memory usage: 843, weak refs: 841


---------------  S Y S T E M  ---------------

OS:
 Windows 11 , 64 bit Build 22621 (10.0.22621.3235)
OS uptime: 0 days 6:59 hours

CPU: total 8 (initial active 8) (8 cores per cpu, 2 threads per core) family 23 model 104 stepping 1 microcode 0x0, cx8, cmov, fxsr, ht, mmx, 3dnowpref, sse, sse2, sse3, ssse3, sse4a, sse4.1, sse4.2, popcnt, lzcnt, tsc, tscinvbit, avx, avx2, aes, clmul, bmi1, bmi2, adx, sha, fma, vzeroupper, clflush, clflushopt

Memory: 4k page, system-wide physical 7502M (389M free)
TotalPageFile size 11571M (AvailPageFile size 155M)
current process WorkingSet (physical memory assigned to process): 516M, peak: 517M
current process commit charge ("private bytes"): 568M, peak: 800M

vm_info: OpenJDK 64-Bit Server VM (17.0.6+0-b2043.56-10027231) for windows-amd64 JRE (17.0.6+0-b2043.56-10027231), built on Apr 28 2023 00:43:19 by "androidbuild" with MS VC++ 16.10 / 16.11 (VS2019)

END.
