#
# There is insufficient memory for the Java Runtime Environment to continue.
# Native memory allocation (mmap) failed to map 96468992 bytes for G1 virtual space
# Possible reasons:
#   The system is out of physical RAM or swap space
#   The process is running with CompressedOops enabled, and the Java Heap may be blocking the growth of the native heap
# Possible solutions:
#   Reduce memory load on the system
#   Increase physical memory or swap space
#   Check if swap backing store is full
#   Decrease Java heap size (-Xmx/-Xms)
#   Decrease number of Java threads
#   Decrease Java thread stack sizes (-Xss)
#   Set larger code cache with -XX:ReservedCodeCacheSize=
#   JVM is running with Unscaled Compressed Oops mode in which the Java heap is
#     placed in the first 4GB address space. The Java Heap base address is the
#     maximum limit for the native heap growth. Please use -XX:HeapBaseMinAddress
#     to set the Java Heap base and to place the Java Heap above 4GB virtual address.
# This output file may be truncated or incomplete.
#
#  Out of Memory Error (os_windows.cpp:3769), pid=6748, tid=22192
#
# JRE version: OpenJDK Runtime Environment (17.0.6) (build 17.0.6+0-b2043.56-10027231)
# Java VM: OpenJDK 64-Bit Server VM (17.0.6+0-b2043.56-10027231, mixed mode, tiered, compressed oops, compressed class ptrs, g1 gc, windows-amd64)
# No core dump will be written. Minidumps are not enabled by default on client versions of Windows
#

---------------  S U M M A R Y ------------

Command Line: --add-opens=java.base/java.util=ALL-UNNAMED --add-opens=java.base/java.lang=ALL-UNNAMED --add-opens=java.base/java.lang.invoke=ALL-UNNAMED --add-opens=java.prefs/java.util.prefs=ALL-UNNAMED --add-opens=java.base/java.nio.charset=ALL-UNNAMED --add-opens=java.base/java.net=ALL-UNNAMED --add-opens=java.base/java.util.concurrent.atomic=ALL-UNNAMED -Xmx2048m -Dfile.encoding=UTF-8 -Duser.country=US -Duser.language=en -Duser.variant org.gradle.launcher.daemon.bootstrap.GradleDaemon 8.0

Host: AMD Ryzen 3 5300U with Radeon Graphics         , 8 cores, 7G,  Windows 11 , 64 bit Build 22621 (10.0.22621.3235)
Time: Fri Mar 22 11:19:56 2024 W. Central Africa Standard Time elapsed time: 23.849297 seconds (0d 0h 0m 23s)

---------------  T H R E A D  ---------------

Current thread (0x000002487edd1a40):  VMThread "VM Thread" [stack: 0x00000097bb100000,0x00000097bb200000] [id=22192]

Stack: [0x00000097bb100000,0x00000097bb200000]
Native frames: (J=compiled Java code, j=interpreted, Vv=VM code, C=native code)
V  [jvm.dll+0x683c9a]
V  [jvm.dll+0x8427a4]
V  [jvm.dll+0x843f9e]
V  [jvm.dll+0x844603]
V  [jvm.dll+0x249b75]
V  [jvm.dll+0x680b69]
V  [jvm.dll+0x67505a]
V  [jvm.dll+0x309acb]
V  [jvm.dll+0x310f86]
V  [jvm.dll+0x3608ee]
V  [jvm.dll+0x360b1f]
V  [jvm.dll+0x2dfbf8]
V  [jvm.dll+0x2ddec4]
V  [jvm.dll+0x2dd4cc]
V  [jvm.dll+0x321f3b]
V  [jvm.dll+0x848ccb]
V  [jvm.dll+0x849a04]
V  [jvm.dll+0x849f1d]
V  [jvm.dll+0x84a2f4]
V  [jvm.dll+0x84a3c0]
V  [jvm.dll+0x7f274a]
V  [jvm.dll+0x682ad5]
C  [ucrtbase.dll+0x29363]
C  [KERNEL32.DLL+0x1257d]
C  [ntdll.dll+0x5aa58]

VM_Operation (0x00000097bc8f2db0): G1CollectForAllocation, mode: safepoint, requested by thread 0x0000024814587590


---------------  P R O C E S S  ---------------

Threads class SMR info:
_java_thread_list=0x000002481732a730, length=125, elements={
0x0000024875fad410, 0x000002487edf4a80, 0x000002487edf58f0, 0x000002487eddec00,
0x000002487eddf7b0, 0x000002487f824000, 0x000002487f8270e0, 0x000002487f828ac0,
0x000002487f83b480, 0x000002487f846260, 0x000002487f9baf40, 0x000002487f9bbe30,
0x00000248141595f0, 0x0000024814642000, 0x0000024813da6080, 0x0000024813e32090,
0x0000024814347420, 0x000002481527b080, 0x0000024814587590, 0x0000024815067550,
0x000002481506a0a0, 0x0000024815067a20, 0x0000024815067080, 0x0000024815067ef0,
0x0000024815068890, 0x00000248150683c0, 0x0000024815068d60, 0x0000024815069230,
0x0000024815069700, 0x0000024815069bd0, 0x000002481506a570, 0x000002481506aa40,
0x0000024815825d60, 0x0000024815826700, 0x0000024815821a00, 0x00000248158223a0,
0x0000024815827f10, 0x0000024815823bb0, 0x0000024815821ed0, 0x0000024815826bd0,
0x00000248158253c0, 0x00000248158270a0, 0x0000024815824080, 0x0000024815827570,
0x0000024815826230, 0x0000024815827a40, 0x0000024815822d40, 0x0000024815821060,
0x00000248158283e0, 0x0000024815822870, 0x00000248158288b0, 0x00000248158236e0,
0x0000024815824550, 0x0000024817871240, 0x0000024817870d70, 0x000002481786cee0,
0x00000248178708a0, 0x000002481786bba0, 0x000002481786c070, 0x00000248178699f0,
0x000002481786c540, 0x000002481786a860, 0x000002481786d880, 0x000002481786dd50,
0x000002481786d3b0, 0x000002481786ca10, 0x000002481786b200, 0x000002481786e6f0,
0x000002481786a390, 0x000002481786ebc0, 0x000002481786f560, 0x000002481786e220,
0x000002481786b6d0, 0x000002481786ad30, 0x000002481786f090, 0x000002481786fa30,
0x000002481786ff00, 0x00000248178703d0, 0x0000024817869ec0, 0x000002481735c700,
0x000002481735a080, 0x000002481735d0a0, 0x000002481735aa20, 0x000002481735bd60,
0x000002481735c230, 0x00000248173596e0, 0x000002481735cbd0, 0x0000024817359210,
0x000002481735b890, 0x000002481735e8b0, 0x000002481735d570, 0x0000024817357530,
0x000002481735a550, 0x000002481735da40, 0x000002481735e3e0, 0x0000024817357a00,
0x0000024817358d40, 0x0000024817358870, 0x000002481735df10, 0x0000024817357060,
0x0000024817357ed0, 0x00000248173583a0, 0x0000024817359bb0, 0x000002481735aef0,
0x000002481735b3c0, 0x0000024817a1ea70, 0x0000024817a198a0, 0x0000024817a1c3f0,
0x0000024817a1f8e0, 0x0000024817a1d730, 0x0000024817a1abe0, 0x0000024817a1dc00,
0x0000024817a1d260, 0x0000024817a1e0d0, 0x0000024817a1c8c0, 0x0000024817a1cd90,
0x0000024817a1fdb0, 0x0000024817a1e5a0, 0x0000024817a1ef40, 0x0000024817a1a710,
0x0000024817a1bf20, 0x0000024817a19d70, 0x0000024817a1a240, 0x0000024817a20280,
0x0000024817a1f410
}

Java Threads: ( => current thread )
  0x0000024875fad410 JavaThread "main" [_thread_blocked, id=14536, stack(0x00000097bab00000,0x00000097bac00000)]
  0x000002487edf4a80 JavaThread "Reference Handler" daemon [_thread_blocked, id=21872, stack(0x00000097bb200000,0x00000097bb300000)]
  0x000002487edf58f0 JavaThread "Finalizer" daemon [_thread_blocked, id=11304, stack(0x00000097bb300000,0x00000097bb400000)]
  0x000002487eddec00 JavaThread "Signal Dispatcher" daemon [_thread_blocked, id=22200, stack(0x00000097bb400000,0x00000097bb500000)]
  0x000002487eddf7b0 JavaThread "Attach Listener" daemon [_thread_blocked, id=14416, stack(0x00000097bb500000,0x00000097bb600000)]
  0x000002487f824000 JavaThread "Service Thread" daemon [_thread_blocked, id=17560, stack(0x00000097bb600000,0x00000097bb700000)]
  0x000002487f8270e0 JavaThread "Monitor Deflation Thread" daemon [_thread_blocked, id=12344, stack(0x00000097bb700000,0x00000097bb800000)]
  0x000002487f828ac0 JavaThread "C2 CompilerThread0" daemon [_thread_blocked, id=2948, stack(0x00000097bb800000,0x00000097bb900000)]
  0x000002487f83b480 JavaThread "C1 CompilerThread0" daemon [_thread_blocked, id=17664, stack(0x00000097bb900000,0x00000097bba00000)]
  0x000002487f846260 JavaThread "Sweeper thread" daemon [_thread_blocked, id=10072, stack(0x00000097bba00000,0x00000097bbb00000)]
  0x000002487f9baf40 JavaThread "Common-Cleaner" daemon [_thread_blocked, id=21656, stack(0x00000097bbb00000,0x00000097bbc00000)]
  0x000002487f9bbe30 JavaThread "Notification Thread" daemon [_thread_blocked, id=16944, stack(0x00000097bbc00000,0x00000097bbd00000)]
  0x00000248141595f0 JavaThread "Daemon health stats" [_thread_blocked, id=16584, stack(0x00000097bc200000,0x00000097bc300000)]
  0x0000024814642000 JavaThread "Incoming local TCP Connector on port 51466" [_thread_in_native, id=2148, stack(0x00000097bc300000,0x00000097bc400000)]
  0x0000024813da6080 JavaThread "Daemon periodic checks" [_thread_blocked, id=7428, stack(0x00000097bc400000,0x00000097bc500000)]
  0x0000024813e32090 JavaThread "Daemon" [_thread_blocked, id=19836, stack(0x00000097bc500000,0x00000097bc600000)]
  0x0000024814347420 JavaThread "Handler for socket connection from /127.0.0.1:51466 to /127.0.0.1:51467" [_thread_in_native, id=20576, stack(0x00000097bc600000,0x00000097bc700000)]
  0x000002481527b080 JavaThread "Cancel handler" [_thread_blocked, id=7688, stack(0x00000097bc700000,0x00000097bc800000)]
  0x0000024814587590 JavaThread "Daemon worker" [_thread_blocked, id=18136, stack(0x00000097bc800000,0x00000097bc900000)]
  0x0000024815067550 JavaThread "Asynchronous log dispatcher for DefaultDaemonConnection: socket connection from /127.0.0.1:51466 to /127.0.0.1:51467" [_thread_blocked, id=18580, stack(0x00000097bc900000,0x00000097bca00000)]
  0x000002481506a0a0 JavaThread "Stdin handler" [_thread_blocked, id=756, stack(0x00000097bca00000,0x00000097bcb00000)]
  0x0000024815067a20 JavaThread "Daemon client event forwarder" [_thread_blocked, id=22308, stack(0x00000097bcb00000,0x00000097bcc00000)]
  0x0000024815067080 JavaThread "Cache worker for journal cache (C:\Users\23480\.gradle\caches\journal-1)" [_thread_blocked, id=12932, stack(0x00000097bd000000,0x00000097bd100000)]
  0x0000024815067ef0 JavaThread "File lock request listener" [_thread_in_native, id=7472, stack(0x00000097bd100000,0x00000097bd200000)]
  0x0000024815068890 JavaThread "Cache worker for file hash cache (C:\Users\23480\.gradle\caches\8.0\fileHashes)" [_thread_blocked, id=16684, stack(0x00000097bd200000,0x00000097bd300000)]
  0x00000248150683c0 JavaThread "File watcher server" daemon [_thread_in_native, id=15836, stack(0x00000097bd300000,0x00000097bd400000)]
  0x0000024815068d60 JavaThread "File watcher consumer" daemon [_thread_blocked, id=20880, stack(0x00000097bd400000,0x00000097bd500000)]
  0x0000024815069230 JavaThread "jar transforms" [_thread_blocked, id=22132, stack(0x00000097bd500000,0x00000097bd600000)]
  0x0000024815069700 JavaThread "jar transforms Thread 2" [_thread_blocked, id=10840, stack(0x00000097bd600000,0x00000097bd700000)]
  0x0000024815069bd0 JavaThread "jar transforms Thread 3" [_thread_blocked, id=8960, stack(0x00000097bd700000,0x00000097bd800000)]
  0x000002481506a570 JavaThread "jar transforms Thread 4" [_thread_blocked, id=14576, stack(0x00000097bd800000,0x00000097bd900000)]
  0x000002481506aa40 JavaThread "jar transforms Thread 5" [_thread_blocked, id=22408, stack(0x00000097bd900000,0x00000097bda00000)]
  0x0000024815825d60 JavaThread "jar transforms Thread 6" [_thread_blocked, id=16992, stack(0x00000097bda00000,0x00000097bdb00000)]
  0x0000024815826700 JavaThread "jar transforms Thread 7" [_thread_blocked, id=1532, stack(0x00000097bdb00000,0x00000097bdc00000)]
  0x0000024815821a00 JavaThread "jar transforms Thread 8" [_thread_blocked, id=20780, stack(0x00000097bdc00000,0x00000097bdd00000)]
  0x00000248158223a0 JavaThread "Cache worker for checksums cache (C:\Users\23480\Documents\androidproject\TaskApp\.gradle\8.0\checksums)" [_thread_blocked, id=3408, stack(0x00000097bdd00000,0x00000097bde00000)]
  0x0000024815827f10 JavaThread "Cache worker for cache directory md-rule (C:\Users\23480\.gradle\caches\8.0\md-rule)" [_thread_blocked, id=7848, stack(0x00000097bde00000,0x00000097bdf00000)]
  0x0000024815823bb0 JavaThread "Cache worker for file content cache (C:\Users\23480\.gradle\caches\8.0\fileContent)" [_thread_blocked, id=12612, stack(0x00000097bdf00000,0x00000097be000000)]
  0x0000024815821ed0 JavaThread "Cache worker for file hash cache (C:\Users\23480\Documents\androidproject\TaskApp\.gradle\8.0\fileHashes)" [_thread_blocked, id=14180, stack(0x00000097be000000,0x00000097be100000)]
  0x0000024815826bd0 JavaThread "Cache worker for cache directory md-supplier (C:\Users\23480\.gradle\caches\8.0\md-supplier)" [_thread_blocked, id=22116, stack(0x00000097be100000,0x00000097be200000)]
  0x00000248158253c0 JavaThread "Cache worker for execution history cache (C:\Users\23480\.gradle\caches\8.0\executionHistory)" [_thread_blocked, id=22428, stack(0x00000097be200000,0x00000097be300000)]
  0x00000248158270a0 JavaThread "Cache worker for kotlin-dsl (C:\Users\23480\.gradle\caches\8.0\kotlin-dsl)" [_thread_blocked, id=22488, stack(0x00000097be300000,0x00000097be400000)]
  0x0000024815824080 JavaThread "Cache worker for dependencies-accessors (C:\Users\23480\Documents\androidproject\TaskApp\.gradle\8.0\dependencies-accessors)" [_thread_blocked, id=19136, stack(0x00000097be400000,0x00000097be500000)]
  0x0000024815827570 JavaThread "Cache worker for Build Output Cleanup Cache (C:\Users\23480\Documents\androidproject\TaskApp\.gradle\buildOutputCleanup)" [_thread_blocked, id=11512, stack(0x00000097be500000,0x00000097be600000)]
  0x0000024815826230 JavaThread "Unconstrained build operations" [_thread_blocked, id=8048, stack(0x00000097be600000,0x00000097be700000)]
  0x0000024815827a40 JavaThread "Unconstrained build operations Thread 2" [_thread_blocked, id=1972, stack(0x00000097be700000,0x00000097be800000)]
  0x0000024815822d40 JavaThread "Unconstrained build operations Thread 3" [_thread_blocked, id=21024, stack(0x00000097be800000,0x00000097be900000)]
  0x0000024815821060 JavaThread "Unconstrained build operations Thread 4" [_thread_blocked, id=17764, stack(0x00000097be900000,0x00000097bea00000)]
  0x00000248158283e0 JavaThread "Unconstrained build operations Thread 5" [_thread_blocked, id=17444, stack(0x00000097bea00000,0x00000097beb00000)]
  0x0000024815822870 JavaThread "Unconstrained build operations Thread 6" [_thread_blocked, id=11008, stack(0x00000097beb00000,0x00000097bec00000)]
  0x00000248158288b0 JavaThread "Unconstrained build operations Thread 7" [_thread_blocked, id=15732, stack(0x00000097bec00000,0x00000097bed00000)]
  0x00000248158236e0 JavaThread "Unconstrained build operations Thread 8" [_thread_blocked, id=22060, stack(0x00000097bed00000,0x00000097bee00000)]
  0x0000024815824550 JavaThread "Unconstrained build operations Thread 9" [_thread_blocked, id=6532, stack(0x00000097bee00000,0x00000097bef00000)]
  0x0000024817871240 JavaThread "Unconstrained build operations Thread 10" [_thread_blocked, id=2200, stack(0x00000097bef00000,0x00000097bf000000)]
  0x0000024817870d70 JavaThread "Unconstrained build operations Thread 11" [_thread_blocked, id=6896, stack(0x00000097bf000000,0x00000097bf100000)]
  0x000002481786cee0 JavaThread "Unconstrained build operations Thread 12" [_thread_blocked, id=13740, stack(0x00000097bf100000,0x00000097bf200000)]
  0x00000248178708a0 JavaThread "Unconstrained build operations Thread 13" [_thread_blocked, id=21708, stack(0x00000097bf200000,0x00000097bf300000)]
  0x000002481786bba0 JavaThread "Unconstrained build operations Thread 14" [_thread_blocked, id=6888, stack(0x00000097bf300000,0x00000097bf400000)]
  0x000002481786c070 JavaThread "Unconstrained build operations Thread 15" [_thread_blocked, id=12920, stack(0x00000097bf400000,0x00000097bf500000)]
  0x00000248178699f0 JavaThread "Unconstrained build operations Thread 16" [_thread_blocked, id=20264, stack(0x00000097bf500000,0x00000097bf600000)]
  0x000002481786c540 JavaThread "Unconstrained build operations Thread 17" [_thread_blocked, id=12228, stack(0x00000097bf600000,0x00000097bf700000)]
  0x000002481786a860 JavaThread "Unconstrained build operations Thread 18" [_thread_blocked, id=10636, stack(0x00000097bf700000,0x00000097bf800000)]
  0x000002481786d880 JavaThread "Unconstrained build operations Thread 19" [_thread_blocked, id=10364, stack(0x00000097bf800000,0x00000097bf900000)]
  0x000002481786dd50 JavaThread "Unconstrained build operations Thread 20" [_thread_blocked, id=17696, stack(0x00000097bf900000,0x00000097bfa00000)]
  0x000002481786d3b0 JavaThread "Unconstrained build operations Thread 21" [_thread_blocked, id=8932, stack(0x00000097bfa00000,0x00000097bfb00000)]
  0x000002481786ca10 JavaThread "Unconstrained build operations Thread 22" [_thread_blocked, id=20088, stack(0x00000097bfb00000,0x00000097bfc00000)]
  0x000002481786b200 JavaThread "Unconstrained build operations Thread 23" [_thread_blocked, id=14896, stack(0x00000097bfc00000,0x00000097bfd00000)]
  0x000002481786e6f0 JavaThread "Unconstrained build operations Thread 24" [_thread_blocked, id=19764, stack(0x00000097bfd00000,0x00000097bfe00000)]
  0x000002481786a390 JavaThread "Unconstrained build operations Thread 25" [_thread_blocked, id=11148, stack(0x00000097bfe00000,0x00000097bff00000)]
  0x000002481786ebc0 JavaThread "Unconstrained build operations Thread 26" [_thread_blocked, id=1556, stack(0x00000097bff00000,0x00000097c0000000)]
  0x000002481786f560 JavaThread "Unconstrained build operations Thread 27" [_thread_blocked, id=11576, stack(0x00000097c0000000,0x00000097c0100000)]
  0x000002481786e220 JavaThread "Unconstrained build operations Thread 28" [_thread_blocked, id=16740, stack(0x00000097c0100000,0x00000097c0200000)]
  0x000002481786b6d0 JavaThread "Unconstrained build operations Thread 29" [_thread_blocked, id=16772, stack(0x00000097c0200000,0x00000097c0300000)]
  0x000002481786ad30 JavaThread "Unconstrained build operations Thread 30" [_thread_blocked, id=18592, stack(0x00000097c0300000,0x00000097c0400000)]
  0x000002481786f090 JavaThread "Unconstrained build operations Thread 31" [_thread_blocked, id=21284, stack(0x00000097c0400000,0x00000097c0500000)]
  0x000002481786fa30 JavaThread "Unconstrained build operations Thread 32" [_thread_blocked, id=15580, stack(0x00000097c0500000,0x00000097c0600000)]
  0x000002481786ff00 JavaThread "Unconstrained build operations Thread 33" [_thread_blocked, id=18220, stack(0x00000097c0600000,0x00000097c0700000)]
  0x00000248178703d0 JavaThread "Unconstrained build operations Thread 34" [_thread_blocked, id=14908, stack(0x00000097c0700000,0x00000097c0800000)]
  0x0000024817869ec0 JavaThread "Unconstrained build operations Thread 35" [_thread_blocked, id=22436, stack(0x00000097c0800000,0x00000097c0900000)]
  0x000002481735c700 JavaThread "Unconstrained build operations Thread 36" [_thread_blocked, id=15220, stack(0x00000097c0900000,0x00000097c0a00000)]
  0x000002481735a080 JavaThread "Unconstrained build operations Thread 37" [_thread_blocked, id=10232, stack(0x00000097c0a00000,0x00000097c0b00000)]
  0x000002481735d0a0 JavaThread "Unconstrained build operations Thread 38" [_thread_blocked, id=2780, stack(0x00000097c0b00000,0x00000097c0c00000)]
  0x000002481735aa20 JavaThread "Unconstrained build operations Thread 39" [_thread_blocked, id=17484, stack(0x00000097c0c00000,0x00000097c0d00000)]
  0x000002481735bd60 JavaThread "Unconstrained build operations Thread 40" [_thread_blocked, id=6452, stack(0x00000097c0d00000,0x00000097c0e00000)]
  0x000002481735c230 JavaThread "Unconstrained build operations Thread 41" [_thread_blocked, id=3784, stack(0x00000097c0e00000,0x00000097c0f00000)]
  0x00000248173596e0 JavaThread "Unconstrained build operations Thread 42" [_thread_blocked, id=16396, stack(0x00000097c0f00000,0x00000097c1000000)]
  0x000002481735cbd0 JavaThread "Unconstrained build operations Thread 43" [_thread_blocked, id=19672, stack(0x00000097c1000000,0x00000097c1100000)]
  0x0000024817359210 JavaThread "Unconstrained build operations Thread 44" [_thread_blocked, id=7452, stack(0x00000097c1100000,0x00000097c1200000)]
  0x000002481735b890 JavaThread "Unconstrained build operations Thread 45" [_thread_blocked, id=10472, stack(0x00000097c1200000,0x00000097c1300000)]
  0x000002481735e8b0 JavaThread "Unconstrained build operations Thread 46" [_thread_blocked, id=10212, stack(0x00000097c1300000,0x00000097c1400000)]
  0x000002481735d570 JavaThread "Unconstrained build operations Thread 47" [_thread_blocked, id=1792, stack(0x00000097c1400000,0x00000097c1500000)]
  0x0000024817357530 JavaThread "Unconstrained build operations Thread 48" [_thread_blocked, id=1160, stack(0x00000097c1500000,0x00000097c1600000)]
  0x000002481735a550 JavaThread "Unconstrained build operations Thread 49" [_thread_blocked, id=19364, stack(0x00000097c1600000,0x00000097c1700000)]
  0x000002481735da40 JavaThread "Unconstrained build operations Thread 50" [_thread_blocked, id=13464, stack(0x00000097c1700000,0x00000097c1800000)]
  0x000002481735e3e0 JavaThread "Unconstrained build operations Thread 51" [_thread_blocked, id=9236, stack(0x00000097c1800000,0x00000097c1900000)]
  0x0000024817357a00 JavaThread "Unconstrained build operations Thread 52" [_thread_blocked, id=1968, stack(0x00000097c1900000,0x00000097c1a00000)]
  0x0000024817358d40 JavaThread "Unconstrained build operations Thread 53" [_thread_blocked, id=21240, stack(0x00000097c1a00000,0x00000097c1b00000)]
  0x0000024817358870 JavaThread "Unconstrained build operations Thread 54" [_thread_blocked, id=11324, stack(0x00000097c1b00000,0x00000097c1c00000)]
  0x000002481735df10 JavaThread "Unconstrained build operations Thread 55" [_thread_blocked, id=15688, stack(0x00000097c1c00000,0x00000097c1d00000)]
  0x0000024817357060 JavaThread "Unconstrained build operations Thread 56" [_thread_blocked, id=20356, stack(0x00000097c1d00000,0x00000097c1e00000)]
  0x0000024817357ed0 JavaThread "Unconstrained build operations Thread 57" [_thread_blocked, id=16824, stack(0x00000097c1e00000,0x00000097c1f00000)]
  0x00000248173583a0 JavaThread "Unconstrained build operations Thread 58" [_thread_blocked, id=8392, stack(0x00000097c1f00000,0x00000097c2000000)]
  0x0000024817359bb0 JavaThread "Unconstrained build operations Thread 59" [_thread_blocked, id=14392, stack(0x00000097c2000000,0x00000097c2100000)]
  0x000002481735aef0 JavaThread "Unconstrained build operations Thread 60" [_thread_blocked, id=7776, stack(0x00000097c2100000,0x00000097c2200000)]
  0x000002481735b3c0 JavaThread "Unconstrained build operations Thread 61" [_thread_blocked, id=22504, stack(0x00000097c2200000,0x00000097c2300000)]
  0x0000024817a1ea70 JavaThread "Unconstrained build operations Thread 62" [_thread_blocked, id=14788, stack(0x00000097c2300000,0x00000097c2400000)]
  0x0000024817a198a0 JavaThread "Unconstrained build operations Thread 63" [_thread_blocked, id=13160, stack(0x00000097c2400000,0x00000097c2500000)]
  0x0000024817a1c3f0 JavaThread "Unconstrained build operations Thread 64" [_thread_blocked, id=10828, stack(0x00000097c2500000,0x00000097c2600000)]
  0x0000024817a1f8e0 JavaThread "Unconstrained build operations Thread 65" [_thread_blocked, id=17588, stack(0x00000097c2600000,0x00000097c2700000)]
  0x0000024817a1d730 JavaThread "Unconstrained build operations Thread 66" [_thread_blocked, id=22296, stack(0x00000097c2700000,0x00000097c2800000)]
  0x0000024817a1abe0 JavaThread "Unconstrained build operations Thread 67" [_thread_blocked, id=11872, stack(0x00000097c2800000,0x00000097c2900000)]
  0x0000024817a1dc00 JavaThread "Unconstrained build operations Thread 68" [_thread_blocked, id=22484, stack(0x00000097c2900000,0x00000097c2a00000)]
  0x0000024817a1d260 JavaThread "Unconstrained build operations Thread 69" [_thread_blocked, id=21692, stack(0x00000097c2a00000,0x00000097c2b00000)]
  0x0000024817a1e0d0 JavaThread "Unconstrained build operations Thread 70" [_thread_blocked, id=15740, stack(0x00000097c2b00000,0x00000097c2c00000)]
  0x0000024817a1c8c0 JavaThread "Unconstrained build operations Thread 71" [_thread_blocked, id=22220, stack(0x00000097c2c00000,0x00000097c2d00000)]
  0x0000024817a1cd90 JavaThread "Unconstrained build operations Thread 72" [_thread_blocked, id=22380, stack(0x00000097c2d00000,0x00000097c2e00000)]
  0x0000024817a1fdb0 JavaThread "Unconstrained build operations Thread 73" [_thread_blocked, id=19756, stack(0x00000097c2e00000,0x00000097c2f00000)]
  0x0000024817a1e5a0 JavaThread "Unconstrained build operations Thread 74" [_thread_blocked, id=22400, stack(0x00000097c2f00000,0x00000097c3000000)]
  0x0000024817a1ef40 JavaThread "Unconstrained build operations Thread 75" [_thread_blocked, id=8752, stack(0x00000097c3000000,0x00000097c3100000)]
  0x0000024817a1a710 JavaThread "Unconstrained build operations Thread 76" [_thread_blocked, id=6836, stack(0x00000097c3100000,0x00000097c3200000)]
  0x0000024817a1bf20 JavaThread "Unconstrained build operations Thread 77" [_thread_blocked, id=6820, stack(0x00000097c3200000,0x00000097c3300000)]
  0x0000024817a19d70 JavaThread "Unconstrained build operations Thread 78" [_thread_blocked, id=16392, stack(0x00000097c3300000,0x00000097c3400000)]
  0x0000024817a1a240 JavaThread "Unconstrained build operations Thread 79" [_thread_blocked, id=11884, stack(0x00000097c3400000,0x00000097c3500000)]
  0x0000024817a20280 JavaThread "Unconstrained build operations Thread 80" [_thread_blocked, id=22360, stack(0x00000097c3500000,0x00000097c3600000)]
  0x0000024817a1f410 JavaThread "Memory manager" [_thread_blocked, id=21540, stack(0x00000097c3600000,0x00000097c3700000)]

Other Threads:
=>0x000002487edd1a40 VMThread "VM Thread" [stack: 0x00000097bb100000,0x00000097bb200000] [id=22192]
  0x0000024876034700 WatcherThread [stack: 0x00000097bbd00000,0x00000097bbe00000] [id=9540]
  0x000002487600a5b0 GCTaskThread "GC Thread#0" [stack: 0x00000097bac00000,0x00000097bad00000] [id=22512]
  0x00000248136c8d90 GCTaskThread "GC Thread#1" [stack: 0x00000097bbe00000,0x00000097bbf00000] [id=22508]
  0x00000248139014c0 GCTaskThread "GC Thread#2" [stack: 0x00000097bbf00000,0x00000097bc000000] [id=12536]
  0x0000024813905780 GCTaskThread "GC Thread#3" [stack: 0x00000097bc000000,0x00000097bc100000] [id=8296]
  0x0000024813030430 GCTaskThread "GC Thread#4" [stack: 0x00000097bc100000,0x00000097bc200000] [id=12572]
  0x0000024814348510 GCTaskThread "GC Thread#5" [stack: 0x00000097bcc00000,0x00000097bcd00000] [id=20556]
  0x0000024813eaf2a0 GCTaskThread "GC Thread#6" [stack: 0x00000097bcd00000,0x00000097bce00000] [id=22352]
  0x00000248142e5890 GCTaskThread "GC Thread#7" [stack: 0x00000097bce00000,0x00000097bcf00000] [id=15188]
  0x000002487601b4f0 ConcurrentGCThread "G1 Main Marker" [stack: 0x00000097bad00000,0x00000097bae00000] [id=21976]
  0x000002487601c6a0 ConcurrentGCThread "G1 Conc#0" [stack: 0x00000097bae00000,0x00000097baf00000] [id=5296]
  0x0000024814609c30 ConcurrentGCThread "G1 Conc#1" [stack: 0x00000097bcf00000,0x00000097bd000000] [id=20580]
  0x000002487ec240c0 ConcurrentGCThread "G1 Refine#0" [stack: 0x00000097baf00000,0x00000097bb000000] [id=21564]
  0x0000024817c452f0 ConcurrentGCThread "G1 Refine#1" [stack: 0x00000097c3700000,0x00000097c3800000] [id=21836]
  0x0000024817c43630 ConcurrentGCThread "G1 Refine#2" [stack: 0x00000097c3800000,0x00000097c3900000] [id=17196]
  0x0000024817c45e70 ConcurrentGCThread "G1 Refine#3" [stack: 0x00000097c3900000,0x00000097c3a00000] [id=16776]
  0x0000024817c455d0 ConcurrentGCThread "G1 Refine#4" [stack: 0x00000097c3a00000,0x00000097c3b00000] [id=4872]
  0x0000024817c469f0 ConcurrentGCThread "G1 Refine#5" [stack: 0x00000097c3b00000,0x00000097c3c00000] [id=20132]
  0x0000024817c46150 ConcurrentGCThread "G1 Refine#6" [stack: 0x00000097c3c00000,0x00000097c3d00000] [id=16460]
  0x000002487ec248f0 ConcurrentGCThread "G1 Service" [stack: 0x00000097bb000000,0x00000097bb100000] [id=18616]

Threads with active compile tasks:
C2 CompilerThread0    23910 8435 %     4       org.jetbrains.kotlin.com.intellij.openapi.vfs.impl.jar.CoreJarHandler::<init> @ 64 (236 bytes)

VM state: at safepoint (normal execution)

VM Mutex/Monitor currently owned by a thread:  ([mutex/lock_event])
[0x0000024875fa9570] Threads_lock - owner thread: 0x000002487edd1a40
[0x0000024875fa8b50] Heap_lock - owner thread: 0x0000024814587590

Heap address: 0x0000000080000000, size: 2048 MB, Compressed Oops mode: 32-bit

CDS archive(s) not mapped
Compressed class space mapped at: 0x0000000100000000-0x0000000140000000, reserved size: 1073741824
Narrow klass base: 0x0000000000000000, Narrow klass shift: 3, Narrow klass range: 0x140000000

GC Precious Log:
 CPUs: 8 total, 8 available
 Memory: 7502M
 Large Page Support: Disabled
 NUMA Support: Disabled
 Compressed Oops: Enabled (32-bit)
 Heap Region Size: 1M
 Heap Min Capacity: 8M
 Heap Initial Capacity: 118M
 Heap Max Capacity: 2G
 Pre-touch: Disabled
 Parallel Workers: 8
 Concurrent Workers: 2
 Concurrent Refinement Workers: 8
 Periodic GC: Disabled

Heap:
 garbage-first heap   total 208896K, used 136904K [0x0000000080000000, 0x0000000100000000)
  region size 1024K, 6 young (6144K), 6 survivors (6144K)
 Metaspace       used 93442K, committed 94208K, reserved 1130496K
  class space    used 12802K, committed 13120K, reserved 1048576K

Heap Regions: E=young(eden), S=young(survivor), O=old, HS=humongous(starts), HC=humongous(continues), CS=collection set, F=free, OA=open archive, CA=closed archive, TAMS=top-at-mark-start (previous, next)
|   0|0x0000000080000000, 0x0000000080100000, 0x0000000080100000|100%|HS|  |TAMS 0x0000000080100000, 0x0000000080100000| Complete 
|   1|0x0000000080100000, 0x0000000080200000, 0x0000000080200000|100%|HC|  |TAMS 0x0000000080200000, 0x0000000080200000| Complete 
|   2|0x0000000080200000, 0x0000000080300000, 0x0000000080300000|100%|HC|  |TAMS 0x0000000080300000, 0x0000000080300000| Complete 
|   3|0x0000000080300000, 0x0000000080400000, 0x0000000080400000|100%|HC|  |TAMS 0x0000000080400000, 0x0000000080400000| Complete 
|   4|0x0000000080400000, 0x0000000080500000, 0x0000000080500000|100%| O|  |TAMS 0x0000000080500000, 0x0000000080500000| Untracked 
|   5|0x0000000080500000, 0x0000000080600000, 0x0000000080600000|100%| O|  |TAMS 0x0000000080600000, 0x0000000080600000| Untracked 
|   6|0x0000000080600000, 0x0000000080700000, 0x0000000080700000|100%| O|  |TAMS 0x0000000080700000, 0x0000000080700000| Untracked 
|   7|0x0000000080700000, 0x0000000080800000, 0x0000000080800000|100%| O|  |TAMS 0x0000000080800000, 0x0000000080800000| Untracked 
|   8|0x0000000080800000, 0x0000000080900000, 0x0000000080900000|100%| O|  |TAMS 0x0000000080900000, 0x0000000080900000| Untracked 
|   9|0x0000000080900000, 0x0000000080a00000, 0x0000000080a00000|100%| O|  |TAMS 0x0000000080a00000, 0x0000000080a00000| Untracked 
|  10|0x0000000080a00000, 0x0000000080b00000, 0x0000000080b00000|100%| O|  |TAMS 0x0000000080b00000, 0x0000000080b00000| Untracked 
|  11|0x0000000080b00000, 0x0000000080c00000, 0x0000000080c00000|100%| O|  |TAMS 0x0000000080c00000, 0x0000000080c00000| Untracked 
|  12|0x0000000080c00000, 0x0000000080d00000, 0x0000000080d00000|100%| O|  |TAMS 0x0000000080d00000, 0x0000000080d00000| Untracked 
|  13|0x0000000080d00000, 0x0000000080e00000, 0x0000000080e00000|100%| O|  |TAMS 0x0000000080e00000, 0x0000000080e00000| Untracked 
|  14|0x0000000080e00000, 0x0000000080f00000, 0x0000000080f00000|100%| O|  |TAMS 0x0000000080f00000, 0x0000000080f00000| Untracked 
|  15|0x0000000080f00000, 0x0000000081000000, 0x0000000081000000|100%| O|  |TAMS 0x0000000081000000, 0x0000000081000000| Untracked 
|  16|0x0000000081000000, 0x0000000081100000, 0x0000000081100000|100%| O|  |TAMS 0x0000000081100000, 0x0000000081100000| Untracked 
|  17|0x0000000081100000, 0x0000000081200000, 0x0000000081200000|100%| O|  |TAMS 0x0000000081200000, 0x0000000081200000| Untracked 
|  18|0x0000000081200000, 0x0000000081300000, 0x0000000081300000|100%|HS|  |TAMS 0x0000000081300000, 0x0000000081300000| Complete 
|  19|0x0000000081300000, 0x0000000081400000, 0x0000000081400000|100%|HC|  |TAMS 0x0000000081400000, 0x0000000081400000| Complete 
|  20|0x0000000081400000, 0x0000000081500000, 0x0000000081500000|100%| O|  |TAMS 0x0000000081500000, 0x0000000081500000| Untracked 
|  21|0x0000000081500000, 0x0000000081600000, 0x0000000081600000|100%| O|  |TAMS 0x0000000081600000, 0x0000000081600000| Untracked 
|  22|0x0000000081600000, 0x0000000081700000, 0x0000000081700000|100%| O|  |TAMS 0x0000000081700000, 0x0000000081700000| Untracked 
|  23|0x0000000081700000, 0x0000000081800000, 0x0000000081800000|100%|HS|  |TAMS 0x0000000081800000, 0x0000000081800000| Complete 
|  24|0x0000000081800000, 0x0000000081900000, 0x0000000081900000|100%|HC|  |TAMS 0x0000000081900000, 0x0000000081900000| Complete 
|  25|0x0000000081900000, 0x0000000081a00000, 0x0000000081a00000|100%|HC|  |TAMS 0x0000000081a00000, 0x0000000081a00000| Complete 
|  26|0x0000000081a00000, 0x0000000081b00000, 0x0000000081b00000|100%|HS|  |TAMS 0x0000000081b00000, 0x0000000081b00000| Complete 
|  27|0x0000000081b00000, 0x0000000081c00000, 0x0000000081c00000|100%|HC|  |TAMS 0x0000000081c00000, 0x0000000081c00000| Complete 
|  28|0x0000000081c00000, 0x0000000081d00000, 0x0000000081d00000|100%|HC|  |TAMS 0x0000000081d00000, 0x0000000081d00000| Complete 
|  29|0x0000000081d00000, 0x0000000081e00000, 0x0000000081e00000|100%| O|  |TAMS 0x0000000081e00000, 0x0000000081e00000| Untracked 
|  30|0x0000000081e00000, 0x0000000081f00000, 0x0000000081f00000|100%| O|  |TAMS 0x0000000081f00000, 0x0000000081f00000| Untracked 
|  31|0x0000000081f00000, 0x0000000082000000, 0x0000000082000000|100%|HS|  |TAMS 0x0000000082000000, 0x0000000082000000| Complete 
|  32|0x0000000082000000, 0x0000000082100000, 0x0000000082100000|100%|HC|  |TAMS 0x0000000082100000, 0x0000000082100000| Complete 
|  33|0x0000000082100000, 0x0000000082200000, 0x0000000082200000|100%|HC|  |TAMS 0x0000000082200000, 0x0000000082200000| Complete 
|  34|0x0000000082200000, 0x0000000082300000, 0x0000000082300000|100%|HC|  |TAMS 0x0000000082300000, 0x0000000082300000| Complete 
|  35|0x0000000082300000, 0x0000000082400000, 0x0000000082400000|100%|HC|  |TAMS 0x0000000082400000, 0x0000000082400000| Complete 
|  36|0x0000000082400000, 0x0000000082500000, 0x0000000082500000|100%|HC|  |TAMS 0x0000000082500000, 0x0000000082500000| Complete 
|  37|0x0000000082500000, 0x0000000082600000, 0x0000000082600000|100%|HC|  |TAMS 0x0000000082600000, 0x0000000082600000| Complete 
|  38|0x0000000082600000, 0x0000000082700000, 0x0000000082700000|100%|HC|  |TAMS 0x0000000082700000, 0x0000000082700000| Complete 
|  39|0x0000000082700000, 0x0000000082800000, 0x0000000082800000|100%|HC|  |TAMS 0x0000000082800000, 0x0000000082800000| Complete 
|  40|0x0000000082800000, 0x0000000082900000, 0x0000000082900000|100%|HC|  |TAMS 0x0000000082900000, 0x0000000082900000| Complete 
|  41|0x0000000082900000, 0x0000000082a00000, 0x0000000082a00000|100%|HC|  |TAMS 0x0000000082a00000, 0x0000000082a00000| Complete 
|  42|0x0000000082a00000, 0x0000000082b00000, 0x0000000082b00000|100%|HC|  |TAMS 0x0000000082b00000, 0x0000000082b00000| Complete 
|  43|0x0000000082b00000, 0x0000000082c00000, 0x0000000082c00000|100%| O|  |TAMS 0x0000000082b00000, 0x0000000082b00000| Untracked 
|  44|0x0000000082c00000, 0x0000000082d00000, 0x0000000082d00000|100%|HS|  |TAMS 0x0000000082d00000, 0x0000000082d00000| Complete 
|  45|0x0000000082d00000, 0x0000000082e00000, 0x0000000082e00000|100%|HC|  |TAMS 0x0000000082e00000, 0x0000000082e00000| Complete 
|  46|0x0000000082e00000, 0x0000000082f00000, 0x0000000082f00000|100%| O|  |TAMS 0x0000000082f00000, 0x0000000082f00000| Untracked 
|  47|0x0000000082f00000, 0x0000000083000000, 0x0000000083000000|100%| O|  |TAMS 0x0000000083000000, 0x0000000083000000| Untracked 
|  48|0x0000000083000000, 0x0000000083100000, 0x0000000083100000|100%| O|  |TAMS 0x0000000083100000, 0x0000000083100000| Untracked 
|  49|0x0000000083100000, 0x0000000083200000, 0x0000000083200000|100%| O|  |TAMS 0x0000000083200000, 0x0000000083200000| Untracked 
|  50|0x0000000083200000, 0x0000000083300000, 0x0000000083300000|100%| O|  |TAMS 0x0000000083300000, 0x0000000083300000| Untracked 
|  51|0x0000000083300000, 0x0000000083400000, 0x0000000083400000|100%| O|  |TAMS 0x0000000083400000, 0x0000000083400000| Untracked 
|  52|0x0000000083400000, 0x0000000083500000, 0x0000000083500000|100%| O|  |TAMS 0x0000000083500000, 0x0000000083500000| Untracked 
|  53|0x0000000083500000, 0x0000000083600000, 0x0000000083600000|100%|HS|  |TAMS 0x0000000083600000, 0x0000000083600000| Complete 
|  54|0x0000000083600000, 0x0000000083700000, 0x0000000083700000|100%|HC|  |TAMS 0x0000000083700000, 0x0000000083700000| Complete 
|  55|0x0000000083700000, 0x0000000083800000, 0x0000000083800000|100%|HC|  |TAMS 0x0000000083800000, 0x0000000083800000| Complete 
|  56|0x0000000083800000, 0x0000000083900000, 0x0000000083900000|100%| O|  |TAMS 0x0000000083900000, 0x0000000083900000| Untracked 
|  57|0x0000000083900000, 0x0000000083a00000, 0x0000000083a00000|100%| O|  |TAMS 0x0000000083a00000, 0x0000000083a00000| Untracked 
|  58|0x0000000083a00000, 0x0000000083b00000, 0x0000000083b00000|100%| O|  |TAMS 0x0000000083b00000, 0x0000000083b00000| Untracked 
|  59|0x0000000083b00000, 0x0000000083c00000, 0x0000000083c00000|100%|HS|  |TAMS 0x0000000083c00000, 0x0000000083c00000| Complete 
|  60|0x0000000083c00000, 0x0000000083d00000, 0x0000000083d00000|100%|HC|  |TAMS 0x0000000083d00000, 0x0000000083d00000| Complete 
|  61|0x0000000083d00000, 0x0000000083e00000, 0x0000000083e00000|100%|HC|  |TAMS 0x0000000083e00000, 0x0000000083e00000| Complete 
|  62|0x0000000083e00000, 0x0000000083f00000, 0x0000000083f00000|100%| O|  |TAMS 0x0000000083f00000, 0x0000000083f00000| Untracked 
|  63|0x0000000083f00000, 0x0000000084000000, 0x0000000084000000|100%| O|  |TAMS 0x0000000084000000, 0x0000000084000000| Untracked 
|  64|0x0000000084000000, 0x0000000084100000, 0x0000000084100000|100%| O|  |TAMS 0x0000000084100000, 0x0000000084100000| Untracked 
|  65|0x0000000084100000, 0x0000000084200000, 0x0000000084200000|100%| O|  |TAMS 0x0000000084200000, 0x0000000084200000| Untracked 
|  66|0x0000000084200000, 0x0000000084300000, 0x0000000084300000|100%| O|  |TAMS 0x0000000084300000, 0x0000000084300000| Untracked 
|  67|0x0000000084300000, 0x0000000084400000, 0x0000000084400000|100%| O|  |TAMS 0x0000000084400000, 0x0000000084400000| Untracked 
|  68|0x0000000084400000, 0x0000000084500000, 0x0000000084500000|100%| O|  |TAMS 0x0000000084500000, 0x0000000084500000| Untracked 
|  69|0x0000000084500000, 0x0000000084600000, 0x0000000084600000|100%| O|  |TAMS 0x0000000084600000, 0x0000000084600000| Untracked 
|  70|0x0000000084600000, 0x0000000084700000, 0x0000000084700000|100%| O|  |TAMS 0x0000000084700000, 0x0000000084700000| Untracked 
|  71|0x0000000084700000, 0x0000000084800000, 0x0000000084800000|100%| O|  |TAMS 0x0000000084800000, 0x0000000084800000| Untracked 
|  72|0x0000000084800000, 0x0000000084900000, 0x0000000084900000|100%| O|  |TAMS 0x0000000084800000, 0x0000000084900000| Untracked 
|  73|0x0000000084900000, 0x0000000084a00000, 0x0000000084a00000|100%| O|  |TAMS 0x0000000084a00000, 0x0000000084a00000| Untracked 
|  74|0x0000000084a00000, 0x0000000084b00000, 0x0000000084b00000|100%|HS|  |TAMS 0x0000000084b00000, 0x0000000084b00000| Complete 
|  75|0x0000000084b00000, 0x0000000084c00000, 0x0000000084c00000|100%|HS|  |TAMS 0x0000000084c00000, 0x0000000084c00000| Complete 
|  76|0x0000000084c00000, 0x0000000084d00000, 0x0000000084d00000|100%|HS|  |TAMS 0x0000000084d00000, 0x0000000084d00000| Complete 
|  77|0x0000000084d00000, 0x0000000084e00000, 0x0000000084e00000|100%|HC|  |TAMS 0x0000000084e00000, 0x0000000084e00000| Complete 
|  78|0x0000000084e00000, 0x0000000084f00000, 0x0000000084f00000|100%|HS|  |TAMS 0x0000000084f00000, 0x0000000084f00000| Complete 
|  79|0x0000000084f00000, 0x0000000085000000, 0x0000000085000000|100%|HS|  |TAMS 0x0000000085000000, 0x0000000085000000| Complete 
|  80|0x0000000085000000, 0x0000000085100000, 0x0000000085100000|100%|HC|  |TAMS 0x0000000085100000, 0x0000000085100000| Complete 
|  81|0x0000000085100000, 0x0000000085200000, 0x0000000085200000|100%|HC|  |TAMS 0x0000000085200000, 0x0000000085200000| Complete 
|  82|0x0000000085200000, 0x0000000085300000, 0x0000000085300000|100%|HC|  |TAMS 0x0000000085300000, 0x0000000085300000| Complete 
|  83|0x0000000085300000, 0x0000000085400000, 0x0000000085400000|100%| O|  |TAMS 0x0000000085400000, 0x0000000085400000| Untracked 
|  84|0x0000000085400000, 0x0000000085500000, 0x0000000085500000|100%| O|  |TAMS 0x0000000085500000, 0x0000000085500000| Untracked 
|  85|0x0000000085500000, 0x0000000085600000, 0x0000000085600000|100%| O|  |TAMS 0x0000000085600000, 0x0000000085600000| Untracked 
|  86|0x0000000085600000, 0x0000000085700000, 0x0000000085700000|100%| O|  |TAMS 0x0000000085700000, 0x0000000085700000| Untracked 
|  87|0x0000000085700000, 0x0000000085800000, 0x0000000085800000|100%| O|  |TAMS 0x0000000085800000, 0x0000000085800000| Untracked 
|  88|0x0000000085800000, 0x0000000085900000, 0x0000000085900000|100%| O|  |TAMS 0x0000000085900000, 0x0000000085900000| Untracked 
|  89|0x0000000085900000, 0x0000000085a00000, 0x0000000085a00000|100%| O|  |TAMS 0x0000000085a00000, 0x0000000085a00000| Untracked 
|  90|0x0000000085a00000, 0x0000000085b00000, 0x0000000085b00000|100%| O|  |TAMS 0x0000000085b00000, 0x0000000085b00000| Untracked 
|  91|0x0000000085b00000, 0x0000000085c00000, 0x0000000085c00000|100%| O|  |TAMS 0x0000000085c00000, 0x0000000085c00000| Untracked 
|  92|0x0000000085c00000, 0x0000000085d00000, 0x0000000085d00000|100%| O|  |TAMS 0x0000000085d00000, 0x0000000085d00000| Untracked 
|  93|0x0000000085d00000, 0x0000000085e00000, 0x0000000085e00000|100%| O|  |TAMS 0x0000000085e00000, 0x0000000085e00000| Untracked 
|  94|0x0000000085e00000, 0x0000000085f00000, 0x0000000085f00000|100%| O|  |TAMS 0x0000000085f00000, 0x0000000085f00000| Untracked 
|  95|0x0000000085f00000, 0x0000000086000000, 0x0000000086000000|100%| O|  |TAMS 0x0000000086000000, 0x0000000086000000| Untracked 
|  96|0x0000000086000000, 0x0000000086100000, 0x0000000086100000|100%| O|  |TAMS 0x0000000086100000, 0x0000000086100000| Untracked 
|  97|0x0000000086100000, 0x0000000086200000, 0x0000000086200000|100%| O|  |TAMS 0x0000000086200000, 0x0000000086200000| Untracked 
|  98|0x0000000086200000, 0x0000000086300000, 0x0000000086300000|100%|HS|  |TAMS 0x0000000086300000, 0x0000000086300000| Complete 
|  99|0x0000000086300000, 0x0000000086400000, 0x0000000086400000|100%|HC|  |TAMS 0x0000000086400000, 0x0000000086400000| Complete 
| 100|0x0000000086400000, 0x0000000086500000, 0x0000000086500000|100%|HC|  |TAMS 0x0000000086500000, 0x0000000086500000| Complete 
| 101|0x0000000086500000, 0x0000000086600000, 0x0000000086600000|100%|HC|  |TAMS 0x0000000086600000, 0x0000000086600000| Complete 
| 102|0x0000000086600000, 0x0000000086700000, 0x0000000086700000|100%| O|  |TAMS 0x0000000086700000, 0x0000000086700000| Untracked 
| 103|0x0000000086700000, 0x0000000086800000, 0x0000000086800000|100%| O|  |TAMS 0x0000000086800000, 0x0000000086800000| Untracked 
| 104|0x0000000086800000, 0x0000000086900000, 0x0000000086900000|100%| O|  |TAMS 0x0000000086900000, 0x0000000086900000| Untracked 
| 105|0x0000000086900000, 0x0000000086a00000, 0x0000000086a00000|100%| O|  |TAMS 0x0000000086a00000, 0x0000000086a00000| Untracked 
| 106|0x0000000086a00000, 0x0000000086b00000, 0x0000000086b00000|100%| O|  |TAMS 0x0000000086b00000, 0x0000000086b00000| Untracked 
| 107|0x0000000086b00000, 0x0000000086c00000, 0x0000000086c00000|100%| O|  |TAMS 0x0000000086c00000, 0x0000000086c00000| Untracked 
| 108|0x0000000086c00000, 0x0000000086d00000, 0x0000000086d00000|100%| O|  |TAMS 0x0000000086d00000, 0x0000000086d00000| Untracked 
| 109|0x0000000086d00000, 0x0000000086e00000, 0x0000000086e00000|100%| O|  |TAMS 0x0000000086d2fe00, 0x0000000086e00000| Untracked 
| 110|0x0000000086e00000, 0x0000000086f00000, 0x0000000086f00000|100%| O|  |TAMS 0x0000000086e00000, 0x0000000086f00000| Untracked 
| 111|0x0000000086f00000, 0x0000000087000000, 0x0000000087000000|100%| O|  |TAMS 0x0000000086f00000, 0x0000000087000000| Untracked 
| 112|0x0000000087000000, 0x0000000087100000, 0x0000000087100000|100%| O|  |TAMS 0x0000000087000000, 0x0000000087100000| Untracked 
| 113|0x0000000087100000, 0x0000000087200000, 0x0000000087200000|100%| O|  |TAMS 0x0000000087100000, 0x0000000087200000| Untracked 
| 114|0x0000000087200000, 0x0000000087300000, 0x0000000087300000|100%| O|  |TAMS 0x0000000087200000, 0x0000000087300000| Untracked 
| 115|0x0000000087300000, 0x0000000087400000, 0x0000000087400000|100%| O|  |TAMS 0x0000000087300000, 0x000000008735fe00| Untracked 
| 116|0x0000000087400000, 0x0000000087500000, 0x0000000087500000|100%| O|  |TAMS 0x0000000087400000, 0x0000000087500000| Untracked 
| 117|0x0000000087500000, 0x0000000087600000, 0x0000000087600000|100%| O|  |TAMS 0x0000000087500000, 0x0000000087600000| Untracked 
| 118|0x0000000087600000, 0x0000000087700000, 0x0000000087700000|100%| O|  |TAMS 0x0000000087600000, 0x0000000087700000| Untracked 
| 119|0x0000000087700000, 0x0000000087800000, 0x0000000087800000|100%| O|  |TAMS 0x0000000087700000, 0x0000000087800000| Untracked 
| 120|0x0000000087800000, 0x0000000087900000, 0x0000000087900000|100%| O|  |TAMS 0x0000000087800000, 0x0000000087900000| Untracked 
| 121|0x0000000087900000, 0x0000000087a00000, 0x0000000087a00000|100%| O|  |TAMS 0x0000000087900000, 0x0000000087900000| Untracked 
| 122|0x0000000087a00000, 0x0000000087b00000, 0x0000000087b00000|100%| O|  |TAMS 0x0000000087a00000, 0x0000000087a00000| Untracked 
| 123|0x0000000087b00000, 0x0000000087c00000, 0x0000000087c00000|100%| O|  |TAMS 0x0000000087b00000, 0x0000000087b00000| Untracked 
| 124|0x0000000087c00000, 0x0000000087d00000, 0x0000000087d00000|100%| O|  |TAMS 0x0000000087c00000, 0x0000000087c00000| Untracked 
| 125|0x0000000087d00000, 0x0000000087e00000, 0x0000000087e00000|100%| O|  |TAMS 0x0000000087d00000, 0x0000000087d00000| Untracked 
| 126|0x0000000087e00000, 0x0000000087f00000, 0x0000000087f00000|100%| O|  |TAMS 0x0000000087e00000, 0x0000000087e00000| Untracked 
| 127|0x0000000087f00000, 0x0000000087fb2000, 0x0000000088000000| 69%| O|  |TAMS 0x0000000087f00000, 0x0000000087f00000| Untracked 
| 128|0x0000000088000000, 0x0000000088000000, 0x0000000088100000|  0%| F|  |TAMS 0x0000000088000000, 0x0000000088000000| Untracked 
| 129|0x0000000088100000, 0x0000000088100000, 0x0000000088200000|  0%| F|  |TAMS 0x0000000088100000, 0x0000000088100000| Untracked 
| 130|0x0000000088200000, 0x0000000088200000, 0x0000000088300000|  0%| F|  |TAMS 0x0000000088200000, 0x0000000088200000| Untracked 
| 131|0x0000000088300000, 0x0000000088300000, 0x0000000088400000|  0%| F|  |TAMS 0x0000000088300000, 0x0000000088300000| Untracked 
| 132|0x0000000088400000, 0x0000000088400000, 0x0000000088500000|  0%| F|  |TAMS 0x0000000088400000, 0x0000000088400000| Untracked 
| 133|0x0000000088500000, 0x0000000088500000, 0x0000000088600000|  0%| F|  |TAMS 0x0000000088500000, 0x0000000088500000| Untracked 
| 134|0x0000000088600000, 0x0000000088600000, 0x0000000088700000|  0%| F|  |TAMS 0x0000000088600000, 0x0000000088600000| Untracked 
| 135|0x0000000088700000, 0x0000000088700000, 0x0000000088800000|  0%| F|  |TAMS 0x0000000088700000, 0x0000000088700000| Untracked 
| 136|0x0000000088800000, 0x0000000088800000, 0x0000000088900000|  0%| F|  |TAMS 0x0000000088800000, 0x0000000088800000| Untracked 
| 137|0x0000000088900000, 0x0000000088900000, 0x0000000088a00000|  0%| F|  |TAMS 0x0000000088900000, 0x0000000088900000| Untracked 
| 138|0x0000000088a00000, 0x0000000088a00000, 0x0000000088b00000|  0%| F|  |TAMS 0x0000000088a00000, 0x0000000088a00000| Untracked 
| 139|0x0000000088b00000, 0x0000000088b00000, 0x0000000088c00000|  0%| F|  |TAMS 0x0000000088b00000, 0x0000000088b00000| Untracked 
| 140|0x0000000088c00000, 0x0000000088c00000, 0x0000000088d00000|  0%| F|  |TAMS 0x0000000088c00000, 0x0000000088c00000| Untracked 
| 141|0x0000000088d00000, 0x0000000088d00000, 0x0000000088e00000|  0%| F|  |TAMS 0x0000000088d00000, 0x0000000088d00000| Untracked 
| 142|0x0000000088e00000, 0x0000000088e00000, 0x0000000088f00000|  0%| F|  |TAMS 0x0000000088e00000, 0x0000000088e00000| Untracked 
| 143|0x0000000088f00000, 0x0000000088f00000, 0x0000000089000000|  0%| F|  |TAMS 0x0000000088f00000, 0x0000000088f00000| Untracked 
| 144|0x0000000089000000, 0x0000000089000000, 0x0000000089100000|  0%| F|  |TAMS 0x0000000089000000, 0x0000000089000000| Untracked 
| 145|0x0000000089100000, 0x0000000089100000, 0x0000000089200000|  0%| F|  |TAMS 0x0000000089100000, 0x0000000089100000| Untracked 
| 146|0x0000000089200000, 0x0000000089200000, 0x0000000089300000|  0%| F|  |TAMS 0x0000000089200000, 0x0000000089200000| Untracked 
| 147|0x0000000089300000, 0x0000000089300000, 0x0000000089400000|  0%| F|  |TAMS 0x0000000089300000, 0x0000000089300000| Untracked 
| 148|0x0000000089400000, 0x0000000089400000, 0x0000000089500000|  0%| F|  |TAMS 0x0000000089400000, 0x0000000089400000| Untracked 
| 149|0x0000000089500000, 0x0000000089500000, 0x0000000089600000|  0%| F|  |TAMS 0x0000000089500000, 0x0000000089500000| Untracked 
| 150|0x0000000089600000, 0x0000000089600000, 0x0000000089700000|  0%| F|  |TAMS 0x0000000089600000, 0x0000000089600000| Untracked 
| 151|0x0000000089700000, 0x0000000089700000, 0x0000000089800000|  0%| F|  |TAMS 0x0000000089700000, 0x0000000089700000| Untracked 
| 152|0x0000000089800000, 0x0000000089800000, 0x0000000089900000|  0%| F|  |TAMS 0x0000000089800000, 0x0000000089800000| Untracked 
| 153|0x0000000089900000, 0x0000000089900000, 0x0000000089a00000|  0%| F|  |TAMS 0x0000000089900000, 0x0000000089900000| Untracked 
| 154|0x0000000089a00000, 0x0000000089a00000, 0x0000000089b00000|  0%| F|  |TAMS 0x0000000089a00000, 0x0000000089a00000| Untracked 
| 155|0x0000000089b00000, 0x0000000089c00000, 0x0000000089c00000|100%| S|CS|TAMS 0x0000000089b00000, 0x0000000089b00000| Complete 
| 156|0x0000000089c00000, 0x0000000089d00000, 0x0000000089d00000|100%| S|CS|TAMS 0x0000000089c00000, 0x0000000089c00000| Complete 
| 157|0x0000000089d00000, 0x0000000089e00000, 0x0000000089e00000|100%| S|CS|TAMS 0x0000000089d00000, 0x0000000089d00000| Complete 
| 158|0x0000000089e00000, 0x0000000089f00000, 0x0000000089f00000|100%| S|CS|TAMS 0x0000000089e00000, 0x0000000089e00000| Complete 
| 159|0x0000000089f00000, 0x000000008a000000, 0x000000008a000000|100%| S|CS|TAMS 0x0000000089f00000, 0x0000000089f00000| Complete 
| 160|0x000000008a000000, 0x000000008a100000, 0x000000008a100000|100%| S|CS|TAMS 0x000000008a000000, 0x000000008a000000| Complete 
| 161|0x000000008a100000, 0x000000008a100000, 0x000000008a200000|  0%| F|  |TAMS 0x000000008a100000, 0x000000008a100000| Untracked 
| 162|0x000000008a200000, 0x000000008a200000, 0x000000008a300000|  0%| F|  |TAMS 0x000000008a200000, 0x000000008a200000| Untracked 
| 163|0x000000008a300000, 0x000000008a300000, 0x000000008a400000|  0%| F|  |TAMS 0x000000008a300000, 0x000000008a300000| Untracked 
| 164|0x000000008a400000, 0x000000008a400000, 0x000000008a500000|  0%| F|  |TAMS 0x000000008a400000, 0x000000008a400000| Untracked 
| 165|0x000000008a500000, 0x000000008a500000, 0x000000008a600000|  0%| F|  |TAMS 0x000000008a500000, 0x000000008a500000| Untracked 
| 166|0x000000008a600000, 0x000000008a600000, 0x000000008a700000|  0%| F|  |TAMS 0x000000008a600000, 0x000000008a600000| Untracked 
| 167|0x000000008a700000, 0x000000008a700000, 0x000000008a800000|  0%| F|  |TAMS 0x000000008a700000, 0x000000008a700000| Untracked 
| 168|0x000000008a800000, 0x000000008a800000, 0x000000008a900000|  0%| F|  |TAMS 0x000000008a800000, 0x000000008a800000| Untracked 
| 169|0x000000008a900000, 0x000000008a900000, 0x000000008aa00000|  0%| F|  |TAMS 0x000000008a900000, 0x000000008a900000| Untracked 
| 170|0x000000008aa00000, 0x000000008aa00000, 0x000000008ab00000|  0%| F|  |TAMS 0x000000008aa00000, 0x000000008aa00000| Untracked 
| 171|0x000000008ab00000, 0x000000008ab00000, 0x000000008ac00000|  0%| F|  |TAMS 0x000000008ab00000, 0x000000008ab00000| Untracked 
| 172|0x000000008ac00000, 0x000000008ac00000, 0x000000008ad00000|  0%| F|  |TAMS 0x000000008ac00000, 0x000000008ac00000| Untracked 
| 173|0x000000008ad00000, 0x000000008ad00000, 0x000000008ae00000|  0%| F|  |TAMS 0x000000008ad00000, 0x000000008ad00000| Untracked 
| 174|0x000000008ae00000, 0x000000008ae00000, 0x000000008af00000|  0%| F|  |TAMS 0x000000008ae00000, 0x000000008ae00000| Untracked 
| 175|0x000000008af00000, 0x000000008af00000, 0x000000008b000000|  0%| F|  |TAMS 0x000000008af00000, 0x000000008af00000| Untracked 
| 176|0x000000008b000000, 0x000000008b000000, 0x000000008b100000|  0%| F|  |TAMS 0x000000008b000000, 0x000000008b000000| Untracked 
| 177|0x000000008b100000, 0x000000008b100000, 0x000000008b200000|  0%| F|  |TAMS 0x000000008b100000, 0x000000008b100000| Untracked 
| 178|0x000000008b200000, 0x000000008b200000, 0x000000008b300000|  0%| F|  |TAMS 0x000000008b200000, 0x000000008b200000| Untracked 
| 179|0x000000008b300000, 0x000000008b300000, 0x000000008b400000|  0%| F|  |TAMS 0x000000008b300000, 0x000000008b300000| Untracked 
| 180|0x000000008b400000, 0x000000008b400000, 0x000000008b500000|  0%| F|  |TAMS 0x000000008b400000, 0x000000008b400000| Untracked 
| 181|0x000000008b500000, 0x000000008b500000, 0x000000008b600000|  0%| F|  |TAMS 0x000000008b500000, 0x000000008b500000| Untracked 
| 182|0x000000008b600000, 0x000000008b600000, 0x000000008b700000|  0%| F|  |TAMS 0x000000008b600000, 0x000000008b600000| Untracked 
| 183|0x000000008b700000, 0x000000008b700000, 0x000000008b800000|  0%| F|  |TAMS 0x000000008b700000, 0x000000008b700000| Untracked 
| 184|0x000000008b800000, 0x000000008b800000, 0x000000008b900000|  0%| F|  |TAMS 0x000000008b800000, 0x000000008b800000| Untracked 
| 185|0x000000008b900000, 0x000000008b900000, 0x000000008ba00000|  0%| F|  |TAMS 0x000000008b900000, 0x000000008b900000| Untracked 
| 186|0x000000008ba00000, 0x000000008ba00000, 0x000000008bb00000|  0%| F|  |TAMS 0x000000008ba00000, 0x000000008ba00000| Untracked 
| 187|0x000000008bb00000, 0x000000008bb00000, 0x000000008bc00000|  0%| F|  |TAMS 0x000000008bb00000, 0x000000008bb00000| Untracked 
| 188|0x000000008bc00000, 0x000000008bc00000, 0x000000008bd00000|  0%| F|  |TAMS 0x000000008bc00000, 0x000000008bc00000| Untracked 
| 189|0x000000008bd00000, 0x000000008bd00000, 0x000000008be00000|  0%| F|  |TAMS 0x000000008bd00000, 0x000000008bd00000| Untracked 
| 190|0x000000008be00000, 0x000000008be00000, 0x000000008bf00000|  0%| F|  |TAMS 0x000000008be00000, 0x000000008be00000| Untracked 
| 191|0x000000008bf00000, 0x000000008bf00000, 0x000000008c000000|  0%| F|  |TAMS 0x000000008bf00000, 0x000000008bf00000| Untracked 
| 192|0x000000008c000000, 0x000000008c000000, 0x000000008c100000|  0%| F|  |TAMS 0x000000008c000000, 0x000000008c000000| Untracked 
| 193|0x000000008c100000, 0x000000008c100000, 0x000000008c200000|  0%| F|  |TAMS 0x000000008c100000, 0x000000008c100000| Untracked 
| 194|0x000000008c200000, 0x000000008c200000, 0x000000008c300000|  0%| F|  |TAMS 0x000000008c200000, 0x000000008c200000| Untracked 
| 195|0x000000008c300000, 0x000000008c300000, 0x000000008c400000|  0%| F|  |TAMS 0x000000008c300000, 0x000000008c300000| Untracked 
| 196|0x000000008c400000, 0x000000008c400000, 0x000000008c500000|  0%| F|  |TAMS 0x000000008c400000, 0x000000008c400000| Untracked 
| 197|0x000000008c500000, 0x000000008c500000, 0x000000008c600000|  0%| F|  |TAMS 0x000000008c500000, 0x000000008c500000| Untracked 
| 198|0x000000008c600000, 0x000000008c600000, 0x000000008c700000|  0%| F|  |TAMS 0x000000008c600000, 0x000000008c600000| Untracked 
| 199|0x000000008c700000, 0x000000008c700000, 0x000000008c800000|  0%| F|  |TAMS 0x000000008c700000, 0x000000008c700000| Untracked 
| 200|0x000000008c800000, 0x000000008c800000, 0x000000008c900000|  0%| F|  |TAMS 0x000000008c800000, 0x000000008c800000| Untracked 
| 201|0x000000008c900000, 0x000000008c900000, 0x000000008ca00000|  0%| F|  |TAMS 0x000000008c900000, 0x000000008c900000| Untracked 
| 202|0x000000008ca00000, 0x000000008ca00000, 0x000000008cb00000|  0%| F|  |TAMS 0x000000008ca00000, 0x000000008ca00000| Untracked 
| 203|0x000000008cb00000, 0x000000008cb00000, 0x000000008cc00000|  0%| F|  |TAMS 0x000000008cb00000, 0x000000008cb00000| Untracked 

Card table byte_map: [0x000002487baf0000,0x000002487bef0000] _byte_map_base: 0x000002487b6f0000

Marking Bits (Prev, Next): (CMBitMap*) 0x000002487600abc0, (CMBitMap*) 0x000002487600ac00
 Prev Bits: [0x000002487c2f0000, 0x000002487e2f0000)
 Next Bits: [0x000002480f000000, 0x0000024811000000)

Polling page: 0x0000024876070000

Metaspace:

Usage:
  Non-class:     78.75 MB used.
      Class:     12.50 MB used.
       Both:     91.25 MB used.

Virtual space:
  Non-class space:       80.00 MB reserved,      79.19 MB ( 99%) committed,  10 nodes.
      Class space:        1.00 GB reserved,      12.81 MB (  1%) committed,  1 nodes.
             Both:        1.08 GB reserved,      92.00 MB (  8%) committed. 

Chunk freelists:
   Non-Class:  304.00 KB
       Class:  3.08 MB
        Both:  3.38 MB

MaxMetaspaceSize: unlimited
CompressedClassSpaceSize: 1.00 GB
Initial GC threshold: 21.00 MB
Current GC threshold: 152.94 MB
CDS: off
MetaspaceReclaimPolicy: balanced
 - commit_granule_bytes: 65536.
 - commit_granule_words: 8192.
 - virtual_space_node_default_size: 1048576.
 - enlarge_chunks_in_place: 1.
 - new_chunks_are_fully_committed: 0.
 - uncommit_free_chunks: 1.
 - use_allocation_guard: 0.
 - handle_deallocations: 1.


Internal statistics:

num_allocs_failed_limit: 3.
num_arena_births: 922.
num_arena_deaths: 0.
num_vsnodes_births: 11.
num_vsnodes_deaths: 0.
num_space_committed: 1471.
num_space_uncommitted: 0.
num_chunks_returned_to_freelist: 3.
num_chunks_taken_from_freelist: 4134.
num_chunk_merges: 3.
num_chunk_splits: 2895.
num_chunks_enlarged: 2129.
num_purges: 0.
num_inconsistent_stats: 0.

CodeHeap 'non-profiled nmethods': size=120000Kb used=3785Kb max_used=3785Kb free=116214Kb
 bounds [0x0000024807ad0000, 0x0000024807e90000, 0x000002480f000000]
CodeHeap 'profiled nmethods': size=120000Kb used=14624Kb max_used=14624Kb free=105375Kb
 bounds [0x0000024800000000, 0x0000024800e50000, 0x0000024807530000]
CodeHeap 'non-nmethods': size=5760Kb used=2398Kb max_used=2445Kb free=3361Kb
 bounds [0x0000024807530000, 0x00000248077a0000, 0x0000024807ad0000]
 total_blobs=8433 nmethods=7498 adapters=847
 compilation: enabled
              stopped_count=0, restarted_count=0
 full_count=0

Compilation events (20 events):
Event: 23.777 Thread 0x000002487f83b480 8468       3       java.util.zip.ZipCoder::hash (36 bytes)
Event: 23.777 Thread 0x000002487f83b480 nmethod 8468 0x0000024800e44490 code [0x0000024800e446a0, 0x0000024800e44e08]
Event: 23.778 Thread 0x000002487f83b480 8470       3       org.jetbrains.kotlin.cli.jvm.index.JavaRoot::<init> (20 bytes)
Event: 23.780 Thread 0x000002487f83b480 nmethod 8470 0x0000024800e45110 code [0x0000024800e453c0, 0x0000024800e46038]
Event: 23.780 Thread 0x000002487f83b480 8471       3       org.jetbrains.kotlin.cli.jvm.index.JavaRoot::<init> (32 bytes)
Event: 23.781 Thread 0x000002487f83b480 nmethod 8471 0x0000024800e46490 code [0x0000024800e46720, 0x0000024800e472d8]
Event: 23.806 Thread 0x000002487f83b480 8472       1       jdk.internal.jrtfs.JrtDirectoryStream::access$000 (5 bytes)
Event: 23.806 Thread 0x000002487f83b480 nmethod 8472 0x0000024807e81710 code [0x0000024807e818a0, 0x0000024807e81958]
Event: 23.806 Thread 0x000002487f83b480 8473       1       jdk.internal.jrtfs.JrtDirectoryStream::access$100 (5 bytes)
Event: 23.807 Thread 0x000002487f83b480 nmethod 8473 0x0000024807e81a10 code [0x0000024807e81ba0, 0x0000024807e81c58]
Event: 23.808 Thread 0x000002487f83b480 8474       3       jdk.internal.jimage.ImageLocation::readValue (61 bytes)
Event: 23.808 Thread 0x000002487f83b480 nmethod 8474 0x0000024800e47710 code [0x0000024800e478e0, 0x0000024800e47c98]
Event: 23.808 Thread 0x000002487f83b480 8475       1       jdk.internal.jimage.ImageLocation::getStrings (5 bytes)
Event: 23.809 Thread 0x000002487f83b480 nmethod 8475 0x0000024807e81d10 code [0x0000024807e81ea0, 0x0000024807e81f78]
Event: 23.813 Thread 0x000002487f83b480 8476       1       java.nio.MappedByteBuffer::fileDescriptor (5 bytes)
Event: 23.813 Thread 0x000002487f83b480 nmethod 8476 0x0000024807e82010 code [0x0000024807e821a0, 0x0000024807e82278]
Event: 23.813 Thread 0x000002487f83b480 8477       1       java.nio.MappedByteBuffer::isSync (5 bytes)
Event: 23.813 Thread 0x000002487f83b480 nmethod 8477 0x0000024807e82310 code [0x0000024807e824a0, 0x0000024807e82578]
Event: 23.827 Thread 0x000002487f83b480 8478       3       org.jetbrains.org.objectweb.asm.ClassReader::readUnsignedShort (26 bytes)
Event: 23.827 Thread 0x000002487f83b480 nmethod 8478 0x0000024800e47e10 code [0x0000024800e47fa0, 0x0000024800e48118]

GC Heap History (20 events):
Event: 17.512 GC heap after
{Heap after GC invocations=46 (full 0):
 garbage-first heap   total 157696K, used 94522K [0x0000000080000000, 0x0000000100000000)
  region size 1024K, 3 young (3072K), 3 survivors (3072K)
 Metaspace       used 71854K, committed 72640K, reserved 1114112K
  class space    used 10021K, committed 10368K, reserved 1048576K
}
Event: 18.030 GC heap before
{Heap before GC invocations=47 (full 0):
 garbage-first heap   total 181248K, used 126266K [0x0000000080000000, 0x0000000100000000)
  region size 1024K, 28 young (28672K), 3 survivors (3072K)
 Metaspace       used 73385K, committed 74112K, reserved 1114112K
  class space    used 10234K, committed 10560K, reserved 1048576K
}
Event: 18.037 GC heap after
{Heap after GC invocations=48 (full 0):
 garbage-first heap   total 181248K, used 97118K [0x0000000080000000, 0x0000000100000000)
  region size 1024K, 4 young (4096K), 4 survivors (4096K)
 Metaspace       used 73385K, committed 74112K, reserved 1114112K
  class space    used 10234K, committed 10560K, reserved 1048576K
}
Event: 18.917 GC heap before
{Heap before GC invocations=48 (full 0):
 garbage-first heap   total 181248K, used 135006K [0x0000000080000000, 0x0000000100000000)
  region size 1024K, 41 young (41984K), 4 survivors (4096K)
 Metaspace       used 77067K, committed 77760K, reserved 1122304K
  class space    used 10718K, committed 11008K, reserved 1048576K
}
Event: 18.927 GC heap after
{Heap after GC invocations=49 (full 0):
 garbage-first heap   total 181248K, used 99401K [0x0000000080000000, 0x0000000100000000)
  region size 1024K, 3 young (3072K), 3 survivors (3072K)
 Metaspace       used 77067K, committed 77760K, reserved 1122304K
  class space    used 10718K, committed 11008K, reserved 1048576K
}
Event: 20.005 GC heap before
{Heap before GC invocations=50 (full 0):
 garbage-first heap   total 181248K, used 137289K [0x0000000080000000, 0x0000000100000000)
  region size 1024K, 40 young (40960K), 3 survivors (3072K)
 Metaspace       used 81770K, committed 82496K, reserved 1122304K
  class space    used 11336K, committed 11648K, reserved 1048576K
}
Event: 20.013 GC heap after
{Heap after GC invocations=51 (full 0):
 garbage-first heap   total 181248K, used 101812K [0x0000000080000000, 0x0000000100000000)
  region size 1024K, 5 young (5120K), 5 survivors (5120K)
 Metaspace       used 81770K, committed 82496K, reserved 1122304K
  class space    used 11336K, committed 11648K, reserved 1048576K
}
Event: 21.079 GC heap before
{Heap before GC invocations=51 (full 0):
 garbage-first heap   total 181248K, used 140724K [0x0000000080000000, 0x0000000100000000)
  region size 1024K, 43 young (44032K), 5 survivors (5120K)
 Metaspace       used 84076K, committed 84736K, reserved 1122304K
  class space    used 11653K, committed 11968K, reserved 1048576K
}
Event: 21.088 GC heap after
{Heap after GC invocations=52 (full 0):
 garbage-first heap   total 181248K, used 105859K [0x0000000080000000, 0x0000000100000000)
  region size 1024K, 6 young (6144K), 6 survivors (6144K)
 Metaspace       used 84076K, committed 84736K, reserved 1122304K
  class space    used 11653K, committed 11968K, reserved 1048576K
}
Event: 22.145 GC heap before
{Heap before GC invocations=53 (full 0):
 garbage-first heap   total 181248K, used 147843K [0x0000000080000000, 0x0000000100000000)
  region size 1024K, 43 young (44032K), 6 survivors (6144K)
 Metaspace       used 89960K, committed 90688K, reserved 1130496K
  class space    used 12342K, committed 12672K, reserved 1048576K
}
Event: 22.154 GC heap after
{Heap after GC invocations=54 (full 0):
 garbage-first heap   total 181248K, used 111848K [0x0000000080000000, 0x0000000100000000)
  region size 1024K, 2 young (2048K), 2 survivors (2048K)
 Metaspace       used 89960K, committed 90688K, reserved 1130496K
  class space    used 12342K, committed 12672K, reserved 1048576K
}
Event: 22.332 GC heap before
{Heap before GC invocations=54 (full 0):
 garbage-first heap   total 181248K, used 117992K [0x0000000080000000, 0x0000000100000000)
  region size 1024K, 8 young (8192K), 2 survivors (2048K)
 Metaspace       used 90835K, committed 91520K, reserved 1130496K
  class space    used 12489K, committed 12800K, reserved 1048576K
}
Event: 22.336 GC heap after
{Heap after GC invocations=55 (full 0):
 garbage-first heap   total 181248K, used 111258K [0x0000000080000000, 0x0000000100000000)
  region size 1024K, 1 young (1024K), 1 survivors (1024K)
 Metaspace       used 90835K, committed 91520K, reserved 1130496K
  class space    used 12489K, committed 12800K, reserved 1048576K
}
Event: 22.744 GC heap before
{Heap before GC invocations=55 (full 0):
 garbage-first heap   total 181248K, used 122522K [0x0000000080000000, 0x0000000100000000)
  region size 1024K, 13 young (13312K), 1 survivors (1024K)
 Metaspace       used 93156K, committed 93888K, reserved 1130496K
  class space    used 12774K, committed 13120K, reserved 1048576K
}
Event: 22.749 GC heap after
{Heap after GC invocations=56 (full 0):
 garbage-first heap   total 181248K, used 111260K [0x0000000080000000, 0x0000000100000000)
  region size 1024K, 1 young (1024K), 1 survivors (1024K)
 Metaspace       used 93156K, committed 93888K, reserved 1130496K
  class space    used 12774K, committed 13120K, reserved 1048576K
}
Event: 23.242 GC heap before
{Heap before GC invocations=57 (full 0):
 garbage-first heap   total 208896K, used 154268K [0x0000000080000000, 0x0000000100000000)
  region size 1024K, 38 young (38912K), 1 survivors (1024K)
 Metaspace       used 93331K, committed 94080K, reserved 1130496K
  class space    used 12782K, committed 13120K, reserved 1048576K
}
Event: 23.257 GC heap after
{Heap after GC invocations=58 (full 0):
 garbage-first heap   total 208896K, used 122624K [0x0000000080000000, 0x0000000100000000)
  region size 1024K, 5 young (5120K), 5 survivors (5120K)
 Metaspace       used 93331K, committed 94080K, reserved 1130496K
  class space    used 12782K, committed 13120K, reserved 1048576K
}
Event: 23.324 GC heap before
{Heap before GC invocations=58 (full 0):
 garbage-first heap   total 208896K, used 127744K [0x0000000080000000, 0x0000000100000000)
  region size 1024K, 10 young (10240K), 5 survivors (5120K)
 Metaspace       used 93335K, committed 94144K, reserved 1130496K
  class space    used 12783K, committed 13120K, reserved 1048576K
}
Event: 23.334 GC heap after
{Heap after GC invocations=59 (full 0):
 garbage-first heap   total 208896K, used 124125K [0x0000000080000000, 0x0000000100000000)
  region size 1024K, 2 young (2048K), 2 survivors (2048K)
 Metaspace       used 93335K, committed 94144K, reserved 1130496K
  class space    used 12783K, committed 13120K, reserved 1048576K
}
Event: 23.830 GC heap before
{Heap before GC invocations=59 (full 0):
 garbage-first heap   total 208896K, used 166109K [0x0000000080000000, 0x0000000100000000)
  region size 1024K, 43 young (44032K), 2 survivors (2048K)
 Metaspace       used 93442K, committed 94208K, reserved 1130496K
  class space    used 12802K, committed 13120K, reserved 1048576K
}

Dll operation events (2 events):
Event: 0.017 Loaded shared library C:\Program Files\Android\Android Studio\jbr\bin\java.dll
Event: 0.815 Loaded shared library C:\Program Files\Android\Android Studio\jbr\bin\verify.dll

Deoptimization events (20 events):
Event: 23.510 Thread 0x0000024814587590 DEOPT PACKING pc=0x0000024807b00978 sp=0x00000097bc8f50a0
Event: 23.510 Thread 0x0000024814587590 DEOPT UNPACKING pc=0x00000248075869a3 sp=0x00000097bc8f5070 mode 2
Event: 23.510 Thread 0x0000024814587590 Uncommon trap: trap_request=0xffffff45 fr.pc=0x0000024807c800e8 relative=0x0000000000000448
Event: 23.510 Thread 0x0000024814587590 Uncommon trap: reason=unstable_if action=reinterpret pc=0x0000024807c800e8 method=java.lang.String.substring(II)Ljava/lang/String; @ 31 c2
Event: 23.510 Thread 0x0000024814587590 DEOPT PACKING pc=0x0000024807c800e8 sp=0x00000097bc8f50a0
Event: 23.510 Thread 0x0000024814587590 DEOPT UNPACKING pc=0x00000248075869a3 sp=0x00000097bc8f5000 mode 2
Event: 23.510 Thread 0x0000024814587590 Uncommon trap: trap_request=0xffffff45 fr.pc=0x0000024807af0e8c relative=0x000000000000018c
Event: 23.510 Thread 0x0000024814587590 Uncommon trap: reason=unstable_if action=reinterpret pc=0x0000024807af0e8c method=java.lang.String.equals(Ljava/lang/Object;)Z @ 33 c2
Event: 23.510 Thread 0x0000024814587590 DEOPT PACKING pc=0x0000024807af0e8c sp=0x00000097bc8f5170
Event: 23.510 Thread 0x0000024814587590 DEOPT UNPACKING pc=0x00000248075869a3 sp=0x00000097bc8f5110 mode 2
Event: 23.552 Thread 0x0000024814587590 DEOPT PACKING pc=0x0000024800e24c3d sp=0x00000097bc8f52d0
Event: 23.552 Thread 0x0000024814587590 DEOPT UNPACKING pc=0x0000024807587143 sp=0x00000097bc8f47b0 mode 0
Event: 23.614 Thread 0x0000024814587590 DEOPT PACKING pc=0x0000024800e24c3d sp=0x00000097bc8f52d0
Event: 23.614 Thread 0x0000024814587590 DEOPT UNPACKING pc=0x0000024807587143 sp=0x00000097bc8f47b0 mode 0
Event: 23.650 Thread 0x0000024814587590 DEOPT PACKING pc=0x0000024800e24c3d sp=0x00000097bc8f52d0
Event: 23.650 Thread 0x0000024814587590 DEOPT UNPACKING pc=0x0000024807587143 sp=0x00000097bc8f47b0 mode 0
Event: 23.713 Thread 0x0000024814587590 DEOPT PACKING pc=0x0000024800e24c3d sp=0x00000097bc8f52d0
Event: 23.713 Thread 0x0000024814587590 DEOPT UNPACKING pc=0x0000024807587143 sp=0x00000097bc8f47b0 mode 0
Event: 23.749 Thread 0x0000024814587590 DEOPT PACKING pc=0x0000024800e24c3d sp=0x00000097bc8f52d0
Event: 23.749 Thread 0x0000024814587590 DEOPT UNPACKING pc=0x0000024807587143 sp=0x00000097bc8f47b0 mode 0

Classes unloaded (0 events):
No events

Classes redefined (0 events):
No events

Internal exceptions (20 events):
Event: 18.878 Thread 0x0000024814587590 Exception <a 'java/lang/ClassNotFoundException'{0x000000008897f500}: org/gradle/api/plugins/JavaPluginConventionBeanInfo> (0x000000008897f500) 
thrown [s\src\hotspot\share\classfile\systemDictionary.cpp, line 256]
Event: 18.879 Thread 0x0000024814587590 Exception <a 'java/lang/ClassNotFoundException'{0x00000000889967b8}: org/gradle/api/plugins/JavaPluginConventionCustomizer> (0x00000000889967b8) 
thrown [s\src\hotspot\share\classfile\systemDictionary.cpp, line 256]
Event: 18.880 Thread 0x0000024814587590 Exception <a 'java/lang/ClassNotFoundException'{0x00000000889c1740}: org/gradle/api/plugins/internal/DefaultJavaPluginConventionCustomizer> (0x00000000889c1740) 
thrown [s\src\hotspot\share\classfile\systemDictionary.cpp, line 256]
Event: 18.882 Thread 0x0000024814587590 Exception <a 'java/lang/ClassNotFoundException'{0x00000000889fe5c0}: org/gradle/api/plugins/internal/DefaultJavaPluginConvention_DecoratedCustomizer> (0x00000000889fe5c0) 
thrown [s\src\hotspot\share\classfile\systemDictionary.cpp, line 256]
Event: 19.295 Thread 0x0000024814587590 Exception <a 'java/lang/ClassNotFoundException'{0x000000008a5c07b0}: org/jetbrains/kotlin/gradle/targets/js/npm/DefaultNpmDependencyExtensionBeanInfo> (0x000000008a5c07b0) 
thrown [s\src\hotspot\share\classfile\systemDictionary.cpp, line 256]
Event: 19.295 Thread 0x0000024814587590 Exception <a 'java/lang/ClassNotFoundException'{0x000000008a5cbe20}: org/jetbrains/kotlin/gradle/targets/js/npm/DefaultNpmDependencyExtensionCustomizer> (0x000000008a5cbe20) 
thrown [s\src\hotspot\share\classfile\systemDictionary.cpp, line 256]
Event: 19.304 Thread 0x0000024814587590 Exception <a 'java/lang/ClassNotFoundException'{0x000000008a4383f8}: org/jetbrains/kotlin/gradle/targets/js/npm/NpmDependencyExtensionKt$defaultNpmDependencyDelegate$1BeanInfo> (0x000000008a4383f8) 
thrown [s\src\hotspot\share\classfile\systemDictionary.cpp, line 256]
Event: 19.304 Thread 0x0000024814587590 Exception <a 'java/lang/ClassNotFoundException'{0x000000008a443ab0}: org/jetbrains/kotlin/gradle/targets/js/npm/NpmDependencyExtensionDelegateBeanInfo> (0x000000008a443ab0) 
thrown [s\src\hotspot\share\classfile\systemDictionary.cpp, line 256]
Event: 19.305 Thread 0x0000024814587590 Exception <a 'java/lang/ClassNotFoundException'{0x000000008a44f130}: org/jetbrains/kotlin/gradle/targets/js/npm/NpmDependencyExtensionDelegateCustomizer> (0x000000008a44f130) 
thrown [s\src\hotspot\share\classfile\systemDictionary.cpp, line 256]
Event: 19.306 Thread 0x0000024814587590 Exception <a 'java/lang/ClassNotFoundException'{0x000000008a472420}: org/jetbrains/kotlin/gradle/targets/js/npm/NpmDependencyExtensionKt$defaultNpmDependencyDelegate$1Customizer> (0x000000008a472420) 
thrown [s\src\hotspot\share\classfile\systemDictionary.cpp, line 256]
Event: 19.311 Thread 0x0000024814587590 Exception <a 'java/lang/ClassNotFoundException'{0x000000008a4a7a48}: org/jetbrains/kotlin/gradle/targets/js/npm/DefaultDevNpmDependencyExtensionBeanInfo> (0x000000008a4a7a48) 
thrown [s\src\hotspot\share\classfile\systemDictionary.cpp, line 256]
Event: 19.312 Thread 0x0000024814587590 Exception <a 'java/lang/ClassNotFoundException'{0x000000008a4b30d0}: org/jetbrains/kotlin/gradle/targets/js/npm/DefaultDevNpmDependencyExtensionCustomizer> (0x000000008a4b30d0) 
thrown [s\src\hotspot\share\classfile\systemDictionary.cpp, line 256]
Event: 19.316 Thread 0x0000024814587590 Exception <a 'java/lang/ClassNotFoundException'{0x000000008a4ecf58}: org/jetbrains/kotlin/gradle/targets/js/npm/DefaultPeerNpmDependencyExtensionBeanInfo> (0x000000008a4ecf58) 
thrown [s\src\hotspot\share\classfile\systemDictionary.cpp, line 256]
Event: 19.317 Thread 0x0000024814587590 Exception <a 'java/lang/ClassNotFoundException'{0x000000008a4f8610}: org/jetbrains/kotlin/gradle/targets/js/npm/DefaultPeerNpmDependencyExtensionCustomizer> (0x000000008a4f8610) 
thrown [s\src\hotspot\share\classfile\systemDictionary.cpp, line 256]
Event: 19.321 Thread 0x0000024814587590 Exception <a 'java/lang/ClassNotFoundException'{0x000000008a339980}: org/jetbrains/kotlin/gradle/targets/js/npm/DefaultPeerNpmDependencyExtension$delegate$1BeanInfo> (0x000000008a339980) 
thrown [s\src\hotspot\share\classfile\systemDictionary.cpp, line 256]
Event: 19.321 Thread 0x0000024814587590 Exception <a 'java/lang/ClassNotFoundException'{0x000000008a345200}: org/jetbrains/kotlin/gradle/targets/js/npm/DefaultPeerNpmDependencyExtension$delegate$1Customizer> (0x000000008a345200) 
thrown [s\src\hotspot\share\classfile\systemDictionary.cpp, line 256]
Event: 21.310 Thread 0x0000024814587590 Exception <a 'java/lang/NoSuchMethodError'{0x000000008a95c580}: 'long java.lang.invoke.DirectMethodHandle$Holder.invokeStatic(java.lang.Object)'> (0x000000008a95c580) 
thrown [s\src\hotspot\share\interpreter\linkResolver.cpp, line 771]
Event: 21.310 Thread 0x0000024814587590 Exception <a 'java/lang/NoSuchMethodError'{0x000000008a961120}: 'long java.lang.invoke.DirectMethodHandle$Holder.invokeStaticInit(java.lang.Object)'> (0x000000008a961120) 
thrown [s\src\hotspot\share\interpreter\linkResolver.cpp, line 771]
Event: 22.692 Thread 0x0000024814587590 Exception <a 'java/lang/NoSuchMethodError'{0x000000008a5a8560}: 'java.lang.Object java.lang.invoke.Invokers$Holder.invoke_MT(java.lang.Object, java.lang.Object, java.lang.Object)'> (0x000000008a5a8560) 
thrown [s\src\hotspot\share\interpreter\linkResolver.cpp, line 771]
Event: 23.098 Thread 0x0000024814587590 Implicit null exception at 0x0000024807e5de56 to 0x0000024807e5e354

VM Operations (20 events):
Event: 22.154 Executing VM operation: G1CollectForAllocation done
Event: 22.185 Executing VM operation: HandshakeAllThreads
Event: 22.185 Executing VM operation: HandshakeAllThreads done
Event: 22.332 Executing VM operation: G1CollectForAllocation
Event: 22.336 Executing VM operation: G1CollectForAllocation done
Event: 22.406 Executing VM operation: HandshakeAllThreads
Event: 22.407 Executing VM operation: HandshakeAllThreads done
Event: 22.740 Executing VM operation: HandshakeAllThreads
Event: 22.741 Executing VM operation: HandshakeAllThreads done
Event: 22.744 Executing VM operation: G1TryInitiateConcMark
Event: 22.749 Executing VM operation: G1TryInitiateConcMark done
Event: 22.836 Executing VM operation: G1Concurrent
Event: 22.841 Executing VM operation: G1Concurrent done
Event: 22.879 Executing VM operation: G1Concurrent
Event: 22.879 Executing VM operation: G1Concurrent done
Event: 23.242 Executing VM operation: G1CollectForAllocation
Event: 23.257 Executing VM operation: G1CollectForAllocation done
Event: 23.324 Executing VM operation: G1CollectForAllocation
Event: 23.334 Executing VM operation: G1CollectForAllocation done
Event: 23.829 Executing VM operation: G1CollectForAllocation

Events (20 events):
Event: 22.691 loading class jdk/internal/misc/ExtendedMapMode
Event: 22.691 loading class jdk/internal/misc/ExtendedMapMode done
Event: 22.693 loading class sun/nio/ch/FileChannelImpl$DefaultUnmapper
Event: 22.693 loading class sun/nio/ch/FileChannelImpl$Unmapper
Event: 22.693 loading class jdk/internal/access/foreign/UnmapperProxy
Event: 22.693 loading class jdk/internal/access/foreign/UnmapperProxy done
Event: 22.693 loading class sun/nio/ch/FileChannelImpl$Unmapper done
Event: 22.693 loading class sun/nio/ch/FileChannelImpl$DefaultUnmapper done
Event: 22.693 loading class sun/nio/ch/Util$4
Event: 22.693 loading class sun/nio/ch/Util$4 done
Event: 22.695 loading class java/io/UTFDataFormatException
Event: 22.695 loading class java/io/UTFDataFormatException done
Event: 22.739 loading class java/nio/file/attribute/DosFileAttributeView
Event: 22.739 loading class java/nio/file/attribute/DosFileAttributeView done
Event: 22.739 loading class sun/nio/fs/WindowsFileAttributeViews$Dos
Event: 22.739 loading class sun/nio/fs/WindowsFileAttributeViews$Dos done
Event: 23.817 loading class java/nio/channels/Channels$ReadableByteChannelImpl
Event: 23.817 loading class java/nio/channels/Channels$ReadableByteChannelImpl done
Event: 23.818 loading class java/nio/channels/NonWritableChannelException
Event: 23.818 loading class java/nio/channels/NonWritableChannelException done


Dynamic libraries:
0x00007ff761880000 - 0x00007ff76188a000 	C:\Program Files\Android\Android Studio\jbr\bin\java.exe
0x00007ffe669d0000 - 0x00007ffe66be6000 	C:\WINDOWS\SYSTEM32\ntdll.dll
0x00007ffe659c0000 - 0x00007ffe65a84000 	C:\WINDOWS\System32\KERNEL32.DLL
0x00007ffe63fa0000 - 0x00007ffe64346000 	C:\WINDOWS\System32\KERNELBASE.dll
0x00007ffe63d10000 - 0x00007ffe63e21000 	C:\WINDOWS\System32\ucrtbase.dll
0x00007ffe52bd0000 - 0x00007ffe52be7000 	C:\Program Files\Android\Android Studio\jbr\bin\jli.dll
0x00007ffe45e00000 - 0x00007ffe45e1b000 	C:\Program Files\Android\Android Studio\jbr\bin\VCRUNTIME140.dll
0x00007ffe65430000 - 0x00007ffe655dd000 	C:\WINDOWS\System32\USER32.dll
0x00007ffe63ed0000 - 0x00007ffe63ef6000 	C:\WINDOWS\System32\win32u.dll
0x00007ffe5a150000 - 0x00007ffe5a3e3000 	C:\WINDOWS\WinSxS\amd64_microsoft.windows.common-controls_6595b64144ccf1df_6.0.22621.3235_none_270f74e173860f98\COMCTL32.dll
0x00007ffe64940000 - 0x00007ffe64969000 	C:\WINDOWS\System32\GDI32.dll
0x00007ffe655e0000 - 0x00007ffe65687000 	C:\WINDOWS\System32\msvcrt.dll
0x00007ffe64540000 - 0x00007ffe64658000 	C:\WINDOWS\System32\gdi32full.dll
0x00007ffe63e30000 - 0x00007ffe63eca000 	C:\WINDOWS\System32\msvcp_win.dll
0x00007ffe665d0000 - 0x00007ffe66601000 	C:\WINDOWS\System32\IMM32.DLL
0x00007ffe49cd0000 - 0x00007ffe49cdc000 	C:\Program Files\Android\Android Studio\jbr\bin\vcruntime140_1.dll
0x00007ffe29a20000 - 0x00007ffe29aad000 	C:\Program Files\Android\Android Studio\jbr\bin\msvcp140.dll
0x00007ffe07ce0000 - 0x00007ffe0894e000 	C:\Program Files\Android\Android Studio\jbr\bin\server\jvm.dll
0x00007ffe668d0000 - 0x00007ffe66982000 	C:\WINDOWS\System32\ADVAPI32.dll
0x00007ffe658b0000 - 0x00007ffe65958000 	C:\WINDOWS\System32\sechost.dll
0x00007ffe63f00000 - 0x00007ffe63f28000 	C:\WINDOWS\System32\bcrypt.dll
0x00007ffe65ca0000 - 0x00007ffe65db5000 	C:\WINDOWS\System32\RPCRT4.dll
0x00007ffe47e90000 - 0x00007ffe47e99000 	C:\WINDOWS\SYSTEM32\WSOCK32.dll
0x00007ffe613f0000 - 0x00007ffe613fa000 	C:\WINDOWS\SYSTEM32\VERSION.dll
0x00007ffe5c060000 - 0x00007ffe5c094000 	C:\WINDOWS\SYSTEM32\WINMM.dll
0x00007ffe64970000 - 0x00007ffe649e1000 	C:\WINDOWS\System32\WS2_32.dll
0x00007ffe62d50000 - 0x00007ffe62d68000 	C:\WINDOWS\SYSTEM32\kernel.appcore.dll
0x00007ffe5f170000 - 0x00007ffe5f17a000 	C:\Program Files\Android\Android Studio\jbr\bin\jimage.dll
0x00007ffe57810000 - 0x00007ffe57a43000 	C:\WINDOWS\SYSTEM32\DBGHELP.DLL
0x00007ffe66240000 - 0x00007ffe665c8000 	C:\WINDOWS\System32\combase.dll
0x00007ffe64790000 - 0x00007ffe64867000 	C:\WINDOWS\System32\OLEAUT32.dll
0x00007ffe58390000 - 0x00007ffe583c2000 	C:\WINDOWS\SYSTEM32\dbgcore.DLL
0x00007ffe644c0000 - 0x00007ffe6453a000 	C:\WINDOWS\System32\bcryptPrimitives.dll
0x00007ffe5be40000 - 0x00007ffe5be65000 	C:\Program Files\Android\Android Studio\jbr\bin\java.dll
0x00007ffe5f140000 - 0x00007ffe5f158000 	C:\Program Files\Android\Android Studio\jbr\bin\zip.dll
0x00007ffe649f0000 - 0x00007ffe6524d000 	C:\WINDOWS\System32\SHELL32.dll
0x00007ffe61c70000 - 0x00007ffe62568000 	C:\WINDOWS\SYSTEM32\windows.storage.dll
0x00007ffe61b30000 - 0x00007ffe61c6e000 	C:\WINDOWS\SYSTEM32\wintypes.dll
0x00007ffe66610000 - 0x00007ffe66703000 	C:\WINDOWS\System32\SHCORE.dll
0x00007ffe65960000 - 0x00007ffe659be000 	C:\WINDOWS\System32\shlwapi.dll
0x00007ffe63c40000 - 0x00007ffe63c66000 	C:\WINDOWS\SYSTEM32\profapi.dll
0x00007ffe5e150000 - 0x00007ffe5e169000 	C:\Program Files\Android\Android Studio\jbr\bin\net.dll
0x00007ffe5e170000 - 0x00007ffe5e2a7000 	C:\WINDOWS\SYSTEM32\WINHTTP.dll
0x00007ffe63230000 - 0x00007ffe63299000 	C:\WINDOWS\system32\mswsock.dll
0x00007ffe5bd10000 - 0x00007ffe5bd26000 	C:\Program Files\Android\Android Studio\jbr\bin\nio.dll
0x00007ffe5f110000 - 0x00007ffe5f120000 	C:\Program Files\Android\Android Studio\jbr\bin\verify.dll
0x00007ffe340e0000 - 0x00007ffe34107000 	C:\Users\23480\.gradle\native\68d5fa5c4cc2d200863cafc0d521ce42e7d3e7ee720ec0a83991735586a16f82\windows-amd64\native-platform.dll
0x00007ffe13d60000 - 0x00007ffe13ea4000 	C:\Users\23480\.gradle\native\e376f236ea51e6404a007f0833ffe2c6e607c4080706a723a18a27aeea778392\windows-amd64\native-platform-file-events.dll
0x00007ffe5da30000 - 0x00007ffe5da39000 	C:\Program Files\Android\Android Studio\jbr\bin\management.dll
0x00007ffe5be30000 - 0x00007ffe5be3b000 	C:\Program Files\Android\Android Studio\jbr\bin\management_ext.dll
0x00007ffe64720000 - 0x00007ffe64728000 	C:\WINDOWS\System32\PSAPI.DLL
0x00007ffe63480000 - 0x00007ffe6349b000 	C:\WINDOWS\SYSTEM32\CRYPTSP.dll
0x00007ffe62cb0000 - 0x00007ffe62ce5000 	C:\WINDOWS\system32\rsaenh.dll
0x00007ffe63320000 - 0x00007ffe6334c000 	C:\WINDOWS\SYSTEM32\USERENV.dll
0x00007ffe634a0000 - 0x00007ffe634ac000 	C:\WINDOWS\SYSTEM32\CRYPTBASE.dll
0x00007ffe627c0000 - 0x00007ffe627ed000 	C:\WINDOWS\SYSTEM32\IPHLPAPI.DLL
0x00007ffe65690000 - 0x00007ffe65699000 	C:\WINDOWS\System32\NSI.dll
0x00007ffe5e080000 - 0x00007ffe5e099000 	C:\WINDOWS\SYSTEM32\dhcpcsvc6.DLL
0x00007ffe5e060000 - 0x00007ffe5e07f000 	C:\WINDOWS\SYSTEM32\dhcpcsvc.DLL
0x00007ffe627f0000 - 0x00007ffe628e9000 	C:\WINDOWS\SYSTEM32\DNSAPI.dll
0x00007ffe5bd00000 - 0x00007ffe5bd08000 	C:\WINDOWS\system32\wshunix.dll

dbghelp: loaded successfully - version: 4.0.5 - missing functions: none
symbol engine: initialized successfully - sym options: 0x614 - pdb path: .;C:\Program Files\Android\Android Studio\jbr\bin;C:\WINDOWS\SYSTEM32;C:\WINDOWS\WinSxS\amd64_microsoft.windows.common-controls_6595b64144ccf1df_6.0.22621.3235_none_270f74e173860f98;C:\Program Files\Android\Android Studio\jbr\bin\server;C:\Users\23480\.gradle\native\68d5fa5c4cc2d200863cafc0d521ce42e7d3e7ee720ec0a83991735586a16f82\windows-amd64;C:\Users\23480\.gradle\native\e376f236ea51e6404a007f0833ffe2c6e607c4080706a723a18a27aeea778392\windows-amd64

VM Arguments:
jvm_args: --add-opens=java.base/java.util=ALL-UNNAMED --add-opens=java.base/java.lang=ALL-UNNAMED --add-opens=java.base/java.lang.invoke=ALL-UNNAMED --add-opens=java.prefs/java.util.prefs=ALL-UNNAMED --add-opens=java.base/java.nio.charset=ALL-UNNAMED --add-opens=java.base/java.net=ALL-UNNAMED --add-opens=java.base/java.util.concurrent.atomic=ALL-UNNAMED -Xmx2048m -Dfile.encoding=UTF-8 -Duser.country=US -Duser.language=en -Duser.variant 
java_command: org.gradle.launcher.daemon.bootstrap.GradleDaemon 8.0
java_class_path (initial): C:\Users\23480\.gradle\wrapper\dists\gradle-8.0-bin\ca5e32bp14vu59qr306oxotwh\gradle-8.0\lib\gradle-launcher-8.0.jar
Launcher Type: SUN_STANDARD

[Global flags]
     intx CICompilerCount                          = 4                                         {product} {ergonomic}
     uint ConcGCThreads                            = 2                                         {product} {ergonomic}
     uint G1ConcRefinementThreads                  = 8                                         {product} {ergonomic}
   size_t G1HeapRegionSize                         = 1048576                                   {product} {ergonomic}
    uintx GCDrainStackTargetSize                   = 64                                        {product} {ergonomic}
   size_t InitialHeapSize                          = 123731968                                 {product} {ergonomic}
   size_t MarkStackSize                            = 4194304                                   {product} {ergonomic}
   size_t MaxHeapSize                              = 2147483648                                {product} {command line}
   size_t MaxNewSize                               = 1287651328                                {product} {ergonomic}
   size_t MinHeapDeltaBytes                        = 1048576                                   {product} {ergonomic}
   size_t MinHeapSize                              = 8388608                                   {product} {ergonomic}
    uintx NonNMethodCodeHeapSize                   = 5839372                                {pd product} {ergonomic}
    uintx NonProfiledCodeHeapSize                  = 122909434                              {pd product} {ergonomic}
    uintx ProfiledCodeHeapSize                     = 122909434                              {pd product} {ergonomic}
    uintx ReservedCodeCacheSize                    = 251658240                              {pd product} {ergonomic}
     bool SegmentedCodeCache                       = true                                      {product} {ergonomic}
   size_t SoftMaxHeapSize                          = 2147483648                             {manageable} {ergonomic}
     bool UseCompressedClassPointers               = true                           {product lp64_product} {ergonomic}
     bool UseCompressedOops                        = true                           {product lp64_product} {ergonomic}
     bool UseG1GC                                  = true                                      {product} {ergonomic}
     bool UseLargePagesIndividualAllocation        = false                                  {pd product} {ergonomic}

Logging:
Log output configuration:
 #0: stdout all=warning uptime,level,tags
 #1: stderr all=off uptime,level,tags

Environment Variables:
PATH=C:\WINDOWS\system32;C:\WINDOWS;C:\WINDOWS\System32\Wbem;C:\WINDOWS\System32\WindowsPowerShell\v1.0\;C:\WINDOWS\System32\OpenSSH\;C:\Program Files\nodejs\;C:\Program Files\Git\cmd;C:\Users\23480\AppData\Local\Programs\Python\Python311\Scripts\;C:\Users\23480\AppData\Local\Programs\Python\Python311\;C:\Users\23480\AppData\Local\Microsoft\WindowsApps;C:\Users\23480\AppData\Local\atom\bin;C:\Users\23480\AppData\Local\Programs\Microsoft VS Code\bin;C:\Users\23480\AppData\Local\Microsoft\WindowsApps;;C:\Program Files\JetBrains\IntelliJ IDEA Community Edition 2023.2.1\bin;;C:\Users\23480\AppData\Roaming\npm
USERNAME=23480
OS=Windows_NT
PROCESSOR_IDENTIFIER=AMD64 Family 23 Model 104 Stepping 1, AuthenticAMD
TMP=C:\Users\23480\AppData\Local\Temp
TEMP=C:\Users\23480\AppData\Local\Temp


JNI global refs:
JNI global refs: 26, weak refs: 4

JNI global refs memory usage: 843, weak refs: 841


---------------  S Y S T E M  ---------------

OS:
 Windows 11 , 64 bit Build 22621 (10.0.22621.3235)
OS uptime: 0 days 20:32 hours

CPU: total 8 (initial active 8) (8 cores per cpu, 2 threads per core) family 23 model 104 stepping 1 microcode 0x0, cx8, cmov, fxsr, ht, mmx, 3dnowpref, sse, sse2, sse3, ssse3, sse4a, sse4.1, sse4.2, popcnt, lzcnt, tsc, tscinvbit, avx, avx2, aes, clmul, bmi1, bmi2, adx, sha, fma, vzeroupper, clflush, clflushopt

Memory: 4k page, system-wide physical 7502M (282M free)
TotalPageFile size 11571M (AvailPageFile size 49M)
current process WorkingSet (physical memory assigned to process): 443M, peak: 443M
current process commit charge ("private bytes"): 480M, peak: 572M

vm_info: OpenJDK 64-Bit Server VM (17.0.6+0-b2043.56-10027231) for windows-amd64 JRE (17.0.6+0-b2043.56-10027231), built on Apr 28 2023 00:43:19 by "androidbuild" with MS VC++ 16.10 / 16.11 (VS2019)

END.
